[ 2015-12-02T22:46:56+08:00 ] 101.226.168.203 /index.php/Member/index?goto=http%3A%2F%2Fwww.tcbb88.com%2Findex.php%2Fproduct%2Fread%2Fid%2F575
INFO: [ app_init ] --START--
INFO: Run Behavior\BuildLiteBehavior [ RunTime:0.000058s ]
INFO: [ app_init ] --END-- [ RunTime:0.000699s ]
INFO: [ app_begin ] --START--
INFO: Run Behavior\ReadHtmlCacheBehavior [ RunTime:0.000594s ]
INFO: Run Behavior\CheckLangBehavior [ RunTime:0.001370s ]
INFO: [ app_begin ] --END-- [ RunTime:0.002476s ]
INFO: [ view_parse ] --START--
NOTIC: [2] explode() expects parameter 2 to be string, array given D:\wamp\www\tcbb88.com\include\Library\Think\Template.class.php 第 169 行.
NOTIC: [2] Invalid argument supplied for foreach() D:\wamp\www\tcbb88.com\include\Library\Think\Template.class.php 第 170 行.
NOTIC: [2] explode() expects parameter 2 to be string, array given D:\wamp\www\tcbb88.com\include\Library\Think\Template.class.php 第 169 行.
NOTIC: [2] Invalid argument supplied for foreach() D:\wamp\www\tcbb88.com\include\Library\Think\Template.class.php 第 170 行.
NOTIC: [8] Undefined index: limit D:\wamp\www\tcbb88.com\include\Library\Think\Template\TagLib\Weblock.class.php 第 88 行.
NOTIC: [8] Undefined index: limit D:\wamp\www\tcbb88.com\include\Library\Think\Template\TagLib\Weblock.class.php 第 88 行.
NOTIC: [8] Undefined index: limit D:\wamp\www\tcbb88.com\include\Library\Think\Template\TagLib\Weblock.class.php 第 88 行.
INFO: [ template_filter ] --START--
INFO: Run Behavior\ContentReplaceBehavior [ RunTime:0.000555s ]
INFO: [ template_filter ] --END-- [ RunTime:0.000851s ]
NOTIC: [8] Undefined variable: webtitle D:\wamp\www\tcbb88.com\Application\Runtime\Cache\Home\fec31c49e38973483127c830dec35846.php 第 4 行.
NOTIC: [8] Undefined variable: info D:\wamp\www\tcbb88.com\Application\Runtime\Cache\Home\fec31c49e38973483127c830dec35846.php 第 5 行.
NOTIC: [8] Undefined variable: info D:\wamp\www\tcbb88.com\Application\Runtime\Cache\Home\fec31c49e38973483127c830dec35846.php 第 6 行.
NOTIC: [8] Undefined index: m D:\wamp\www\tcbb88.com\include\Common\functions.php 第 885 行.
NOTIC: [8] Undefined index: m D:\wamp\www\tcbb88.com\include\Common\functions.php 第 885 行.
NOTIC: [8192] mysql_connect(): The mysql extension is deprecated and will be removed in the future: use mysqli or PDO instead D:\wamp\www\tcbb88.com\include\Library\Think\Db\Driver\Mysql.class.php 第 52 行.
SQL: SHOW COLUMNS FROM `pa_nav` [ RunTime:0.001608s ]
SQL: SELECT * FROM `pa_nav` WHERE ( lang='zh-cn'  AND type='top' AND parent_id=0 ) ORDER BY sort DESC  [ RunTime:0.000392s ]
SQL: SELECT * FROM `pa_nav` WHERE ( parent_id=33 ) ORDER BY sort DESC  [ RunTime:0.000378s ]
SQL: SELECT * FROM `pa_nav` WHERE ( lang='zh-cn'  AND type='middle' AND parent_id=0 ) ORDER BY sort DESC  [ RunTime:0.000353s ]
SQL: SELECT * FROM `pa_nav` WHERE ( parent_id=1 ) ORDER BY sort DESC  [ RunTime:0.000343s ]
SQL: SELECT * FROM `pa_nav` WHERE ( parent_id=7 ) ORDER BY sort DESC  [ RunTime:0.000341s ]
SQL: SELECT * FROM `pa_nav` WHERE ( parent_id=16 ) ORDER BY sort DESC  [ RunTime:0.000344s ]
SQL: SELECT * FROM `pa_nav` WHERE ( parent_id=22 ) ORDER BY sort DESC  [ RunTime:0.000307s ]
SQL: SELECT * FROM `pa_nav` WHERE ( parent_id=29 ) ORDER BY sort DESC  [ RunTime:0.000344s ]
NOTIC: [8] Undefined index: m D:\wamp\www\tcbb88.com\include\Common\functions.php 第 885 行.
SQL: SELECT * FROM `pa_nav` WHERE ( lang='zh-cn'  AND type='bottom' AND parent_id=0 ) ORDER BY sort DESC  [ RunTime:0.000331s ]
SQL: SELECT * FROM `pa_nav` WHERE ( parent_id=39 ) ORDER BY sort DESC  [ RunTime:0.000275s ]
SQL: SELECT * FROM `pa_nav` WHERE ( parent_id=40 ) ORDER BY sort DESC  [ RunTime:0.000300s ]
SQL: SELECT * FROM `pa_nav` WHERE ( parent_id=41 ) ORDER BY sort DESC  [ RunTime:0.000286s ]
SQL: SELECT * FROM `pa_nav` WHERE ( parent_id=42 ) ORDER BY sort DESC  [ RunTime:0.000294s ]
SQL: SELECT * FROM `pa_nav` WHERE ( parent_id=43 ) ORDER BY sort DESC  [ RunTime:0.000290s ]
INFO: Run Behavior\ParseTemplateBehavior [ RunTime:0.070693s ]
INFO: [ view_parse ] --END-- [ RunTime:0.071012s ]
INFO: [ view_filter ] --START--
INFO: Run Behavior\WriteHtmlCacheBehavior [ RunTime:0.000467s ]
INFO: [ view_filter ] --END-- [ RunTime:0.000742s ]
INFO: [ app_end ] --START--
INFO: Run Behavior\ShowPageTraceBehavior [ RunTime:0.000657s ]
INFO: [ app_end ] --END-- [ RunTime:0.000942s ]

[ 2015-12-02T22:47:11+08:00 ] 101.226.169.226 /index.php/product/read/id/582
INFO: [ app_init ] --START--
INFO: Run Behavior\BuildLiteBehavior [ RunTime:0.000058s ]
INFO: [ app_init ] --END-- [ RunTime:0.000716s ]
INFO: [ app_begin ] --START--
INFO: Run Behavior\ReadHtmlCacheBehavior [ RunTime:0.000712s ]
INFO: Run Behavior\CheckLangBehavior [ RunTime:0.001459s ]
INFO: [ app_begin ] --END-- [ RunTime:0.002690s ]
NOTIC: [8192] mysql_connect(): The mysql extension is deprecated and will be removed in the future: use mysqli or PDO instead D:\wamp\www\tcbb88.com\include\Library\Think\Db\Driver\Mysql.class.php 第 52 行.
SQL: SHOW COLUMNS FROM `pa_product` [ RunTime:0.001749s ]
SQL: SELECT * FROM `pa_product` WHERE ( `id` = 582 ) LIMIT 1   [ RunTime:0.000375s ]
SQL: SHOW COLUMNS FROM `pa_category` [ RunTime:0.001299s ]
SQL: SELECT `name` FROM `pa_category` WHERE ( `cid` = 13 ) LIMIT 1   [ RunTime:0.000285s ]
SQL: SHOW COLUMNS FROM `pa_images` [ RunTime:0.001470s ]
SQL: SELECT `savepath` FROM `pa_images` WHERE ( `id` IN ('1125') )  [ RunTime:0.000291s ]
SQL: UPDATE `pa_product` SET `click`=click+1 WHERE ( `id` = 582 ) [ RunTime:0.000277s ]
INFO: [ view_parse ] --START--
NOTIC: [2] explode() expects parameter 2 to be string, array given D:\wamp\www\tcbb88.com\include\Library\Think\Template.class.php 第 169 行.
NOTIC: [2] Invalid argument supplied for foreach() D:\wamp\www\tcbb88.com\include\Library\Think\Template.class.php 第 170 行.
NOTIC: [2] explode() expects parameter 2 to be string, array given D:\wamp\www\tcbb88.com\include\Library\Think\Template.class.php 第 169 行.
NOTIC: [2] Invalid argument supplied for foreach() D:\wamp\www\tcbb88.com\include\Library\Think\Template.class.php 第 170 行.
NOTIC: [2] explode() expects parameter 2 to be string, array given D:\wamp\www\tcbb88.com\include\Library\Think\Template.class.php 第 169 行.
NOTIC: [2] Invalid argument supplied for foreach() D:\wamp\www\tcbb88.com\include\Library\Think\Template.class.php 第 170 行.
NOTIC: [8] Undefined index: where D:\wamp\www\tcbb88.com\include\Library\Think\Template\TagLib\Weblock.class.php 第 37 行.
NOTIC: [8] Undefined index: where D:\wamp\www\tcbb88.com\include\Library\Think\Template\TagLib\Weblock.class.php 第 63 行.
NOTIC: [8] Undefined index: limit D:\wamp\www\tcbb88.com\include\Library\Think\Template\TagLib\Weblock.class.php 第 88 行.
NOTIC: [8] Undefined index: limit D:\wamp\www\tcbb88.com\include\Library\Think\Template\TagLib\Weblock.class.php 第 88 行.
NOTIC: [8] Undefined index: limit D:\wamp\www\tcbb88.com\include\Library\Think\Template\TagLib\Weblock.class.php 第 88 行.
INFO: [ template_filter ] --START--
INFO: Run Behavior\ContentReplaceBehavior [ RunTime:0.000639s ]
INFO: [ template_filter ] --END-- [ RunTime:0.000944s ]
NOTIC: [8] Undefined index: m D:\wamp\www\tcbb88.com\include\Common\functions.php 第 885 行.
NOTIC: [8] Undefined index: m D:\wamp\www\tcbb88.com\include\Common\functions.php 第 885 行.
SQL: SHOW COLUMNS FROM `pa_nav` [ RunTime:0.001438s ]
SQL: SELECT * FROM `pa_nav` WHERE ( lang='zh-cn'  AND type='top' AND parent_id=0 ) ORDER BY sort DESC  [ RunTime:0.000385s ]
SQL: SELECT * FROM `pa_nav` WHERE ( parent_id=33 ) ORDER BY sort DESC  [ RunTime:0.000325s ]
SQL: SELECT * FROM `pa_nav` WHERE ( lang='zh-cn'  AND type='middle' AND parent_id=0 ) ORDER BY sort DESC  [ RunTime:0.000358s ]
SQL: SELECT * FROM `pa_nav` WHERE ( parent_id=1 ) ORDER BY sort DESC  [ RunTime:0.000373s ]
SQL: SELECT * FROM `pa_nav` WHERE ( parent_id=7 ) ORDER BY sort DESC  [ RunTime:0.000335s ]
SQL: SELECT * FROM `pa_nav` WHERE ( parent_id=16 ) ORDER BY sort DESC  [ RunTime:0.000315s ]
SQL: SELECT * FROM `pa_nav` WHERE ( parent_id=22 ) ORDER BY sort DESC  [ RunTime:0.000322s ]
SQL: SELECT * FROM `pa_nav` WHERE ( parent_id=29 ) ORDER BY sort DESC  [ RunTime:0.000316s ]
NOTIC: [8] Undefined index: m D:\wamp\www\tcbb88.com\include\Common\functions.php 第 885 行.
SQL: SHOW COLUMNS FROM `pa_news` [ RunTime:0.001471s ]
SQL: SELECT `id`,`cid`,`title`,`update_time`,`image_id`,`status`,`published`,`summary` FROM `pa_news` WHERE ( cid=2 AND status=1 AND lang='zh-cn' ) ORDER BY id DESC LIMIT 5   [ RunTime:0.000487s ]
NOTIC: [8] Undefined index: m D:\wamp\www\tcbb88.com\include\Common\functions.php 第 885 行.
NOTIC: [8] Undefined offset: 19 D:\wamp\www\tcbb88.com\Application\Common\Common\function.php 第 247 行.
NOTIC: [8] Undefined offset: 20 D:\wamp\www\tcbb88.com\Application\Common\Common\function.php 第 247 行.
NOTIC: [8] Undefined offset: 21 D:\wamp\www\tcbb88.com\Application\Common\Common\function.php 第 247 行.
NOTIC: [8] Undefined offset: 22 D:\wamp\www\tcbb88.com\Application\Common\Common\function.php 第 247 行.
NOTIC: [8] Undefined offset: 23 D:\wamp\www\tcbb88.com\Application\Common\Common\function.php 第 247 行.
NOTIC: [8] Undefined offset: 24 D:\wamp\www\tcbb88.com\Application\Common\Common\function.php 第 247 行.
NOTIC: [8] Undefined offset: 25 D:\wamp\www\tcbb88.com\Application\Common\Common\function.php 第 247 行.
NOTIC: [8] Undefined offset: 26 D:\wamp\www\tcbb88.com\Application\Common\Common\function.php 第 247 行.
NOTIC: [8] Undefined offset: 27 D:\wamp\www\tcbb88.com\Application\Common\Common\function.php 第 247 行.
NOTIC: [8] Undefined offset: 28 D:\wamp\www\tcbb88.com\Application\Common\Common\function.php 第 247 行.
NOTIC: [8] Undefined offset: 29 D:\wamp\www\tcbb88.com\Application\Common\Common\function.php 第 247 行.
NOTIC: [8] Undefined index: m D:\wamp\www\tcbb88.com\include\Common\functions.php 第 885 行.
NOTIC: [8] Undefined offset: 12 D:\wamp\www\tcbb88.com\Application\Common\Common\function.php 第 247 行.
NOTIC: [8] Undefined offset: 13 D:\wamp\www\tcbb88.com\Application\Common\Common\function.php 第 247 行.
NOTIC: [8] Undefined offset: 14 D:\wamp\www\tcbb88.com\Application\Common\Common\function.php 第 247 行.
NOTIC: [8] Undefined offset: 15 D:\wamp\www\tcbb88.com\Application\Common\Common\function.php 第 247 行.
NOTIC: [8] Undefined offset: 16 D:\wamp\www\tcbb88.com\Application\Common\Common\function.php 第 247 行.
NOTIC: [8] Undefined offset: 17 D:\wamp\www\tcbb88.com\Application\Common\Common\function.php 第 247 行.
NOTIC: [8] Undefined offset: 18 D:\wamp\www\tcbb88.com\Application\Common\Common\function.php 第 247 行.
NOTIC: [8] Undefined offset: 19 D:\wamp\www\tcbb88.com\Application\Common\Common\function.php 第 247 行.
NOTIC: [8] Undefined offset: 20 D:\wamp\www\tcbb88.com\Application\Common\Common\function.php 第 247 行.
NOTIC: [8] Undefined offset: 21 D:\wamp\www\tcbb88.com\Application\Common\Common\function.php 第 247 行.
NOTIC: [8] Undefined offset: 22 D:\wamp\www\tcbb88.com\Application\Common\Common\function.php 第 247 行.
NOTIC: [8] Undefined offset: 23 D:\wamp\www\tcbb88.com\Application\Common\Common\function.php 第 247 行.
NOTIC: [8] Undefined offset: 24 D:\wamp\www\tcbb88.com\Application\Common\Common\function.php 第 247 行.
NOTIC: [8] Undefined offset: 25 D:\wamp\www\tcbb88.com\Application\Common\Common\function.php 第 247 行.
NOTIC: [8] Undefined offset: 26 D:\wamp\www\tcbb88.com\Application\Common\Common\function.php 第 247 行.
NOTIC: [8] Undefined offset: 27 D:\wamp\www\tcbb88.com\Application\Common\Common\function.php 第 247 行.
NOTIC: [8] Undefined offset: 28 D:\wamp\www\tcbb88.com\Application\Common\Common\function.php 第 247 行.
NOTIC: [8] Undefined offset: 29 D:\wamp\www\tcbb88.com\Application\Common\Common\function.php 第 247 行.
NOTIC: [8] Undefined index: m D:\wamp\www\tcbb88.com\include\Common\functions.php 第 885 行.
NOTIC: [8] Undefined offset: 13 D:\wamp\www\tcbb88.com\Application\Common\Common\function.php 第 247 行.
NOTIC: [8] Undefined offset: 14 D:\wamp\www\tcbb88.com\Application\Common\Common\function.php 第 247 行.
NOTIC: [8] Undefined offset: 15 D:\wamp\www\tcbb88.com\Application\Common\Common\function.php 第 247 行.
NOTIC: [8] Undefined offset: 16 D:\wamp\www\tcbb88.com\Application\Common\Common\function.php 第 247 行.
NOTIC: [8] Undefined offset: 17 D:\wamp\www\tcbb88.com\Application\Common\Common\function.php 第 247 行.
NOTIC: [8] Undefined offset: 18 D:\wamp\www\tcbb88.com\Application\Common\Common\function.php 第 247 行.
NOTIC: [8] Undefined offset: 19 D:\wamp\www\tcbb88.com\Application\Common\Common\function.php 第 247 行.
NOTIC: [8] Undefined offset: 20 D:\wamp\www\tcbb88.com\Application\Common\Common\function.php 第 247 行.
NOTIC: [8] Undefined offset: 21 D:\wamp\www\tcbb88.com\Application\Common\Common\function.php 第 247 行.
NOTIC: [8] Undefined offset: 22 D:\wamp\www\tcbb88.com\Application\Common\Common\function.php 第 247 行.
NOTIC: [8] Undefined offset: 23 D:\wamp\www\tcbb88.com\Application\Common\Common\function.php 第 247 行.
NOTIC: [8] Undefined offset: 24 D:\wamp\www\tcbb88.com\Application\Common\Common\function.php 第 247 行.
NOTIC: [8] Undefined offset: 25 D:\wamp\www\tcbb88.com\Application\Common\Common\function.php 第 247 行.
NOTIC: [8] Undefined offset: 26 D:\wamp\www\tcbb88.com\Application\Common\Common\function.php 第 247 行.
NOTIC: [8] Undefined offset: 27 D:\wamp\www\tcbb88.com\Application\Common\Common\function.php 第 247 行.
NOTIC: [8] Undefined offset: 28 D:\wamp\www\tcbb88.com\Application\Common\Common\function.php 第 247 行.
NOTIC: [8] Undefined offset: 29 D:\wamp\www\tcbb88.com\Application\Common\Common\function.php 第 247 行.
NOTIC: [8] Undefined index: m D:\wamp\www\tcbb88.com\include\Common\functions.php 第 885 行.
NOTIC: [8] Undefined offset: 14 D:\wamp\www\tcbb88.com\Application\Common\Common\function.php 第 247 行.
NOTIC: [8] Undefined offset: 15 D:\wamp\www\tcbb88.com\Application\Common\Common\function.php 第 247 行.
NOTIC: [8] Undefined offset: 16 D:\wamp\www\tcbb88.com\Application\Common\Common\function.php 第 247 行.
NOTIC: [8] Undefined offset: 17 D:\wamp\www\tcbb88.com\Application\Common\Common\function.php 第 247 行.
NOTIC: [8] Undefined offset: 18 D:\wamp\www\tcbb88.com\Application\Common\Common\function.php 第 247 行.
NOTIC: [8] Undefined offset: 19 D:\wamp\www\tcbb88.com\Application\Common\Common\function.php 第 247 行.
NOTIC: [8] Undefined offset: 20 D:\wamp\www\tcbb88.com\Application\Common\Common\function.php 第 247 行.
NOTIC: [8] Undefined offset: 21 D:\wamp\www\tcbb88.com\Application\Common\Common\function.php 第 247 行.
NOTIC: [8] Undefined offset: 22 D:\wamp\www\tcbb88.com\Application\Common\Common\function.php 第 247 行.
NOTIC: [8] Undefined offset: 23 D:\wamp\www\tcbb88.com\Application\Common\Common\function.php 第 247 行.
NOTIC: [8] Undefined offset: 24 D:\wamp\www\tcbb88.com\Application\Common\Common\function.php 第 247 行.
NOTIC: [8] Undefined offset: 25 D:\wamp\www\tcbb88.com\Application\Common\Common\function.php 第 247 行.
NOTIC: [8] Undefined offset: 26 D:\wamp\www\tcbb88.com\Application\Common\Common\function.php 第 247 行.
NOTIC: [8] Undefined offset: 27 D:\wamp\www\tcbb88.com\Application\Common\Common\function.php 第 247 行.
NOTIC: [8] Undefined offset: 28 D:\wamp\www\tcbb88.com\Application\Common\Common\function.php 第 247 行.
NOTIC: [8] Undefined offset: 29 D:\wamp\www\tcbb88.com\Application\Common\Common\function.php 第 247 行.
NOTIC: [8] Undefined index: m D:\wamp\www\tcbb88.com\include\Common\functions.php 第 885 行.
NOTIC: [8] Undefined offset: 9 D:\wamp\www\tcbb88.com\Application\Common\Common\function.php 第 247 行.
NOTIC: [8] Undefined offset: 10 D:\wamp\www\tcbb88.com\Application\Common\Common\function.php 第 247 行.
NOTIC: [8] Undefined offset: 11 D:\wamp\www\tcbb88.com\Application\Common\Common\function.php 第 247 行.
NOTIC: [8] Undefined offset: 12 D:\wamp\www\tcbb88.com\Application\Common\Common\function.php 第 247 行.
NOTIC: [8] Undefined offset: 13 D:\wamp\www\tcbb88.com\Application\Common\Common\function.php 第 247 行.
NOTIC: [8] Undefined offset: 14 D:\wamp\www\tcbb88.com\Application\Common\Common\function.php 第 247 行.
NOTIC: [8] Undefined offset: 15 D:\wamp\www\tcbb88.com\Application\Common\Common\function.php 第 247 行.
NOTIC: [8] Undefined offset: 16 D:\wamp\www\tcbb88.com\Application\Common\Common\function.php 第 247 行.
NOTIC: [8] Undefined offset: 17 D:\wamp\www\tcbb88.com\Application\Common\Common\function.php 第 247 行.
NOTIC: [8] Undefined offset: 18 D:\wamp\www\tcbb88.com\Application\Common\Common\function.php 第 247 行.
NOTIC: [8] Undefined offset: 19 D:\wamp\www\tcbb88.com\Application\Common\Common\function.php 第 247 行.
NOTIC: [8] Undefined offset: 20 D:\wamp\www\tcbb88.com\Application\Common\Common\function.php 第 247 行.
NOTIC: [8] Undefined offset: 21 D:\wamp\www\tcbb88.com\Application\Common\Common\function.php 第 247 行.
NOTIC: [8] Undefined offset: 22 D:\wamp\www\tcbb88.com\Application\Common\Common\function.php 第 247 行.
NOTIC: [8] Undefined offset: 23 D:\wamp\www\tcbb88.com\Application\Common\Common\function.php 第 247 行.
NOTIC: [8] Undefined offset: 24 D:\wamp\www\tcbb88.com\Application\Common\Common\function.php 第 247 行.
NOTIC: [8] Undefined offset: 25 D:\wamp\www\tcbb88.com\Application\Common\Common\function.php 第 247 行.
NOTIC: [8] Undefined offset: 26 D:\wamp\www\tcbb88.com\Application\Common\Common\function.php 第 247 行.
NOTIC: [8] Undefined offset: 27 D:\wamp\www\tcbb88.com\Application\Common\Common\function.php 第 247 行.
NOTIC: [8] Undefined offset: 28 D:\wamp\www\tcbb88.com\Application\Common\Common\function.php 第 247 行.
NOTIC: [8] Undefined offset: 29 D:\wamp\www\tcbb88.com\Application\Common\Common\function.php 第 247 行.
SQL: SELECT `id`,`cid`,`title`,`update_time`,`image_id`,`status`,`published`,`summary` FROM `pa_news` WHERE ( status=1 AND lang='zh-cn' ) ORDER BY id DESC LIMIT 5   [ RunTime:0.000326s ]
NOTIC: [8] Undefined index: m D:\wamp\www\tcbb88.com\include\Common\functions.php 第 885 行.
NOTIC: [8] Undefined offset: 8 D:\wamp\www\tcbb88.com\Application\Common\Common\function.php 第 247 行.
NOTIC: [8] Undefined offset: 9 D:\wamp\www\tcbb88.com\Application\Common\Common\function.php 第 247 行.
NOTIC: [8] Undefined offset: 10 D:\wamp\www\tcbb88.com\Application\Common\Common\function.php 第 247 行.
NOTIC: [8] Undefined offset: 11 D:\wamp\www\tcbb88.com\Application\Common\Common\function.php 第 247 行.
NOTIC: [8] Undefined offset: 12 D:\wamp\www\tcbb88.com\Application\Common\Common\function.php 第 247 行.
NOTIC: [8] Undefined offset: 13 D:\wamp\www\tcbb88.com\Application\Common\Common\function.php 第 247 行.
NOTIC: [8] Undefined offset: 14 D:\wamp\www\tcbb88.com\Application\Common\Common\function.php 第 247 行.
NOTIC: [8] Undefined offset: 15 D:\wamp\www\tcbb88.com\Application\Common\Common\function.php 第 247 行.
NOTIC: [8] Undefined offset: 16 D:\wamp\www\tcbb88.com\Application\Common\Common\function.php 第 247 行.
NOTIC: [8] Undefined offset: 17 D:\wamp\www\tcbb88.com\Application\Common\Common\function.php 第 247 行.
NOTIC: [8] Undefined offset: 18 D:\wamp\www\tcbb88.com\Application\Common\Common\function.php 第 247 行.
NOTIC: [8] Undefined offset: 19 D:\wamp\www\tcbb88.com\Application\Common\Common\function.php 第 247 行.
NOTIC: [8] Undefined offset: 20 D:\wamp\www\tcbb88.com\Application\Common\Common\function.php 第 247 行.
NOTIC: [8] Undefined offset: 21 D:\wamp\www\tcbb88.com\Application\Common\Common\function.php 第 247 行.
NOTIC: [8] Undefined offset: 22 D:\wamp\www\tcbb88.com\Application\Common\Common\function.php 第 247 行.
NOTIC: [8] Undefined offset: 23 D:\wamp\www\tcbb88.com\Application\Common\Common\function.php 第 247 行.
NOTIC: [8] Undefined offset: 24 D:\wamp\www\tcbb88.com\Application\Common\Common\function.php 第 247 行.
NOTIC: [8] Undefined offset: 25 D:\wamp\www\tcbb88.com\Application\Common\Common\function.php 第 247 行.
NOTIC: [8] Undefined offset: 26 D:\wamp\www\tcbb88.com\Application\Common\Common\function.php 第 247 行.
NOTIC: [8] Undefined offset: 27 D:\wamp\www\tcbb88.com\Application\Common\Common\function.php 第 247 行.
NOTIC: [8] Undefined offset: 28 D:\wamp\www\tcbb88.com\Application\Common\Common\function.php 第 247 行.
NOTIC: [8] Undefined offset: 29 D:\wamp\www\tcbb88.com\Application\Common\Common\function.php 第 247 行.
NOTIC: [8] Undefined index: m D:\wamp\www\tcbb88.com\include\Common\functions.php 第 885 行.
NOTIC: [8] Undefined offset: 8 D:\wamp\www\tcbb88.com\Application\Common\Common\function.php 第 247 行.
NOTIC: [8] Undefined offset: 9 D:\wamp\www\tcbb88.com\Application\Common\Common\function.php 第 247 行.
NOTIC: [8] Undefined offset: 10 D:\wamp\www\tcbb88.com\Application\Common\Common\function.php 第 247 行.
NOTIC: [8] Undefined offset: 11 D:\wamp\www\tcbb88.com\Application\Common\Common\function.php 第 247 行.
NOTIC: [8] Undefined offset: 12 D:\wamp\www\tcbb88.com\Application\Common\Common\function.php 第 247 行.
NOTIC: [8] Undefined offset: 13 D:\wamp\www\tcbb88.com\Application\Common\Common\function.php 第 247 行.
NOTIC: [8] Undefined offset: 14 D:\wamp\www\tcbb88.com\Application\Common\Common\function.php 第 247 行.
NOTIC: [8] Undefined offset: 15 D:\wamp\www\tcbb88.com\Application\Common\Common\function.php 第 247 行.
NOTIC: [8] Undefined offset: 16 D:\wamp\www\tcbb88.com\Application\Common\Common\function.php 第 247 行.
NOTIC: [8] Undefined offset: 17 D:\wamp\www\tcbb88.com\Application\Common\Common\function.php 第 247 行.
NOTIC: [8] Undefined offset: 18 D:\wamp\www\tcbb88.com\Application\Common\Common\function.php 第 247 行.
NOTIC: [8] Undefined offset: 19 D:\wamp\www\tcbb88.com\Application\Common\Common\function.php 第 247 行.
NOTIC: [8] Undefined offset: 20 D:\wamp\www\tcbb88.com\Application\Common\Common\function.php 第 247 行.
NOTIC: [8] Undefined offset: 21 D:\wamp\www\tcbb88.com\Application\Common\Common\function.php 第 247 行.
NOTIC: [8] Undefined offset: 22 D:\wamp\www\tcbb88.com\Application\Common\Common\function.php 第 247 行.
NOTIC: [8] Undefined offset: 23 D:\wamp\www\tcbb88.com\Application\Common\Common\function.php 第 247 行.
NOTIC: [8] Undefined offset: 24 D:\wamp\www\tcbb88.com\Application\Common\Common\function.php 第 247 行.
NOTIC: [8] Undefined offset: 25 D:\wamp\www\tcbb88.com\Application\Common\Common\function.php 第 247 行.
NOTIC: [8] Undefined offset: 26 D:\wamp\www\tcbb88.com\Application\Common\Common\function.php 第 247 行.
NOTIC: [8] Undefined offset: 27 D:\wamp\www\tcbb88.com\Application\Common\Common\function.php 第 247 行.
NOTIC: [8] Undefined offset: 28 D:\wamp\www\tcbb88.com\Application\Common\Common\function.php 第 247 行.
NOTIC: [8] Undefined offset: 29 D:\wamp\www\tcbb88.com\Application\Common\Common\function.php 第 247 行.
NOTIC: [8] Undefined index: m D:\wamp\www\tcbb88.com\include\Common\functions.php 第 885 行.
NOTIC: [8] Undefined offset: 8 D:\wamp\www\tcbb88.com\Application\Common\Common\function.php 第 247 行.
NOTIC: [8] Undefined offset: 9 D:\wamp\www\tcbb88.com\Application\Common\Common\function.php 第 247 行.
NOTIC: [8] Undefined offset: 10 D:\wamp\www\tcbb88.com\Application\Common\Common\function.php 第 247 行.
NOTIC: [8] Undefined offset: 11 D:\wamp\www\tcbb88.com\Application\Common\Common\function.php 第 247 行.
NOTIC: [8] Undefined offset: 12 D:\wamp\www\tcbb88.com\Application\Common\Common\function.php 第 247 行.
NOTIC: [8] Undefined offset: 13 D:\wamp\www\tcbb88.com\Application\Common\Common\function.php 第 247 行.
NOTIC: [8] Undefined offset: 14 D:\wamp\www\tcbb88.com\Application\Common\Common\function.php 第 247 行.
NOTIC: [8] Undefined offset: 15 D:\wamp\www\tcbb88.com\Application\Common\Common\function.php 第 247 行.
NOTIC: [8] Undefined offset: 16 D:\wamp\www\tcbb88.com\Application\Common\Common\function.php 第 247 行.
NOTIC: [8] Undefined offset: 17 D:\wamp\www\tcbb88.com\Application\Common\Common\function.php 第 247 行.
NOTIC: [8] Undefined offset: 18 D:\wamp\www\tcbb88.com\Application\Common\Common\function.php 第 247 行.
NOTIC: [8] Undefined offset: 19 D:\wamp\www\tcbb88.com\Application\Common\Common\function.php 第 247 行.
NOTIC: [8] Undefined offset: 20 D:\wamp\www\tcbb88.com\Application\Common\Common\function.php 第 247 行.
NOTIC: [8] Undefined offset: 21 D:\wamp\www\tcbb88.com\Application\Common\Common\function.php 第 247 行.
NOTIC: [8] Undefined offset: 22 D:\wamp\www\tcbb88.com\Application\Common\Common\function.php 第 247 行.
NOTIC: [8] Undefined offset: 23 D:\wamp\www\tcbb88.com\Application\Common\Common\function.php 第 247 行.
NOTIC: [8] Undefined offset: 24 D:\wamp\www\tcbb88.com\Application\Common\Common\function.php 第 247 行.
NOTIC: [8] Undefined offset: 25 D:\wamp\www\tcbb88.com\Application\Common\Common\function.php 第 247 行.
NOTIC: [8] Undefined offset: 26 D:\wamp\www\tcbb88.com\Application\Common\Common\function.php 第 247 行.
NOTIC: [8] Undefined offset: 27 D:\wamp\www\tcbb88.com\Application\Common\Common\function.php 第 247 行.
NOTIC: [8] Undefined offset: 28 D:\wamp\www\tcbb88.com\Application\Common\Common\function.php 第 247 行.
NOTIC: [8] Undefined offset: 29 D:\wamp\www\tcbb88.com\Application\Common\Common\function.php 第 247 行.
NOTIC: [8] Undefined index: m D:\wamp\www\tcbb88.com\include\Common\functions.php 第 885 行.
NOTIC: [8] Undefined offset: 8 D:\wamp\www\tcbb88.com\Application\Common\Common\function.php 第 247 行.
NOTIC: [8] Undefined offset: 9 D:\wamp\www\tcbb88.com\Application\Common\Common\function.php 第 247 行.
NOTIC: [8] Undefined offset: 10 D:\wamp\www\tcbb88.com\Application\Common\Common\function.php 第 247 行.
NOTIC: [8] Undefined offset: 11 D:\wamp\www\tcbb88.com\Application\Common\Common\function.php 第 247 行.
NOTIC: [8] Undefined offset: 12 D:\wamp\www\tcbb88.com\Application\Common\Common\function.php 第 247 行.
NOTIC: [8] Undefined offset: 13 D:\wamp\www\tcbb88.com\Application\Common\Common\function.php 第 247 行.
NOTIC: [8] Undefined offset: 14 D:\wamp\www\tcbb88.com\Application\Common\Common\function.php 第 247 行.
NOTIC: [8] Undefined offset: 15 D:\wamp\www\tcbb88.com\Application\Common\Common\function.php 第 247 行.
NOTIC: [8] Undefined offset: 16 D:\wamp\www\tcbb88.com\Application\Common\Common\function.php 第 247 行.
NOTIC: [8] Undefined offset: 17 D:\wamp\www\tcbb88.com\Application\Common\Common\function.php 第 247 行.
NOTIC: [8] Undefined offset: 18 D:\wamp\www\tcbb88.com\Application\Common\Common\function.php 第 247 行.
NOTIC: [8] Undefined offset: 19 D:\wamp\www\tcbb88.com\Application\Common\Common\function.php 第 247 行.
NOTIC: [8] Undefined offset: 20 D:\wamp\www\tcbb88.com\Application\Common\Common\function.php 第 247 行.
NOTIC: [8] Undefined offset: 21 D:\wamp\www\tcbb88.com\Application\Common\Common\function.php 第 247 行.
NOTIC: [8] Undefined offset: 22 D:\wamp\www\tcbb88.com\Application\Common\Common\function.php 第 247 行.
NOTIC: [8] Undefined offset: 23 D:\wamp\www\tcbb88.com\Application\Common\Common\function.php 第 247 行.
NOTIC: [8] Undefined offset: 24 D:\wamp\www\tcbb88.com\Application\Common\Common\function.php 第 247 行.
NOTIC: [8] Undefined offset: 25 D:\wamp\www\tcbb88.com\Application\Common\Common\function.php 第 247 行.
NOTIC: [8] Undefined offset: 26 D:\wamp\www\tcbb88.com\Application\Common\Common\function.php 第 247 行.
NOTIC: [8] Undefined offset: 27 D:\wamp\www\tcbb88.com\Application\Common\Common\function.php 第 247 行.
NOTIC: [8] Undefined offset: 28 D:\wamp\www\tcbb88.com\Application\Common\Common\function.php 第 247 行.
NOTIC: [8] Undefined offset: 29 D:\wamp\www\tcbb88.com\Application\Common\Common\function.php 第 247 行.
NOTIC: [8] Undefined index: m D:\wamp\www\tcbb88.com\include\Common\functions.php 第 885 行.
NOTIC: [8] Undefined offset: 6 D:\wamp\www\tcbb88.com\Application\Common\Common\function.php 第 247 行.
NOTIC: [8] Undefined offset: 7 D:\wamp\www\tcbb88.com\Application\Common\Common\function.php 第 247 行.
NOTIC: [8] Undefined offset: 8 D:\wamp\www\tcbb88.com\Application\Common\Common\function.php 第 247 行.
NOTIC: [8] Undefined offset: 9 D:\wamp\www\tcbb88.com\Application\Common\Common\function.php 第 247 行.
NOTIC: [8] Undefined offset: 10 D:\wamp\www\tcbb88.com\Application\Common\Common\function.php 第 247 行.
NOTIC: [8] Undefined offset: 11 D:\wamp\www\tcbb88.com\Application\Common\Common\function.php 第 247 行.
NOTIC: [8] Undefined offset: 12 D:\wamp\www\tcbb88.com\Application\Common\Common\function.php 第 247 行.
NOTIC: [8] Undefined offset: 13 D:\wamp\www\tcbb88.com\Application\Common\Common\function.php 第 247 行.
NOTIC: [8] Undefined offset: 14 D:\wamp\www\tcbb88.com\Application\Common\Common\function.php 第 247 行.
NOTIC: [8] Undefined offset: 15 D:\wamp\www\tcbb88.com\Application\Common\Common\function.php 第 247 行.
NOTIC: [8] Undefined offset: 16 D:\wamp\www\tcbb88.com\Application\Common\Common\function.php 第 247 行.
NOTIC: [8] Undefined offset: 17 D:\wamp\www\tcbb88.com\Application\Common\Common\function.php 第 247 行.
NOTIC: [8] Undefined offset: 18 D:\wamp\www\tcbb88.com\Application\Common\Common\function.php 第 247 行.
NOTIC: [8] Undefined offset: 19 D:\wamp\www\tcbb88.com\Application\Common\Common\function.php 第 247 行.
NOTIC: [8] Undefined offset: 20 D:\wamp\www\tcbb88.com\Application\Common\Common\function.php 第 247 行.
NOTIC: [8] Undefined offset: 21 D:\wamp\www\tcbb88.com\Application\Common\Common\function.php 第 247 行.
NOTIC: [8] Undefined offset: 22 D:\wamp\www\tcbb88.com\Application\Common\Common\function.php 第 247 行.
NOTIC: [8] Undefined offset: 23 D:\wamp\www\tcbb88.com\Application\Common\Common\function.php 第 247 行.
NOTIC: [8] Undefined offset: 24 D:\wamp\www\tcbb88.com\Application\Common\Common\function.php 第 247 行.
NOTIC: [8] Undefined offset: 25 D:\wamp\www\tcbb88.com\Application\Common\Common\function.php 第 247 行.
NOTIC: [8] Undefined offset: 26 D:\wamp\www\tcbb88.com\Application\Common\Common\function.php 第 247 行.
NOTIC: [8] Undefined offset: 27 D:\wamp\www\tcbb88.com\Application\Common\Common\function.php 第 247 行.
NOTIC: [8] Undefined offset: 28 D:\wamp\www\tcbb88.com\Application\Common\Common\function.php 第 247 行.
NOTIC: [8] Undefined offset: 29 D:\wamp\www\tcbb88.com\Application\Common\Common\function.php 第 247 行.
SQL: SELECT `id`,`cid`,`title`,`update_time`,`status`,`published`,`image_id`,`psize`,`summary` FROM `pa_product` WHERE ( status=1 AND lang='zh-cn' ) ORDER BY id DESC LIMIT 5   [ RunTime:0.000413s ]
SQL: SELECT * FROM `pa_nav` WHERE ( lang='zh-cn'  AND type='bottom' AND parent_id=0 ) ORDER BY sort DESC  [ RunTime:0.000355s ]
SQL: SELECT * FROM `pa_nav` WHERE ( parent_id=39 ) ORDER BY sort DESC  [ RunTime:0.000281s ]
SQL: SELECT * FROM `pa_nav` WHERE ( parent_id=40 ) ORDER BY sort DESC  [ RunTime:0.000278s ]
SQL: SELECT * FROM `pa_nav` WHERE ( parent_id=41 ) ORDER BY sort DESC  [ RunTime:0.000271s ]
SQL: SELECT * FROM `pa_nav` WHERE ( parent_id=42 ) ORDER BY sort DESC  [ RunTime:0.000273s ]
SQL: SELECT * FROM `pa_nav` WHERE ( parent_id=43 ) ORDER BY sort DESC  [ RunTime:0.000268s ]
NOTIC: [8] Undefined index: m D:\wamp\www\tcbb88.com\include\Common\functions.php 第 885 行.
NOTIC: [8] Undefined index: m D:\wamp\www\tcbb88.com\include\Common\functions.php 第 885 行.
NOTIC: [8] Undefined index: m D:\wamp\www\tcbb88.com\include\Common\functions.php 第 885 行.
INFO: Run Behavior\ParseTemplateBehavior [ RunTime:0.107348s ]
INFO: [ view_parse ] --END-- [ RunTime:0.107651s ]
INFO: [ view_filter ] --START--
INFO: Run Behavior\WriteHtmlCacheBehavior [ RunTime:0.000513s ]
INFO: [ view_filter ] --END-- [ RunTime:0.000815s ]
INFO: [ app_end ] --START--
INFO: Run Behavior\ShowPageTraceBehavior [ RunTime:0.000682s ]
INFO: [ app_end ] --END-- [ RunTime:0.000970s ]

[ 2015-12-02T22:47:48+08:00 ] 101.226.166.228 /index.php/news/read/id/83
INFO: [ app_init ] --START--
INFO: Run Behavior\BuildLiteBehavior [ RunTime:0.000058s ]
INFO: [ app_init ] --END-- [ RunTime:0.000684s ]
INFO: [ app_begin ] --START--
INFO: Run Behavior\ReadHtmlCacheBehavior [ RunTime:0.000579s ]
INFO: Run Behavior\CheckLangBehavior [ RunTime:0.001429s ]
INFO: [ app_begin ] --END-- [ RunTime:0.002541s ]
NOTIC: [8192] mysql_connect(): The mysql extension is deprecated and will be removed in the future: use mysqli or PDO instead D:\wamp\www\tcbb88.com\include\Library\Think\Db\Driver\Mysql.class.php 第 52 行.
SQL: SHOW COLUMNS FROM `pa_news` [ RunTime:0.001733s ]
SQL: SELECT * FROM `pa_news` WHERE ( `id` = 83 ) LIMIT 1   [ RunTime:0.000401s ]
SQL: SHOW COLUMNS FROM `pa_category` [ RunTime:0.001284s ]
SQL: SELECT `name` FROM `pa_category` WHERE ( `cid` = 3 ) LIMIT 1   [ RunTime:0.000446s ]
SQL: SHOW COLUMNS FROM `pa_admin` [ RunTime:0.001447s ]
SQL: SELECT `nickname` FROM `pa_admin` WHERE ( `aid` = 1 ) LIMIT 1   [ RunTime:0.000260s ]
SQL: UPDATE `pa_news` SET `click`=click+1 WHERE ( `id` = 83 ) [ RunTime:0.000320s ]
INFO: [ view_parse ] --START--
NOTIC: [2] explode() expects parameter 2 to be string, array given D:\wamp\www\tcbb88.com\include\Library\Think\Template.class.php 第 169 行.
NOTIC: [2] Invalid argument supplied for foreach() D:\wamp\www\tcbb88.com\include\Library\Think\Template.class.php 第 170 行.
NOTIC: [2] explode() expects parameter 2 to be string, array given D:\wamp\www\tcbb88.com\include\Library\Think\Template.class.php 第 169 行.
NOTIC: [2] Invalid argument supplied for foreach() D:\wamp\www\tcbb88.com\include\Library\Think\Template.class.php 第 170 行.
NOTIC: [8] Undefined index: where D:\wamp\www\tcbb88.com\include\Library\Think\Template\TagLib\Weblock.class.php 第 37 行.
NOTIC: [8] Undefined index: where D:\wamp\www\tcbb88.com\include\Library\Think\Template\TagLib\Weblock.class.php 第 63 行.
NOTIC: [8] Undefined index: limit D:\wamp\www\tcbb88.com\include\Library\Think\Template\TagLib\Weblock.class.php 第 88 行.
NOTIC: [8] Undefined index: limit D:\wamp\www\tcbb88.com\include\Library\Think\Template\TagLib\Weblock.class.php 第 88 行.
NOTIC: [8] Undefined index: limit D:\wamp\www\tcbb88.com\include\Library\Think\Template\TagLib\Weblock.class.php 第 88 行.
INFO: [ template_filter ] --START--
INFO: Run Behavior\ContentReplaceBehavior [ RunTime:0.000564s ]
INFO: [ template_filter ] --END-- [ RunTime:0.000934s ]
NOTIC: [8] Undefined index: m D:\wamp\www\tcbb88.com\include\Common\functions.php 第 885 行.
NOTIC: [8] Undefined index: m D:\wamp\www\tcbb88.com\include\Common\functions.php 第 885 行.
SQL: SHOW COLUMNS FROM `pa_nav` [ RunTime:0.001448s ]
SQL: SELECT * FROM `pa_nav` WHERE ( lang='zh-cn'  AND type='top' AND parent_id=0 ) ORDER BY sort DESC  [ RunTime:0.000346s ]
SQL: SELECT * FROM `pa_nav` WHERE ( parent_id=33 ) ORDER BY sort DESC  [ RunTime:0.000318s ]
SQL: SELECT * FROM `pa_nav` WHERE ( lang='zh-cn'  AND type='middle' AND parent_id=0 ) ORDER BY sort DESC  [ RunTime:0.000343s ]
SQL: SELECT * FROM `pa_nav` WHERE ( parent_id=1 ) ORDER BY sort DESC  [ RunTime:0.000302s ]
SQL: SELECT * FROM `pa_nav` WHERE ( parent_id=7 ) ORDER BY sort DESC  [ RunTime:0.000312s ]
SQL: SELECT * FROM `pa_nav` WHERE ( parent_id=16 ) ORDER BY sort DESC  [ RunTime:0.000294s ]
SQL: SELECT * FROM `pa_nav` WHERE ( parent_id=22 ) ORDER BY sort DESC  [ RunTime:0.000341s ]
SQL: SELECT * FROM `pa_nav` WHERE ( parent_id=29 ) ORDER BY sort DESC  [ RunTime:0.000293s ]
NOTIC: [8] Undefined index: m D:\wamp\www\tcbb88.com\include\Common\functions.php 第 885 行.
SQL: SELECT `id`,`cid`,`title`,`update_time`,`image_id`,`status`,`published`,`summary` FROM `pa_news` WHERE ( cid=2 AND status=1 AND lang='zh-cn' ) ORDER BY id DESC LIMIT 5   [ RunTime:0.000452s ]
NOTIC: [8] Undefined index: m D:\wamp\www\tcbb88.com\include\Common\functions.php 第 885 行.
NOTIC: [8] Undefined offset: 19 D:\wamp\www\tcbb88.com\Application\Common\Common\function.php 第 247 行.
NOTIC: [8] Undefined offset: 20 D:\wamp\www\tcbb88.com\Application\Common\Common\function.php 第 247 行.
NOTIC: [8] Undefined offset: 21 D:\wamp\www\tcbb88.com\Application\Common\Common\function.php 第 247 行.
NOTIC: [8] Undefined offset: 22 D:\wamp\www\tcbb88.com\Application\Common\Common\function.php 第 247 行.
NOTIC: [8] Undefined offset: 23 D:\wamp\www\tcbb88.com\Application\Common\Common\function.php 第 247 行.
NOTIC: [8] Undefined offset: 24 D:\wamp\www\tcbb88.com\Application\Common\Common\function.php 第 247 行.
NOTIC: [8] Undefined offset: 25 D:\wamp\www\tcbb88.com\Application\Common\Common\function.php 第 247 行.
NOTIC: [8] Undefined offset: 26 D:\wamp\www\tcbb88.com\Application\Common\Common\function.php 第 247 行.
NOTIC: [8] Undefined offset: 27 D:\wamp\www\tcbb88.com\Application\Common\Common\function.php 第 247 行.
NOTIC: [8] Undefined offset: 28 D:\wamp\www\tcbb88.com\Application\Common\Common\function.php 第 247 行.
NOTIC: [8] Undefined offset: 29 D:\wamp\www\tcbb88.com\Application\Common\Common\function.php 第 247 行.
NOTIC: [8] Undefined index: m D:\wamp\www\tcbb88.com\include\Common\functions.php 第 885 行.
NOTIC: [8] Undefined offset: 12 D:\wamp\www\tcbb88.com\Application\Common\Common\function.php 第 247 行.
NOTIC: [8] Undefined offset: 13 D:\wamp\www\tcbb88.com\Application\Common\Common\function.php 第 247 行.
NOTIC: [8] Undefined offset: 14 D:\wamp\www\tcbb88.com\Application\Common\Common\function.php 第 247 行.
NOTIC: [8] Undefined offset: 15 D:\wamp\www\tcbb88.com\Application\Common\Common\function.php 第 247 行.
NOTIC: [8] Undefined offset: 16 D:\wamp\www\tcbb88.com\Application\Common\Common\function.php 第 247 行.
NOTIC: [8] Undefined offset: 17 D:\wamp\www\tcbb88.com\Application\Common\Common\function.php 第 247 行.
NOTIC: [8] Undefined offset: 18 D:\wamp\www\tcbb88.com\Application\Common\Common\function.php 第 247 行.
NOTIC: [8] Undefined offset: 19 D:\wamp\www\tcbb88.com\Application\Common\Common\function.php 第 247 行.
NOTIC: [8] Undefined offset: 20 D:\wamp\www\tcbb88.com\Application\Common\Common\function.php 第 247 行.
NOTIC: [8] Undefined offset: 21 D:\wamp\www\tcbb88.com\Application\Common\Common\function.php 第 247 行.
NOTIC: [8] Undefined offset: 22 D:\wamp\www\tcbb88.com\Application\Common\Common\function.php 第 247 行.
NOTIC: [8] Undefined offset: 23 D:\wamp\www\tcbb88.com\Application\Common\Common\function.php 第 247 行.
NOTIC: [8] Undefined offset: 24 D:\wamp\www\tcbb88.com\Application\Common\Common\function.php 第 247 行.
NOTIC: [8] Undefined offset: 25 D:\wamp\www\tcbb88.com\Application\Common\Common\function.php 第 247 行.
NOTIC: [8] Undefined offset: 26 D:\wamp\www\tcbb88.com\Application\Common\Common\function.php 第 247 行.
NOTIC: [8] Undefined offset: 27 D:\wamp\www\tcbb88.com\Application\Common\Common\function.php 第 247 行.
NOTIC: [8] Undefined offset: 28 D:\wamp\www\tcbb88.com\Application\Common\Common\function.php 第 247 行.
NOTIC: [8] Undefined offset: 29 D:\wamp\www\tcbb88.com\Application\Common\Common\function.php 第 247 行.
NOTIC: [8] Undefined index: m D:\wamp\www\tcbb88.com\include\Common\functions.php 第 885 行.
NOTIC: [8] Undefined offset: 13 D:\wamp\www\tcbb88.com\Application\Common\Common\function.php 第 247 行.
NOTIC: [8] Undefined offset: 14 D:\wamp\www\tcbb88.com\Application\Common\Common\function.php 第 247 行.
NOTIC: [8] Undefined offset: 15 D:\wamp\www\tcbb88.com\Application\Common\Common\function.php 第 247 行.
NOTIC: [8] Undefined offset: 16 D:\wamp\www\tcbb88.com\Application\Common\Common\function.php 第 247 行.
NOTIC: [8] Undefined offset: 17 D:\wamp\www\tcbb88.com\Application\Common\Common\function.php 第 247 行.
NOTIC: [8] Undefined offset: 18 D:\wamp\www\tcbb88.com\Application\Common\Common\function.php 第 247 行.
NOTIC: [8] Undefined offset: 19 D:\wamp\www\tcbb88.com\Application\Common\Common\function.php 第 247 行.
NOTIC: [8] Undefined offset: 20 D:\wamp\www\tcbb88.com\Application\Common\Common\function.php 第 247 行.
NOTIC: [8] Undefined offset: 21 D:\wamp\www\tcbb88.com\Application\Common\Common\function.php 第 247 行.
NOTIC: [8] Undefined offset: 22 D:\wamp\www\tcbb88.com\Application\Common\Common\function.php 第 247 行.
NOTIC: [8] Undefined offset: 23 D:\wamp\www\tcbb88.com\Application\Common\Common\function.php 第 247 行.
NOTIC: [8] Undefined offset: 24 D:\wamp\www\tcbb88.com\Application\Common\Common\function.php 第 247 行.
NOTIC: [8] Undefined offset: 25 D:\wamp\www\tcbb88.com\Application\Common\Common\function.php 第 247 行.
NOTIC: [8] Undefined offset: 26 D:\wamp\www\tcbb88.com\Application\Common\Common\function.php 第 247 行.
NOTIC: [8] Undefined offset: 27 D:\wamp\www\tcbb88.com\Application\Common\Common\function.php 第 247 行.
NOTIC: [8] Undefined offset: 28 D:\wamp\www\tcbb88.com\Application\Common\Common\function.php 第 247 行.
NOTIC: [8] Undefined offset: 29 D:\wamp\www\tcbb88.com\Application\Common\Common\function.php 第 247 行.
NOTIC: [8] Undefined index: m D:\wamp\www\tcbb88.com\include\Common\functions.php 第 885 行.
NOTIC: [8] Undefined offset: 14 D:\wamp\www\tcbb88.com\Application\Common\Common\function.php 第 247 行.
NOTIC: [8] Undefined offset: 15 D:\wamp\www\tcbb88.com\Application\Common\Common\function.php 第 247 行.
NOTIC: [8] Undefined offset: 16 D:\wamp\www\tcbb88.com\Application\Common\Common\function.php 第 247 行.
NOTIC: [8] Undefined offset: 17 D:\wamp\www\tcbb88.com\Application\Common\Common\function.php 第 247 行.
NOTIC: [8] Undefined offset: 18 D:\wamp\www\tcbb88.com\Application\Common\Common\function.php 第 247 行.
NOTIC: [8] Undefined offset: 19 D:\wamp\www\tcbb88.com\Application\Common\Common\function.php 第 247 行.
NOTIC: [8] Undefined offset: 20 D:\wamp\www\tcbb88.com\Application\Common\Common\function.php 第 247 行.
NOTIC: [8] Undefined offset: 21 D:\wamp\www\tcbb88.com\Application\Common\Common\function.php 第 247 行.
NOTIC: [8] Undefined offset: 22 D:\wamp\www\tcbb88.com\Application\Common\Common\function.php 第 247 行.
NOTIC: [8] Undefined offset: 23 D:\wamp\www\tcbb88.com\Application\Common\Common\function.php 第 247 行.
NOTIC: [8] Undefined offset: 24 D:\wamp\www\tcbb88.com\Application\Common\Common\function.php 第 247 行.
NOTIC: [8] Undefined offset: 25 D:\wamp\www\tcbb88.com\Application\Common\Common\function.php 第 247 行.
NOTIC: [8] Undefined offset: 26 D:\wamp\www\tcbb88.com\Application\Common\Common\function.php 第 247 行.
NOTIC: [8] Undefined offset: 27 D:\wamp\www\tcbb88.com\Application\Common\Common\function.php 第 247 行.
NOTIC: [8] Undefined offset: 28 D:\wamp\www\tcbb88.com\Application\Common\Common\function.php 第 247 行.
NOTIC: [8] Undefined offset: 29 D:\wamp\www\tcbb88.com\Application\Common\Common\function.php 第 247 行.
NOTIC: [8] Undefined index: m D:\wamp\www\tcbb88.com\include\Common\functions.php 第 885 行.
NOTIC: [8] Undefined offset: 9 D:\wamp\www\tcbb88.com\Application\Common\Common\function.php 第 247 行.
NOTIC: [8] Undefined offset: 10 D:\wamp\www\tcbb88.com\Application\Common\Common\function.php 第 247 行.
NOTIC: [8] Undefined offset: 11 D:\wamp\www\tcbb88.com\Application\Common\Common\function.php 第 247 行.
NOTIC: [8] Undefined offset: 12 D:\wamp\www\tcbb88.com\Application\Common\Common\function.php 第 247 行.
NOTIC: [8] Undefined offset: 13 D:\wamp\www\tcbb88.com\Application\Common\Common\function.php 第 247 行.
NOTIC: [8] Undefined offset: 14 D:\wamp\www\tcbb88.com\Application\Common\Common\function.php 第 247 行.
NOTIC: [8] Undefined offset: 15 D:\wamp\www\tcbb88.com\Application\Common\Common\function.php 第 247 行.
NOTIC: [8] Undefined offset: 16 D:\wamp\www\tcbb88.com\Application\Common\Common\function.php 第 247 行.
NOTIC: [8] Undefined offset: 17 D:\wamp\www\tcbb88.com\Application\Common\Common\function.php 第 247 行.
NOTIC: [8] Undefined offset: 18 D:\wamp\www\tcbb88.com\Application\Common\Common\function.php 第 247 行.
NOTIC: [8] Undefined offset: 19 D:\wamp\www\tcbb88.com\Application\Common\Common\function.php 第 247 行.
NOTIC: [8] Undefined offset: 20 D:\wamp\www\tcbb88.com\Application\Common\Common\function.php 第 247 行.
NOTIC: [8] Undefined offset: 21 D:\wamp\www\tcbb88.com\Application\Common\Common\function.php 第 247 行.
NOTIC: [8] Undefined offset: 22 D:\wamp\www\tcbb88.com\Application\Common\Common\function.php 第 247 行.
NOTIC: [8] Undefined offset: 23 D:\wamp\www\tcbb88.com\Application\Common\Common\function.php 第 247 行.
NOTIC: [8] Undefined offset: 24 D:\wamp\www\tcbb88.com\Application\Common\Common\function.php 第 247 行.
NOTIC: [8] Undefined offset: 25 D:\wamp\www\tcbb88.com\Application\Common\Common\function.php 第 247 行.
NOTIC: [8] Undefined offset: 26 D:\wamp\www\tcbb88.com\Application\Common\Common\function.php 第 247 行.
NOTIC: [8] Undefined offset: 27 D:\wamp\www\tcbb88.com\Application\Common\Common\function.php 第 247 行.
NOTIC: [8] Undefined offset: 28 D:\wamp\www\tcbb88.com\Application\Common\Common\function.php 第 247 行.
NOTIC: [8] Undefined offset: 29 D:\wamp\www\tcbb88.com\Application\Common\Common\function.php 第 247 行.
SQL: SELECT `id`,`cid`,`title`,`update_time`,`image_id`,`status`,`published`,`summary` FROM `pa_news` WHERE ( status=1 AND lang='zh-cn' ) ORDER BY id DESC LIMIT 5   [ RunTime:0.000316s ]
NOTIC: [8] Undefined index: m D:\wamp\www\tcbb88.com\include\Common\functions.php 第 885 行.
NOTIC: [8] Undefined offset: 8 D:\wamp\www\tcbb88.com\Application\Common\Common\function.php 第 247 行.
NOTIC: [8] Undefined offset: 9 D:\wamp\www\tcbb88.com\Application\Common\Common\function.php 第 247 行.
NOTIC: [8] Undefined offset: 10 D:\wamp\www\tcbb88.com\Application\Common\Common\function.php 第 247 行.
NOTIC: [8] Undefined offset: 11 D:\wamp\www\tcbb88.com\Application\Common\Common\function.php 第 247 行.
NOTIC: [8] Undefined offset: 12 D:\wamp\www\tcbb88.com\Application\Common\Common\function.php 第 247 行.
NOTIC: [8] Undefined offset: 13 D:\wamp\www\tcbb88.com\Application\Common\Common\function.php 第 247 行.
NOTIC: [8] Undefined offset: 14 D:\wamp\www\tcbb88.com\Application\Common\Common\function.php 第 247 行.
NOTIC: [8] Undefined offset: 15 D:\wamp\www\tcbb88.com\Application\Common\Common\function.php 第 247 行.
NOTIC: [8] Undefined offset: 16 D:\wamp\www\tcbb88.com\Application\Common\Common\function.php 第 247 行.
NOTIC: [8] Undefined offset: 17 D:\wamp\www\tcbb88.com\Application\Common\Common\function.php 第 247 行.
NOTIC: [8] Undefined offset: 18 D:\wamp\www\tcbb88.com\Application\Common\Common\function.php 第 247 行.
NOTIC: [8] Undefined offset: 19 D:\wamp\www\tcbb88.com\Application\Common\Common\function.php 第 247 行.
NOTIC: [8] Undefined offset: 20 D:\wamp\www\tcbb88.com\Application\Common\Common\function.php 第 247 行.
NOTIC: [8] Undefined offset: 21 D:\wamp\www\tcbb88.com\Application\Common\Common\function.php 第 247 行.
NOTIC: [8] Undefined offset: 22 D:\wamp\www\tcbb88.com\Application\Common\Common\function.php 第 247 行.
NOTIC: [8] Undefined offset: 23 D:\wamp\www\tcbb88.com\Application\Common\Common\function.php 第 247 行.
NOTIC: [8] Undefined offset: 24 D:\wamp\www\tcbb88.com\Application\Common\Common\function.php 第 247 行.
NOTIC: [8] Undefined offset: 25 D:\wamp\www\tcbb88.com\Application\Common\Common\function.php 第 247 行.
NOTIC: [8] Undefined offset: 26 D:\wamp\www\tcbb88.com\Application\Common\Common\function.php 第 247 行.
NOTIC: [8] Undefined offset: 27 D:\wamp\www\tcbb88.com\Application\Common\Common\function.php 第 247 行.
NOTIC: [8] Undefined offset: 28 D:\wamp\www\tcbb88.com\Application\Common\Common\function.php 第 247 行.
NOTIC: [8] Undefined offset: 29 D:\wamp\www\tcbb88.com\Application\Common\Common\function.php 第 247 行.
NOTIC: [8] Undefined index: m D:\wamp\www\tcbb88.com\include\Common\functions.php 第 885 行.
NOTIC: [8] Undefined offset: 8 D:\wamp\www\tcbb88.com\Application\Common\Common\function.php 第 247 行.
NOTIC: [8] Undefined offset: 9 D:\wamp\www\tcbb88.com\Application\Common\Common\function.php 第 247 行.
NOTIC: [8] Undefined offset: 10 D:\wamp\www\tcbb88.com\Application\Common\Common\function.php 第 247 行.
NOTIC: [8] Undefined offset: 11 D:\wamp\www\tcbb88.com\Application\Common\Common\function.php 第 247 行.
NOTIC: [8] Undefined offset: 12 D:\wamp\www\tcbb88.com\Application\Common\Common\function.php 第 247 行.
NOTIC: [8] Undefined offset: 13 D:\wamp\www\tcbb88.com\Application\Common\Common\function.php 第 247 行.
NOTIC: [8] Undefined offset: 14 D:\wamp\www\tcbb88.com\Application\Common\Common\function.php 第 247 行.
NOTIC: [8] Undefined offset: 15 D:\wamp\www\tcbb88.com\Application\Common\Common\function.php 第 247 行.
NOTIC: [8] Undefined offset: 16 D:\wamp\www\tcbb88.com\Application\Common\Common\function.php 第 247 行.
NOTIC: [8] Undefined offset: 17 D:\wamp\www\tcbb88.com\Application\Common\Common\function.php 第 247 行.
NOTIC: [8] Undefined offset: 18 D:\wamp\www\tcbb88.com\Application\Common\Common\function.php 第 247 行.
NOTIC: [8] Undefined offset: 19 D:\wamp\www\tcbb88.com\Application\Common\Common\function.php 第 247 行.
NOTIC: [8] Undefined offset: 20 D:\wamp\www\tcbb88.com\Application\Common\Common\function.php 第 247 行.
NOTIC: [8] Undefined offset: 21 D:\wamp\www\tcbb88.com\Application\Common\Common\function.php 第 247 行.
NOTIC: [8] Undefined offset: 22 D:\wamp\www\tcbb88.com\Application\Common\Common\function.php 第 247 行.
NOTIC: [8] Undefined offset: 23 D:\wamp\www\tcbb88.com\Application\Common\Common\function.php 第 247 行.
NOTIC: [8] Undefined offset: 24 D:\wamp\www\tcbb88.com\Application\Common\Common\function.php 第 247 行.
NOTIC: [8] Undefined offset: 25 D:\wamp\www\tcbb88.com\Application\Common\Common\function.php 第 247 行.
NOTIC: [8] Undefined offset: 26 D:\wamp\www\tcbb88.com\Application\Common\Common\function.php 第 247 行.
NOTIC: [8] Undefined offset: 27 D:\wamp\www\tcbb88.com\Application\Common\Common\function.php 第 247 行.
NOTIC: [8] Undefined offset: 28 D:\wamp\www\tcbb88.com\Application\Common\Common\function.php 第 247 行.
NOTIC: [8] Undefined offset: 29 D:\wamp\www\tcbb88.com\Application\Common\Common\function.php 第 247 行.
NOTIC: [8] Undefined index: m D:\wamp\www\tcbb88.com\include\Common\functions.php 第 885 行.
NOTIC: [8] Undefined offset: 8 D:\wamp\www\tcbb88.com\Application\Common\Common\function.php 第 247 行.
NOTIC: [8] Undefined offset: 9 D:\wamp\www\tcbb88.com\Application\Common\Common\function.php 第 247 行.
NOTIC: [8] Undefined offset: 10 D:\wamp\www\tcbb88.com\Application\Common\Common\function.php 第 247 行.
NOTIC: [8] Undefined offset: 11 D:\wamp\www\tcbb88.com\Application\Common\Common\function.php 第 247 行.
NOTIC: [8] Undefined offset: 12 D:\wamp\www\tcbb88.com\Application\Common\Common\function.php 第 247 行.
NOTIC: [8] Undefined offset: 13 D:\wamp\www\tcbb88.com\Application\Common\Common\function.php 第 247 行.
NOTIC: [8] Undefined offset: 14 D:\wamp\www\tcbb88.com\Application\Common\Common\function.php 第 247 行.
NOTIC: [8] Undefined offset: 15 D:\wamp\www\tcbb88.com\Application\Common\Common\function.php 第 247 行.
NOTIC: [8] Undefined offset: 16 D:\wamp\www\tcbb88.com\Application\Common\Common\function.php 第 247 行.
NOTIC: [8] Undefined offset: 17 D:\wamp\www\tcbb88.com\Application\Common\Common\function.php 第 247 行.
NOTIC: [8] Undefined offset: 18 D:\wamp\www\tcbb88.com\Application\Common\Common\function.php 第 247 行.
NOTIC: [8] Undefined offset: 19 D:\wamp\www\tcbb88.com\Application\Common\Common\function.php 第 247 行.
NOTIC: [8] Undefined offset: 20 D:\wamp\www\tcbb88.com\Application\Common\Common\function.php 第 247 行.
NOTIC: [8] Undefined offset: 21 D:\wamp\www\tcbb88.com\Application\Common\Common\function.php 第 247 行.
NOTIC: [8] Undefined offset: 22 D:\wamp\www\tcbb88.com\Application\Common\Common\function.php 第 247 行.
NOTIC: [8] Undefined offset: 23 D:\wamp\www\tcbb88.com\Application\Common\Common\function.php 第 247 行.
NOTIC: [8] Undefined offset: 24 D:\wamp\www\tcbb88.com\Application\Common\Common\function.php 第 247 行.
NOTIC: [8] Undefined offset: 25 D:\wamp\www\tcbb88.com\Application\Common\Common\function.php 第 247 行.
NOTIC: [8] Undefined offset: 26 D:\wamp\www\tcbb88.com\Application\Common\Common\function.php 第 247 行.
NOTIC: [8] Undefined offset: 27 D:\wamp\www\tcbb88.com\Application\Common\Common\function.php 第 247 行.
NOTIC: [8] Undefined offset: 28 D:\wamp\www\tcbb88.com\Application\Common\Common\function.php 第 247 行.
NOTIC: [8] Undefined offset: 29 D:\wamp\www\tcbb88.com\Application\Common\Common\function.php 第 247 行.
NOTIC: [8] Undefined index: m D:\wamp\www\tcbb88.com\include\Common\functions.php 第 885 行.
NOTIC: [8] Undefined offset: 8 D:\wamp\www\tcbb88.com\Application\Common\Common\function.php 第 247 行.
NOTIC: [8] Undefined offset: 9 D:\wamp\www\tcbb88.com\Application\Common\Common\function.php 第 247 行.
NOTIC: [8] Undefined offset: 10 D:\wamp\www\tcbb88.com\Application\Common\Common\function.php 第 247 行.
NOTIC: [8] Undefined offset: 11 D:\wamp\www\tcbb88.com\Application\Common\Common\function.php 第 247 行.
NOTIC: [8] Undefined offset: 12 D:\wamp\www\tcbb88.com\Application\Common\Common\function.php 第 247 行.
NOTIC: [8] Undefined offset: 13 D:\wamp\www\tcbb88.com\Application\Common\Common\function.php 第 247 行.
NOTIC: [8] Undefined offset: 14 D:\wamp\www\tcbb88.com\Application\Common\Common\function.php 第 247 行.
NOTIC: [8] Undefined offset: 15 D:\wamp\www\tcbb88.com\Application\Common\Common\function.php 第 247 行.
NOTIC: [8] Undefined offset: 16 D:\wamp\www\tcbb88.com\Application\Common\Common\function.php 第 247 行.
NOTIC: [8] Undefined offset: 17 D:\wamp\www\tcbb88.com\Application\Common\Common\function.php 第 247 行.
NOTIC: [8] Undefined offset: 18 D:\wamp\www\tcbb88.com\Application\Common\Common\function.php 第 247 行.
NOTIC: [8] Undefined offset: 19 D:\wamp\www\tcbb88.com\Application\Common\Common\function.php 第 247 行.
NOTIC: [8] Undefined offset: 20 D:\wamp\www\tcbb88.com\Application\Common\Common\function.php 第 247 行.
NOTIC: [8] Undefined offset: 21 D:\wamp\www\tcbb88.com\Application\Common\Common\function.php 第 247 行.
NOTIC: [8] Undefined offset: 22 D:\wamp\www\tcbb88.com\Application\Common\Common\function.php 第 247 行.
NOTIC: [8] Undefined offset: 23 D:\wamp\www\tcbb88.com\Application\Common\Common\function.php 第 247 行.
NOTIC: [8] Undefined offset: 24 D:\wamp\www\tcbb88.com\Application\Common\Common\function.php 第 247 行.
NOTIC: [8] Undefined offset: 25 D:\wamp\www\tcbb88.com\Application\Common\Common\function.php 第 247 行.
NOTIC: [8] Undefined offset: 26 D:\wamp\www\tcbb88.com\Application\Common\Common\function.php 第 247 行.
NOTIC: [8] Undefined offset: 27 D:\wamp\www\tcbb88.com\Application\Common\Common\function.php 第 247 行.
NOTIC: [8] Undefined offset: 28 D:\wamp\www\tcbb88.com\Application\Common\Common\function.php 第 247 行.
NOTIC: [8] Undefined offset: 29 D:\wamp\www\tcbb88.com\Application\Common\Common\function.php 第 247 行.
NOTIC: [8] Undefined index: m D:\wamp\www\tcbb88.com\include\Common\functions.php 第 885 行.
NOTIC: [8] Undefined offset: 6 D:\wamp\www\tcbb88.com\Application\Common\Common\function.php 第 247 行.
NOTIC: [8] Undefined offset: 7 D:\wamp\www\tcbb88.com\Application\Common\Common\function.php 第 247 行.
NOTIC: [8] Undefined offset: 8 D:\wamp\www\tcbb88.com\Application\Common\Common\function.php 第 247 行.
NOTIC: [8] Undefined offset: 9 D:\wamp\www\tcbb88.com\Application\Common\Common\function.php 第 247 行.
NOTIC: [8] Undefined offset: 10 D:\wamp\www\tcbb88.com\Application\Common\Common\function.php 第 247 行.
NOTIC: [8] Undefined offset: 11 D:\wamp\www\tcbb88.com\Application\Common\Common\function.php 第 247 行.
NOTIC: [8] Undefined offset: 12 D:\wamp\www\tcbb88.com\Application\Common\Common\function.php 第 247 行.
NOTIC: [8] Undefined offset: 13 D:\wamp\www\tcbb88.com\Application\Common\Common\function.php 第 247 行.
NOTIC: [8] Undefined offset: 14 D:\wamp\www\tcbb88.com\Application\Common\Common\function.php 第 247 行.
NOTIC: [8] Undefined offset: 15 D:\wamp\www\tcbb88.com\Application\Common\Common\function.php 第 247 行.
NOTIC: [8] Undefined offset: 16 D:\wamp\www\tcbb88.com\Application\Common\Common\function.php 第 247 行.
NOTIC: [8] Undefined offset: 17 D:\wamp\www\tcbb88.com\Application\Common\Common\function.php 第 247 行.
NOTIC: [8] Undefined offset: 18 D:\wamp\www\tcbb88.com\Application\Common\Common\function.php 第 247 行.
NOTIC: [8] Undefined offset: 19 D:\wamp\www\tcbb88.com\Application\Common\Common\function.php 第 247 行.
NOTIC: [8] Undefined offset: 20 D:\wamp\www\tcbb88.com\Application\Common\Common\function.php 第 247 行.
NOTIC: [8] Undefined offset: 21 D:\wamp\www\tcbb88.com\Application\Common\Common\function.php 第 247 行.
NOTIC: [8] Undefined offset: 22 D:\wamp\www\tcbb88.com\Application\Common\Common\function.php 第 247 行.
NOTIC: [8] Undefined offset: 23 D:\wamp\www\tcbb88.com\Application\Common\Common\function.php 第 247 行.
NOTIC: [8] Undefined offset: 24 D:\wamp\www\tcbb88.com\Application\Common\Common\function.php 第 247 行.
NOTIC: [8] Undefined offset: 25 D:\wamp\www\tcbb88.com\Application\Common\Common\function.php 第 247 行.
NOTIC: [8] Undefined offset: 26 D:\wamp\www\tcbb88.com\Application\Common\Common\function.php 第 247 行.
NOTIC: [8] Undefined offset: 27 D:\wamp\www\tcbb88.com\Application\Common\Common\function.php 第 247 行.
NOTIC: [8] Undefined offset: 28 D:\wamp\www\tcbb88.com\Application\Common\Common\function.php 第 247 行.
NOTIC: [8] Undefined offset: 29 D:\wamp\www\tcbb88.com\Application\Common\Common\function.php 第 247 行.
SQL: SHOW COLUMNS FROM `pa_product` [ RunTime:0.001825s ]
SQL: SELECT `id`,`cid`,`title`,`update_time`,`status`,`published`,`image_id`,`psize`,`summary` FROM `pa_product` WHERE ( status=1 AND lang='zh-cn' ) ORDER BY id DESC LIMIT 5   [ RunTime:0.000452s ]
SQL: SELECT * FROM `pa_nav` WHERE ( lang='zh-cn'  AND type='bottom' AND parent_id=0 ) ORDER BY sort DESC  [ RunTime:0.000344s ]
SQL: SELECT * FROM `pa_nav` WHERE ( parent_id=39 ) ORDER BY sort DESC  [ RunTime:0.000304s ]
SQL: SELECT * FROM `pa_nav` WHERE ( parent_id=40 ) ORDER BY sort DESC  [ RunTime:0.000296s ]
SQL: SELECT * FROM `pa_nav` WHERE ( parent_id=41 ) ORDER BY sort DESC  [ RunTime:0.000290s ]
SQL: SELECT * FROM `pa_nav` WHERE ( parent_id=42 ) ORDER BY sort DESC  [ RunTime:0.000307s ]
SQL: SELECT * FROM `pa_nav` WHERE ( parent_id=43 ) ORDER BY sort DESC  [ RunTime:0.000321s ]
INFO: Run Behavior\ParseTemplateBehavior [ RunTime:0.098586s ]
INFO: [ view_parse ] --END-- [ RunTime:0.098908s ]
INFO: [ view_filter ] --START--
INFO: Run Behavior\WriteHtmlCacheBehavior [ RunTime:0.000522s ]
INFO: [ view_filter ] --END-- [ RunTime:0.000827s ]
INFO: [ app_end ] --START--
INFO: Run Behavior\ShowPageTraceBehavior [ RunTime:0.000780s ]
INFO: [ app_end ] --END-- [ RunTime:0.001077s ]

[ 2015-12-02T23:11:13+08:00 ] 113.64.8.40 /
INFO: [ app_init ] --START--
INFO: Run Behavior\BuildLiteBehavior [ RunTime:0.000057s ]
INFO: [ app_init ] --END-- [ RunTime:0.000713s ]
INFO: [ app_begin ] --START--
INFO: Run Behavior\ReadHtmlCacheBehavior [ RunTime:0.000728s ]
INFO: Run Behavior\CheckLangBehavior [ RunTime:0.001437s ]
INFO: [ app_begin ] --END-- [ RunTime:0.002622s ]
NOTIC: [8192] mysql_connect(): The mysql extension is deprecated and will be removed in the future: use mysqli or PDO instead D:\wamp\www\tcbb88.com\include\Library\Think\Db\Driver\Mysql.class.php 第 52 行.
SQL: SHOW COLUMNS FROM `pa_ad` [ RunTime:0.001547s ]
SQL: SELECT * FROM `pa_ad` WHERE ( `lang` = 'zh-cn' ) AND ( `position` = 'index' ) ORDER BY sort DESC  [ RunTime:0.000355s ]
INFO: [ view_parse ] --START--
NOTIC: [2] explode() expects parameter 2 to be string, array given D:\wamp\www\tcbb88.com\include\Library\Think\Template.class.php 第 169 行.
NOTIC: [2] Invalid argument supplied for foreach() D:\wamp\www\tcbb88.com\include\Library\Think\Template.class.php 第 170 行.
NOTIC: [2] explode() expects parameter 2 to be string, array given D:\wamp\www\tcbb88.com\include\Library\Think\Template.class.php 第 169 行.
NOTIC: [2] Invalid argument supplied for foreach() D:\wamp\www\tcbb88.com\include\Library\Think\Template.class.php 第 170 行.
NOTIC: [8] Undefined index: limit D:\wamp\www\tcbb88.com\include\Library\Think\Template\TagLib\Weblock.class.php 第 88 行.
NOTIC: [8] Undefined index: limit D:\wamp\www\tcbb88.com\include\Library\Think\Template\TagLib\Weblock.class.php 第 88 行.
NOTIC: [8] Undefined index: limit D:\wamp\www\tcbb88.com\include\Library\Think\Template\TagLib\Weblock.class.php 第 88 行.
INFO: [ template_filter ] --START--
INFO: Run Behavior\ContentReplaceBehavior [ RunTime:0.000702s ]
INFO: [ template_filter ] --END-- [ RunTime:0.001022s ]
NOTIC: [8] Undefined variable: info D:\wamp\www\tcbb88.com\Application\Runtime\Cache\Home\769e70f2e46f34ceb60619bbda5e4691.php 第 5 行.
NOTIC: [8] Undefined variable: info D:\wamp\www\tcbb88.com\Application\Runtime\Cache\Home\769e70f2e46f34ceb60619bbda5e4691.php 第 6 行.
NOTIC: [8] Undefined index: m D:\wamp\www\tcbb88.com\include\Common\functions.php 第 885 行.
NOTIC: [8] Undefined index: m D:\wamp\www\tcbb88.com\include\Common\functions.php 第 885 行.
SQL: SHOW COLUMNS FROM `pa_nav` [ RunTime:0.001565s ]
SQL: SELECT * FROM `pa_nav` WHERE ( lang='zh-cn'  AND type='top' AND parent_id=0 ) ORDER BY sort DESC  [ RunTime:0.000365s ]
SQL: SELECT * FROM `pa_nav` WHERE ( parent_id=33 ) ORDER BY sort DESC  [ RunTime:0.000321s ]
SQL: SELECT * FROM `pa_nav` WHERE ( lang='zh-cn'  AND type='middle' AND parent_id=0 ) ORDER BY sort DESC  [ RunTime:0.000337s ]
SQL: SELECT * FROM `pa_nav` WHERE ( parent_id=1 ) ORDER BY sort DESC  [ RunTime:0.000314s ]
SQL: SELECT * FROM `pa_nav` WHERE ( parent_id=7 ) ORDER BY sort DESC  [ RunTime:0.000337s ]
SQL: SELECT * FROM `pa_nav` WHERE ( parent_id=16 ) ORDER BY sort DESC  [ RunTime:0.000313s ]
SQL: SELECT * FROM `pa_nav` WHERE ( parent_id=22 ) ORDER BY sort DESC  [ RunTime:0.000321s ]
SQL: SELECT * FROM `pa_nav` WHERE ( parent_id=29 ) ORDER BY sort DESC  [ RunTime:0.000379s ]
SQL: SELECT * FROM `pa_nav` WHERE ( lang='zh-cn'  AND type='bottom' AND parent_id=0 ) ORDER BY sort DESC  [ RunTime:0.000352s ]
SQL: SELECT * FROM `pa_nav` WHERE ( parent_id=39 ) ORDER BY sort DESC  [ RunTime:0.000346s ]
SQL: SELECT * FROM `pa_nav` WHERE ( parent_id=40 ) ORDER BY sort DESC  [ RunTime:0.000343s ]
SQL: SELECT * FROM `pa_nav` WHERE ( parent_id=41 ) ORDER BY sort DESC  [ RunTime:0.000303s ]
SQL: SELECT * FROM `pa_nav` WHERE ( parent_id=42 ) ORDER BY sort DESC  [ RunTime:0.000300s ]
SQL: SELECT * FROM `pa_nav` WHERE ( parent_id=43 ) ORDER BY sort DESC  [ RunTime:0.000327s ]
INFO: Run Behavior\ParseTemplateBehavior [ RunTime:0.055435s ]
INFO: [ view_parse ] --END-- [ RunTime:0.056060s ]
INFO: [ view_filter ] --START--
INFO: Run Behavior\WriteHtmlCacheBehavior [ RunTime:0.000667s ]
INFO: [ view_filter ] --END-- [ RunTime:0.000965s ]
INFO: [ app_end ] --START--
INFO: Run Behavior\ShowPageTraceBehavior [ RunTime:0.000732s ]
INFO: [ app_end ] --END-- [ RunTime:0.001024s ]

[ 2015-12-02T23:16:15+08:00 ] 69.30.221.250 /index.php/news/13968668983
INFO: [ app_init ] --START--
INFO: Run Behavior\BuildLiteBehavior [ RunTime:0.000060s ]
INFO: [ app_init ] --END-- [ RunTime:0.000718s ]
INFO: [ app_begin ] --START--
INFO: Run Behavior\ReadHtmlCacheBehavior [ RunTime:0.000671s ]
INFO: Run Behavior\CheckLangBehavior [ RunTime:0.001244s ]
INFO: [ app_begin ] --END-- [ RunTime:0.002388s ]
NOTIC: [8192] mysql_connect(): The mysql extension is deprecated and will be removed in the future: use mysqli or PDO instead D:\wamp\www\tcbb88.com\include\Library\Think\Db\Driver\Mysql.class.php 第 52 行.
SQL: SHOW COLUMNS FROM `pa_news` [ RunTime:0.002047s ]
SQL: SELECT * FROM `pa_news` WHERE ( `id` = 2147483647 ) LIMIT 1   [ RunTime:0.000366s ]
INFO: [ view_parse ] --START--
NOTIC: [2] explode() expects parameter 2 to be string, array given D:\wamp\www\tcbb88.com\include\Library\Think\Template.class.php 第 169 行.
NOTIC: [2] Invalid argument supplied for foreach() D:\wamp\www\tcbb88.com\include\Library\Think\Template.class.php 第 170 行.
INFO: [ template_filter ] --START--
INFO: Run Behavior\ContentReplaceBehavior [ RunTime:0.000223s ]
INFO: [ template_filter ] --END-- [ RunTime:0.000514s ]
INFO: Run Behavior\ParseTemplateBehavior [ RunTime:0.013590s ]
INFO: [ view_parse ] --END-- [ RunTime:0.013917s ]
INFO: [ view_filter ] --START--
INFO: Run Behavior\WriteHtmlCacheBehavior [ RunTime:0.000425s ]
INFO: [ view_filter ] --END-- [ RunTime:0.000717s ]

[ 2015-12-02T23:16:19+08:00 ] 69.30.221.250 /index.php/Home/13968668983
INFO: [ app_init ] --START--
INFO: Run Behavior\BuildLiteBehavior [ RunTime:0.000062s ]
INFO: [ app_init ] --END-- [ RunTime:0.000722s ]
INFO: [ app_begin ] --START--
INFO: Run Behavior\ReadHtmlCacheBehavior [ RunTime:0.000628s ]
INFO: Run Behavior\CheckLangBehavior [ RunTime:0.001230s ]
INFO: [ app_begin ] --END-- [ RunTime:0.002386s ]
INFO: [ view_parse ] --START--
NOTIC: [2] explode() expects parameter 2 to be string, array given D:\wamp\www\tcbb88.com\include\Library\Think\Template.class.php 第 169 行.
NOTIC: [2] Invalid argument supplied for foreach() D:\wamp\www\tcbb88.com\include\Library\Think\Template.class.php 第 170 行.
INFO: [ template_filter ] --START--
INFO: Run Behavior\ContentReplaceBehavior [ RunTime:0.000205s ]
INFO: [ template_filter ] --END-- [ RunTime:0.000545s ]
INFO: Run Behavior\ParseTemplateBehavior [ RunTime:0.013659s ]
INFO: [ view_parse ] --END-- [ RunTime:0.013980s ]
INFO: [ view_filter ] --START--
INFO: Run Behavior\WriteHtmlCacheBehavior [ RunTime:0.000417s ]
INFO: [ view_filter ] --END-- [ RunTime:0.000725s ]
INFO: [ app_end ] --START--
INFO: Run Behavior\ShowPageTraceBehavior [ RunTime:0.000705s ]
INFO: [ app_end ] --END-- [ RunTime:0.000986s ]

[ 2015-12-02T23:16:46+08:00 ] 123.125.71.115 /
INFO: [ app_init ] --START--
INFO: Run Behavior\BuildLiteBehavior [ RunTime:0.000057s ]
INFO: [ app_init ] --END-- [ RunTime:0.000634s ]
INFO: [ app_begin ] --START--
INFO: Run Behavior\ReadHtmlCacheBehavior [ RunTime:0.000560s ]
INFO: Run Behavior\CheckLangBehavior [ RunTime:0.001071s ]
INFO: [ app_begin ] --END-- [ RunTime:0.002085s ]
NOTIC: [8192] mysql_connect(): The mysql extension is deprecated and will be removed in the future: use mysqli or PDO instead D:\wamp\www\tcbb88.com\include\Library\Think\Db\Driver\Mysql.class.php 第 52 行.
SQL: SHOW COLUMNS FROM `pa_ad` [ RunTime:0.002235s ]
SQL: SELECT * FROM `pa_ad` WHERE ( `lang` = 'zh-cn' ) AND ( `position` = 'index' ) ORDER BY sort DESC  [ RunTime:0.000534s ]
INFO: [ view_parse ] --START--
NOTIC: [2] explode() expects parameter 2 to be string, array given D:\wamp\www\tcbb88.com\include\Library\Think\Template.class.php 第 169 行.
NOTIC: [2] Invalid argument supplied for foreach() D:\wamp\www\tcbb88.com\include\Library\Think\Template.class.php 第 170 行.
NOTIC: [2] explode() expects parameter 2 to be string, array given D:\wamp\www\tcbb88.com\include\Library\Think\Template.class.php 第 169 行.
NOTIC: [2] Invalid argument supplied for foreach() D:\wamp\www\tcbb88.com\include\Library\Think\Template.class.php 第 170 行.
NOTIC: [8] Undefined index: limit D:\wamp\www\tcbb88.com\include\Library\Think\Template\TagLib\Weblock.class.php 第 88 行.
NOTIC: [8] Undefined index: limit D:\wamp\www\tcbb88.com\include\Library\Think\Template\TagLib\Weblock.class.php 第 88 行.
NOTIC: [8] Undefined index: limit D:\wamp\www\tcbb88.com\include\Library\Think\Template\TagLib\Weblock.class.php 第 88 行.
INFO: [ template_filter ] --START--
INFO: Run Behavior\ContentReplaceBehavior [ RunTime:0.000672s ]
INFO: [ template_filter ] --END-- [ RunTime:0.000988s ]
NOTIC: [8] Undefined variable: info D:\wamp\www\tcbb88.com\Application\Runtime\Cache\Home\769e70f2e46f34ceb60619bbda5e4691.php 第 5 行.
NOTIC: [8] Undefined variable: info D:\wamp\www\tcbb88.com\Application\Runtime\Cache\Home\769e70f2e46f34ceb60619bbda5e4691.php 第 6 行.
NOTIC: [8] Undefined index: m D:\wamp\www\tcbb88.com\include\Common\functions.php 第 885 行.
NOTIC: [8] Undefined index: m D:\wamp\www\tcbb88.com\include\Common\functions.php 第 885 行.
SQL: SHOW COLUMNS FROM `pa_nav` [ RunTime:0.001974s ]
SQL: SELECT * FROM `pa_nav` WHERE ( lang='zh-cn'  AND type='top' AND parent_id=0 ) ORDER BY sort DESC  [ RunTime:0.000383s ]
SQL: SELECT * FROM `pa_nav` WHERE ( parent_id=33 ) ORDER BY sort DESC  [ RunTime:0.000321s ]
SQL: SELECT * FROM `pa_nav` WHERE ( lang='zh-cn'  AND type='middle' AND parent_id=0 ) ORDER BY sort DESC  [ RunTime:0.000380s ]
SQL: SELECT * FROM `pa_nav` WHERE ( parent_id=1 ) ORDER BY sort DESC  [ RunTime:0.000334s ]
SQL: SELECT * FROM `pa_nav` WHERE ( parent_id=7 ) ORDER BY sort DESC  [ RunTime:0.000338s ]
SQL: SELECT * FROM `pa_nav` WHERE ( parent_id=16 ) ORDER BY sort DESC  [ RunTime:0.000580s ]
SQL: SELECT * FROM `pa_nav` WHERE ( parent_id=22 ) ORDER BY sort DESC  [ RunTime:0.000434s ]
SQL: SELECT * FROM `pa_nav` WHERE ( parent_id=29 ) ORDER BY sort DESC  [ RunTime:0.000332s ]
SQL: SELECT * FROM `pa_nav` WHERE ( lang='zh-cn'  AND type='bottom' AND parent_id=0 ) ORDER BY sort DESC  [ RunTime:0.000349s ]
SQL: SELECT * FROM `pa_nav` WHERE ( parent_id=39 ) ORDER BY sort DESC  [ RunTime:0.000302s ]
SQL: SELECT * FROM `pa_nav` WHERE ( parent_id=40 ) ORDER BY sort DESC  [ RunTime:0.000276s ]
SQL: SELECT * FROM `pa_nav` WHERE ( parent_id=41 ) ORDER BY sort DESC  [ RunTime:0.000272s ]
SQL: SELECT * FROM `pa_nav` WHERE ( parent_id=42 ) ORDER BY sort DESC  [ RunTime:0.000268s ]
SQL: SELECT * FROM `pa_nav` WHERE ( parent_id=43 ) ORDER BY sort DESC  [ RunTime:0.000265s ]
INFO: Run Behavior\ParseTemplateBehavior [ RunTime:0.056165s ]
INFO: [ view_parse ] --END-- [ RunTime:0.056503s ]
INFO: [ view_filter ] --START--
INFO: Run Behavior\WriteHtmlCacheBehavior [ RunTime:0.000490s ]
INFO: [ view_filter ] --END-- [ RunTime:0.000764s ]
INFO: [ app_end ] --START--
INFO: Run Behavior\ShowPageTraceBehavior [ RunTime:0.000681s ]
INFO: [ app_end ] --END-- [ RunTime:0.001012s ]

[ 2015-12-02T23:16:55+08:00 ] 182.118.21.225 /index.php/page/index/name/kfzx
INFO: [ app_init ] --START--
INFO: Run Behavior\BuildLiteBehavior [ RunTime:0.000061s ]
INFO: [ app_init ] --END-- [ RunTime:0.000723s ]
INFO: [ app_begin ] --START--
INFO: Run Behavior\ReadHtmlCacheBehavior [ RunTime:0.000659s ]
INFO: Run Behavior\CheckLangBehavior [ RunTime:0.001408s ]
INFO: [ app_begin ] --END-- [ RunTime:0.002525s ]
NOTIC: [8192] mysql_connect(): The mysql extension is deprecated and will be removed in the future: use mysqli or PDO instead D:\wamp\www\tcbb88.com\include\Library\Think\Db\Driver\Mysql.class.php 第 52 行.
SQL: SHOW COLUMNS FROM `pa_page` [ RunTime:0.001773s ]
SQL: SELECT * FROM `pa_page` WHERE ( `lang` = 'zh-cn' ) AND ( `unique_id` = 'kfzx' ) AND ( `display` = 1 ) LIMIT 1   [ RunTime:0.000391s ]
SQL: SELECT `unique_id`,`page_name` FROM `pa_page` WHERE ( `lang` = 'zh-cn' ) AND ( `unique_id` <> 'kfzx' ) AND ( `display` = 1 ) AND ( `parent_id` = 0 ) ORDER BY id DESC  [ RunTime:0.000363s ]
SQL: SELECT `unique_id`,`page_name` FROM `pa_page` WHERE ( `display` = 1 ) AND ( `parent_id` = 23 ) ORDER BY id DESC  [ RunTime:0.000285s ]
SQL: SHOW COLUMNS FROM `pa_ad` [ RunTime:0.001264s ]
SQL: SELECT * FROM `pa_ad` WHERE ( `lang` = 'zh-cn' ) AND ( (`position` = 'kfzx') OR (`position` = 'all') ) ORDER BY sort DESC  [ RunTime:0.000316s ]
INFO: [ view_parse ] --START--
NOTIC: [2] explode() expects parameter 2 to be string, array given D:\wamp\www\tcbb88.com\include\Library\Think\Template.class.php 第 169 行.
NOTIC: [2] Invalid argument supplied for foreach() D:\wamp\www\tcbb88.com\include\Library\Think\Template.class.php 第 170 行.
NOTIC: [2] explode() expects parameter 2 to be string, array given D:\wamp\www\tcbb88.com\include\Library\Think\Template.class.php 第 169 行.
NOTIC: [2] Invalid argument supplied for foreach() D:\wamp\www\tcbb88.com\include\Library\Think\Template.class.php 第 170 行.
NOTIC: [2] explode() expects parameter 2 to be string, array given D:\wamp\www\tcbb88.com\include\Library\Think\Template.class.php 第 169 行.
NOTIC: [2] Invalid argument supplied for foreach() D:\wamp\www\tcbb88.com\include\Library\Think\Template.class.php 第 170 行.
NOTIC: [8] Undefined index: limit D:\wamp\www\tcbb88.com\include\Library\Think\Template\TagLib\Weblock.class.php 第 88 行.
NOTIC: [8] Undefined index: limit D:\wamp\www\tcbb88.com\include\Library\Think\Template\TagLib\Weblock.class.php 第 88 行.
NOTIC: [8] Undefined index: limit D:\wamp\www\tcbb88.com\include\Library\Think\Template\TagLib\Weblock.class.php 第 88 行.
INFO: [ template_filter ] --START--
INFO: Run Behavior\ContentReplaceBehavior [ RunTime:0.000496s ]
INFO: [ template_filter ] --END-- [ RunTime:0.000783s ]
NOTIC: [8] Undefined index: m D:\wamp\www\tcbb88.com\include\Common\functions.php 第 885 行.
NOTIC: [8] Undefined index: m D:\wamp\www\tcbb88.com\include\Common\functions.php 第 885 行.
SQL: SHOW COLUMNS FROM `pa_nav` [ RunTime:0.001467s ]
SQL: SELECT * FROM `pa_nav` WHERE ( lang='zh-cn'  AND type='top' AND parent_id=0 ) ORDER BY sort DESC  [ RunTime:0.000364s ]
SQL: SELECT * FROM `pa_nav` WHERE ( parent_id=33 ) ORDER BY sort DESC  [ RunTime:0.000344s ]
SQL: SELECT * FROM `pa_nav` WHERE ( lang='zh-cn'  AND type='middle' AND parent_id=0 ) ORDER BY sort DESC  [ RunTime:0.000339s ]
SQL: SELECT * FROM `pa_nav` WHERE ( parent_id=1 ) ORDER BY sort DESC  [ RunTime:0.000308s ]
SQL: SELECT * FROM `pa_nav` WHERE ( parent_id=7 ) ORDER BY sort DESC  [ RunTime:0.000333s ]
SQL: SELECT * FROM `pa_nav` WHERE ( parent_id=16 ) ORDER BY sort DESC  [ RunTime:0.000330s ]
SQL: SELECT * FROM `pa_nav` WHERE ( parent_id=22 ) ORDER BY sort DESC  [ RunTime:0.000315s ]
SQL: SELECT * FROM `pa_nav` WHERE ( parent_id=29 ) ORDER BY sort DESC  [ RunTime:0.000297s ]
SQL: SELECT * FROM `pa_nav` WHERE ( lang='zh-cn'  AND type='bottom' AND parent_id=0 ) ORDER BY sort DESC  [ RunTime:0.000341s ]
SQL: SELECT * FROM `pa_nav` WHERE ( parent_id=39 ) ORDER BY sort DESC  [ RunTime:0.000278s ]
SQL: SELECT * FROM `pa_nav` WHERE ( parent_id=40 ) ORDER BY sort DESC  [ RunTime:0.000273s ]
SQL: SELECT * FROM `pa_nav` WHERE ( parent_id=41 ) ORDER BY sort DESC  [ RunTime:0.000280s ]
SQL: SELECT * FROM `pa_nav` WHERE ( parent_id=42 ) ORDER BY sort DESC  [ RunTime:0.000294s ]
SQL: SELECT * FROM `pa_nav` WHERE ( parent_id=43 ) ORDER BY sort DESC  [ RunTime:0.000292s ]
INFO: Run Behavior\ParseTemplateBehavior [ RunTime:0.053826s ]
INFO: [ view_parse ] --END-- [ RunTime:0.054139s ]
INFO: [ view_filter ] --START--
INFO: Run Behavior\WriteHtmlCacheBehavior [ RunTime:0.000497s ]
INFO: [ view_filter ] --END-- [ RunTime:0.000773s ]
INFO: [ app_end ] --START--
INFO: Run Behavior\ShowPageTraceBehavior [ RunTime:0.000704s ]
INFO: [ app_end ] --END-- [ RunTime:0.000996s ]

[ 2015-12-02T23:27:36+08:00 ] 101.226.166.217 /index.php/Member/index?goto=http%3A%2F%2Fwww.tcbb88.com%2Findex.php%2Fproduct%2Fread%2Fid%2F574
INFO: [ app_init ] --START--
INFO: Run Behavior\BuildLiteBehavior [ RunTime:0.000058s ]
INFO: [ app_init ] --END-- [ RunTime:0.000667s ]
INFO: [ app_begin ] --START--
INFO: Run Behavior\ReadHtmlCacheBehavior [ RunTime:0.000727s ]
INFO: Run Behavior\CheckLangBehavior [ RunTime:0.001568s ]
INFO: [ app_begin ] --END-- [ RunTime:0.003050s ]
INFO: [ view_parse ] --START--
NOTIC: [2] explode() expects parameter 2 to be string, array given D:\wamp\www\tcbb88.com\include\Library\Think\Template.class.php 第 169 行.
NOTIC: [2] Invalid argument supplied for foreach() D:\wamp\www\tcbb88.com\include\Library\Think\Template.class.php 第 170 行.
NOTIC: [2] explode() expects parameter 2 to be string, array given D:\wamp\www\tcbb88.com\include\Library\Think\Template.class.php 第 169 行.
NOTIC: [2] Invalid argument supplied for foreach() D:\wamp\www\tcbb88.com\include\Library\Think\Template.class.php 第 170 行.
NOTIC: [8] Undefined index: limit D:\wamp\www\tcbb88.com\include\Library\Think\Template\TagLib\Weblock.class.php 第 88 行.
NOTIC: [8] Undefined index: limit D:\wamp\www\tcbb88.com\include\Library\Think\Template\TagLib\Weblock.class.php 第 88 行.
NOTIC: [8] Undefined index: limit D:\wamp\www\tcbb88.com\include\Library\Think\Template\TagLib\Weblock.class.php 第 88 行.
INFO: [ template_filter ] --START--
INFO: Run Behavior\ContentReplaceBehavior [ RunTime:0.000532s ]
INFO: [ template_filter ] --END-- [ RunTime:0.000828s ]
NOTIC: [8] Undefined variable: webtitle D:\wamp\www\tcbb88.com\Application\Runtime\Cache\Home\fec31c49e38973483127c830dec35846.php 第 4 行.
NOTIC: [8] Undefined variable: info D:\wamp\www\tcbb88.com\Application\Runtime\Cache\Home\fec31c49e38973483127c830dec35846.php 第 5 行.
NOTIC: [8] Undefined variable: info D:\wamp\www\tcbb88.com\Application\Runtime\Cache\Home\fec31c49e38973483127c830dec35846.php 第 6 行.
NOTIC: [8] Undefined index: m D:\wamp\www\tcbb88.com\include\Common\functions.php 第 885 行.
NOTIC: [8] Undefined index: m D:\wamp\www\tcbb88.com\include\Common\functions.php 第 885 行.
NOTIC: [8192] mysql_connect(): The mysql extension is deprecated and will be removed in the future: use mysqli or PDO instead D:\wamp\www\tcbb88.com\include\Library\Think\Db\Driver\Mysql.class.php 第 52 行.
SQL: SHOW COLUMNS FROM `pa_nav` [ RunTime:0.001663s ]
SQL: SELECT * FROM `pa_nav` WHERE ( lang='zh-cn'  AND type='top' AND parent_id=0 ) ORDER BY sort DESC  [ RunTime:0.000440s ]
SQL: SELECT * FROM `pa_nav` WHERE ( parent_id=33 ) ORDER BY sort DESC  [ RunTime:0.000334s ]
SQL: SELECT * FROM `pa_nav` WHERE ( lang='zh-cn'  AND type='middle' AND parent_id=0 ) ORDER BY sort DESC  [ RunTime:0.000341s ]
SQL: SELECT * FROM `pa_nav` WHERE ( parent_id=1 ) ORDER BY sort DESC  [ RunTime:0.000352s ]
SQL: SELECT * FROM `pa_nav` WHERE ( parent_id=7 ) ORDER BY sort DESC  [ RunTime:0.000341s ]
SQL: SELECT * FROM `pa_nav` WHERE ( parent_id=16 ) ORDER BY sort DESC  [ RunTime:0.000342s ]
SQL: SELECT * FROM `pa_nav` WHERE ( parent_id=22 ) ORDER BY sort DESC  [ RunTime:0.000328s ]
SQL: SELECT * FROM `pa_nav` WHERE ( parent_id=29 ) ORDER BY sort DESC  [ RunTime:0.000301s ]
NOTIC: [8] Undefined index: m D:\wamp\www\tcbb88.com\include\Common\functions.php 第 885 行.
SQL: SELECT * FROM `pa_nav` WHERE ( lang='zh-cn'  AND type='bottom' AND parent_id=0 ) ORDER BY sort DESC  [ RunTime:0.000335s ]
SQL: SELECT * FROM `pa_nav` WHERE ( parent_id=39 ) ORDER BY sort DESC  [ RunTime:0.000309s ]
SQL: SELECT * FROM `pa_nav` WHERE ( parent_id=40 ) ORDER BY sort DESC  [ RunTime:0.000447s ]
SQL: SELECT * FROM `pa_nav` WHERE ( parent_id=41 ) ORDER BY sort DESC  [ RunTime:0.000376s ]
SQL: SELECT * FROM `pa_nav` WHERE ( parent_id=42 ) ORDER BY sort DESC  [ RunTime:0.000317s ]
SQL: SELECT * FROM `pa_nav` WHERE ( parent_id=43 ) ORDER BY sort DESC  [ RunTime:0.000283s ]
INFO: Run Behavior\ParseTemplateBehavior [ RunTime:0.070623s ]
INFO: [ view_parse ] --END-- [ RunTime:0.070914s ]
INFO: [ view_filter ] --START--
INFO: Run Behavior\WriteHtmlCacheBehavior [ RunTime:0.000575s ]
INFO: [ view_filter ] --END-- [ RunTime:0.000891s ]
INFO: [ app_end ] --START--
INFO: Run Behavior\ShowPageTraceBehavior [ RunTime:0.000675s ]
INFO: [ app_end ] --END-- [ RunTime:0.000955s ]

[ 2015-12-02T23:28:27+08:00 ] 101.226.167.200 /index.php/Member/index?goto=http%3A%2F%2Fwww.tcbb88.com%2Findex.php%2Fproduct%2Fread%2Fid%2F577
INFO: [ app_init ] --START--
INFO: Run Behavior\BuildLiteBehavior [ RunTime:0.000057s ]
INFO: [ app_init ] --END-- [ RunTime:0.000678s ]
INFO: [ app_begin ] --START--
INFO: Run Behavior\ReadHtmlCacheBehavior [ RunTime:0.000698s ]
INFO: Run Behavior\CheckLangBehavior [ RunTime:0.001671s ]
INFO: [ app_begin ] --END-- [ RunTime:0.003182s ]
INFO: [ view_parse ] --START--
NOTIC: [2] explode() expects parameter 2 to be string, array given D:\wamp\www\tcbb88.com\include\Library\Think\Template.class.php 第 169 行.
NOTIC: [2] Invalid argument supplied for foreach() D:\wamp\www\tcbb88.com\include\Library\Think\Template.class.php 第 170 行.
NOTIC: [2] explode() expects parameter 2 to be string, array given D:\wamp\www\tcbb88.com\include\Library\Think\Template.class.php 第 169 行.
NOTIC: [2] Invalid argument supplied for foreach() D:\wamp\www\tcbb88.com\include\Library\Think\Template.class.php 第 170 行.
NOTIC: [8] Undefined index: limit D:\wamp\www\tcbb88.com\include\Library\Think\Template\TagLib\Weblock.class.php 第 88 行.
NOTIC: [8] Undefined index: limit D:\wamp\www\tcbb88.com\include\Library\Think\Template\TagLib\Weblock.class.php 第 88 行.
NOTIC: [8] Undefined index: limit D:\wamp\www\tcbb88.com\include\Library\Think\Template\TagLib\Weblock.class.php 第 88 行.
INFO: [ template_filter ] --START--
INFO: Run Behavior\ContentReplaceBehavior [ RunTime:0.000525s ]
INFO: [ template_filter ] --END-- [ RunTime:0.000816s ]
NOTIC: [8] Undefined variable: webtitle D:\wamp\www\tcbb88.com\Application\Runtime\Cache\Home\fec31c49e38973483127c830dec35846.php 第 4 行.
NOTIC: [8] Undefined variable: info D:\wamp\www\tcbb88.com\Application\Runtime\Cache\Home\fec31c49e38973483127c830dec35846.php 第 5 行.
NOTIC: [8] Undefined variable: info D:\wamp\www\tcbb88.com\Application\Runtime\Cache\Home\fec31c49e38973483127c830dec35846.php 第 6 行.
NOTIC: [8] Undefined index: m D:\wamp\www\tcbb88.com\include\Common\functions.php 第 885 行.
NOTIC: [8] Undefined index: m D:\wamp\www\tcbb88.com\include\Common\functions.php 第 885 行.
NOTIC: [8192] mysql_connect(): The mysql extension is deprecated and will be removed in the future: use mysqli or PDO instead D:\wamp\www\tcbb88.com\include\Library\Think\Db\Driver\Mysql.class.php 第 52 行.
SQL: SHOW COLUMNS FROM `pa_nav` [ RunTime:0.001691s ]
SQL: SELECT * FROM `pa_nav` WHERE ( lang='zh-cn'  AND type='top' AND parent_id=0 ) ORDER BY sort DESC  [ RunTime:0.000424s ]
SQL: SELECT * FROM `pa_nav` WHERE ( parent_id=33 ) ORDER BY sort DESC  [ RunTime:0.000533s ]
SQL: SELECT * FROM `pa_nav` WHERE ( lang='zh-cn'  AND type='middle' AND parent_id=0 ) ORDER BY sort DESC  [ RunTime:0.000392s ]
SQL: SELECT * FROM `pa_nav` WHERE ( parent_id=1 ) ORDER BY sort DESC  [ RunTime:0.000324s ]
SQL: SELECT * FROM `pa_nav` WHERE ( parent_id=7 ) ORDER BY sort DESC  [ RunTime:0.000330s ]
SQL: SELECT * FROM `pa_nav` WHERE ( parent_id=16 ) ORDER BY sort DESC  [ RunTime:0.000312s ]
SQL: SELECT * FROM `pa_nav` WHERE ( parent_id=22 ) ORDER BY sort DESC  [ RunTime:0.000332s ]
SQL: SELECT * FROM `pa_nav` WHERE ( parent_id=29 ) ORDER BY sort DESC  [ RunTime:0.000349s ]
NOTIC: [8] Undefined index: m D:\wamp\www\tcbb88.com\include\Common\functions.php 第 885 行.
SQL: SELECT * FROM `pa_nav` WHERE ( lang='zh-cn'  AND type='bottom' AND parent_id=0 ) ORDER BY sort DESC  [ RunTime:0.000443s ]
SQL: SELECT * FROM `pa_nav` WHERE ( parent_id=39 ) ORDER BY sort DESC  [ RunTime:0.000300s ]
SQL: SELECT * FROM `pa_nav` WHERE ( parent_id=40 ) ORDER BY sort DESC  [ RunTime:0.000287s ]
SQL: SELECT * FROM `pa_nav` WHERE ( parent_id=41 ) ORDER BY sort DESC  [ RunTime:0.000285s ]
SQL: SELECT * FROM `pa_nav` WHERE ( parent_id=42 ) ORDER BY sort DESC  [ RunTime:0.000286s ]
SQL: SELECT * FROM `pa_nav` WHERE ( parent_id=43 ) ORDER BY sort DESC  [ RunTime:0.000294s ]
INFO: Run Behavior\ParseTemplateBehavior [ RunTime:0.070363s ]
INFO: [ view_parse ] --END-- [ RunTime:0.070676s ]
INFO: [ view_filter ] --START--
INFO: Run Behavior\WriteHtmlCacheBehavior [ RunTime:0.000467s ]
INFO: [ view_filter ] --END-- [ RunTime:0.000774s ]
INFO: [ app_end ] --START--
INFO: Run Behavior\ShowPageTraceBehavior [ RunTime:0.000698s ]
INFO: [ app_end ] --END-- [ RunTime:0.000980s ]

