[ 2016-01-16T23:48:11+08:00 ] 182.118.25.201 /index.php/Member/index?goto=http%3A%2F%2Fwww.tcbb88.com%2Findex.php%2Fproduct%2Fread%2Fid%2F566
INFO: [ app_init ] --START--
INFO: Run Behavior\BuildLiteBehavior [ RunTime:0.000058s ]
INFO: [ app_init ] --END-- [ RunTime:0.000681s ]
INFO: [ app_begin ] --START--
INFO: Run Behavior\ReadHtmlCacheBehavior [ RunTime:0.000890s ]
INFO: Run Behavior\CheckLangBehavior [ RunTime:0.001362s ]
INFO: [ app_begin ] --END-- [ RunTime:0.002739s ]
INFO: [ view_parse ] --START--
NOTIC: [2] explode() expects parameter 2 to be string, array given D:\wamp\www\tcbb88.com\include\Library\Think\Template.class.php 第 169 行.
NOTIC: [2] Invalid argument supplied for foreach() D:\wamp\www\tcbb88.com\include\Library\Think\Template.class.php 第 170 行.
NOTIC: [2] explode() expects parameter 2 to be string, array given D:\wamp\www\tcbb88.com\include\Library\Think\Template.class.php 第 169 行.
NOTIC: [2] Invalid argument supplied for foreach() D:\wamp\www\tcbb88.com\include\Library\Think\Template.class.php 第 170 行.
NOTIC: [8] Undefined index: limit D:\wamp\www\tcbb88.com\include\Library\Think\Template\TagLib\Weblock.class.php 第 88 行.
NOTIC: [8] Undefined index: limit D:\wamp\www\tcbb88.com\include\Library\Think\Template\TagLib\Weblock.class.php 第 88 行.
NOTIC: [8] Undefined index: limit D:\wamp\www\tcbb88.com\include\Library\Think\Template\TagLib\Weblock.class.php 第 88 行.
INFO: [ template_filter ] --START--
INFO: Run Behavior\ContentReplaceBehavior [ RunTime:0.000664s ]
INFO: [ template_filter ] --END-- [ RunTime:0.001133s ]
NOTIC: [8] Undefined variable: webtitle D:\wamp\www\tcbb88.com\Application\Runtime\Cache\Home\fec31c49e38973483127c830dec35846.php 第 4 行.
NOTIC: [8] Undefined variable: info D:\wamp\www\tcbb88.com\Application\Runtime\Cache\Home\fec31c49e38973483127c830dec35846.php 第 5 行.
NOTIC: [8] Undefined variable: info D:\wamp\www\tcbb88.com\Application\Runtime\Cache\Home\fec31c49e38973483127c830dec35846.php 第 6 行.
NOTIC: [8] Undefined index: m D:\wamp\www\tcbb88.com\include\Common\functions.php 第 885 行.
NOTIC: [8] Undefined index: m D:\wamp\www\tcbb88.com\include\Common\functions.php 第 885 行.
NOTIC: [8192] mysql_connect(): The mysql extension is deprecated and will be removed in the future: use mysqli or PDO instead D:\wamp\www\tcbb88.com\include\Library\Think\Db\Driver\Mysql.class.php 第 52 行.
SQL: SHOW COLUMNS FROM `pa_nav` [ RunTime:0.002210s ]
SQL: SELECT * FROM `pa_nav` WHERE ( lang='zh-cn'  AND type='top' AND parent_id=0 ) ORDER BY sort DESC  [ RunTime:0.000489s ]
SQL: SELECT * FROM `pa_nav` WHERE ( parent_id=33 ) ORDER BY sort DESC  [ RunTime:0.000396s ]
SQL: SELECT * FROM `pa_nav` WHERE ( lang='zh-cn'  AND type='middle' AND parent_id=0 ) ORDER BY sort DESC  [ RunTime:0.000396s ]
SQL: SELECT * FROM `pa_nav` WHERE ( parent_id=1 ) ORDER BY sort DESC  [ RunTime:0.000401s ]
SQL: SELECT * FROM `pa_nav` WHERE ( parent_id=7 ) ORDER BY sort DESC  [ RunTime:0.000423s ]
SQL: SELECT * FROM `pa_nav` WHERE ( parent_id=16 ) ORDER BY sort DESC  [ RunTime:0.000354s ]
SQL: SELECT * FROM `pa_nav` WHERE ( parent_id=22 ) ORDER BY sort DESC  [ RunTime:0.000471s ]
SQL: SELECT * FROM `pa_nav` WHERE ( parent_id=29 ) ORDER BY sort DESC  [ RunTime:0.000338s ]
NOTIC: [8] Undefined index: m D:\wamp\www\tcbb88.com\include\Common\functions.php 第 885 行.
SQL: SELECT * FROM `pa_nav` WHERE ( lang='zh-cn'  AND type='bottom' AND parent_id=0 ) ORDER BY sort DESC  [ RunTime:0.000354s ]
SQL: SELECT * FROM `pa_nav` WHERE ( parent_id=39 ) ORDER BY sort DESC  [ RunTime:0.000286s ]
SQL: SELECT * FROM `pa_nav` WHERE ( parent_id=40 ) ORDER BY sort DESC  [ RunTime:0.000283s ]
SQL: SELECT * FROM `pa_nav` WHERE ( parent_id=41 ) ORDER BY sort DESC  [ RunTime:0.000279s ]
SQL: SELECT * FROM `pa_nav` WHERE ( parent_id=42 ) ORDER BY sort DESC  [ RunTime:0.000279s ]
SQL: SELECT * FROM `pa_nav` WHERE ( parent_id=43 ) ORDER BY sort DESC  [ RunTime:0.000277s ]
INFO: Run Behavior\ParseTemplateBehavior [ RunTime:0.074956s ]
INFO: [ view_parse ] --END-- [ RunTime:0.075290s ]
INFO: [ view_filter ] --START--
INFO: Run Behavior\WriteHtmlCacheBehavior [ RunTime:0.000845s ]
INFO: [ view_filter ] --END-- [ RunTime:0.001120s ]
INFO: [ app_end ] --START--
INFO: Run Behavior\ShowPageTraceBehavior [ RunTime:0.000670s ]
INFO: [ app_end ] --END-- [ RunTime:0.000958s ]

[ 2016-01-16T23:49:39+08:00 ] 101.226.167.211 /index.php/Member/index?goto=http%3A%2F%2Fwww.tcbb88.com%2Findex.php%2Fproduct%2Fread%2Fid%2F622
INFO: [ app_init ] --START--
INFO: Run Behavior\BuildLiteBehavior [ RunTime:0.000065s ]
INFO: [ app_init ] --END-- [ RunTime:0.003765s ]
INFO: [ app_begin ] --START--
INFO: Run Behavior\ReadHtmlCacheBehavior [ RunTime:0.003943s ]
INFO: Run Behavior\CheckLangBehavior [ RunTime:0.013121s ]
INFO: [ app_begin ] --END-- [ RunTime:0.017600s ]
INFO: [ view_parse ] --START--
NOTIC: [2] explode() expects parameter 2 to be string, array given D:\wamp\www\tcbb88.com\include\Library\Think\Template.class.php 第 169 行.
NOTIC: [2] Invalid argument supplied for foreach() D:\wamp\www\tcbb88.com\include\Library\Think\Template.class.php 第 170 行.
NOTIC: [2] explode() expects parameter 2 to be string, array given D:\wamp\www\tcbb88.com\include\Library\Think\Template.class.php 第 169 行.
NOTIC: [2] Invalid argument supplied for foreach() D:\wamp\www\tcbb88.com\include\Library\Think\Template.class.php 第 170 行.
NOTIC: [8] Undefined index: limit D:\wamp\www\tcbb88.com\include\Library\Think\Template\TagLib\Weblock.class.php 第 88 行.
NOTIC: [8] Undefined index: limit D:\wamp\www\tcbb88.com\include\Library\Think\Template\TagLib\Weblock.class.php 第 88 行.
NOTIC: [8] Undefined index: limit D:\wamp\www\tcbb88.com\include\Library\Think\Template\TagLib\Weblock.class.php 第 88 行.
INFO: [ template_filter ] --START--
INFO: Run Behavior\ContentReplaceBehavior [ RunTime:0.000602s ]
INFO: [ template_filter ] --END-- [ RunTime:0.000899s ]
NOTIC: [8] Undefined variable: webtitle D:\wamp\www\tcbb88.com\Application\Runtime\Cache\Home\fec31c49e38973483127c830dec35846.php 第 4 行.
NOTIC: [8] Undefined variable: info D:\wamp\www\tcbb88.com\Application\Runtime\Cache\Home\fec31c49e38973483127c830dec35846.php 第 5 行.
NOTIC: [8] Undefined variable: info D:\wamp\www\tcbb88.com\Application\Runtime\Cache\Home\fec31c49e38973483127c830dec35846.php 第 6 行.
NOTIC: [8] Undefined index: m D:\wamp\www\tcbb88.com\include\Common\functions.php 第 885 行.
NOTIC: [8] Undefined index: m D:\wamp\www\tcbb88.com\include\Common\functions.php 第 885 行.
NOTIC: [8192] mysql_connect(): The mysql extension is deprecated and will be removed in the future: use mysqli or PDO instead D:\wamp\www\tcbb88.com\include\Library\Think\Db\Driver\Mysql.class.php 第 52 行.
SQL: SHOW COLUMNS FROM `pa_nav` [ RunTime:0.001640s ]
SQL: SELECT * FROM `pa_nav` WHERE ( lang='zh-cn'  AND type='top' AND parent_id=0 ) ORDER BY sort DESC  [ RunTime:0.000409s ]
SQL: SELECT * FROM `pa_nav` WHERE ( parent_id=33 ) ORDER BY sort DESC  [ RunTime:0.000316s ]
SQL: SELECT * FROM `pa_nav` WHERE ( lang='zh-cn'  AND type='middle' AND parent_id=0 ) ORDER BY sort DESC  [ RunTime:0.000342s ]
SQL: SELECT * FROM `pa_nav` WHERE ( parent_id=1 ) ORDER BY sort DESC  [ RunTime:0.000311s ]
SQL: SELECT * FROM `pa_nav` WHERE ( parent_id=7 ) ORDER BY sort DESC  [ RunTime:0.000323s ]
SQL: SELECT * FROM `pa_nav` WHERE ( parent_id=16 ) ORDER BY sort DESC  [ RunTime:0.000335s ]
SQL: SELECT * FROM `pa_nav` WHERE ( parent_id=22 ) ORDER BY sort DESC  [ RunTime:0.000322s ]
SQL: SELECT * FROM `pa_nav` WHERE ( parent_id=29 ) ORDER BY sort DESC  [ RunTime:0.000291s ]
NOTIC: [8] Undefined index: m D:\wamp\www\tcbb88.com\include\Common\functions.php 第 885 行.
SQL: SELECT * FROM `pa_nav` WHERE ( lang='zh-cn'  AND type='bottom' AND parent_id=0 ) ORDER BY sort DESC  [ RunTime:0.000333s ]
SQL: SELECT * FROM `pa_nav` WHERE ( parent_id=39 ) ORDER BY sort DESC  [ RunTime:0.000292s ]
SQL: SELECT * FROM `pa_nav` WHERE ( parent_id=40 ) ORDER BY sort DESC  [ RunTime:0.000267s ]
SQL: SELECT * FROM `pa_nav` WHERE ( parent_id=41 ) ORDER BY sort DESC  [ RunTime:0.000263s ]
SQL: SELECT * FROM `pa_nav` WHERE ( parent_id=42 ) ORDER BY sort DESC  [ RunTime:0.000264s ]
SQL: SELECT * FROM `pa_nav` WHERE ( parent_id=43 ) ORDER BY sort DESC  [ RunTime:0.000263s ]
INFO: Run Behavior\ParseTemplateBehavior [ RunTime:0.115882s ]
INFO: [ view_parse ] --END-- [ RunTime:0.116233s ]
INFO: [ view_filter ] --START--
INFO: Run Behavior\WriteHtmlCacheBehavior [ RunTime:0.001724s ]
INFO: [ view_filter ] --END-- [ RunTime:0.002028s ]
INFO: [ app_end ] --START--
INFO: Run Behavior\ShowPageTraceBehavior [ RunTime:0.018989s ]
INFO: [ app_end ] --END-- [ RunTime:0.019566s ]

[ 2016-01-16T23:50:38+08:00 ] 101.226.166.231 /index.php/Member/index?goto=http%3A%2F%2Fwww.tcbb88.com%2Findex.php%2Fproduct%2Fread%2Fid%2F585
INFO: [ app_init ] --START--
INFO: Run Behavior\BuildLiteBehavior [ RunTime:0.000058s ]
INFO: [ app_init ] --END-- [ RunTime:0.001208s ]
INFO: [ app_begin ] --START--
INFO: Run Behavior\ReadHtmlCacheBehavior [ RunTime:0.010601s ]
INFO: Run Behavior\CheckLangBehavior [ RunTime:0.003046s ]
INFO: [ app_begin ] --END-- [ RunTime:0.014162s ]
INFO: [ view_parse ] --START--
NOTIC: [2] explode() expects parameter 2 to be string, array given D:\wamp\www\tcbb88.com\include\Library\Think\Template.class.php 第 169 行.
NOTIC: [2] Invalid argument supplied for foreach() D:\wamp\www\tcbb88.com\include\Library\Think\Template.class.php 第 170 行.
NOTIC: [2] explode() expects parameter 2 to be string, array given D:\wamp\www\tcbb88.com\include\Library\Think\Template.class.php 第 169 行.
NOTIC: [2] Invalid argument supplied for foreach() D:\wamp\www\tcbb88.com\include\Library\Think\Template.class.php 第 170 行.
NOTIC: [8] Undefined index: limit D:\wamp\www\tcbb88.com\include\Library\Think\Template\TagLib\Weblock.class.php 第 88 行.
NOTIC: [8] Undefined index: limit D:\wamp\www\tcbb88.com\include\Library\Think\Template\TagLib\Weblock.class.php 第 88 行.
NOTIC: [8] Undefined index: limit D:\wamp\www\tcbb88.com\include\Library\Think\Template\TagLib\Weblock.class.php 第 88 行.
INFO: [ template_filter ] --START--
INFO: Run Behavior\ContentReplaceBehavior [ RunTime:0.000533s ]
INFO: [ template_filter ] --END-- [ RunTime:0.000827s ]
NOTIC: [8] Undefined variable: webtitle D:\wamp\www\tcbb88.com\Application\Runtime\Cache\Home\fec31c49e38973483127c830dec35846.php 第 4 行.
NOTIC: [8] Undefined variable: info D:\wamp\www\tcbb88.com\Application\Runtime\Cache\Home\fec31c49e38973483127c830dec35846.php 第 5 行.
NOTIC: [8] Undefined variable: info D:\wamp\www\tcbb88.com\Application\Runtime\Cache\Home\fec31c49e38973483127c830dec35846.php 第 6 行.
NOTIC: [8] Undefined index: m D:\wamp\www\tcbb88.com\include\Common\functions.php 第 885 行.
NOTIC: [8] Undefined index: m D:\wamp\www\tcbb88.com\include\Common\functions.php 第 885 行.
NOTIC: [8192] mysql_connect(): The mysql extension is deprecated and will be removed in the future: use mysqli or PDO instead D:\wamp\www\tcbb88.com\include\Library\Think\Db\Driver\Mysql.class.php 第 52 行.
SQL: SHOW COLUMNS FROM `pa_nav` [ RunTime:0.001747s ]
SQL: SELECT * FROM `pa_nav` WHERE ( lang='zh-cn'  AND type='top' AND parent_id=0 ) ORDER BY sort DESC  [ RunTime:0.000423s ]
SQL: SELECT * FROM `pa_nav` WHERE ( parent_id=33 ) ORDER BY sort DESC  [ RunTime:0.000323s ]
SQL: SELECT * FROM `pa_nav` WHERE ( lang='zh-cn'  AND type='middle' AND parent_id=0 ) ORDER BY sort DESC  [ RunTime:0.000389s ]
SQL: SELECT * FROM `pa_nav` WHERE ( parent_id=1 ) ORDER BY sort DESC  [ RunTime:0.000342s ]
SQL: SELECT * FROM `pa_nav` WHERE ( parent_id=7 ) ORDER BY sort DESC  [ RunTime:0.000334s ]
SQL: SELECT * FROM `pa_nav` WHERE ( parent_id=16 ) ORDER BY sort DESC  [ RunTime:0.000324s ]
SQL: SELECT * FROM `pa_nav` WHERE ( parent_id=22 ) ORDER BY sort DESC  [ RunTime:0.000347s ]
SQL: SELECT * FROM `pa_nav` WHERE ( parent_id=29 ) ORDER BY sort DESC  [ RunTime:0.000328s ]
NOTIC: [8] Undefined index: m D:\wamp\www\tcbb88.com\include\Common\functions.php 第 885 行.
SQL: SELECT * FROM `pa_nav` WHERE ( lang='zh-cn'  AND type='bottom' AND parent_id=0 ) ORDER BY sort DESC  [ RunTime:0.000357s ]
SQL: SELECT * FROM `pa_nav` WHERE ( parent_id=39 ) ORDER BY sort DESC  [ RunTime:0.000575s ]
SQL: SELECT * FROM `pa_nav` WHERE ( parent_id=40 ) ORDER BY sort DESC  [ RunTime:0.000294s ]
SQL: SELECT * FROM `pa_nav` WHERE ( parent_id=41 ) ORDER BY sort DESC  [ RunTime:0.000298s ]
SQL: SELECT * FROM `pa_nav` WHERE ( parent_id=42 ) ORDER BY sort DESC  [ RunTime:0.000300s ]
SQL: SELECT * FROM `pa_nav` WHERE ( parent_id=43 ) ORDER BY sort DESC  [ RunTime:0.000293s ]
INFO: Run Behavior\ParseTemplateBehavior [ RunTime:0.091688s ]
INFO: [ view_parse ] --END-- [ RunTime:0.091981s ]
INFO: [ view_filter ] --START--
INFO: Run Behavior\WriteHtmlCacheBehavior [ RunTime:0.001404s ]
INFO: [ view_filter ] --END-- [ RunTime:0.001688s ]
INFO: [ app_end ] --START--
INFO: Run Behavior\ShowPageTraceBehavior [ RunTime:0.001445s ]
INFO: [ app_end ] --END-- [ RunTime:0.001785s ]

[ 2016-01-16T23:52:31+08:00 ] 101.226.168.247 /index.php/Member/index?goto=http%3A%2F%2Fwww.tcbb88.com%2Findex.php%2Fproduct%2Fread%2Fid%2F569
INFO: [ app_init ] --START--
INFO: Run Behavior\BuildLiteBehavior [ RunTime:0.000057s ]
INFO: [ app_init ] --END-- [ RunTime:0.000668s ]
INFO: [ app_begin ] --START--
INFO: Run Behavior\ReadHtmlCacheBehavior [ RunTime:0.000663s ]
INFO: Run Behavior\CheckLangBehavior [ RunTime:0.001407s ]
INFO: [ app_begin ] --END-- [ RunTime:0.002528s ]
INFO: [ view_parse ] --START--
NOTIC: [2] explode() expects parameter 2 to be string, array given D:\wamp\www\tcbb88.com\include\Library\Think\Template.class.php 第 169 行.
NOTIC: [2] Invalid argument supplied for foreach() D:\wamp\www\tcbb88.com\include\Library\Think\Template.class.php 第 170 行.
NOTIC: [2] explode() expects parameter 2 to be string, array given D:\wamp\www\tcbb88.com\include\Library\Think\Template.class.php 第 169 行.
NOTIC: [2] Invalid argument supplied for foreach() D:\wamp\www\tcbb88.com\include\Library\Think\Template.class.php 第 170 行.
NOTIC: [8] Undefined index: limit D:\wamp\www\tcbb88.com\include\Library\Think\Template\TagLib\Weblock.class.php 第 88 行.
NOTIC: [8] Undefined index: limit D:\wamp\www\tcbb88.com\include\Library\Think\Template\TagLib\Weblock.class.php 第 88 行.
NOTIC: [8] Undefined index: limit D:\wamp\www\tcbb88.com\include\Library\Think\Template\TagLib\Weblock.class.php 第 88 行.
INFO: [ template_filter ] --START--
INFO: Run Behavior\ContentReplaceBehavior [ RunTime:0.000542s ]
INFO: [ template_filter ] --END-- [ RunTime:0.000868s ]
NOTIC: [8] Undefined variable: webtitle D:\wamp\www\tcbb88.com\Application\Runtime\Cache\Home\fec31c49e38973483127c830dec35846.php 第 4 行.
NOTIC: [8] Undefined variable: info D:\wamp\www\tcbb88.com\Application\Runtime\Cache\Home\fec31c49e38973483127c830dec35846.php 第 5 行.
NOTIC: [8] Undefined variable: info D:\wamp\www\tcbb88.com\Application\Runtime\Cache\Home\fec31c49e38973483127c830dec35846.php 第 6 行.
NOTIC: [8] Undefined index: m D:\wamp\www\tcbb88.com\include\Common\functions.php 第 885 行.
NOTIC: [8] Undefined index: m D:\wamp\www\tcbb88.com\include\Common\functions.php 第 885 行.
NOTIC: [8192] mysql_connect(): The mysql extension is deprecated and will be removed in the future: use mysqli or PDO instead D:\wamp\www\tcbb88.com\include\Library\Think\Db\Driver\Mysql.class.php 第 52 行.
SQL: SHOW COLUMNS FROM `pa_nav` [ RunTime:0.001748s ]
SQL: SELECT * FROM `pa_nav` WHERE ( lang='zh-cn'  AND type='top' AND parent_id=0 ) ORDER BY sort DESC  [ RunTime:0.000398s ]
SQL: SELECT * FROM `pa_nav` WHERE ( parent_id=33 ) ORDER BY sort DESC  [ RunTime:0.000335s ]
SQL: SELECT * FROM `pa_nav` WHERE ( lang='zh-cn'  AND type='middle' AND parent_id=0 ) ORDER BY sort DESC  [ RunTime:0.000457s ]
SQL: SELECT * FROM `pa_nav` WHERE ( parent_id=1 ) ORDER BY sort DESC  [ RunTime:0.000400s ]
SQL: SELECT * FROM `pa_nav` WHERE ( parent_id=7 ) ORDER BY sort DESC  [ RunTime:0.000359s ]
SQL: SELECT * FROM `pa_nav` WHERE ( parent_id=16 ) ORDER BY sort DESC  [ RunTime:0.000313s ]
SQL: SELECT * FROM `pa_nav` WHERE ( parent_id=22 ) ORDER BY sort DESC  [ RunTime:0.000354s ]
SQL: SELECT * FROM `pa_nav` WHERE ( parent_id=29 ) ORDER BY sort DESC  [ RunTime:0.000322s ]
NOTIC: [8] Undefined index: m D:\wamp\www\tcbb88.com\include\Common\functions.php 第 885 行.
SQL: SELECT * FROM `pa_nav` WHERE ( lang='zh-cn'  AND type='bottom' AND parent_id=0 ) ORDER BY sort DESC  [ RunTime:0.000325s ]
SQL: SELECT * FROM `pa_nav` WHERE ( parent_id=39 ) ORDER BY sort DESC  [ RunTime:0.000299s ]
SQL: SELECT * FROM `pa_nav` WHERE ( parent_id=40 ) ORDER BY sort DESC  [ RunTime:0.000271s ]
SQL: SELECT * FROM `pa_nav` WHERE ( parent_id=41 ) ORDER BY sort DESC  [ RunTime:0.000267s ]
SQL: SELECT * FROM `pa_nav` WHERE ( parent_id=42 ) ORDER BY sort DESC  [ RunTime:0.000264s ]
SQL: SELECT * FROM `pa_nav` WHERE ( parent_id=43 ) ORDER BY sort DESC  [ RunTime:0.000266s ]
INFO: Run Behavior\ParseTemplateBehavior [ RunTime:0.077227s ]
INFO: [ view_parse ] --END-- [ RunTime:0.077677s ]
INFO: [ view_filter ] --START--
INFO: Run Behavior\WriteHtmlCacheBehavior [ RunTime:0.000619s ]
INFO: [ view_filter ] --END-- [ RunTime:0.000905s ]
INFO: [ app_end ] --START--
INFO: Run Behavior\ShowPageTraceBehavior [ RunTime:0.000821s ]
INFO: [ app_end ] --END-- [ RunTime:0.001106s ]

[ 2016-01-16T23:52:36+08:00 ] 101.226.168.196 /index.php/Member/index?goto=http%3A%2F%2Fwww.tcbb88.com%2Findex.php%2Fproduct%2Fread%2Fid%2F577
INFO: [ app_init ] --START--
INFO: Run Behavior\BuildLiteBehavior [ RunTime:0.000059s ]
INFO: [ app_init ] --END-- [ RunTime:0.000690s ]
INFO: [ app_begin ] --START--
INFO: Run Behavior\ReadHtmlCacheBehavior [ RunTime:0.000618s ]
INFO: Run Behavior\CheckLangBehavior [ RunTime:0.001332s ]
INFO: [ app_begin ] --END-- [ RunTime:0.002438s ]
INFO: [ view_parse ] --START--
NOTIC: [2] explode() expects parameter 2 to be string, array given D:\wamp\www\tcbb88.com\include\Library\Think\Template.class.php 第 169 行.
NOTIC: [2] Invalid argument supplied for foreach() D:\wamp\www\tcbb88.com\include\Library\Think\Template.class.php 第 170 行.
NOTIC: [2] explode() expects parameter 2 to be string, array given D:\wamp\www\tcbb88.com\include\Library\Think\Template.class.php 第 169 行.
NOTIC: [2] Invalid argument supplied for foreach() D:\wamp\www\tcbb88.com\include\Library\Think\Template.class.php 第 170 行.
NOTIC: [8] Undefined index: limit D:\wamp\www\tcbb88.com\include\Library\Think\Template\TagLib\Weblock.class.php 第 88 行.
NOTIC: [8] Undefined index: limit D:\wamp\www\tcbb88.com\include\Library\Think\Template\TagLib\Weblock.class.php 第 88 行.
NOTIC: [8] Undefined index: limit D:\wamp\www\tcbb88.com\include\Library\Think\Template\TagLib\Weblock.class.php 第 88 行.
INFO: [ template_filter ] --START--
INFO: Run Behavior\ContentReplaceBehavior [ RunTime:0.000567s ]
INFO: [ template_filter ] --END-- [ RunTime:0.000857s ]
NOTIC: [8] Undefined variable: webtitle D:\wamp\www\tcbb88.com\Application\Runtime\Cache\Home\fec31c49e38973483127c830dec35846.php 第 4 行.
NOTIC: [8] Undefined variable: info D:\wamp\www\tcbb88.com\Application\Runtime\Cache\Home\fec31c49e38973483127c830dec35846.php 第 5 行.
NOTIC: [8] Undefined variable: info D:\wamp\www\tcbb88.com\Application\Runtime\Cache\Home\fec31c49e38973483127c830dec35846.php 第 6 行.
NOTIC: [8] Undefined index: m D:\wamp\www\tcbb88.com\include\Common\functions.php 第 885 行.
NOTIC: [8] Undefined index: m D:\wamp\www\tcbb88.com\include\Common\functions.php 第 885 行.
NOTIC: [8192] mysql_connect(): The mysql extension is deprecated and will be removed in the future: use mysqli or PDO instead D:\wamp\www\tcbb88.com\include\Library\Think\Db\Driver\Mysql.class.php 第 52 行.
SQL: SHOW COLUMNS FROM `pa_nav` [ RunTime:0.002079s ]
SQL: SELECT * FROM `pa_nav` WHERE ( lang='zh-cn'  AND type='top' AND parent_id=0 ) ORDER BY sort DESC  [ RunTime:0.000489s ]
SQL: SELECT * FROM `pa_nav` WHERE ( parent_id=33 ) ORDER BY sort DESC  [ RunTime:0.000415s ]
SQL: SELECT * FROM `pa_nav` WHERE ( lang='zh-cn'  AND type='middle' AND parent_id=0 ) ORDER BY sort DESC  [ RunTime:0.000398s ]
SQL: SELECT * FROM `pa_nav` WHERE ( parent_id=1 ) ORDER BY sort DESC  [ RunTime:0.000421s ]
SQL: SELECT * FROM `pa_nav` WHERE ( parent_id=7 ) ORDER BY sort DESC  [ RunTime:0.000360s ]
SQL: SELECT * FROM `pa_nav` WHERE ( parent_id=16 ) ORDER BY sort DESC  [ RunTime:0.000332s ]
SQL: SELECT * FROM `pa_nav` WHERE ( parent_id=22 ) ORDER BY sort DESC  [ RunTime:0.000318s ]
SQL: SELECT * FROM `pa_nav` WHERE ( parent_id=29 ) ORDER BY sort DESC  [ RunTime:0.000330s ]
NOTIC: [8] Undefined index: m D:\wamp\www\tcbb88.com\include\Common\functions.php 第 885 行.
SQL: SELECT * FROM `pa_nav` WHERE ( lang='zh-cn'  AND type='bottom' AND parent_id=0 ) ORDER BY sort DESC  [ RunTime:0.000332s ]
SQL: SELECT * FROM `pa_nav` WHERE ( parent_id=39 ) ORDER BY sort DESC  [ RunTime:0.000270s ]
SQL: SELECT * FROM `pa_nav` WHERE ( parent_id=40 ) ORDER BY sort DESC  [ RunTime:0.000278s ]
SQL: SELECT * FROM `pa_nav` WHERE ( parent_id=41 ) ORDER BY sort DESC  [ RunTime:0.000277s ]
SQL: SELECT * FROM `pa_nav` WHERE ( parent_id=42 ) ORDER BY sort DESC  [ RunTime:0.000283s ]
SQL: SELECT * FROM `pa_nav` WHERE ( parent_id=43 ) ORDER BY sort DESC  [ RunTime:0.000312s ]
INFO: Run Behavior\ParseTemplateBehavior [ RunTime:0.063472s ]
INFO: [ view_parse ] --END-- [ RunTime:0.063760s ]
INFO: [ view_filter ] --START--
INFO: Run Behavior\WriteHtmlCacheBehavior [ RunTime:0.000595s ]
INFO: [ view_filter ] --END-- [ RunTime:0.000871s ]
INFO: [ app_end ] --START--
INFO: Run Behavior\ShowPageTraceBehavior [ RunTime:0.000679s ]
INFO: [ app_end ] --END-- [ RunTime:0.000989s ]

[ 2016-01-16T23:52:45+08:00 ] 101.226.168.219 /index.php/Member/index?goto=http%3A%2F%2Fwww.tcbb88.com%2Findex.php%2Fproduct%2Fread%2Fid%2F605
INFO: [ app_init ] --START--
INFO: Run Behavior\BuildLiteBehavior [ RunTime:0.000057s ]
INFO: [ app_init ] --END-- [ RunTime:0.000651s ]
INFO: [ app_begin ] --START--
INFO: Run Behavior\ReadHtmlCacheBehavior [ RunTime:0.000684s ]
INFO: Run Behavior\CheckLangBehavior [ RunTime:0.001328s ]
INFO: [ app_begin ] --END-- [ RunTime:0.002522s ]
INFO: [ view_parse ] --START--
NOTIC: [2] explode() expects parameter 2 to be string, array given D:\wamp\www\tcbb88.com\include\Library\Think\Template.class.php 第 169 行.
NOTIC: [2] Invalid argument supplied for foreach() D:\wamp\www\tcbb88.com\include\Library\Think\Template.class.php 第 170 行.
NOTIC: [2] explode() expects parameter 2 to be string, array given D:\wamp\www\tcbb88.com\include\Library\Think\Template.class.php 第 169 行.
NOTIC: [2] Invalid argument supplied for foreach() D:\wamp\www\tcbb88.com\include\Library\Think\Template.class.php 第 170 行.
NOTIC: [8] Undefined index: limit D:\wamp\www\tcbb88.com\include\Library\Think\Template\TagLib\Weblock.class.php 第 88 行.
NOTIC: [8] Undefined index: limit D:\wamp\www\tcbb88.com\include\Library\Think\Template\TagLib\Weblock.class.php 第 88 行.
NOTIC: [8] Undefined index: limit D:\wamp\www\tcbb88.com\include\Library\Think\Template\TagLib\Weblock.class.php 第 88 行.
INFO: [ template_filter ] --START--
INFO: Run Behavior\ContentReplaceBehavior [ RunTime:0.000524s ]
INFO: [ template_filter ] --END-- [ RunTime:0.000807s ]
NOTIC: [8] Undefined variable: webtitle D:\wamp\www\tcbb88.com\Application\Runtime\Cache\Home\fec31c49e38973483127c830dec35846.php 第 4 行.
NOTIC: [8] Undefined variable: info D:\wamp\www\tcbb88.com\Application\Runtime\Cache\Home\fec31c49e38973483127c830dec35846.php 第 5 行.
NOTIC: [8] Undefined variable: info D:\wamp\www\tcbb88.com\Application\Runtime\Cache\Home\fec31c49e38973483127c830dec35846.php 第 6 行.
NOTIC: [8] Undefined index: m D:\wamp\www\tcbb88.com\include\Common\functions.php 第 885 行.
NOTIC: [8] Undefined index: m D:\wamp\www\tcbb88.com\include\Common\functions.php 第 885 行.
NOTIC: [8192] mysql_connect(): The mysql extension is deprecated and will be removed in the future: use mysqli or PDO instead D:\wamp\www\tcbb88.com\include\Library\Think\Db\Driver\Mysql.class.php 第 52 行.
SQL: SHOW COLUMNS FROM `pa_nav` [ RunTime:0.001708s ]
SQL: SELECT * FROM `pa_nav` WHERE ( lang='zh-cn'  AND type='top' AND parent_id=0 ) ORDER BY sort DESC  [ RunTime:0.000404s ]
SQL: SELECT * FROM `pa_nav` WHERE ( parent_id=33 ) ORDER BY sort DESC  [ RunTime:0.000320s ]
SQL: SELECT * FROM `pa_nav` WHERE ( lang='zh-cn'  AND type='middle' AND parent_id=0 ) ORDER BY sort DESC  [ RunTime:0.000357s ]
SQL: SELECT * FROM `pa_nav` WHERE ( parent_id=1 ) ORDER BY sort DESC  [ RunTime:0.000324s ]
SQL: SELECT * FROM `pa_nav` WHERE ( parent_id=7 ) ORDER BY sort DESC  [ RunTime:0.000441s ]
SQL: SELECT * FROM `pa_nav` WHERE ( parent_id=16 ) ORDER BY sort DESC  [ RunTime:0.000394s ]
SQL: SELECT * FROM `pa_nav` WHERE ( parent_id=22 ) ORDER BY sort DESC  [ RunTime:0.000347s ]
SQL: SELECT * FROM `pa_nav` WHERE ( parent_id=29 ) ORDER BY sort DESC  [ RunTime:0.000318s ]
NOTIC: [8] Undefined index: m D:\wamp\www\tcbb88.com\include\Common\functions.php 第 885 行.
SQL: SELECT * FROM `pa_nav` WHERE ( lang='zh-cn'  AND type='bottom' AND parent_id=0 ) ORDER BY sort DESC  [ RunTime:0.000366s ]
SQL: SELECT * FROM `pa_nav` WHERE ( parent_id=39 ) ORDER BY sort DESC  [ RunTime:0.000293s ]
SQL: SELECT * FROM `pa_nav` WHERE ( parent_id=40 ) ORDER BY sort DESC  [ RunTime:0.000290s ]
SQL: SELECT * FROM `pa_nav` WHERE ( parent_id=41 ) ORDER BY sort DESC  [ RunTime:0.000309s ]
SQL: SELECT * FROM `pa_nav` WHERE ( parent_id=42 ) ORDER BY sort DESC  [ RunTime:0.000291s ]
SQL: SELECT * FROM `pa_nav` WHERE ( parent_id=43 ) ORDER BY sort DESC  [ RunTime:0.000334s ]
INFO: Run Behavior\ParseTemplateBehavior [ RunTime:0.058788s ]
INFO: [ view_parse ] --END-- [ RunTime:0.059076s ]
INFO: [ view_filter ] --START--
INFO: Run Behavior\WriteHtmlCacheBehavior [ RunTime:0.000461s ]
INFO: [ view_filter ] --END-- [ RunTime:0.000738s ]
INFO: [ app_end ] --START--
INFO: Run Behavior\ShowPageTraceBehavior [ RunTime:0.000677s ]
INFO: [ app_end ] --END-- [ RunTime:0.000964s ]

[ 2016-01-16T23:52:54+08:00 ] 136.243.154.96 /index.php/news/read/id/121
INFO: [ app_init ] --START--
INFO: Run Behavior\BuildLiteBehavior [ RunTime:0.000059s ]
INFO: [ app_init ] --END-- [ RunTime:0.000651s ]
INFO: [ app_begin ] --START--
INFO: Run Behavior\ReadHtmlCacheBehavior [ RunTime:0.000590s ]
INFO: Run Behavior\CheckLangBehavior [ RunTime:0.001082s ]
INFO: [ app_begin ] --END-- [ RunTime:0.002158s ]
NOTIC: [8192] mysql_connect(): The mysql extension is deprecated and will be removed in the future: use mysqli or PDO instead D:\wamp\www\tcbb88.com\include\Library\Think\Db\Driver\Mysql.class.php 第 52 行.
SQL: SHOW COLUMNS FROM `pa_news` [ RunTime:0.003824s ]
SQL: SELECT * FROM `pa_news` WHERE ( `id` = 121 ) LIMIT 1   [ RunTime:0.032821s ]
SQL: SHOW COLUMNS FROM `pa_category` [ RunTime:0.020619s ]
SQL: SELECT `name` FROM `pa_category` WHERE ( `cid` = 5 ) LIMIT 1   [ RunTime:0.000346s ]
SQL: SHOW COLUMNS FROM `pa_admin` [ RunTime:0.022940s ]
SQL: SELECT `nickname` FROM `pa_admin` WHERE ( `aid` = 1 ) LIMIT 1   [ RunTime:0.000348s ]
SQL: UPDATE `pa_news` SET `click`=click+1 WHERE ( `id` = 121 ) [ RunTime:0.000372s ]
INFO: [ view_parse ] --START--
NOTIC: [2] explode() expects parameter 2 to be string, array given D:\wamp\www\tcbb88.com\include\Library\Think\Template.class.php 第 169 行.
NOTIC: [2] Invalid argument supplied for foreach() D:\wamp\www\tcbb88.com\include\Library\Think\Template.class.php 第 170 行.
NOTIC: [2] explode() expects parameter 2 to be string, array given D:\wamp\www\tcbb88.com\include\Library\Think\Template.class.php 第 169 行.
NOTIC: [2] Invalid argument supplied for foreach() D:\wamp\www\tcbb88.com\include\Library\Think\Template.class.php 第 170 行.
NOTIC: [8] Undefined index: where D:\wamp\www\tcbb88.com\include\Library\Think\Template\TagLib\Weblock.class.php 第 37 行.
NOTIC: [8] Undefined index: where D:\wamp\www\tcbb88.com\include\Library\Think\Template\TagLib\Weblock.class.php 第 63 行.
NOTIC: [8] Undefined index: limit D:\wamp\www\tcbb88.com\include\Library\Think\Template\TagLib\Weblock.class.php 第 88 行.
NOTIC: [8] Undefined index: limit D:\wamp\www\tcbb88.com\include\Library\Think\Template\TagLib\Weblock.class.php 第 88 行.
NOTIC: [8] Undefined index: limit D:\wamp\www\tcbb88.com\include\Library\Think\Template\TagLib\Weblock.class.php 第 88 行.
INFO: [ template_filter ] --START--
INFO: Run Behavior\ContentReplaceBehavior [ RunTime:0.000562s ]
INFO: [ template_filter ] --END-- [ RunTime:0.000872s ]
NOTIC: [8] Undefined index: m D:\wamp\www\tcbb88.com\include\Common\functions.php 第 885 行.
NOTIC: [8] Undefined index: m D:\wamp\www\tcbb88.com\include\Common\functions.php 第 885 行.
SQL: SHOW COLUMNS FROM `pa_nav` [ RunTime:0.001831s ]
SQL: SELECT * FROM `pa_nav` WHERE ( lang='zh-cn'  AND type='top' AND parent_id=0 ) ORDER BY sort DESC  [ RunTime:0.000434s ]
SQL: SELECT * FROM `pa_nav` WHERE ( parent_id=33 ) ORDER BY sort DESC  [ RunTime:0.000325s ]
SQL: SELECT * FROM `pa_nav` WHERE ( lang='zh-cn'  AND type='middle' AND parent_id=0 ) ORDER BY sort DESC  [ RunTime:0.000333s ]
SQL: SELECT * FROM `pa_nav` WHERE ( parent_id=1 ) ORDER BY sort DESC  [ RunTime:0.000310s ]
SQL: SELECT * FROM `pa_nav` WHERE ( parent_id=7 ) ORDER BY sort DESC  [ RunTime:0.000331s ]
SQL: SELECT * FROM `pa_nav` WHERE ( parent_id=16 ) ORDER BY sort DESC  [ RunTime:0.000305s ]
SQL: SELECT * FROM `pa_nav` WHERE ( parent_id=22 ) ORDER BY sort DESC  [ RunTime:0.000298s ]
SQL: SELECT * FROM `pa_nav` WHERE ( parent_id=29 ) ORDER BY sort DESC  [ RunTime:0.000280s ]
NOTIC: [8] Undefined index: m D:\wamp\www\tcbb88.com\include\Common\functions.php 第 885 行.
SQL: SELECT `id`,`cid`,`title`,`update_time`,`image_id`,`status`,`published`,`summary` FROM `pa_news` WHERE ( cid=2 AND status=1 AND lang='zh-cn' ) ORDER BY id DESC LIMIT 5   [ RunTime:0.113684s ]
NOTIC: [8] Undefined index: m D:\wamp\www\tcbb88.com\include\Common\functions.php 第 885 行.
NOTIC: [8] Undefined offset: 19 D:\wamp\www\tcbb88.com\Application\Common\Common\function.php 第 247 行.
NOTIC: [8] Undefined offset: 20 D:\wamp\www\tcbb88.com\Application\Common\Common\function.php 第 247 行.
NOTIC: [8] Undefined offset: 21 D:\wamp\www\tcbb88.com\Application\Common\Common\function.php 第 247 行.
NOTIC: [8] Undefined offset: 22 D:\wamp\www\tcbb88.com\Application\Common\Common\function.php 第 247 行.
NOTIC: [8] Undefined offset: 23 D:\wamp\www\tcbb88.com\Application\Common\Common\function.php 第 247 行.
NOTIC: [8] Undefined offset: 24 D:\wamp\www\tcbb88.com\Application\Common\Common\function.php 第 247 行.
NOTIC: [8] Undefined offset: 25 D:\wamp\www\tcbb88.com\Application\Common\Common\function.php 第 247 行.
NOTIC: [8] Undefined offset: 26 D:\wamp\www\tcbb88.com\Application\Common\Common\function.php 第 247 行.
NOTIC: [8] Undefined offset: 27 D:\wamp\www\tcbb88.com\Application\Common\Common\function.php 第 247 行.
NOTIC: [8] Undefined offset: 28 D:\wamp\www\tcbb88.com\Application\Common\Common\function.php 第 247 行.
NOTIC: [8] Undefined offset: 29 D:\wamp\www\tcbb88.com\Application\Common\Common\function.php 第 247 行.
NOTIC: [8] Undefined index: m D:\wamp\www\tcbb88.com\include\Common\functions.php 第 885 行.
NOTIC: [8] Undefined offset: 12 D:\wamp\www\tcbb88.com\Application\Common\Common\function.php 第 247 行.
NOTIC: [8] Undefined offset: 13 D:\wamp\www\tcbb88.com\Application\Common\Common\function.php 第 247 行.
NOTIC: [8] Undefined offset: 14 D:\wamp\www\tcbb88.com\Application\Common\Common\function.php 第 247 行.
NOTIC: [8] Undefined offset: 15 D:\wamp\www\tcbb88.com\Application\Common\Common\function.php 第 247 行.
NOTIC: [8] Undefined offset: 16 D:\wamp\www\tcbb88.com\Application\Common\Common\function.php 第 247 行.
NOTIC: [8] Undefined offset: 17 D:\wamp\www\tcbb88.com\Application\Common\Common\function.php 第 247 行.
NOTIC: [8] Undefined offset: 18 D:\wamp\www\tcbb88.com\Application\Common\Common\function.php 第 247 行.
NOTIC: [8] Undefined offset: 19 D:\wamp\www\tcbb88.com\Application\Common\Common\function.php 第 247 行.
NOTIC: [8] Undefined offset: 20 D:\wamp\www\tcbb88.com\Application\Common\Common\function.php 第 247 行.
NOTIC: [8] Undefined offset: 21 D:\wamp\www\tcbb88.com\Application\Common\Common\function.php 第 247 行.
NOTIC: [8] Undefined offset: 22 D:\wamp\www\tcbb88.com\Application\Common\Common\function.php 第 247 行.
NOTIC: [8] Undefined offset: 23 D:\wamp\www\tcbb88.com\Application\Common\Common\function.php 第 247 行.
NOTIC: [8] Undefined offset: 24 D:\wamp\www\tcbb88.com\Application\Common\Common\function.php 第 247 行.
NOTIC: [8] Undefined offset: 25 D:\wamp\www\tcbb88.com\Application\Common\Common\function.php 第 247 行.
NOTIC: [8] Undefined offset: 26 D:\wamp\www\tcbb88.com\Application\Common\Common\function.php 第 247 行.
NOTIC: [8] Undefined offset: 27 D:\wamp\www\tcbb88.com\Application\Common\Common\function.php 第 247 行.
NOTIC: [8] Undefined offset: 28 D:\wamp\www\tcbb88.com\Application\Common\Common\function.php 第 247 行.
NOTIC: [8] Undefined offset: 29 D:\wamp\www\tcbb88.com\Application\Common\Common\function.php 第 247 行.
NOTIC: [8] Undefined index: m D:\wamp\www\tcbb88.com\include\Common\functions.php 第 885 行.
NOTIC: [8] Undefined offset: 13 D:\wamp\www\tcbb88.com\Application\Common\Common\function.php 第 247 行.
NOTIC: [8] Undefined offset: 14 D:\wamp\www\tcbb88.com\Application\Common\Common\function.php 第 247 行.
NOTIC: [8] Undefined offset: 15 D:\wamp\www\tcbb88.com\Application\Common\Common\function.php 第 247 行.
NOTIC: [8] Undefined offset: 16 D:\wamp\www\tcbb88.com\Application\Common\Common\function.php 第 247 行.
NOTIC: [8] Undefined offset: 17 D:\wamp\www\tcbb88.com\Application\Common\Common\function.php 第 247 行.
NOTIC: [8] Undefined offset: 18 D:\wamp\www\tcbb88.com\Application\Common\Common\function.php 第 247 行.
NOTIC: [8] Undefined offset: 19 D:\wamp\www\tcbb88.com\Application\Common\Common\function.php 第 247 行.
NOTIC: [8] Undefined offset: 20 D:\wamp\www\tcbb88.com\Application\Common\Common\function.php 第 247 行.
NOTIC: [8] Undefined offset: 21 D:\wamp\www\tcbb88.com\Application\Common\Common\function.php 第 247 行.
NOTIC: [8] Undefined offset: 22 D:\wamp\www\tcbb88.com\Application\Common\Common\function.php 第 247 行.
NOTIC: [8] Undefined offset: 23 D:\wamp\www\tcbb88.com\Application\Common\Common\function.php 第 247 行.
NOTIC: [8] Undefined offset: 24 D:\wamp\www\tcbb88.com\Application\Common\Common\function.php 第 247 行.
NOTIC: [8] Undefined offset: 25 D:\wamp\www\tcbb88.com\Application\Common\Common\function.php 第 247 行.
NOTIC: [8] Undefined offset: 26 D:\wamp\www\tcbb88.com\Application\Common\Common\function.php 第 247 行.
NOTIC: [8] Undefined offset: 27 D:\wamp\www\tcbb88.com\Application\Common\Common\function.php 第 247 行.
NOTIC: [8] Undefined offset: 28 D:\wamp\www\tcbb88.com\Application\Common\Common\function.php 第 247 行.
NOTIC: [8] Undefined offset: 29 D:\wamp\www\tcbb88.com\Application\Common\Common\function.php 第 247 行.
NOTIC: [8] Undefined index: m D:\wamp\www\tcbb88.com\include\Common\functions.php 第 885 行.
NOTIC: [8] Undefined offset: 14 D:\wamp\www\tcbb88.com\Application\Common\Common\function.php 第 247 行.
NOTIC: [8] Undefined offset: 15 D:\wamp\www\tcbb88.com\Application\Common\Common\function.php 第 247 行.
NOTIC: [8] Undefined offset: 16 D:\wamp\www\tcbb88.com\Application\Common\Common\function.php 第 247 行.
NOTIC: [8] Undefined offset: 17 D:\wamp\www\tcbb88.com\Application\Common\Common\function.php 第 247 行.
NOTIC: [8] Undefined offset: 18 D:\wamp\www\tcbb88.com\Application\Common\Common\function.php 第 247 行.
NOTIC: [8] Undefined offset: 19 D:\wamp\www\tcbb88.com\Application\Common\Common\function.php 第 247 行.
NOTIC: [8] Undefined offset: 20 D:\wamp\www\tcbb88.com\Application\Common\Common\function.php 第 247 行.
NOTIC: [8] Undefined offset: 21 D:\wamp\www\tcbb88.com\Application\Common\Common\function.php 第 247 行.
NOTIC: [8] Undefined offset: 22 D:\wamp\www\tcbb88.com\Application\Common\Common\function.php 第 247 行.
NOTIC: [8] Undefined offset: 23 D:\wamp\www\tcbb88.com\Application\Common\Common\function.php 第 247 行.
NOTIC: [8] Undefined offset: 24 D:\wamp\www\tcbb88.com\Application\Common\Common\function.php 第 247 行.
NOTIC: [8] Undefined offset: 25 D:\wamp\www\tcbb88.com\Application\Common\Common\function.php 第 247 行.
NOTIC: [8] Undefined offset: 26 D:\wamp\www\tcbb88.com\Application\Common\Common\function.php 第 247 行.
NOTIC: [8] Undefined offset: 27 D:\wamp\www\tcbb88.com\Application\Common\Common\function.php 第 247 行.
NOTIC: [8] Undefined offset: 28 D:\wamp\www\tcbb88.com\Application\Common\Common\function.php 第 247 行.
NOTIC: [8] Undefined offset: 29 D:\wamp\www\tcbb88.com\Application\Common\Common\function.php 第 247 行.
NOTIC: [8] Undefined index: m D:\wamp\www\tcbb88.com\include\Common\functions.php 第 885 行.
NOTIC: [8] Undefined offset: 9 D:\wamp\www\tcbb88.com\Application\Common\Common\function.php 第 247 行.
NOTIC: [8] Undefined offset: 10 D:\wamp\www\tcbb88.com\Application\Common\Common\function.php 第 247 行.
NOTIC: [8] Undefined offset: 11 D:\wamp\www\tcbb88.com\Application\Common\Common\function.php 第 247 行.
NOTIC: [8] Undefined offset: 12 D:\wamp\www\tcbb88.com\Application\Common\Common\function.php 第 247 行.
NOTIC: [8] Undefined offset: 13 D:\wamp\www\tcbb88.com\Application\Common\Common\function.php 第 247 行.
NOTIC: [8] Undefined offset: 14 D:\wamp\www\tcbb88.com\Application\Common\Common\function.php 第 247 行.
NOTIC: [8] Undefined offset: 15 D:\wamp\www\tcbb88.com\Application\Common\Common\function.php 第 247 行.
NOTIC: [8] Undefined offset: 16 D:\wamp\www\tcbb88.com\Application\Common\Common\function.php 第 247 行.
NOTIC: [8] Undefined offset: 17 D:\wamp\www\tcbb88.com\Application\Common\Common\function.php 第 247 行.
NOTIC: [8] Undefined offset: 18 D:\wamp\www\tcbb88.com\Application\Common\Common\function.php 第 247 行.
NOTIC: [8] Undefined offset: 19 D:\wamp\www\tcbb88.com\Application\Common\Common\function.php 第 247 行.
NOTIC: [8] Undefined offset: 20 D:\wamp\www\tcbb88.com\Application\Common\Common\function.php 第 247 行.
NOTIC: [8] Undefined offset: 21 D:\wamp\www\tcbb88.com\Application\Common\Common\function.php 第 247 行.
NOTIC: [8] Undefined offset: 22 D:\wamp\www\tcbb88.com\Application\Common\Common\function.php 第 247 行.
NOTIC: [8] Undefined offset: 23 D:\wamp\www\tcbb88.com\Application\Common\Common\function.php 第 247 行.
NOTIC: [8] Undefined offset: 24 D:\wamp\www\tcbb88.com\Application\Common\Common\function.php 第 247 行.
NOTIC: [8] Undefined offset: 25 D:\wamp\www\tcbb88.com\Application\Common\Common\function.php 第 247 行.
NOTIC: [8] Undefined offset: 26 D:\wamp\www\tcbb88.com\Application\Common\Common\function.php 第 247 行.
NOTIC: [8] Undefined offset: 27 D:\wamp\www\tcbb88.com\Application\Common\Common\function.php 第 247 行.
NOTIC: [8] Undefined offset: 28 D:\wamp\www\tcbb88.com\Application\Common\Common\function.php 第 247 行.
NOTIC: [8] Undefined offset: 29 D:\wamp\www\tcbb88.com\Application\Common\Common\function.php 第 247 行.
SQL: SELECT `id`,`cid`,`title`,`update_time`,`image_id`,`status`,`published`,`summary` FROM `pa_news` WHERE ( status=1 AND lang='zh-cn' ) ORDER BY id DESC LIMIT 5   [ RunTime:0.000478s ]
NOTIC: [8] Undefined index: m D:\wamp\www\tcbb88.com\include\Common\functions.php 第 885 行.
NOTIC: [8] Undefined offset: 8 D:\wamp\www\tcbb88.com\Application\Common\Common\function.php 第 247 行.
NOTIC: [8] Undefined offset: 9 D:\wamp\www\tcbb88.com\Application\Common\Common\function.php 第 247 行.
NOTIC: [8] Undefined offset: 10 D:\wamp\www\tcbb88.com\Application\Common\Common\function.php 第 247 行.
NOTIC: [8] Undefined offset: 11 D:\wamp\www\tcbb88.com\Application\Common\Common\function.php 第 247 行.
NOTIC: [8] Undefined offset: 12 D:\wamp\www\tcbb88.com\Application\Common\Common\function.php 第 247 行.
NOTIC: [8] Undefined offset: 13 D:\wamp\www\tcbb88.com\Application\Common\Common\function.php 第 247 行.
NOTIC: [8] Undefined offset: 14 D:\wamp\www\tcbb88.com\Application\Common\Common\function.php 第 247 行.
NOTIC: [8] Undefined offset: 15 D:\wamp\www\tcbb88.com\Application\Common\Common\function.php 第 247 行.
NOTIC: [8] Undefined offset: 16 D:\wamp\www\tcbb88.com\Application\Common\Common\function.php 第 247 行.
NOTIC: [8] Undefined offset: 17 D:\wamp\www\tcbb88.com\Application\Common\Common\function.php 第 247 行.
NOTIC: [8] Undefined offset: 18 D:\wamp\www\tcbb88.com\Application\Common\Common\function.php 第 247 行.
NOTIC: [8] Undefined offset: 19 D:\wamp\www\tcbb88.com\Application\Common\Common\function.php 第 247 行.
NOTIC: [8] Undefined offset: 20 D:\wamp\www\tcbb88.com\Application\Common\Common\function.php 第 247 行.
NOTIC: [8] Undefined offset: 21 D:\wamp\www\tcbb88.com\Application\Common\Common\function.php 第 247 行.
NOTIC: [8] Undefined offset: 22 D:\wamp\www\tcbb88.com\Application\Common\Common\function.php 第 247 行.
NOTIC: [8] Undefined offset: 23 D:\wamp\www\tcbb88.com\Application\Common\Common\function.php 第 247 行.
NOTIC: [8] Undefined offset: 24 D:\wamp\www\tcbb88.com\Application\Common\Common\function.php 第 247 行.
NOTIC: [8] Undefined offset: 25 D:\wamp\www\tcbb88.com\Application\Common\Common\function.php 第 247 行.
NOTIC: [8] Undefined offset: 26 D:\wamp\www\tcbb88.com\Application\Common\Common\function.php 第 247 行.
NOTIC: [8] Undefined offset: 27 D:\wamp\www\tcbb88.com\Application\Common\Common\function.php 第 247 行.
NOTIC: [8] Undefined offset: 28 D:\wamp\www\tcbb88.com\Application\Common\Common\function.php 第 247 行.
NOTIC: [8] Undefined offset: 29 D:\wamp\www\tcbb88.com\Application\Common\Common\function.php 第 247 行.
NOTIC: [8] Undefined index: m D:\wamp\www\tcbb88.com\include\Common\functions.php 第 885 行.
NOTIC: [8] Undefined offset: 8 D:\wamp\www\tcbb88.com\Application\Common\Common\function.php 第 247 行.
NOTIC: [8] Undefined offset: 9 D:\wamp\www\tcbb88.com\Application\Common\Common\function.php 第 247 行.
NOTIC: [8] Undefined offset: 10 D:\wamp\www\tcbb88.com\Application\Common\Common\function.php 第 247 行.
NOTIC: [8] Undefined offset: 11 D:\wamp\www\tcbb88.com\Application\Common\Common\function.php 第 247 行.
NOTIC: [8] Undefined offset: 12 D:\wamp\www\tcbb88.com\Application\Common\Common\function.php 第 247 行.
NOTIC: [8] Undefined offset: 13 D:\wamp\www\tcbb88.com\Application\Common\Common\function.php 第 247 行.
NOTIC: [8] Undefined offset: 14 D:\wamp\www\tcbb88.com\Application\Common\Common\function.php 第 247 行.
NOTIC: [8] Undefined offset: 15 D:\wamp\www\tcbb88.com\Application\Common\Common\function.php 第 247 行.
NOTIC: [8] Undefined offset: 16 D:\wamp\www\tcbb88.com\Application\Common\Common\function.php 第 247 行.
NOTIC: [8] Undefined offset: 17 D:\wamp\www\tcbb88.com\Application\Common\Common\function.php 第 247 行.
NOTIC: [8] Undefined offset: 18 D:\wamp\www\tcbb88.com\Application\Common\Common\function.php 第 247 行.
NOTIC: [8] Undefined offset: 19 D:\wamp\www\tcbb88.com\Application\Common\Common\function.php 第 247 行.
NOTIC: [8] Undefined offset: 20 D:\wamp\www\tcbb88.com\Application\Common\Common\function.php 第 247 行.
NOTIC: [8] Undefined offset: 21 D:\wamp\www\tcbb88.com\Application\Common\Common\function.php 第 247 行.
NOTIC: [8] Undefined offset: 22 D:\wamp\www\tcbb88.com\Application\Common\Common\function.php 第 247 行.
NOTIC: [8] Undefined offset: 23 D:\wamp\www\tcbb88.com\Application\Common\Common\function.php 第 247 行.
NOTIC: [8] Undefined offset: 24 D:\wamp\www\tcbb88.com\Application\Common\Common\function.php 第 247 行.
NOTIC: [8] Undefined offset: 25 D:\wamp\www\tcbb88.com\Application\Common\Common\function.php 第 247 行.
NOTIC: [8] Undefined offset: 26 D:\wamp\www\tcbb88.com\Application\Common\Common\function.php 第 247 行.
NOTIC: [8] Undefined offset: 27 D:\wamp\www\tcbb88.com\Application\Common\Common\function.php 第 247 行.
NOTIC: [8] Undefined offset: 28 D:\wamp\www\tcbb88.com\Application\Common\Common\function.php 第 247 行.
NOTIC: [8] Undefined offset: 29 D:\wamp\www\tcbb88.com\Application\Common\Common\function.php 第 247 行.
NOTIC: [8] Undefined index: m D:\wamp\www\tcbb88.com\include\Common\functions.php 第 885 行.
NOTIC: [8] Undefined offset: 8 D:\wamp\www\tcbb88.com\Application\Common\Common\function.php 第 247 行.
NOTIC: [8] Undefined offset: 9 D:\wamp\www\tcbb88.com\Application\Common\Common\function.php 第 247 行.
NOTIC: [8] Undefined offset: 10 D:\wamp\www\tcbb88.com\Application\Common\Common\function.php 第 247 行.
NOTIC: [8] Undefined offset: 11 D:\wamp\www\tcbb88.com\Application\Common\Common\function.php 第 247 行.
NOTIC: [8] Undefined offset: 12 D:\wamp\www\tcbb88.com\Application\Common\Common\function.php 第 247 行.
NOTIC: [8] Undefined offset: 13 D:\wamp\www\tcbb88.com\Application\Common\Common\function.php 第 247 行.
NOTIC: [8] Undefined offset: 14 D:\wamp\www\tcbb88.com\Application\Common\Common\function.php 第 247 行.
NOTIC: [8] Undefined offset: 15 D:\wamp\www\tcbb88.com\Application\Common\Common\function.php 第 247 行.
NOTIC: [8] Undefined offset: 16 D:\wamp\www\tcbb88.com\Application\Common\Common\function.php 第 247 行.
NOTIC: [8] Undefined offset: 17 D:\wamp\www\tcbb88.com\Application\Common\Common\function.php 第 247 行.
NOTIC: [8] Undefined offset: 18 D:\wamp\www\tcbb88.com\Application\Common\Common\function.php 第 247 行.
NOTIC: [8] Undefined offset: 19 D:\wamp\www\tcbb88.com\Application\Common\Common\function.php 第 247 行.
NOTIC: [8] Undefined offset: 20 D:\wamp\www\tcbb88.com\Application\Common\Common\function.php 第 247 行.
NOTIC: [8] Undefined offset: 21 D:\wamp\www\tcbb88.com\Application\Common\Common\function.php 第 247 行.
NOTIC: [8] Undefined offset: 22 D:\wamp\www\tcbb88.com\Application\Common\Common\function.php 第 247 行.
NOTIC: [8] Undefined offset: 23 D:\wamp\www\tcbb88.com\Application\Common\Common\function.php 第 247 行.
NOTIC: [8] Undefined offset: 24 D:\wamp\www\tcbb88.com\Application\Common\Common\function.php 第 247 行.
NOTIC: [8] Undefined offset: 25 D:\wamp\www\tcbb88.com\Application\Common\Common\function.php 第 247 行.
NOTIC: [8] Undefined offset: 26 D:\wamp\www\tcbb88.com\Application\Common\Common\function.php 第 247 行.
NOTIC: [8] Undefined offset: 27 D:\wamp\www\tcbb88.com\Application\Common\Common\function.php 第 247 行.
NOTIC: [8] Undefined offset: 28 D:\wamp\www\tcbb88.com\Application\Common\Common\function.php 第 247 行.
NOTIC: [8] Undefined offset: 29 D:\wamp\www\tcbb88.com\Application\Common\Common\function.php 第 247 行.
NOTIC: [8] Undefined index: m D:\wamp\www\tcbb88.com\include\Common\functions.php 第 885 行.
NOTIC: [8] Undefined offset: 8 D:\wamp\www\tcbb88.com\Application\Common\Common\function.php 第 247 行.
NOTIC: [8] Undefined offset: 9 D:\wamp\www\tcbb88.com\Application\Common\Common\function.php 第 247 行.
NOTIC: [8] Undefined offset: 10 D:\wamp\www\tcbb88.com\Application\Common\Common\function.php 第 247 行.
NOTIC: [8] Undefined offset: 11 D:\wamp\www\tcbb88.com\Application\Common\Common\function.php 第 247 行.
NOTIC: [8] Undefined offset: 12 D:\wamp\www\tcbb88.com\Application\Common\Common\function.php 第 247 行.
NOTIC: [8] Undefined offset: 13 D:\wamp\www\tcbb88.com\Application\Common\Common\function.php 第 247 行.
NOTIC: [8] Undefined offset: 14 D:\wamp\www\tcbb88.com\Application\Common\Common\function.php 第 247 行.
NOTIC: [8] Undefined offset: 15 D:\wamp\www\tcbb88.com\Application\Common\Common\function.php 第 247 行.
NOTIC: [8] Undefined offset: 16 D:\wamp\www\tcbb88.com\Application\Common\Common\function.php 第 247 行.
NOTIC: [8] Undefined offset: 17 D:\wamp\www\tcbb88.com\Application\Common\Common\function.php 第 247 行.
NOTIC: [8] Undefined offset: 18 D:\wamp\www\tcbb88.com\Application\Common\Common\function.php 第 247 行.
NOTIC: [8] Undefined offset: 19 D:\wamp\www\tcbb88.com\Application\Common\Common\function.php 第 247 行.
NOTIC: [8] Undefined offset: 20 D:\wamp\www\tcbb88.com\Application\Common\Common\function.php 第 247 行.
NOTIC: [8] Undefined offset: 21 D:\wamp\www\tcbb88.com\Application\Common\Common\function.php 第 247 行.
NOTIC: [8] Undefined offset: 22 D:\wamp\www\tcbb88.com\Application\Common\Common\function.php 第 247 行.
NOTIC: [8] Undefined offset: 23 D:\wamp\www\tcbb88.com\Application\Common\Common\function.php 第 247 行.
NOTIC: [8] Undefined offset: 24 D:\wamp\www\tcbb88.com\Application\Common\Common\function.php 第 247 行.
NOTIC: [8] Undefined offset: 25 D:\wamp\www\tcbb88.com\Application\Common\Common\function.php 第 247 行.
NOTIC: [8] Undefined offset: 26 D:\wamp\www\tcbb88.com\Application\Common\Common\function.php 第 247 行.
NOTIC: [8] Undefined offset: 27 D:\wamp\www\tcbb88.com\Application\Common\Common\function.php 第 247 行.
NOTIC: [8] Undefined offset: 28 D:\wamp\www\tcbb88.com\Application\Common\Common\function.php 第 247 行.
NOTIC: [8] Undefined offset: 29 D:\wamp\www\tcbb88.com\Application\Common\Common\function.php 第 247 行.
NOTIC: [8] Undefined index: m D:\wamp\www\tcbb88.com\include\Common\functions.php 第 885 行.
NOTIC: [8] Undefined offset: 6 D:\wamp\www\tcbb88.com\Application\Common\Common\function.php 第 247 行.
NOTIC: [8] Undefined offset: 7 D:\wamp\www\tcbb88.com\Application\Common\Common\function.php 第 247 行.
NOTIC: [8] Undefined offset: 8 D:\wamp\www\tcbb88.com\Application\Common\Common\function.php 第 247 行.
NOTIC: [8] Undefined offset: 9 D:\wamp\www\tcbb88.com\Application\Common\Common\function.php 第 247 行.
NOTIC: [8] Undefined offset: 10 D:\wamp\www\tcbb88.com\Application\Common\Common\function.php 第 247 行.
NOTIC: [8] Undefined offset: 11 D:\wamp\www\tcbb88.com\Application\Common\Common\function.php 第 247 行.
NOTIC: [8] Undefined offset: 12 D:\wamp\www\tcbb88.com\Application\Common\Common\function.php 第 247 行.
NOTIC: [8] Undefined offset: 13 D:\wamp\www\tcbb88.com\Application\Common\Common\function.php 第 247 行.
NOTIC: [8] Undefined offset: 14 D:\wamp\www\tcbb88.com\Application\Common\Common\function.php 第 247 行.
NOTIC: [8] Undefined offset: 15 D:\wamp\www\tcbb88.com\Application\Common\Common\function.php 第 247 行.
NOTIC: [8] Undefined offset: 16 D:\wamp\www\tcbb88.com\Application\Common\Common\function.php 第 247 行.
NOTIC: [8] Undefined offset: 17 D:\wamp\www\tcbb88.com\Application\Common\Common\function.php 第 247 行.
NOTIC: [8] Undefined offset: 18 D:\wamp\www\tcbb88.com\Application\Common\Common\function.php 第 247 行.
NOTIC: [8] Undefined offset: 19 D:\wamp\www\tcbb88.com\Application\Common\Common\function.php 第 247 行.
NOTIC: [8] Undefined offset: 20 D:\wamp\www\tcbb88.com\Application\Common\Common\function.php 第 247 行.
NOTIC: [8] Undefined offset: 21 D:\wamp\www\tcbb88.com\Application\Common\Common\function.php 第 247 行.
NOTIC: [8] Undefined offset: 22 D:\wamp\www\tcbb88.com\Application\Common\Common\function.php 第 247 行.
NOTIC: [8] Undefined offset: 23 D:\wamp\www\tcbb88.com\Application\Common\Common\function.php 第 247 行.
NOTIC: [8] Undefined offset: 24 D:\wamp\www\tcbb88.com\Application\Common\Common\function.php 第 247 行.
NOTIC: [8] Undefined offset: 25 D:\wamp\www\tcbb88.com\Application\Common\Common\function.php 第 247 行.
NOTIC: [8] Undefined offset: 26 D:\wamp\www\tcbb88.com\Application\Common\Common\function.php 第 247 行.
NOTIC: [8] Undefined offset: 27 D:\wamp\www\tcbb88.com\Application\Common\Common\function.php 第 247 行.
NOTIC: [8] Undefined offset: 28 D:\wamp\www\tcbb88.com\Application\Common\Common\function.php 第 247 行.
NOTIC: [8] Undefined offset: 29 D:\wamp\www\tcbb88.com\Application\Common\Common\function.php 第 247 行.
SQL: SHOW COLUMNS FROM `pa_product` [ RunTime:0.001774s ]
SQL: SELECT `id`,`cid`,`title`,`update_time`,`status`,`published`,`image_id`,`psize`,`summary` FROM `pa_product` WHERE ( status=1 AND lang='zh-cn' ) ORDER BY id DESC LIMIT 5   [ RunTime:0.000334s ]
SQL: SELECT * FROM `pa_nav` WHERE ( lang='zh-cn'  AND type='bottom' AND parent_id=0 ) ORDER BY sort DESC  [ RunTime:0.000343s ]
SQL: SELECT * FROM `pa_nav` WHERE ( parent_id=39 ) ORDER BY sort DESC  [ RunTime:0.000274s ]
SQL: SELECT * FROM `pa_nav` WHERE ( parent_id=40 ) ORDER BY sort DESC  [ RunTime:0.000262s ]
SQL: SELECT * FROM `pa_nav` WHERE ( parent_id=41 ) ORDER BY sort DESC  [ RunTime:0.000276s ]
SQL: SELECT * FROM `pa_nav` WHERE ( parent_id=42 ) ORDER BY sort DESC  [ RunTime:0.000281s ]
SQL: SELECT * FROM `pa_nav` WHERE ( parent_id=43 ) ORDER BY sort DESC  [ RunTime:0.000277s ]
INFO: Run Behavior\ParseTemplateBehavior [ RunTime:0.215067s ]
INFO: [ view_parse ] --END-- [ RunTime:0.215359s ]
INFO: [ view_filter ] --START--
INFO: Run Behavior\WriteHtmlCacheBehavior [ RunTime:0.000580s ]
INFO: [ view_filter ] --END-- [ RunTime:0.000861s ]
INFO: [ app_end ] --START--
INFO: Run Behavior\ShowPageTraceBehavior [ RunTime:0.000710s ]
INFO: [ app_end ] --END-- [ RunTime:0.001019s ]

[ 2016-01-16T23:55:06+08:00 ] 182.118.25.205 /index.php/Member/index?goto=http%3A%2F%2Fwww.tcbb88.com%2Findex.php%2Fproduct%2Fread%2Fid%2F607
INFO: [ app_init ] --START--
INFO: Run Behavior\BuildLiteBehavior [ RunTime:0.000080s ]
INFO: [ app_init ] --END-- [ RunTime:0.000809s ]
INFO: [ app_begin ] --START--
INFO: Run Behavior\ReadHtmlCacheBehavior [ RunTime:0.000723s ]
INFO: Run Behavior\CheckLangBehavior [ RunTime:0.001464s ]
INFO: [ app_begin ] --END-- [ RunTime:0.002658s ]
INFO: [ view_parse ] --START--
NOTIC: [2] explode() expects parameter 2 to be string, array given D:\wamp\www\tcbb88.com\include\Library\Think\Template.class.php 第 169 行.
NOTIC: [2] Invalid argument supplied for foreach() D:\wamp\www\tcbb88.com\include\Library\Think\Template.class.php 第 170 行.
NOTIC: [2] explode() expects parameter 2 to be string, array given D:\wamp\www\tcbb88.com\include\Library\Think\Template.class.php 第 169 行.
NOTIC: [2] Invalid argument supplied for foreach() D:\wamp\www\tcbb88.com\include\Library\Think\Template.class.php 第 170 行.
NOTIC: [8] Undefined index: limit D:\wamp\www\tcbb88.com\include\Library\Think\Template\TagLib\Weblock.class.php 第 88 行.
NOTIC: [8] Undefined index: limit D:\wamp\www\tcbb88.com\include\Library\Think\Template\TagLib\Weblock.class.php 第 88 行.
NOTIC: [8] Undefined index: limit D:\wamp\www\tcbb88.com\include\Library\Think\Template\TagLib\Weblock.class.php 第 88 行.
INFO: [ template_filter ] --START--
INFO: Run Behavior\ContentReplaceBehavior [ RunTime:0.000556s ]
INFO: [ template_filter ] --END-- [ RunTime:0.000843s ]
NOTIC: [8] Undefined variable: webtitle D:\wamp\www\tcbb88.com\Application\Runtime\Cache\Home\fec31c49e38973483127c830dec35846.php 第 4 行.
NOTIC: [8] Undefined variable: info D:\wamp\www\tcbb88.com\Application\Runtime\Cache\Home\fec31c49e38973483127c830dec35846.php 第 5 行.
NOTIC: [8] Undefined variable: info D:\wamp\www\tcbb88.com\Application\Runtime\Cache\Home\fec31c49e38973483127c830dec35846.php 第 6 行.
NOTIC: [8] Undefined index: m D:\wamp\www\tcbb88.com\include\Common\functions.php 第 885 行.
NOTIC: [8] Undefined index: m D:\wamp\www\tcbb88.com\include\Common\functions.php 第 885 行.
NOTIC: [8192] mysql_connect(): The mysql extension is deprecated and will be removed in the future: use mysqli or PDO instead D:\wamp\www\tcbb88.com\include\Library\Think\Db\Driver\Mysql.class.php 第 52 行.
SQL: SHOW COLUMNS FROM `pa_nav` [ RunTime:0.001610s ]
SQL: SELECT * FROM `pa_nav` WHERE ( lang='zh-cn'  AND type='top' AND parent_id=0 ) ORDER BY sort DESC  [ RunTime:0.000386s ]
SQL: SELECT * FROM `pa_nav` WHERE ( parent_id=33 ) ORDER BY sort DESC  [ RunTime:0.000351s ]
SQL: SELECT * FROM `pa_nav` WHERE ( lang='zh-cn'  AND type='middle' AND parent_id=0 ) ORDER BY sort DESC  [ RunTime:0.000363s ]
SQL: SELECT * FROM `pa_nav` WHERE ( parent_id=1 ) ORDER BY sort DESC  [ RunTime:0.000312s ]
SQL: SELECT * FROM `pa_nav` WHERE ( parent_id=7 ) ORDER BY sort DESC  [ RunTime:0.000321s ]
SQL: SELECT * FROM `pa_nav` WHERE ( parent_id=16 ) ORDER BY sort DESC  [ RunTime:0.000302s ]
SQL: SELECT * FROM `pa_nav` WHERE ( parent_id=22 ) ORDER BY sort DESC  [ RunTime:0.000338s ]
SQL: SELECT * FROM `pa_nav` WHERE ( parent_id=29 ) ORDER BY sort DESC  [ RunTime:0.000317s ]
NOTIC: [8] Undefined index: m D:\wamp\www\tcbb88.com\include\Common\functions.php 第 885 行.
SQL: SELECT * FROM `pa_nav` WHERE ( lang='zh-cn'  AND type='bottom' AND parent_id=0 ) ORDER BY sort DESC  [ RunTime:0.000362s ]
SQL: SELECT * FROM `pa_nav` WHERE ( parent_id=39 ) ORDER BY sort DESC  [ RunTime:0.000291s ]
SQL: SELECT * FROM `pa_nav` WHERE ( parent_id=40 ) ORDER BY sort DESC  [ RunTime:0.000295s ]
SQL: SELECT * FROM `pa_nav` WHERE ( parent_id=41 ) ORDER BY sort DESC  [ RunTime:0.000291s ]
SQL: SELECT * FROM `pa_nav` WHERE ( parent_id=42 ) ORDER BY sort DESC  [ RunTime:0.000292s ]
SQL: SELECT * FROM `pa_nav` WHERE ( parent_id=43 ) ORDER BY sort DESC  [ RunTime:0.000271s ]
INFO: Run Behavior\ParseTemplateBehavior [ RunTime:0.061100s ]
INFO: [ view_parse ] --END-- [ RunTime:0.061396s ]
INFO: [ view_filter ] --START--
INFO: Run Behavior\WriteHtmlCacheBehavior [ RunTime:0.000620s ]
INFO: [ view_filter ] --END-- [ RunTime:0.000928s ]
INFO: [ app_end ] --START--
INFO: Run Behavior\ShowPageTraceBehavior [ RunTime:0.000675s ]
INFO: [ app_end ] --END-- [ RunTime:0.000981s ]

[ 2016-01-16T23:55:56+08:00 ] 101.226.167.242 /index.php/Member/index?goto=http%3A%2F%2Fwww.tcbb88.com%2Findex.php%2Fproduct%2Fread%2Fid%2F592
INFO: [ app_init ] --START--
INFO: Run Behavior\BuildLiteBehavior [ RunTime:0.000058s ]
INFO: [ app_init ] --END-- [ RunTime:0.000669s ]
INFO: [ app_begin ] --START--
INFO: Run Behavior\ReadHtmlCacheBehavior [ RunTime:0.000573s ]
INFO: Run Behavior\CheckLangBehavior [ RunTime:0.001314s ]
INFO: [ app_begin ] --END-- [ RunTime:0.002379s ]
INFO: [ view_parse ] --START--
NOTIC: [2] explode() expects parameter 2 to be string, array given D:\wamp\www\tcbb88.com\include\Library\Think\Template.class.php 第 169 行.
NOTIC: [2] Invalid argument supplied for foreach() D:\wamp\www\tcbb88.com\include\Library\Think\Template.class.php 第 170 行.
NOTIC: [2] explode() expects parameter 2 to be string, array given D:\wamp\www\tcbb88.com\include\Library\Think\Template.class.php 第 169 行.
NOTIC: [2] Invalid argument supplied for foreach() D:\wamp\www\tcbb88.com\include\Library\Think\Template.class.php 第 170 行.
NOTIC: [8] Undefined index: limit D:\wamp\www\tcbb88.com\include\Library\Think\Template\TagLib\Weblock.class.php 第 88 行.
NOTIC: [8] Undefined index: limit D:\wamp\www\tcbb88.com\include\Library\Think\Template\TagLib\Weblock.class.php 第 88 行.
NOTIC: [8] Undefined index: limit D:\wamp\www\tcbb88.com\include\Library\Think\Template\TagLib\Weblock.class.php 第 88 行.
INFO: [ template_filter ] --START--
INFO: Run Behavior\ContentReplaceBehavior [ RunTime:0.000517s ]
INFO: [ template_filter ] --END-- [ RunTime:0.000831s ]
NOTIC: [8] Undefined variable: webtitle D:\wamp\www\tcbb88.com\Application\Runtime\Cache\Home\fec31c49e38973483127c830dec35846.php 第 4 行.
NOTIC: [8] Undefined variable: info D:\wamp\www\tcbb88.com\Application\Runtime\Cache\Home\fec31c49e38973483127c830dec35846.php 第 5 行.
NOTIC: [8] Undefined variable: info D:\wamp\www\tcbb88.com\Application\Runtime\Cache\Home\fec31c49e38973483127c830dec35846.php 第 6 行.
NOTIC: [8] Undefined index: m D:\wamp\www\tcbb88.com\include\Common\functions.php 第 885 行.
NOTIC: [8] Undefined index: m D:\wamp\www\tcbb88.com\include\Common\functions.php 第 885 行.
NOTIC: [8192] mysql_connect(): The mysql extension is deprecated and will be removed in the future: use mysqli or PDO instead D:\wamp\www\tcbb88.com\include\Library\Think\Db\Driver\Mysql.class.php 第 52 行.
SQL: SHOW COLUMNS FROM `pa_nav` [ RunTime:0.001880s ]
SQL: SELECT * FROM `pa_nav` WHERE ( lang='zh-cn'  AND type='top' AND parent_id=0 ) ORDER BY sort DESC  [ RunTime:0.000425s ]
SQL: SELECT * FROM `pa_nav` WHERE ( parent_id=33 ) ORDER BY sort DESC  [ RunTime:0.000316s ]
SQL: SELECT * FROM `pa_nav` WHERE ( lang='zh-cn'  AND type='middle' AND parent_id=0 ) ORDER BY sort DESC  [ RunTime:0.000330s ]
SQL: SELECT * FROM `pa_nav` WHERE ( parent_id=1 ) ORDER BY sort DESC  [ RunTime:0.000308s ]
SQL: SELECT * FROM `pa_nav` WHERE ( parent_id=7 ) ORDER BY sort DESC  [ RunTime:0.000343s ]
SQL: SELECT * FROM `pa_nav` WHERE ( parent_id=16 ) ORDER BY sort DESC  [ RunTime:0.000346s ]
SQL: SELECT * FROM `pa_nav` WHERE ( parent_id=22 ) ORDER BY sort DESC  [ RunTime:0.000311s ]
SQL: SELECT * FROM `pa_nav` WHERE ( parent_id=29 ) ORDER BY sort DESC  [ RunTime:0.000291s ]
NOTIC: [8] Undefined index: m D:\wamp\www\tcbb88.com\include\Common\functions.php 第 885 行.
SQL: SELECT * FROM `pa_nav` WHERE ( lang='zh-cn'  AND type='bottom' AND parent_id=0 ) ORDER BY sort DESC  [ RunTime:0.000316s ]
SQL: SELECT * FROM `pa_nav` WHERE ( parent_id=39 ) ORDER BY sort DESC  [ RunTime:0.000270s ]
SQL: SELECT * FROM `pa_nav` WHERE ( parent_id=40 ) ORDER BY sort DESC  [ RunTime:0.000273s ]
SQL: SELECT * FROM `pa_nav` WHERE ( parent_id=41 ) ORDER BY sort DESC  [ RunTime:0.000265s ]
SQL: SELECT * FROM `pa_nav` WHERE ( parent_id=42 ) ORDER BY sort DESC  [ RunTime:0.000283s ]
SQL: SELECT * FROM `pa_nav` WHERE ( parent_id=43 ) ORDER BY sort DESC  [ RunTime:0.000275s ]
INFO: Run Behavior\ParseTemplateBehavior [ RunTime:0.059699s ]
INFO: [ view_parse ] --END-- [ RunTime:0.060005s ]
INFO: [ view_filter ] --START--
INFO: Run Behavior\WriteHtmlCacheBehavior [ RunTime:0.000475s ]
INFO: [ view_filter ] --END-- [ RunTime:0.000753s ]
INFO: [ app_end ] --START--
INFO: Run Behavior\ShowPageTraceBehavior [ RunTime:0.000674s ]
INFO: [ app_end ] --END-- [ RunTime:0.000956s ]

[ 2016-01-16T23:55:58+08:00 ] 182.118.20.203 /index.php/Member/index?goto=http%3A%2F%2Fwww.tcbb88.com%2Findex.php%2Fproduct%2Fread%2Fid%2F554
INFO: [ app_init ] --START--
INFO: Run Behavior\BuildLiteBehavior [ RunTime:0.000057s ]
INFO: [ app_init ] --END-- [ RunTime:0.000634s ]
INFO: [ app_begin ] --START--
INFO: Run Behavior\ReadHtmlCacheBehavior [ RunTime:0.000568s ]
INFO: Run Behavior\CheckLangBehavior [ RunTime:0.001343s ]
INFO: [ app_begin ] --END-- [ RunTime:0.002369s ]
INFO: [ view_parse ] --START--
NOTIC: [2] explode() expects parameter 2 to be string, array given D:\wamp\www\tcbb88.com\include\Library\Think\Template.class.php 第 169 行.
NOTIC: [2] Invalid argument supplied for foreach() D:\wamp\www\tcbb88.com\include\Library\Think\Template.class.php 第 170 行.
NOTIC: [2] explode() expects parameter 2 to be string, array given D:\wamp\www\tcbb88.com\include\Library\Think\Template.class.php 第 169 行.
NOTIC: [2] Invalid argument supplied for foreach() D:\wamp\www\tcbb88.com\include\Library\Think\Template.class.php 第 170 行.
NOTIC: [8] Undefined index: limit D:\wamp\www\tcbb88.com\include\Library\Think\Template\TagLib\Weblock.class.php 第 88 行.
NOTIC: [8] Undefined index: limit D:\wamp\www\tcbb88.com\include\Library\Think\Template\TagLib\Weblock.class.php 第 88 行.
NOTIC: [8] Undefined index: limit D:\wamp\www\tcbb88.com\include\Library\Think\Template\TagLib\Weblock.class.php 第 88 行.
INFO: [ template_filter ] --START--
INFO: Run Behavior\ContentReplaceBehavior [ RunTime:0.000532s ]
INFO: [ template_filter ] --END-- [ RunTime:0.000841s ]
NOTIC: [8] Undefined variable: webtitle D:\wamp\www\tcbb88.com\Application\Runtime\Cache\Home\fec31c49e38973483127c830dec35846.php 第 4 行.
NOTIC: [8] Undefined variable: info D:\wamp\www\tcbb88.com\Application\Runtime\Cache\Home\fec31c49e38973483127c830dec35846.php 第 5 行.
NOTIC: [8] Undefined variable: info D:\wamp\www\tcbb88.com\Application\Runtime\Cache\Home\fec31c49e38973483127c830dec35846.php 第 6 行.
NOTIC: [8] Undefined index: m D:\wamp\www\tcbb88.com\include\Common\functions.php 第 885 行.
NOTIC: [8] Undefined index: m D:\wamp\www\tcbb88.com\include\Common\functions.php 第 885 行.
NOTIC: [8192] mysql_connect(): The mysql extension is deprecated and will be removed in the future: use mysqli or PDO instead D:\wamp\www\tcbb88.com\include\Library\Think\Db\Driver\Mysql.class.php 第 52 行.
SQL: SHOW COLUMNS FROM `pa_nav` [ RunTime:0.002221s ]
SQL: SELECT * FROM `pa_nav` WHERE ( lang='zh-cn'  AND type='top' AND parent_id=0 ) ORDER BY sort DESC  [ RunTime:0.000475s ]
SQL: SELECT * FROM `pa_nav` WHERE ( parent_id=33 ) ORDER BY sort DESC  [ RunTime:0.000334s ]
SQL: SELECT * FROM `pa_nav` WHERE ( lang='zh-cn'  AND type='middle' AND parent_id=0 ) ORDER BY sort DESC  [ RunTime:0.000342s ]
SQL: SELECT * FROM `pa_nav` WHERE ( parent_id=1 ) ORDER BY sort DESC  [ RunTime:0.000328s ]
SQL: SELECT * FROM `pa_nav` WHERE ( parent_id=7 ) ORDER BY sort DESC  [ RunTime:0.000352s ]
SQL: SELECT * FROM `pa_nav` WHERE ( parent_id=16 ) ORDER BY sort DESC  [ RunTime:0.000318s ]
SQL: SELECT * FROM `pa_nav` WHERE ( parent_id=22 ) ORDER BY sort DESC  [ RunTime:0.000322s ]
SQL: SELECT * FROM `pa_nav` WHERE ( parent_id=29 ) ORDER BY sort DESC  [ RunTime:0.000300s ]
NOTIC: [8] Undefined index: m D:\wamp\www\tcbb88.com\include\Common\functions.php 第 885 行.
SQL: SELECT * FROM `pa_nav` WHERE ( lang='zh-cn'  AND type='bottom' AND parent_id=0 ) ORDER BY sort DESC  [ RunTime:0.000331s ]
SQL: SELECT * FROM `pa_nav` WHERE ( parent_id=39 ) ORDER BY sort DESC  [ RunTime:0.000285s ]
SQL: SELECT * FROM `pa_nav` WHERE ( parent_id=40 ) ORDER BY sort DESC  [ RunTime:0.000278s ]
SQL: SELECT * FROM `pa_nav` WHERE ( parent_id=41 ) ORDER BY sort DESC  [ RunTime:0.000275s ]
SQL: SELECT * FROM `pa_nav` WHERE ( parent_id=42 ) ORDER BY sort DESC  [ RunTime:0.000275s ]
SQL: SELECT * FROM `pa_nav` WHERE ( parent_id=43 ) ORDER BY sort DESC  [ RunTime:0.000277s ]
INFO: Run Behavior\ParseTemplateBehavior [ RunTime:0.059963s ]
INFO: [ view_parse ] --END-- [ RunTime:0.060255s ]
INFO: [ view_filter ] --START--
INFO: Run Behavior\WriteHtmlCacheBehavior [ RunTime:0.000451s ]
INFO: [ view_filter ] --END-- [ RunTime:0.000735s ]
INFO: [ app_end ] --START--
INFO: Run Behavior\ShowPageTraceBehavior [ RunTime:0.000653s ]
INFO: [ app_end ] --END-- [ RunTime:0.000929s ]

[ 2016-01-16T23:56:59+08:00 ] 182.118.22.202 /index.php/Member/index?goto=http%3A%2F%2Fwww.tcbb88.com%2Findex.php%2Fproduct%2Fread%2Fid%2F551
INFO: [ app_init ] --START--
INFO: Run Behavior\BuildLiteBehavior [ RunTime:0.000063s ]
INFO: [ app_init ] --END-- [ RunTime:0.000670s ]
INFO: [ app_begin ] --START--
INFO: Run Behavior\ReadHtmlCacheBehavior [ RunTime:0.000584s ]
INFO: Run Behavior\CheckLangBehavior [ RunTime:0.001332s ]
INFO: [ app_begin ] --END-- [ RunTime:0.002391s ]
INFO: [ view_parse ] --START--
NOTIC: [2] explode() expects parameter 2 to be string, array given D:\wamp\www\tcbb88.com\include\Library\Think\Template.class.php 第 169 行.
NOTIC: [2] Invalid argument supplied for foreach() D:\wamp\www\tcbb88.com\include\Library\Think\Template.class.php 第 170 行.
NOTIC: [2] explode() expects parameter 2 to be string, array given D:\wamp\www\tcbb88.com\include\Library\Think\Template.class.php 第 169 行.
NOTIC: [2] Invalid argument supplied for foreach() D:\wamp\www\tcbb88.com\include\Library\Think\Template.class.php 第 170 行.
NOTIC: [8] Undefined index: limit D:\wamp\www\tcbb88.com\include\Library\Think\Template\TagLib\Weblock.class.php 第 88 行.
NOTIC: [8] Undefined index: limit D:\wamp\www\tcbb88.com\include\Library\Think\Template\TagLib\Weblock.class.php 第 88 行.
NOTIC: [8] Undefined index: limit D:\wamp\www\tcbb88.com\include\Library\Think\Template\TagLib\Weblock.class.php 第 88 行.
INFO: [ template_filter ] --START--
INFO: Run Behavior\ContentReplaceBehavior [ RunTime:0.000521s ]
INFO: [ template_filter ] --END-- [ RunTime:0.000809s ]
NOTIC: [8] Undefined variable: webtitle D:\wamp\www\tcbb88.com\Application\Runtime\Cache\Home\fec31c49e38973483127c830dec35846.php 第 4 行.
NOTIC: [8] Undefined variable: info D:\wamp\www\tcbb88.com\Application\Runtime\Cache\Home\fec31c49e38973483127c830dec35846.php 第 5 行.
NOTIC: [8] Undefined variable: info D:\wamp\www\tcbb88.com\Application\Runtime\Cache\Home\fec31c49e38973483127c830dec35846.php 第 6 行.
NOTIC: [8] Undefined index: m D:\wamp\www\tcbb88.com\include\Common\functions.php 第 885 行.
NOTIC: [8] Undefined index: m D:\wamp\www\tcbb88.com\include\Common\functions.php 第 885 行.
NOTIC: [8192] mysql_connect(): The mysql extension is deprecated and will be removed in the future: use mysqli or PDO instead D:\wamp\www\tcbb88.com\include\Library\Think\Db\Driver\Mysql.class.php 第 52 行.
SQL: SHOW COLUMNS FROM `pa_nav` [ RunTime:0.001544s ]
SQL: SELECT * FROM `pa_nav` WHERE ( lang='zh-cn'  AND type='top' AND parent_id=0 ) ORDER BY sort DESC  [ RunTime:0.000420s ]
SQL: SELECT * FROM `pa_nav` WHERE ( parent_id=33 ) ORDER BY sort DESC  [ RunTime:0.000313s ]
SQL: SELECT * FROM `pa_nav` WHERE ( lang='zh-cn'  AND type='middle' AND parent_id=0 ) ORDER BY sort DESC  [ RunTime:0.000334s ]
SQL: SELECT * FROM `pa_nav` WHERE ( parent_id=1 ) ORDER BY sort DESC  [ RunTime:0.000308s ]
SQL: SELECT * FROM `pa_nav` WHERE ( parent_id=7 ) ORDER BY sort DESC  [ RunTime:0.000533s ]
SQL: SELECT * FROM `pa_nav` WHERE ( parent_id=16 ) ORDER BY sort DESC  [ RunTime:0.000316s ]
SQL: SELECT * FROM `pa_nav` WHERE ( parent_id=22 ) ORDER BY sort DESC  [ RunTime:0.000309s ]
SQL: SELECT * FROM `pa_nav` WHERE ( parent_id=29 ) ORDER BY sort DESC  [ RunTime:0.000293s ]
NOTIC: [8] Undefined index: m D:\wamp\www\tcbb88.com\include\Common\functions.php 第 885 行.
SQL: SELECT * FROM `pa_nav` WHERE ( lang='zh-cn'  AND type='bottom' AND parent_id=0 ) ORDER BY sort DESC  [ RunTime:0.000317s ]
SQL: SELECT * FROM `pa_nav` WHERE ( parent_id=39 ) ORDER BY sort DESC  [ RunTime:0.000266s ]
SQL: SELECT * FROM `pa_nav` WHERE ( parent_id=40 ) ORDER BY sort DESC  [ RunTime:0.000265s ]
SQL: SELECT * FROM `pa_nav` WHERE ( parent_id=41 ) ORDER BY sort DESC  [ RunTime:0.000262s ]
SQL: SELECT * FROM `pa_nav` WHERE ( parent_id=42 ) ORDER BY sort DESC  [ RunTime:0.000309s ]
SQL: SELECT * FROM `pa_nav` WHERE ( parent_id=43 ) ORDER BY sort DESC  [ RunTime:0.000307s ]
INFO: Run Behavior\ParseTemplateBehavior [ RunTime:0.058873s ]
INFO: [ view_parse ] --END-- [ RunTime:0.059158s ]
INFO: [ view_filter ] --START--
INFO: Run Behavior\WriteHtmlCacheBehavior [ RunTime:0.000492s ]
INFO: [ view_filter ] --END-- [ RunTime:0.000770s ]
INFO: [ app_end ] --START--
INFO: Run Behavior\ShowPageTraceBehavior [ RunTime:0.000672s ]
INFO: [ app_end ] --END-- [ RunTime:0.000951s ]

[ 2016-01-16T23:57:26+08:00 ] 101.226.168.222 /index.php/Member/index?goto=http%3A%2F%2Fwww.tcbb88.com%2Findex.php%2Fproduct%2Fread%2Fid%2F640
INFO: [ app_init ] --START--
INFO: Run Behavior\BuildLiteBehavior [ RunTime:0.000097s ]
INFO: [ app_init ] --END-- [ RunTime:0.000709s ]
INFO: [ app_begin ] --START--
INFO: Run Behavior\ReadHtmlCacheBehavior [ RunTime:0.000695s ]
INFO: Run Behavior\CheckLangBehavior [ RunTime:0.001550s ]
INFO: [ app_begin ] --END-- [ RunTime:0.002703s ]
INFO: [ view_parse ] --START--
NOTIC: [2] explode() expects parameter 2 to be string, array given D:\wamp\www\tcbb88.com\include\Library\Think\Template.class.php 第 169 行.
NOTIC: [2] Invalid argument supplied for foreach() D:\wamp\www\tcbb88.com\include\Library\Think\Template.class.php 第 170 行.
NOTIC: [2] explode() expects parameter 2 to be string, array given D:\wamp\www\tcbb88.com\include\Library\Think\Template.class.php 第 169 行.
NOTIC: [2] Invalid argument supplied for foreach() D:\wamp\www\tcbb88.com\include\Library\Think\Template.class.php 第 170 行.
NOTIC: [8] Undefined index: limit D:\wamp\www\tcbb88.com\include\Library\Think\Template\TagLib\Weblock.class.php 第 88 行.
NOTIC: [8] Undefined index: limit D:\wamp\www\tcbb88.com\include\Library\Think\Template\TagLib\Weblock.class.php 第 88 行.
NOTIC: [8] Undefined index: limit D:\wamp\www\tcbb88.com\include\Library\Think\Template\TagLib\Weblock.class.php 第 88 行.
INFO: [ template_filter ] --START--
INFO: Run Behavior\ContentReplaceBehavior [ RunTime:0.000561s ]
INFO: [ template_filter ] --END-- [ RunTime:0.000854s ]
NOTIC: [8] Undefined variable: webtitle D:\wamp\www\tcbb88.com\Application\Runtime\Cache\Home\fec31c49e38973483127c830dec35846.php 第 4 行.
NOTIC: [8] Undefined variable: info D:\wamp\www\tcbb88.com\Application\Runtime\Cache\Home\fec31c49e38973483127c830dec35846.php 第 5 行.
NOTIC: [8] Undefined variable: info D:\wamp\www\tcbb88.com\Application\Runtime\Cache\Home\fec31c49e38973483127c830dec35846.php 第 6 行.
NOTIC: [8] Undefined index: m D:\wamp\www\tcbb88.com\include\Common\functions.php 第 885 行.
NOTIC: [8] Undefined index: m D:\wamp\www\tcbb88.com\include\Common\functions.php 第 885 行.
NOTIC: [8192] mysql_connect(): The mysql extension is deprecated and will be removed in the future: use mysqli or PDO instead D:\wamp\www\tcbb88.com\include\Library\Think\Db\Driver\Mysql.class.php 第 52 行.
SQL: SHOW COLUMNS FROM `pa_nav` [ RunTime:0.001742s ]
SQL: SELECT * FROM `pa_nav` WHERE ( lang='zh-cn'  AND type='top' AND parent_id=0 ) ORDER BY sort DESC  [ RunTime:0.000460s ]
SQL: SELECT * FROM `pa_nav` WHERE ( parent_id=33 ) ORDER BY sort DESC  [ RunTime:0.000361s ]
SQL: SELECT * FROM `pa_nav` WHERE ( lang='zh-cn'  AND type='middle' AND parent_id=0 ) ORDER BY sort DESC  [ RunTime:0.000389s ]
SQL: SELECT * FROM `pa_nav` WHERE ( parent_id=1 ) ORDER BY sort DESC  [ RunTime:0.000324s ]
SQL: SELECT * FROM `pa_nav` WHERE ( parent_id=7 ) ORDER BY sort DESC  [ RunTime:0.000361s ]
SQL: SELECT * FROM `pa_nav` WHERE ( parent_id=16 ) ORDER BY sort DESC  [ RunTime:0.000372s ]
SQL: SELECT * FROM `pa_nav` WHERE ( parent_id=22 ) ORDER BY sort DESC  [ RunTime:0.000396s ]
SQL: SELECT * FROM `pa_nav` WHERE ( parent_id=29 ) ORDER BY sort DESC  [ RunTime:0.000361s ]
NOTIC: [8] Undefined index: m D:\wamp\www\tcbb88.com\include\Common\functions.php 第 885 行.
SQL: SELECT * FROM `pa_nav` WHERE ( lang='zh-cn'  AND type='bottom' AND parent_id=0 ) ORDER BY sort DESC  [ RunTime:0.000364s ]
SQL: SELECT * FROM `pa_nav` WHERE ( parent_id=39 ) ORDER BY sort DESC  [ RunTime:0.000339s ]
SQL: SELECT * FROM `pa_nav` WHERE ( parent_id=40 ) ORDER BY sort DESC  [ RunTime:0.000331s ]
SQL: SELECT * FROM `pa_nav` WHERE ( parent_id=41 ) ORDER BY sort DESC  [ RunTime:0.000338s ]
SQL: SELECT * FROM `pa_nav` WHERE ( parent_id=42 ) ORDER BY sort DESC  [ RunTime:0.000370s ]
SQL: SELECT * FROM `pa_nav` WHERE ( parent_id=43 ) ORDER BY sort DESC  [ RunTime:0.000291s ]
INFO: Run Behavior\ParseTemplateBehavior [ RunTime:0.064846s ]
INFO: [ view_parse ] --END-- [ RunTime:0.065170s ]
INFO: [ view_filter ] --START--
INFO: Run Behavior\WriteHtmlCacheBehavior [ RunTime:0.000659s ]
INFO: [ view_filter ] --END-- [ RunTime:0.000952s ]
INFO: [ app_end ] --START--
INFO: Run Behavior\ShowPageTraceBehavior [ RunTime:0.000821s ]
INFO: [ app_end ] --END-- [ RunTime:0.001112s ]

[ 2016-01-16T23:59:18+08:00 ] 182.118.22.227 /index.php/Member/index?goto=http%3A%2F%2Fwww.tcbb88.com%2Findex.php%2Fproduct%2Fread%2Fid%2F614
INFO: [ app_init ] --START--
INFO: Run Behavior\BuildLiteBehavior [ RunTime:0.000072s ]
INFO: [ app_init ] --END-- [ RunTime:0.000668s ]
INFO: [ app_begin ] --START--
INFO: Run Behavior\ReadHtmlCacheBehavior [ RunTime:0.000624s ]
INFO: Run Behavior\CheckLangBehavior [ RunTime:0.001326s ]
INFO: [ app_begin ] --END-- [ RunTime:0.002422s ]
INFO: [ view_parse ] --START--
NOTIC: [2] explode() expects parameter 2 to be string, array given D:\wamp\www\tcbb88.com\include\Library\Think\Template.class.php 第 169 行.
NOTIC: [2] Invalid argument supplied for foreach() D:\wamp\www\tcbb88.com\include\Library\Think\Template.class.php 第 170 行.
NOTIC: [2] explode() expects parameter 2 to be string, array given D:\wamp\www\tcbb88.com\include\Library\Think\Template.class.php 第 169 行.
NOTIC: [2] Invalid argument supplied for foreach() D:\wamp\www\tcbb88.com\include\Library\Think\Template.class.php 第 170 行.
NOTIC: [8] Undefined index: limit D:\wamp\www\tcbb88.com\include\Library\Think\Template\TagLib\Weblock.class.php 第 88 行.
NOTIC: [8] Undefined index: limit D:\wamp\www\tcbb88.com\include\Library\Think\Template\TagLib\Weblock.class.php 第 88 行.
NOTIC: [8] Undefined index: limit D:\wamp\www\tcbb88.com\include\Library\Think\Template\TagLib\Weblock.class.php 第 88 行.
INFO: [ template_filter ] --START--
INFO: Run Behavior\ContentReplaceBehavior [ RunTime:0.000525s ]
INFO: [ template_filter ] --END-- [ RunTime:0.000834s ]
NOTIC: [8] Undefined variable: webtitle D:\wamp\www\tcbb88.com\Application\Runtime\Cache\Home\fec31c49e38973483127c830dec35846.php 第 4 行.
NOTIC: [8] Undefined variable: info D:\wamp\www\tcbb88.com\Application\Runtime\Cache\Home\fec31c49e38973483127c830dec35846.php 第 5 行.
NOTIC: [8] Undefined variable: info D:\wamp\www\tcbb88.com\Application\Runtime\Cache\Home\fec31c49e38973483127c830dec35846.php 第 6 行.
NOTIC: [8] Undefined index: m D:\wamp\www\tcbb88.com\include\Common\functions.php 第 885 行.
NOTIC: [8] Undefined index: m D:\wamp\www\tcbb88.com\include\Common\functions.php 第 885 行.
NOTIC: [8192] mysql_connect(): The mysql extension is deprecated and will be removed in the future: use mysqli or PDO instead D:\wamp\www\tcbb88.com\include\Library\Think\Db\Driver\Mysql.class.php 第 52 行.
SQL: SHOW COLUMNS FROM `pa_nav` [ RunTime:0.001696s ]
SQL: SELECT * FROM `pa_nav` WHERE ( lang='zh-cn'  AND type='top' AND parent_id=0 ) ORDER BY sort DESC  [ RunTime:0.000418s ]
SQL: SELECT * FROM `pa_nav` WHERE ( parent_id=33 ) ORDER BY sort DESC  [ RunTime:0.000335s ]
SQL: SELECT * FROM `pa_nav` WHERE ( lang='zh-cn'  AND type='middle' AND parent_id=0 ) ORDER BY sort DESC  [ RunTime:0.000427s ]
SQL: SELECT * FROM `pa_nav` WHERE ( parent_id=1 ) ORDER BY sort DESC  [ RunTime:0.000330s ]
SQL: SELECT * FROM `pa_nav` WHERE ( parent_id=7 ) ORDER BY sort DESC  [ RunTime:0.000336s ]
SQL: SELECT * FROM `pa_nav` WHERE ( parent_id=16 ) ORDER BY sort DESC  [ RunTime:0.000320s ]
SQL: SELECT * FROM `pa_nav` WHERE ( parent_id=22 ) ORDER BY sort DESC  [ RunTime:0.000334s ]
SQL: SELECT * FROM `pa_nav` WHERE ( parent_id=29 ) ORDER BY sort DESC  [ RunTime:0.000323s ]
NOTIC: [8] Undefined index: m D:\wamp\www\tcbb88.com\include\Common\functions.php 第 885 行.
SQL: SELECT * FROM `pa_nav` WHERE ( lang='zh-cn'  AND type='bottom' AND parent_id=0 ) ORDER BY sort DESC  [ RunTime:0.000537s ]
SQL: SELECT * FROM `pa_nav` WHERE ( parent_id=39 ) ORDER BY sort DESC  [ RunTime:0.000282s ]
SQL: SELECT * FROM `pa_nav` WHERE ( parent_id=40 ) ORDER BY sort DESC  [ RunTime:0.000306s ]
SQL: SELECT * FROM `pa_nav` WHERE ( parent_id=41 ) ORDER BY sort DESC  [ RunTime:0.000282s ]
SQL: SELECT * FROM `pa_nav` WHERE ( parent_id=42 ) ORDER BY sort DESC  [ RunTime:0.000280s ]
SQL: SELECT * FROM `pa_nav` WHERE ( parent_id=43 ) ORDER BY sort DESC  [ RunTime:0.000314s ]
INFO: Run Behavior\ParseTemplateBehavior [ RunTime:0.060015s ]
INFO: [ view_parse ] --END-- [ RunTime:0.060309s ]
INFO: [ view_filter ] --START--
INFO: Run Behavior\WriteHtmlCacheBehavior [ RunTime:0.000530s ]
INFO: [ view_filter ] --END-- [ RunTime:0.000813s ]
INFO: [ app_end ] --START--
INFO: Run Behavior\ShowPageTraceBehavior [ RunTime:0.000666s ]
INFO: [ app_end ] --END-- [ RunTime:0.000978s ]

