[ 2016-02-16T20:48:19+08:00 ] 203.208.60.111 /index.php/product/read/id/695
INFO: [ app_init ] --START--
INFO: Run Behavior\BuildLiteBehavior [ RunTime:0.000083s ]
INFO: [ app_init ] --END-- [ RunTime:0.000901s ]
INFO: [ app_begin ] --START--
INFO: Run Behavior\ReadHtmlCacheBehavior [ RunTime:0.001044s ]
INFO: Run Behavior\CheckLangBehavior [ RunTime:0.001751s ]
INFO: [ app_begin ] --END-- [ RunTime:0.003499s ]
NOTIC: [8192] mysql_connect(): The mysql extension is deprecated and will be removed in the future: use mysqli or PDO instead C:\wamp\www\chinahzm.cn\include\Library\Think\Db\Driver\Mysql.class.php 第 52 行.
SQL: SHOW COLUMNS FROM `pa_product` [ RunTime:0.003293s ]
SQL: SHOW COLUMNS FROM `pa_category` [ RunTime:0.003345s ]
NOTIC: [8] Use of undefined constant p - assumed 'p' C:\wamp\www\chinahzm.cn\Application\Home\Controller\ProductController.class.php 第 64 行.
SQL: SELECT * FROM `pa_category` WHERE ( `type` = 'p' )  [ RunTime:0.001094s ]
SQL: SHOW COLUMNS FROM `pa_message` [ RunTime:0.002150s ]
SQL: SELECT * FROM `pa_message` WHERE ( `display` = 1 ) AND ( `productid` = 695 )  [ RunTime:0.001190s ]
SQL: SELECT * FROM `pa_product` WHERE ( `id` = 695 ) LIMIT 1   [ RunTime:0.000658s ]
SQL: SELECT `name` FROM `pa_category` WHERE ( `cid` = 8 ) LIMIT 1   [ RunTime:0.000488s ]
SQL: SHOW COLUMNS FROM `pa_images` [ RunTime:0.003233s ]
SQL: SELECT `savepath` FROM `pa_images` WHERE ( `id` IN ('1471') )  [ RunTime:0.001558s ]
SQL: UPDATE `pa_product` SET `click`=click+1 WHERE ( `id` = 695 ) [ RunTime:0.000575s ]
INFO: [ view_parse ] --START--
NOTIC: [2] explode() expects parameter 2 to be string, array given C:\wamp\www\chinahzm.cn\include\Library\Think\Template.class.php 第 169 行.
NOTIC: [2] Invalid argument supplied for foreach() C:\wamp\www\chinahzm.cn\include\Library\Think\Template.class.php 第 170 行.
NOTIC: [2] explode() expects parameter 2 to be string, array given C:\wamp\www\chinahzm.cn\include\Library\Think\Template.class.php 第 169 行.
NOTIC: [2] Invalid argument supplied for foreach() C:\wamp\www\chinahzm.cn\include\Library\Think\Template.class.php 第 170 行.
NOTIC: [2] explode() expects parameter 2 to be string, array given C:\wamp\www\chinahzm.cn\include\Library\Think\Template.class.php 第 169 行.
NOTIC: [2] Invalid argument supplied for foreach() C:\wamp\www\chinahzm.cn\include\Library\Think\Template.class.php 第 170 行.
NOTIC: [2] explode() expects parameter 2 to be string, array given C:\wamp\www\chinahzm.cn\include\Library\Think\Template.class.php 第 169 行.
NOTIC: [2] Invalid argument supplied for foreach() C:\wamp\www\chinahzm.cn\include\Library\Think\Template.class.php 第 170 行.
NOTIC: [2] explode() expects parameter 2 to be string, array given C:\wamp\www\chinahzm.cn\include\Library\Think\Template.class.php 第 169 行.
NOTIC: [2] Invalid argument supplied for foreach() C:\wamp\www\chinahzm.cn\include\Library\Think\Template.class.php 第 170 行.
NOTIC: [2] explode() expects parameter 2 to be string, array given C:\wamp\www\chinahzm.cn\include\Library\Think\Template.class.php 第 169 行.
NOTIC: [2] Invalid argument supplied for foreach() C:\wamp\www\chinahzm.cn\include\Library\Think\Template.class.php 第 170 行.
NOTIC: [2] explode() expects parameter 2 to be string, array given C:\wamp\www\chinahzm.cn\include\Library\Think\Template.class.php 第 169 行.
NOTIC: [2] Invalid argument supplied for foreach() C:\wamp\www\chinahzm.cn\include\Library\Think\Template.class.php 第 170 行.
NOTIC: [8] Undefined index: limit C:\wamp\www\chinahzm.cn\include\Library\Think\Template\TagLib\Weblock.class.php 第 88 行.
NOTIC: [8] Undefined index: limit C:\wamp\www\chinahzm.cn\include\Library\Think\Template\TagLib\Weblock.class.php 第 88 行.
NOTIC: [8] Undefined index: limit C:\wamp\www\chinahzm.cn\include\Library\Think\Template\TagLib\Weblock.class.php 第 88 行.
NOTIC: [8] Undefined index: limit C:\wamp\www\chinahzm.cn\include\Library\Think\Template\TagLib\Weblock.class.php 第 88 行.
INFO: [ template_filter ] --START--
INFO: Run Behavior\ContentReplaceBehavior [ RunTime:0.000647s ]
INFO: [ template_filter ] --END-- [ RunTime:0.001021s ]
SQL: SHOW COLUMNS FROM `pa_nav` [ RunTime:0.003464s ]
SQL: SELECT * FROM `pa_nav` WHERE ( lang='zh-cn'  AND type='middle' AND parent_id=0 ) ORDER BY sort DESC  [ RunTime:0.001435s ]
SQL: SELECT * FROM `pa_nav` WHERE ( parent_id=1 ) ORDER BY sort DESC  [ RunTime:0.000406s ]
SQL: SELECT * FROM `pa_nav` WHERE ( parent_id=10 ) ORDER BY sort DESC  [ RunTime:0.000435s ]
SQL: SELECT * FROM `pa_nav` WHERE ( parent_id=19 ) ORDER BY sort DESC  [ RunTime:0.000388s ]
SQL: SELECT * FROM `pa_nav` WHERE ( parent_id=23 ) ORDER BY sort DESC  [ RunTime:0.000770s ]
SQL: SELECT * FROM `pa_nav` WHERE ( parent_id=30 ) ORDER BY sort DESC  [ RunTime:0.000558s ]
SQL: SELECT * FROM `pa_nav` WHERE ( parent_id=36 ) ORDER BY sort DESC  [ RunTime:0.000632s ]
NOTIC: [8] Undefined index: m C:\wamp\www\chinahzm.cn\include\Common\functions.php 第 885 行.
NOTIC: [8] Undefined index: m C:\wamp\www\chinahzm.cn\include\Common\functions.php 第 885 行.
SQL: SELECT * FROM `pa_nav` WHERE ( lang='zh-cn'  AND type='middle' AND parent_id=0 ) ORDER BY sort DESC  [ RunTime:0.000869s ]
SQL: SELECT * FROM `pa_nav` WHERE ( parent_id=1 ) ORDER BY sort DESC  [ RunTime:0.000607s ]
SQL: SELECT * FROM `pa_nav` WHERE ( parent_id=10 ) ORDER BY sort DESC  [ RunTime:0.000556s ]
SQL: SELECT * FROM `pa_nav` WHERE ( parent_id=19 ) ORDER BY sort DESC  [ RunTime:0.000520s ]
SQL: SELECT * FROM `pa_nav` WHERE ( parent_id=23 ) ORDER BY sort DESC  [ RunTime:0.000558s ]
SQL: SELECT * FROM `pa_nav` WHERE ( parent_id=30 ) ORDER BY sort DESC  [ RunTime:0.000532s ]
SQL: SELECT * FROM `pa_nav` WHERE ( parent_id=36 ) ORDER BY sort DESC  [ RunTime:0.000500s ]
NOTIC: [8] Undefined index: m C:\wamp\www\chinahzm.cn\include\Common\functions.php 第 885 行.
NOTIC: [8] Undefined index: m C:\wamp\www\chinahzm.cn\include\Common\functions.php 第 885 行.
SQL: SELECT * FROM `pa_nav` WHERE ( lang='zh-cn'  AND type='middle' AND parent_id=0 ) ORDER BY sort DESC  [ RunTime:0.000641s ]
SQL: SELECT * FROM `pa_nav` WHERE ( parent_id=1 ) ORDER BY sort DESC  [ RunTime:0.000557s ]
SQL: SELECT * FROM `pa_nav` WHERE ( parent_id=10 ) ORDER BY sort DESC  [ RunTime:0.001234s ]
SQL: SELECT * FROM `pa_nav` WHERE ( parent_id=19 ) ORDER BY sort DESC  [ RunTime:0.000542s ]
SQL: SELECT * FROM `pa_nav` WHERE ( parent_id=23 ) ORDER BY sort DESC  [ RunTime:0.000524s ]
SQL: SELECT * FROM `pa_nav` WHERE ( parent_id=30 ) ORDER BY sort DESC  [ RunTime:0.000531s ]
SQL: SELECT * FROM `pa_nav` WHERE ( parent_id=36 ) ORDER BY sort DESC  [ RunTime:0.000479s ]
SQL: SELECT `savepath` FROM `pa_images` WHERE ( `id` = 1471 ) LIMIT 1   [ RunTime:0.000512s ]
SQL: SELECT * FROM `pa_nav` WHERE ( lang='zh-cn'  AND type='middle' AND parent_id=0 ) ORDER BY sort DESC  [ RunTime:0.000468s ]
SQL: SELECT * FROM `pa_nav` WHERE ( parent_id=1 ) ORDER BY sort DESC  [ RunTime:0.000443s ]
SQL: SELECT * FROM `pa_nav` WHERE ( parent_id=10 ) ORDER BY sort DESC  [ RunTime:0.000412s ]
SQL: SELECT * FROM `pa_nav` WHERE ( parent_id=19 ) ORDER BY sort DESC  [ RunTime:0.000384s ]
SQL: SELECT * FROM `pa_nav` WHERE ( parent_id=23 ) ORDER BY sort DESC  [ RunTime:0.000412s ]
SQL: SELECT * FROM `pa_nav` WHERE ( parent_id=30 ) ORDER BY sort DESC  [ RunTime:0.000540s ]
SQL: SELECT * FROM `pa_nav` WHERE ( parent_id=36 ) ORDER BY sort DESC  [ RunTime:0.000375s ]
NOTIC: [8] Undefined index: m C:\wamp\www\chinahzm.cn\include\Common\functions.php 第 885 行.
NOTIC: [8] Undefined index: m C:\wamp\www\chinahzm.cn\include\Common\functions.php 第 885 行.
NOTIC: [8] Undefined index: m C:\wamp\www\chinahzm.cn\include\Common\functions.php 第 885 行.
INFO: Run Behavior\ParseTemplateBehavior [ RunTime:0.155102s ]
INFO: [ view_parse ] --END-- [ RunTime:0.155473s ]
INFO: [ view_filter ] --START--
INFO: Run Behavior\WriteHtmlCacheBehavior [ RunTime:0.000741s ]
INFO: [ view_filter ] --END-- [ RunTime:0.001245s ]
INFO: [ app_end ] --START--
INFO: Run Behavior\ShowPageTraceBehavior [ RunTime:0.001553s ]
INFO: [ app_end ] --END-- [ RunTime:0.002235s ]

[ 2016-02-16T20:56:51+08:00 ] 203.208.60.93 /index.php/News/index/p/10
INFO: [ app_init ] --START--
INFO: Run Behavior\BuildLiteBehavior [ RunTime:0.000076s ]
INFO: [ app_init ] --END-- [ RunTime:0.000935s ]
INFO: [ app_begin ] --START--
INFO: Run Behavior\ReadHtmlCacheBehavior [ RunTime:0.001085s ]
INFO: Run Behavior\CheckLangBehavior [ RunTime:0.001649s ]
INFO: [ app_begin ] --END-- [ RunTime:0.003410s ]
NOTIC: [8192] mysql_connect(): The mysql extension is deprecated and will be removed in the future: use mysqli or PDO instead C:\wamp\www\chinahzm.cn\include\Library\Think\Db\Driver\Mysql.class.php 第 52 行.
SQL: SHOW COLUMNS FROM `pa_news` [ RunTime:0.003001s ]
SQL: SHOW COLUMNS FROM `pa_category` [ RunTime:0.002901s ]
SQL: SHOW COLUMNS FROM `pa_product` [ RunTime:0.002274s ]
SQL: SELECT * FROM `pa_product` WHERE ( `status` = 1 ) AND ( `lang` = 'zh-cn' ) AND ( `is_recommend` = 1 ) ORDER BY rand()  [ RunTime:0.003562s ]
SQL: SELECT `name` FROM `pa_category` WHERE ( `cid` = 0 ) LIMIT 1   [ RunTime:0.000468s ]
NOTIC: [8] Use of undefined constant n - assumed 'n' C:\wamp\www\chinahzm.cn\Application\Home\Controller\NewsController.class.php 第 30 行.
SQL: SELECT * FROM `pa_category` WHERE ( `type` = 'n' )  [ RunTime:0.000370s ]
SQL: SHOW COLUMNS FROM `pa_news` [ RunTime:0.001943s ]
SQL: SELECT COUNT(*) AS tp_count FROM pa_news n INNER JOIN pa_category c on c.cid=n.cid  WHERE ( n.status = 1 ) AND ( n.lang = 'zh-cn' ) LIMIT 1   [ RunTime:0.001632s ]
NOTIC: [8] Undefined index: m C:\wamp\www\chinahzm.cn\include\Common\functions.php 第 885 行.
SQL: SHOW COLUMNS FROM `pa_news` [ RunTime:0.002540s ]
SQL: SELECT n.id,n.cid,n.title,n.summary,n.update_time,n.click,n.image_id,c.name as cname,n.published FROM pa_news n INNER JOIN pa_category c on c.cid=n.cid  WHERE ( n.status = 1 ) AND ( n.lang = 'zh-cn' ) ORDER BY id desc LIMIT 45, 5   [ RunTime:0.001616s ]
SQL: SHOW COLUMNS FROM `pa_ad` [ RunTime:0.002008s ]
SQL: SELECT * FROM `pa_ad` WHERE ( `lang` = 'zh-cn' ) AND ( (`position` = 'news') OR (`position` = 'all') ) ORDER BY sort DESC  [ RunTime:0.001211s ]
INFO: [ view_parse ] --START--
NOTIC: [2] explode() expects parameter 2 to be string, array given C:\wamp\www\chinahzm.cn\include\Library\Think\Template.class.php 第 169 行.
NOTIC: [2] Invalid argument supplied for foreach() C:\wamp\www\chinahzm.cn\include\Library\Think\Template.class.php 第 170 行.
NOTIC: [2] explode() expects parameter 2 to be string, array given C:\wamp\www\chinahzm.cn\include\Library\Think\Template.class.php 第 169 行.
NOTIC: [2] Invalid argument supplied for foreach() C:\wamp\www\chinahzm.cn\include\Library\Think\Template.class.php 第 170 行.
NOTIC: [2] explode() expects parameter 2 to be string, array given C:\wamp\www\chinahzm.cn\include\Library\Think\Template.class.php 第 169 行.
NOTIC: [2] Invalid argument supplied for foreach() C:\wamp\www\chinahzm.cn\include\Library\Think\Template.class.php 第 170 行.
NOTIC: [2] explode() expects parameter 2 to be string, array given C:\wamp\www\chinahzm.cn\include\Library\Think\Template.class.php 第 169 行.
NOTIC: [2] Invalid argument supplied for foreach() C:\wamp\www\chinahzm.cn\include\Library\Think\Template.class.php 第 170 行.
NOTIC: [2] explode() expects parameter 2 to be string, array given C:\wamp\www\chinahzm.cn\include\Library\Think\Template.class.php 第 169 行.
NOTIC: [2] Invalid argument supplied for foreach() C:\wamp\www\chinahzm.cn\include\Library\Think\Template.class.php 第 170 行.
NOTIC: [2] explode() expects parameter 2 to be string, array given C:\wamp\www\chinahzm.cn\include\Library\Think\Template.class.php 第 169 行.
NOTIC: [2] Invalid argument supplied for foreach() C:\wamp\www\chinahzm.cn\include\Library\Think\Template.class.php 第 170 行.
NOTIC: [2] explode() expects parameter 2 to be string, array given C:\wamp\www\chinahzm.cn\include\Library\Think\Template.class.php 第 169 行.
NOTIC: [2] Invalid argument supplied for foreach() C:\wamp\www\chinahzm.cn\include\Library\Think\Template.class.php 第 170 行.
NOTIC: [8] Undefined index: limit C:\wamp\www\chinahzm.cn\include\Library\Think\Template\TagLib\Weblock.class.php 第 88 行.
NOTIC: [8] Undefined index: limit C:\wamp\www\chinahzm.cn\include\Library\Think\Template\TagLib\Weblock.class.php 第 88 行.
NOTIC: [8] Undefined index: limit C:\wamp\www\chinahzm.cn\include\Library\Think\Template\TagLib\Weblock.class.php 第 88 行.
NOTIC: [8] Undefined index: limit C:\wamp\www\chinahzm.cn\include\Library\Think\Template\TagLib\Weblock.class.php 第 88 行.
INFO: [ template_filter ] --START--
INFO: Run Behavior\ContentReplaceBehavior [ RunTime:0.000948s ]
INFO: [ template_filter ] --END-- [ RunTime:0.001600s ]
NOTIC: [8] Undefined variable: info C:\wamp\www\chinahzm.cn\Application\Runtime\Cache\Home\b382c5913c8c3a964a30800cdc0a0419.php 第 6 行.
NOTIC: [8] Undefined variable: info C:\wamp\www\chinahzm.cn\Application\Runtime\Cache\Home\b382c5913c8c3a964a30800cdc0a0419.php 第 7 行.
SQL: SHOW COLUMNS FROM `pa_nav` [ RunTime:0.002735s ]
SQL: SELECT * FROM `pa_nav` WHERE ( lang='zh-cn'  AND type='middle' AND parent_id=0 ) ORDER BY sort DESC  [ RunTime:0.001126s ]
SQL: SELECT * FROM `pa_nav` WHERE ( parent_id=1 ) ORDER BY sort DESC  [ RunTime:0.000459s ]
SQL: SELECT * FROM `pa_nav` WHERE ( parent_id=10 ) ORDER BY sort DESC  [ RunTime:0.000456s ]
SQL: SELECT * FROM `pa_nav` WHERE ( parent_id=19 ) ORDER BY sort DESC  [ RunTime:0.000513s ]
SQL: SELECT * FROM `pa_nav` WHERE ( parent_id=23 ) ORDER BY sort DESC  [ RunTime:0.000448s ]
SQL: SELECT * FROM `pa_nav` WHERE ( parent_id=30 ) ORDER BY sort DESC  [ RunTime:0.000421s ]
SQL: SELECT * FROM `pa_nav` WHERE ( parent_id=36 ) ORDER BY sort DESC  [ RunTime:0.000413s ]
NOTIC: [8] Undefined index: m C:\wamp\www\chinahzm.cn\include\Common\functions.php 第 885 行.
NOTIC: [8] Undefined index: m C:\wamp\www\chinahzm.cn\include\Common\functions.php 第 885 行.
SQL: SELECT * FROM `pa_nav` WHERE ( lang='zh-cn'  AND type='middle' AND parent_id=0 ) ORDER BY sort DESC  [ RunTime:0.000546s ]
SQL: SELECT * FROM `pa_nav` WHERE ( parent_id=1 ) ORDER BY sort DESC  [ RunTime:0.000394s ]
SQL: SELECT * FROM `pa_nav` WHERE ( parent_id=10 ) ORDER BY sort DESC  [ RunTime:0.000464s ]
SQL: SELECT * FROM `pa_nav` WHERE ( parent_id=19 ) ORDER BY sort DESC  [ RunTime:0.000424s ]
SQL: SELECT * FROM `pa_nav` WHERE ( parent_id=23 ) ORDER BY sort DESC  [ RunTime:0.000442s ]
SQL: SELECT * FROM `pa_nav` WHERE ( parent_id=30 ) ORDER BY sort DESC  [ RunTime:0.000415s ]
SQL: SELECT * FROM `pa_nav` WHERE ( parent_id=36 ) ORDER BY sort DESC  [ RunTime:0.000366s ]
NOTIC: [8] Undefined index: m C:\wamp\www\chinahzm.cn\include\Common\functions.php 第 885 行.
NOTIC: [8] Undefined index: m C:\wamp\www\chinahzm.cn\include\Common\functions.php 第 885 行.
SQL: SELECT * FROM `pa_nav` WHERE ( lang='zh-cn'  AND type='middle' AND parent_id=0 ) ORDER BY sort DESC  [ RunTime:0.000520s ]
SQL: SELECT * FROM `pa_nav` WHERE ( parent_id=1 ) ORDER BY sort DESC  [ RunTime:0.000562s ]
SQL: SELECT * FROM `pa_nav` WHERE ( parent_id=10 ) ORDER BY sort DESC  [ RunTime:0.000421s ]
SQL: SELECT * FROM `pa_nav` WHERE ( parent_id=19 ) ORDER BY sort DESC  [ RunTime:0.000358s ]
SQL: SELECT * FROM `pa_nav` WHERE ( parent_id=23 ) ORDER BY sort DESC  [ RunTime:0.000388s ]
SQL: SELECT * FROM `pa_nav` WHERE ( parent_id=30 ) ORDER BY sort DESC  [ RunTime:0.000372s ]
SQL: SELECT * FROM `pa_nav` WHERE ( parent_id=36 ) ORDER BY sort DESC  [ RunTime:0.000370s ]
NOTIC: [8] Undefined index: m C:\wamp\www\chinahzm.cn\include\Common\functions.php 第 885 行.
SQL: SHOW COLUMNS FROM `pa_images` [ RunTime:0.003313s ]
SQL: SELECT `savepath` FROM `pa_images` WHERE ( `id` = 1378 ) LIMIT 1   [ RunTime:0.000448s ]
NOTIC: [8] Undefined index: m C:\wamp\www\chinahzm.cn\include\Common\functions.php 第 885 行.
SQL: SELECT `savepath` FROM `pa_images` WHERE ( `id` = 1371 ) LIMIT 1   [ RunTime:0.000339s ]
NOTIC: [8] Undefined index: m C:\wamp\www\chinahzm.cn\include\Common\functions.php 第 885 行.
SQL: SELECT `savepath` FROM `pa_images` WHERE ( `id` = 1417 ) LIMIT 1   [ RunTime:0.000351s ]
NOTIC: [8] Undefined index: m C:\wamp\www\chinahzm.cn\include\Common\functions.php 第 885 行.
SQL: SELECT `savepath` FROM `pa_images` WHERE ( `id` = 1370 ) LIMIT 1   [ RunTime:0.000408s ]
NOTIC: [8] Undefined index: m C:\wamp\www\chinahzm.cn\include\Common\functions.php 第 885 行.
SQL: SELECT `savepath` FROM `pa_images` WHERE ( `id` = 1381 ) LIMIT 1   [ RunTime:0.000386s ]
NOTIC: [8] Undefined index: m C:\wamp\www\chinahzm.cn\include\Common\functions.php 第 885 行.
SQL: SELECT `savepath` FROM `pa_images` WHERE ( `id` = 1478 ) LIMIT 1   [ RunTime:0.000342s ]
SQL: SELECT * FROM `pa_nav` WHERE ( lang='zh-cn'  AND type='middle' AND parent_id=0 ) ORDER BY sort DESC  [ RunTime:0.000469s ]
SQL: SELECT * FROM `pa_nav` WHERE ( parent_id=1 ) ORDER BY sort DESC  [ RunTime:0.000395s ]
SQL: SELECT * FROM `pa_nav` WHERE ( parent_id=10 ) ORDER BY sort DESC  [ RunTime:0.000571s ]
SQL: SELECT * FROM `pa_nav` WHERE ( parent_id=19 ) ORDER BY sort DESC  [ RunTime:0.000505s ]
SQL: SELECT * FROM `pa_nav` WHERE ( parent_id=23 ) ORDER BY sort DESC  [ RunTime:0.000852s ]
SQL: SELECT * FROM `pa_nav` WHERE ( parent_id=30 ) ORDER BY sort DESC  [ RunTime:0.000624s ]
SQL: SELECT * FROM `pa_nav` WHERE ( parent_id=36 ) ORDER BY sort DESC  [ RunTime:0.000644s ]
INFO: Run Behavior\ParseTemplateBehavior [ RunTime:0.156999s ]
INFO: [ view_parse ] --END-- [ RunTime:0.157500s ]
INFO: [ view_filter ] --START--
INFO: Run Behavior\WriteHtmlCacheBehavior [ RunTime:0.000874s ]
INFO: [ view_filter ] --END-- [ RunTime:0.001449s ]
INFO: [ app_end ] --START--
INFO: Run Behavior\ShowPageTraceBehavior [ RunTime:0.001185s ]
INFO: [ app_end ] --END-- [ RunTime:0.001674s ]

