[2015-12-31 19:16:24][debug] openid1->orHFOuHaT9Me_4-dMkK8xp2lB7DI
[2015-12-31 19:16:24][debug] openid2->orHFOuHaT9Me_4-dMkK8xp2lB7DI
[2015-12-31 19:16:24][debug] out_trade_no->126130280120151231191624
[2015-12-31 19:16:29][debug] jsApiParameters->{"appId":"wxba49a044a09e05a6","nonceStr":"c7y84tyqdkepjs9s5x5yydfhh3o725nj","package":"prepay_id=wx20151231191629255215ed410171735399","signType":"MD5","timeStamp":"1451560589","paySign":"15BD163F72AA78F128BBE4D7E6FF5524"}
[2015-12-31 19:28:55][debug] openid1->orHFOuHaT9Me_4-dMkK8xp2lB7DI
[2015-12-31 19:28:55][debug] openid2->orHFOuHaT9Me_4-dMkK8xp2lB7DI
[2015-12-31 19:28:55][debug] out_trade_no->126130280120151231192855
[2015-12-31 19:29:00][debug] jsApiParameters->{"appId":"wxba49a044a09e05a6","nonceStr":"l2n4e4zcqvit0up6v7ck5d2vcfst8d1m","package":"prepay_id=wx20151231192900c8aa484a8f0199817660","signType":"MD5","timeStamp":"1451561340","paySign":"7294DC9CA298EF4242C839FF6F865674"}
[2015-12-31 19:30:48][debug] openid1->orHFOuHaT9Me_4-dMkK8xp2lB7DI
[2015-12-31 19:30:48][debug] openid2->orHFOuHaT9Me_4-dMkK8xp2lB7DI
[2015-12-31 19:30:48][debug] out_trade_no->126130280120151231192855
[2015-12-31 19:30:48][debug] jsApiParameters->{"appId":"wxba49a044a09e05a6","nonceStr":"tlh2m2e4hup2xwzd0febt37k7m4cj2xk","package":"prepay_id=wx20151231193048e3d83b60830237179663","signType":"MD5","timeStamp":"1451561448","paySign":"ED5D5E23B706A99478CBAE995CFDE490"}
[2015-12-31 19:31:24][debug] openid1->orHFOuHaT9Me_4-dMkK8xp2lB7DI
[2015-12-31 19:31:24][debug] openid2->orHFOuHaT9Me_4-dMkK8xp2lB7DI
[2015-12-31 19:31:24][debug] out_trade_no->126130280120151231192855
[2015-12-31 19:31:29][debug] jsApiParameters->{"appId":"wxba49a044a09e05a6","nonceStr":"soxj56gfkfjpp6ke19143bjboohjm3ws","package":"prepay_id=wx201512311931295af51f33560586940112","signType":"MD5","timeStamp":"1451561489","paySign":"F50DD0D422B596CCDBDBA49903B6C630"}
[2015-12-31 19:41:48][debug] openid1->orHFOuHaT9Me_4-dMkK8xp2lB7DI
[2015-12-31 19:41:48][debug] openid2->orHFOuHaT9Me_4-dMkK8xp2lB7DI
[2015-12-31 19:41:48][debug] out_trade_no->126130280120151231192855
[2015-12-31 19:41:56][debug] jsApiParameters->{"appId":"wxba49a044a09e05a6","nonceStr":"t6wtg4s8pwenuryuw5rcr10jz4r7k0hp","package":"prepay_id=wx201512311941554e7354bdb60148892885","signType":"MD5","timeStamp":"1451562116","paySign":"B4726C6C2E74999F949AEFF2E361E860"}
[2015-12-31 19:50:08][debug] openid1->orHFOuHaT9Me_4-dMkK8xp2lB7DI
[2015-12-31 19:50:08][debug] openid2->orHFOuHaT9Me_4-dMkK8xp2lB7DI
[2015-12-31 19:50:08][debug] out_trade_no->126130280120151231192855
[2015-12-31 19:50:16][debug] jsApiParameters->{"appId":"wxba49a044a09e05a6","nonceStr":"oeyd2gbfov9sr1sj2cgtewritc6auhu5","package":"prepay_id=wx20151231195016e07a21d8fe0208376365","signType":"MD5","timeStamp":"1451562616","paySign":"25C053D888C06695A158C367BF9D4C4B"}
[2015-12-31 19:53:23][debug] openid1->orHFOuHaT9Me_4-dMkK8xp2lB7DI
[2015-12-31 19:53:23][debug] openid2->orHFOuHaT9Me_4-dMkK8xp2lB7DI
[2015-12-31 19:53:23][debug] out_trade_no->126130280120151231192855
[2015-12-31 19:54:10][debug] openid1->orHFOuHaT9Me_4-dMkK8xp2lB7DI
[2015-12-31 19:54:10][debug] openid2->orHFOuHaT9Me_4-dMkK8xp2lB7DI
[2015-12-31 19:54:10][debug] out_trade_no->126130280120151231195410
[2015-12-31 19:54:10][debug] jsApiParameters->{"appId":"wxba49a044a09e05a6","nonceStr":"897blu33kwlzxhuhughmhajmfizjuz7c","package":"prepay_id=wx20151231195410dfb7916b720608072849","signType":"MD5","timeStamp":"1451562850","paySign":"6ABFF84096F610D7E2D4B9F937A71A91"}
