[2015-12-30 14:02:18][debug] openid1->
[2015-12-30 14:02:18][debug] openid2->
[2015-12-30 14:02:18][debug] out_trade_no->126130280120151230140218
[2015-12-30 14:05:38][debug] openid1->
[2015-12-30 14:05:38][debug] openid2->
[2015-12-30 14:05:38][debug] out_trade_no->126130280120151230140538
[2015-12-30 14:17:04][debug] openid1->
[2015-12-30 14:17:04][debug] openid2->
[2015-12-30 14:17:04][debug] out_trade_no->126130280120151230141704
[2015-12-30 14:24:06][debug] openid1->
[2015-12-30 14:24:06][debug] openid2->
[2015-12-30 14:24:06][debug] out_trade_no->126130280120151230142406
[2015-12-30 14:26:17][debug] openid1->
[2015-12-30 14:26:17][debug] openid2->
[2015-12-30 14:26:17][debug] out_trade_no->126130280120151230142617
[2015-12-30 14:28:54][debug] openid1->
[2015-12-30 14:28:54][debug] openid2->
[2015-12-30 14:28:54][debug] out_trade_no->126130280120151230142854
[2015-12-30 14:31:42][debug] openid1->
[2015-12-30 14:31:42][debug] openid2->
[2015-12-30 14:31:42][debug] out_trade_no->126130280120151230143142
[2015-12-30 14:37:14][debug] openid1->
[2015-12-30 14:37:14][debug] openid2->
[2015-12-30 14:37:14][debug] out_trade_no->126130280120151230143714
[2015-12-30 16:26:03][debug] openid1->orHFOuHaT9Me_4-dMkK8xp2lB7DI
[2015-12-30 16:26:03][debug] openid2->orHFOuHaT9Me_4-dMkK8xp2lB7DI
[2015-12-30 16:26:03][debug] out_trade_no->126130280120151230162603
[2015-12-30 16:26:11][debug] jsApiParameters->{"appId":"wxba49a044a09e05a6","nonceStr":"a7ak8p8dy5oeqx0sjjt3swwy6y99ah78","package":"prepay_id=wx20151230162611cafdaa9fb90317600625","signType":"MD5","timeStamp":"1451463971","paySign":"9B9BB18129FF3F98BCA0C8BF641439EC"}
[2015-12-30 16:47:50][debug] openid1->
[2015-12-30 16:47:50][debug] openid2->
[2015-12-30 16:47:50][debug] out_trade_no->126130280120151230164750
[2015-12-30 16:48:03][debug] openid1->
[2015-12-30 16:48:03][debug] openid2->
[2015-12-30 16:48:03][debug] out_trade_no->126130280120151230164803
[2015-12-30 16:48:30][debug] openid1->orHFOuHaT9Me_4-dMkK8xp2lB7DI
[2015-12-30 16:48:30][debug] openid2->orHFOuHaT9Me_4-dMkK8xp2lB7DI
[2015-12-30 16:48:30][debug] out_trade_no->126130280120151230164830
[2015-12-30 16:48:30][debug] jsApiParameters->{"appId":"wxba49a044a09e05a6","nonceStr":"eqvrd7e3oar7ojlf43zqtw4dr7re87qt","package":"prepay_id=wx201512301648305134326aa50719226530","signType":"MD5","timeStamp":"1451465310","paySign":"07107DFCFC4EECD4B44553AF454E1F80"}
[2015-12-30 16:51:50][debug] openid1->orHFOuHaT9Me_4-dMkK8xp2lB7DI
[2015-12-30 16:51:50][debug] openid2->orHFOuHaT9Me_4-dMkK8xp2lB7DI
[2015-12-30 16:51:50][debug] out_trade_no->126130280120151230165150
[2015-12-30 16:51:59][debug] jsApiParameters->{"appId":"wxba49a044a09e05a6","nonceStr":"j7h1fegpkhen2enq86julb9msgv9vxel","package":"prepay_id=wx2015123016515919495261f20405089417","signType":"MD5","timeStamp":"1451465519","paySign":"7A97766FBD67D14A5DAC83F8EEFA8FC7"}
