[2016-01-03 10:52:49][debug] openid1->orHFOuAfkuSeD8TkzlxCKCQbGbxY
[2016-01-03 10:52:49][debug] openid2->orHFOuAfkuSeD8TkzlxCKCQbGbxY
[2016-01-03 10:52:49][debug] out_trade_no->126130280120160103105249
[2016-01-03 10:52:56][debug] jsApiParameters->{"appId":"wxba49a044a09e05a6","nonceStr":"syp3qil68ewvnl6bv59kj37k8pugnpgv","package":"prepay_id=wx20160103105256ed16087fd40913101960","signType":"MD5","timeStamp":"1451789576","paySign":"429B8B5FC0470358B950F6CBF897DB51"}
[2016-01-03 10:53:03][debug] openid1->orHFOuAfkuSeD8TkzlxCKCQbGbxY
[2016-01-03 10:53:03][debug] openid2->orHFOuAfkuSeD8TkzlxCKCQbGbxY
[2016-01-03 10:53:03][debug] out_trade_no->126130280120160103105249
[2016-01-03 10:53:03][debug] jsApiParameters->{"appId":"wxba49a044a09e05a6","nonceStr":"tjfc3y1p9kcfw0t9ff25cif5bhleivsu","package":"prepay_id=wx20160103105303435bf951ed0891451644","signType":"MD5","timeStamp":"1451789583","paySign":"C364A1DDB62FB132D24A900DC968D7F1"}
[2016-01-03 13:14:05][debug] openid1->orHFOuAfkuSeD8TkzlxCKCQbGbxY
[2016-01-03 13:14:05][debug] openid2->orHFOuAfkuSeD8TkzlxCKCQbGbxY
[2016-01-03 13:14:05][debug] out_trade_no->126130280120160103105249
[2016-01-03 13:14:08][debug] jsApiParameters->{"appId":"wxba49a044a09e05a6","nonceStr":"zd9ducbse6gl0rkyi7wp3qzqjc2m5gol","package":"prepay_id=wx20160103131408bbd1e6c7bc0971109650","signType":"MD5","timeStamp":"1451798048","paySign":"5139AD20FD86CF0CEC57831AF2A90174"}
[2016-01-03 13:14:34][debug] openid1->orHFOuAfkuSeD8TkzlxCKCQbGbxY
[2016-01-03 13:14:34][debug] openid2->orHFOuAfkuSeD8TkzlxCKCQbGbxY
[2016-01-03 13:14:34][debug] out_trade_no->126130280120160103105249
[2016-01-03 13:14:35][debug] jsApiParameters->{"appId":"wxba49a044a09e05a6","nonceStr":"hrljuw75ax5i4k4jp8ez7222cxwb2t9l","package":"prepay_id=wx20160103131435900657f92d0059234283","signType":"MD5","timeStamp":"1451798075","paySign":"DDA47F32F050E8F7A477914EF08C2A93"}
[2016-01-03 13:14:54][debug] openid1->orHFOuAfkuSeD8TkzlxCKCQbGbxY
[2016-01-03 13:14:54][debug] openid2->orHFOuAfkuSeD8TkzlxCKCQbGbxY
[2016-01-03 13:14:54][debug] out_trade_no->126130280120160103105249
[2016-01-03 13:14:54][debug] jsApiParameters->{"appId":"wxba49a044a09e05a6","nonceStr":"gykxuhlrt6m7yce09w0yhu8qmc0w0x50","package":"prepay_id=wx201601031314544d137b0d640404612494","signType":"MD5","timeStamp":"1451798094","paySign":"0CFEBF7C618C6EC7905CD042D59BE884"}
[2016-01-03 13:15:22][debug] openid1->orHFOuAfkuSeD8TkzlxCKCQbGbxY
[2016-01-03 13:15:22][debug] openid2->orHFOuAfkuSeD8TkzlxCKCQbGbxY
[2016-01-03 13:15:22][debug] out_trade_no->126130280120160103105249
[2016-01-03 13:15:22][debug] jsApiParameters->{"appId":"wxba49a044a09e05a6","nonceStr":"u3tux4jt8gnfv8wd3qczv2e56i3k11eo","package":"prepay_id=wx2016010313152221140a90870349710658","signType":"MD5","timeStamp":"1451798122","paySign":"8BCAE9530A2046FC956A25D6A97FD0C0"}
[2016-01-03 13:15:23][debug] openid1->orHFOuAfkuSeD8TkzlxCKCQbGbxY
[2016-01-03 13:15:23][debug] openid2->orHFOuAfkuSeD8TkzlxCKCQbGbxY
[2016-01-03 13:15:23][debug] out_trade_no->126130280120160103105249
[2016-01-03 13:15:24][debug] jsApiParameters->{"appId":"wxba49a044a09e05a6","nonceStr":"w8uge87utcxok2vop97e3fau7jo7qbpo","package":"prepay_id=wx20160103131524fa20e74fcb0265624147","signType":"MD5","timeStamp":"1451798124","paySign":"A144D41C593C3A99840999F3C0430CE9"}
