[ 2015-09-05T10:38:35+08:00 ] ERR: (ThinkException) 非法操作:shopadmin
[ 2015-09-05T10:38:38+08:00 ] ERR: (ThinkException) 非法操作:feed-proxy
[ 2015-09-05T10:38:39+08:00 ] ERR: (ThinkException) 非法操作:bbx
[ 2015-09-05T10:38:42+08:00 ] ERR: (ThinkException) 非法操作:tools
[ 2015-09-05T10:38:45+08:00 ] ERR: (ThinkException) 非法操作:yanfang
[ 2015-09-05T10:38:48+08:00 ] 121.42.0.36 /dsapi/api.php/Index/.DS_Store
INFO: [ route_check ] --START--
INFO: Run CheckRoute Behavior [ RunTime:0.001252s ]
INFO: [ route_check ] --END-- [ RunTime:0.001631s ]
NOTIC: [8192] preg_replace(): The /e modifier is deprecated, use preg_replace_callback instead D:\wamp\www\dosochina.com\dsapi\ThinkPHP\Lib\Core\Dispatcher.class.php 第 120 行.
INFO: [ app_begin ] --START--
INFO: Run ReadHtmlCache Behavior [ RunTime:0.001188s ]
INFO: [ app_begin ] --END-- [ RunTime:0.001527s ]

[ 2015-09-05T10:38:51+08:00 ] ERR: (ThinkException) 非法操作:db
[ 2015-09-05T10:38:54+08:00 ] ERR: (ThinkException) 非法操作:config
[ 2015-09-05T10:38:55+08:00 ] ERR: (ThinkException) 非法操作:logs
[ 2015-09-05T10:38:56+08:00 ] ERR: (ThinkException) 非法操作:log
[ 2015-09-05T10:39:01+08:00 ] ERR: (ThinkException) 非法操作:admin
[ 2015-09-05T10:39:04+08:00 ] 121.42.0.36 /dsapi/api.php/Index/index.action?debug=browser
INFO: [ route_check ] --START--
INFO: Run CheckRoute Behavior [ RunTime:0.001219s ]
INFO: [ route_check ] --END-- [ RunTime:0.001832s ]
NOTIC: [8192] preg_replace(): The /e modifier is deprecated, use preg_replace_callback instead D:\wamp\www\dosochina.com\dsapi\ThinkPHP\Lib\Core\Dispatcher.class.php 第 120 行.
INFO: [ app_begin ] --START--
INFO: Run ReadHtmlCache Behavior [ RunTime:0.001343s ]
INFO: [ app_begin ] --END-- [ RunTime:0.001737s ]

[ 2015-09-05T10:39:07+08:00 ] 121.42.0.36 /dsapi/api.php/Index/index.action?redirect%3A%25%7Bnew+java.lang.String%28%27http%3A%2F%2Fxxxxxxxxxxxxx%27%29%7D
INFO: [ route_check ] --START--
INFO: Run CheckRoute Behavior [ RunTime:0.001376s ]
INFO: [ route_check ] --END-- [ RunTime:0.001766s ]
NOTIC: [8192] preg_replace(): The /e modifier is deprecated, use preg_replace_callback instead D:\wamp\www\dosochina.com\dsapi\ThinkPHP\Lib\Core\Dispatcher.class.php 第 120 行.
INFO: [ app_begin ] --START--
INFO: Run ReadHtmlCache Behavior [ RunTime:0.001384s ]
INFO: [ app_begin ] --END-- [ RunTime:0.001784s ]

[ 2015-09-05T10:39:11+08:00 ] ERR: (ThinkException) 非法操作:admin
[ 2015-09-05T10:39:13+08:00 ] ERR: (ThinkException) 非法操作:upload
[ 2015-09-05T10:39:14+08:00 ] ERR: (ThinkException) 非法操作:uploads
[ 2015-09-05T10:39:15+08:00 ] 121.42.0.36 /dsapi/api.php/Index//
INFO: [ route_check ] --START--
INFO: Run CheckRoute Behavior [ RunTime:0.001313s ]
INFO: [ route_check ] --END-- [ RunTime:0.001683s ]
NOTIC: [8192] preg_replace(): The /e modifier is deprecated, use preg_replace_callback instead D:\wamp\www\dosochina.com\dsapi\ThinkPHP\Lib\Core\Dispatcher.class.php 第 120 行.
INFO: [ app_begin ] --START--
INFO: Run ReadHtmlCache Behavior [ RunTime:0.001235s ]
INFO: [ app_begin ] --END-- [ RunTime:0.001626s ]

[ 2015-09-05T10:39:17+08:00 ] ERR: (ThinkException) 非法操作:htdocs
[ 2015-09-05T10:39:18+08:00 ] ERR: (ThinkException) 非法操作:upfile
[ 2015-09-05T10:39:20+08:00 ] ERR: (ThinkException) 非法操作:upfiles
[ 2015-09-05T10:39:21+08:00 ] ERR: (ThinkException) 非法操作:uploadfile
[ 2015-09-05T10:39:23+08:00 ] ERR: (ThinkException) 非法操作:uploadfiles
[ 2015-09-05T10:39:25+08:00 ] ERR: (ThinkException) 非法操作:web
[ 2015-09-05T10:39:28+08:00 ] ERR: (ThinkException) 非法操作:data
[ 2015-09-05T10:39:30+08:00 ] ERR: (ThinkException) 非法操作:backup
[ 2015-09-05T10:39:37+08:00 ] ERR: (ThinkException) 非法操作:phpinfo
[ 2015-09-05T10:39:40+08:00 ] 121.42.0.36 /dsapi/api.php/Index/index.php
INFO: [ route_check ] --START--
INFO: Run CheckRoute Behavior [ RunTime:0.001254s ]
INFO: [ route_check ] --END-- [ RunTime:0.001652s ]
NOTIC: [8192] preg_replace(): The /e modifier is deprecated, use preg_replace_callback instead D:\wamp\www\dosochina.com\dsapi\ThinkPHP\Lib\Core\Dispatcher.class.php 第 120 行.
INFO: [ app_begin ] --START--
INFO: Run ReadHtmlCache Behavior [ RunTime:0.001427s ]
INFO: [ app_begin ] --END-- [ RunTime:0.001815s ]

[ 2015-09-05T10:39:42+08:00 ] ERR: (ThinkException) 非法操作:php
[ 2015-09-05T10:39:43+08:00 ] ERR: (ThinkException) 非法操作:info
[ 2015-09-05T10:39:46+08:00 ] ERR: (ThinkException) 非法操作:test
[ 2015-09-05T10:39:47+08:00 ] ERR: (ThinkException) 非法操作:a
[ 2015-09-05T10:39:48+08:00 ] ERR: (ThinkException) 非法操作:1
[ 2015-09-05T10:39:50+08:00 ] ERR: (ThinkException) 非法操作:u
[ 2015-09-05T10:39:53+08:00 ] ERR: (ThinkException) 非法操作:tz
[ 2015-09-05T10:39:54+08:00 ] ERR: (ThinkException) 非法操作:adminer
[ 2015-09-05T10:39:55+08:00 ] ERR: (ThinkException) 非法操作:bigdump
[ 2015-09-05T10:39:57+08:00 ] ERR: (ThinkException) 非法操作:${@print(md5(this_is_a_test_string))}
[ 2015-09-05T11:37:28+08:00 ] ERR: (ThinkException) 非法操作:shopadmin
[ 2015-09-05T11:37:29+08:00 ] ERR: (ThinkException) 非法操作:feed-proxy
[ 2015-09-05T11:37:30+08:00 ] ERR: (ThinkException) 非法操作:bbx
[ 2015-09-05T11:37:31+08:00 ] ERR: (ThinkException) 非法操作:tools
[ 2015-09-05T11:37:32+08:00 ] ERR: (ThinkException) 非法操作:yanfang
[ 2015-09-05T11:37:33+08:00 ] ERR: (ThinkException) 模板不存在[./App/Tpl/Wxhd/check1.html]
[ 2015-09-05T11:37:34+08:00 ] ERR: (ThinkException) 非法操作:db
[ 2015-09-05T11:37:35+08:00 ] ERR: (ThinkException) 非法操作:config
[ 2015-09-05T11:37:36+08:00 ] ERR: (ThinkException) 非法操作:logs
[ 2015-09-05T11:37:37+08:00 ] ERR: (ThinkException) 非法操作:log
[ 2015-09-05T11:37:38+08:00 ] ERR: (ThinkException) 非法操作:login
[ 2015-09-05T11:37:39+08:00 ] ERR: (ThinkException) 非法操作:admin
[ 2015-09-05T11:37:40+08:00 ] ERR: (ThinkException) 模板不存在[./App/Tpl/Wxhd/check1.html]
[ 2015-09-05T11:37:41+08:00 ] ERR: (ThinkException) 模板不存在[./App/Tpl/Wxhd/check1.html]
[ 2015-09-05T11:37:42+08:00 ] ERR: (ThinkException) 非法操作:login
[ 2015-09-05T11:37:43+08:00 ] ERR: (ThinkException) 非法操作:admin
[ 2015-09-05T11:37:44+08:00 ] ERR: (ThinkException) 非法操作:upload
[ 2015-09-05T11:37:45+08:00 ] ERR: (ThinkException) 非法操作:uploads
[ 2015-09-05T11:37:46+08:00 ] ERR: (ThinkException) 模板不存在[./App/Tpl/Wxhd/check1.html]
[ 2015-09-05T11:37:47+08:00 ] ERR: (ThinkException) 非法操作:htdocs
[ 2015-09-05T11:37:48+08:00 ] ERR: (ThinkException) 非法操作:upfile
[ 2015-09-05T11:37:49+08:00 ] ERR: (ThinkException) 非法操作:upfiles
[ 2015-09-05T11:37:50+08:00 ] ERR: (ThinkException) 非法操作:uploadfile
[ 2015-09-05T11:37:51+08:00 ] ERR: (ThinkException) 非法操作:uploadfiles
[ 2015-09-05T11:37:52+08:00 ] ERR: (ThinkException) 非法操作:web
[ 2015-09-05T11:37:53+08:00 ] ERR: (ThinkException) 非法操作:data
[ 2015-09-05T11:37:54+08:00 ] ERR: (ThinkException) 非法操作:backup
[ 2015-09-05T11:37:58+08:00 ] ERR: (ThinkException) 非法操作:phpinfo
[ 2015-09-05T11:37:59+08:00 ] ERR: (ThinkException) 模板不存在[./App/Tpl/Wxhd/check1.html]
[ 2015-09-05T11:38:00+08:00 ] ERR: (ThinkException) 非法操作:php
[ 2015-09-05T11:38:01+08:00 ] ERR: (ThinkException) 非法操作:info
[ 2015-09-05T11:38:02+08:00 ] ERR: (ThinkException) 非法操作:test
[ 2015-09-05T11:38:03+08:00 ] ERR: (ThinkException) 非法操作:a
[ 2015-09-05T11:38:04+08:00 ] ERR: (ThinkException) 非法操作:1
[ 2015-09-05T11:38:05+08:00 ] ERR: (ThinkException) 非法操作:u
[ 2015-09-05T11:38:06+08:00 ] ERR: (ThinkException) 非法操作:tz
[ 2015-09-05T11:38:07+08:00 ] ERR: (ThinkException) 非法操作:adminer
[ 2015-09-05T11:38:08+08:00 ] ERR: (ThinkException) 非法操作:bigdump
[ 2015-09-05T11:38:09+08:00 ] ERR: (ThinkException) 非法操作:${@print(md5(this_is_a_test_string))}
[ 2015-09-05T12:01:46+08:00 ] ERR: (ThinkException) 非法操作:shopadmin
[ 2015-09-05T12:02:18+08:00 ] ERR: (ThinkException) 非法操作:feed-proxy
[ 2015-09-05T12:02:19+08:00 ] ERR: (ThinkException) 非法操作:bbx
[ 2015-09-05T12:02:21+08:00 ] ERR: (ThinkException) 非法操作:tools
[ 2015-09-05T12:02:23+08:00 ] ERR: (ThinkException) 非法操作:yanfang
[ 2015-09-05T12:02:25+08:00 ] 121.42.0.36 /dsapi/api.php/Index/.DS_Store
INFO: [ route_check ] --START--
INFO: Run CheckRoute Behavior [ RunTime:0.001322s ]
INFO: [ route_check ] --END-- [ RunTime:0.001706s ]
NOTIC: [8192] preg_replace(): The /e modifier is deprecated, use preg_replace_callback instead D:\wamp\www\dosochina.com\dsapi\ThinkPHP\Lib\Core\Dispatcher.class.php 第 120 行.
INFO: [ app_begin ] --START--
INFO: Run ReadHtmlCache Behavior [ RunTime:0.001267s ]
INFO: [ app_begin ] --END-- [ RunTime:0.001937s ]

[ 2015-09-05T12:02:28+08:00 ] ERR: (ThinkException) 非法操作:db
[ 2015-09-05T12:02:30+08:00 ] ERR: (ThinkException) 非法操作:config
[ 2015-09-05T12:02:32+08:00 ] ERR: (ThinkException) 非法操作:logs
[ 2015-09-05T12:02:36+08:00 ] ERR: (ThinkException) 非法操作:log
[ 2015-09-05T12:04:54+08:00 ] ERR: (ThinkException) 非法操作:admin
[ 2015-09-05T12:05:42+08:00 ] 121.42.0.36 /dsapi/api.php/Index/index.action?debug=browser
INFO: [ route_check ] --START--
INFO: Run CheckRoute Behavior [ RunTime:0.001242s ]
INFO: [ route_check ] --END-- [ RunTime:0.001610s ]
NOTIC: [8192] preg_replace(): The /e modifier is deprecated, use preg_replace_callback instead D:\wamp\www\dosochina.com\dsapi\ThinkPHP\Lib\Core\Dispatcher.class.php 第 120 行.
INFO: [ app_begin ] --START--
INFO: Run ReadHtmlCache Behavior [ RunTime:0.001145s ]
INFO: [ app_begin ] --END-- [ RunTime:0.001484s ]

[ 2015-09-05T12:05:46+08:00 ] 121.42.0.36 /dsapi/api.php/Index/index.action?redirect%3A%25%7Bnew+java.lang.String%28%27http%3A%2F%2Fxxxxxxxxxxxxx%27%29%7D
INFO: [ route_check ] --START--
INFO: Run CheckRoute Behavior [ RunTime:0.001413s ]
INFO: [ route_check ] --END-- [ RunTime:0.001802s ]
NOTIC: [8192] preg_replace(): The /e modifier is deprecated, use preg_replace_callback instead D:\wamp\www\dosochina.com\dsapi\ThinkPHP\Lib\Core\Dispatcher.class.php 第 120 行.
INFO: [ app_begin ] --START--
INFO: Run ReadHtmlCache Behavior [ RunTime:0.001161s ]
INFO: [ app_begin ] --END-- [ RunTime:0.001566s ]

[ 2015-09-05T12:05:48+08:00 ] ERR: (ThinkException) 非法操作:admin
[ 2015-09-05T12:05:49+08:00 ] ERR: (ThinkException) 非法操作:upload
[ 2015-09-05T12:05:51+08:00 ] ERR: (ThinkException) 非法操作:uploads
[ 2015-09-05T12:05:52+08:00 ] 121.42.0.36 /dsapi/api.php/Index//
INFO: [ route_check ] --START--
INFO: Run CheckRoute Behavior [ RunTime:0.001281s ]
INFO: [ route_check ] --END-- [ RunTime:0.001641s ]
NOTIC: [8192] preg_replace(): The /e modifier is deprecated, use preg_replace_callback instead D:\wamp\www\dosochina.com\dsapi\ThinkPHP\Lib\Core\Dispatcher.class.php 第 120 行.
INFO: [ app_begin ] --START--
INFO: Run ReadHtmlCache Behavior [ RunTime:0.001246s ]
INFO: [ app_begin ] --END-- [ RunTime:0.001604s ]

[ 2015-09-05T12:05:55+08:00 ] ERR: (ThinkException) 非法操作:htdocs
[ 2015-09-05T12:05:59+08:00 ] ERR: (ThinkException) 非法操作:upfile
[ 2015-09-05T12:05:59+08:00 ] ERR: (ThinkException) 非法操作:upfiles
[ 2015-09-05T12:06:00+08:00 ] ERR: (ThinkException) 非法操作:uploadfile
[ 2015-09-05T12:06:02+08:00 ] ERR: (ThinkException) 非法操作:uploadfiles
[ 2015-09-05T12:06:03+08:00 ] ERR: (ThinkException) 非法操作:web
[ 2015-09-05T12:06:04+08:00 ] ERR: (ThinkException) 非法操作:data
[ 2015-09-05T12:06:04+08:00 ] ERR: (ThinkException) 非法操作:backup
[ 2015-09-05T12:06:10+08:00 ] ERR: (ThinkException) 非法操作:phpinfo
[ 2015-09-05T12:06:11+08:00 ] 121.42.0.36 /dsapi/api.php/Index/index.php
INFO: [ route_check ] --START--
INFO: Run CheckRoute Behavior [ RunTime:0.001316s ]
INFO: [ route_check ] --END-- [ RunTime:0.001696s ]
NOTIC: [8192] preg_replace(): The /e modifier is deprecated, use preg_replace_callback instead D:\wamp\www\dosochina.com\dsapi\ThinkPHP\Lib\Core\Dispatcher.class.php 第 120 行.
INFO: [ app_begin ] --START--
INFO: Run ReadHtmlCache Behavior [ RunTime:0.001360s ]
INFO: [ app_begin ] --END-- [ RunTime:0.001833s ]

[ 2015-09-05T12:06:12+08:00 ] ERR: (ThinkException) 非法操作:php
[ 2015-09-05T12:06:13+08:00 ] ERR: (ThinkException) 非法操作:info
[ 2015-09-05T12:06:14+08:00 ] ERR: (ThinkException) 非法操作:test
[ 2015-09-05T12:06:15+08:00 ] ERR: (ThinkException) 非法操作:a
[ 2015-09-05T12:06:16+08:00 ] ERR: (ThinkException) 非法操作:1
[ 2015-09-05T12:06:17+08:00 ] ERR: (ThinkException) 非法操作:u
[ 2015-09-05T12:06:18+08:00 ] ERR: (ThinkException) 非法操作:tz
[ 2015-09-05T12:06:21+08:00 ] ERR: (ThinkException) 非法操作:adminer
[ 2015-09-05T12:06:22+08:00 ] ERR: (ThinkException) 非法操作:bigdump
[ 2015-09-05T12:06:24+08:00 ] ERR: (ThinkException) 非法操作:${@print(md5(this_is_a_test_string))}
[ 2015-09-05T12:15:16+08:00 ] ERR: (ThinkException) 非法操作:shopadmin
[ 2015-09-05T12:15:50+08:00 ] ERR: (ThinkException) 非法操作:feed-proxy
[ 2015-09-05T12:15:51+08:00 ] ERR: (ThinkException) 非法操作:bbx
[ 2015-09-05T12:15:54+08:00 ] ERR: (ThinkException) 非法操作:tools
[ 2015-09-05T12:15:57+08:00 ] ERR: (ThinkException) 非法操作:yanfang
[ 2015-09-05T12:15:58+08:00 ] 121.42.0.36 /dsapi/api.php/Index/.DS_Store
INFO: [ route_check ] --START--
INFO: Run CheckRoute Behavior [ RunTime:0.001328s ]
INFO: [ route_check ] --END-- [ RunTime:0.001700s ]
NOTIC: [8192] preg_replace(): The /e modifier is deprecated, use preg_replace_callback instead D:\wamp\www\dosochina.com\dsapi\ThinkPHP\Lib\Core\Dispatcher.class.php 第 120 行.
INFO: [ app_begin ] --START--
INFO: Run ReadHtmlCache Behavior [ RunTime:0.001216s ]
INFO: [ app_begin ] --END-- [ RunTime:0.001713s ]

[ 2015-09-05T12:16:00+08:00 ] ERR: (ThinkException) 非法操作:db
[ 2015-09-05T12:16:11+08:00 ] ERR: (ThinkException) 非法操作:config
[ 2015-09-05T12:16:13+08:00 ] ERR: (ThinkException) 非法操作:logs
[ 2015-09-05T12:16:15+08:00 ] ERR: (ThinkException) 非法操作:log
[ 2015-09-05T12:16:18+08:00 ] ERR: (ThinkException) 非法操作:admin
[ 2015-09-05T12:16:19+08:00 ] 121.42.0.36 /dsapi/api.php/Index/index.action?debug=browser
INFO: [ route_check ] --START--
INFO: Run CheckRoute Behavior [ RunTime:0.001321s ]
INFO: [ route_check ] --END-- [ RunTime:0.001687s ]
NOTIC: [8192] preg_replace(): The /e modifier is deprecated, use preg_replace_callback instead D:\wamp\www\dosochina.com\dsapi\ThinkPHP\Lib\Core\Dispatcher.class.php 第 120 行.
INFO: [ app_begin ] --START--
INFO: Run ReadHtmlCache Behavior [ RunTime:0.001331s ]
INFO: [ app_begin ] --END-- [ RunTime:0.001824s ]

[ 2015-09-05T12:16:20+08:00 ] 121.42.0.36 /dsapi/api.php/Index/index.action?redirect%3A%25%7Bnew+java.lang.String%28%27http%3A%2F%2Fxxxxxxxxxxxxx%27%29%7D
INFO: [ route_check ] --START--
INFO: Run CheckRoute Behavior [ RunTime:0.001316s ]
INFO: [ route_check ] --END-- [ RunTime:0.001689s ]
NOTIC: [8192] preg_replace(): The /e modifier is deprecated, use preg_replace_callback instead D:\wamp\www\dosochina.com\dsapi\ThinkPHP\Lib\Core\Dispatcher.class.php 第 120 行.
INFO: [ app_begin ] --START--
INFO: Run ReadHtmlCache Behavior [ RunTime:0.001258s ]
INFO: [ app_begin ] --END-- [ RunTime:0.001765s ]

[ 2015-09-05T12:16:22+08:00 ] ERR: (ThinkException) 非法操作:admin
[ 2015-09-05T12:16:24+08:00 ] ERR: (ThinkException) 非法操作:upload
[ 2015-09-05T12:16:25+08:00 ] ERR: (ThinkException) 非法操作:uploads
[ 2015-09-05T12:16:26+08:00 ] 121.42.0.36 /dsapi/api.php/Index//
INFO: [ route_check ] --START--
INFO: Run CheckRoute Behavior [ RunTime:0.001340s ]
INFO: [ route_check ] --END-- [ RunTime:0.001724s ]
NOTIC: [8192] preg_replace(): The /e modifier is deprecated, use preg_replace_callback instead D:\wamp\www\dosochina.com\dsapi\ThinkPHP\Lib\Core\Dispatcher.class.php 第 120 行.
INFO: [ app_begin ] --START--
INFO: Run ReadHtmlCache Behavior [ RunTime:0.001266s ]
INFO: [ app_begin ] --END-- [ RunTime:0.001737s ]

[ 2015-09-05T12:16:29+08:00 ] ERR: (ThinkException) 非法操作:htdocs
[ 2015-09-05T12:16:30+08:00 ] ERR: (ThinkException) 非法操作:upfile
[ 2015-09-05T12:16:32+08:00 ] ERR: (ThinkException) 非法操作:upfiles
[ 2015-09-05T12:16:33+08:00 ] ERR: (ThinkException) 非法操作:uploadfile
[ 2015-09-05T12:16:34+08:00 ] ERR: (ThinkException) 非法操作:uploadfiles
[ 2015-09-05T12:16:34+08:00 ] ERR: (ThinkException) 非法操作:web
[ 2015-09-05T12:16:36+08:00 ] ERR: (ThinkException) 非法操作:data
[ 2015-09-05T12:16:37+08:00 ] ERR: (ThinkException) 非法操作:backup
[ 2015-09-05T12:16:46+08:00 ] ERR: (ThinkException) 非法操作:phpinfo
[ 2015-09-05T12:16:48+08:00 ] 121.42.0.36 /dsapi/api.php/Index/index.php
INFO: [ route_check ] --START--
INFO: Run CheckRoute Behavior [ RunTime:0.001379s ]
INFO: [ route_check ] --END-- [ RunTime:0.001764s ]
NOTIC: [8192] preg_replace(): The /e modifier is deprecated, use preg_replace_callback instead D:\wamp\www\dosochina.com\dsapi\ThinkPHP\Lib\Core\Dispatcher.class.php 第 120 行.
INFO: [ app_begin ] --START--
INFO: Run ReadHtmlCache Behavior [ RunTime:0.001198s ]
INFO: [ app_begin ] --END-- [ RunTime:0.001681s ]

[ 2015-09-05T12:16:50+08:00 ] ERR: (ThinkException) 非法操作:php
[ 2015-09-05T12:16:51+08:00 ] ERR: (ThinkException) 非法操作:info
[ 2015-09-05T12:16:54+08:00 ] ERR: (ThinkException) 非法操作:test
[ 2015-09-05T12:16:55+08:00 ] ERR: (ThinkException) 非法操作:a
[ 2015-09-05T12:16:56+08:00 ] ERR: (ThinkException) 非法操作:1
[ 2015-09-05T12:16:58+08:00 ] ERR: (ThinkException) 非法操作:u
[ 2015-09-05T12:16:59+08:00 ] ERR: (ThinkException) 非法操作:tz
[ 2015-09-05T12:17:00+08:00 ] ERR: (ThinkException) 非法操作:adminer
[ 2015-09-05T12:17:01+08:00 ] ERR: (ThinkException) 非法操作:bigdump
[ 2015-09-05T12:17:04+08:00 ] ERR: (ThinkException) 非法操作:${@print(md5(this_is_a_test_string))}
