[ 2015-08-01T10:14:16+08:00 ] ERR: (ThinkException) 非法操作:shopadmin
[ 2015-08-01T10:15:17+08:00 ] ERR: (ThinkException) 非法操作:feed-proxy
[ 2015-08-01T10:16:18+08:00 ] ERR: (ThinkException) 非法操作:bbx
[ 2015-08-01T10:17:19+08:00 ] ERR: (ThinkException) 非法操作:tools
[ 2015-08-01T10:18:20+08:00 ] ERR: (ThinkException) 非法操作:yanfang
[ 2015-08-01T10:19:21+08:00 ] 121.42.0.37 /dsapi/api.php/Index/.DS_Store
INFO: [ route_check ] --START--
INFO: Run CheckRoute Behavior [ RunTime:0.001277s ]
INFO: [ route_check ] --END-- [ RunTime:0.001682s ]
NOTIC: [8192] preg_replace(): The /e modifier is deprecated, use preg_replace_callback instead D:\wamp\www\dosochina.com\dsapi\ThinkPHP\Lib\Core\Dispatcher.class.php 第 120 行.
INFO: [ app_begin ] --START--
INFO: Run ReadHtmlCache Behavior [ RunTime:0.001111s ]
INFO: [ app_begin ] --END-- [ RunTime:0.001463s ]

[ 2015-08-01T10:20:22+08:00 ] ERR: (ThinkException) 非法操作:db
[ 2015-08-01T10:21:24+08:00 ] ERR: (ThinkException) 非法操作:config
[ 2015-08-01T10:22:25+08:00 ] ERR: (ThinkException) 非法操作:logs
[ 2015-08-01T10:22:38+08:00 ] ERR: (ThinkException) 非法操作:log
[ 2015-08-01T10:22:40+08:00 ] ERR: (ThinkException) 非法操作:admin
[ 2015-08-01T10:22:41+08:00 ] 121.42.0.37 /dsapi/api.php/Index/index.action?debug=browser
INFO: [ route_check ] --START--
INFO: Run CheckRoute Behavior [ RunTime:0.001114s ]
INFO: [ route_check ] --END-- [ RunTime:0.001486s ]
NOTIC: [8192] preg_replace(): The /e modifier is deprecated, use preg_replace_callback instead D:\wamp\www\dosochina.com\dsapi\ThinkPHP\Lib\Core\Dispatcher.class.php 第 120 行.
INFO: [ app_begin ] --START--
INFO: Run ReadHtmlCache Behavior [ RunTime:0.000940s ]
INFO: [ app_begin ] --END-- [ RunTime:0.001287s ]

[ 2015-08-01T10:22:42+08:00 ] 121.42.0.37 /dsapi/api.php/Index/index.action?redirect%3A%25%7Bnew+java.lang.String%28%27http%3A%2F%2Fxxxxxxxxxxxxx%27%29%7D
INFO: [ route_check ] --START--
INFO: Run CheckRoute Behavior [ RunTime:0.001072s ]
INFO: [ route_check ] --END-- [ RunTime:0.001434s ]
NOTIC: [8192] preg_replace(): The /e modifier is deprecated, use preg_replace_callback instead D:\wamp\www\dosochina.com\dsapi\ThinkPHP\Lib\Core\Dispatcher.class.php 第 120 行.
INFO: [ app_begin ] --START--
INFO: Run ReadHtmlCache Behavior [ RunTime:0.001000s ]
INFO: [ app_begin ] --END-- [ RunTime:0.001335s ]

[ 2015-08-01T10:22:46+08:00 ] ERR: (ThinkException) 非法操作:admin
[ 2015-08-01T10:22:47+08:00 ] ERR: (ThinkException) 非法操作:upload
[ 2015-08-01T10:22:50+08:00 ] ERR: (ThinkException) 非法操作:uploads
[ 2015-08-01T10:23:17+08:00 ] 121.42.0.37 /dsapi/api.php/Index//
INFO: [ route_check ] --START--
INFO: Run CheckRoute Behavior [ RunTime:0.001120s ]
INFO: [ route_check ] --END-- [ RunTime:0.001582s ]
NOTIC: [8192] preg_replace(): The /e modifier is deprecated, use preg_replace_callback instead D:\wamp\www\dosochina.com\dsapi\ThinkPHP\Lib\Core\Dispatcher.class.php 第 120 行.
INFO: [ app_begin ] --START--
INFO: Run ReadHtmlCache Behavior [ RunTime:0.001018s ]
INFO: [ app_begin ] --END-- [ RunTime:0.001349s ]

[ 2015-08-01T10:23:19+08:00 ] ERR: (ThinkException) 非法操作:htdocs
[ 2015-08-01T10:23:21+08:00 ] ERR: (ThinkException) 非法操作:upfile
[ 2015-08-01T10:23:22+08:00 ] ERR: (ThinkException) 非法操作:upfiles
[ 2015-08-01T10:23:23+08:00 ] ERR: (ThinkException) 非法操作:uploadfile
[ 2015-08-01T10:23:24+08:00 ] ERR: (ThinkException) 非法操作:uploadfiles
[ 2015-08-01T10:23:25+08:00 ] ERR: (ThinkException) 非法操作:web
[ 2015-08-01T10:23:26+08:00 ] ERR: (ThinkException) 非法操作:data
[ 2015-08-01T10:23:27+08:00 ] ERR: (ThinkException) 非法操作:backup
[ 2015-08-01T10:23:32+08:00 ] ERR: (ThinkException) 非法操作:phpinfo
[ 2015-08-01T10:23:33+08:00 ] 121.42.0.37 /dsapi/api.php/Index/index.php
INFO: [ route_check ] --START--
INFO: Run CheckRoute Behavior [ RunTime:0.001033s ]
INFO: [ route_check ] --END-- [ RunTime:0.001390s ]
NOTIC: [8192] preg_replace(): The /e modifier is deprecated, use preg_replace_callback instead D:\wamp\www\dosochina.com\dsapi\ThinkPHP\Lib\Core\Dispatcher.class.php 第 120 行.
INFO: [ app_begin ] --START--
INFO: Run ReadHtmlCache Behavior [ RunTime:0.000978s ]
INFO: [ app_begin ] --END-- [ RunTime:0.001306s ]

[ 2015-08-01T10:23:34+08:00 ] ERR: (ThinkException) 非法操作:php
[ 2015-08-01T10:23:36+08:00 ] ERR: (ThinkException) 非法操作:info
[ 2015-08-01T10:23:37+08:00 ] ERR: (ThinkException) 非法操作:test
[ 2015-08-01T10:23:40+08:00 ] ERR: (ThinkException) 非法操作:a
[ 2015-08-01T10:23:43+08:00 ] ERR: (ThinkException) 非法操作:1
[ 2015-08-01T10:23:44+08:00 ] ERR: (ThinkException) 非法操作:u
[ 2015-08-01T10:23:45+08:00 ] ERR: (ThinkException) 非法操作:tz
[ 2015-08-01T10:23:48+08:00 ] ERR: (ThinkException) 非法操作:adminer
[ 2015-08-01T10:24:49+08:00 ] ERR: (ThinkException) 非法操作:bigdump
[ 2015-08-01T10:25:50+08:00 ] ERR: (ThinkException) 非法操作:${@print(md5(this_is_a_test_string))}
[ 2015-08-01T11:37:07+08:00 ] ERR: (ThinkException) 非法操作:shopadmin
[ 2015-08-01T11:38:08+08:00 ] ERR: (ThinkException) 非法操作:feed-proxy
[ 2015-08-01T11:39:09+08:00 ] ERR: (ThinkException) 非法操作:bbx
[ 2015-08-01T11:40:10+08:00 ] ERR: (ThinkException) 非法操作:tools
[ 2015-08-01T11:41:11+08:00 ] ERR: (ThinkException) 非法操作:yanfang
[ 2015-08-01T11:42:12+08:00 ] ERR: (ThinkException) 模板不存在[./App/Tpl/Wxhd/check1.html]
[ 2015-08-01T11:43:13+08:00 ] ERR: (ThinkException) 非法操作:db
[ 2015-08-01T11:44:14+08:00 ] ERR: (ThinkException) 非法操作:config
[ 2015-08-01T11:45:15+08:00 ] ERR: (ThinkException) 非法操作:logs
[ 2015-08-01T11:46:16+08:00 ] ERR: (ThinkException) 非法操作:log
[ 2015-08-01T11:46:23+08:00 ] ERR: (ThinkException) 非法操作:login
[ 2015-08-01T11:46:24+08:00 ] ERR: (ThinkException) 非法操作:admin
[ 2015-08-01T11:46:25+08:00 ] ERR: (ThinkException) 模板不存在[./App/Tpl/Wxhd/check1.html]
[ 2015-08-01T11:46:26+08:00 ] ERR: (ThinkException) 模板不存在[./App/Tpl/Wxhd/check1.html]
[ 2015-08-01T11:46:27+08:00 ] ERR: (ThinkException) 非法操作:login
[ 2015-08-01T11:46:28+08:00 ] ERR: (ThinkException) 非法操作:admin
[ 2015-08-01T11:46:29+08:00 ] ERR: (ThinkException) 非法操作:upload
[ 2015-08-01T11:46:30+08:00 ] ERR: (ThinkException) 非法操作:uploads
[ 2015-08-01T11:46:33+08:00 ] ERR: (ThinkException) 模板不存在[./App/Tpl/Wxhd/check1.html]
[ 2015-08-01T11:46:34+08:00 ] ERR: (ThinkException) 非法操作:htdocs
[ 2015-08-01T11:46:36+08:00 ] ERR: (ThinkException) 非法操作:upfile
[ 2015-08-01T11:46:37+08:00 ] ERR: (ThinkException) 非法操作:upfiles
[ 2015-08-01T11:46:38+08:00 ] ERR: (ThinkException) 非法操作:uploadfile
[ 2015-08-01T11:46:39+08:00 ] ERR: (ThinkException) 非法操作:uploadfiles
[ 2015-08-01T11:46:40+08:00 ] ERR: (ThinkException) 非法操作:web
[ 2015-08-01T11:46:41+08:00 ] ERR: (ThinkException) 非法操作:data
[ 2015-08-01T11:46:42+08:00 ] ERR: (ThinkException) 非法操作:backup
[ 2015-08-01T11:46:47+08:00 ] ERR: (ThinkException) 非法操作:phpinfo
[ 2015-08-01T11:46:49+08:00 ] ERR: (ThinkException) 模板不存在[./App/Tpl/Wxhd/check1.html]
[ 2015-08-01T11:46:52+08:00 ] ERR: (ThinkException) 非法操作:php
[ 2015-08-01T11:46:55+08:00 ] ERR: (ThinkException) 非法操作:info
[ 2015-08-01T11:47:56+08:00 ] ERR: (ThinkException) 非法操作:test
[ 2015-08-01T11:48:57+08:00 ] ERR: (ThinkException) 非法操作:a
[ 2015-08-01T11:49:58+08:00 ] ERR: (ThinkException) 非法操作:1
[ 2015-08-01T11:50:44+08:00 ] ERR: (ThinkException) 非法操作:u
[ 2015-08-01T11:50:45+08:00 ] ERR: (ThinkException) 非法操作:tz
[ 2015-08-01T11:50:46+08:00 ] ERR: (ThinkException) 非法操作:adminer
[ 2015-08-01T11:50:47+08:00 ] ERR: (ThinkException) 非法操作:bigdump
[ 2015-08-01T11:50:50+08:00 ] ERR: (ThinkException) 非法操作:${@print(md5(this_is_a_test_string))}
[ 2015-08-01T12:03:14+08:00 ] ERR: (ThinkException) 非法操作:shopadmin
[ 2015-08-01T12:03:15+08:00 ] ERR: (ThinkException) 非法操作:feed-proxy
[ 2015-08-01T12:03:16+08:00 ] ERR: (ThinkException) 非法操作:bbx
[ 2015-08-01T12:03:17+08:00 ] ERR: (ThinkException) 非法操作:tools
[ 2015-08-01T12:03:18+08:00 ] ERR: (ThinkException) 非法操作:yanfang
[ 2015-08-01T12:03:19+08:00 ] 121.42.0.37 /dsapi/api.php/Index/.DS_Store
INFO: [ route_check ] --START--
INFO: Run CheckRoute Behavior [ RunTime:0.001545s ]
INFO: [ route_check ] --END-- [ RunTime:0.001903s ]
NOTIC: [8192] preg_replace(): The /e modifier is deprecated, use preg_replace_callback instead D:\wamp\www\dosochina.com\dsapi\ThinkPHP\Lib\Core\Dispatcher.class.php 第 120 行.
INFO: [ app_begin ] --START--
INFO: Run ReadHtmlCache Behavior [ RunTime:0.001468s ]
INFO: [ app_begin ] --END-- [ RunTime:0.001805s ]

[ 2015-08-01T12:03:20+08:00 ] ERR: (ThinkException) 非法操作:db
[ 2015-08-01T12:03:21+08:00 ] ERR: (ThinkException) 非法操作:config
[ 2015-08-01T12:03:22+08:00 ] ERR: (ThinkException) 非法操作:logs
[ 2015-08-01T12:03:23+08:00 ] ERR: (ThinkException) 非法操作:log
[ 2015-08-01T12:03:25+08:00 ] ERR: (ThinkException) 非法操作:admin
[ 2015-08-01T12:03:26+08:00 ] 121.42.0.37 /dsapi/api.php/Index/index.action?debug=browser
INFO: [ route_check ] --START--
INFO: Run CheckRoute Behavior [ RunTime:0.001288s ]
INFO: [ route_check ] --END-- [ RunTime:0.001688s ]
NOTIC: [8192] preg_replace(): The /e modifier is deprecated, use preg_replace_callback instead D:\wamp\www\dosochina.com\dsapi\ThinkPHP\Lib\Core\Dispatcher.class.php 第 120 行.
INFO: [ app_begin ] --START--
INFO: Run ReadHtmlCache Behavior [ RunTime:0.001190s ]
INFO: [ app_begin ] --END-- [ RunTime:0.001560s ]

[ 2015-08-01T12:03:27+08:00 ] 121.42.0.37 /dsapi/api.php/Index/index.action?redirect%3A%25%7Bnew+java.lang.String%28%27http%3A%2F%2Fxxxxxxxxxxxxx%27%29%7D
INFO: [ route_check ] --START--
INFO: Run CheckRoute Behavior [ RunTime:0.001781s ]
INFO: [ route_check ] --END-- [ RunTime:0.002322s ]
NOTIC: [8192] preg_replace(): The /e modifier is deprecated, use preg_replace_callback instead D:\wamp\www\dosochina.com\dsapi\ThinkPHP\Lib\Core\Dispatcher.class.php 第 120 行.
INFO: [ app_begin ] --START--
INFO: Run ReadHtmlCache Behavior [ RunTime:0.001453s ]
INFO: [ app_begin ] --END-- [ RunTime:0.001929s ]

[ 2015-08-01T12:03:29+08:00 ] ERR: (ThinkException) 非法操作:admin
[ 2015-08-01T12:03:30+08:00 ] ERR: (ThinkException) 非法操作:upload
[ 2015-08-01T12:03:31+08:00 ] ERR: (ThinkException) 非法操作:uploads
[ 2015-08-01T12:03:32+08:00 ] 121.42.0.37 /dsapi/api.php/Index//
INFO: [ route_check ] --START--
INFO: Run CheckRoute Behavior [ RunTime:0.001262s ]
INFO: [ route_check ] --END-- [ RunTime:0.001675s ]
NOTIC: [8192] preg_replace(): The /e modifier is deprecated, use preg_replace_callback instead D:\wamp\www\dosochina.com\dsapi\ThinkPHP\Lib\Core\Dispatcher.class.php 第 120 行.
INFO: [ app_begin ] --START--
INFO: Run ReadHtmlCache Behavior [ RunTime:0.001189s ]
INFO: [ app_begin ] --END-- [ RunTime:0.001537s ]

[ 2015-08-01T12:03:33+08:00 ] ERR: (ThinkException) 非法操作:htdocs
[ 2015-08-01T12:03:34+08:00 ] ERR: (ThinkException) 非法操作:upfile
[ 2015-08-01T12:03:35+08:00 ] ERR: (ThinkException) 非法操作:upfiles
[ 2015-08-01T12:04:36+08:00 ] ERR: (ThinkException) 非法操作:uploadfile
[ 2015-08-01T12:05:37+08:00 ] ERR: (ThinkException) 非法操作:uploadfiles
[ 2015-08-01T12:06:38+08:00 ] ERR: (ThinkException) 非法操作:web
[ 2015-08-01T12:07:33+08:00 ] ERR: (ThinkException) 非法操作:data
[ 2015-08-01T12:08:03+08:00 ] ERR: (ThinkException) 非法操作:backup
[ 2015-08-01T12:09:42+08:00 ] ERR: (ThinkException) 非法操作:phpinfo
[ 2015-08-01T12:10:08+08:00 ] 121.42.0.37 /dsapi/api.php/Index/index.php
INFO: [ route_check ] --START--
INFO: Run CheckRoute Behavior [ RunTime:0.001412s ]
INFO: [ route_check ] --END-- [ RunTime:0.001776s ]
NOTIC: [8192] preg_replace(): The /e modifier is deprecated, use preg_replace_callback instead D:\wamp\www\dosochina.com\dsapi\ThinkPHP\Lib\Core\Dispatcher.class.php 第 120 行.
INFO: [ app_begin ] --START--
INFO: Run ReadHtmlCache Behavior [ RunTime:0.001163s ]
INFO: [ app_begin ] --END-- [ RunTime:0.001527s ]

[ 2015-08-01T12:10:27+08:00 ] ERR: (ThinkException) 非法操作:php
[ 2015-08-01T12:11:27+08:00 ] ERR: (ThinkException) 非法操作:info
[ 2015-08-01T12:11:58+08:00 ] ERR: (ThinkException) 非法操作:test
[ 2015-08-01T12:12:40+08:00 ] ERR: (ThinkException) 非法操作:a
[ 2015-08-01T12:12:44+08:00 ] ERR: (ThinkException) 非法操作:1
[ 2015-08-01T12:12:57+08:00 ] ERR: (ThinkException) 非法操作:u
[ 2015-08-01T12:12:59+08:00 ] ERR: (ThinkException) 非法操作:tz
[ 2015-08-01T12:13:01+08:00 ] ERR: (ThinkException) 非法操作:adminer
[ 2015-08-01T12:13:08+08:00 ] ERR: (ThinkException) 非法操作:bigdump
[ 2015-08-01T12:13:15+08:00 ] ERR: (ThinkException) 非法操作:${@print(md5(this_is_a_test_string))}
[ 2015-08-01T12:14:17+08:00 ] ERR: (ThinkException) 非法操作:shopadmin
[ 2015-08-01T12:15:18+08:00 ] ERR: (ThinkException) 非法操作:feed-proxy
[ 2015-08-01T12:16:19+08:00 ] ERR: (ThinkException) 非法操作:bbx
[ 2015-08-01T12:17:20+08:00 ] ERR: (ThinkException) 非法操作:tools
[ 2015-08-01T12:18:21+08:00 ] ERR: (ThinkException) 非法操作:yanfang
[ 2015-08-01T12:18:46+08:00 ] ERR: (ThinkException) 非法操作:shopadmin
[ 2015-08-01T12:19:22+08:00 ] 121.42.0.37 /dsapi/api.php/Index/.DS_Store
INFO: [ route_check ] --START--
INFO: Run CheckRoute Behavior [ RunTime:0.001195s ]
INFO: [ route_check ] --END-- [ RunTime:0.001589s ]
NOTIC: [8192] preg_replace(): The /e modifier is deprecated, use preg_replace_callback instead D:\wamp\www\dosochina.com\dsapi\ThinkPHP\Lib\Core\Dispatcher.class.php 第 120 行.
INFO: [ app_begin ] --START--
INFO: Run ReadHtmlCache Behavior [ RunTime:0.001106s ]
INFO: [ app_begin ] --END-- [ RunTime:0.001457s ]

[ 2015-08-01T12:19:47+08:00 ] ERR: (ThinkException) 非法操作:feed-proxy
[ 2015-08-01T12:20:23+08:00 ] ERR: (ThinkException) 非法操作:db
[ 2015-08-01T12:20:48+08:00 ] ERR: (ThinkException) 非法操作:bbx
[ 2015-08-01T12:21:22+08:00 ] ERR: (ThinkException) 非法操作:config
[ 2015-08-01T12:21:24+08:00 ] ERR: (ThinkException) 非法操作:logs
[ 2015-08-01T12:21:25+08:00 ] ERR: (ThinkException) 非法操作:log
[ 2015-08-01T12:21:31+08:00 ] ERR: (ThinkException) 非法操作:admin
[ 2015-08-01T12:21:32+08:00 ] 121.42.0.37 /dsapi/api.php/Index/index.action?debug=browser
INFO: [ route_check ] --START--
INFO: Run CheckRoute Behavior [ RunTime:0.001209s ]
INFO: [ route_check ] --END-- [ RunTime:0.001656s ]
NOTIC: [8192] preg_replace(): The /e modifier is deprecated, use preg_replace_callback instead D:\wamp\www\dosochina.com\dsapi\ThinkPHP\Lib\Core\Dispatcher.class.php 第 120 行.
INFO: [ app_begin ] --START--
INFO: Run ReadHtmlCache Behavior [ RunTime:0.001056s ]
INFO: [ app_begin ] --END-- [ RunTime:0.001421s ]

[ 2015-08-01T12:21:33+08:00 ] 121.42.0.37 /dsapi/api.php/Index/index.action?redirect%3A%25%7Bnew+java.lang.String%28%27http%3A%2F%2Fxxxxxxxxxxxxx%27%29%7D
INFO: [ route_check ] --START--
INFO: Run CheckRoute Behavior [ RunTime:0.001041s ]
INFO: [ route_check ] --END-- [ RunTime:0.001390s ]
NOTIC: [8192] preg_replace(): The /e modifier is deprecated, use preg_replace_callback instead D:\wamp\www\dosochina.com\dsapi\ThinkPHP\Lib\Core\Dispatcher.class.php 第 120 行.
INFO: [ app_begin ] --START--
INFO: Run ReadHtmlCache Behavior [ RunTime:0.000979s ]
INFO: [ app_begin ] --END-- [ RunTime:0.001329s ]

[ 2015-08-01T12:21:35+08:00 ] ERR: (ThinkException) 非法操作:admin
[ 2015-08-01T12:21:36+08:00 ] ERR: (ThinkException) 非法操作:upload
[ 2015-08-01T12:21:38+08:00 ] ERR: (ThinkException) 非法操作:uploads
[ 2015-08-01T12:21:39+08:00 ] 121.42.0.37 /dsapi/api.php/Index//
INFO: [ route_check ] --START--
INFO: Run CheckRoute Behavior [ RunTime:0.001123s ]
INFO: [ route_check ] --END-- [ RunTime:0.001529s ]
NOTIC: [8192] preg_replace(): The /e modifier is deprecated, use preg_replace_callback instead D:\wamp\www\dosochina.com\dsapi\ThinkPHP\Lib\Core\Dispatcher.class.php 第 120 行.
INFO: [ app_begin ] --START--
INFO: Run ReadHtmlCache Behavior [ RunTime:0.001056s ]
INFO: [ app_begin ] --END-- [ RunTime:0.001434s ]

[ 2015-08-01T12:21:40+08:00 ] ERR: (ThinkException) 非法操作:htdocs
[ 2015-08-01T12:21:41+08:00 ] ERR: (ThinkException) 非法操作:upfile
[ 2015-08-01T12:21:42+08:00 ] ERR: (ThinkException) 非法操作:upfiles
[ 2015-08-01T12:21:44+08:00 ] ERR: (ThinkException) 非法操作:uploadfile
[ 2015-08-01T12:21:45+08:00 ] ERR: (ThinkException) 非法操作:uploadfiles
[ 2015-08-01T12:21:46+08:00 ] ERR: (ThinkException) 非法操作:web
[ 2015-08-01T12:21:47+08:00 ] ERR: (ThinkException) 非法操作:data
[ 2015-08-01T12:21:48+08:00 ] ERR: (ThinkException) 非法操作:backup
[ 2015-08-01T12:21:49+08:00 ] ERR: (ThinkException) 非法操作:tools
[ 2015-08-01T12:21:54+08:00 ] ERR: (ThinkException) 非法操作:phpinfo
[ 2015-08-01T12:21:57+08:00 ] 121.42.0.37 /dsapi/api.php/Index/index.php
INFO: [ route_check ] --START--
INFO: Run CheckRoute Behavior [ RunTime:0.001212s ]
INFO: [ route_check ] --END-- [ RunTime:0.001665s ]
NOTIC: [8192] preg_replace(): The /e modifier is deprecated, use preg_replace_callback instead D:\wamp\www\dosochina.com\dsapi\ThinkPHP\Lib\Core\Dispatcher.class.php 第 120 行.
INFO: [ app_begin ] --START--
INFO: Run ReadHtmlCache Behavior [ RunTime:0.001130s ]
INFO: [ app_begin ] --END-- [ RunTime:0.001468s ]

[ 2015-08-01T12:21:58+08:00 ] ERR: (ThinkException) 非法操作:php
[ 2015-08-01T12:21:59+08:00 ] ERR: (ThinkException) 非法操作:info
[ 2015-08-01T12:22:01+08:00 ] ERR: (ThinkException) 非法操作:test
[ 2015-08-01T12:22:04+08:00 ] ERR: (ThinkException) 非法操作:a
[ 2015-08-01T12:22:05+08:00 ] ERR: (ThinkException) 非法操作:1
[ 2015-08-01T12:22:06+08:00 ] ERR: (ThinkException) 非法操作:u
[ 2015-08-01T12:22:09+08:00 ] ERR: (ThinkException) 非法操作:tz
[ 2015-08-01T12:22:10+08:00 ] ERR: (ThinkException) 非法操作:adminer
[ 2015-08-01T12:22:11+08:00 ] ERR: (ThinkException) 非法操作:bigdump
[ 2015-08-01T12:22:12+08:00 ] ERR: (ThinkException) 非法操作:${@print(md5(this_is_a_test_string))}
[ 2015-08-01T12:22:13+08:00 ] ERR: (ThinkException) 非法操作:yanfang
[ 2015-08-01T12:22:14+08:00 ] 121.42.0.37 /dsapi/api.php/Index/.DS_Store
INFO: [ route_check ] --START--
INFO: Run CheckRoute Behavior [ RunTime:0.001166s ]
INFO: [ route_check ] --END-- [ RunTime:0.001518s ]
NOTIC: [8192] preg_replace(): The /e modifier is deprecated, use preg_replace_callback instead D:\wamp\www\dosochina.com\dsapi\ThinkPHP\Lib\Core\Dispatcher.class.php 第 120 行.
INFO: [ app_begin ] --START--
INFO: Run ReadHtmlCache Behavior [ RunTime:0.001303s ]
INFO: [ app_begin ] --END-- [ RunTime:0.001630s ]

[ 2015-08-01T12:22:15+08:00 ] ERR: (ThinkException) 非法操作:db
[ 2015-08-01T12:22:16+08:00 ] ERR: (ThinkException) 非法操作:config
[ 2015-08-01T12:22:17+08:00 ] ERR: (ThinkException) 非法操作:logs
[ 2015-08-01T12:22:18+08:00 ] ERR: (ThinkException) 非法操作:log
[ 2015-08-01T12:22:22+08:00 ] ERR: (ThinkException) 非法操作:admin
[ 2015-08-01T12:22:25+08:00 ] 121.42.0.37 /dsapi/api.php/Index/index.action?debug=browser
INFO: [ route_check ] --START--
INFO: Run CheckRoute Behavior [ RunTime:0.001239s ]
INFO: [ route_check ] --END-- [ RunTime:0.001602s ]
NOTIC: [8192] preg_replace(): The /e modifier is deprecated, use preg_replace_callback instead D:\wamp\www\dosochina.com\dsapi\ThinkPHP\Lib\Core\Dispatcher.class.php 第 120 行.
INFO: [ app_begin ] --START--
INFO: Run ReadHtmlCache Behavior [ RunTime:0.001086s ]
INFO: [ app_begin ] --END-- [ RunTime:0.001434s ]

[ 2015-08-01T12:22:26+08:00 ] 121.42.0.37 /dsapi/api.php/Index/index.action?redirect%3A%25%7Bnew+java.lang.String%28%27http%3A%2F%2Fxxxxxxxxxxxxx%27%29%7D
INFO: [ route_check ] --START--
INFO: Run CheckRoute Behavior [ RunTime:0.001012s ]
INFO: [ route_check ] --END-- [ RunTime:0.001374s ]
NOTIC: [8192] preg_replace(): The /e modifier is deprecated, use preg_replace_callback instead D:\wamp\www\dosochina.com\dsapi\ThinkPHP\Lib\Core\Dispatcher.class.php 第 120 行.
INFO: [ app_begin ] --START--
INFO: Run ReadHtmlCache Behavior [ RunTime:0.001082s ]
INFO: [ app_begin ] --END-- [ RunTime:0.001431s ]

[ 2015-08-01T12:22:28+08:00 ] ERR: (ThinkException) 非法操作:admin
[ 2015-08-01T12:22:30+08:00 ] ERR: (ThinkException) 非法操作:upload
[ 2015-08-01T12:22:31+08:00 ] ERR: (ThinkException) 非法操作:uploads
[ 2015-08-01T12:22:32+08:00 ] 121.42.0.37 /dsapi/api.php/Index//
INFO: [ route_check ] --START--
INFO: Run CheckRoute Behavior [ RunTime:0.001255s ]
INFO: [ route_check ] --END-- [ RunTime:0.001626s ]
NOTIC: [8192] preg_replace(): The /e modifier is deprecated, use preg_replace_callback instead D:\wamp\www\dosochina.com\dsapi\ThinkPHP\Lib\Core\Dispatcher.class.php 第 120 行.
INFO: [ app_begin ] --START--
INFO: Run ReadHtmlCache Behavior [ RunTime:0.001135s ]
INFO: [ app_begin ] --END-- [ RunTime:0.001501s ]

[ 2015-08-01T12:22:33+08:00 ] ERR: (ThinkException) 非法操作:htdocs
[ 2015-08-01T12:22:34+08:00 ] ERR: (ThinkException) 非法操作:upfile
[ 2015-08-01T12:22:36+08:00 ] ERR: (ThinkException) 非法操作:upfiles
[ 2015-08-01T12:22:38+08:00 ] ERR: (ThinkException) 非法操作:uploadfile
[ 2015-08-01T12:22:39+08:00 ] ERR: (ThinkException) 非法操作:uploadfiles
[ 2015-08-01T12:22:40+08:00 ] ERR: (ThinkException) 非法操作:web
[ 2015-08-01T12:22:41+08:00 ] ERR: (ThinkException) 非法操作:data
[ 2015-08-01T12:22:42+08:00 ] ERR: (ThinkException) 非法操作:backup
[ 2015-08-01T12:22:49+08:00 ] ERR: (ThinkException) 非法操作:phpinfo
[ 2015-08-01T12:22:51+08:00 ] 121.42.0.37 /dsapi/api.php/Index/index.php
INFO: [ route_check ] --START--
INFO: Run CheckRoute Behavior [ RunTime:0.001133s ]
INFO: [ route_check ] --END-- [ RunTime:0.001627s ]
NOTIC: [8192] preg_replace(): The /e modifier is deprecated, use preg_replace_callback instead D:\wamp\www\dosochina.com\dsapi\ThinkPHP\Lib\Core\Dispatcher.class.php 第 120 行.
INFO: [ app_begin ] --START--
INFO: Run ReadHtmlCache Behavior [ RunTime:0.001075s ]
INFO: [ app_begin ] --END-- [ RunTime:0.001407s ]

[ 2015-08-01T12:22:52+08:00 ] ERR: (ThinkException) 非法操作:php
[ 2015-08-01T12:22:53+08:00 ] ERR: (ThinkException) 非法操作:info
[ 2015-08-01T12:22:56+08:00 ] ERR: (ThinkException) 非法操作:test
[ 2015-08-01T12:22:57+08:00 ] ERR: (ThinkException) 非法操作:a
[ 2015-08-01T12:22:58+08:00 ] ERR: (ThinkException) 非法操作:1
[ 2015-08-01T12:22:59+08:00 ] ERR: (ThinkException) 非法操作:u
[ 2015-08-01T12:23:02+08:00 ] ERR: (ThinkException) 非法操作:tz
[ 2015-08-01T12:23:05+08:00 ] ERR: (ThinkException) 非法操作:adminer
[ 2015-08-01T12:23:06+08:00 ] ERR: (ThinkException) 非法操作:bigdump
[ 2015-08-01T12:23:07+08:00 ] ERR: (ThinkException) 非法操作:${@print(md5(this_is_a_test_string))}
