[ 2015-08-29T10:49:08+08:00 ] ERR: (ThinkException) 非法操作:shopadmin
[ 2015-08-29T10:49:09+08:00 ] ERR: (ThinkException) 非法操作:feed-proxy
[ 2015-08-29T10:49:10+08:00 ] ERR: (ThinkException) 非法操作:bbx
[ 2015-08-29T10:49:11+08:00 ] ERR: (ThinkException) 非法操作:tools
[ 2015-08-29T10:49:12+08:00 ] ERR: (ThinkException) 非法操作:yanfang
[ 2015-08-29T10:49:13+08:00 ] 121.42.0.31 /dsapi/api.php/Index/.DS_Store
INFO: [ route_check ] --START--
INFO: Run CheckRoute Behavior [ RunTime:0.001375s ]
INFO: [ route_check ] --END-- [ RunTime:0.001805s ]
NOTIC: [8192] preg_replace(): The /e modifier is deprecated, use preg_replace_callback instead D:\wamp\www\dosochina.com\dsapi\ThinkPHP\Lib\Core\Dispatcher.class.php 第 120 行.
INFO: [ app_begin ] --START--
INFO: Run ReadHtmlCache Behavior [ RunTime:0.001280s ]
INFO: [ app_begin ] --END-- [ RunTime:0.001649s ]

[ 2015-08-29T10:49:14+08:00 ] ERR: (ThinkException) 非法操作:db
[ 2015-08-29T10:49:15+08:00 ] ERR: (ThinkException) 非法操作:config
[ 2015-08-29T10:49:17+08:00 ] ERR: (ThinkException) 非法操作:logs
[ 2015-08-29T10:49:18+08:00 ] ERR: (ThinkException) 非法操作:log
[ 2015-08-29T10:49:20+08:00 ] ERR: (ThinkException) 非法操作:admin
[ 2015-08-29T10:49:21+08:00 ] 121.42.0.31 /dsapi/api.php/Index/index.action?debug=browser
INFO: [ route_check ] --START--
INFO: Run CheckRoute Behavior [ RunTime:0.001358s ]
INFO: [ route_check ] --END-- [ RunTime:0.001718s ]
NOTIC: [8192] preg_replace(): The /e modifier is deprecated, use preg_replace_callback instead D:\wamp\www\dosochina.com\dsapi\ThinkPHP\Lib\Core\Dispatcher.class.php 第 120 行.
INFO: [ app_begin ] --START--
INFO: Run ReadHtmlCache Behavior [ RunTime:0.001270s ]
INFO: [ app_begin ] --END-- [ RunTime:0.001620s ]

[ 2015-08-29T10:49:22+08:00 ] 121.42.0.31 /dsapi/api.php/Index/index.action?redirect%3A%25%7Bnew+java.lang.String%28%27http%3A%2F%2Fxxxxxxxxxxxxx%27%29%7D
INFO: [ route_check ] --START--
INFO: Run CheckRoute Behavior [ RunTime:0.001261s ]
INFO: [ route_check ] --END-- [ RunTime:0.001622s ]
NOTIC: [8192] preg_replace(): The /e modifier is deprecated, use preg_replace_callback instead D:\wamp\www\dosochina.com\dsapi\ThinkPHP\Lib\Core\Dispatcher.class.php 第 120 行.
INFO: [ app_begin ] --START--
INFO: Run ReadHtmlCache Behavior [ RunTime:0.001203s ]
INFO: [ app_begin ] --END-- [ RunTime:0.001577s ]

[ 2015-08-29T10:49:24+08:00 ] ERR: (ThinkException) 非法操作:admin
[ 2015-08-29T10:49:25+08:00 ] ERR: (ThinkException) 非法操作:upload
[ 2015-08-29T10:49:26+08:00 ] ERR: (ThinkException) 非法操作:uploads
[ 2015-08-29T10:49:27+08:00 ] 121.42.0.31 /dsapi/api.php/Index//
INFO: [ route_check ] --START--
INFO: Run CheckRoute Behavior [ RunTime:0.001328s ]
INFO: [ route_check ] --END-- [ RunTime:0.001718s ]
NOTIC: [8192] preg_replace(): The /e modifier is deprecated, use preg_replace_callback instead D:\wamp\www\dosochina.com\dsapi\ThinkPHP\Lib\Core\Dispatcher.class.php 第 120 行.
INFO: [ app_begin ] --START--
INFO: Run ReadHtmlCache Behavior [ RunTime:0.001148s ]
INFO: [ app_begin ] --END-- [ RunTime:0.001487s ]

[ 2015-08-29T10:49:29+08:00 ] ERR: (ThinkException) 非法操作:htdocs
[ 2015-08-29T10:49:30+08:00 ] ERR: (ThinkException) 非法操作:upfile
[ 2015-08-29T10:49:31+08:00 ] ERR: (ThinkException) 非法操作:upfiles
[ 2015-08-29T10:49:32+08:00 ] ERR: (ThinkException) 非法操作:uploadfile
[ 2015-08-29T10:49:33+08:00 ] ERR: (ThinkException) 非法操作:uploadfiles
[ 2015-08-29T10:49:34+08:00 ] ERR: (ThinkException) 非法操作:web
[ 2015-08-29T10:49:35+08:00 ] ERR: (ThinkException) 非法操作:data
[ 2015-08-29T10:49:36+08:00 ] ERR: (ThinkException) 非法操作:backup
[ 2015-08-29T10:49:42+08:00 ] ERR: (ThinkException) 非法操作:phpinfo
[ 2015-08-29T10:49:43+08:00 ] 121.42.0.31 /dsapi/api.php/Index/index.php
INFO: [ route_check ] --START--
INFO: Run CheckRoute Behavior [ RunTime:0.001616s ]
INFO: [ route_check ] --END-- [ RunTime:0.001998s ]
NOTIC: [8192] preg_replace(): The /e modifier is deprecated, use preg_replace_callback instead D:\wamp\www\dosochina.com\dsapi\ThinkPHP\Lib\Core\Dispatcher.class.php 第 120 行.
INFO: [ app_begin ] --START--
INFO: Run ReadHtmlCache Behavior [ RunTime:0.001375s ]
INFO: [ app_begin ] --END-- [ RunTime:0.001720s ]

[ 2015-08-29T10:49:44+08:00 ] ERR: (ThinkException) 非法操作:php
[ 2015-08-29T10:49:45+08:00 ] ERR: (ThinkException) 非法操作:info
[ 2015-08-29T10:49:46+08:00 ] ERR: (ThinkException) 非法操作:test
[ 2015-08-29T10:49:47+08:00 ] ERR: (ThinkException) 非法操作:a
[ 2015-08-29T10:49:49+08:00 ] ERR: (ThinkException) 非法操作:1
[ 2015-08-29T10:49:50+08:00 ] ERR: (ThinkException) 非法操作:u
[ 2015-08-29T10:49:51+08:00 ] ERR: (ThinkException) 非法操作:tz
[ 2015-08-29T10:50:37+08:00 ] ERR: (ThinkException) 非法操作:adminer
[ 2015-08-29T10:51:00+08:00 ] ERR: (ThinkException) 非法操作:bigdump
[ 2015-08-29T10:51:02+08:00 ] ERR: (ThinkException) 非法操作:${@print(md5(this_is_a_test_string))}
[ 2015-08-29T11:33:54+08:00 ] ERR: (ThinkException) 非法操作:shopadmin
[ 2015-08-29T11:33:55+08:00 ] ERR: (ThinkException) 非法操作:feed-proxy
[ 2015-08-29T11:33:56+08:00 ] ERR: (ThinkException) 非法操作:bbx
[ 2015-08-29T11:33:57+08:00 ] ERR: (ThinkException) 非法操作:tools
[ 2015-08-29T11:34:00+08:00 ] ERR: (ThinkException) 非法操作:yanfang
[ 2015-08-29T11:34:01+08:00 ] 121.42.0.31 /dsapi/api.php/Index/.DS_Store
INFO: [ route_check ] --START--
INFO: Run CheckRoute Behavior [ RunTime:0.001293s ]
INFO: [ route_check ] --END-- [ RunTime:0.001781s ]
NOTIC: [8192] preg_replace(): The /e modifier is deprecated, use preg_replace_callback instead D:\wamp\www\dosochina.com\dsapi\ThinkPHP\Lib\Core\Dispatcher.class.php 第 120 行.
INFO: [ app_begin ] --START--
INFO: Run ReadHtmlCache Behavior [ RunTime:0.001179s ]
INFO: [ app_begin ] --END-- [ RunTime:0.001545s ]

[ 2015-08-29T11:34:02+08:00 ] ERR: (ThinkException) 非法操作:db
[ 2015-08-29T11:34:03+08:00 ] ERR: (ThinkException) 非法操作:config
[ 2015-08-29T11:34:04+08:00 ] ERR: (ThinkException) 非法操作:logs
[ 2015-08-29T11:34:07+08:00 ] ERR: (ThinkException) 非法操作:log
[ 2015-08-29T11:34:14+08:00 ] ERR: (ThinkException) 非法操作:admin
[ 2015-08-29T11:34:16+08:00 ] 121.42.0.31 /dsapi/api.php/Index/index.action?debug=browser
INFO: [ route_check ] --START--
INFO: Run CheckRoute Behavior [ RunTime:0.001508s ]
INFO: [ route_check ] --END-- [ RunTime:0.001908s ]
NOTIC: [8192] preg_replace(): The /e modifier is deprecated, use preg_replace_callback instead D:\wamp\www\dosochina.com\dsapi\ThinkPHP\Lib\Core\Dispatcher.class.php 第 120 行.
INFO: [ app_begin ] --START--
INFO: Run ReadHtmlCache Behavior [ RunTime:0.001293s ]
INFO: [ app_begin ] --END-- [ RunTime:0.001704s ]

[ 2015-08-29T11:34:19+08:00 ] 121.42.0.31 /dsapi/api.php/Index/index.action?redirect%3A%25%7Bnew+java.lang.String%28%27http%3A%2F%2Fxxxxxxxxxxxxx%27%29%7D
INFO: [ route_check ] --START--
INFO: Run CheckRoute Behavior [ RunTime:0.001278s ]
INFO: [ route_check ] --END-- [ RunTime:0.001662s ]
NOTIC: [8192] preg_replace(): The /e modifier is deprecated, use preg_replace_callback instead D:\wamp\www\dosochina.com\dsapi\ThinkPHP\Lib\Core\Dispatcher.class.php 第 120 行.
INFO: [ app_begin ] --START--
INFO: Run ReadHtmlCache Behavior [ RunTime:0.001239s ]
INFO: [ app_begin ] --END-- [ RunTime:0.001588s ]

[ 2015-08-29T11:34:23+08:00 ] ERR: (ThinkException) 非法操作:admin
[ 2015-08-29T11:34:24+08:00 ] ERR: (ThinkException) 非法操作:upload
[ 2015-08-29T11:34:27+08:00 ] ERR: (ThinkException) 非法操作:uploads
[ 2015-08-29T11:34:30+08:00 ] 121.42.0.31 /dsapi/api.php/Index//
INFO: [ route_check ] --START--
INFO: Run CheckRoute Behavior [ RunTime:0.001279s ]
INFO: [ route_check ] --END-- [ RunTime:0.001665s ]
NOTIC: [8192] preg_replace(): The /e modifier is deprecated, use preg_replace_callback instead D:\wamp\www\dosochina.com\dsapi\ThinkPHP\Lib\Core\Dispatcher.class.php 第 120 行.
INFO: [ app_begin ] --START--
INFO: Run ReadHtmlCache Behavior [ RunTime:0.001286s ]
INFO: [ app_begin ] --END-- [ RunTime:0.001769s ]

[ 2015-08-29T11:34:31+08:00 ] ERR: (ThinkException) 非法操作:htdocs
[ 2015-08-29T11:34:34+08:00 ] ERR: (ThinkException) 非法操作:upfile
[ 2015-08-29T11:34:36+08:00 ] ERR: (ThinkException) 非法操作:upfiles
[ 2015-08-29T11:34:38+08:00 ] ERR: (ThinkException) 非法操作:uploadfile
[ 2015-08-29T11:34:41+08:00 ] ERR: (ThinkException) 非法操作:uploadfiles
[ 2015-08-29T11:34:44+08:00 ] ERR: (ThinkException) 非法操作:web
[ 2015-08-29T11:34:45+08:00 ] ERR: (ThinkException) 非法操作:data
[ 2015-08-29T11:34:48+08:00 ] ERR: (ThinkException) 非法操作:backup
[ 2015-08-29T11:34:53+08:00 ] ERR: (ThinkException) 非法操作:shopadmin
[ 2015-08-29T11:34:56+08:00 ] ERR: (ThinkException) 非法操作:phpinfo
[ 2015-08-29T11:34:57+08:00 ] 121.42.0.31 /dsapi/api.php/Index/index.php
INFO: [ route_check ] --START--
INFO: Run CheckRoute Behavior [ RunTime:0.001450s ]
INFO: [ route_check ] --END-- [ RunTime:0.001836s ]
NOTIC: [8192] preg_replace(): The /e modifier is deprecated, use preg_replace_callback instead D:\wamp\www\dosochina.com\dsapi\ThinkPHP\Lib\Core\Dispatcher.class.php 第 120 行.
INFO: [ app_begin ] --START--
INFO: Run ReadHtmlCache Behavior [ RunTime:0.001340s ]
INFO: [ app_begin ] --END-- [ RunTime:0.001718s ]

[ 2015-08-29T11:34:58+08:00 ] ERR: (ThinkException) 非法操作:php
[ 2015-08-29T11:35:01+08:00 ] ERR: (ThinkException) 非法操作:info
[ 2015-08-29T11:35:04+08:00 ] ERR: (ThinkException) 非法操作:test
[ 2015-08-29T11:35:07+08:00 ] ERR: (ThinkException) 非法操作:a
[ 2015-08-29T11:35:09+08:00 ] ERR: (ThinkException) 非法操作:1
[ 2015-08-29T11:35:11+08:00 ] ERR: (ThinkException) 非法操作:u
[ 2015-08-29T11:35:13+08:00 ] ERR: (ThinkException) 非法操作:tz
[ 2015-08-29T11:35:14+08:00 ] ERR: (ThinkException) 非法操作:adminer
[ 2015-08-29T11:35:17+08:00 ] ERR: (ThinkException) 非法操作:bigdump
[ 2015-08-29T11:35:18+08:00 ] ERR: (ThinkException) 非法操作:${@print(md5(this_is_a_test_string))}
[ 2015-08-29T11:35:19+08:00 ] ERR: (ThinkException) 非法操作:feed-proxy
[ 2015-08-29T11:35:20+08:00 ] ERR: (ThinkException) 非法操作:bbx
[ 2015-08-29T11:35:21+08:00 ] ERR: (ThinkException) 非法操作:tools
[ 2015-08-29T11:35:24+08:00 ] ERR: (ThinkException) 非法操作:yanfang
[ 2015-08-29T11:35:26+08:00 ] ERR: (ThinkException) 模板不存在[./App/Tpl/Wxhd/check1.html]
[ 2015-08-29T11:35:27+08:00 ] ERR: (ThinkException) 非法操作:db
[ 2015-08-29T11:35:28+08:00 ] ERR: (ThinkException) 非法操作:config
[ 2015-08-29T11:35:30+08:00 ] ERR: (ThinkException) 非法操作:logs
[ 2015-08-29T11:35:31+08:00 ] ERR: (ThinkException) 非法操作:log
[ 2015-08-29T11:35:32+08:00 ] ERR: (ThinkException) 非法操作:login
[ 2015-08-29T11:35:33+08:00 ] ERR: (ThinkException) 非法操作:admin
[ 2015-08-29T11:35:36+08:00 ] ERR: (ThinkException) 模板不存在[./App/Tpl/Wxhd/check1.html]
[ 2015-08-29T11:35:37+08:00 ] ERR: (ThinkException) 模板不存在[./App/Tpl/Wxhd/check1.html]
[ 2015-08-29T11:35:39+08:00 ] ERR: (ThinkException) 非法操作:login
[ 2015-08-29T11:35:41+08:00 ] ERR: (ThinkException) 非法操作:admin
[ 2015-08-29T11:35:42+08:00 ] ERR: (ThinkException) 非法操作:upload
[ 2015-08-29T11:35:44+08:00 ] ERR: (ThinkException) 非法操作:uploads
[ 2015-08-29T11:35:45+08:00 ] ERR: (ThinkException) 模板不存在[./App/Tpl/Wxhd/check1.html]
[ 2015-08-29T11:35:48+08:00 ] ERR: (ThinkException) 非法操作:htdocs
[ 2015-08-29T11:35:49+08:00 ] ERR: (ThinkException) 非法操作:upfile
[ 2015-08-29T11:35:50+08:00 ] ERR: (ThinkException) 非法操作:upfiles
[ 2015-08-29T11:35:51+08:00 ] ERR: (ThinkException) 非法操作:uploadfile
[ 2015-08-29T11:35:52+08:00 ] ERR: (ThinkException) 非法操作:uploadfiles
[ 2015-08-29T11:35:53+08:00 ] ERR: (ThinkException) 非法操作:web
[ 2015-08-29T11:35:56+08:00 ] ERR: (ThinkException) 非法操作:data
[ 2015-08-29T11:35:57+08:00 ] ERR: (ThinkException) 非法操作:backup
[ 2015-08-29T11:36:05+08:00 ] ERR: (ThinkException) 非法操作:phpinfo
[ 2015-08-29T11:36:07+08:00 ] ERR: (ThinkException) 模板不存在[./App/Tpl/Wxhd/check1.html]
[ 2015-08-29T11:36:09+08:00 ] ERR: (ThinkException) 非法操作:php
[ 2015-08-29T11:36:12+08:00 ] ERR: (ThinkException) 非法操作:info
[ 2015-08-29T11:36:13+08:00 ] ERR: (ThinkException) 非法操作:test
[ 2015-08-29T11:36:14+08:00 ] ERR: (ThinkException) 非法操作:a
[ 2015-08-29T11:36:15+08:00 ] ERR: (ThinkException) 非法操作:1
[ 2015-08-29T11:36:17+08:00 ] ERR: (ThinkException) 非法操作:u
[ 2015-08-29T11:36:18+08:00 ] ERR: (ThinkException) 非法操作:tz
[ 2015-08-29T11:36:20+08:00 ] ERR: (ThinkException) 非法操作:adminer
[ 2015-08-29T11:36:22+08:00 ] ERR: (ThinkException) 非法操作:bigdump
[ 2015-08-29T11:36:23+08:00 ] ERR: (ThinkException) 非法操作:${@print(md5(this_is_a_test_string))}
[ 2015-08-29T12:21:27+08:00 ] ERR: (ThinkException) 非法操作:shopadmin
[ 2015-08-29T12:21:29+08:00 ] ERR: (ThinkException) 非法操作:feed-proxy
[ 2015-08-29T12:21:30+08:00 ] ERR: (ThinkException) 非法操作:bbx
[ 2015-08-29T12:21:30+08:00 ] ERR: (ThinkException) 非法操作:tools
[ 2015-08-29T12:21:31+08:00 ] ERR: (ThinkException) 非法操作:yanfang
[ 2015-08-29T12:21:33+08:00 ] 121.42.0.31 /dsapi/api.php/Index/.DS_Store
INFO: [ route_check ] --START--
INFO: Run CheckRoute Behavior [ RunTime:0.001454s ]
INFO: [ route_check ] --END-- [ RunTime:0.001920s ]
NOTIC: [8192] preg_replace(): The /e modifier is deprecated, use preg_replace_callback instead D:\wamp\www\dosochina.com\dsapi\ThinkPHP\Lib\Core\Dispatcher.class.php 第 120 行.
INFO: [ app_begin ] --START--
INFO: Run ReadHtmlCache Behavior [ RunTime:0.000966s ]
INFO: [ app_begin ] --END-- [ RunTime:0.001396s ]

[ 2015-08-29T12:21:35+08:00 ] ERR: (ThinkException) 非法操作:db
[ 2015-08-29T12:21:37+08:00 ] ERR: (ThinkException) 非法操作:config
[ 2015-08-29T12:21:39+08:00 ] ERR: (ThinkException) 非法操作:logs
[ 2015-08-29T12:21:41+08:00 ] ERR: (ThinkException) 非法操作:log
[ 2015-08-29T12:21:45+08:00 ] ERR: (ThinkException) 非法操作:admin
[ 2015-08-29T12:21:47+08:00 ] 121.42.0.31 /dsapi/api.php/Index/index.action?debug=browser
INFO: [ route_check ] --START--
INFO: Run CheckRoute Behavior [ RunTime:0.001366s ]
INFO: [ route_check ] --END-- [ RunTime:0.001879s ]
NOTIC: [8192] preg_replace(): The /e modifier is deprecated, use preg_replace_callback instead D:\wamp\www\dosochina.com\dsapi\ThinkPHP\Lib\Core\Dispatcher.class.php 第 120 行.
INFO: [ app_begin ] --START--
INFO: Run ReadHtmlCache Behavior [ RunTime:0.000960s ]
INFO: [ app_begin ] --END-- [ RunTime:0.001303s ]

[ 2015-08-29T12:21:49+08:00 ] 121.42.0.31 /dsapi/api.php/Index/index.action?redirect%3A%25%7Bnew+java.lang.String%28%27http%3A%2F%2Fxxxxxxxxxxxxx%27%29%7D
INFO: [ route_check ] --START--
INFO: Run CheckRoute Behavior [ RunTime:0.001073s ]
INFO: [ route_check ] --END-- [ RunTime:0.001442s ]
NOTIC: [8192] preg_replace(): The /e modifier is deprecated, use preg_replace_callback instead D:\wamp\www\dosochina.com\dsapi\ThinkPHP\Lib\Core\Dispatcher.class.php 第 120 行.
INFO: [ app_begin ] --START--
INFO: Run ReadHtmlCache Behavior [ RunTime:0.000956s ]
INFO: [ app_begin ] --END-- [ RunTime:0.001291s ]

[ 2015-08-29T12:21:53+08:00 ] ERR: (ThinkException) 非法操作:admin
[ 2015-08-29T12:21:55+08:00 ] ERR: (ThinkException) 非法操作:upload
[ 2015-08-29T12:21:57+08:00 ] ERR: (ThinkException) 非法操作:uploads
[ 2015-08-29T12:21:59+08:00 ] 121.42.0.31 /dsapi/api.php/Index//
INFO: [ route_check ] --START--
INFO: Run CheckRoute Behavior [ RunTime:0.001086s ]
INFO: [ route_check ] --END-- [ RunTime:0.001459s ]
NOTIC: [8192] preg_replace(): The /e modifier is deprecated, use preg_replace_callback instead D:\wamp\www\dosochina.com\dsapi\ThinkPHP\Lib\Core\Dispatcher.class.php 第 120 行.
INFO: [ app_begin ] --START--
INFO: Run ReadHtmlCache Behavior [ RunTime:0.001009s ]
INFO: [ app_begin ] --END-- [ RunTime:0.001354s ]

[ 2015-08-29T12:22:00+08:00 ] ERR: (ThinkException) 非法操作:htdocs
[ 2015-08-29T12:22:01+08:00 ] ERR: (ThinkException) 非法操作:upfile
[ 2015-08-29T12:22:02+08:00 ] ERR: (ThinkException) 非法操作:upfiles
[ 2015-08-29T12:22:03+08:00 ] ERR: (ThinkException) 非法操作:uploadfile
[ 2015-08-29T12:22:11+08:00 ] ERR: (ThinkException) 非法操作:uploadfiles
[ 2015-08-29T12:22:18+08:00 ] ERR: (ThinkException) 非法操作:web
[ 2015-08-29T12:23:27+08:00 ] ERR: (ThinkException) 非法操作:data
[ 2015-08-29T12:24:23+08:00 ] ERR: (ThinkException) 非法操作:backup
[ 2015-08-29T12:24:49+08:00 ] ERR: (ThinkException) 非法操作:phpinfo
[ 2015-08-29T12:24:51+08:00 ] 121.42.0.31 /dsapi/api.php/Index/index.php
INFO: [ route_check ] --START--
INFO: Run CheckRoute Behavior [ RunTime:0.000999s ]
INFO: [ route_check ] --END-- [ RunTime:0.001370s ]
NOTIC: [8192] preg_replace(): The /e modifier is deprecated, use preg_replace_callback instead D:\wamp\www\dosochina.com\dsapi\ThinkPHP\Lib\Core\Dispatcher.class.php 第 120 行.
INFO: [ app_begin ] --START--
INFO: Run ReadHtmlCache Behavior [ RunTime:0.001131s ]
INFO: [ app_begin ] --END-- [ RunTime:0.001543s ]

[ 2015-08-29T12:24:52+08:00 ] ERR: (ThinkException) 非法操作:php
[ 2015-08-29T12:24:53+08:00 ] ERR: (ThinkException) 非法操作:info
[ 2015-08-29T12:24:54+08:00 ] ERR: (ThinkException) 非法操作:test
[ 2015-08-29T12:24:56+08:00 ] ERR: (ThinkException) 非法操作:a
[ 2015-08-29T12:24:58+08:00 ] ERR: (ThinkException) 非法操作:1
[ 2015-08-29T12:24:59+08:00 ] ERR: (ThinkException) 非法操作:u
[ 2015-08-29T12:25:09+08:00 ] ERR: (ThinkException) 非法操作:adminer
[ 2015-08-29T12:25:10+08:00 ] ERR: (ThinkException) 非法操作:bigdump
[ 2015-08-29T12:25:11+08:00 ] ERR: (ThinkException) 非法操作:${@print(md5(this_is_a_test_string))}
[ 2015-08-29T12:48:45+08:00 ] ERR: (ThinkException) 非法操作:shopadmin
[ 2015-08-29T12:48:46+08:00 ] ERR: (ThinkException) 非法操作:feed-proxy
[ 2015-08-29T12:48:47+08:00 ] ERR: (ThinkException) 非法操作:bbx
[ 2015-08-29T12:48:48+08:00 ] ERR: (ThinkException) 非法操作:tools
[ 2015-08-29T12:48:49+08:00 ] ERR: (ThinkException) 非法操作:yanfang
[ 2015-08-29T12:48:50+08:00 ] 121.42.0.31 /dsapi/api.php/Index/.DS_Store
INFO: [ route_check ] --START--
INFO: Run CheckRoute Behavior [ RunTime:0.001095s ]
INFO: [ route_check ] --END-- [ RunTime:0.001497s ]
NOTIC: [8192] preg_replace(): The /e modifier is deprecated, use preg_replace_callback instead D:\wamp\www\dosochina.com\dsapi\ThinkPHP\Lib\Core\Dispatcher.class.php 第 120 行.
INFO: [ app_begin ] --START--
INFO: Run ReadHtmlCache Behavior [ RunTime:0.001020s ]
INFO: [ app_begin ] --END-- [ RunTime:0.001392s ]

[ 2015-08-29T12:48:51+08:00 ] ERR: (ThinkException) 非法操作:db
[ 2015-08-29T12:48:52+08:00 ] ERR: (ThinkException) 非法操作:config
[ 2015-08-29T12:48:53+08:00 ] ERR: (ThinkException) 非法操作:logs
[ 2015-08-29T12:48:54+08:00 ] ERR: (ThinkException) 非法操作:log
[ 2015-08-29T12:49:05+08:00 ] ERR: (ThinkException) 非法操作:admin
[ 2015-08-29T12:49:08+08:00 ] 121.42.0.31 /dsapi/api.php/Index/index.action?debug=browser
INFO: [ route_check ] --START--
INFO: Run CheckRoute Behavior [ RunTime:0.001101s ]
INFO: [ route_check ] --END-- [ RunTime:0.001477s ]
NOTIC: [8192] preg_replace(): The /e modifier is deprecated, use preg_replace_callback instead D:\wamp\www\dosochina.com\dsapi\ThinkPHP\Lib\Core\Dispatcher.class.php 第 120 行.
INFO: [ app_begin ] --START--
INFO: Run ReadHtmlCache Behavior [ RunTime:0.000982s ]
INFO: [ app_begin ] --END-- [ RunTime:0.001321s ]

[ 2015-08-29T12:49:09+08:00 ] 121.42.0.31 /dsapi/api.php/Index/index.action?redirect%3A%25%7Bnew+java.lang.String%28%27http%3A%2F%2Fxxxxxxxxxxxxx%27%29%7D
INFO: [ route_check ] --START--
INFO: Run CheckRoute Behavior [ RunTime:0.001069s ]
INFO: [ route_check ] --END-- [ RunTime:0.001438s ]
NOTIC: [8192] preg_replace(): The /e modifier is deprecated, use preg_replace_callback instead D:\wamp\www\dosochina.com\dsapi\ThinkPHP\Lib\Core\Dispatcher.class.php 第 120 行.
INFO: [ app_begin ] --START--
INFO: Run ReadHtmlCache Behavior [ RunTime:0.000954s ]
INFO: [ app_begin ] --END-- [ RunTime:0.001293s ]

[ 2015-08-29T12:49:13+08:00 ] ERR: (ThinkException) 非法操作:admin
[ 2015-08-29T12:49:15+08:00 ] ERR: (ThinkException) 非法操作:upload
[ 2015-08-29T12:49:16+08:00 ] ERR: (ThinkException) 非法操作:uploads
[ 2015-08-29T12:49:17+08:00 ] 121.42.0.31 /dsapi/api.php/Index//
INFO: [ route_check ] --START--
INFO: Run CheckRoute Behavior [ RunTime:0.001021s ]
INFO: [ route_check ] --END-- [ RunTime:0.001385s ]
NOTIC: [8192] preg_replace(): The /e modifier is deprecated, use preg_replace_callback instead D:\wamp\www\dosochina.com\dsapi\ThinkPHP\Lib\Core\Dispatcher.class.php 第 120 行.
INFO: [ app_begin ] --START--
INFO: Run ReadHtmlCache Behavior [ RunTime:0.000927s ]
INFO: [ app_begin ] --END-- [ RunTime:0.001265s ]

[ 2015-08-29T12:49:19+08:00 ] ERR: (ThinkException) 非法操作:htdocs
[ 2015-08-29T12:49:20+08:00 ] ERR: (ThinkException) 非法操作:upfile
[ 2015-08-29T12:49:21+08:00 ] ERR: (ThinkException) 非法操作:upfiles
[ 2015-08-29T12:49:23+08:00 ] ERR: (ThinkException) 非法操作:uploadfile
[ 2015-08-29T12:49:26+08:00 ] ERR: (ThinkException) 非法操作:uploadfiles
[ 2015-08-29T12:49:27+08:00 ] ERR: (ThinkException) 非法操作:web
[ 2015-08-29T12:49:28+08:00 ] ERR: (ThinkException) 非法操作:data
[ 2015-08-29T12:49:31+08:00 ] ERR: (ThinkException) 非法操作:backup
[ 2015-08-29T12:49:38+08:00 ] ERR: (ThinkException) 非法操作:phpinfo
[ 2015-08-29T12:49:39+08:00 ] 121.42.0.31 /dsapi/api.php/Index/index.php
INFO: [ route_check ] --START--
INFO: Run CheckRoute Behavior [ RunTime:0.001105s ]
INFO: [ route_check ] --END-- [ RunTime:0.001497s ]
NOTIC: [8192] preg_replace(): The /e modifier is deprecated, use preg_replace_callback instead D:\wamp\www\dosochina.com\dsapi\ThinkPHP\Lib\Core\Dispatcher.class.php 第 120 行.
INFO: [ app_begin ] --START--
INFO: Run ReadHtmlCache Behavior [ RunTime:0.000994s ]
INFO: [ app_begin ] --END-- [ RunTime:0.001354s ]

[ 2015-08-29T12:49:40+08:00 ] ERR: (ThinkException) 非法操作:php
[ 2015-08-29T12:49:41+08:00 ] ERR: (ThinkException) 非法操作:info
[ 2015-08-29T12:49:42+08:00 ] ERR: (ThinkException) 非法操作:test
[ 2015-08-29T12:49:45+08:00 ] ERR: (ThinkException) 非法操作:a
[ 2015-08-29T12:49:46+08:00 ] ERR: (ThinkException) 非法操作:1
[ 2015-08-29T12:49:49+08:00 ] ERR: (ThinkException) 非法操作:u
[ 2015-08-29T12:49:50+08:00 ] ERR: (ThinkException) 非法操作:tz
[ 2015-08-29T12:49:51+08:00 ] ERR: (ThinkException) 非法操作:adminer
[ 2015-08-29T12:49:54+08:00 ] ERR: (ThinkException) 非法操作:bigdump
[ 2015-08-29T12:49:55+08:00 ] ERR: (ThinkException) 非法操作:${@print(md5(this_is_a_test_string))}
