[ 2015-06-20T16:28:06+08:00 ] 192.168.0.105 /jyst/api.php
INFO: [ app_begin ] --START--
INFO: Run ReadHtmlCache Behavior [ RunTime:0.041682s ]
INFO: [ app_begin ] --END-- [ RunTime:0.091577s ]
INFO: [ view_parse ] --START--
INFO: Run ParseTemplate Behavior [ RunTime:0.180156s ]
INFO: [ view_parse ] --END-- [ RunTime:0.180341s ]
INFO: [ view_filter ] --START--
INFO: Run ContentReplace Behavior [ RunTime:0.018997s ]
INFO: Run TokenBuild Behavior [ RunTime:0.006242s ]
INFO: Run WriteHtmlCache Behavior [ RunTime:0.012251s ]
INFO: Run ShowRuntime Behavior [ RunTime:0.007872s ]
INFO: [ view_filter ] --END-- [ RunTime:0.045940s ]
INFO: [ view_end ] --START--
INFO: Run ShowPageTrace Behavior [ RunTime:0.005602s ]
INFO: [ view_end ] --END-- [ RunTime:0.005756s ]

[ 2015-06-20T17:59:04+08:00 ] ERR: (ThinkException) Access denied for user 'root'@'localhost' (using password: NO)
[ 2015-06-20T17:59:30+08:00 ] ERR: (ThinkException) Access denied for user 'root'@'localhost' (using password: YES)
[ 2015-06-20T17:59:35+08:00 ] ERR: (ThinkException) Access denied for user 'root'@'localhost' (using password: YES)
[ 2015-06-20T17:59:38+08:00 ] ERR: (ThinkException) Access denied for user 'root'@'localhost' (using password: YES)
[ 2015-06-20T18:00:02+08:00 ] ERR: (ThinkException) Access denied for user 'root'@'localhost' (using password: YES)
[ 2015-06-20T18:00:04+08:00 ] ERR: (ThinkException) Access denied for user 'root'@'localhost' (using password: YES)
[ 2015-06-20T18:00:11+08:00 ] ERR: (ThinkException) Access denied for user 'root'@'localhost' (using password: YES)
