[ 2015-09-12T13:31:44+08:00 ] ERR: (ThinkException) 非法操作:shopadmin
[ 2015-09-12T13:32:06+08:00 ] ERR: (ThinkException) 非法操作:feed-proxy
[ 2015-09-12T13:32:32+08:00 ] ERR: (ThinkException) 非法操作:bbx
[ 2015-09-12T13:32:33+08:00 ] ERR: (ThinkException) 非法操作:tools
[ 2015-09-12T13:32:34+08:00 ] ERR: (ThinkException) 非法操作:yanfang
[ 2015-09-12T13:32:35+08:00 ] 121.42.0.16 /dsapi/api.php/Index/.DS_Store
INFO: [ route_check ] --START--
INFO: Run CheckRoute Behavior [ RunTime:0.001527s ]
INFO: [ route_check ] --END-- [ RunTime:0.001953s ]
NOTIC: [8192] preg_replace(): The /e modifier is deprecated, use preg_replace_callback instead D:\wamp\www\dosochina.com\dsapi\ThinkPHP\Lib\Core\Dispatcher.class.php 第 120 行.
INFO: [ app_begin ] --START--
INFO: Run ReadHtmlCache Behavior [ RunTime:0.001241s ]
INFO: [ app_begin ] --END-- [ RunTime:0.001605s ]

[ 2015-09-12T13:32:36+08:00 ] 121.42.0.16 /dsapi/api.php/Index//
INFO: [ route_check ] --START--
INFO: Run CheckRoute Behavior [ RunTime:0.001347s ]
INFO: [ route_check ] --END-- [ RunTime:0.001789s ]
NOTIC: [8192] preg_replace(): The /e modifier is deprecated, use preg_replace_callback instead D:\wamp\www\dosochina.com\dsapi\ThinkPHP\Lib\Core\Dispatcher.class.php 第 120 行.
INFO: [ app_begin ] --START--
INFO: Run ReadHtmlCache Behavior [ RunTime:0.001274s ]
INFO: [ app_begin ] --END-- [ RunTime:0.001634s ]

[ 2015-09-12T13:32:39+08:00 ] ERR: (ThinkException) 非法操作:config
[ 2015-09-12T13:32:42+08:00 ] ERR: (ThinkException) 非法操作:logs
[ 2015-09-12T13:32:43+08:00 ] ERR: (ThinkException) 非法操作:log
[ 2015-09-12T13:32:47+08:00 ] ERR: (ThinkException) 非法操作:admin
[ 2015-09-12T13:32:53+08:00 ] 121.42.0.16 /dsapi/api.php/Index/index.action?debug=browser
INFO: [ route_check ] --START--
INFO: Run CheckRoute Behavior [ RunTime:0.002192s ]
INFO: [ route_check ] --END-- [ RunTime:0.002902s ]
NOTIC: [8192] preg_replace(): The /e modifier is deprecated, use preg_replace_callback instead D:\wamp\www\dosochina.com\dsapi\ThinkPHP\Lib\Core\Dispatcher.class.php 第 120 行.
INFO: [ app_begin ] --START--
INFO: Run ReadHtmlCache Behavior [ RunTime:0.001295s ]
INFO: [ app_begin ] --END-- [ RunTime:0.001656s ]

[ 2015-09-12T13:32:54+08:00 ] 121.42.0.16 /dsapi/api.php/Index/index.action?redirect%3A%25%7Bnew+java.lang.String%28%27http%3A%2F%2Fxxxxxxxxxxxxx%27%29%7D
INFO: [ route_check ] --START--
INFO: Run CheckRoute Behavior [ RunTime:0.001357s ]
INFO: [ route_check ] --END-- [ RunTime:0.001743s ]
NOTIC: [8192] preg_replace(): The /e modifier is deprecated, use preg_replace_callback instead D:\wamp\www\dosochina.com\dsapi\ThinkPHP\Lib\Core\Dispatcher.class.php 第 120 行.
INFO: [ app_begin ] --START--
INFO: Run ReadHtmlCache Behavior [ RunTime:0.001331s ]
INFO: [ app_begin ] --END-- [ RunTime:0.001698s ]

[ 2015-09-12T13:33:01+08:00 ] ERR: (ThinkException) 非法操作:admin
[ 2015-09-12T13:33:06+08:00 ] ERR: (ThinkException) 非法操作:db
[ 2015-09-12T13:33:07+08:00 ] ERR: (ThinkException) 非法操作:upload
[ 2015-09-12T13:33:10+08:00 ] ERR: (ThinkException) 非法操作:htdocs
[ 2015-09-12T13:33:11+08:00 ] ERR: (ThinkException) 非法操作:upfile
[ 2015-09-12T13:33:12+08:00 ] ERR: (ThinkException) 非法操作:upfiles
[ 2015-09-12T13:33:15+08:00 ] ERR: (ThinkException) 非法操作:uploadfile
[ 2015-09-12T13:33:19+08:00 ] ERR: (ThinkException) 非法操作:uploadfiles
[ 2015-09-12T13:33:20+08:00 ] ERR: (ThinkException) 非法操作:web
[ 2015-09-12T13:33:21+08:00 ] ERR: (ThinkException) 非法操作:data
[ 2015-09-12T13:33:22+08:00 ] ERR: (ThinkException) 非法操作:backup
[ 2015-09-12T13:33:23+08:00 ] ERR: (ThinkException) 非法操作:uploads
[ 2015-09-12T13:33:26+08:00 ] ERR: (ThinkException) 非法操作:phpinfo
[ 2015-09-12T13:33:27+08:00 ] ERR: (ThinkException) 非法操作:info
[ 2015-09-12T13:33:31+08:00 ] 121.42.0.16 /dsapi/api.php/Index/index.php
INFO: [ route_check ] --START--
INFO: Run CheckRoute Behavior [ RunTime:0.001559s ]
INFO: [ route_check ] --END-- [ RunTime:0.002018s ]
NOTIC: [8192] preg_replace(): The /e modifier is deprecated, use preg_replace_callback instead D:\wamp\www\dosochina.com\dsapi\ThinkPHP\Lib\Core\Dispatcher.class.php 第 120 行.
INFO: [ app_begin ] --START--
INFO: Run ReadHtmlCache Behavior [ RunTime:0.001343s ]
INFO: [ app_begin ] --END-- [ RunTime:0.001753s ]

[ 2015-09-12T13:33:34+08:00 ] ERR: (ThinkException) 非法操作:php
[ 2015-09-12T13:33:41+08:00 ] ERR: (ThinkException) 非法操作:test
[ 2015-09-12T13:33:49+08:00 ] ERR: (ThinkException) 非法操作:a
[ 2015-09-12T13:33:56+08:00 ] ERR: (ThinkException) 非法操作:1
[ 2015-09-12T13:33:57+08:00 ] ERR: (ThinkException) 非法操作:u
[ 2015-09-12T13:33:58+08:00 ] ERR: (ThinkException) 非法操作:l
[ 2015-09-12T13:34:03+08:00 ] ERR: (ThinkException) 非法操作:tz
[ 2015-09-12T13:34:05+08:00 ] ERR: (ThinkException) 非法操作:adminer
[ 2015-09-12T13:34:08+08:00 ] ERR: (ThinkException) 非法操作:bigdump
[ 2015-09-12T13:34:11+08:00 ] ERR: (ThinkException) 非法操作:${@print(md5(this_is_a_test_string))}
[ 2015-09-12T14:32:14+08:00 ] ERR: (ThinkException) 非法操作:shopadmin
[ 2015-09-12T14:32:16+08:00 ] ERR: (ThinkException) 非法操作:feed-proxy
[ 2015-09-12T14:32:18+08:00 ] ERR: (ThinkException) 非法操作:bbx
[ 2015-09-12T14:32:19+08:00 ] ERR: (ThinkException) 非法操作:tools
[ 2015-09-12T14:32:20+08:00 ] ERR: (ThinkException) 非法操作:yanfang
[ 2015-09-12T14:32:21+08:00 ] ERR: (ThinkException) 模板不存在[./App/Tpl/Wxhd/check1.html]
[ 2015-09-12T14:32:22+08:00 ] ERR: (ThinkException) 模板不存在[./App/Tpl/Wxhd/check1.html]
[ 2015-09-12T14:32:23+08:00 ] ERR: (ThinkException) 非法操作:config
[ 2015-09-12T14:32:24+08:00 ] ERR: (ThinkException) 非法操作:logs
[ 2015-09-12T14:32:25+08:00 ] ERR: (ThinkException) 非法操作:log
[ 2015-09-12T14:32:26+08:00 ] ERR: (ThinkException) 非法操作:login
[ 2015-09-12T14:32:27+08:00 ] ERR: (ThinkException) 非法操作:admin
[ 2015-09-12T14:32:28+08:00 ] ERR: (ThinkException) 模板不存在[./App/Tpl/Wxhd/check1.html]
[ 2015-09-12T14:32:29+08:00 ] ERR: (ThinkException) 模板不存在[./App/Tpl/Wxhd/check1.html]
[ 2015-09-12T14:32:30+08:00 ] ERR: (ThinkException) 非法操作:login
[ 2015-09-12T14:32:31+08:00 ] ERR: (ThinkException) 非法操作:admin
[ 2015-09-12T14:32:32+08:00 ] ERR: (ThinkException) 非法操作:db
[ 2015-09-12T14:32:33+08:00 ] ERR: (ThinkException) 非法操作:upload
[ 2015-09-12T14:32:34+08:00 ] ERR: (ThinkException) 非法操作:htdocs
[ 2015-09-12T14:32:35+08:00 ] ERR: (ThinkException) 非法操作:upfile
[ 2015-09-12T14:32:36+08:00 ] ERR: (ThinkException) 非法操作:upfiles
[ 2015-09-12T14:32:37+08:00 ] ERR: (ThinkException) 非法操作:uploadfile
[ 2015-09-12T14:32:38+08:00 ] ERR: (ThinkException) 非法操作:uploadfiles
[ 2015-09-12T14:32:39+08:00 ] ERR: (ThinkException) 非法操作:web
[ 2015-09-12T14:32:40+08:00 ] ERR: (ThinkException) 非法操作:data
[ 2015-09-12T14:32:42+08:00 ] ERR: (ThinkException) 非法操作:backup
[ 2015-09-12T14:32:42+08:00 ] ERR: (ThinkException) 非法操作:uploads
[ 2015-09-12T14:32:46+08:00 ] ERR: (ThinkException) 非法操作:phpinfo
[ 2015-09-12T14:32:46+08:00 ] ERR: (ThinkException) 非法操作:info
[ 2015-09-12T14:32:47+08:00 ] 121.42.0.16 /dsapi/api.php/Wxhd/addscore?id=3&from=oXU1ruFjzHudpx4K6KhP4N--zEv0
INFO: [ route_check ] --START--
INFO: Run CheckRoute Behavior [ RunTime:0.001246s ]
INFO: [ route_check ] --END-- [ RunTime:0.001664s ]
NOTIC: [8192] preg_replace(): The /e modifier is deprecated, use preg_replace_callback instead D:\wamp\www\dosochina.com\dsapi\ThinkPHP\Lib\Core\Dispatcher.class.php 第 120 行.
INFO: [ app_begin ] --START--
INFO: Run ReadHtmlCache Behavior [ RunTime:0.001123s ]
INFO: [ app_begin ] --END-- [ RunTime:0.001512s ]
NOTIC: [8192] mysql_connect(): The mysql extension is deprecated and will be removed in the future: use mysqli or PDO instead D:\wamp\www\dosochina.com\dsapi\ThinkPHP\Lib\Driver\Db\DbMysql.class.php 第 55 行.
SQL: SHOW COLUMNS FROM `pa_member` [ RunTime:0.004944s ]
SQL: SHOW COLUMNS FROM `pa_wxhd` [ RunTime:0.004058s ]
NOTIC: [8192] preg_replace(): The /e modifier is deprecated, use preg_replace_callback instead D:\wamp\www\dosochina.com\dsapi\ThinkPHP\Lib\Core\Db.class.php 第 568 行.
SQL: SELECT `endtime`,`srcoe`,`status` FROM `pa_wxhd` WHERE ( `id` = 3 ) LIMIT 1   [ RunTime:0.000403s ]
NOTIC: [8192] preg_replace(): The /e modifier is deprecated, use preg_replace_callback instead D:\wamp\www\dosochina.com\dsapi\ThinkPHP\Lib\Core\Db.class.php 第 568 行.
SQL: SELECT * FROM `pa_member` WHERE ( `openid` = 'oXU1ruFjzHudpx4K6KhP4N--zEv0' ) LIMIT 1   [ RunTime:0.000593s ]
SQL: UPDATE `pa_member` SET `srcoe`=323 WHERE ( uid=472 ) [ RunTime:0.000338s ]

[ 2015-09-12T14:32:48+08:00 ] ERR: (ThinkException) 模板不存在[./App/Tpl/Wxhd/check1.html]
[ 2015-09-12T14:32:50+08:00 ] ERR: (ThinkException) 非法操作:php
[ 2015-09-12T14:32:50+08:00 ] ERR: (ThinkException) 非法操作:test
[ 2015-09-12T14:32:51+08:00 ] ERR: (ThinkException) 非法操作:a
[ 2015-09-12T14:32:52+08:00 ] ERR: (ThinkException) 非法操作:1
[ 2015-09-12T14:32:54+08:00 ] ERR: (ThinkException) 非法操作:u
[ 2015-09-12T14:32:55+08:00 ] ERR: (ThinkException) 非法操作:l
[ 2015-09-12T14:32:55+08:00 ] ERR: (ThinkException) 非法操作:tz
[ 2015-09-12T14:32:56+08:00 ] ERR: (ThinkException) 非法操作:adminer
[ 2015-09-12T14:32:57+08:00 ] ERR: (ThinkException) 非法操作:bigdump
[ 2015-09-12T14:32:58+08:00 ] ERR: (ThinkException) 非法操作:${@print(md5(this_is_a_test_string))}
[ 2015-09-12T15:04:37+08:00 ] ERR: (ThinkException) 非法操作:shopadmin
[ 2015-09-12T15:04:45+08:00 ] ERR: (ThinkException) 非法操作:feed-proxy
[ 2015-09-12T15:04:51+08:00 ] ERR: (ThinkException) 非法操作:bbx
[ 2015-09-12T15:04:52+08:00 ] ERR: (ThinkException) 非法操作:tools
[ 2015-09-12T15:04:53+08:00 ] ERR: (ThinkException) 非法操作:yanfang
[ 2015-09-12T15:04:54+08:00 ] 121.42.0.16 /dsapi/api.php/Index/.DS_Store
INFO: [ route_check ] --START--
INFO: Run CheckRoute Behavior [ RunTime:0.001297s ]
INFO: [ route_check ] --END-- [ RunTime:0.001683s ]
NOTIC: [8192] preg_replace(): The /e modifier is deprecated, use preg_replace_callback instead D:\wamp\www\dosochina.com\dsapi\ThinkPHP\Lib\Core\Dispatcher.class.php 第 120 行.
INFO: [ app_begin ] --START--
INFO: Run ReadHtmlCache Behavior [ RunTime:0.001246s ]
INFO: [ app_begin ] --END-- [ RunTime:0.001609s ]

[ 2015-09-12T15:05:04+08:00 ] 121.42.0.16 /dsapi/api.php/Index//
INFO: [ route_check ] --START--
INFO: Run CheckRoute Behavior [ RunTime:0.001544s ]
INFO: [ route_check ] --END-- [ RunTime:0.001946s ]
NOTIC: [8192] preg_replace(): The /e modifier is deprecated, use preg_replace_callback instead D:\wamp\www\dosochina.com\dsapi\ThinkPHP\Lib\Core\Dispatcher.class.php 第 120 行.
INFO: [ app_begin ] --START--
INFO: Run ReadHtmlCache Behavior [ RunTime:0.001313s ]
INFO: [ app_begin ] --END-- [ RunTime:0.001714s ]

[ 2015-09-12T15:05:09+08:00 ] ERR: (ThinkException) 非法操作:config
[ 2015-09-12T15:05:10+08:00 ] ERR: (ThinkException) 非法操作:logs
[ 2015-09-12T15:05:11+08:00 ] ERR: (ThinkException) 非法操作:log
[ 2015-09-12T15:05:13+08:00 ] ERR: (ThinkException) 非法操作:admin
[ 2015-09-12T15:05:14+08:00 ] 121.42.0.16 /dsapi/api.php/Index/index.action?debug=browser
INFO: [ route_check ] --START--
INFO: Run CheckRoute Behavior [ RunTime:0.002159s ]
INFO: [ route_check ] --END-- [ RunTime:0.002752s ]
NOTIC: [8192] preg_replace(): The /e modifier is deprecated, use preg_replace_callback instead D:\wamp\www\dosochina.com\dsapi\ThinkPHP\Lib\Core\Dispatcher.class.php 第 120 行.
INFO: [ app_begin ] --START--
INFO: Run ReadHtmlCache Behavior [ RunTime:0.001235s ]
INFO: [ app_begin ] --END-- [ RunTime:0.001641s ]

[ 2015-09-12T15:05:15+08:00 ] 121.42.0.16 /dsapi/api.php/Index/index.action?redirect%3A%25%7Bnew+java.lang.String%28%27http%3A%2F%2Fxxxxxxxxxxxxx%27%29%7D
INFO: [ route_check ] --START--
INFO: Run CheckRoute Behavior [ RunTime:0.001506s ]
INFO: [ route_check ] --END-- [ RunTime:0.001939s ]
NOTIC: [8192] preg_replace(): The /e modifier is deprecated, use preg_replace_callback instead D:\wamp\www\dosochina.com\dsapi\ThinkPHP\Lib\Core\Dispatcher.class.php 第 120 行.
INFO: [ app_begin ] --START--
INFO: Run ReadHtmlCache Behavior [ RunTime:0.001275s ]
INFO: [ app_begin ] --END-- [ RunTime:0.001674s ]

[ 2015-09-12T15:05:17+08:00 ] ERR: (ThinkException) 非法操作:admin
[ 2015-09-12T15:05:18+08:00 ] ERR: (ThinkException) 非法操作:db
[ 2015-09-12T15:05:19+08:00 ] ERR: (ThinkException) 非法操作:upload
[ 2015-09-12T15:05:20+08:00 ] ERR: (ThinkException) 非法操作:htdocs
[ 2015-09-12T15:05:21+08:00 ] ERR: (ThinkException) 非法操作:upfile
[ 2015-09-12T15:05:24+08:00 ] ERR: (ThinkException) 非法操作:upfiles
[ 2015-09-12T15:05:26+08:00 ] ERR: (ThinkException) 非法操作:uploadfile
[ 2015-09-12T15:05:29+08:00 ] ERR: (ThinkException) 非法操作:uploadfiles
[ 2015-09-12T15:05:32+08:00 ] ERR: (ThinkException) 非法操作:web
[ 2015-09-12T15:05:34+08:00 ] ERR: (ThinkException) 非法操作:data
[ 2015-09-12T15:05:36+08:00 ] ERR: (ThinkException) 非法操作:backup
[ 2015-09-12T15:05:39+08:00 ] ERR: (ThinkException) 非法操作:uploads
[ 2015-09-12T15:05:42+08:00 ] ERR: (ThinkException) 非法操作:phpinfo
[ 2015-09-12T15:05:43+08:00 ] ERR: (ThinkException) 非法操作:info
[ 2015-09-12T15:05:47+08:00 ] 121.42.0.16 /dsapi/api.php/Index/index.php
INFO: [ route_check ] --START--
INFO: Run CheckRoute Behavior [ RunTime:0.001595s ]
INFO: [ route_check ] --END-- [ RunTime:0.002029s ]
NOTIC: [8192] preg_replace(): The /e modifier is deprecated, use preg_replace_callback instead D:\wamp\www\dosochina.com\dsapi\ThinkPHP\Lib\Core\Dispatcher.class.php 第 120 行.
INFO: [ app_begin ] --START--
INFO: Run ReadHtmlCache Behavior [ RunTime:0.001357s ]
INFO: [ app_begin ] --END-- [ RunTime:0.001783s ]

[ 2015-09-12T15:05:48+08:00 ] ERR: (ThinkException) 非法操作:php
[ 2015-09-12T15:05:49+08:00 ] ERR: (ThinkException) 非法操作:test
[ 2015-09-12T15:05:50+08:00 ] ERR: (ThinkException) 非法操作:a
[ 2015-09-12T15:05:53+08:00 ] ERR: (ThinkException) 非法操作:1
[ 2015-09-12T15:05:54+08:00 ] ERR: (ThinkException) 非法操作:u
[ 2015-09-12T15:05:55+08:00 ] ERR: (ThinkException) 非法操作:l
[ 2015-09-12T15:05:56+08:00 ] ERR: (ThinkException) 非法操作:tz
[ 2015-09-12T15:05:57+08:00 ] ERR: (ThinkException) 非法操作:adminer
[ 2015-09-12T15:05:58+08:00 ] ERR: (ThinkException) 非法操作:bigdump
[ 2015-09-12T15:05:59+08:00 ] ERR: (ThinkException) 非法操作:${@print(md5(this_is_a_test_string))}
[ 2015-09-12T15:17:30+08:00 ] ERR: (ThinkException) 非法操作:shopadmin
[ 2015-09-12T15:18:20+08:00 ] ERR: (ThinkException) 非法操作:feed-proxy
[ 2015-09-12T15:18:25+08:00 ] ERR: (ThinkException) 非法操作:bbx
[ 2015-09-12T15:18:30+08:00 ] ERR: (ThinkException) 非法操作:tools
[ 2015-09-12T15:18:32+08:00 ] ERR: (ThinkException) 非法操作:yanfang
[ 2015-09-12T15:18:33+08:00 ] 121.42.0.16 /dsapi/api.php/Index/.DS_Store
INFO: [ route_check ] --START--
INFO: Run CheckRoute Behavior [ RunTime:0.001385s ]
INFO: [ route_check ] --END-- [ RunTime:0.001863s ]
NOTIC: [8192] preg_replace(): The /e modifier is deprecated, use preg_replace_callback instead D:\wamp\www\dosochina.com\dsapi\ThinkPHP\Lib\Core\Dispatcher.class.php 第 120 行.
INFO: [ app_begin ] --START--
INFO: Run ReadHtmlCache Behavior [ RunTime:0.001222s ]
INFO: [ app_begin ] --END-- [ RunTime:0.001606s ]

[ 2015-09-12T15:18:34+08:00 ] 121.42.0.16 /dsapi/api.php/Index//
INFO: [ route_check ] --START--
INFO: Run CheckRoute Behavior [ RunTime:0.001372s ]
INFO: [ route_check ] --END-- [ RunTime:0.001821s ]
NOTIC: [8192] preg_replace(): The /e modifier is deprecated, use preg_replace_callback instead D:\wamp\www\dosochina.com\dsapi\ThinkPHP\Lib\Core\Dispatcher.class.php 第 120 行.
INFO: [ app_begin ] --START--
INFO: Run ReadHtmlCache Behavior [ RunTime:0.001589s ]
INFO: [ app_begin ] --END-- [ RunTime:0.002025s ]

[ 2015-09-12T15:18:35+08:00 ] ERR: (ThinkException) 非法操作:config
[ 2015-09-12T15:18:36+08:00 ] ERR: (ThinkException) 非法操作:logs
[ 2015-09-12T15:18:37+08:00 ] ERR: (ThinkException) 非法操作:log
[ 2015-09-12T15:18:39+08:00 ] ERR: (ThinkException) 非法操作:admin
[ 2015-09-12T15:18:40+08:00 ] 121.42.0.16 /dsapi/api.php/Index/index.action?debug=browser
INFO: [ route_check ] --START--
INFO: Run CheckRoute Behavior [ RunTime:0.001245s ]
INFO: [ route_check ] --END-- [ RunTime:0.001645s ]
NOTIC: [8192] preg_replace(): The /e modifier is deprecated, use preg_replace_callback instead D:\wamp\www\dosochina.com\dsapi\ThinkPHP\Lib\Core\Dispatcher.class.php 第 120 行.
INFO: [ app_begin ] --START--
INFO: Run ReadHtmlCache Behavior [ RunTime:0.001647s ]
INFO: [ app_begin ] --END-- [ RunTime:0.002027s ]

[ 2015-09-12T15:18:41+08:00 ] 121.42.0.16 /dsapi/api.php/Index/index.action?redirect%3A%25%7Bnew+java.lang.String%28%27http%3A%2F%2Fxxxxxxxxxxxxx%27%29%7D
INFO: [ route_check ] --START--
INFO: Run CheckRoute Behavior [ RunTime:0.001288s ]
INFO: [ route_check ] --END-- [ RunTime:0.001676s ]
NOTIC: [8192] preg_replace(): The /e modifier is deprecated, use preg_replace_callback instead D:\wamp\www\dosochina.com\dsapi\ThinkPHP\Lib\Core\Dispatcher.class.php 第 120 行.
INFO: [ app_begin ] --START--
INFO: Run ReadHtmlCache Behavior [ RunTime:0.001170s ]
INFO: [ app_begin ] --END-- [ RunTime:0.001524s ]

[ 2015-09-12T15:18:43+08:00 ] ERR: (ThinkException) 非法操作:admin
[ 2015-09-12T15:18:44+08:00 ] ERR: (ThinkException) 非法操作:db
[ 2015-09-12T15:18:45+08:00 ] ERR: (ThinkException) 非法操作:upload
[ 2015-09-12T15:18:46+08:00 ] ERR: (ThinkException) 非法操作:htdocs
[ 2015-09-12T15:18:48+08:00 ] ERR: (ThinkException) 非法操作:upfile
[ 2015-09-12T15:18:49+08:00 ] ERR: (ThinkException) 非法操作:upfiles
[ 2015-09-12T15:18:50+08:00 ] ERR: (ThinkException) 非法操作:uploadfile
[ 2015-09-12T15:18:53+08:00 ] ERR: (ThinkException) 非法操作:uploadfiles
[ 2015-09-12T15:18:54+08:00 ] ERR: (ThinkException) 非法操作:web
[ 2015-09-12T15:18:55+08:00 ] ERR: (ThinkException) 非法操作:data
[ 2015-09-12T15:18:56+08:00 ] ERR: (ThinkException) 非法操作:backup
[ 2015-09-12T15:18:57+08:00 ] ERR: (ThinkException) 非法操作:uploads
[ 2015-09-12T15:19:01+08:00 ] ERR: (ThinkException) 非法操作:phpinfo
[ 2015-09-12T15:19:02+08:00 ] ERR: (ThinkException) 非法操作:info
[ 2015-09-12T15:19:04+08:00 ] 121.42.0.16 /dsapi/api.php/Index/index.php
INFO: [ route_check ] --START--
INFO: Run CheckRoute Behavior [ RunTime:0.001142s ]
INFO: [ route_check ] --END-- [ RunTime:0.001535s ]
NOTIC: [8192] preg_replace(): The /e modifier is deprecated, use preg_replace_callback instead D:\wamp\www\dosochina.com\dsapi\ThinkPHP\Lib\Core\Dispatcher.class.php 第 120 行.
INFO: [ app_begin ] --START--
INFO: Run ReadHtmlCache Behavior [ RunTime:0.001019s ]
INFO: [ app_begin ] --END-- [ RunTime:0.001390s ]

[ 2015-09-12T15:19:05+08:00 ] ERR: (ThinkException) 非法操作:php
[ 2015-09-12T15:19:08+08:00 ] ERR: (ThinkException) 非法操作:test
[ 2015-09-12T15:19:09+08:00 ] ERR: (ThinkException) 非法操作:a
[ 2015-09-12T15:19:10+08:00 ] ERR: (ThinkException) 非法操作:1
[ 2015-09-12T15:19:13+08:00 ] ERR: (ThinkException) 非法操作:u
[ 2015-09-12T15:19:14+08:00 ] ERR: (ThinkException) 非法操作:l
[ 2015-09-12T15:19:15+08:00 ] ERR: (ThinkException) 非法操作:tz
[ 2015-09-12T15:19:16+08:00 ] ERR: (ThinkException) 非法操作:adminer
[ 2015-09-12T15:19:18+08:00 ] ERR: (ThinkException) 非法操作:bigdump
[ 2015-09-12T15:19:19+08:00 ] ERR: (ThinkException) 非法操作:${@print(md5(this_is_a_test_string))}
