[ 2015-07-25T09:36:58+08:00 ] ERR: (ThinkException) 非法操作:shopadmin
[ 2015-07-25T09:37:52+08:00 ] ERR: (ThinkException) 非法操作:feed-proxy
[ 2015-07-25T09:38:25+08:00 ] ERR: (ThinkException) 非法操作:bbx
[ 2015-07-25T09:38:26+08:00 ] ERR: (ThinkException) 非法操作:tools
[ 2015-07-25T09:38:28+08:00 ] ERR: (ThinkException) 非法操作:yanfang
[ 2015-07-25T09:38:30+08:00 ] 121.42.0.15 /dsapi/api.php/Index/.DS_Store
INFO: [ route_check ] --START--
INFO: Run CheckRoute Behavior [ RunTime:0.001563s ]
INFO: [ route_check ] --END-- [ RunTime:0.001912s ]
NOTIC: [8192] preg_replace(): The /e modifier is deprecated, use preg_replace_callback instead D:\wamp\www\dosochina.com\dsapi\ThinkPHP\Lib\Core\Dispatcher.class.php 第 120 行.
INFO: [ app_begin ] --START--
INFO: Run ReadHtmlCache Behavior [ RunTime:0.001481s ]
INFO: [ app_begin ] --END-- [ RunTime:0.001914s ]

[ 2015-07-25T09:38:37+08:00 ] ERR: (ThinkException) 非法操作:db
[ 2015-07-25T09:38:38+08:00 ] ERR: (ThinkException) 非法操作:config
[ 2015-07-25T09:38:39+08:00 ] ERR: (ThinkException) 非法操作:logs
[ 2015-07-25T09:38:42+08:00 ] ERR: (ThinkException) 非法操作:log
[ 2015-07-25T09:38:53+08:00 ] ERR: (ThinkException) 非法操作:admin
[ 2015-07-25T09:38:54+08:00 ] 121.42.0.15 /dsapi/api.php/Index/index.action?debug=browser
INFO: [ route_check ] --START--
INFO: Run CheckRoute Behavior [ RunTime:0.001365s ]
INFO: [ route_check ] --END-- [ RunTime:0.001716s ]
NOTIC: [8192] preg_replace(): The /e modifier is deprecated, use preg_replace_callback instead D:\wamp\www\dosochina.com\dsapi\ThinkPHP\Lib\Core\Dispatcher.class.php 第 120 行.
INFO: [ app_begin ] --START--
INFO: Run ReadHtmlCache Behavior [ RunTime:0.001351s ]
INFO: [ app_begin ] --END-- [ RunTime:0.001676s ]

[ 2015-07-25T09:39:11+08:00 ] 121.42.0.15 /dsapi/api.php/Index/index.action?redirect%3A%25%7Bnew+java.lang.String%28%27http%3A%2F%2Fxxxxxxxxxxxxx%27%29%7D
INFO: [ route_check ] --START--
INFO: Run CheckRoute Behavior [ RunTime:0.001438s ]
INFO: [ route_check ] --END-- [ RunTime:0.001851s ]
NOTIC: [8192] preg_replace(): The /e modifier is deprecated, use preg_replace_callback instead D:\wamp\www\dosochina.com\dsapi\ThinkPHP\Lib\Core\Dispatcher.class.php 第 120 行.
INFO: [ app_begin ] --START--
INFO: Run ReadHtmlCache Behavior [ RunTime:0.001314s ]
INFO: [ app_begin ] --END-- [ RunTime:0.001654s ]

[ 2015-07-25T09:39:14+08:00 ] ERR: (ThinkException) 非法操作:admin
[ 2015-07-25T09:39:23+08:00 ] ERR: (ThinkException) 非法操作:upload
[ 2015-07-25T09:39:26+08:00 ] ERR: (ThinkException) 非法操作:uploads
[ 2015-07-25T09:39:27+08:00 ] 121.42.0.15 /dsapi/api.php/Index//
INFO: [ route_check ] --START--
INFO: Run CheckRoute Behavior [ RunTime:0.001411s ]
INFO: [ route_check ] --END-- [ RunTime:0.001768s ]
NOTIC: [8192] preg_replace(): The /e modifier is deprecated, use preg_replace_callback instead D:\wamp\www\dosochina.com\dsapi\ThinkPHP\Lib\Core\Dispatcher.class.php 第 120 行.
INFO: [ app_begin ] --START--
INFO: Run ReadHtmlCache Behavior [ RunTime:0.001372s ]
INFO: [ app_begin ] --END-- [ RunTime:0.001701s ]

[ 2015-07-25T09:39:28+08:00 ] ERR: (ThinkException) 非法操作:htdocs
[ 2015-07-25T09:39:31+08:00 ] ERR: (ThinkException) 非法操作:upfile
[ 2015-07-25T09:39:32+08:00 ] ERR: (ThinkException) 非法操作:upfiles
[ 2015-07-25T09:39:34+08:00 ] ERR: (ThinkException) 非法操作:uploadfile
[ 2015-07-25T09:39:37+08:00 ] ERR: (ThinkException) 非法操作:uploadfiles
[ 2015-07-25T09:39:38+08:00 ] ERR: (ThinkException) 非法操作:web
[ 2015-07-25T09:39:39+08:00 ] ERR: (ThinkException) 非法操作:data
[ 2015-07-25T09:39:40+08:00 ] ERR: (ThinkException) 非法操作:backup
[ 2015-07-25T09:40:47+08:00 ] ERR: (ThinkException) 非法操作:phpinfo
[ 2015-07-25T09:40:48+08:00 ] 121.42.0.15 /dsapi/api.php/Index/index.php
INFO: [ route_check ] --START--
INFO: Run CheckRoute Behavior [ RunTime:0.001606s ]
INFO: [ route_check ] --END-- [ RunTime:0.002010s ]
NOTIC: [8192] preg_replace(): The /e modifier is deprecated, use preg_replace_callback instead D:\wamp\www\dosochina.com\dsapi\ThinkPHP\Lib\Core\Dispatcher.class.php 第 120 行.
INFO: [ app_begin ] --START--
INFO: Run ReadHtmlCache Behavior [ RunTime:0.001512s ]
INFO: [ app_begin ] --END-- [ RunTime:0.001852s ]

[ 2015-07-25T09:40:49+08:00 ] ERR: (ThinkException) 非法操作:php
[ 2015-07-25T09:40:50+08:00 ] ERR: (ThinkException) 非法操作:info
[ 2015-07-25T09:40:51+08:00 ] ERR: (ThinkException) 非法操作:test
[ 2015-07-25T09:40:54+08:00 ] ERR: (ThinkException) 非法操作:a
[ 2015-07-25T09:40:55+08:00 ] ERR: (ThinkException) 非法操作:1
[ 2015-07-25T09:40:56+08:00 ] ERR: (ThinkException) 非法操作:u
[ 2015-07-25T09:40:59+08:00 ] ERR: (ThinkException) 非法操作:tz
[ 2015-07-25T09:41:12+08:00 ] ERR: (ThinkException) 非法操作:adminer
[ 2015-07-25T09:41:24+08:00 ] ERR: (ThinkException) 非法操作:bigdump
[ 2015-07-25T09:41:41+08:00 ] ERR: (ThinkException) 非法操作:${@print(md5(this_is_a_test_string))}
[ 2015-07-25T09:47:29+08:00 ] 121.42.0.15 /dsapi/api.php/Index//0.zip
INFO: [ route_check ] --START--
INFO: Run CheckRoute Behavior [ RunTime:0.001417s ]
INFO: [ route_check ] --END-- [ RunTime:0.001826s ]
NOTIC: [8192] preg_replace(): The /e modifier is deprecated, use preg_replace_callback instead D:\wamp\www\dosochina.com\dsapi\ThinkPHP\Lib\Core\Dispatcher.class.php 第 120 行.
INFO: [ app_begin ] --START--
INFO: Run ReadHtmlCache Behavior [ RunTime:0.001209s ]
INFO: [ app_begin ] --END-- [ RunTime:0.001546s ]

[ 2015-07-25T09:47:31+08:00 ] 121.42.0.15 /dsapi/api.php/Index//0.rar
INFO: [ route_check ] --START--
INFO: Run CheckRoute Behavior [ RunTime:0.001381s ]
INFO: [ route_check ] --END-- [ RunTime:0.001775s ]
NOTIC: [8192] preg_replace(): The /e modifier is deprecated, use preg_replace_callback instead D:\wamp\www\dosochina.com\dsapi\ThinkPHP\Lib\Core\Dispatcher.class.php 第 120 行.
INFO: [ app_begin ] --START--
INFO: Run ReadHtmlCache Behavior [ RunTime:0.001492s ]
INFO: [ app_begin ] --END-- [ RunTime:0.001852s ]

[ 2015-07-25T09:47:32+08:00 ] ERR: (ThinkException) 非法操作:0.tar
[ 2015-07-25T09:47:33+08:00 ] 121.42.0.15 /dsapi/api.php/Index//0.tgz
INFO: [ route_check ] --START--
INFO: Run CheckRoute Behavior [ RunTime:0.001235s ]
INFO: [ route_check ] --END-- [ RunTime:0.001590s ]
NOTIC: [8192] preg_replace(): The /e modifier is deprecated, use preg_replace_callback instead D:\wamp\www\dosochina.com\dsapi\ThinkPHP\Lib\Core\Dispatcher.class.php 第 120 行.
INFO: [ app_begin ] --START--
INFO: Run ReadHtmlCache Behavior [ RunTime:0.001164s ]
INFO: [ app_begin ] --END-- [ RunTime:0.001515s ]

[ 2015-07-25T09:47:34+08:00 ] 121.42.0.15 /dsapi/api.php/Index//0.7z
INFO: [ route_check ] --START--
INFO: Run CheckRoute Behavior [ RunTime:0.001206s ]
INFO: [ route_check ] --END-- [ RunTime:0.001554s ]
NOTIC: [8192] preg_replace(): The /e modifier is deprecated, use preg_replace_callback instead D:\wamp\www\dosochina.com\dsapi\ThinkPHP\Lib\Core\Dispatcher.class.php 第 120 行.
INFO: [ app_begin ] --START--
INFO: Run ReadHtmlCache Behavior [ RunTime:0.001282s ]
INFO: [ app_begin ] --END-- [ RunTime:0.001624s ]

[ 2015-07-25T09:47:37+08:00 ] ERR: (ThinkException) 非法操作:1
[ 2015-07-25T09:47:38+08:00 ] ERR: (ThinkException) 非法操作:1
[ 2015-07-25T09:47:41+08:00 ] ERR: (ThinkException) 非法操作:1.tar
[ 2015-07-25T09:47:42+08:00 ] ERR: (ThinkException) 非法操作:1
[ 2015-07-25T09:47:43+08:00 ] ERR: (ThinkException) 非法操作:1
[ 2015-07-25T09:47:46+08:00 ] ERR: (ThinkException) 非法操作:www
[ 2015-07-25T09:47:47+08:00 ] ERR: (ThinkException) 非法操作:www
[ 2015-07-25T09:47:48+08:00 ] ERR: (ThinkException) 非法操作:www.tar
[ 2015-07-25T09:47:49+08:00 ] ERR: (ThinkException) 非法操作:www
[ 2015-07-25T09:47:50+08:00 ] ERR: (ThinkException) 非法操作:www
[ 2015-07-25T09:47:51+08:00 ] ERR: (ThinkException) 非法操作:wwwroot
[ 2015-07-25T09:47:52+08:00 ] ERR: (ThinkException) 非法操作:wwwroot
[ 2015-07-25T09:47:53+08:00 ] ERR: (ThinkException) 非法操作:wwwroot.tar
[ 2015-07-25T09:47:54+08:00 ] ERR: (ThinkException) 非法操作:wwwroot
[ 2015-07-25T09:47:56+08:00 ] ERR: (ThinkException) 非法操作:wwwroot
[ 2015-07-25T09:47:57+08:00 ] ERR: (ThinkException) 非法操作:backup
[ 2015-07-25T09:47:58+08:00 ] ERR: (ThinkException) 非法操作:backup
[ 2015-07-25T09:47:59+08:00 ] ERR: (ThinkException) 非法操作:backup.tar
[ 2015-07-25T09:48:00+08:00 ] ERR: (ThinkException) 非法操作:backup
[ 2015-07-25T09:48:01+08:00 ] ERR: (ThinkException) 非法操作:backup
[ 2015-07-25T09:48:02+08:00 ] ERR: (ThinkException) 非法操作:build
[ 2015-07-25T09:48:03+08:00 ] ERR: (ThinkException) 非法操作:build
[ 2015-07-25T09:48:04+08:00 ] ERR: (ThinkException) 非法操作:build.tar
[ 2015-07-25T09:48:05+08:00 ] ERR: (ThinkException) 非法操作:build
[ 2015-07-25T09:48:06+08:00 ] ERR: (ThinkException) 非法操作:build
[ 2015-07-25T09:48:07+08:00 ] ERR: (ThinkException) 非法操作:html
[ 2015-07-25T09:48:08+08:00 ] ERR: (ThinkException) 非法操作:html
[ 2015-07-25T09:48:09+08:00 ] ERR: (ThinkException) 非法操作:html.tar
[ 2015-07-25T09:48:10+08:00 ] ERR: (ThinkException) 非法操作:html
[ 2015-07-25T09:48:13+08:00 ] ERR: (ThinkException) 非法操作:html
[ 2015-07-25T09:48:16+08:00 ] ERR: (ThinkException) 非法操作:home
[ 2015-07-25T09:48:17+08:00 ] ERR: (ThinkException) 非法操作:home
[ 2015-07-25T09:48:18+08:00 ] ERR: (ThinkException) 非法操作:home.tar
[ 2015-07-25T09:48:20+08:00 ] ERR: (ThinkException) 非法操作:home
[ 2015-07-25T09:48:22+08:00 ] ERR: (ThinkException) 非法操作:home
[ 2015-07-25T09:48:24+08:00 ] ERR: (ThinkException) 非法操作:root
[ 2015-07-25T09:48:25+08:00 ] ERR: (ThinkException) 非法操作:root
[ 2015-07-25T09:48:26+08:00 ] ERR: (ThinkException) 非法操作:root.tar
[ 2015-07-25T09:48:27+08:00 ] ERR: (ThinkException) 非法操作:root
[ 2015-07-25T09:48:30+08:00 ] ERR: (ThinkException) 非法操作:root
[ 2015-07-25T09:48:31+08:00 ] ERR: (ThinkException) 非法操作:config
[ 2015-07-25T09:48:34+08:00 ] ERR: (ThinkException) 非法操作:config
[ 2015-07-25T09:48:37+08:00 ] ERR: (ThinkException) 非法操作:config.tar
[ 2015-07-25T09:48:38+08:00 ] ERR: (ThinkException) 非法操作:config
[ 2015-07-25T09:48:39+08:00 ] ERR: (ThinkException) 非法操作:config
[ 2015-07-25T09:48:42+08:00 ] ERR: (ThinkException) 非法操作:tmp
[ 2015-07-25T09:48:44+08:00 ] ERR: (ThinkException) 非法操作:tmp
[ 2015-07-25T09:48:45+08:00 ] ERR: (ThinkException) 非法操作:tmp.tar
[ 2015-07-25T09:48:46+08:00 ] ERR: (ThinkException) 非法操作:tmp
[ 2015-07-25T09:48:47+08:00 ] ERR: (ThinkException) 非法操作:tmp
[ 2015-07-25T09:48:50+08:00 ] ERR: (ThinkException) 非法操作:temp
[ 2015-07-25T09:48:53+08:00 ] ERR: (ThinkException) 非法操作:temp
[ 2015-07-25T09:48:54+08:00 ] ERR: (ThinkException) 非法操作:temp.tar
[ 2015-07-25T09:48:55+08:00 ] ERR: (ThinkException) 非法操作:temp
[ 2015-07-25T09:48:58+08:00 ] ERR: (ThinkException) 非法操作:temp
[ 2015-07-25T09:48:59+08:00 ] ERR: (ThinkException) 非法操作:web
[ 2015-07-25T09:49:00+08:00 ] ERR: (ThinkException) 非法操作:web
[ 2015-07-25T09:49:01+08:00 ] ERR: (ThinkException) 非法操作:web.tar
[ 2015-07-25T09:49:02+08:00 ] ERR: (ThinkException) 非法操作:web
[ 2015-07-25T09:49:03+08:00 ] ERR: (ThinkException) 非法操作:web
[ 2015-07-25T09:49:04+08:00 ] ERR: (ThinkException) 非法操作:website
[ 2015-07-25T09:49:07+08:00 ] ERR: (ThinkException) 非法操作:website
[ 2015-07-25T09:49:08+08:00 ] ERR: (ThinkException) 非法操作:website.tar
[ 2015-07-25T09:49:11+08:00 ] ERR: (ThinkException) 非法操作:website
[ 2015-07-25T09:49:12+08:00 ] ERR: (ThinkException) 非法操作:website
[ 2015-07-25T09:49:13+08:00 ] ERR: (ThinkException) 非法操作:site
[ 2015-07-25T09:49:14+08:00 ] ERR: (ThinkException) 非法操作:site
[ 2015-07-25T09:49:15+08:00 ] ERR: (ThinkException) 非法操作:site.tar
[ 2015-07-25T09:49:16+08:00 ] ERR: (ThinkException) 非法操作:site
[ 2015-07-25T09:49:17+08:00 ] ERR: (ThinkException) 非法操作:site
[ 2015-07-25T09:49:18+08:00 ] ERR: (ThinkException) 非法操作:htdocs
[ 2015-07-25T09:49:19+08:00 ] ERR: (ThinkException) 非法操作:htdocs
[ 2015-07-25T09:49:21+08:00 ] ERR: (ThinkException) 非法操作:htdocs.tar
[ 2015-07-25T09:49:22+08:00 ] ERR: (ThinkException) 非法操作:htdocs
[ 2015-07-25T09:49:23+08:00 ] ERR: (ThinkException) 非法操作:htdocs
[ 2015-07-25T09:49:24+08:00 ] ERR: (ThinkException) 非法操作:sql
[ 2015-07-25T09:49:25+08:00 ] ERR: (ThinkException) 非法操作:sql
[ 2015-07-25T09:49:26+08:00 ] ERR: (ThinkException) 非法操作:sql.tar
[ 2015-07-25T09:49:27+08:00 ] ERR: (ThinkException) 非法操作:sql
[ 2015-07-25T09:49:28+08:00 ] ERR: (ThinkException) 非法操作:sql
[ 2015-07-25T09:49:29+08:00 ] ERR: (ThinkException) 非法操作:121.40.172.58
[ 2015-07-25T09:49:32+08:00 ] ERR: (ThinkException) 非法操作:121.40.172.58
[ 2015-07-25T09:49:33+08:00 ] ERR: (ThinkException) 非法操作:121.40.172.58.tar
[ 2015-07-25T09:49:36+08:00 ] ERR: (ThinkException) 非法操作:121.40.172.58
[ 2015-07-25T09:49:37+08:00 ] ERR: (ThinkException) 非法操作:121.40.172.58
[ 2015-07-25T10:31:16+08:00 ] ERR: (ThinkException) 非法操作:shopadmin
[ 2015-07-25T10:32:17+08:00 ] ERR: (ThinkException) 非法操作:feed-proxy
[ 2015-07-25T10:33:18+08:00 ] ERR: (ThinkException) 非法操作:bbx
[ 2015-07-25T10:34:19+08:00 ] ERR: (ThinkException) 非法操作:tools
[ 2015-07-25T10:35:20+08:00 ] ERR: (ThinkException) 非法操作:yanfang
[ 2015-07-25T10:35:49+08:00 ] 121.42.0.15 /dsapi/api.php/Index/.DS_Store
INFO: [ route_check ] --START--
INFO: Run CheckRoute Behavior [ RunTime:0.001241s ]
INFO: [ route_check ] --END-- [ RunTime:0.001596s ]
NOTIC: [8192] preg_replace(): The /e modifier is deprecated, use preg_replace_callback instead D:\wamp\www\dosochina.com\dsapi\ThinkPHP\Lib\Core\Dispatcher.class.php 第 120 行.
INFO: [ app_begin ] --START--
INFO: Run ReadHtmlCache Behavior [ RunTime:0.001098s ]
INFO: [ app_begin ] --END-- [ RunTime:0.001426s ]

[ 2015-07-25T10:36:47+08:00 ] ERR: (ThinkException) 非法操作:db
[ 2015-07-25T10:37:24+08:00 ] ERR: (ThinkException) 非法操作:config
[ 2015-07-25T10:37:53+08:00 ] ERR: (ThinkException) 非法操作:logs
[ 2015-07-25T10:38:53+08:00 ] ERR: (ThinkException) 非法操作:log
[ 2015-07-25T10:40:14+08:00 ] ERR: (ThinkException) 非法操作:admin
[ 2015-07-25T10:40:41+08:00 ] 121.42.0.15 /dsapi/api.php/Index/index.action?debug=browser
INFO: [ route_check ] --START--
INFO: Run CheckRoute Behavior [ RunTime:0.001392s ]
INFO: [ route_check ] --END-- [ RunTime:0.001745s ]
NOTIC: [8192] preg_replace(): The /e modifier is deprecated, use preg_replace_callback instead D:\wamp\www\dosochina.com\dsapi\ThinkPHP\Lib\Core\Dispatcher.class.php 第 120 行.
INFO: [ app_begin ] --START--
INFO: Run ReadHtmlCache Behavior [ RunTime:0.001177s ]
INFO: [ app_begin ] --END-- [ RunTime:0.001503s ]

[ 2015-07-25T10:40:43+08:00 ] 121.42.0.15 /dsapi/api.php/Index/index.action?redirect%3A%25%7Bnew+java.lang.String%28%27http%3A%2F%2Fxxxxxxxxxxxxx%27%29%7D
INFO: [ route_check ] --START--
INFO: Run CheckRoute Behavior [ RunTime:0.001268s ]
INFO: [ route_check ] --END-- [ RunTime:0.001646s ]
NOTIC: [8192] preg_replace(): The /e modifier is deprecated, use preg_replace_callback instead D:\wamp\www\dosochina.com\dsapi\ThinkPHP\Lib\Core\Dispatcher.class.php 第 120 行.
INFO: [ app_begin ] --START--
INFO: Run ReadHtmlCache Behavior [ RunTime:0.001166s ]
INFO: [ app_begin ] --END-- [ RunTime:0.001490s ]

[ 2015-07-25T10:40:55+08:00 ] ERR: (ThinkException) 非法操作:admin
[ 2015-07-25T10:40:56+08:00 ] ERR: (ThinkException) 非法操作:upload
[ 2015-07-25T10:40:57+08:00 ] ERR: (ThinkException) 非法操作:uploads
[ 2015-07-25T10:40:58+08:00 ] 121.42.0.15 /dsapi/api.php/Index//
INFO: [ route_check ] --START--
INFO: Run CheckRoute Behavior [ RunTime:0.001175s ]
INFO: [ route_check ] --END-- [ RunTime:0.001522s ]
NOTIC: [8192] preg_replace(): The /e modifier is deprecated, use preg_replace_callback instead D:\wamp\www\dosochina.com\dsapi\ThinkPHP\Lib\Core\Dispatcher.class.php 第 120 行.
INFO: [ app_begin ] --START--
INFO: Run ReadHtmlCache Behavior [ RunTime:0.001194s ]
INFO: [ app_begin ] --END-- [ RunTime:0.001530s ]

[ 2015-07-25T10:40:59+08:00 ] ERR: (ThinkException) 非法操作:htdocs
[ 2015-07-25T10:41:00+08:00 ] ERR: (ThinkException) 非法操作:upfile
[ 2015-07-25T10:41:04+08:00 ] ERR: (ThinkException) 非法操作:upfiles
[ 2015-07-25T10:41:06+08:00 ] ERR: (ThinkException) 非法操作:uploadfile
[ 2015-07-25T10:41:08+08:00 ] ERR: (ThinkException) 非法操作:uploadfiles
[ 2015-07-25T10:41:10+08:00 ] ERR: (ThinkException) 非法操作:web
[ 2015-07-25T10:41:13+08:00 ] ERR: (ThinkException) 非法操作:data
[ 2015-07-25T10:41:14+08:00 ] ERR: (ThinkException) 非法操作:backup
[ 2015-07-25T10:43:20+08:00 ] ERR: (ThinkException) 非法操作:phpinfo
[ 2015-07-25T10:43:21+08:00 ] 121.42.0.15 /dsapi/api.php/Index/index.php
INFO: [ route_check ] --START--
INFO: Run CheckRoute Behavior [ RunTime:0.001249s ]
INFO: [ route_check ] --END-- [ RunTime:0.001595s ]
NOTIC: [8192] preg_replace(): The /e modifier is deprecated, use preg_replace_callback instead D:\wamp\www\dosochina.com\dsapi\ThinkPHP\Lib\Core\Dispatcher.class.php 第 120 行.
INFO: [ app_begin ] --START--
INFO: Run ReadHtmlCache Behavior [ RunTime:0.001434s ]
INFO: [ app_begin ] --END-- [ RunTime:0.001774s ]

[ 2015-07-25T10:43:22+08:00 ] ERR: (ThinkException) 非法操作:php
[ 2015-07-25T10:43:23+08:00 ] ERR: (ThinkException) 非法操作:info
[ 2015-07-25T10:43:24+08:00 ] ERR: (ThinkException) 非法操作:test
[ 2015-07-25T10:43:25+08:00 ] ERR: (ThinkException) 非法操作:a
[ 2015-07-25T10:43:26+08:00 ] ERR: (ThinkException) 非法操作:1
[ 2015-07-25T10:43:27+08:00 ] ERR: (ThinkException) 非法操作:u
[ 2015-07-25T10:43:28+08:00 ] ERR: (ThinkException) 非法操作:tz
[ 2015-07-25T10:43:29+08:00 ] ERR: (ThinkException) 非法操作:adminer
[ 2015-07-25T10:43:30+08:00 ] ERR: (ThinkException) 非法操作:bigdump
[ 2015-07-25T10:43:31+08:00 ] ERR: (ThinkException) 非法操作:${@print(md5(this_is_a_test_string))}
[ 2015-07-25T10:51:25+08:00 ] ERR: (ThinkException) 非法操作:shopadmin
[ 2015-07-25T10:52:26+08:00 ] ERR: (ThinkException) 非法操作:feed-proxy
[ 2015-07-25T10:53:27+08:00 ] ERR: (ThinkException) 非法操作:bbx
[ 2015-07-25T10:53:46+08:00 ] ERR: (ThinkException) 非法操作:tools
[ 2015-07-25T10:54:47+08:00 ] ERR: (ThinkException) 非法操作:yanfang
[ 2015-07-25T10:55:48+08:00 ] 121.42.0.15 /dsapi/api.php/Index/.DS_Store
INFO: [ route_check ] --START--
INFO: Run CheckRoute Behavior [ RunTime:0.001371s ]
INFO: [ route_check ] --END-- [ RunTime:0.001745s ]
NOTIC: [8192] preg_replace(): The /e modifier is deprecated, use preg_replace_callback instead D:\wamp\www\dosochina.com\dsapi\ThinkPHP\Lib\Core\Dispatcher.class.php 第 120 行.
INFO: [ app_begin ] --START--
INFO: Run ReadHtmlCache Behavior [ RunTime:0.001155s ]
INFO: [ app_begin ] --END-- [ RunTime:0.001483s ]

[ 2015-07-25T10:56:13+08:00 ] ERR: (ThinkException) 非法操作:db
[ 2015-07-25T10:57:14+08:00 ] ERR: (ThinkException) 非法操作:config
[ 2015-07-25T10:58:15+08:00 ] ERR: (ThinkException) 非法操作:logs
[ 2015-07-25T10:58:25+08:00 ] ERR: (ThinkException) 非法操作:log
[ 2015-07-25T11:00:28+08:00 ] ERR: (ThinkException) 非法操作:admin
[ 2015-07-25T11:01:26+08:00 ] 121.42.0.15 /dsapi/api.php/Index/index.action?debug=browser
INFO: [ route_check ] --START--
INFO: Run CheckRoute Behavior [ RunTime:0.001280s ]
INFO: [ route_check ] --END-- [ RunTime:0.001661s ]
NOTIC: [8192] preg_replace(): The /e modifier is deprecated, use preg_replace_callback instead D:\wamp\www\dosochina.com\dsapi\ThinkPHP\Lib\Core\Dispatcher.class.php 第 120 行.
INFO: [ app_begin ] --START--
INFO: Run ReadHtmlCache Behavior [ RunTime:0.001241s ]
INFO: [ app_begin ] --END-- [ RunTime:0.001628s ]

[ 2015-07-25T11:01:28+08:00 ] 121.42.0.15 /dsapi/api.php/Index/index.action?redirect%3A%25%7Bnew+java.lang.String%28%27http%3A%2F%2Fxxxxxxxxxxxxx%27%29%7D
INFO: [ route_check ] --START--
INFO: Run CheckRoute Behavior [ RunTime:0.001313s ]
INFO: [ route_check ] --END-- [ RunTime:0.001734s ]
NOTIC: [8192] preg_replace(): The /e modifier is deprecated, use preg_replace_callback instead D:\wamp\www\dosochina.com\dsapi\ThinkPHP\Lib\Core\Dispatcher.class.php 第 120 行.
INFO: [ app_begin ] --START--
INFO: Run ReadHtmlCache Behavior [ RunTime:0.001166s ]
INFO: [ app_begin ] --END-- [ RunTime:0.001485s ]

[ 2015-07-25T11:01:39+08:00 ] ERR: (ThinkException) 非法操作:admin
[ 2015-07-25T11:02:40+08:00 ] ERR: (ThinkException) 非法操作:upload
[ 2015-07-25T11:03:41+08:00 ] ERR: (ThinkException) 非法操作:uploads
[ 2015-07-25T11:04:42+08:00 ] 121.42.0.15 /dsapi/api.php/Index//
INFO: [ route_check ] --START--
INFO: Run CheckRoute Behavior [ RunTime:0.001370s ]
INFO: [ route_check ] --END-- [ RunTime:0.001779s ]
NOTIC: [8192] preg_replace(): The /e modifier is deprecated, use preg_replace_callback instead D:\wamp\www\dosochina.com\dsapi\ThinkPHP\Lib\Core\Dispatcher.class.php 第 120 行.
INFO: [ app_begin ] --START--
INFO: Run ReadHtmlCache Behavior [ RunTime:0.001167s ]
INFO: [ app_begin ] --END-- [ RunTime:0.001529s ]

[ 2015-07-25T11:04:55+08:00 ] ERR: (ThinkException) 非法操作:htdocs
[ 2015-07-25T11:04:57+08:00 ] ERR: (ThinkException) 非法操作:upfile
[ 2015-07-25T11:04:58+08:00 ] ERR: (ThinkException) 非法操作:upfiles
[ 2015-07-25T11:05:01+08:00 ] ERR: (ThinkException) 非法操作:uploadfile
[ 2015-07-25T11:05:02+08:00 ] ERR: (ThinkException) 非法操作:uploadfiles
[ 2015-07-25T11:05:04+08:00 ] ERR: (ThinkException) 非法操作:web
[ 2015-07-25T11:05:06+08:00 ] ERR: (ThinkException) 非法操作:data
[ 2015-07-25T11:05:07+08:00 ] ERR: (ThinkException) 非法操作:backup
[ 2015-07-25T11:05:16+08:00 ] ERR: (ThinkException) 非法操作:phpinfo
[ 2015-07-25T11:05:17+08:00 ] 121.42.0.15 /dsapi/api.php/Index/index.php
INFO: [ route_check ] --START--
INFO: Run CheckRoute Behavior [ RunTime:0.001261s ]
INFO: [ route_check ] --END-- [ RunTime:0.001617s ]
NOTIC: [8192] preg_replace(): The /e modifier is deprecated, use preg_replace_callback instead D:\wamp\www\dosochina.com\dsapi\ThinkPHP\Lib\Core\Dispatcher.class.php 第 120 行.
INFO: [ app_begin ] --START--
INFO: Run ReadHtmlCache Behavior [ RunTime:0.001220s ]
INFO: [ app_begin ] --END-- [ RunTime:0.001582s ]

[ 2015-07-25T11:05:18+08:00 ] ERR: (ThinkException) 非法操作:php
[ 2015-07-25T11:05:19+08:00 ] ERR: (ThinkException) 非法操作:info
[ 2015-07-25T11:05:21+08:00 ] ERR: (ThinkException) 非法操作:test
[ 2015-07-25T11:05:23+08:00 ] ERR: (ThinkException) 非法操作:a
[ 2015-07-25T11:05:24+08:00 ] ERR: (ThinkException) 非法操作:1
[ 2015-07-25T11:05:25+08:00 ] ERR: (ThinkException) 非法操作:u
[ 2015-07-25T11:05:27+08:00 ] ERR: (ThinkException) 非法操作:tz
[ 2015-07-25T11:05:55+08:00 ] ERR: (ThinkException) 非法操作:adminer
[ 2015-07-25T11:05:57+08:00 ] ERR: (ThinkException) 非法操作:bigdump
[ 2015-07-25T11:05:59+08:00 ] ERR: (ThinkException) 非法操作:${@print(md5(this_is_a_test_string))}
[ 2015-07-25T11:35:48+08:00 ] ERR: (ThinkException) 非法操作:shopadmin
[ 2015-07-25T11:36:11+08:00 ] ERR: (ThinkException) 非法操作:feed-proxy
[ 2015-07-25T11:36:15+08:00 ] ERR: (ThinkException) 非法操作:bbx
[ 2015-07-25T11:36:15+08:00 ] ERR: (ThinkException) 非法操作:tools
[ 2015-07-25T11:36:17+08:00 ] ERR: (ThinkException) 非法操作:yanfang
[ 2015-07-25T11:36:20+08:00 ] 121.42.0.15 /dsapi/api.php/Index/.DS_Store
INFO: [ route_check ] --START--
INFO: Run CheckRoute Behavior [ RunTime:0.001067s ]
INFO: [ route_check ] --END-- [ RunTime:0.001418s ]
NOTIC: [8192] preg_replace(): The /e modifier is deprecated, use preg_replace_callback instead D:\wamp\www\dosochina.com\dsapi\ThinkPHP\Lib\Core\Dispatcher.class.php 第 120 行.
INFO: [ app_begin ] --START--
INFO: Run ReadHtmlCache Behavior [ RunTime:0.001152s ]
INFO: [ app_begin ] --END-- [ RunTime:0.001521s ]

[ 2015-07-25T11:36:21+08:00 ] ERR: (ThinkException) 非法操作:db
[ 2015-07-25T11:36:22+08:00 ] ERR: (ThinkException) 非法操作:config
[ 2015-07-25T11:36:23+08:00 ] ERR: (ThinkException) 非法操作:logs
[ 2015-07-25T11:36:25+08:00 ] ERR: (ThinkException) 非法操作:log
[ 2015-07-25T11:36:30+08:00 ] ERR: (ThinkException) 非法操作:admin
[ 2015-07-25T11:36:30+08:00 ] 121.42.0.15 /dsapi/api.php/Index/index.action?debug=browser
INFO: [ route_check ] --START--
INFO: Run CheckRoute Behavior [ RunTime:0.001340s ]
INFO: [ route_check ] --END-- [ RunTime:0.001707s ]
NOTIC: [8192] preg_replace(): The /e modifier is deprecated, use preg_replace_callback instead D:\wamp\www\dosochina.com\dsapi\ThinkPHP\Lib\Core\Dispatcher.class.php 第 120 行.
INFO: [ app_begin ] --START--
INFO: Run ReadHtmlCache Behavior [ RunTime:0.001110s ]
INFO: [ app_begin ] --END-- [ RunTime:0.001435s ]

[ 2015-07-25T11:36:32+08:00 ] 121.42.0.15 /dsapi/api.php/Index/index.action?redirect%3A%25%7Bnew+java.lang.String%28%27http%3A%2F%2Fxxxxxxxxxxxxx%27%29%7D
INFO: [ route_check ] --START--
INFO: Run CheckRoute Behavior [ RunTime:0.001078s ]
INFO: [ route_check ] --END-- [ RunTime:0.001473s ]
NOTIC: [8192] preg_replace(): The /e modifier is deprecated, use preg_replace_callback instead D:\wamp\www\dosochina.com\dsapi\ThinkPHP\Lib\Core\Dispatcher.class.php 第 120 行.
INFO: [ app_begin ] --START--
INFO: Run ReadHtmlCache Behavior [ RunTime:0.000992s ]
INFO: [ app_begin ] --END-- [ RunTime:0.001319s ]

[ 2015-07-25T11:36:35+08:00 ] ERR: (ThinkException) 非法操作:admin
[ 2015-07-25T11:36:36+08:00 ] ERR: (ThinkException) 非法操作:upload
[ 2015-07-25T11:36:38+08:00 ] ERR: (ThinkException) 非法操作:uploads
[ 2015-07-25T11:36:38+08:00 ] 121.42.0.15 /dsapi/api.php/Index//
INFO: [ route_check ] --START--
INFO: Run CheckRoute Behavior [ RunTime:0.001053s ]
INFO: [ route_check ] --END-- [ RunTime:0.001427s ]
NOTIC: [8192] preg_replace(): The /e modifier is deprecated, use preg_replace_callback instead D:\wamp\www\dosochina.com\dsapi\ThinkPHP\Lib\Core\Dispatcher.class.php 第 120 行.
INFO: [ app_begin ] --START--
INFO: Run ReadHtmlCache Behavior [ RunTime:0.001046s ]
INFO: [ app_begin ] --END-- [ RunTime:0.001370s ]

[ 2015-07-25T11:36:39+08:00 ] ERR: (ThinkException) 非法操作:htdocs
[ 2015-07-25T11:36:41+08:00 ] ERR: (ThinkException) 非法操作:upfile
[ 2015-07-25T11:36:42+08:00 ] ERR: (ThinkException) 非法操作:upfiles
[ 2015-07-25T11:36:45+08:00 ] ERR: (ThinkException) 非法操作:uploadfile
[ 2015-07-25T11:36:45+08:00 ] ERR: (ThinkException) 非法操作:uploadfiles
[ 2015-07-25T11:36:46+08:00 ] ERR: (ThinkException) 非法操作:web
[ 2015-07-25T11:36:48+08:00 ] ERR: (ThinkException) 非法操作:data
[ 2015-07-25T11:36:48+08:00 ] ERR: (ThinkException) 非法操作:backup
[ 2015-07-25T11:36:59+08:00 ] ERR: (ThinkException) 非法操作:phpinfo
[ 2015-07-25T11:36:59+08:00 ] 121.42.0.15 /dsapi/api.php/Index/index.php
INFO: [ route_check ] --START--
INFO: Run CheckRoute Behavior [ RunTime:0.001116s ]
INFO: [ route_check ] --END-- [ RunTime:0.001482s ]
NOTIC: [8192] preg_replace(): The /e modifier is deprecated, use preg_replace_callback instead D:\wamp\www\dosochina.com\dsapi\ThinkPHP\Lib\Core\Dispatcher.class.php 第 120 行.
INFO: [ app_begin ] --START--
INFO: Run ReadHtmlCache Behavior [ RunTime:0.001007s ]
INFO: [ app_begin ] --END-- [ RunTime:0.001345s ]

[ 2015-07-25T11:37:01+08:00 ] ERR: (ThinkException) 非法操作:php
[ 2015-07-25T11:37:02+08:00 ] ERR: (ThinkException) 非法操作:info
[ 2015-07-25T11:37:03+08:00 ] ERR: (ThinkException) 非法操作:test
[ 2015-07-25T11:37:04+08:00 ] ERR: (ThinkException) 非法操作:a
[ 2015-07-25T11:37:05+08:00 ] ERR: (ThinkException) 非法操作:1
[ 2015-07-25T11:37:08+08:00 ] ERR: (ThinkException) 非法操作:u
[ 2015-07-25T11:37:11+08:00 ] ERR: (ThinkException) 非法操作:tz
[ 2015-07-25T11:37:12+08:00 ] ERR: (ThinkException) 非法操作:adminer
[ 2015-07-25T11:37:13+08:00 ] ERR: (ThinkException) 非法操作:bigdump
[ 2015-07-25T11:37:16+08:00 ] ERR: (ThinkException) 非法操作:${@print(md5(this_is_a_test_string))}
[ 2015-07-25T11:42:56+08:00 ] ERR: (ThinkException) 非法操作:shopadmin
[ 2015-07-25T11:43:58+08:00 ] ERR: (ThinkException) 非法操作:feed-proxy
[ 2015-07-25T11:44:59+08:00 ] ERR: (ThinkException) 非法操作:bbx
[ 2015-07-25T11:45:02+08:00 ] ERR: (ThinkException) 非法操作:tools
[ 2015-07-25T11:45:05+08:00 ] ERR: (ThinkException) 非法操作:yanfang
[ 2015-07-25T11:45:06+08:00 ] 121.42.0.15 /dsapi/api.php/Index/.DS_Store
INFO: [ route_check ] --START--
INFO: Run CheckRoute Behavior [ RunTime:0.001430s ]
INFO: [ route_check ] --END-- [ RunTime:0.001781s ]
NOTIC: [8192] preg_replace(): The /e modifier is deprecated, use preg_replace_callback instead D:\wamp\www\dosochina.com\dsapi\ThinkPHP\Lib\Core\Dispatcher.class.php 第 120 行.
INFO: [ app_begin ] --START--
INFO: Run ReadHtmlCache Behavior [ RunTime:0.001281s ]
INFO: [ app_begin ] --END-- [ RunTime:0.001668s ]

[ 2015-07-25T11:45:07+08:00 ] ERR: (ThinkException) 非法操作:db
[ 2015-07-25T11:45:08+08:00 ] ERR: (ThinkException) 非法操作:config
[ 2015-07-25T11:45:11+08:00 ] ERR: (ThinkException) 非法操作:logs
[ 2015-07-25T11:45:12+08:00 ] ERR: (ThinkException) 非法操作:log
[ 2015-07-25T11:45:15+08:00 ] ERR: (ThinkException) 非法操作:admin
[ 2015-07-25T11:45:16+08:00 ] 121.42.0.15 /dsapi/api.php/Index/index.action?debug=browser
INFO: [ route_check ] --START--
INFO: Run CheckRoute Behavior [ RunTime:0.001337s ]
INFO: [ route_check ] --END-- [ RunTime:0.001696s ]
NOTIC: [8192] preg_replace(): The /e modifier is deprecated, use preg_replace_callback instead D:\wamp\www\dosochina.com\dsapi\ThinkPHP\Lib\Core\Dispatcher.class.php 第 120 行.
INFO: [ app_begin ] --START--
INFO: Run ReadHtmlCache Behavior [ RunTime:0.001248s ]
INFO: [ app_begin ] --END-- [ RunTime:0.001632s ]

[ 2015-07-25T11:45:17+08:00 ] 121.42.0.15 /dsapi/api.php/Index/index.action?redirect%3A%25%7Bnew+java.lang.String%28%27http%3A%2F%2Fxxxxxxxxxxxxx%27%29%7D
INFO: [ route_check ] --START--
INFO: Run CheckRoute Behavior [ RunTime:0.001453s ]
INFO: [ route_check ] --END-- [ RunTime:0.001890s ]
NOTIC: [8192] preg_replace(): The /e modifier is deprecated, use preg_replace_callback instead D:\wamp\www\dosochina.com\dsapi\ThinkPHP\Lib\Core\Dispatcher.class.php 第 120 行.
INFO: [ app_begin ] --START--
INFO: Run ReadHtmlCache Behavior [ RunTime:0.001882s ]
INFO: [ app_begin ] --END-- [ RunTime:0.002383s ]

[ 2015-07-25T11:45:21+08:00 ] ERR: (ThinkException) 非法操作:admin
[ 2015-07-25T11:45:24+08:00 ] ERR: (ThinkException) 非法操作:upload
[ 2015-07-25T11:45:25+08:00 ] ERR: (ThinkException) 非法操作:uploads
[ 2015-07-25T11:45:28+08:00 ] 121.42.0.15 /dsapi/api.php/Index//
INFO: [ route_check ] --START--
INFO: Run CheckRoute Behavior [ RunTime:0.001357s ]
INFO: [ route_check ] --END-- [ RunTime:0.001730s ]
NOTIC: [8192] preg_replace(): The /e modifier is deprecated, use preg_replace_callback instead D:\wamp\www\dosochina.com\dsapi\ThinkPHP\Lib\Core\Dispatcher.class.php 第 120 行.
INFO: [ app_begin ] --START--
INFO: Run ReadHtmlCache Behavior [ RunTime:0.001255s ]
INFO: [ app_begin ] --END-- [ RunTime:0.001653s ]

[ 2015-07-25T11:45:29+08:00 ] ERR: (ThinkException) 非法操作:htdocs
[ 2015-07-25T11:45:32+08:00 ] ERR: (ThinkException) 非法操作:upfile
[ 2015-07-25T11:45:35+08:00 ] ERR: (ThinkException) 非法操作:upfiles
[ 2015-07-25T11:45:36+08:00 ] ERR: (ThinkException) 非法操作:uploadfile
[ 2015-07-25T11:45:37+08:00 ] ERR: (ThinkException) 非法操作:uploadfiles
[ 2015-07-25T11:45:40+08:00 ] ERR: (ThinkException) 非法操作:web
[ 2015-07-25T11:45:41+08:00 ] ERR: (ThinkException) 非法操作:data
[ 2015-07-25T11:45:42+08:00 ] ERR: (ThinkException) 非法操作:backup
[ 2015-07-25T11:45:53+08:00 ] ERR: (ThinkException) 非法操作:phpinfo
[ 2015-07-25T11:45:54+08:00 ] 121.42.0.15 /dsapi/api.php/Index/index.php
INFO: [ route_check ] --START--
INFO: Run CheckRoute Behavior [ RunTime:0.001643s ]
INFO: [ route_check ] --END-- [ RunTime:0.001986s ]
NOTIC: [8192] preg_replace(): The /e modifier is deprecated, use preg_replace_callback instead D:\wamp\www\dosochina.com\dsapi\ThinkPHP\Lib\Core\Dispatcher.class.php 第 120 行.
INFO: [ app_begin ] --START--
INFO: Run ReadHtmlCache Behavior [ RunTime:0.001498s ]
INFO: [ app_begin ] --END-- [ RunTime:0.001822s ]

[ 2015-07-25T11:45:55+08:00 ] ERR: (ThinkException) 非法操作:php
[ 2015-07-25T11:45:56+08:00 ] ERR: (ThinkException) 非法操作:info
[ 2015-07-25T11:45:57+08:00 ] ERR: (ThinkException) 非法操作:test
[ 2015-07-25T11:45:58+08:00 ] ERR: (ThinkException) 非法操作:a
[ 2015-07-25T11:45:59+08:00 ] ERR: (ThinkException) 非法操作:1
[ 2015-07-25T11:46:02+08:00 ] ERR: (ThinkException) 非法操作:u
[ 2015-07-25T11:46:03+08:00 ] ERR: (ThinkException) 非法操作:tz
[ 2015-07-25T11:46:04+08:00 ] ERR: (ThinkException) 非法操作:adminer
[ 2015-07-25T11:46:05+08:00 ] ERR: (ThinkException) 非法操作:bigdump
[ 2015-07-25T11:46:07+08:00 ] ERR: (ThinkException) 非法操作:${@print(md5(this_is_a_test_string))}
[ 2015-07-25T12:11:45+08:00 ] ERR: (ThinkException) 非法操作:shopadmin
[ 2015-07-25T12:12:46+08:00 ] ERR: (ThinkException) 非法操作:feed-proxy
[ 2015-07-25T12:13:06+08:00 ] ERR: (ThinkException) 非法操作:bbx
[ 2015-07-25T12:13:07+08:00 ] ERR: (ThinkException) 非法操作:tools
[ 2015-07-25T12:13:08+08:00 ] ERR: (ThinkException) 非法操作:yanfang
[ 2015-07-25T12:13:09+08:00 ] 121.42.0.15 /dsapi/api.php/Index/.DS_Store
INFO: [ route_check ] --START--
INFO: Run CheckRoute Behavior [ RunTime:0.001059s ]
INFO: [ route_check ] --END-- [ RunTime:0.001425s ]
NOTIC: [8192] preg_replace(): The /e modifier is deprecated, use preg_replace_callback instead D:\wamp\www\dosochina.com\dsapi\ThinkPHP\Lib\Core\Dispatcher.class.php 第 120 行.
INFO: [ app_begin ] --START--
INFO: Run ReadHtmlCache Behavior [ RunTime:0.000931s ]
INFO: [ app_begin ] --END-- [ RunTime:0.001255s ]

[ 2015-07-25T12:13:11+08:00 ] ERR: (ThinkException) 非法操作:db
[ 2015-07-25T12:13:14+08:00 ] ERR: (ThinkException) 非法操作:config
[ 2015-07-25T12:13:15+08:00 ] ERR: (ThinkException) 非法操作:logs
[ 2015-07-25T12:13:18+08:00 ] ERR: (ThinkException) 非法操作:log
[ 2015-07-25T12:13:21+08:00 ] ERR: (ThinkException) 非法操作:admin
[ 2015-07-25T12:13:22+08:00 ] 121.42.0.15 /dsapi/api.php/Index/index.action?debug=browser
INFO: [ route_check ] --START--
INFO: Run CheckRoute Behavior [ RunTime:0.001487s ]
INFO: [ route_check ] --END-- [ RunTime:0.001867s ]
NOTIC: [8192] preg_replace(): The /e modifier is deprecated, use preg_replace_callback instead D:\wamp\www\dosochina.com\dsapi\ThinkPHP\Lib\Core\Dispatcher.class.php 第 120 行.
INFO: [ app_begin ] --START--
INFO: Run ReadHtmlCache Behavior [ RunTime:0.001487s ]
INFO: [ app_begin ] --END-- [ RunTime:0.001815s ]

[ 2015-07-25T12:13:23+08:00 ] 121.42.0.15 /dsapi/api.php/Index/index.action?redirect%3A%25%7Bnew+java.lang.String%28%27http%3A%2F%2Fxxxxxxxxxxxxx%27%29%7D
INFO: [ route_check ] --START--
INFO: Run CheckRoute Behavior [ RunTime:0.001449s ]
INFO: [ route_check ] --END-- [ RunTime:0.001797s ]
NOTIC: [8192] preg_replace(): The /e modifier is deprecated, use preg_replace_callback instead D:\wamp\www\dosochina.com\dsapi\ThinkPHP\Lib\Core\Dispatcher.class.php 第 120 行.
INFO: [ app_begin ] --START--
INFO: Run ReadHtmlCache Behavior [ RunTime:0.001786s ]
INFO: [ app_begin ] --END-- [ RunTime:0.002272s ]

[ 2015-07-25T12:13:26+08:00 ] ERR: (ThinkException) 非法操作:admin
[ 2015-07-25T12:13:27+08:00 ] ERR: (ThinkException) 非法操作:upload
[ 2015-07-25T12:13:28+08:00 ] ERR: (ThinkException) 非法操作:uploads
[ 2015-07-25T12:13:29+08:00 ] 121.42.0.15 /dsapi/api.php/Index//
INFO: [ route_check ] --START--
INFO: Run CheckRoute Behavior [ RunTime:0.001489s ]
INFO: [ route_check ] --END-- [ RunTime:0.001841s ]
NOTIC: [8192] preg_replace(): The /e modifier is deprecated, use preg_replace_callback instead D:\wamp\www\dosochina.com\dsapi\ThinkPHP\Lib\Core\Dispatcher.class.php 第 120 行.
INFO: [ app_begin ] --START--
INFO: Run ReadHtmlCache Behavior [ RunTime:0.001469s ]
INFO: [ app_begin ] --END-- [ RunTime:0.001824s ]

[ 2015-07-25T12:13:31+08:00 ] ERR: (ThinkException) 非法操作:htdocs
[ 2015-07-25T12:13:33+08:00 ] ERR: (ThinkException) 非法操作:upfile
[ 2015-07-25T12:13:34+08:00 ] ERR: (ThinkException) 非法操作:upfiles
[ 2015-07-25T12:13:35+08:00 ] ERR: (ThinkException) 非法操作:uploadfile
[ 2015-07-25T12:13:36+08:00 ] ERR: (ThinkException) 非法操作:uploadfiles
[ 2015-07-25T12:13:37+08:00 ] ERR: (ThinkException) 非法操作:web
[ 2015-07-25T12:13:38+08:00 ] ERR: (ThinkException) 非法操作:data
[ 2015-07-25T12:13:39+08:00 ] ERR: (ThinkException) 非法操作:backup
[ 2015-07-25T12:13:46+08:00 ] ERR: (ThinkException) 非法操作:phpinfo
[ 2015-07-25T12:13:47+08:00 ] 121.42.0.15 /dsapi/api.php/Index/index.php
INFO: [ route_check ] --START--
INFO: Run CheckRoute Behavior [ RunTime:0.001617s ]
INFO: [ route_check ] --END-- [ RunTime:0.001963s ]
NOTIC: [8192] preg_replace(): The /e modifier is deprecated, use preg_replace_callback instead D:\wamp\www\dosochina.com\dsapi\ThinkPHP\Lib\Core\Dispatcher.class.php 第 120 行.
INFO: [ app_begin ] --START--
INFO: Run ReadHtmlCache Behavior [ RunTime:0.001480s ]
INFO: [ app_begin ] --END-- [ RunTime:0.001846s ]

[ 2015-07-25T12:13:48+08:00 ] ERR: (ThinkException) 非法操作:php
[ 2015-07-25T12:13:49+08:00 ] ERR: (ThinkException) 非法操作:info
[ 2015-07-25T12:13:50+08:00 ] ERR: (ThinkException) 非法操作:test
[ 2015-07-25T12:13:51+08:00 ] ERR: (ThinkException) 非法操作:a
[ 2015-07-25T12:13:52+08:00 ] ERR: (ThinkException) 非法操作:1
[ 2015-07-25T12:13:54+08:00 ] ERR: (ThinkException) 非法操作:u
[ 2015-07-25T12:13:55+08:00 ] ERR: (ThinkException) 非法操作:tz
[ 2015-07-25T12:13:56+08:00 ] ERR: (ThinkException) 非法操作:adminer
[ 2015-07-25T12:13:59+08:00 ] ERR: (ThinkException) 非法操作:bigdump
[ 2015-07-25T12:14:00+08:00 ] ERR: (ThinkException) 非法操作:${@print(md5(this_is_a_test_string))}
[ 2015-07-25T12:32:25+08:00 ] ERR: (ThinkException) 非法操作:shopadmin
[ 2015-07-25T12:33:26+08:00 ] ERR: (ThinkException) 非法操作:feed-proxy
[ 2015-07-25T12:34:27+08:00 ] ERR: (ThinkException) 非法操作:bbx
[ 2015-07-25T12:34:31+08:00 ] ERR: (ThinkException) 非法操作:tools
[ 2015-07-25T12:34:32+08:00 ] ERR: (ThinkException) 非法操作:yanfang
[ 2015-07-25T12:34:33+08:00 ] 121.42.0.15 /dsapi/api.php/Index/.DS_Store
INFO: [ route_check ] --START--
INFO: Run CheckRoute Behavior [ RunTime:0.001158s ]
INFO: [ route_check ] --END-- [ RunTime:0.001499s ]
NOTIC: [8192] preg_replace(): The /e modifier is deprecated, use preg_replace_callback instead D:\wamp\www\dosochina.com\dsapi\ThinkPHP\Lib\Core\Dispatcher.class.php 第 120 行.
INFO: [ app_begin ] --START--
INFO: Run ReadHtmlCache Behavior [ RunTime:0.001148s ]
INFO: [ app_begin ] --END-- [ RunTime:0.001509s ]

[ 2015-07-25T12:34:36+08:00 ] ERR: (ThinkException) 非法操作:db
[ 2015-07-25T12:34:39+08:00 ] ERR: (ThinkException) 非法操作:config
[ 2015-07-25T12:34:40+08:00 ] ERR: (ThinkException) 非法操作:logs
[ 2015-07-25T12:34:41+08:00 ] ERR: (ThinkException) 非法操作:log
[ 2015-07-25T12:34:44+08:00 ] ERR: (ThinkException) 非法操作:admin
[ 2015-07-25T12:34:45+08:00 ] 121.42.0.15 /dsapi/api.php/Index/index.action?debug=browser
INFO: [ route_check ] --START--
INFO: Run CheckRoute Behavior [ RunTime:0.001392s ]
INFO: [ route_check ] --END-- [ RunTime:0.001765s ]
NOTIC: [8192] preg_replace(): The /e modifier is deprecated, use preg_replace_callback instead D:\wamp\www\dosochina.com\dsapi\ThinkPHP\Lib\Core\Dispatcher.class.php 第 120 行.
INFO: [ app_begin ] --START--
INFO: Run ReadHtmlCache Behavior [ RunTime:0.001320s ]
INFO: [ app_begin ] --END-- [ RunTime:0.001703s ]

[ 2015-07-25T12:34:46+08:00 ] 121.42.0.15 /dsapi/api.php/Index/index.action?redirect%3A%25%7Bnew+java.lang.String%28%27http%3A%2F%2Fxxxxxxxxxxxxx%27%29%7D
INFO: [ route_check ] --START--
INFO: Run CheckRoute Behavior [ RunTime:0.001415s ]
INFO: [ route_check ] --END-- [ RunTime:0.001811s ]
NOTIC: [8192] preg_replace(): The /e modifier is deprecated, use preg_replace_callback instead D:\wamp\www\dosochina.com\dsapi\ThinkPHP\Lib\Core\Dispatcher.class.php 第 120 行.
INFO: [ app_begin ] --START--
INFO: Run ReadHtmlCache Behavior [ RunTime:0.001385s ]
INFO: [ app_begin ] --END-- [ RunTime:0.001715s ]

[ 2015-07-25T12:34:50+08:00 ] ERR: (ThinkException) 非法操作:admin
[ 2015-07-25T12:34:51+08:00 ] ERR: (ThinkException) 非法操作:upload
[ 2015-07-25T12:34:54+08:00 ] ERR: (ThinkException) 非法操作:uploads
[ 2015-07-25T12:34:57+08:00 ] 121.42.0.15 /dsapi/api.php/Index//
INFO: [ route_check ] --START--
INFO: Run CheckRoute Behavior [ RunTime:0.001491s ]
INFO: [ route_check ] --END-- [ RunTime:0.001859s ]
NOTIC: [8192] preg_replace(): The /e modifier is deprecated, use preg_replace_callback instead D:\wamp\www\dosochina.com\dsapi\ThinkPHP\Lib\Core\Dispatcher.class.php 第 120 行.
INFO: [ app_begin ] --START--
INFO: Run ReadHtmlCache Behavior [ RunTime:0.001553s ]
INFO: [ app_begin ] --END-- [ RunTime:0.001913s ]

[ 2015-07-25T12:35:00+08:00 ] ERR: (ThinkException) 非法操作:htdocs
[ 2015-07-25T12:35:03+08:00 ] ERR: (ThinkException) 非法操作:upfile
[ 2015-07-25T12:35:04+08:00 ] ERR: (ThinkException) 非法操作:upfiles
[ 2015-07-25T12:35:05+08:00 ] ERR: (ThinkException) 非法操作:uploadfile
[ 2015-07-25T12:35:06+08:00 ] ERR: (ThinkException) 非法操作:uploadfiles
[ 2015-07-25T12:35:07+08:00 ] ERR: (ThinkException) 非法操作:web
[ 2015-07-25T12:35:09+08:00 ] ERR: (ThinkException) 非法操作:data
[ 2015-07-25T12:35:10+08:00 ] ERR: (ThinkException) 非法操作:backup
[ 2015-07-25T12:35:17+08:00 ] ERR: (ThinkException) 非法操作:phpinfo
[ 2015-07-25T12:35:18+08:00 ] 121.42.0.15 /dsapi/api.php/Index/index.php
INFO: [ route_check ] --START--
INFO: Run CheckRoute Behavior [ RunTime:0.001481s ]
INFO: [ route_check ] --END-- [ RunTime:0.001833s ]
NOTIC: [8192] preg_replace(): The /e modifier is deprecated, use preg_replace_callback instead D:\wamp\www\dosochina.com\dsapi\ThinkPHP\Lib\Core\Dispatcher.class.php 第 120 行.
INFO: [ app_begin ] --START--
INFO: Run ReadHtmlCache Behavior [ RunTime:0.001460s ]
INFO: [ app_begin ] --END-- [ RunTime:0.001790s ]

[ 2015-07-25T12:35:21+08:00 ] ERR: (ThinkException) 非法操作:php
[ 2015-07-25T12:35:22+08:00 ] ERR: (ThinkException) 非法操作:info
[ 2015-07-25T12:35:23+08:00 ] ERR: (ThinkException) 非法操作:test
[ 2015-07-25T12:35:24+08:00 ] ERR: (ThinkException) 非法操作:a
[ 2015-07-25T12:35:25+08:00 ] ERR: (ThinkException) 非法操作:1
[ 2015-07-25T12:35:28+08:00 ] ERR: (ThinkException) 非法操作:u
[ 2015-07-25T12:35:29+08:00 ] ERR: (ThinkException) 非法操作:tz
[ 2015-07-25T12:35:30+08:00 ] ERR: (ThinkException) 非法操作:adminer
[ 2015-07-25T12:35:32+08:00 ] ERR: (ThinkException) 非法操作:bigdump
[ 2015-07-25T12:35:35+08:00 ] ERR: (ThinkException) 非法操作:${@print(md5(this_is_a_test_string))}
[ 2015-07-25T12:38:07+08:00 ] ERR: (ThinkException) 非法操作:shopadmin
[ 2015-07-25T12:39:08+08:00 ] ERR: (ThinkException) 非法操作:feed-proxy
[ 2015-07-25T12:40:09+08:00 ] ERR: (ThinkException) 非法操作:bbx
[ 2015-07-25T12:40:59+08:00 ] ERR: (ThinkException) 非法操作:tools
[ 2015-07-25T12:41:28+08:00 ] ERR: (ThinkException) 非法操作:yanfang
[ 2015-07-25T12:42:29+08:00 ] 121.42.0.15 /dsapi/api.php/Index/.DS_Store
INFO: [ route_check ] --START--
INFO: Run CheckRoute Behavior [ RunTime:0.001289s ]
INFO: [ route_check ] --END-- [ RunTime:0.001667s ]
NOTIC: [8192] preg_replace(): The /e modifier is deprecated, use preg_replace_callback instead D:\wamp\www\dosochina.com\dsapi\ThinkPHP\Lib\Core\Dispatcher.class.php 第 120 行.
INFO: [ app_begin ] --START--
INFO: Run ReadHtmlCache Behavior [ RunTime:0.001023s ]
INFO: [ app_begin ] --END-- [ RunTime:0.001354s ]

[ 2015-07-25T12:43:30+08:00 ] ERR: (ThinkException) 非法操作:db
[ 2015-07-25T12:44:31+08:00 ] ERR: (ThinkException) 非法操作:config
[ 2015-07-25T12:44:37+08:00 ] ERR: (ThinkException) 非法操作:logs
[ 2015-07-25T12:45:05+08:00 ] ERR: (ThinkException) 非法操作:log
[ 2015-07-25T12:45:42+08:00 ] ERR: (ThinkException) 非法操作:admin
[ 2015-07-25T12:45:43+08:00 ] 121.42.0.15 /dsapi/api.php/Index/index.action?debug=browser
INFO: [ route_check ] --START--
INFO: Run CheckRoute Behavior [ RunTime:0.001101s ]
INFO: [ route_check ] --END-- [ RunTime:0.001504s ]
NOTIC: [8192] preg_replace(): The /e modifier is deprecated, use preg_replace_callback instead D:\wamp\www\dosochina.com\dsapi\ThinkPHP\Lib\Core\Dispatcher.class.php 第 120 行.
INFO: [ app_begin ] --START--
INFO: Run ReadHtmlCache Behavior [ RunTime:0.000988s ]
INFO: [ app_begin ] --END-- [ RunTime:0.001344s ]

[ 2015-07-25T12:45:57+08:00 ] 121.42.0.15 /dsapi/api.php/Index/index.action?redirect%3A%25%7Bnew+java.lang.String%28%27http%3A%2F%2Fxxxxxxxxxxxxx%27%29%7D
INFO: [ route_check ] --START--
INFO: Run CheckRoute Behavior [ RunTime:0.001073s ]
INFO: [ route_check ] --END-- [ RunTime:0.001431s ]
NOTIC: [8192] preg_replace(): The /e modifier is deprecated, use preg_replace_callback instead D:\wamp\www\dosochina.com\dsapi\ThinkPHP\Lib\Core\Dispatcher.class.php 第 120 行.
INFO: [ app_begin ] --START--
INFO: Run ReadHtmlCache Behavior [ RunTime:0.001212s ]
INFO: [ app_begin ] --END-- [ RunTime:0.001569s ]

[ 2015-07-25T12:46:01+08:00 ] ERR: (ThinkException) 非法操作:admin
[ 2015-07-25T12:46:04+08:00 ] ERR: (ThinkException) 非法操作:upload
[ 2015-07-25T12:46:05+08:00 ] ERR: (ThinkException) 非法操作:uploads
[ 2015-07-25T12:46:06+08:00 ] 121.42.0.15 /dsapi/api.php/Index//
INFO: [ route_check ] --START--
INFO: Run CheckRoute Behavior [ RunTime:0.001057s ]
INFO: [ route_check ] --END-- [ RunTime:0.001444s ]
NOTIC: [8192] preg_replace(): The /e modifier is deprecated, use preg_replace_callback instead D:\wamp\www\dosochina.com\dsapi\ThinkPHP\Lib\Core\Dispatcher.class.php 第 120 行.
INFO: [ app_begin ] --START--
INFO: Run ReadHtmlCache Behavior [ RunTime:0.000976s ]
INFO: [ app_begin ] --END-- [ RunTime:0.001343s ]

[ 2015-07-25T12:46:07+08:00 ] ERR: (ThinkException) 非法操作:htdocs
[ 2015-07-25T12:46:08+08:00 ] ERR: (ThinkException) 非法操作:upfile
[ 2015-07-25T12:46:09+08:00 ] ERR: (ThinkException) 非法操作:upfiles
[ 2015-07-25T12:46:10+08:00 ] ERR: (ThinkException) 非法操作:uploadfile
[ 2015-07-25T12:46:11+08:00 ] ERR: (ThinkException) 非法操作:uploadfiles
[ 2015-07-25T12:46:12+08:00 ] ERR: (ThinkException) 非法操作:web
[ 2015-07-25T12:46:13+08:00 ] ERR: (ThinkException) 非法操作:data
[ 2015-07-25T12:46:15+08:00 ] ERR: (ThinkException) 非法操作:backup
[ 2015-07-25T12:49:32+08:00 ] ERR: (ThinkException) 非法操作:phpinfo
[ 2015-07-25T12:49:33+08:00 ] 121.42.0.15 /dsapi/api.php/Index/index.php
INFO: [ route_check ] --START--
INFO: Run CheckRoute Behavior [ RunTime:0.001584s ]
INFO: [ route_check ] --END-- [ RunTime:0.001938s ]
NOTIC: [8192] preg_replace(): The /e modifier is deprecated, use preg_replace_callback instead D:\wamp\www\dosochina.com\dsapi\ThinkPHP\Lib\Core\Dispatcher.class.php 第 120 行.
INFO: [ app_begin ] --START--
INFO: Run ReadHtmlCache Behavior [ RunTime:0.001542s ]
INFO: [ app_begin ] --END-- [ RunTime:0.001877s ]

[ 2015-07-25T12:49:34+08:00 ] ERR: (ThinkException) 非法操作:php
[ 2015-07-25T12:49:35+08:00 ] ERR: (ThinkException) 非法操作:info
[ 2015-07-25T12:49:38+08:00 ] ERR: (ThinkException) 非法操作:test
[ 2015-07-25T12:49:41+08:00 ] ERR: (ThinkException) 非法操作:a
[ 2015-07-25T12:49:44+08:00 ] ERR: (ThinkException) 非法操作:1
[ 2015-07-25T12:49:45+08:00 ] ERR: (ThinkException) 非法操作:u
[ 2015-07-25T12:49:46+08:00 ] ERR: (ThinkException) 非法操作:tz
[ 2015-07-25T12:49:47+08:00 ] ERR: (ThinkException) 非法操作:adminer
[ 2015-07-25T12:50:17+08:00 ] ERR: (ThinkException) 非法操作:bigdump
[ 2015-07-25T12:50:18+08:00 ] ERR: (ThinkException) 非法操作:${@print(md5(this_is_a_test_string))}
[ 2015-07-25T12:55:25+08:00 ] ERR: (ThinkException) 非法操作:shopadmin
[ 2015-07-25T12:56:16+08:00 ] ERR: (ThinkException) 非法操作:feed-proxy
[ 2015-07-25T12:56:17+08:00 ] ERR: (ThinkException) 非法操作:bbx
[ 2015-07-25T12:56:20+08:00 ] ERR: (ThinkException) 非法操作:tools
[ 2015-07-25T12:56:22+08:00 ] ERR: (ThinkException) 非法操作:yanfang
[ 2015-07-25T12:56:23+08:00 ] 121.42.0.15 /dsapi/api.php/Index/.DS_Store
INFO: [ route_check ] --START--
INFO: Run CheckRoute Behavior [ RunTime:0.001023s ]
INFO: [ route_check ] --END-- [ RunTime:0.001375s ]
NOTIC: [8192] preg_replace(): The /e modifier is deprecated, use preg_replace_callback instead D:\wamp\www\dosochina.com\dsapi\ThinkPHP\Lib\Core\Dispatcher.class.php 第 120 行.
INFO: [ app_begin ] --START--
INFO: Run ReadHtmlCache Behavior [ RunTime:0.001037s ]
INFO: [ app_begin ] --END-- [ RunTime:0.001373s ]

[ 2015-07-25T12:56:24+08:00 ] ERR: (ThinkException) 非法操作:db
[ 2015-07-25T12:56:25+08:00 ] ERR: (ThinkException) 非法操作:config
[ 2015-07-25T12:56:26+08:00 ] ERR: (ThinkException) 非法操作:logs
[ 2015-07-25T12:56:28+08:00 ] ERR: (ThinkException) 非法操作:log
[ 2015-07-25T12:56:31+08:00 ] ERR: (ThinkException) 非法操作:admin
[ 2015-07-25T12:56:34+08:00 ] 121.42.0.15 /dsapi/api.php/Index/index.action?debug=browser
INFO: [ route_check ] --START--
INFO: Run CheckRoute Behavior [ RunTime:0.001450s ]
INFO: [ route_check ] --END-- [ RunTime:0.001907s ]
NOTIC: [8192] preg_replace(): The /e modifier is deprecated, use preg_replace_callback instead D:\wamp\www\dosochina.com\dsapi\ThinkPHP\Lib\Core\Dispatcher.class.php 第 120 行.
INFO: [ app_begin ] --START--
INFO: Run ReadHtmlCache Behavior [ RunTime:0.001265s ]
INFO: [ app_begin ] --END-- [ RunTime:0.001603s ]

[ 2015-07-25T12:56:35+08:00 ] 121.42.0.15 /dsapi/api.php/Index/index.action?redirect%3A%25%7Bnew+java.lang.String%28%27http%3A%2F%2Fxxxxxxxxxxxxx%27%29%7D
INFO: [ route_check ] --START--
INFO: Run CheckRoute Behavior [ RunTime:0.001191s ]
INFO: [ route_check ] --END-- [ RunTime:0.001593s ]
NOTIC: [8192] preg_replace(): The /e modifier is deprecated, use preg_replace_callback instead D:\wamp\www\dosochina.com\dsapi\ThinkPHP\Lib\Core\Dispatcher.class.php 第 120 行.
INFO: [ app_begin ] --START--
INFO: Run ReadHtmlCache Behavior [ RunTime:0.001140s ]
INFO: [ app_begin ] --END-- [ RunTime:0.001517s ]

[ 2015-07-25T12:56:38+08:00 ] ERR: (ThinkException) 非法操作:admin
[ 2015-07-25T12:56:39+08:00 ] ERR: (ThinkException) 非法操作:upload
[ 2015-07-25T12:56:42+08:00 ] ERR: (ThinkException) 非法操作:uploads
[ 2015-07-25T12:56:45+08:00 ] 121.42.0.15 /dsapi/api.php/Index//
INFO: [ route_check ] --START--
INFO: Run CheckRoute Behavior [ RunTime:0.001659s ]
INFO: [ route_check ] --END-- [ RunTime:0.002003s ]
NOTIC: [8192] preg_replace(): The /e modifier is deprecated, use preg_replace_callback instead D:\wamp\www\dosochina.com\dsapi\ThinkPHP\Lib\Core\Dispatcher.class.php 第 120 行.
INFO: [ app_begin ] --START--
INFO: Run ReadHtmlCache Behavior [ RunTime:0.001539s ]
INFO: [ app_begin ] --END-- [ RunTime:0.001899s ]

[ 2015-07-25T12:56:46+08:00 ] ERR: (ThinkException) 非法操作:htdocs
[ 2015-07-25T12:56:49+08:00 ] ERR: (ThinkException) 非法操作:upfile
[ 2015-07-25T12:56:50+08:00 ] ERR: (ThinkException) 非法操作:upfiles
[ 2015-07-25T12:56:52+08:00 ] ERR: (ThinkException) 非法操作:uploadfile
[ 2015-07-25T12:56:55+08:00 ] ERR: (ThinkException) 非法操作:uploadfiles
[ 2015-07-25T12:56:57+08:00 ] ERR: (ThinkException) 非法操作:web
[ 2015-07-25T12:56:58+08:00 ] ERR: (ThinkException) 非法操作:data
[ 2015-07-25T12:56:59+08:00 ] ERR: (ThinkException) 非法操作:backup
[ 2015-07-25T12:57:08+08:00 ] ERR: (ThinkException) 非法操作:phpinfo
[ 2015-07-25T12:57:10+08:00 ] 121.42.0.15 /dsapi/api.php/Index/index.php
INFO: [ route_check ] --START--
INFO: Run CheckRoute Behavior [ RunTime:0.001624s ]
INFO: [ route_check ] --END-- [ RunTime:0.001980s ]
NOTIC: [8192] preg_replace(): The /e modifier is deprecated, use preg_replace_callback instead D:\wamp\www\dosochina.com\dsapi\ThinkPHP\Lib\Core\Dispatcher.class.php 第 120 行.
INFO: [ app_begin ] --START--
INFO: Run ReadHtmlCache Behavior [ RunTime:0.001606s ]
INFO: [ app_begin ] --END-- [ RunTime:0.001943s ]

[ 2015-07-25T12:57:13+08:00 ] ERR: (ThinkException) 非法操作:php
[ 2015-07-25T12:57:16+08:00 ] ERR: (ThinkException) 非法操作:info
[ 2015-07-25T12:57:17+08:00 ] ERR: (ThinkException) 非法操作:test
[ 2015-07-25T12:57:18+08:00 ] ERR: (ThinkException) 非法操作:a
[ 2015-07-25T12:57:21+08:00 ] ERR: (ThinkException) 非法操作:1
[ 2015-07-25T12:57:22+08:00 ] ERR: (ThinkException) 非法操作:u
[ 2015-07-25T12:57:23+08:00 ] ERR: (ThinkException) 非法操作:tz
[ 2015-07-25T12:57:24+08:00 ] ERR: (ThinkException) 非法操作:adminer
[ 2015-07-25T12:57:27+08:00 ] ERR: (ThinkException) 非法操作:bigdump
[ 2015-07-25T12:57:28+08:00 ] ERR: (ThinkException) 非法操作:${@print(md5(this_is_a_test_string))}
[ 2015-07-25T13:00:01+08:00 ] ERR: (ThinkException) 非法操作:shopadmin
[ 2015-07-25T13:01:02+08:00 ] ERR: (ThinkException) 非法操作:feed-proxy
[ 2015-07-25T13:02:03+08:00 ] ERR: (ThinkException) 非法操作:bbx
[ 2015-07-25T13:02:08+08:00 ] ERR: (ThinkException) 非法操作:tools
[ 2015-07-25T13:02:09+08:00 ] ERR: (ThinkException) 非法操作:yanfang
[ 2015-07-25T13:02:10+08:00 ] 121.42.0.15 /dsapi/api.php/Index/.DS_Store
INFO: [ route_check ] --START--
INFO: Run CheckRoute Behavior [ RunTime:0.001686s ]
INFO: [ route_check ] --END-- [ RunTime:0.002173s ]
NOTIC: [8192] preg_replace(): The /e modifier is deprecated, use preg_replace_callback instead D:\wamp\www\dosochina.com\dsapi\ThinkPHP\Lib\Core\Dispatcher.class.php 第 120 行.
INFO: [ app_begin ] --START--
INFO: Run ReadHtmlCache Behavior [ RunTime:0.002073s ]
INFO: [ app_begin ] --END-- [ RunTime:0.002632s ]

[ 2015-07-25T13:02:11+08:00 ] ERR: (ThinkException) 非法操作:db
[ 2015-07-25T13:02:13+08:00 ] ERR: (ThinkException) 非法操作:config
[ 2015-07-25T13:02:14+08:00 ] ERR: (ThinkException) 非法操作:logs
[ 2015-07-25T13:02:16+08:00 ] ERR: (ThinkException) 非法操作:log
[ 2015-07-25T13:02:19+08:00 ] ERR: (ThinkException) 非法操作:admin
[ 2015-07-25T13:02:22+08:00 ] 121.42.0.15 /dsapi/api.php/Index/index.action?debug=browser
INFO: [ route_check ] --START--
INFO: Run CheckRoute Behavior [ RunTime:0.001554s ]
INFO: [ route_check ] --END-- [ RunTime:0.001905s ]
NOTIC: [8192] preg_replace(): The /e modifier is deprecated, use preg_replace_callback instead D:\wamp\www\dosochina.com\dsapi\ThinkPHP\Lib\Core\Dispatcher.class.php 第 120 行.
INFO: [ app_begin ] --START--
INFO: Run ReadHtmlCache Behavior [ RunTime:0.001440s ]
INFO: [ app_begin ] --END-- [ RunTime:0.001770s ]

[ 2015-07-25T13:02:23+08:00 ] 121.42.0.15 /dsapi/api.php/Index/index.action?redirect%3A%25%7Bnew+java.lang.String%28%27http%3A%2F%2Fxxxxxxxxxxxxx%27%29%7D
INFO: [ route_check ] --START--
INFO: Run CheckRoute Behavior [ RunTime:0.001514s ]
INFO: [ route_check ] --END-- [ RunTime:0.001868s ]
NOTIC: [8192] preg_replace(): The /e modifier is deprecated, use preg_replace_callback instead D:\wamp\www\dosochina.com\dsapi\ThinkPHP\Lib\Core\Dispatcher.class.php 第 120 行.
INFO: [ app_begin ] --START--
INFO: Run ReadHtmlCache Behavior [ RunTime:0.001766s ]
INFO: [ app_begin ] --END-- [ RunTime:0.002091s ]

[ 2015-07-25T13:02:26+08:00 ] ERR: (ThinkException) 非法操作:admin
[ 2015-07-25T13:02:29+08:00 ] ERR: (ThinkException) 非法操作:upload
[ 2015-07-25T13:02:32+08:00 ] ERR: (ThinkException) 非法操作:uploads
[ 2015-07-25T13:02:33+08:00 ] 121.42.0.15 /dsapi/api.php/Index//
INFO: [ route_check ] --START--
INFO: Run CheckRoute Behavior [ RunTime:0.001259s ]
INFO: [ route_check ] --END-- [ RunTime:0.001611s ]
NOTIC: [8192] preg_replace(): The /e modifier is deprecated, use preg_replace_callback instead D:\wamp\www\dosochina.com\dsapi\ThinkPHP\Lib\Core\Dispatcher.class.php 第 120 行.
INFO: [ app_begin ] --START--
INFO: Run ReadHtmlCache Behavior [ RunTime:0.001164s ]
INFO: [ app_begin ] --END-- [ RunTime:0.001496s ]

[ 2015-07-25T13:02:34+08:00 ] ERR: (ThinkException) 非法操作:htdocs
[ 2015-07-25T13:02:35+08:00 ] ERR: (ThinkException) 非法操作:upfile
[ 2015-07-25T13:02:36+08:00 ] ERR: (ThinkException) 非法操作:upfiles
[ 2015-07-25T13:02:39+08:00 ] ERR: (ThinkException) 非法操作:uploadfile
[ 2015-07-25T13:02:40+08:00 ] ERR: (ThinkException) 非法操作:uploadfiles
[ 2015-07-25T13:02:41+08:00 ] ERR: (ThinkException) 非法操作:web
[ 2015-07-25T13:02:42+08:00 ] ERR: (ThinkException) 非法操作:data
[ 2015-07-25T13:02:45+08:00 ] ERR: (ThinkException) 非法操作:backup
[ 2015-07-25T13:02:55+08:00 ] ERR: (ThinkException) 非法操作:phpinfo
[ 2015-07-25T13:02:58+08:00 ] 121.42.0.15 /dsapi/api.php/Index/index.php
INFO: [ route_check ] --START--
INFO: Run CheckRoute Behavior [ RunTime:0.001211s ]
INFO: [ route_check ] --END-- [ RunTime:0.001565s ]
NOTIC: [8192] preg_replace(): The /e modifier is deprecated, use preg_replace_callback instead D:\wamp\www\dosochina.com\dsapi\ThinkPHP\Lib\Core\Dispatcher.class.php 第 120 行.
INFO: [ app_begin ] --START--
INFO: Run ReadHtmlCache Behavior [ RunTime:0.001102s ]
INFO: [ app_begin ] --END-- [ RunTime:0.001421s ]

[ 2015-07-25T13:02:59+08:00 ] ERR: (ThinkException) 非法操作:php
[ 2015-07-25T13:03:00+08:00 ] ERR: (ThinkException) 非法操作:info
[ 2015-07-25T13:03:01+08:00 ] ERR: (ThinkException) 非法操作:test
[ 2015-07-25T13:03:02+08:00 ] ERR: (ThinkException) 非法操作:a
[ 2015-07-25T13:03:05+08:00 ] ERR: (ThinkException) 非法操作:1
[ 2015-07-25T13:03:07+08:00 ] ERR: (ThinkException) 非法操作:u
[ 2015-07-25T13:03:09+08:00 ] ERR: (ThinkException) 非法操作:tz
[ 2015-07-25T13:03:11+08:00 ] ERR: (ThinkException) 非法操作:adminer
[ 2015-07-25T13:03:13+08:00 ] ERR: (ThinkException) 非法操作:bigdump
[ 2015-07-25T13:03:16+08:00 ] ERR: (ThinkException) 非法操作:${@print(md5(this_is_a_test_string))}
[ 2015-07-25T13:05:29+08:00 ] ERR: (ThinkException) 非法操作:shopadmin
[ 2015-07-25T13:06:30+08:00 ] ERR: (ThinkException) 非法操作:feed-proxy
[ 2015-07-25T13:07:07+08:00 ] ERR: (ThinkException) 非法操作:bbx
[ 2015-07-25T13:07:08+08:00 ] ERR: (ThinkException) 非法操作:tools
[ 2015-07-25T13:07:11+08:00 ] ERR: (ThinkException) 非法操作:yanfang
[ 2015-07-25T13:07:12+08:00 ] 121.42.0.15 /dsapi/api.php/Index/.DS_Store
INFO: [ route_check ] --START--
INFO: Run CheckRoute Behavior [ RunTime:0.001684s ]
INFO: [ route_check ] --END-- [ RunTime:0.002169s ]
NOTIC: [8192] preg_replace(): The /e modifier is deprecated, use preg_replace_callback instead D:\wamp\www\dosochina.com\dsapi\ThinkPHP\Lib\Core\Dispatcher.class.php 第 120 行.
INFO: [ app_begin ] --START--
INFO: Run ReadHtmlCache Behavior [ RunTime:0.001530s ]
INFO: [ app_begin ] --END-- [ RunTime:0.001875s ]

[ 2015-07-25T13:07:14+08:00 ] ERR: (ThinkException) 非法操作:db
[ 2015-07-25T13:07:15+08:00 ] ERR: (ThinkException) 非法操作:config
[ 2015-07-25T13:07:17+08:00 ] ERR: (ThinkException) 非法操作:logs
[ 2015-07-25T13:07:19+08:00 ] ERR: (ThinkException) 非法操作:log
[ 2015-07-25T13:07:22+08:00 ] ERR: (ThinkException) 非法操作:admin
[ 2015-07-25T13:07:23+08:00 ] 121.42.0.15 /dsapi/api.php/Index/index.action?debug=browser
INFO: [ route_check ] --START--
INFO: Run CheckRoute Behavior [ RunTime:0.001310s ]
INFO: [ route_check ] --END-- [ RunTime:0.001711s ]
NOTIC: [8192] preg_replace(): The /e modifier is deprecated, use preg_replace_callback instead D:\wamp\www\dosochina.com\dsapi\ThinkPHP\Lib\Core\Dispatcher.class.php 第 120 行.
INFO: [ app_begin ] --START--
INFO: Run ReadHtmlCache Behavior [ RunTime:0.001362s ]
INFO: [ app_begin ] --END-- [ RunTime:0.001697s ]

[ 2015-07-25T13:07:24+08:00 ] 121.42.0.15 /dsapi/api.php/Index/index.action?redirect%3A%25%7Bnew+java.lang.String%28%27http%3A%2F%2Fxxxxxxxxxxxxx%27%29%7D
INFO: [ route_check ] --START--
INFO: Run CheckRoute Behavior [ RunTime:0.001295s ]
INFO: [ route_check ] --END-- [ RunTime:0.001646s ]
NOTIC: [8192] preg_replace(): The /e modifier is deprecated, use preg_replace_callback instead D:\wamp\www\dosochina.com\dsapi\ThinkPHP\Lib\Core\Dispatcher.class.php 第 120 行.
INFO: [ app_begin ] --START--
INFO: Run ReadHtmlCache Behavior [ RunTime:0.001192s ]
INFO: [ app_begin ] --END-- [ RunTime:0.001513s ]

[ 2015-07-25T13:07:29+08:00 ] ERR: (ThinkException) 非法操作:admin
[ 2015-07-25T13:07:31+08:00 ] ERR: (ThinkException) 非法操作:upload
[ 2015-07-25T13:07:33+08:00 ] ERR: (ThinkException) 非法操作:uploads
[ 2015-07-25T13:07:34+08:00 ] 121.42.0.15 /dsapi/api.php/Index//
INFO: [ route_check ] --START--
INFO: Run CheckRoute Behavior [ RunTime:0.001449s ]
INFO: [ route_check ] --END-- [ RunTime:0.001832s ]
NOTIC: [8192] preg_replace(): The /e modifier is deprecated, use preg_replace_callback instead D:\wamp\www\dosochina.com\dsapi\ThinkPHP\Lib\Core\Dispatcher.class.php 第 120 行.
INFO: [ app_begin ] --START--
INFO: Run ReadHtmlCache Behavior [ RunTime:0.001440s ]
INFO: [ app_begin ] --END-- [ RunTime:0.001772s ]

[ 2015-07-25T13:07:35+08:00 ] ERR: (ThinkException) 非法操作:htdocs
[ 2015-07-25T13:07:37+08:00 ] ERR: (ThinkException) 非法操作:upfile
[ 2015-07-25T13:07:38+08:00 ] ERR: (ThinkException) 非法操作:upfiles
[ 2015-07-25T13:07:40+08:00 ] ERR: (ThinkException) 非法操作:uploadfile
[ 2015-07-25T13:07:43+08:00 ] ERR: (ThinkException) 非法操作:uploadfiles
[ 2015-07-25T13:07:44+08:00 ] ERR: (ThinkException) 非法操作:web
[ 2015-07-25T13:07:45+08:00 ] ERR: (ThinkException) 非法操作:data
[ 2015-07-25T13:07:46+08:00 ] ERR: (ThinkException) 非法操作:backup
[ 2015-07-25T13:07:54+08:00 ] ERR: (ThinkException) 非法操作:phpinfo
[ 2015-07-25T13:07:57+08:00 ] 121.42.0.15 /dsapi/api.php/Index/index.php
INFO: [ route_check ] --START--
INFO: Run CheckRoute Behavior [ RunTime:0.001556s ]
INFO: [ route_check ] --END-- [ RunTime:0.001961s ]
NOTIC: [8192] preg_replace(): The /e modifier is deprecated, use preg_replace_callback instead D:\wamp\www\dosochina.com\dsapi\ThinkPHP\Lib\Core\Dispatcher.class.php 第 120 行.
INFO: [ app_begin ] --START--
INFO: Run ReadHtmlCache Behavior [ RunTime:0.001322s ]
INFO: [ app_begin ] --END-- [ RunTime:0.001669s ]

[ 2015-07-25T13:07:58+08:00 ] ERR: (ThinkException) 非法操作:php
[ 2015-07-25T13:08:01+08:00 ] ERR: (ThinkException) 非法操作:info
[ 2015-07-25T13:08:02+08:00 ] ERR: (ThinkException) 非法操作:test
[ 2015-07-25T13:08:05+08:00 ] ERR: (ThinkException) 非法操作:a
[ 2015-07-25T13:08:08+08:00 ] ERR: (ThinkException) 非法操作:1
[ 2015-07-25T13:08:09+08:00 ] ERR: (ThinkException) 非法操作:u
[ 2015-07-25T13:08:10+08:00 ] ERR: (ThinkException) 非法操作:tz
[ 2015-07-25T13:08:11+08:00 ] ERR: (ThinkException) 非法操作:adminer
[ 2015-07-25T13:08:12+08:00 ] ERR: (ThinkException) 非法操作:bigdump
[ 2015-07-25T13:08:13+08:00 ] ERR: (ThinkException) 非法操作:${@print(md5(this_is_a_test_string))}
[ 2015-07-25T13:09:15+08:00 ] ERR: (ThinkException) 非法操作:shopadmin
[ 2015-07-25T13:10:16+08:00 ] ERR: (ThinkException) 非法操作:feed-proxy
[ 2015-07-25T13:11:17+08:00 ] ERR: (ThinkException) 非法操作:bbx
[ 2015-07-25T13:11:36+08:00 ] ERR: (ThinkException) 非法操作:tools
[ 2015-07-25T13:11:38+08:00 ] ERR: (ThinkException) 非法操作:yanfang
[ 2015-07-25T13:11:39+08:00 ] 121.42.0.15 /dsapi/api.php/Index/.DS_Store
INFO: [ route_check ] --START--
INFO: Run CheckRoute Behavior [ RunTime:0.001010s ]
INFO: [ route_check ] --END-- [ RunTime:0.001372s ]
NOTIC: [8192] preg_replace(): The /e modifier is deprecated, use preg_replace_callback instead D:\wamp\www\dosochina.com\dsapi\ThinkPHP\Lib\Core\Dispatcher.class.php 第 120 行.
INFO: [ app_begin ] --START--
INFO: Run ReadHtmlCache Behavior [ RunTime:0.001040s ]
INFO: [ app_begin ] --END-- [ RunTime:0.001379s ]

[ 2015-07-25T13:11:40+08:00 ] ERR: (ThinkException) 非法操作:db
[ 2015-07-25T13:11:41+08:00 ] ERR: (ThinkException) 非法操作:config
[ 2015-07-25T13:11:42+08:00 ] ERR: (ThinkException) 非法操作:logs
[ 2015-07-25T13:11:43+08:00 ] ERR: (ThinkException) 非法操作:log
[ 2015-07-25T13:11:48+08:00 ] ERR: (ThinkException) 非法操作:admin
[ 2015-07-25T13:11:49+08:00 ] 121.42.0.15 /dsapi/api.php/Index/index.action?debug=browser
INFO: [ route_check ] --START--
INFO: Run CheckRoute Behavior [ RunTime:0.001099s ]
INFO: [ route_check ] --END-- [ RunTime:0.001504s ]
NOTIC: [8192] preg_replace(): The /e modifier is deprecated, use preg_replace_callback instead D:\wamp\www\dosochina.com\dsapi\ThinkPHP\Lib\Core\Dispatcher.class.php 第 120 行.
INFO: [ app_begin ] --START--
INFO: Run ReadHtmlCache Behavior [ RunTime:0.001086s ]
INFO: [ app_begin ] --END-- [ RunTime:0.001430s ]

[ 2015-07-25T13:11:52+08:00 ] 121.42.0.15 /dsapi/api.php/Index/index.action?redirect%3A%25%7Bnew+java.lang.String%28%27http%3A%2F%2Fxxxxxxxxxxxxx%27%29%7D
INFO: [ route_check ] --START--
INFO: Run CheckRoute Behavior [ RunTime:0.001056s ]
INFO: [ route_check ] --END-- [ RunTime:0.001465s ]
NOTIC: [8192] preg_replace(): The /e modifier is deprecated, use preg_replace_callback instead D:\wamp\www\dosochina.com\dsapi\ThinkPHP\Lib\Core\Dispatcher.class.php 第 120 行.
INFO: [ app_begin ] --START--
INFO: Run ReadHtmlCache Behavior [ RunTime:0.001083s ]
INFO: [ app_begin ] --END-- [ RunTime:0.001440s ]

[ 2015-07-25T13:11:56+08:00 ] ERR: (ThinkException) 非法操作:admin
[ 2015-07-25T13:11:59+08:00 ] ERR: (ThinkException) 非法操作:upload
[ 2015-07-25T13:12:01+08:00 ] ERR: (ThinkException) 非法操作:uploads
[ 2015-07-25T13:12:04+08:00 ] 121.42.0.15 /dsapi/api.php/Index//
INFO: [ route_check ] --START--
INFO: Run CheckRoute Behavior [ RunTime:0.001032s ]
INFO: [ route_check ] --END-- [ RunTime:0.001390s ]
NOTIC: [8192] preg_replace(): The /e modifier is deprecated, use preg_replace_callback instead D:\wamp\www\dosochina.com\dsapi\ThinkPHP\Lib\Core\Dispatcher.class.php 第 120 行.
INFO: [ app_begin ] --START--
INFO: Run ReadHtmlCache Behavior [ RunTime:0.001046s ]
INFO: [ app_begin ] --END-- [ RunTime:0.001425s ]

[ 2015-07-25T13:12:05+08:00 ] ERR: (ThinkException) 非法操作:htdocs
[ 2015-07-25T13:12:06+08:00 ] ERR: (ThinkException) 非法操作:upfile
[ 2015-07-25T13:12:07+08:00 ] ERR: (ThinkException) 非法操作:upfiles
[ 2015-07-25T13:12:08+08:00 ] ERR: (ThinkException) 非法操作:uploadfile
[ 2015-07-25T13:12:11+08:00 ] ERR: (ThinkException) 非法操作:uploadfiles
[ 2015-07-25T13:12:12+08:00 ] ERR: (ThinkException) 非法操作:web
[ 2015-07-25T13:12:15+08:00 ] ERR: (ThinkException) 非法操作:data
[ 2015-07-25T13:12:16+08:00 ] ERR: (ThinkException) 非法操作:backup
[ 2015-07-25T13:12:26+08:00 ] ERR: (ThinkException) 非法操作:phpinfo
[ 2015-07-25T13:12:27+08:00 ] 121.42.0.15 /dsapi/api.php/Index/index.php
INFO: [ route_check ] --START--
INFO: Run CheckRoute Behavior [ RunTime:0.001037s ]
INFO: [ route_check ] --END-- [ RunTime:0.001394s ]
NOTIC: [8192] preg_replace(): The /e modifier is deprecated, use preg_replace_callback instead D:\wamp\www\dosochina.com\dsapi\ThinkPHP\Lib\Core\Dispatcher.class.php 第 120 行.
INFO: [ app_begin ] --START--
INFO: Run ReadHtmlCache Behavior [ RunTime:0.001168s ]
INFO: [ app_begin ] --END-- [ RunTime:0.001561s ]

[ 2015-07-25T13:12:28+08:00 ] ERR: (ThinkException) 非法操作:php
[ 2015-07-25T13:12:29+08:00 ] ERR: (ThinkException) 非法操作:info
[ 2015-07-25T13:12:31+08:00 ] ERR: (ThinkException) 非法操作:test
[ 2015-07-25T13:12:34+08:00 ] ERR: (ThinkException) 非法操作:a
[ 2015-07-25T13:12:37+08:00 ] ERR: (ThinkException) 非法操作:1
[ 2015-07-25T13:12:40+08:00 ] ERR: (ThinkException) 非法操作:u
[ 2015-07-25T13:12:42+08:00 ] ERR: (ThinkException) 非法操作:tz
[ 2015-07-25T13:12:44+08:00 ] ERR: (ThinkException) 非法操作:adminer
[ 2015-07-25T13:12:46+08:00 ] ERR: (ThinkException) 非法操作:bigdump
[ 2015-07-25T13:12:49+08:00 ] ERR: (ThinkException) 非法操作:${@print(md5(this_is_a_test_string))}
