[ 2015-06-27T10:09:43+08:00 ] ERR: (ThinkException) 非法操作:bbx
[ 2015-06-27T10:09:51+08:00 ] ERR: (ThinkException) 非法操作:tools
[ 2015-06-27T10:09:54+08:00 ] ERR: (ThinkException) 非法操作:yanfang
[ 2015-06-27T10:09:55+08:00 ] ERR: (ThinkException) 非法操作:feed-proxy
[ 2015-06-27T10:09:56+08:00 ] ERR: (ThinkException) 非法操作:shopadmin
[ 2015-06-27T10:11:00+08:00 ] ERR: (ThinkException) 非法操作:bbx
[ 2015-06-27T10:11:01+08:00 ] ERR: (ThinkException) 非法操作:tools
[ 2015-06-27T10:11:02+08:00 ] ERR: (ThinkException) 非法操作:yanfang
[ 2015-06-27T10:11:03+08:00 ] ERR: (ThinkException) 非法操作:feed-proxy
[ 2015-06-27T10:11:04+08:00 ] ERR: (ThinkException) 非法操作:shopadmin
[ 2015-06-27T10:11:19+08:00 ] ERR: (ThinkException) 非法操作:bbx
[ 2015-06-27T10:11:20+08:00 ] ERR: (ThinkException) 非法操作:tools
[ 2015-06-27T10:11:21+08:00 ] ERR: (ThinkException) 非法操作:yanfang
[ 2015-06-27T10:11:24+08:00 ] ERR: (ThinkException) 非法操作:feed-proxy
[ 2015-06-27T10:11:25+08:00 ] ERR: (ThinkException) 非法操作:shopadmin
[ 2015-06-27T10:11:32+08:00 ] ERR: (ThinkException) 非法操作:bbx
[ 2015-06-27T10:11:33+08:00 ] ERR: (ThinkException) 非法操作:tools
[ 2015-06-27T10:11:36+08:00 ] ERR: (ThinkException) 非法操作:yanfang
[ 2015-06-27T10:11:36+08:00 ] ERR: (ThinkException) 非法操作:feed-proxy
[ 2015-06-27T10:11:37+08:00 ] ERR: (ThinkException) 非法操作:shopadmin
[ 2015-06-27T10:11:38+08:00 ] ERR: (ThinkException) 非法操作:bbx
[ 2015-06-27T10:11:40+08:00 ] ERR: (ThinkException) 非法操作:tools
[ 2015-06-27T10:12:00+08:00 ] ERR: (ThinkException) 非法操作:yanfang
[ 2015-06-27T10:12:11+08:00 ] ERR: (ThinkException) 非法操作:feed-proxy
[ 2015-06-27T10:12:16+08:00 ] ERR: (ThinkException) 非法操作:shopadmin
[ 2015-06-27T10:25:04+08:00 ] ERR: (ThinkException) 非法操作:bbx
[ 2015-06-27T10:25:46+08:00 ] ERR: (ThinkException) 非法操作:tools
[ 2015-06-27T10:25:49+08:00 ] ERR: (ThinkException) 非法操作:yanfang
[ 2015-06-27T10:25:49+08:00 ] ERR: (ThinkException) 非法操作:feed-proxy
[ 2015-06-27T10:25:50+08:00 ] ERR: (ThinkException) 非法操作:shopadmin
[ 2015-06-27T10:27:14+08:00 ] ERR: (ThinkException) 非法操作:bbx
[ 2015-06-27T10:27:31+08:00 ] ERR: (ThinkException) 非法操作:tools
[ 2015-06-27T10:27:35+08:00 ] ERR: (ThinkException) 非法操作:yanfang
[ 2015-06-27T10:27:35+08:00 ] ERR: (ThinkException) 非法操作:feed-proxy
[ 2015-06-27T10:27:36+08:00 ] ERR: (ThinkException) 非法操作:shopadmin
