[ 2015-07-20T01:12:48+08:00 ] ERR: (ThinkException) Access denied for user 'root'@'localhost' (using password: YES)
[ 2015-07-20T01:21:47+08:00 ] ERR: (ThinkException) Access denied for user 'root'@'localhost' (using password: YES)
[ 2015-07-20T01:21:47+08:00 ] ERR: (ThinkException) Access denied for user 'root'@'localhost' (using password: YES)
[ 2015-07-20T01:21:47+08:00 ] ERR: (ThinkException) Access denied for user 'root'@'localhost' (using password: YES)
[ 2015-07-20T01:22:32+08:00 ] ERR: (ThinkException) Access denied for user 'root'@'localhost' (using password: YES)
[ 2015-07-20T01:22:32+08:00 ] ERR: (ThinkException) Access denied for user 'root'@'localhost' (using password: YES)
[ 2015-07-20T01:22:32+08:00 ] ERR: (ThinkException) Access denied for user 'root'@'localhost' (using password: YES)
[ 2015-07-20T01:22:39+08:00 ] ERR: (ThinkException) Access denied for user 'root'@'localhost' (using password: YES)
[ 2015-07-20T01:22:40+08:00 ] ERR: (ThinkException) Access denied for user 'root'@'localhost' (using password: YES)
[ 2015-07-20T01:22:40+08:00 ] ERR: (ThinkException) Access denied for user 'root'@'localhost' (using password: YES)
[ 2015-07-20T01:23:31+08:00 ] 183.149.190.4 /dsapi/api.php/Index
INFO: [ route_check ] --START--
INFO: Run CheckRoute Behavior [ RunTime:0.001338s ]
INFO: [ route_check ] --END-- [ RunTime:0.001726s ]
NOTIC: [8192] preg_replace(): The /e modifier is deprecated, use preg_replace_callback instead D:\wamp\www\dosochina.com\dsapi\ThinkPHP\Lib\Core\Dispatcher.class.php 第 120 行.
INFO: [ app_begin ] --START--
INFO: Run ReadHtmlCache Behavior [ RunTime:0.001286s ]
INFO: [ app_begin ] --END-- [ RunTime:0.001683s ]

[ 2015-07-20T01:23:48+08:00 ] 183.149.190.4 /dsapi/api.php/Index
INFO: [ route_check ] --START--
INFO: Run CheckRoute Behavior [ RunTime:0.001395s ]
INFO: [ route_check ] --END-- [ RunTime:0.001830s ]
NOTIC: [8192] preg_replace(): The /e modifier is deprecated, use preg_replace_callback instead D:\wamp\www\dosochina.com\dsapi\ThinkPHP\Lib\Core\Dispatcher.class.php 第 120 行.
INFO: [ app_begin ] --START--
INFO: Run ReadHtmlCache Behavior [ RunTime:0.001246s ]
INFO: [ app_begin ] --END-- [ RunTime:0.001622s ]

[ 2015-07-20T01:24:20+08:00 ] 183.149.190.4 /dsapi/api.php/Index
INFO: [ route_check ] --START--
INFO: Run CheckRoute Behavior [ RunTime:0.001293s ]
INFO: [ route_check ] --END-- [ RunTime:0.001683s ]
NOTIC: [8192] preg_replace(): The /e modifier is deprecated, use preg_replace_callback instead D:\wamp\www\dosochina.com\dsapi\ThinkPHP\Lib\Core\Dispatcher.class.php 第 120 行.
INFO: [ app_begin ] --START--
INFO: Run ReadHtmlCache Behavior [ RunTime:0.001148s ]
INFO: [ app_begin ] --END-- [ RunTime:0.001515s ]

[ 2015-07-20T01:27:55+08:00 ] 183.149.190.4 /dsapi/api.php/Index
INFO: [ route_check ] --START--
INFO: Run CheckRoute Behavior [ RunTime:0.001326s ]
INFO: [ route_check ] --END-- [ RunTime:0.001721s ]
NOTIC: [8192] preg_replace(): The /e modifier is deprecated, use preg_replace_callback instead D:\wamp\www\dosochina.com\dsapi\ThinkPHP\Lib\Core\Dispatcher.class.php 第 120 行.
INFO: [ app_begin ] --START--
INFO: Run ReadHtmlCache Behavior [ RunTime:0.001222s ]
INFO: [ app_begin ] --END-- [ RunTime:0.001617s ]

[ 2015-07-20T01:31:32+08:00 ] 183.149.190.4 /dsapi/api.php/Index
INFO: [ route_check ] --START--
INFO: Run CheckRoute Behavior [ RunTime:0.001431s ]
INFO: [ route_check ] --END-- [ RunTime:0.001974s ]
NOTIC: [8192] preg_replace(): The /e modifier is deprecated, use preg_replace_callback instead D:\wamp\www\dosochina.com\dsapi\ThinkPHP\Lib\Core\Dispatcher.class.php 第 120 行.
INFO: [ app_begin ] --START--
INFO: Run ReadHtmlCache Behavior [ RunTime:0.001107s ]
INFO: [ app_begin ] --END-- [ RunTime:0.001498s ]

[ 2015-07-20T01:31:39+08:00 ] 183.149.190.4 /dsapi/api.php/Index
INFO: [ route_check ] --START--
INFO: Run CheckRoute Behavior [ RunTime:0.001424s ]
INFO: [ route_check ] --END-- [ RunTime:0.001799s ]
NOTIC: [8192] preg_replace(): The /e modifier is deprecated, use preg_replace_callback instead D:\wamp\www\dosochina.com\dsapi\ThinkPHP\Lib\Core\Dispatcher.class.php 第 120 行.
INFO: [ app_begin ] --START--
INFO: Run ReadHtmlCache Behavior [ RunTime:0.001260s ]
INFO: [ app_begin ] --END-- [ RunTime:0.001683s ]

[ 2015-07-20T01:33:22+08:00 ] 183.149.190.4 /dsapi/api.php/Index
INFO: [ route_check ] --START--
INFO: Run CheckRoute Behavior [ RunTime:0.001561s ]
INFO: [ route_check ] --END-- [ RunTime:0.001977s ]
NOTIC: [8192] preg_replace(): The /e modifier is deprecated, use preg_replace_callback instead D:\wamp\www\dosochina.com\dsapi\ThinkPHP\Lib\Core\Dispatcher.class.php 第 120 行.
INFO: [ app_begin ] --START--
INFO: Run ReadHtmlCache Behavior [ RunTime:0.001241s ]
INFO: [ app_begin ] --END-- [ RunTime:0.001603s ]

[ 2015-07-20T01:33:25+08:00 ] 183.149.190.4 /dsapi/api.php/Index
INFO: [ route_check ] --START--
INFO: Run CheckRoute Behavior [ RunTime:0.001455s ]
INFO: [ route_check ] --END-- [ RunTime:0.001931s ]
NOTIC: [8192] preg_replace(): The /e modifier is deprecated, use preg_replace_callback instead D:\wamp\www\dosochina.com\dsapi\ThinkPHP\Lib\Core\Dispatcher.class.php 第 120 行.
INFO: [ app_begin ] --START--
INFO: Run ReadHtmlCache Behavior [ RunTime:0.001292s ]
INFO: [ app_begin ] --END-- [ RunTime:0.001762s ]

[ 2015-07-20T01:33:28+08:00 ] ERR: (ThinkException) Access denied for user 'root'@'localhost' (using password: YES)
[ 2015-07-20T01:33:28+08:00 ] ERR: (ThinkException) Access denied for user 'root'@'localhost' (using password: YES)
[ 2015-07-20T01:33:28+08:00 ] ERR: (ThinkException) Access denied for user 'root'@'localhost' (using password: YES)
[ 2015-07-20T01:34:36+08:00 ] 183.149.190.4 /dsapi/api.php/Index
INFO: [ route_check ] --START--
INFO: Run CheckRoute Behavior [ RunTime:0.001554s ]
INFO: [ route_check ] --END-- [ RunTime:0.001962s ]
NOTIC: [8192] preg_replace(): The /e modifier is deprecated, use preg_replace_callback instead D:\wamp\www\dosochina.com\dsapi\ThinkPHP\Lib\Core\Dispatcher.class.php 第 120 行.
INFO: [ app_begin ] --START--
INFO: Run ReadHtmlCache Behavior [ RunTime:0.001392s ]
INFO: [ app_begin ] --END-- [ RunTime:0.001776s ]

[ 2015-07-20T01:34:37+08:00 ] 183.149.190.4 /dsapi/api.php/Index
INFO: [ route_check ] --START--
INFO: Run CheckRoute Behavior [ RunTime:0.001315s ]
INFO: [ route_check ] --END-- [ RunTime:0.001739s ]
NOTIC: [8192] preg_replace(): The /e modifier is deprecated, use preg_replace_callback instead D:\wamp\www\dosochina.com\dsapi\ThinkPHP\Lib\Core\Dispatcher.class.php 第 120 行.
INFO: [ app_begin ] --START--
INFO: Run ReadHtmlCache Behavior [ RunTime:0.001248s ]
INFO: [ app_begin ] --END-- [ RunTime:0.001673s ]

[ 2015-07-20T01:34:38+08:00 ] 183.149.190.4 /dsapi/api.php/Index
INFO: [ route_check ] --START--
INFO: Run CheckRoute Behavior [ RunTime:0.001282s ]
INFO: [ route_check ] --END-- [ RunTime:0.001688s ]
NOTIC: [8192] preg_replace(): The /e modifier is deprecated, use preg_replace_callback instead D:\wamp\www\dosochina.com\dsapi\ThinkPHP\Lib\Core\Dispatcher.class.php 第 120 行.
INFO: [ app_begin ] --START--
INFO: Run ReadHtmlCache Behavior [ RunTime:0.001237s ]
INFO: [ app_begin ] --END-- [ RunTime:0.001633s ]

[ 2015-07-20T01:35:29+08:00 ] 183.149.190.4 /dsapi/api.php/Index
INFO: [ route_check ] --START--
INFO: Run CheckRoute Behavior [ RunTime:0.001298s ]
INFO: [ route_check ] --END-- [ RunTime:0.001740s ]
NOTIC: [8192] preg_replace(): The /e modifier is deprecated, use preg_replace_callback instead D:\wamp\www\dosochina.com\dsapi\ThinkPHP\Lib\Core\Dispatcher.class.php 第 120 行.
INFO: [ app_begin ] --START--
INFO: Run ReadHtmlCache Behavior [ RunTime:0.001098s ]
INFO: [ app_begin ] --END-- [ RunTime:0.001504s ]

[ 2015-07-20T01:35:29+08:00 ] 183.149.190.4 /dsapi/api.php/Index
INFO: [ route_check ] --START--
INFO: Run CheckRoute Behavior [ RunTime:0.001073s ]
INFO: [ route_check ] --END-- [ RunTime:0.001467s ]
NOTIC: [8192] preg_replace(): The /e modifier is deprecated, use preg_replace_callback instead D:\wamp\www\dosochina.com\dsapi\ThinkPHP\Lib\Core\Dispatcher.class.php 第 120 行.
INFO: [ app_begin ] --START--
INFO: Run ReadHtmlCache Behavior [ RunTime:0.000970s ]
INFO: [ app_begin ] --END-- [ RunTime:0.001340s ]

[ 2015-07-20T01:35:29+08:00 ] 183.149.190.4 /dsapi/api.php/Index
INFO: [ route_check ] --START--
INFO: Run CheckRoute Behavior [ RunTime:0.001069s ]
INFO: [ route_check ] --END-- [ RunTime:0.001462s ]
NOTIC: [8192] preg_replace(): The /e modifier is deprecated, use preg_replace_callback instead D:\wamp\www\dosochina.com\dsapi\ThinkPHP\Lib\Core\Dispatcher.class.php 第 120 行.
INFO: [ app_begin ] --START--
INFO: Run ReadHtmlCache Behavior [ RunTime:0.000987s ]
INFO: [ app_begin ] --END-- [ RunTime:0.001333s ]

[ 2015-07-20T01:35:30+08:00 ] 183.149.190.4 /dsapi/api.php/Index
INFO: [ route_check ] --START--
INFO: Run CheckRoute Behavior [ RunTime:0.001155s ]
INFO: [ route_check ] --END-- [ RunTime:0.001539s ]
NOTIC: [8192] preg_replace(): The /e modifier is deprecated, use preg_replace_callback instead D:\wamp\www\dosochina.com\dsapi\ThinkPHP\Lib\Core\Dispatcher.class.php 第 120 行.
INFO: [ app_begin ] --START--
INFO: Run ReadHtmlCache Behavior [ RunTime:0.000979s ]
INFO: [ app_begin ] --END-- [ RunTime:0.001356s ]

[ 2015-07-20T01:35:31+08:00 ] 183.149.190.4 /dsapi/api.php/Index
INFO: [ route_check ] --START--
INFO: Run CheckRoute Behavior [ RunTime:0.001139s ]
INFO: [ route_check ] --END-- [ RunTime:0.001589s ]
NOTIC: [8192] preg_replace(): The /e modifier is deprecated, use preg_replace_callback instead D:\wamp\www\dosochina.com\dsapi\ThinkPHP\Lib\Core\Dispatcher.class.php 第 120 行.
INFO: [ app_begin ] --START--
INFO: Run ReadHtmlCache Behavior [ RunTime:0.001029s ]
INFO: [ app_begin ] --END-- [ RunTime:0.001377s ]

[ 2015-07-20T01:35:34+08:00 ] ERR: (ThinkException) Access denied for user 'root'@'localhost' (using password: YES)
[ 2015-07-20T01:35:34+08:00 ] ERR: (ThinkException) Access denied for user 'root'@'localhost' (using password: YES)
[ 2015-07-20T01:35:34+08:00 ] ERR: (ThinkException) Access denied for user 'root'@'localhost' (using password: YES)
[ 2015-07-20T01:37:56+08:00 ] ERR: (ThinkException) Access denied for user 'root'@'localhost' (using password: YES)
[ 2015-07-20T01:37:56+08:00 ] ERR: (ThinkException) Access denied for user 'root'@'localhost' (using password: YES)
[ 2015-07-20T01:37:56+08:00 ] ERR: (ThinkException) Access denied for user 'root'@'localhost' (using password: YES)
[ 2015-07-20T01:39:30+08:00 ] ERR: (ThinkException) Access denied for user 'root'@'localhost' (using password: YES)
[ 2015-07-20T01:39:54+08:00 ] ERR: (ThinkException) Access denied for user 'root'@'localhost' (using password: YES)
[ 2015-07-20T01:46:21+08:00 ] ERR: (ThinkException) Access denied for user 'root'@'localhost' (using password: YES)
[ 2015-07-20T01:46:21+08:00 ] ERR: (ThinkException) Access denied for user 'root'@'localhost' (using password: YES)
[ 2015-07-20T01:46:21+08:00 ] ERR: (ThinkException) Access denied for user 'root'@'localhost' (using password: YES)
[ 2015-07-20T01:46:23+08:00 ] ERR: (ThinkException) Access denied for user 'root'@'localhost' (using password: YES)
[ 2015-07-20T01:46:24+08:00 ] ERR: (ThinkException) Access denied for user 'root'@'localhost' (using password: YES)
[ 2015-07-20T01:46:24+08:00 ] ERR: (ThinkException) Access denied for user 'root'@'localhost' (using password: YES)
[ 2015-07-20T01:46:28+08:00 ] ERR: (ThinkException) Access denied for user 'root'@'localhost' (using password: YES)
