[ 2015-07-02T00:21:19+08:00 ] 120.135.24.88 /jyst/api.php/Index/testPush
INFO: [ route_check ] --START--
INFO: Run CheckRoute Behavior [ RunTime:0.000977s ]
INFO: [ route_check ] --END-- [ RunTime:0.001063s ]
NOTIC: [8192] preg_replace(): The /e modifier is deprecated, use preg_replace_callback instead D:\web\jyst\ThinkPHP\Lib\Core\Dispatcher.class.php 第 120 行.
INFO: [ app_begin ] --START--
INFO: Run ReadHtmlCache Behavior [ RunTime:0.000368s ]
INFO: [ app_begin ] --END-- [ RunTime:0.000433s ]

[ 2015-07-02T14:11:53+08:00 ] ERR: (ThinkException) 非法操作:uploads
[ 2015-07-02T14:11:55+08:00 ] 121.42.0.15 /jyst/api.php/Index/
INFO: [ route_check ] --START--
INFO: Run CheckRoute Behavior [ RunTime:0.000480s ]
INFO: [ route_check ] --END-- [ RunTime:0.000575s ]
NOTIC: [8192] preg_replace(): The /e modifier is deprecated, use preg_replace_callback instead D:\web\jyst\ThinkPHP\Lib\Core\Dispatcher.class.php 第 120 行.
INFO: [ app_begin ] --START--
INFO: Run ReadHtmlCache Behavior [ RunTime:0.000344s ]
INFO: [ app_begin ] --END-- [ RunTime:0.000452s ]

[ 2015-07-02T14:11:55+08:00 ] ERR: (ThinkException) 非法操作:htdocs
[ 2015-07-02T14:11:56+08:00 ] ERR: (ThinkException) 非法操作:upfile
[ 2015-07-02T14:11:57+08:00 ] ERR: (ThinkException) 非法操作:upfiles
[ 2015-07-02T14:11:58+08:00 ] ERR: (ThinkException) 非法操作:uploadfile
[ 2015-07-02T14:12:00+08:00 ] ERR: (ThinkException) 非法操作:uploadfiles
[ 2015-07-02T14:12:01+08:00 ] ERR: (ThinkException) 非法操作:web
[ 2015-07-02T14:12:02+08:00 ] ERR: (ThinkException) 非法操作:data
[ 2015-07-02T14:12:04+08:00 ] ERR: (ThinkException) 非法操作:backup
[ 2015-07-02T14:12:13+08:00 ] ERR: (ThinkException) 非法操作:phpinfo
[ 2015-07-02T14:12:14+08:00 ] 121.42.0.15 /jyst/api.php/Index/index.php
INFO: [ route_check ] --START--
INFO: Run CheckRoute Behavior [ RunTime:0.000492s ]
INFO: [ route_check ] --END-- [ RunTime:0.000579s ]
NOTIC: [8192] preg_replace(): The /e modifier is deprecated, use preg_replace_callback instead D:\web\jyst\ThinkPHP\Lib\Core\Dispatcher.class.php 第 120 行.
INFO: [ app_begin ] --START--
INFO: Run ReadHtmlCache Behavior [ RunTime:0.000357s ]
INFO: [ app_begin ] --END-- [ RunTime:0.000421s ]

[ 2015-07-02T14:12:15+08:00 ] ERR: (ThinkException) 非法操作:php
[ 2015-07-02T14:12:16+08:00 ] ERR: (ThinkException) 非法操作:info
[ 2015-07-02T14:12:17+08:00 ] ERR: (ThinkException) 非法操作:test
[ 2015-07-02T14:12:18+08:00 ] ERR: (ThinkException) 非法操作:a
[ 2015-07-02T14:12:19+08:00 ] ERR: (ThinkException) 非法操作:1
[ 2015-07-02T14:12:20+08:00 ] ERR: (ThinkException) 非法操作:u
[ 2015-07-02T14:12:21+08:00 ] ERR: (ThinkException) 非法操作:tz
[ 2015-07-02T14:12:22+08:00 ] ERR: (ThinkException) 非法操作:adminer
[ 2015-07-02T14:12:23+08:00 ] ERR: (ThinkException) 非法操作:bigdump
[ 2015-07-02T14:12:24+08:00 ] ERR: (ThinkException) 非法操作:${@print(md5(this_is_a_test_string))}
[ 2015-07-02T14:15:45+08:00 ] ERR: (ThinkException) 非法操作:shopadmin
[ 2015-07-02T14:16:46+08:00 ] ERR: (ThinkException) 非法操作:feed-proxy
[ 2015-07-02T14:17:03+08:00 ] ERR: (ThinkException) 非法操作:bbx
[ 2015-07-02T14:17:11+08:00 ] ERR: (ThinkException) 非法操作:tools
[ 2015-07-02T14:17:15+08:00 ] ERR: (ThinkException) 非法操作:yanfang
[ 2015-07-02T14:17:19+08:00 ] 121.42.0.15 /jyst/api.php/Index/.DS_Store
INFO: [ route_check ] --START--
INFO: Run CheckRoute Behavior [ RunTime:0.000640s ]
INFO: [ route_check ] --END-- [ RunTime:0.000727s ]
NOTIC: [8192] preg_replace(): The /e modifier is deprecated, use preg_replace_callback instead D:\web\jyst\ThinkPHP\Lib\Core\Dispatcher.class.php 第 120 行.
INFO: [ app_begin ] --START--
INFO: Run ReadHtmlCache Behavior [ RunTime:0.000366s ]
INFO: [ app_begin ] --END-- [ RunTime:0.000431s ]

[ 2015-07-02T14:17:25+08:00 ] ERR: (ThinkException) 非法操作:db
[ 2015-07-02T14:17:29+08:00 ] ERR: (ThinkException) 非法操作:config
[ 2015-07-02T14:17:32+08:00 ] ERR: (ThinkException) 非法操作:logs
[ 2015-07-02T14:17:35+08:00 ] ERR: (ThinkException) 非法操作:shopadmin
[ 2015-07-02T14:17:53+08:00 ] ERR: (ThinkException) 非法操作:log
[ 2015-07-02T14:18:01+08:00 ] ERR: (ThinkException) 非法操作:admin
[ 2015-07-02T14:18:02+08:00 ] 121.42.0.15 /jyst/api.php/Index/index.action?debug=browser
INFO: [ route_check ] --START--
INFO: Run CheckRoute Behavior [ RunTime:0.000708s ]
INFO: [ route_check ] --END-- [ RunTime:0.000787s ]
NOTIC: [8192] preg_replace(): The /e modifier is deprecated, use preg_replace_callback instead D:\web\jyst\ThinkPHP\Lib\Core\Dispatcher.class.php 第 120 行.
INFO: [ app_begin ] --START--
INFO: Run ReadHtmlCache Behavior [ RunTime:0.000627s ]
INFO: [ app_begin ] --END-- [ RunTime:0.000714s ]

[ 2015-07-02T14:18:03+08:00 ] 121.42.0.15 /jyst/api.php/Index/index.action?redirect%3A%25%7Bnew+java.lang.String%28%27http%3A%2F%2Fxxxxxxxxxxxxx%27%29%7D
INFO: [ route_check ] --START--
INFO: Run CheckRoute Behavior [ RunTime:0.000661s ]
INFO: [ route_check ] --END-- [ RunTime:0.000741s ]
NOTIC: [8192] preg_replace(): The /e modifier is deprecated, use preg_replace_callback instead D:\web\jyst\ThinkPHP\Lib\Core\Dispatcher.class.php 第 120 行.
INFO: [ app_begin ] --START--
INFO: Run ReadHtmlCache Behavior [ RunTime:0.000403s ]
INFO: [ app_begin ] --END-- [ RunTime:0.000466s ]

[ 2015-07-02T14:18:06+08:00 ] ERR: (ThinkException) 非法操作:admin
[ 2015-07-02T14:18:07+08:00 ] ERR: (ThinkException) 非法操作:upload
[ 2015-07-02T14:18:08+08:00 ] ERR: (ThinkException) 非法操作:uploads
[ 2015-07-02T14:18:09+08:00 ] 121.42.0.15 /jyst/api.php/Index/
INFO: [ route_check ] --START--
INFO: Run CheckRoute Behavior [ RunTime:0.000644s ]
INFO: [ route_check ] --END-- [ RunTime:0.000726s ]
NOTIC: [8192] preg_replace(): The /e modifier is deprecated, use preg_replace_callback instead D:\web\jyst\ThinkPHP\Lib\Core\Dispatcher.class.php 第 120 行.
INFO: [ app_begin ] --START--
INFO: Run ReadHtmlCache Behavior [ RunTime:0.000360s ]
INFO: [ app_begin ] --END-- [ RunTime:0.000424s ]

[ 2015-07-02T14:18:10+08:00 ] ERR: (ThinkException) 非法操作:htdocs
[ 2015-07-02T14:18:11+08:00 ] ERR: (ThinkException) 非法操作:upfile
[ 2015-07-02T14:18:12+08:00 ] ERR: (ThinkException) 非法操作:upfiles
[ 2015-07-02T14:18:13+08:00 ] ERR: (ThinkException) 非法操作:uploadfile
[ 2015-07-02T14:18:14+08:00 ] ERR: (ThinkException) 非法操作:uploadfiles
[ 2015-07-02T14:18:15+08:00 ] ERR: (ThinkException) 非法操作:web
[ 2015-07-02T14:18:16+08:00 ] ERR: (ThinkException) 非法操作:data
[ 2015-07-02T14:18:17+08:00 ] ERR: (ThinkException) 非法操作:backup
[ 2015-07-02T14:18:24+08:00 ] ERR: (ThinkException) 非法操作:phpinfo
[ 2015-07-02T14:18:25+08:00 ] 121.42.0.15 /jyst/api.php/Index/index.php
INFO: [ route_check ] --START--
INFO: Run CheckRoute Behavior [ RunTime:0.000470s ]
INFO: [ route_check ] --END-- [ RunTime:0.000552s ]
NOTIC: [8192] preg_replace(): The /e modifier is deprecated, use preg_replace_callback instead D:\web\jyst\ThinkPHP\Lib\Core\Dispatcher.class.php 第 120 行.
INFO: [ app_begin ] --START--
INFO: Run ReadHtmlCache Behavior [ RunTime:0.000359s ]
INFO: [ app_begin ] --END-- [ RunTime:0.000421s ]

[ 2015-07-02T14:18:26+08:00 ] ERR: (ThinkException) 非法操作:php
[ 2015-07-02T14:18:27+08:00 ] ERR: (ThinkException) 非法操作:info
[ 2015-07-02T14:18:28+08:00 ] ERR: (ThinkException) 非法操作:test
[ 2015-07-02T14:18:29+08:00 ] ERR: (ThinkException) 非法操作:a
[ 2015-07-02T14:18:30+08:00 ] ERR: (ThinkException) 非法操作:1
[ 2015-07-02T14:18:31+08:00 ] ERR: (ThinkException) 非法操作:u
[ 2015-07-02T14:18:32+08:00 ] ERR: (ThinkException) 非法操作:tz
[ 2015-07-02T14:18:33+08:00 ] ERR: (ThinkException) 非法操作:adminer
[ 2015-07-02T14:18:34+08:00 ] ERR: (ThinkException) 非法操作:bigdump
[ 2015-07-02T14:18:35+08:00 ] ERR: (ThinkException) 非法操作:${@print(md5(this_is_a_test_string))}
[ 2015-07-02T14:18:36+08:00 ] ERR: (ThinkException) 非法操作:feed-proxy
[ 2015-07-02T14:19:02+08:00 ] ERR: (ThinkException) 非法操作:bbx
[ 2015-07-02T14:19:15+08:00 ] ERR: (ThinkException) 非法操作:tools
[ 2015-07-02T14:19:16+08:00 ] ERR: (ThinkException) 非法操作:yanfang
[ 2015-07-02T14:19:17+08:00 ] 121.42.0.15 /jyst/api.php/Index/.DS_Store
INFO: [ route_check ] --START--
INFO: Run CheckRoute Behavior [ RunTime:0.000485s ]
INFO: [ route_check ] --END-- [ RunTime:0.000601s ]
NOTIC: [8192] preg_replace(): The /e modifier is deprecated, use preg_replace_callback instead D:\web\jyst\ThinkPHP\Lib\Core\Dispatcher.class.php 第 120 行.
INFO: [ app_begin ] --START--
INFO: Run ReadHtmlCache Behavior [ RunTime:0.000364s ]
INFO: [ app_begin ] --END-- [ RunTime:0.000427s ]

[ 2015-07-02T14:19:18+08:00 ] ERR: (ThinkException) 非法操作:db
[ 2015-07-02T14:19:19+08:00 ] ERR: (ThinkException) 非法操作:config
[ 2015-07-02T14:19:20+08:00 ] ERR: (ThinkException) 非法操作:logs
[ 2015-07-02T14:19:21+08:00 ] ERR: (ThinkException) 非法操作:log
[ 2015-07-02T14:19:24+08:00 ] ERR: (ThinkException) 非法操作:admin
[ 2015-07-02T14:19:25+08:00 ] 121.42.0.15 /jyst/api.php/Index/index.action?debug=browser
INFO: [ route_check ] --START--
INFO: Run CheckRoute Behavior [ RunTime:0.000517s ]
INFO: [ route_check ] --END-- [ RunTime:0.000601s ]
NOTIC: [8192] preg_replace(): The /e modifier is deprecated, use preg_replace_callback instead D:\web\jyst\ThinkPHP\Lib\Core\Dispatcher.class.php 第 120 行.
INFO: [ app_begin ] --START--
INFO: Run ReadHtmlCache Behavior [ RunTime:0.000335s ]
INFO: [ app_begin ] --END-- [ RunTime:0.000397s ]

[ 2015-07-02T14:19:26+08:00 ] 121.42.0.15 /jyst/api.php/Index/index.action?redirect%3A%25%7Bnew+java.lang.String%28%27http%3A%2F%2Fxxxxxxxxxxxxx%27%29%7D
INFO: [ route_check ] --START--
INFO: Run CheckRoute Behavior [ RunTime:0.000521s ]
INFO: [ route_check ] --END-- [ RunTime:0.000602s ]
NOTIC: [8192] preg_replace(): The /e modifier is deprecated, use preg_replace_callback instead D:\web\jyst\ThinkPHP\Lib\Core\Dispatcher.class.php 第 120 行.
INFO: [ app_begin ] --START--
INFO: Run ReadHtmlCache Behavior [ RunTime:0.000362s ]
INFO: [ app_begin ] --END-- [ RunTime:0.000424s ]

[ 2015-07-02T14:19:29+08:00 ] ERR: (ThinkException) 非法操作:admin
[ 2015-07-02T14:19:30+08:00 ] ERR: (ThinkException) 非法操作:upload
[ 2015-07-02T14:19:31+08:00 ] ERR: (ThinkException) 非法操作:uploads
[ 2015-07-02T14:19:32+08:00 ] 121.42.0.15 /jyst/api.php/Index/
INFO: [ route_check ] --START--
INFO: Run CheckRoute Behavior [ RunTime:0.000612s ]
INFO: [ route_check ] --END-- [ RunTime:0.000712s ]
NOTIC: [8192] preg_replace(): The /e modifier is deprecated, use preg_replace_callback instead D:\web\jyst\ThinkPHP\Lib\Core\Dispatcher.class.php 第 120 行.
INFO: [ app_begin ] --START--
INFO: Run ReadHtmlCache Behavior [ RunTime:0.000393s ]
INFO: [ app_begin ] --END-- [ RunTime:0.000472s ]

[ 2015-07-02T14:19:33+08:00 ] ERR: (ThinkException) 非法操作:htdocs
[ 2015-07-02T14:19:34+08:00 ] ERR: (ThinkException) 非法操作:upfile
[ 2015-07-02T14:19:35+08:00 ] ERR: (ThinkException) 非法操作:upfiles
[ 2015-07-02T14:19:36+08:00 ] ERR: (ThinkException) 非法操作:uploadfile
[ 2015-07-02T14:19:37+08:00 ] ERR: (ThinkException) 非法操作:uploadfiles
[ 2015-07-02T14:19:37+08:00 ] ERR: (ThinkException) 非法操作:shopadmin
[ 2015-07-02T14:19:38+08:00 ] ERR: (ThinkException) 非法操作:web
[ 2015-07-02T14:19:39+08:00 ] ERR: (ThinkException) 非法操作:data
[ 2015-07-02T14:19:40+08:00 ] ERR: (ThinkException) 非法操作:backup
[ 2015-07-02T14:19:48+08:00 ] ERR: (ThinkException) 非法操作:phpinfo
[ 2015-07-02T14:19:49+08:00 ] 121.42.0.15 /jyst/api.php/Index/index.php
INFO: [ route_check ] --START--
INFO: Run CheckRoute Behavior [ RunTime:0.000508s ]
INFO: [ route_check ] --END-- [ RunTime:0.000590s ]
NOTIC: [8192] preg_replace(): The /e modifier is deprecated, use preg_replace_callback instead D:\web\jyst\ThinkPHP\Lib\Core\Dispatcher.class.php 第 120 行.
INFO: [ app_begin ] --START--
INFO: Run ReadHtmlCache Behavior [ RunTime:0.000327s ]
INFO: [ app_begin ] --END-- [ RunTime:0.000389s ]

[ 2015-07-02T14:19:50+08:00 ] ERR: (ThinkException) 非法操作:php
[ 2015-07-02T14:19:51+08:00 ] ERR: (ThinkException) 非法操作:info
[ 2015-07-02T14:19:52+08:00 ] ERR: (ThinkException) 非法操作:test
[ 2015-07-02T14:19:53+08:00 ] ERR: (ThinkException) 非法操作:a
[ 2015-07-02T14:19:54+08:00 ] ERR: (ThinkException) 非法操作:1
[ 2015-07-02T14:19:55+08:00 ] ERR: (ThinkException) 非法操作:u
[ 2015-07-02T14:19:56+08:00 ] ERR: (ThinkException) 非法操作:tz
[ 2015-07-02T14:19:57+08:00 ] ERR: (ThinkException) 非法操作:adminer
[ 2015-07-02T14:19:58+08:00 ] ERR: (ThinkException) 非法操作:bigdump
[ 2015-07-02T14:19:59+08:00 ] ERR: (ThinkException) 非法操作:${@print(md5(this_is_a_test_string))}
[ 2015-07-02T14:20:16+08:00 ] ERR: (ThinkException) 非法操作:shopadmin
[ 2015-07-02T14:23:06+08:00 ] ERR: (ThinkException) 非法操作:db
[ 2015-07-02T14:23:06+08:00 ] ERR: (ThinkException) 非法操作:db
[ 2015-07-02T14:23:06+08:00 ] 121.42.0.15 /jyst/api.php/Index/.DS_Store
INFO: [ route_check ] --START--
INFO: Run CheckRoute Behavior [ RunTime:0.000653s ]
INFO: [ route_check ] --END-- [ RunTime:0.000750s ]
NOTIC: [8192] preg_replace(): The /e modifier is deprecated, use preg_replace_callback instead D:\web\jyst\ThinkPHP\Lib\Core\Dispatcher.class.php 第 120 行.
INFO: [ app_begin ] --START--
INFO: Run ReadHtmlCache Behavior [ RunTime:0.000365s ]
INFO: [ app_begin ] --END-- [ RunTime:0.000429s ]

[ 2015-07-02T14:23:06+08:00 ] ERR: (ThinkException) 非法操作:yanfang
[ 2015-07-02T14:23:06+08:00 ] ERR: (ThinkException) 非法操作:yanfang
[ 2015-07-02T14:23:06+08:00 ] ERR: (ThinkException) 非法操作:bbx
[ 2015-07-02T14:23:06+08:00 ] ERR: (ThinkException) 非法操作:htdocs
[ 2015-07-02T14:23:06+08:00 ] ERR: (ThinkException) 非法操作:uploads
[ 2015-07-02T14:23:06+08:00 ] ERR: (ThinkException) 非法操作:uploads
[ 2015-07-02T14:23:06+08:00 ] ERR: (ThinkException) 非法操作:upload
[ 2015-07-02T14:23:06+08:00 ] 121.42.0.15 /jyst/api.php/Index/index.action?debug=browser
INFO: [ route_check ] --START--
INFO: Run CheckRoute Behavior [ RunTime:0.000632s ]
INFO: [ route_check ] --END-- [ RunTime:0.000721s ]
NOTIC: [8192] preg_replace(): The /e modifier is deprecated, use preg_replace_callback instead D:\web\jyst\ThinkPHP\Lib\Core\Dispatcher.class.php 第 120 行.
INFO: [ app_begin ] --START--
INFO: Run ReadHtmlCache Behavior [ RunTime:0.000402s ]
INFO: [ app_begin ] --END-- [ RunTime:0.000464s ]

[ 2015-07-02T14:23:06+08:00 ] ERR: (ThinkException) 非法操作:admin
[ 2015-07-02T14:23:06+08:00 ] 121.42.0.15 /jyst/api.php/Index/.DS_Store
INFO: [ route_check ] --START--
INFO: Run CheckRoute Behavior [ RunTime:0.000623s ]
INFO: [ route_check ] --END-- [ RunTime:0.000746s ]
NOTIC: [8192] preg_replace(): The /e modifier is deprecated, use preg_replace_callback instead D:\web\jyst\ThinkPHP\Lib\Core\Dispatcher.class.php 第 120 行.
INFO: [ app_begin ] --START--
INFO: Run ReadHtmlCache Behavior [ RunTime:0.000372s ]
INFO: [ app_begin ] --END-- [ RunTime:0.000443s ]

[ 2015-07-02T14:23:06+08:00 ] ERR: (ThinkException) 非法操作:log
[ 2015-07-02T14:23:06+08:00 ] ERR: (ThinkException) 非法操作:tools
[ 2015-07-02T14:23:06+08:00 ] ERR: (ThinkException) 非法操作:bbx
[ 2015-07-02T14:23:06+08:00 ] ERR: (ThinkException) 非法操作:feed-proxy
[ 2015-07-02T14:31:53+08:00 ] ERR: (ThinkException) 非法操作:uploadfiles
[ 2015-07-02T14:31:53+08:00 ] ERR: (ThinkException) 非法操作:data
[ 2015-07-02T14:31:53+08:00 ] ERR: (ThinkException) 非法操作:backup
[ 2015-07-02T14:31:53+08:00 ] ERR: (ThinkException) 非法操作:backup
[ 2015-07-02T14:31:53+08:00 ] 121.42.0.15 /jyst/api.php/Index/index.php
INFO: [ route_check ] --START--
INFO: Run CheckRoute Behavior [ RunTime:0.000621s ]
INFO: [ route_check ] --END-- [ RunTime:0.000713s ]
NOTIC: [8192] preg_replace(): The /e modifier is deprecated, use preg_replace_callback instead D:\web\jyst\ThinkPHP\Lib\Core\Dispatcher.class.php 第 120 行.
INFO: [ app_begin ] --START--
INFO: Run ReadHtmlCache Behavior [ RunTime:0.000478s ]
INFO: [ app_begin ] --END-- [ RunTime:0.000554s ]

[ 2015-07-02T14:31:53+08:00 ] ERR: (ThinkException) 非法操作:phpinfo
[ 2015-07-02T14:31:53+08:00 ] ERR: (ThinkException) 非法操作:info
[ 2015-07-02T14:31:53+08:00 ] 121.42.0.15 /jyst/api.php/Index/index.php
INFO: [ route_check ] --START--
INFO: Run CheckRoute Behavior [ RunTime:0.000608s ]
INFO: [ route_check ] --END-- [ RunTime:0.000700s ]
NOTIC: [8192] preg_replace(): The /e modifier is deprecated, use preg_replace_callback instead D:\web\jyst\ThinkPHP\Lib\Core\Dispatcher.class.php 第 120 行.
INFO: [ app_begin ] --START--
INFO: Run ReadHtmlCache Behavior [ RunTime:0.000449s ]
INFO: [ app_begin ] --END-- [ RunTime:0.000526s ]

[ 2015-07-02T14:31:53+08:00 ] ERR: (ThinkException) 非法操作:test
[ 2015-07-02T14:31:53+08:00 ] ERR: (ThinkException) 非法操作:php
[ 2015-07-02T14:31:53+08:00 ] ERR: (ThinkException) 非法操作:a
[ 2015-07-02T14:31:53+08:00 ] ERR: (ThinkException) 非法操作:info
[ 2015-07-02T14:31:53+08:00 ] ERR: (ThinkException) 非法操作:1
[ 2015-07-02T14:31:53+08:00 ] ERR: (ThinkException) 非法操作:phpinfo
[ 2015-07-02T14:35:45+08:00 ] ERR: (ThinkException) 非法操作:shopadmin
[ 2015-07-02T14:36:34+08:00 ] ERR: (ThinkException) 非法操作:shopadmin
[ 2015-07-02T14:36:48+08:00 ] ERR: (ThinkException) 非法操作:feed-proxy
[ 2015-07-02T14:37:39+08:00 ] ERR: (ThinkException) 非法操作:feed-proxy
[ 2015-07-02T14:37:51+08:00 ] ERR: (ThinkException) 非法操作:bbx
[ 2015-07-02T14:38:41+08:00 ] ERR: (ThinkException) 非法操作:bbx
[ 2015-07-02T14:38:52+08:00 ] ERR: (ThinkException) 非法操作:tools
[ 2015-07-02T14:39:05+08:00 ] ERR: (ThinkException) 非法操作:yanfang
[ 2015-07-02T14:39:14+08:00 ] 121.42.0.15 /jyst/api.php/Index/.DS_Store
INFO: [ route_check ] --START--
INFO: Run CheckRoute Behavior [ RunTime:0.000584s ]
INFO: [ route_check ] --END-- [ RunTime:0.000670s ]
NOTIC: [8192] preg_replace(): The /e modifier is deprecated, use preg_replace_callback instead D:\web\jyst\ThinkPHP\Lib\Core\Dispatcher.class.php 第 120 行.
INFO: [ app_begin ] --START--
INFO: Run ReadHtmlCache Behavior [ RunTime:0.000413s ]
INFO: [ app_begin ] --END-- [ RunTime:0.000477s ]

[ 2015-07-02T14:39:26+08:00 ] ERR: (ThinkException) 非法操作:db
[ 2015-07-02T14:39:54+08:00 ] ERR: (ThinkException) 非法操作:tools
[ 2015-07-02T14:39:56+08:00 ] ERR: (ThinkException) 非法操作:config
[ 2015-07-02T14:39:59+08:00 ] ERR: (ThinkException) 非法操作:logs
[ 2015-07-02T14:39:59+08:00 ] ERR: (ThinkException) 非法操作:log
[ 2015-07-02T14:40:02+08:00 ] ERR: (ThinkException) 非法操作:yanfang
[ 2015-07-02T14:40:03+08:00 ] ERR: (ThinkException) 非法操作:admin
[ 2015-07-02T14:40:03+08:00 ] 121.42.0.15 /jyst/api.php/Index/index.action?debug=browser
INFO: [ route_check ] --START--
INFO: Run CheckRoute Behavior [ RunTime:0.000639s ]
INFO: [ route_check ] --END-- [ RunTime:0.000723s ]
NOTIC: [8192] preg_replace(): The /e modifier is deprecated, use preg_replace_callback instead D:\web\jyst\ThinkPHP\Lib\Core\Dispatcher.class.php 第 120 行.
INFO: [ app_begin ] --START--
INFO: Run ReadHtmlCache Behavior [ RunTime:0.000527s ]
INFO: [ app_begin ] --END-- [ RunTime:0.000591s ]

[ 2015-07-02T14:40:04+08:00 ] 121.42.0.15 /jyst/api.php/Index/index.action?redirect%3A%25%7Bnew+java.lang.String%28%27http%3A%2F%2Fxxxxxxxxxxxxx%27%29%7D
INFO: [ route_check ] --START--
INFO: Run CheckRoute Behavior [ RunTime:0.000625s ]
INFO: [ route_check ] --END-- [ RunTime:0.000708s ]
NOTIC: [8192] preg_replace(): The /e modifier is deprecated, use preg_replace_callback instead D:\web\jyst\ThinkPHP\Lib\Core\Dispatcher.class.php 第 120 行.
INFO: [ app_begin ] --START--
INFO: Run ReadHtmlCache Behavior [ RunTime:0.000440s ]
INFO: [ app_begin ] --END-- [ RunTime:0.000500s ]

[ 2015-07-02T14:40:06+08:00 ] 121.42.0.15 /jyst/api.php/Index/.DS_Store
INFO: [ route_check ] --START--
INFO: Run CheckRoute Behavior [ RunTime:0.000510s ]
INFO: [ route_check ] --END-- [ RunTime:0.000594s ]
NOTIC: [8192] preg_replace(): The /e modifier is deprecated, use preg_replace_callback instead D:\web\jyst\ThinkPHP\Lib\Core\Dispatcher.class.php 第 120 行.
INFO: [ app_begin ] --START--
INFO: Run ReadHtmlCache Behavior [ RunTime:0.000380s ]
INFO: [ app_begin ] --END-- [ RunTime:0.000444s ]

[ 2015-07-02T14:40:07+08:00 ] ERR: (ThinkException) 非法操作:admin
[ 2015-07-02T14:40:08+08:00 ] ERR: (ThinkException) 非法操作:upload
[ 2015-07-02T14:40:09+08:00 ] ERR: (ThinkException) 非法操作:uploads
[ 2015-07-02T14:40:11+08:00 ] 121.42.0.15 /jyst/api.php/Index/
INFO: [ route_check ] --START--
INFO: Run CheckRoute Behavior [ RunTime:0.000687s ]
INFO: [ route_check ] --END-- [ RunTime:0.000779s ]
NOTIC: [8192] preg_replace(): The /e modifier is deprecated, use preg_replace_callback instead D:\web\jyst\ThinkPHP\Lib\Core\Dispatcher.class.php 第 120 行.
INFO: [ app_begin ] --START--
INFO: Run ReadHtmlCache Behavior [ RunTime:0.000447s ]
INFO: [ app_begin ] --END-- [ RunTime:0.000509s ]

[ 2015-07-02T14:40:11+08:00 ] ERR: (ThinkException) 非法操作:htdocs
[ 2015-07-02T14:40:12+08:00 ] ERR: (ThinkException) 非法操作:upfile
[ 2015-07-02T14:40:13+08:00 ] ERR: (ThinkException) 非法操作:upfiles
[ 2015-07-02T14:40:15+08:00 ] ERR: (ThinkException) 非法操作:uploadfile
[ 2015-07-02T14:40:15+08:00 ] ERR: (ThinkException) 非法操作:uploadfiles
[ 2015-07-02T14:40:16+08:00 ] ERR: (ThinkException) 非法操作:web
[ 2015-07-02T14:40:17+08:00 ] ERR: (ThinkException) 非法操作:data
[ 2015-07-02T14:40:18+08:00 ] ERR: (ThinkException) 非法操作:backup
[ 2015-07-02T14:40:20+08:00 ] ERR: (ThinkException) 非法操作:db
[ 2015-07-02T14:40:22+08:00 ] ERR: (ThinkException) 非法操作:config
[ 2015-07-02T14:40:24+08:00 ] ERR: (ThinkException) 非法操作:logs
[ 2015-07-02T14:40:25+08:00 ] ERR: (ThinkException) 非法操作:phpinfo
[ 2015-07-02T14:40:26+08:00 ] 121.42.0.15 /jyst/api.php/Index/index.php
INFO: [ route_check ] --START--
INFO: Run CheckRoute Behavior [ RunTime:0.000508s ]
INFO: [ route_check ] --END-- [ RunTime:0.000593s ]
NOTIC: [8192] preg_replace(): The /e modifier is deprecated, use preg_replace_callback instead D:\web\jyst\ThinkPHP\Lib\Core\Dispatcher.class.php 第 120 行.
INFO: [ app_begin ] --START--
INFO: Run ReadHtmlCache Behavior [ RunTime:0.000385s ]
INFO: [ app_begin ] --END-- [ RunTime:0.000450s ]

[ 2015-07-02T14:40:27+08:00 ] ERR: (ThinkException) 非法操作:php
[ 2015-07-02T14:40:28+08:00 ] ERR: (ThinkException) 非法操作:info
[ 2015-07-02T14:40:29+08:00 ] ERR: (ThinkException) 非法操作:test
[ 2015-07-02T14:40:30+08:00 ] ERR: (ThinkException) 非法操作:a
[ 2015-07-02T14:40:31+08:00 ] ERR: (ThinkException) 非法操作:1
[ 2015-07-02T14:40:32+08:00 ] ERR: (ThinkException) 非法操作:u
[ 2015-07-02T14:40:33+08:00 ] ERR: (ThinkException) 非法操作:tz
[ 2015-07-02T14:40:34+08:00 ] ERR: (ThinkException) 非法操作:adminer
[ 2015-07-02T14:40:35+08:00 ] ERR: (ThinkException) 非法操作:bigdump
[ 2015-07-02T14:40:36+08:00 ] ERR: (ThinkException) 非法操作:${@print(md5(this_is_a_test_string))}
[ 2015-07-02T14:40:37+08:00 ] ERR: (ThinkException) 非法操作:log
[ 2015-07-02T14:40:41+08:00 ] ERR: (ThinkException) 非法操作:admin
[ 2015-07-02T14:40:42+08:00 ] 121.42.0.15 /jyst/api.php/Index/index.action?debug=browser
INFO: [ route_check ] --START--
INFO: Run CheckRoute Behavior [ RunTime:0.000600s ]
INFO: [ route_check ] --END-- [ RunTime:0.000686s ]
NOTIC: [8192] preg_replace(): The /e modifier is deprecated, use preg_replace_callback instead D:\web\jyst\ThinkPHP\Lib\Core\Dispatcher.class.php 第 120 行.
INFO: [ app_begin ] --START--
INFO: Run ReadHtmlCache Behavior [ RunTime:0.000382s ]
INFO: [ app_begin ] --END-- [ RunTime:0.000444s ]

[ 2015-07-02T14:40:43+08:00 ] 121.42.0.15 /jyst/api.php/Index/index.action?redirect%3A%25%7Bnew+java.lang.String%28%27http%3A%2F%2Fxxxxxxxxxxxxx%27%29%7D
INFO: [ route_check ] --START--
INFO: Run CheckRoute Behavior [ RunTime:0.000607s ]
INFO: [ route_check ] --END-- [ RunTime:0.000700s ]
NOTIC: [8192] preg_replace(): The /e modifier is deprecated, use preg_replace_callback instead D:\web\jyst\ThinkPHP\Lib\Core\Dispatcher.class.php 第 120 行.
INFO: [ app_begin ] --START--
INFO: Run ReadHtmlCache Behavior [ RunTime:0.000470s ]
INFO: [ app_begin ] --END-- [ RunTime:0.000528s ]

[ 2015-07-02T14:40:46+08:00 ] ERR: (ThinkException) 非法操作:admin
[ 2015-07-02T14:40:47+08:00 ] ERR: (ThinkException) 非法操作:upload
[ 2015-07-02T14:40:48+08:00 ] ERR: (ThinkException) 非法操作:uploads
[ 2015-07-02T14:40:49+08:00 ] 121.42.0.15 /jyst/api.php/Index/
INFO: [ route_check ] --START--
INFO: Run CheckRoute Behavior [ RunTime:0.000593s ]
INFO: [ route_check ] --END-- [ RunTime:0.000677s ]
NOTIC: [8192] preg_replace(): The /e modifier is deprecated, use preg_replace_callback instead D:\web\jyst\ThinkPHP\Lib\Core\Dispatcher.class.php 第 120 行.
INFO: [ app_begin ] --START--
INFO: Run ReadHtmlCache Behavior [ RunTime:0.000403s ]
INFO: [ app_begin ] --END-- [ RunTime:0.000466s ]

[ 2015-07-02T14:40:50+08:00 ] ERR: (ThinkException) 非法操作:htdocs
[ 2015-07-02T14:40:52+08:00 ] ERR: (ThinkException) 非法操作:upfile
[ 2015-07-02T14:40:54+08:00 ] ERR: (ThinkException) 非法操作:upfiles
[ 2015-07-02T14:40:56+08:00 ] ERR: (ThinkException) 非法操作:uploadfile
[ 2015-07-02T14:40:56+08:00 ] ERR: (ThinkException) 非法操作:uploadfiles
[ 2015-07-02T14:40:57+08:00 ] ERR: (ThinkException) 非法操作:web
[ 2015-07-02T14:40:58+08:00 ] ERR: (ThinkException) 非法操作:data
[ 2015-07-02T14:41:00+08:00 ] ERR: (ThinkException) 非法操作:backup
[ 2015-07-02T14:41:07+08:00 ] ERR: (ThinkException) 非法操作:phpinfo
[ 2015-07-02T14:41:07+08:00 ] 121.42.0.15 /jyst/api.php/Index/index.php
INFO: [ route_check ] --START--
INFO: Run CheckRoute Behavior [ RunTime:0.000519s ]
INFO: [ route_check ] --END-- [ RunTime:0.000603s ]
NOTIC: [8192] preg_replace(): The /e modifier is deprecated, use preg_replace_callback instead D:\web\jyst\ThinkPHP\Lib\Core\Dispatcher.class.php 第 120 行.
INFO: [ app_begin ] --START--
INFO: Run ReadHtmlCache Behavior [ RunTime:0.000426s ]
INFO: [ app_begin ] --END-- [ RunTime:0.000488s ]

[ 2015-07-02T14:41:08+08:00 ] ERR: (ThinkException) 非法操作:php
[ 2015-07-02T14:41:09+08:00 ] ERR: (ThinkException) 非法操作:info
[ 2015-07-02T14:41:10+08:00 ] ERR: (ThinkException) 非法操作:test
[ 2015-07-02T14:41:12+08:00 ] ERR: (ThinkException) 非法操作:a
[ 2015-07-02T14:41:12+08:00 ] ERR: (ThinkException) 非法操作:1
[ 2015-07-02T14:41:13+08:00 ] ERR: (ThinkException) 非法操作:u
[ 2015-07-02T14:41:14+08:00 ] ERR: (ThinkException) 非法操作:tz
[ 2015-07-02T14:41:16+08:00 ] ERR: (ThinkException) 非法操作:adminer
[ 2015-07-02T14:41:16+08:00 ] ERR: (ThinkException) 非法操作:bigdump
[ 2015-07-02T14:41:17+08:00 ] ERR: (ThinkException) 非法操作:${@print(md5(this_is_a_test_string))}
[ 2015-07-02T14:51:48+08:00 ] ERR: (ThinkException) 非法操作:shopadmin
[ 2015-07-02T14:52:48+08:00 ] ERR: (ThinkException) 非法操作:feed-proxy
[ 2015-07-02T14:53:53+08:00 ] ERR: (ThinkException) 非法操作:bbx
[ 2015-07-02T14:55:00+08:00 ] ERR: (ThinkException) 非法操作:tools
[ 2015-07-02T14:55:02+08:00 ] ERR: (ThinkException) 非法操作:yanfang
[ 2015-07-02T14:55:18+08:00 ] 121.42.0.15 /jyst/api.php/Index/.DS_Store
INFO: [ route_check ] --START--
INFO: Run CheckRoute Behavior [ RunTime:0.000654s ]
INFO: [ route_check ] --END-- [ RunTime:0.000739s ]
NOTIC: [8192] preg_replace(): The /e modifier is deprecated, use preg_replace_callback instead D:\web\jyst\ThinkPHP\Lib\Core\Dispatcher.class.php 第 120 行.
INFO: [ app_begin ] --START--
INFO: Run ReadHtmlCache Behavior [ RunTime:0.000474s ]
INFO: [ app_begin ] --END-- [ RunTime:0.000537s ]

[ 2015-07-02T14:55:22+08:00 ] ERR: (ThinkException) 非法操作:db
[ 2015-07-02T14:55:42+08:00 ] ERR: (ThinkException) 非法操作:config
[ 2015-07-02T14:55:42+08:00 ] ERR: (ThinkException) 非法操作:logs
[ 2015-07-02T14:55:43+08:00 ] ERR: (ThinkException) 非法操作:log
[ 2015-07-02T14:55:47+08:00 ] ERR: (ThinkException) 非法操作:admin
[ 2015-07-02T14:55:48+08:00 ] 121.42.0.15 /jyst/api.php/Index/index.action?debug=browser
INFO: [ route_check ] --START--
INFO: Run CheckRoute Behavior [ RunTime:0.000650s ]
INFO: [ route_check ] --END-- [ RunTime:0.000733s ]
NOTIC: [8192] preg_replace(): The /e modifier is deprecated, use preg_replace_callback instead D:\web\jyst\ThinkPHP\Lib\Core\Dispatcher.class.php 第 120 行.
INFO: [ app_begin ] --START--
INFO: Run ReadHtmlCache Behavior [ RunTime:0.000447s ]
INFO: [ app_begin ] --END-- [ RunTime:0.000528s ]

[ 2015-07-02T14:55:49+08:00 ] 121.42.0.15 /jyst/api.php/Index/index.action?redirect%3A%25%7Bnew+java.lang.String%28%27http%3A%2F%2Fxxxxxxxxxxxxx%27%29%7D
INFO: [ route_check ] --START--
INFO: Run CheckRoute Behavior [ RunTime:0.000648s ]
INFO: [ route_check ] --END-- [ RunTime:0.000736s ]
NOTIC: [8192] preg_replace(): The /e modifier is deprecated, use preg_replace_callback instead D:\web\jyst\ThinkPHP\Lib\Core\Dispatcher.class.php 第 120 行.
INFO: [ app_begin ] --START--
INFO: Run ReadHtmlCache Behavior [ RunTime:0.000523s ]
INFO: [ app_begin ] --END-- [ RunTime:0.000605s ]

[ 2015-07-02T14:55:53+08:00 ] ERR: (ThinkException) 非法操作:admin
[ 2015-07-02T14:55:55+08:00 ] ERR: (ThinkException) 非法操作:upload
[ 2015-07-02T14:55:57+08:00 ] ERR: (ThinkException) 非法操作:uploads
[ 2015-07-02T14:55:58+08:00 ] 121.42.0.15 /jyst/api.php/Index/
INFO: [ route_check ] --START--
INFO: Run CheckRoute Behavior [ RunTime:0.000589s ]
INFO: [ route_check ] --END-- [ RunTime:0.000675s ]
NOTIC: [8192] preg_replace(): The /e modifier is deprecated, use preg_replace_callback instead D:\web\jyst\ThinkPHP\Lib\Core\Dispatcher.class.php 第 120 行.
INFO: [ app_begin ] --START--
INFO: Run ReadHtmlCache Behavior [ RunTime:0.000407s ]
INFO: [ app_begin ] --END-- [ RunTime:0.000470s ]

[ 2015-07-02T14:56:00+08:00 ] ERR: (ThinkException) 非法操作:htdocs
[ 2015-07-02T14:56:01+08:00 ] ERR: (ThinkException) 非法操作:upfile
[ 2015-07-02T14:56:02+08:00 ] ERR: (ThinkException) 非法操作:upfiles
[ 2015-07-02T14:56:04+08:00 ] ERR: (ThinkException) 非法操作:uploadfile
[ 2015-07-02T14:56:06+08:00 ] ERR: (ThinkException) 非法操作:uploadfiles
[ 2015-07-02T14:56:07+08:00 ] ERR: (ThinkException) 非法操作:web
[ 2015-07-02T14:56:09+08:00 ] ERR: (ThinkException) 非法操作:data
[ 2015-07-02T14:56:10+08:00 ] ERR: (ThinkException) 非法操作:backup
[ 2015-07-02T14:56:18+08:00 ] ERR: (ThinkException) 非法操作:phpinfo
[ 2015-07-02T14:56:19+08:00 ] 121.42.0.15 /jyst/api.php/Index/index.php
INFO: [ route_check ] --START--
INFO: Run CheckRoute Behavior [ RunTime:0.000507s ]
INFO: [ route_check ] --END-- [ RunTime:0.000590s ]
NOTIC: [8192] preg_replace(): The /e modifier is deprecated, use preg_replace_callback instead D:\web\jyst\ThinkPHP\Lib\Core\Dispatcher.class.php 第 120 行.
INFO: [ app_begin ] --START--
INFO: Run ReadHtmlCache Behavior [ RunTime:0.000372s ]
INFO: [ app_begin ] --END-- [ RunTime:0.000432s ]

[ 2015-07-02T14:56:21+08:00 ] ERR: (ThinkException) 非法操作:php
[ 2015-07-02T14:56:24+08:00 ] ERR: (ThinkException) 非法操作:info
[ 2015-07-02T14:56:26+08:00 ] ERR: (ThinkException) 非法操作:test
[ 2015-07-02T14:56:27+08:00 ] ERR: (ThinkException) 非法操作:a
[ 2015-07-02T14:56:28+08:00 ] ERR: (ThinkException) 非法操作:1
[ 2015-07-02T14:56:29+08:00 ] ERR: (ThinkException) 非法操作:u
[ 2015-07-02T14:56:30+08:00 ] ERR: (ThinkException) 非法操作:tz
[ 2015-07-02T14:56:31+08:00 ] ERR: (ThinkException) 非法操作:adminer
[ 2015-07-02T14:56:33+08:00 ] ERR: (ThinkException) 非法操作:bigdump
[ 2015-07-02T14:56:35+08:00 ] ERR: (ThinkException) 非法操作:${@print(md5(this_is_a_test_string))}
[ 2015-07-02T15:00:41+08:00 ] ERR: (ThinkException) 非法操作:shopadmin
[ 2015-07-02T15:02:10+08:00 ] ERR: (ThinkException) 非法操作:feed-proxy
[ 2015-07-02T15:04:07+08:00 ] ERR: (ThinkException) 非法操作:bbx
[ 2015-07-02T15:04:11+08:00 ] ERR: (ThinkException) 非法操作:feed-proxy
[ 2015-07-02T15:04:38+08:00 ] ERR: (ThinkException) 非法操作:tools
[ 2015-07-02T15:04:49+08:00 ] ERR: (ThinkException) 非法操作:yanfang
[ 2015-07-02T15:04:52+08:00 ] 121.42.0.15 /jyst/api.php/Index/.DS_Store
INFO: [ route_check ] --START--
INFO: Run CheckRoute Behavior [ RunTime:0.000572s ]
INFO: [ route_check ] --END-- [ RunTime:0.000655s ]
NOTIC: [8192] preg_replace(): The /e modifier is deprecated, use preg_replace_callback instead D:\web\jyst\ThinkPHP\Lib\Core\Dispatcher.class.php 第 120 行.
INFO: [ app_begin ] --START--
INFO: Run ReadHtmlCache Behavior [ RunTime:0.000409s ]
INFO: [ app_begin ] --END-- [ RunTime:0.000473s ]

[ 2015-07-02T15:04:55+08:00 ] ERR: (ThinkException) 非法操作:db
[ 2015-07-02T15:04:57+08:00 ] ERR: (ThinkException) 非法操作:config
[ 2015-07-02T15:05:03+08:00 ] ERR: (ThinkException) 非法操作:logs
[ 2015-07-02T15:05:08+08:00 ] ERR: (ThinkException) 非法操作:log
[ 2015-07-02T15:05:10+08:00 ] ERR: (ThinkException) 非法操作:bbx
[ 2015-07-02T15:05:11+08:00 ] ERR: (ThinkException) 非法操作:admin
[ 2015-07-02T15:05:12+08:00 ] 121.42.0.15 /jyst/api.php/Index/index.action?debug=browser
INFO: [ route_check ] --START--
INFO: Run CheckRoute Behavior [ RunTime:0.000575s ]
INFO: [ route_check ] --END-- [ RunTime:0.000659s ]
NOTIC: [8192] preg_replace(): The /e modifier is deprecated, use preg_replace_callback instead D:\web\jyst\ThinkPHP\Lib\Core\Dispatcher.class.php 第 120 行.
INFO: [ app_begin ] --START--
INFO: Run ReadHtmlCache Behavior [ RunTime:0.000383s ]
INFO: [ app_begin ] --END-- [ RunTime:0.000491s ]

[ 2015-07-02T15:05:13+08:00 ] 121.42.0.15 /jyst/api.php/Index/index.action?redirect%3A%25%7Bnew+java.lang.String%28%27http%3A%2F%2Fxxxxxxxxxxxxx%27%29%7D
INFO: [ route_check ] --START--
INFO: Run CheckRoute Behavior [ RunTime:0.000544s ]
INFO: [ route_check ] --END-- [ RunTime:0.000645s ]
NOTIC: [8192] preg_replace(): The /e modifier is deprecated, use preg_replace_callback instead D:\web\jyst\ThinkPHP\Lib\Core\Dispatcher.class.php 第 120 行.
INFO: [ app_begin ] --START--
INFO: Run ReadHtmlCache Behavior [ RunTime:0.000401s ]
INFO: [ app_begin ] --END-- [ RunTime:0.000479s ]

[ 2015-07-02T15:05:14+08:00 ] ERR: (ThinkException) 非法操作:tools
[ 2015-07-02T15:05:16+08:00 ] ERR: (ThinkException) 非法操作:yanfang
[ 2015-07-02T15:05:17+08:00 ] 121.42.0.15 /jyst/api.php/Index/.DS_Store
INFO: [ route_check ] --START--
INFO: Run CheckRoute Behavior [ RunTime:0.000520s ]
INFO: [ route_check ] --END-- [ RunTime:0.000607s ]
NOTIC: [8192] preg_replace(): The /e modifier is deprecated, use preg_replace_callback instead D:\web\jyst\ThinkPHP\Lib\Core\Dispatcher.class.php 第 120 行.
INFO: [ app_begin ] --START--
INFO: Run ReadHtmlCache Behavior [ RunTime:0.000383s ]
INFO: [ app_begin ] --END-- [ RunTime:0.000444s ]

[ 2015-07-02T15:05:20+08:00 ] ERR: (ThinkException) 非法操作:admin
[ 2015-07-02T15:05:21+08:00 ] ERR: (ThinkException) 非法操作:db
[ 2015-07-02T15:05:22+08:00 ] ERR: (ThinkException) 非法操作:upload
[ 2015-07-02T15:05:23+08:00 ] ERR: (ThinkException) 非法操作:config
[ 2015-07-02T15:05:24+08:00 ] ERR: (ThinkException) 非法操作:uploads
[ 2015-07-02T15:05:25+08:00 ] 121.42.0.15 /jyst/api.php/Index/
INFO: [ route_check ] --START--
INFO: Run CheckRoute Behavior [ RunTime:0.000509s ]
INFO: [ route_check ] --END-- [ RunTime:0.000592s ]
NOTIC: [8192] preg_replace(): The /e modifier is deprecated, use preg_replace_callback instead D:\web\jyst\ThinkPHP\Lib\Core\Dispatcher.class.php 第 120 行.
INFO: [ app_begin ] --START--
INFO: Run ReadHtmlCache Behavior [ RunTime:0.000827s ]
INFO: [ app_begin ] --END-- [ RunTime:0.000953s ]

[ 2015-07-02T15:05:26+08:00 ] ERR: (ThinkException) 非法操作:htdocs
[ 2015-07-02T15:05:27+08:00 ] ERR: (ThinkException) 非法操作:upfile
[ 2015-07-02T15:05:29+08:00 ] ERR: (ThinkException) 非法操作:upfiles
[ 2015-07-02T15:05:30+08:00 ] ERR: (ThinkException) 非法操作:logs
[ 2015-07-02T15:05:31+08:00 ] ERR: (ThinkException) 非法操作:uploadfile
[ 2015-07-02T15:05:32+08:00 ] ERR: (ThinkException) 非法操作:uploadfiles
[ 2015-07-02T15:05:33+08:00 ] ERR: (ThinkException) 非法操作:web
[ 2015-07-02T15:05:35+08:00 ] ERR: (ThinkException) 非法操作:data
[ 2015-07-02T15:05:36+08:00 ] ERR: (ThinkException) 非法操作:log
[ 2015-07-02T15:05:37+08:00 ] ERR: (ThinkException) 非法操作:backup
[ 2015-07-02T15:05:43+08:00 ] ERR: (ThinkException) 非法操作:admin
[ 2015-07-02T15:05:44+08:00 ] 121.42.0.15 /jyst/api.php/Index/index.action?debug=browser
INFO: [ route_check ] --START--
INFO: Run CheckRoute Behavior [ RunTime:0.000586s ]
INFO: [ route_check ] --END-- [ RunTime:0.000669s ]
NOTIC: [8192] preg_replace(): The /e modifier is deprecated, use preg_replace_callback instead D:\web\jyst\ThinkPHP\Lib\Core\Dispatcher.class.php 第 120 行.
INFO: [ app_begin ] --START--
INFO: Run ReadHtmlCache Behavior [ RunTime:0.000377s ]
INFO: [ app_begin ] --END-- [ RunTime:0.000437s ]

[ 2015-07-02T15:05:46+08:00 ] 121.42.0.15 /jyst/api.php/Index/index.action?redirect%3A%25%7Bnew+java.lang.String%28%27http%3A%2F%2Fxxxxxxxxxxxxx%27%29%7D
INFO: [ route_check ] --START--
INFO: Run CheckRoute Behavior [ RunTime:0.000551s ]
INFO: [ route_check ] --END-- [ RunTime:0.000639s ]
NOTIC: [8192] preg_replace(): The /e modifier is deprecated, use preg_replace_callback instead D:\web\jyst\ThinkPHP\Lib\Core\Dispatcher.class.php 第 120 行.
INFO: [ app_begin ] --START--
INFO: Run ReadHtmlCache Behavior [ RunTime:0.000446s ]
INFO: [ app_begin ] --END-- [ RunTime:0.000508s ]

[ 2015-07-02T15:05:47+08:00 ] ERR: (ThinkException) 非法操作:phpinfo
[ 2015-07-02T15:05:49+08:00 ] 121.42.0.15 /jyst/api.php/Index/index.php
INFO: [ route_check ] --START--
INFO: Run CheckRoute Behavior [ RunTime:0.000524s ]
INFO: [ route_check ] --END-- [ RunTime:0.000618s ]
NOTIC: [8192] preg_replace(): The /e modifier is deprecated, use preg_replace_callback instead D:\web\jyst\ThinkPHP\Lib\Core\Dispatcher.class.php 第 120 行.
INFO: [ app_begin ] --START--
INFO: Run ReadHtmlCache Behavior [ RunTime:0.000391s ]
INFO: [ app_begin ] --END-- [ RunTime:0.000453s ]

[ 2015-07-02T15:05:51+08:00 ] ERR: (ThinkException) 非法操作:php
[ 2015-07-02T15:05:53+08:00 ] ERR: (ThinkException) 非法操作:info
[ 2015-07-02T15:05:54+08:00 ] ERR: (ThinkException) 非法操作:admin
[ 2015-07-02T15:05:55+08:00 ] ERR: (ThinkException) 非法操作:test
[ 2015-07-02T15:05:57+08:00 ] ERR: (ThinkException) 非法操作:a
[ 2015-07-02T15:05:58+08:00 ] ERR: (ThinkException) 非法操作:1
[ 2015-07-02T15:05:59+08:00 ] ERR: (ThinkException) 非法操作:u
[ 2015-07-02T15:06:00+08:00 ] ERR: (ThinkException) 非法操作:tz
[ 2015-07-02T15:06:01+08:00 ] ERR: (ThinkException) 非法操作:adminer
[ 2015-07-02T15:06:02+08:00 ] ERR: (ThinkException) 非法操作:bigdump
[ 2015-07-02T15:06:03+08:00 ] ERR: (ThinkException) 非法操作:${@print(md5(this_is_a_test_string))}
[ 2015-07-02T15:06:04+08:00 ] ERR: (ThinkException) 非法操作:upload
[ 2015-07-02T15:06:05+08:00 ] ERR: (ThinkException) 非法操作:uploads
[ 2015-07-02T15:06:06+08:00 ] 121.42.0.15 /jyst/api.php/Index/
INFO: [ route_check ] --START--
INFO: Run CheckRoute Behavior [ RunTime:0.000511s ]
INFO: [ route_check ] --END-- [ RunTime:0.000595s ]
NOTIC: [8192] preg_replace(): The /e modifier is deprecated, use preg_replace_callback instead D:\web\jyst\ThinkPHP\Lib\Core\Dispatcher.class.php 第 120 行.
INFO: [ app_begin ] --START--
INFO: Run ReadHtmlCache Behavior [ RunTime:0.000371s ]
INFO: [ app_begin ] --END-- [ RunTime:0.000431s ]

[ 2015-07-02T15:06:07+08:00 ] ERR: (ThinkException) 非法操作:htdocs
[ 2015-07-02T15:06:08+08:00 ] ERR: (ThinkException) 非法操作:upfile
[ 2015-07-02T15:06:10+08:00 ] ERR: (ThinkException) 非法操作:upfiles
[ 2015-07-02T15:06:13+08:00 ] ERR: (ThinkException) 非法操作:uploadfile
[ 2015-07-02T15:06:15+08:00 ] ERR: (ThinkException) 非法操作:uploadfiles
[ 2015-07-02T15:06:17+08:00 ] ERR: (ThinkException) 非法操作:web
[ 2015-07-02T15:06:19+08:00 ] ERR: (ThinkException) 非法操作:data
[ 2015-07-02T15:06:20+08:00 ] ERR: (ThinkException) 非法操作:backup
[ 2015-07-02T15:06:23+08:00 ] 121.42.0.15 /jyst/api.php/Index/jpg?id=95
INFO: [ route_check ] --START--
INFO: Run CheckRoute Behavior [ RunTime:0.000605s ]
INFO: [ route_check ] --END-- [ RunTime:0.000705s ]
NOTIC: [8192] preg_replace(): The /e modifier is deprecated, use preg_replace_callback instead D:\web\jyst\ThinkPHP\Lib\Core\Dispatcher.class.php 第 120 行.
INFO: [ app_begin ] --START--
INFO: Run ReadHtmlCache Behavior [ RunTime:0.000391s ]
INFO: [ app_begin ] --END-- [ RunTime:0.000454s ]
NOTIC: [8192] mysql_connect(): The mysql extension is deprecated and will be removed in the future: use mysqli or PDO instead D:\web\jyst\ThinkPHP\Lib\Driver\Db\DbMysql.class.php 第 55 行.
SQL: SHOW COLUMNS FROM `pa_images` [ RunTime:0.002082s ]
NOTIC: [8192] preg_replace(): The /e modifier is deprecated, use preg_replace_callback instead D:\web\jyst\ThinkPHP\Lib\Core\Db.class.php 第 568 行.
SQL: SELECT * FROM `pa_images` WHERE ( `id` = 95 ) LIMIT 1   [ RunTime:0.000286s ]
NOTIC: [2] imagejpeg(): Filename cannot be empty D:\web\jyst\App\Lib\Action\IndexAction.class.php 第 108 行.

[ 2015-07-02T15:06:26+08:00 ] 121.42.0.15 /jyst/api.php/Index/jpg?id=95
INFO: [ route_check ] --START--
INFO: Run CheckRoute Behavior [ RunTime:0.000685s ]
INFO: [ route_check ] --END-- [ RunTime:0.000802s ]
NOTIC: [8192] preg_replace(): The /e modifier is deprecated, use preg_replace_callback instead D:\web\jyst\ThinkPHP\Lib\Core\Dispatcher.class.php 第 120 行.
INFO: [ app_begin ] --START--
INFO: Run ReadHtmlCache Behavior [ RunTime:0.000460s ]
INFO: [ app_begin ] --END-- [ RunTime:0.000535s ]
NOTIC: [8192] mysql_connect(): The mysql extension is deprecated and will be removed in the future: use mysqli or PDO instead D:\web\jyst\ThinkPHP\Lib\Driver\Db\DbMysql.class.php 第 55 行.
SQL: SHOW COLUMNS FROM `pa_images` [ RunTime:0.001834s ]
NOTIC: [8192] preg_replace(): The /e modifier is deprecated, use preg_replace_callback instead D:\web\jyst\ThinkPHP\Lib\Core\Db.class.php 第 568 行.
SQL: SELECT * FROM `pa_images` WHERE ( `id` = 95 ) LIMIT 1   [ RunTime:0.000285s ]
NOTIC: [2] imagejpeg(): Filename cannot be empty D:\web\jyst\App\Lib\Action\IndexAction.class.php 第 108 行.

[ 2015-07-02T15:06:28+08:00 ] 121.42.0.15 /jyst/api.php/Index/jpg?id=95
INFO: [ route_check ] --START--
INFO: Run CheckRoute Behavior [ RunTime:0.000564s ]
INFO: [ route_check ] --END-- [ RunTime:0.000648s ]
NOTIC: [8192] preg_replace(): The /e modifier is deprecated, use preg_replace_callback instead D:\web\jyst\ThinkPHP\Lib\Core\Dispatcher.class.php 第 120 行.
INFO: [ app_begin ] --START--
INFO: Run ReadHtmlCache Behavior [ RunTime:0.000429s ]
INFO: [ app_begin ] --END-- [ RunTime:0.000497s ]
NOTIC: [8192] mysql_connect(): The mysql extension is deprecated and will be removed in the future: use mysqli or PDO instead D:\web\jyst\ThinkPHP\Lib\Driver\Db\DbMysql.class.php 第 55 行.
SQL: SHOW COLUMNS FROM `pa_images` [ RunTime:0.001943s ]
NOTIC: [8192] preg_replace(): The /e modifier is deprecated, use preg_replace_callback instead D:\web\jyst\ThinkPHP\Lib\Core\Db.class.php 第 568 行.
SQL: SELECT * FROM `pa_images` WHERE ( `id` = 95 ) LIMIT 1   [ RunTime:0.000252s ]
NOTIC: [2] imagejpeg(): Filename cannot be empty D:\web\jyst\App\Lib\Action\IndexAction.class.php 第 108 行.

[ 2015-07-02T15:06:29+08:00 ] ERR: (ThinkException) 非法操作:phpinfo
[ 2015-07-02T15:06:30+08:00 ] 121.42.0.15 /jyst/api.php/Index/index.php
INFO: [ route_check ] --START--
INFO: Run CheckRoute Behavior [ RunTime:0.000534s ]
INFO: [ route_check ] --END-- [ RunTime:0.000617s ]
NOTIC: [8192] preg_replace(): The /e modifier is deprecated, use preg_replace_callback instead D:\web\jyst\ThinkPHP\Lib\Core\Dispatcher.class.php 第 120 行.
INFO: [ app_begin ] --START--
INFO: Run ReadHtmlCache Behavior [ RunTime:0.000376s ]
INFO: [ app_begin ] --END-- [ RunTime:0.000438s ]

[ 2015-07-02T15:06:32+08:00 ] ERR: (ThinkException) 非法操作:php
[ 2015-07-02T15:06:34+08:00 ] ERR: (ThinkException) 非法操作:info
[ 2015-07-02T15:06:35+08:00 ] ERR: (ThinkException) 非法操作:test
[ 2015-07-02T15:06:37+08:00 ] ERR: (ThinkException) 非法操作:a
[ 2015-07-02T15:06:38+08:00 ] ERR: (ThinkException) 非法操作:1
[ 2015-07-02T15:06:40+08:00 ] ERR: (ThinkException) 非法操作:u
[ 2015-07-02T15:06:41+08:00 ] ERR: (ThinkException) 非法操作:tz
[ 2015-07-02T15:06:42+08:00 ] ERR: (ThinkException) 非法操作:adminer
[ 2015-07-02T15:06:43+08:00 ] ERR: (ThinkException) 非法操作:bigdump
[ 2015-07-02T15:06:46+08:00 ] ERR: (ThinkException) 非法操作:${@print(md5(this_is_a_test_string))}
