[ 2015-09-26T19:53:31+08:00 ] ERR: (ThinkException) 非法操作:shopadmin
[ 2015-09-26T19:53:46+08:00 ] ERR: (ThinkException) 非法操作:feed-proxy
[ 2015-09-26T19:53:53+08:00 ] 121.42.0.19 /dsapi/api.php/Index/.DS_Store
INFO: [ route_check ] --START--
INFO: Run CheckRoute Behavior [ RunTime:0.001595s ]
INFO: [ route_check ] --END-- [ RunTime:0.002043s ]
NOTIC: [8192] preg_replace(): The /e modifier is deprecated, use preg_replace_callback instead D:\wamp\www\dosochina.com\dsapi\ThinkPHP\Lib\Core\Dispatcher.class.php 第 120 行.
INFO: [ app_begin ] --START--
INFO: Run ReadHtmlCache Behavior [ RunTime:0.001337s ]
INFO: [ app_begin ] --END-- [ RunTime:0.001702s ]

[ 2015-09-26T19:53:55+08:00 ] ERR: (ThinkException) 非法操作:bbx
[ 2015-09-26T19:53:58+08:00 ] ERR: (ThinkException) 非法操作:tools
[ 2015-09-26T19:54:00+08:00 ] ERR: (ThinkException) 非法操作:yanfang
[ 2015-09-26T19:54:04+08:00 ] ERR: (ThinkException) 非法操作:upload
[ 2015-09-26T19:54:11+08:00 ] ERR: (ThinkException) 非法操作:db
[ 2015-09-26T19:54:17+08:00 ] ERR: (ThinkException) 非法操作:config
[ 2015-09-26T19:54:20+08:00 ] ERR: (ThinkException) 非法操作:logs
[ 2015-09-26T19:54:22+08:00 ] ERR: (ThinkException) 非法操作:log
[ 2015-09-26T19:54:35+08:00 ] 121.42.0.19 /dsapi/api.php/Index/index.action?redirect%3A%25%7Bnew+java.lang.String%28%27http%3A%2F%2Fxxxxxxxxxxxxx%27%29%7D
INFO: [ route_check ] --START--
INFO: Run CheckRoute Behavior [ RunTime:0.001368s ]
INFO: [ route_check ] --END-- [ RunTime:0.001848s ]
NOTIC: [8192] preg_replace(): The /e modifier is deprecated, use preg_replace_callback instead D:\wamp\www\dosochina.com\dsapi\ThinkPHP\Lib\Core\Dispatcher.class.php 第 120 行.
INFO: [ app_begin ] --START--
INFO: Run ReadHtmlCache Behavior [ RunTime:0.001298s ]
INFO: [ app_begin ] --END-- [ RunTime:0.001689s ]

[ 2015-09-26T19:54:39+08:00 ] ERR: (ThinkException) 非法操作:admin
[ 2015-09-26T19:54:45+08:00 ] ERR: (ThinkException) 非法操作:uploads
[ 2015-09-26T19:54:51+08:00 ] ERR: (ThinkException) 非法操作:backup
[ 2015-09-26T19:54:58+08:00 ] 121.42.0.19 /dsapi/api.php/Index//
INFO: [ route_check ] --START--
INFO: Run CheckRoute Behavior [ RunTime:0.001423s ]
INFO: [ route_check ] --END-- [ RunTime:0.001874s ]
NOTIC: [8192] preg_replace(): The /e modifier is deprecated, use preg_replace_callback instead D:\wamp\www\dosochina.com\dsapi\ThinkPHP\Lib\Core\Dispatcher.class.php 第 120 行.
INFO: [ app_begin ] --START--
INFO: Run ReadHtmlCache Behavior [ RunTime:0.002257s ]
INFO: [ app_begin ] --END-- [ RunTime:0.002646s ]

[ 2015-09-26T19:55:32+08:00 ] ERR: (ThinkException) 非法操作:htdocs
[ 2015-09-26T19:55:34+08:00 ] ERR: (ThinkException) 非法操作:upfile
[ 2015-09-26T19:55:36+08:00 ] ERR: (ThinkException) 非法操作:upfiles
[ 2015-09-26T19:55:38+08:00 ] ERR: (ThinkException) 非法操作:uploadfile
[ 2015-09-26T19:55:42+08:00 ] ERR: (ThinkException) 非法操作:uploadfiles
[ 2015-09-26T19:55:44+08:00 ] ERR: (ThinkException) 非法操作:web
[ 2015-09-26T19:55:46+08:00 ] ERR: (ThinkException) 非法操作:data
[ 2015-09-26T19:55:57+08:00 ] ERR: (ThinkException) 非法操作:phpinfo
[ 2015-09-26T19:56:00+08:00 ] ERR: (ThinkException) 非法操作:info
[ 2015-09-26T19:56:04+08:00 ] 121.42.0.19 /dsapi/api.php/Index/index.php
INFO: [ route_check ] --START--
INFO: Run CheckRoute Behavior [ RunTime:0.001492s ]
INFO: [ route_check ] --END-- [ RunTime:0.001888s ]
NOTIC: [8192] preg_replace(): The /e modifier is deprecated, use preg_replace_callback instead D:\wamp\www\dosochina.com\dsapi\ThinkPHP\Lib\Core\Dispatcher.class.php 第 120 行.
INFO: [ app_begin ] --START--
INFO: Run ReadHtmlCache Behavior [ RunTime:0.001349s ]
INFO: [ app_begin ] --END-- [ RunTime:0.001710s ]

[ 2015-09-26T19:56:06+08:00 ] ERR: (ThinkException) 非法操作:php
[ 2015-09-26T19:56:07+08:00 ] ERR: (ThinkException) 非法操作:test
[ 2015-09-26T19:56:08+08:00 ] ERR: (ThinkException) 非法操作:a
[ 2015-09-26T19:56:10+08:00 ] ERR: (ThinkException) 非法操作:1
[ 2015-09-26T19:56:12+08:00 ] ERR: (ThinkException) 非法操作:u
[ 2015-09-26T19:56:14+08:00 ] ERR: (ThinkException) 非法操作:l
[ 2015-09-26T19:56:16+08:00 ] ERR: (ThinkException) 非法操作:tz
[ 2015-09-26T19:56:18+08:00 ] ERR: (ThinkException) 非法操作:adminer
[ 2015-09-26T19:56:20+08:00 ] ERR: (ThinkException) 非法操作:bigdump
[ 2015-09-26T19:56:22+08:00 ] ERR: (ThinkException) 非法操作:${@print(md5(this_is_a_test_string))}
[ 2015-09-26T21:28:40+08:00 ] ERR: (ThinkException) 非法操作:shopadmin
[ 2015-09-26T21:28:50+08:00 ] ERR: (ThinkException) 非法操作:feed-proxy
[ 2015-09-26T21:29:09+08:00 ] 121.42.0.19 /dsapi/api.php/Index/.DS_Store
INFO: [ route_check ] --START--
INFO: Run CheckRoute Behavior [ RunTime:0.001144s ]
INFO: [ route_check ] --END-- [ RunTime:0.001588s ]
NOTIC: [8192] preg_replace(): The /e modifier is deprecated, use preg_replace_callback instead D:\wamp\www\dosochina.com\dsapi\ThinkPHP\Lib\Core\Dispatcher.class.php 第 120 行.
INFO: [ app_begin ] --START--
INFO: Run ReadHtmlCache Behavior [ RunTime:0.001052s ]
INFO: [ app_begin ] --END-- [ RunTime:0.001409s ]

[ 2015-09-26T21:29:10+08:00 ] ERR: (ThinkException) 非法操作:bbx
[ 2015-09-26T21:29:11+08:00 ] ERR: (ThinkException) 非法操作:tools
[ 2015-09-26T21:29:12+08:00 ] ERR: (ThinkException) 非法操作:yanfang
[ 2015-09-26T21:29:13+08:00 ] ERR: (ThinkException) 非法操作:upload
[ 2015-09-26T21:29:14+08:00 ] ERR: (ThinkException) 非法操作:db
[ 2015-09-26T21:29:15+08:00 ] ERR: (ThinkException) 非法操作:shopadmin
[ 2015-09-26T21:29:15+08:00 ] ERR: (ThinkException) 非法操作:config
[ 2015-09-26T21:29:16+08:00 ] ERR: (ThinkException) 非法操作:logs
[ 2015-09-26T21:29:17+08:00 ] ERR: (ThinkException) 非法操作:log
[ 2015-09-26T21:29:18+08:00 ] 121.42.0.19 /dsapi/api.php/Index/index.action?redirect%3A%25%7Bnew+java.lang.String%28%27http%3A%2F%2Fxxxxxxxxxxxxx%27%29%7D
INFO: [ route_check ] --START--
INFO: Run CheckRoute Behavior [ RunTime:0.001177s ]
INFO: [ route_check ] --END-- [ RunTime:0.001570s ]
NOTIC: [8192] preg_replace(): The /e modifier is deprecated, use preg_replace_callback instead D:\wamp\www\dosochina.com\dsapi\ThinkPHP\Lib\Core\Dispatcher.class.php 第 120 行.
INFO: [ app_begin ] --START--
INFO: Run ReadHtmlCache Behavior [ RunTime:0.001028s ]
INFO: [ app_begin ] --END-- [ RunTime:0.001394s ]

[ 2015-09-26T21:29:19+08:00 ] ERR: (ThinkException) 非法操作:feed-proxy
[ 2015-09-26T21:29:20+08:00 ] ERR: (ThinkException) 非法操作:admin
[ 2015-09-26T21:29:21+08:00 ] ERR: (ThinkException) 非法操作:uploads
[ 2015-09-26T21:29:22+08:00 ] ERR: (ThinkException) 非法操作:backup
[ 2015-09-26T21:29:23+08:00 ] 121.42.0.19 /dsapi/api.php/Index//
INFO: [ route_check ] --START--
INFO: Run CheckRoute Behavior [ RunTime:0.001157s ]
INFO: [ route_check ] --END-- [ RunTime:0.001588s ]
NOTIC: [8192] preg_replace(): The /e modifier is deprecated, use preg_replace_callback instead D:\wamp\www\dosochina.com\dsapi\ThinkPHP\Lib\Core\Dispatcher.class.php 第 120 行.
INFO: [ app_begin ] --START--
INFO: Run ReadHtmlCache Behavior [ RunTime:0.001082s ]
INFO: [ app_begin ] --END-- [ RunTime:0.001468s ]

[ 2015-09-26T21:29:25+08:00 ] ERR: (ThinkException) 非法操作:htdocs
[ 2015-09-26T21:29:26+08:00 ] ERR: (ThinkException) 模板不存在[./App/Tpl/Wxhd/check1.html]
[ 2015-09-26T21:29:26+08:00 ] ERR: (ThinkException) 非法操作:upfile
[ 2015-09-26T21:29:27+08:00 ] ERR: (ThinkException) 非法操作:bbx
[ 2015-09-26T21:29:27+08:00 ] ERR: (ThinkException) 非法操作:upfiles
[ 2015-09-26T21:29:28+08:00 ] ERR: (ThinkException) 非法操作:uploadfile
[ 2015-09-26T21:29:30+08:00 ] ERR: (ThinkException) 非法操作:uploadfiles
[ 2015-09-26T21:29:31+08:00 ] ERR: (ThinkException) 非法操作:tools
[ 2015-09-26T21:29:31+08:00 ] ERR: (ThinkException) 非法操作:web
[ 2015-09-26T21:29:32+08:00 ] ERR: (ThinkException) 非法操作:data
[ 2015-09-26T21:29:37+08:00 ] ERR: (ThinkException) 非法操作:phpinfo
[ 2015-09-26T21:29:38+08:00 ] ERR: (ThinkException) 非法操作:yanfang
[ 2015-09-26T21:29:38+08:00 ] ERR: (ThinkException) 非法操作:info
[ 2015-09-26T21:29:39+08:00 ] ERR: (ThinkException) 非法操作:upload
[ 2015-09-26T21:29:40+08:00 ] 121.42.0.19 /dsapi/api.php/Index/index.php
INFO: [ route_check ] --START--
INFO: Run CheckRoute Behavior [ RunTime:0.001186s ]
INFO: [ route_check ] --END-- [ RunTime:0.001598s ]
NOTIC: [8192] preg_replace(): The /e modifier is deprecated, use preg_replace_callback instead D:\wamp\www\dosochina.com\dsapi\ThinkPHP\Lib\Core\Dispatcher.class.php 第 120 行.
INFO: [ app_begin ] --START--
INFO: Run ReadHtmlCache Behavior [ RunTime:0.001114s ]
INFO: [ app_begin ] --END-- [ RunTime:0.001490s ]

[ 2015-09-26T21:29:41+08:00 ] ERR: (ThinkException) 非法操作:php
[ 2015-09-26T21:29:43+08:00 ] ERR: (ThinkException) 非法操作:test
[ 2015-09-26T21:29:44+08:00 ] ERR: (ThinkException) 非法操作:a
[ 2015-09-26T21:29:45+08:00 ] ERR: (ThinkException) 非法操作:1
[ 2015-09-26T21:29:46+08:00 ] ERR: (ThinkException) 非法操作:u
[ 2015-09-26T21:29:47+08:00 ] ERR: (ThinkException) 非法操作:l
[ 2015-09-26T21:29:50+08:00 ] ERR: (ThinkException) 非法操作:tz
[ 2015-09-26T21:29:51+08:00 ] ERR: (ThinkException) 非法操作:db
[ 2015-09-26T21:29:51+08:00 ] ERR: (ThinkException) 非法操作:adminer
[ 2015-09-26T21:29:52+08:00 ] ERR: (ThinkException) 非法操作:bigdump
[ 2015-09-26T21:29:53+08:00 ] ERR: (ThinkException) 非法操作:${@print(md5(this_is_a_test_string))}
[ 2015-09-26T21:29:54+08:00 ] ERR: (ThinkException) 非法操作:config
[ 2015-09-26T21:29:55+08:00 ] ERR: (ThinkException) 非法操作:logs
[ 2015-09-26T21:29:56+08:00 ] ERR: (ThinkException) 非法操作:log
[ 2015-09-26T21:29:57+08:00 ] ERR: (ThinkException) 模板不存在[./App/Tpl/Wxhd/check1.html]
[ 2015-09-26T21:29:58+08:00 ] ERR: (ThinkException) 非法操作:login
[ 2015-09-26T21:29:59+08:00 ] ERR: (ThinkException) 非法操作:admin
[ 2015-09-26T21:30:00+08:00 ] ERR: (ThinkException) 非法操作:uploads
[ 2015-09-26T21:30:01+08:00 ] ERR: (ThinkException) 非法操作:backup
[ 2015-09-26T21:30:03+08:00 ] ERR: (ThinkException) 模板不存在[./App/Tpl/Wxhd/check1.html]
[ 2015-09-26T21:30:04+08:00 ] ERR: (ThinkException) 非法操作:htdocs
[ 2015-09-26T21:30:05+08:00 ] ERR: (ThinkException) 非法操作:upfile
[ 2015-09-26T21:30:06+08:00 ] ERR: (ThinkException) 非法操作:upfiles
[ 2015-09-26T21:30:07+08:00 ] ERR: (ThinkException) 非法操作:uploadfile
[ 2015-09-26T21:30:08+08:00 ] ERR: (ThinkException) 非法操作:uploadfiles
[ 2015-09-26T21:30:09+08:00 ] ERR: (ThinkException) 非法操作:web
[ 2015-09-26T21:30:10+08:00 ] ERR: (ThinkException) 非法操作:data
[ 2015-09-26T21:30:15+08:00 ] ERR: (ThinkException) 非法操作:phpinfo
[ 2015-09-26T21:30:16+08:00 ] ERR: (ThinkException) 非法操作:info
[ 2015-09-26T21:30:18+08:00 ] ERR: (ThinkException) 模板不存在[./App/Tpl/Wxhd/check1.html]
[ 2015-09-26T21:30:19+08:00 ] ERR: (ThinkException) 非法操作:php
[ 2015-09-26T21:30:20+08:00 ] ERR: (ThinkException) 非法操作:test
[ 2015-09-26T21:30:21+08:00 ] ERR: (ThinkException) 非法操作:a
[ 2015-09-26T21:30:22+08:00 ] ERR: (ThinkException) 非法操作:1
[ 2015-09-26T21:30:24+08:00 ] ERR: (ThinkException) 非法操作:u
[ 2015-09-26T21:30:25+08:00 ] ERR: (ThinkException) 非法操作:l
[ 2015-09-26T21:30:26+08:00 ] ERR: (ThinkException) 非法操作:tz
[ 2015-09-26T21:30:27+08:00 ] ERR: (ThinkException) 非法操作:adminer
[ 2015-09-26T21:30:28+08:00 ] ERR: (ThinkException) 非法操作:bigdump
[ 2015-09-26T21:30:29+08:00 ] ERR: (ThinkException) 非法操作:${@print(md5(this_is_a_test_string))}
[ 2015-09-26T21:31:46+08:00 ] ERR: (ThinkException) 非法操作:shopadmin
[ 2015-09-26T21:31:54+08:00 ] ERR: (ThinkException) 非法操作:feed-proxy
[ 2015-09-26T21:31:59+08:00 ] ERR: (ThinkException) 模板不存在[./App/Tpl/Wxhd/check1.html]
[ 2015-09-26T21:32:18+08:00 ] ERR: (ThinkException) 非法操作:bbx
[ 2015-09-26T21:32:23+08:00 ] ERR: (ThinkException) 非法操作:tools
[ 2015-09-26T21:33:07+08:00 ] ERR: (ThinkException) 非法操作:yanfang
[ 2015-09-26T21:33:13+08:00 ] ERR: (ThinkException) 非法操作:upload
[ 2015-09-26T21:33:25+08:00 ] ERR: (ThinkException) 非法操作:db
[ 2015-09-26T21:33:26+08:00 ] ERR: (ThinkException) 非法操作:config
[ 2015-09-26T21:33:28+08:00 ] ERR: (ThinkException) 非法操作:logs
[ 2015-09-26T21:33:28+08:00 ] ERR: (ThinkException) 非法操作:log
[ 2015-09-26T21:33:30+08:00 ] ERR: (ThinkException) 模板不存在[./App/Tpl/Wxhd/check1.html]
[ 2015-09-26T21:33:32+08:00 ] ERR: (ThinkException) 非法操作:login
[ 2015-09-26T21:33:32+08:00 ] ERR: (ThinkException) 非法操作:admin
[ 2015-09-26T21:33:33+08:00 ] ERR: (ThinkException) 非法操作:uploads
[ 2015-09-26T21:33:34+08:00 ] ERR: (ThinkException) 非法操作:backup
[ 2015-09-26T21:33:36+08:00 ] ERR: (ThinkException) 模板不存在[./App/Tpl/Wxhd/check1.html]
[ 2015-09-26T21:33:37+08:00 ] ERR: (ThinkException) 非法操作:htdocs
[ 2015-09-26T21:33:39+08:00 ] ERR: (ThinkException) 非法操作:upfile
[ 2015-09-26T21:33:40+08:00 ] ERR: (ThinkException) 非法操作:upfiles
[ 2015-09-26T21:33:41+08:00 ] ERR: (ThinkException) 非法操作:uploadfile
[ 2015-09-26T21:33:42+08:00 ] ERR: (ThinkException) 非法操作:uploadfiles
[ 2015-09-26T21:33:43+08:00 ] ERR: (ThinkException) 非法操作:web
[ 2015-09-26T21:33:44+08:00 ] ERR: (ThinkException) 非法操作:data
[ 2015-09-26T21:33:49+08:00 ] ERR: (ThinkException) 非法操作:phpinfo
[ 2015-09-26T21:33:50+08:00 ] ERR: (ThinkException) 非法操作:info
[ 2015-09-26T21:33:52+08:00 ] ERR: (ThinkException) 模板不存在[./App/Tpl/Wxhd/check1.html]
[ 2015-09-26T21:33:55+08:00 ] ERR: (ThinkException) 非法操作:php
[ 2015-09-26T21:33:56+08:00 ] ERR: (ThinkException) 非法操作:test
[ 2015-09-26T21:34:00+08:00 ] ERR: (ThinkException) 非法操作:a
[ 2015-09-26T21:34:00+08:00 ] ERR: (ThinkException) 非法操作:1
[ 2015-09-26T21:34:01+08:00 ] ERR: (ThinkException) 非法操作:u
[ 2015-09-26T21:34:02+08:00 ] ERR: (ThinkException) 非法操作:l
[ 2015-09-26T21:34:04+08:00 ] ERR: (ThinkException) 非法操作:tz
[ 2015-09-26T21:34:04+08:00 ] ERR: (ThinkException) 非法操作:adminer
[ 2015-09-26T21:34:05+08:00 ] ERR: (ThinkException) 非法操作:bigdump
[ 2015-09-26T21:34:06+08:00 ] ERR: (ThinkException) 非法操作:${@print(md5(this_is_a_test_string))}
[ 2015-09-26T22:06:17+08:00 ] ERR: (ThinkException) 非法操作:shopadmin
[ 2015-09-26T22:06:20+08:00 ] ERR: (ThinkException) 非法操作:feed-proxy
[ 2015-09-26T22:06:22+08:00 ] 121.42.0.19 /dsapi/api.php/Index/.DS_Store
INFO: [ route_check ] --START--
INFO: Run CheckRoute Behavior [ RunTime:0.002272s ]
INFO: [ route_check ] --END-- [ RunTime:0.002892s ]
NOTIC: [8192] preg_replace(): The /e modifier is deprecated, use preg_replace_callback instead D:\wamp\www\dosochina.com\dsapi\ThinkPHP\Lib\Core\Dispatcher.class.php 第 120 行.
INFO: [ app_begin ] --START--
INFO: Run ReadHtmlCache Behavior [ RunTime:0.001952s ]
INFO: [ app_begin ] --END-- [ RunTime:0.002568s ]

[ 2015-09-26T22:06:23+08:00 ] ERR: (ThinkException) 非法操作:bbx
[ 2015-09-26T22:06:24+08:00 ] ERR: (ThinkException) 非法操作:tools
[ 2015-09-26T22:06:25+08:00 ] ERR: (ThinkException) 非法操作:yanfang
[ 2015-09-26T22:06:26+08:00 ] ERR: (ThinkException) 非法操作:upload
[ 2015-09-26T22:06:27+08:00 ] ERR: (ThinkException) 非法操作:db
[ 2015-09-26T22:06:28+08:00 ] ERR: (ThinkException) 非法操作:config
[ 2015-09-26T22:06:29+08:00 ] ERR: (ThinkException) 非法操作:logs
[ 2015-09-26T22:06:55+08:00 ] ERR: (ThinkException) 非法操作:log
[ 2015-09-26T22:06:56+08:00 ] 121.42.0.19 /dsapi/api.php/Index/index.action?redirect%3A%25%7Bnew+java.lang.String%28%27http%3A%2F%2Fxxxxxxxxxxxxx%27%29%7D
INFO: [ route_check ] --START--
INFO: Run CheckRoute Behavior [ RunTime:0.001536s ]
INFO: [ route_check ] --END-- [ RunTime:0.002026s ]
NOTIC: [8192] preg_replace(): The /e modifier is deprecated, use preg_replace_callback instead D:\wamp\www\dosochina.com\dsapi\ThinkPHP\Lib\Core\Dispatcher.class.php 第 120 行.
INFO: [ app_begin ] --START--
INFO: Run ReadHtmlCache Behavior [ RunTime:0.001379s ]
INFO: [ app_begin ] --END-- [ RunTime:0.001760s ]

[ 2015-09-26T22:06:58+08:00 ] ERR: (ThinkException) 非法操作:admin
[ 2015-09-26T22:06:59+08:00 ] ERR: (ThinkException) 非法操作:uploads
[ 2015-09-26T22:07:00+08:00 ] ERR: (ThinkException) 非法操作:backup
[ 2015-09-26T22:07:01+08:00 ] 121.42.0.19 /dsapi/api.php/Index//
INFO: [ route_check ] --START--
INFO: Run CheckRoute Behavior [ RunTime:0.002492s ]
INFO: [ route_check ] --END-- [ RunTime:0.003203s ]
NOTIC: [8192] preg_replace(): The /e modifier is deprecated, use preg_replace_callback instead D:\wamp\www\dosochina.com\dsapi\ThinkPHP\Lib\Core\Dispatcher.class.php 第 120 行.
INFO: [ app_begin ] --START--
INFO: Run ReadHtmlCache Behavior [ RunTime:0.002268s ]
INFO: [ app_begin ] --END-- [ RunTime:0.002968s ]

[ 2015-09-26T22:07:02+08:00 ] ERR: (ThinkException) 非法操作:htdocs
[ 2015-09-26T22:07:03+08:00 ] ERR: (ThinkException) 非法操作:upfile
[ 2015-09-26T22:07:04+08:00 ] ERR: (ThinkException) 非法操作:upfiles
[ 2015-09-26T22:07:05+08:00 ] ERR: (ThinkException) 非法操作:uploadfile
[ 2015-09-26T22:07:06+08:00 ] ERR: (ThinkException) 非法操作:uploadfiles
[ 2015-09-26T22:07:07+08:00 ] ERR: (ThinkException) 非法操作:web
[ 2015-09-26T22:07:08+08:00 ] ERR: (ThinkException) 非法操作:data
[ 2015-09-26T22:07:13+08:00 ] ERR: (ThinkException) 非法操作:phpinfo
[ 2015-09-26T22:07:14+08:00 ] ERR: (ThinkException) 非法操作:info
[ 2015-09-26T22:07:16+08:00 ] 121.42.0.19 /dsapi/api.php/Index/index.php
INFO: [ route_check ] --START--
INFO: Run CheckRoute Behavior [ RunTime:0.002451s ]
INFO: [ route_check ] --END-- [ RunTime:0.003457s ]
NOTIC: [8192] preg_replace(): The /e modifier is deprecated, use preg_replace_callback instead D:\wamp\www\dosochina.com\dsapi\ThinkPHP\Lib\Core\Dispatcher.class.php 第 120 行.
INFO: [ app_begin ] --START--
INFO: Run ReadHtmlCache Behavior [ RunTime:0.002348s ]
INFO: [ app_begin ] --END-- [ RunTime:0.003083s ]

[ 2015-09-26T22:07:17+08:00 ] ERR: (ThinkException) 非法操作:php
[ 2015-09-26T22:07:18+08:00 ] ERR: (ThinkException) 非法操作:test
[ 2015-09-26T22:07:19+08:00 ] ERR: (ThinkException) 非法操作:a
[ 2015-09-26T22:07:20+08:00 ] ERR: (ThinkException) 非法操作:1
[ 2015-09-26T22:07:21+08:00 ] ERR: (ThinkException) 非法操作:u
[ 2015-09-26T22:07:22+08:00 ] ERR: (ThinkException) 非法操作:l
[ 2015-09-26T22:07:23+08:00 ] ERR: (ThinkException) 非法操作:tz
[ 2015-09-26T22:07:24+08:00 ] ERR: (ThinkException) 非法操作:adminer
[ 2015-09-26T22:07:25+08:00 ] ERR: (ThinkException) 非法操作:bigdump
[ 2015-09-26T22:07:27+08:00 ] ERR: (ThinkException) 非法操作:${@print(md5(this_is_a_test_string))}
[ 2015-09-26T22:29:49+08:00 ] ERR: (ThinkException) 非法操作:shopadmin
[ 2015-09-26T22:30:00+08:00 ] ERR: (ThinkException) 非法操作:feed-proxy
[ 2015-09-26T22:30:45+08:00 ] 121.42.0.19 /dsapi/api.php/Index/.DS_Store
INFO: [ route_check ] --START--
INFO: Run CheckRoute Behavior [ RunTime:0.001380s ]
INFO: [ route_check ] --END-- [ RunTime:0.001815s ]
NOTIC: [8192] preg_replace(): The /e modifier is deprecated, use preg_replace_callback instead D:\wamp\www\dosochina.com\dsapi\ThinkPHP\Lib\Core\Dispatcher.class.php 第 120 行.
INFO: [ app_begin ] --START--
INFO: Run ReadHtmlCache Behavior [ RunTime:0.001619s ]
INFO: [ app_begin ] --END-- [ RunTime:0.002207s ]

[ 2015-09-26T22:30:52+08:00 ] ERR: (ThinkException) 非法操作:bbx
[ 2015-09-26T22:31:23+08:00 ] ERR: (ThinkException) 非法操作:tools
[ 2015-09-26T22:31:28+08:00 ] ERR: (ThinkException) 非法操作:yanfang
[ 2015-09-26T22:31:33+08:00 ] ERR: (ThinkException) 非法操作:upload
[ 2015-09-26T22:31:38+08:00 ] ERR: (ThinkException) 非法操作:db
[ 2015-09-26T22:31:39+08:00 ] ERR: (ThinkException) 非法操作:config
[ 2015-09-26T22:31:40+08:00 ] ERR: (ThinkException) 非法操作:logs
[ 2015-09-26T22:31:41+08:00 ] ERR: (ThinkException) 非法操作:log
[ 2015-09-26T22:31:42+08:00 ] 121.42.0.19 /dsapi/api.php/Index/index.action?redirect%3A%25%7Bnew+java.lang.String%28%27http%3A%2F%2Fxxxxxxxxxxxxx%27%29%7D
INFO: [ route_check ] --START--
INFO: Run CheckRoute Behavior [ RunTime:0.001461s ]
INFO: [ route_check ] --END-- [ RunTime:0.002007s ]
NOTIC: [8192] preg_replace(): The /e modifier is deprecated, use preg_replace_callback instead D:\wamp\www\dosochina.com\dsapi\ThinkPHP\Lib\Core\Dispatcher.class.php 第 120 行.
INFO: [ app_begin ] --START--
INFO: Run ReadHtmlCache Behavior [ RunTime:0.001174s ]
INFO: [ app_begin ] --END-- [ RunTime:0.001707s ]

[ 2015-09-26T22:31:44+08:00 ] ERR: (ThinkException) 非法操作:admin
[ 2015-09-26T22:31:44+08:00 ] ERR: (ThinkException) 非法操作:uploads
[ 2015-09-26T22:31:46+08:00 ] ERR: (ThinkException) 非法操作:backup
[ 2015-09-26T22:31:47+08:00 ] 121.42.0.19 /dsapi/api.php/Index//
INFO: [ route_check ] --START--
INFO: Run CheckRoute Behavior [ RunTime:0.001246s ]
INFO: [ route_check ] --END-- [ RunTime:0.001736s ]
NOTIC: [8192] preg_replace(): The /e modifier is deprecated, use preg_replace_callback instead D:\wamp\www\dosochina.com\dsapi\ThinkPHP\Lib\Core\Dispatcher.class.php 第 120 行.
INFO: [ app_begin ] --START--
INFO: Run ReadHtmlCache Behavior [ RunTime:0.001126s ]
INFO: [ app_begin ] --END-- [ RunTime:0.001516s ]

[ 2015-09-26T22:31:50+08:00 ] ERR: (ThinkException) 非法操作:htdocs
[ 2015-09-26T22:31:54+08:00 ] ERR: (ThinkException) 非法操作:upfiles
[ 2015-09-26T22:31:55+08:00 ] ERR: (ThinkException) 非法操作:uploadfile
[ 2015-09-26T22:31:56+08:00 ] ERR: (ThinkException) 非法操作:uploadfiles
[ 2015-09-26T22:31:57+08:00 ] ERR: (ThinkException) 非法操作:web
[ 2015-09-26T22:31:58+08:00 ] ERR: (ThinkException) 非法操作:data
[ 2015-09-26T22:32:03+08:00 ] ERR: (ThinkException) 非法操作:phpinfo
[ 2015-09-26T22:32:05+08:00 ] ERR: (ThinkException) 非法操作:info
[ 2015-09-26T22:32:08+08:00 ] 121.42.0.19 /dsapi/api.php/Index/index.php
INFO: [ route_check ] --START--
INFO: Run CheckRoute Behavior [ RunTime:0.001182s ]
INFO: [ route_check ] --END-- [ RunTime:0.001636s ]
NOTIC: [8192] preg_replace(): The /e modifier is deprecated, use preg_replace_callback instead D:\wamp\www\dosochina.com\dsapi\ThinkPHP\Lib\Core\Dispatcher.class.php 第 120 行.
INFO: [ app_begin ] --START--
INFO: Run ReadHtmlCache Behavior [ RunTime:0.001111s ]
INFO: [ app_begin ] --END-- [ RunTime:0.001479s ]

[ 2015-09-26T22:32:09+08:00 ] ERR: (ThinkException) 非法操作:php
[ 2015-09-26T22:32:10+08:00 ] ERR: (ThinkException) 非法操作:test
[ 2015-09-26T22:32:11+08:00 ] ERR: (ThinkException) 非法操作:a
[ 2015-09-26T22:32:12+08:00 ] ERR: (ThinkException) 非法操作:1
[ 2015-09-26T22:32:13+08:00 ] ERR: (ThinkException) 非法操作:u
[ 2015-09-26T22:32:15+08:00 ] ERR: (ThinkException) 非法操作:l
[ 2015-09-26T22:32:16+08:00 ] ERR: (ThinkException) 非法操作:tz
[ 2015-09-26T22:32:19+08:00 ] ERR: (ThinkException) 非法操作:adminer
[ 2015-09-26T22:32:20+08:00 ] ERR: (ThinkException) 非法操作:bigdump
[ 2015-09-26T22:32:21+08:00 ] ERR: (ThinkException) 非法操作:${@print(md5(this_is_a_test_string))}
