[ 2015-09-19T13:05:52+08:00 ] ERR: (ThinkException) 非法操作:shopadmin
[ 2015-09-19T13:05:54+08:00 ] ERR: (ThinkException) 非法操作:feed-proxy
[ 2015-09-19T13:05:55+08:00 ] 121.42.0.17 /dsapi/api.php/Index/.DS_Store
INFO: [ route_check ] --START--
INFO: Run CheckRoute Behavior [ RunTime:0.001907s ]
INFO: [ route_check ] --END-- [ RunTime:0.002388s ]
NOTIC: [8192] preg_replace(): The /e modifier is deprecated, use preg_replace_callback instead D:\wamp\www\dosochina.com\dsapi\ThinkPHP\Lib\Core\Dispatcher.class.php 第 120 行.
INFO: [ app_begin ] --START--
INFO: Run ReadHtmlCache Behavior [ RunTime:0.001256s ]
INFO: [ app_begin ] --END-- [ RunTime:0.001624s ]

[ 2015-09-19T13:05:57+08:00 ] ERR: (ThinkException) 非法操作:bbx
[ 2015-09-19T13:05:58+08:00 ] ERR: (ThinkException) 非法操作:tools
[ 2015-09-19T13:05:59+08:00 ] ERR: (ThinkException) 非法操作:yanfang
[ 2015-09-19T13:06:00+08:00 ] ERR: (ThinkException) 非法操作:upload
[ 2015-09-19T13:06:00+08:00 ] ERR: (ThinkException) 非法操作:db
[ 2015-09-19T13:06:01+08:00 ] ERR: (ThinkException) 非法操作:config
[ 2015-09-19T13:06:03+08:00 ] ERR: (ThinkException) 非法操作:logs
[ 2015-09-19T13:06:04+08:00 ] ERR: (ThinkException) 非法操作:log
[ 2015-09-19T13:06:04+08:00 ] 121.42.0.17 /dsapi/api.php/Index/index.action?redirect%3A%25%7Bnew+java.lang.String%28%27http%3A%2F%2Fxxxxxxxxxxxxx%27%29%7D
INFO: [ route_check ] --START--
INFO: Run CheckRoute Behavior [ RunTime:0.001465s ]
INFO: [ route_check ] --END-- [ RunTime:0.001892s ]
NOTIC: [8192] preg_replace(): The /e modifier is deprecated, use preg_replace_callback instead D:\wamp\www\dosochina.com\dsapi\ThinkPHP\Lib\Core\Dispatcher.class.php 第 120 行.
INFO: [ app_begin ] --START--
INFO: Run ReadHtmlCache Behavior [ RunTime:0.001383s ]
INFO: [ app_begin ] --END-- [ RunTime:0.001773s ]

[ 2015-09-19T13:06:07+08:00 ] ERR: (ThinkException) 非法操作:admin
[ 2015-09-19T13:06:08+08:00 ] ERR: (ThinkException) 非法操作:uploads
[ 2015-09-19T13:06:09+08:00 ] ERR: (ThinkException) 非法操作:backup
[ 2015-09-19T13:06:10+08:00 ] 121.42.0.17 /dsapi/api.php/Index//
INFO: [ route_check ] --START--
INFO: Run CheckRoute Behavior [ RunTime:0.001355s ]
INFO: [ route_check ] --END-- [ RunTime:0.001781s ]
NOTIC: [8192] preg_replace(): The /e modifier is deprecated, use preg_replace_callback instead D:\wamp\www\dosochina.com\dsapi\ThinkPHP\Lib\Core\Dispatcher.class.php 第 120 行.
INFO: [ app_begin ] --START--
INFO: Run ReadHtmlCache Behavior [ RunTime:0.001276s ]
INFO: [ app_begin ] --END-- [ RunTime:0.001634s ]

[ 2015-09-19T13:06:11+08:00 ] ERR: (ThinkException) 非法操作:htdocs
[ 2015-09-19T13:06:12+08:00 ] ERR: (ThinkException) 非法操作:upfile
[ 2015-09-19T13:06:13+08:00 ] ERR: (ThinkException) 非法操作:upfiles
[ 2015-09-19T13:06:13+08:00 ] ERR: (ThinkException) 非法操作:uploadfile
[ 2015-09-19T13:06:15+08:00 ] ERR: (ThinkException) 非法操作:uploadfiles
[ 2015-09-19T13:06:16+08:00 ] ERR: (ThinkException) 非法操作:web
[ 2015-09-19T13:06:18+08:00 ] ERR: (ThinkException) 非法操作:data
[ 2015-09-19T13:06:22+08:00 ] ERR: (ThinkException) 非法操作:phpinfo
[ 2015-09-19T13:06:39+08:00 ] ERR: (ThinkException) 非法操作:info
[ 2015-09-19T13:07:05+08:00 ] 121.42.0.17 /dsapi/api.php/Index/index.php
INFO: [ route_check ] --START--
INFO: Run CheckRoute Behavior [ RunTime:0.001221s ]
INFO: [ route_check ] --END-- [ RunTime:0.001698s ]
NOTIC: [8192] preg_replace(): The /e modifier is deprecated, use preg_replace_callback instead D:\wamp\www\dosochina.com\dsapi\ThinkPHP\Lib\Core\Dispatcher.class.php 第 120 行.
INFO: [ app_begin ] --START--
INFO: Run ReadHtmlCache Behavior [ RunTime:0.001094s ]
INFO: [ app_begin ] --END-- [ RunTime:0.001477s ]

[ 2015-09-19T13:07:08+08:00 ] ERR: (ThinkException) 非法操作:php
[ 2015-09-19T13:07:10+08:00 ] ERR: (ThinkException) 非法操作:test
[ 2015-09-19T13:07:11+08:00 ] ERR: (ThinkException) 非法操作:a
[ 2015-09-19T13:07:12+08:00 ] ERR: (ThinkException) 非法操作:1
[ 2015-09-19T13:07:13+08:00 ] ERR: (ThinkException) 非法操作:u
[ 2015-09-19T13:07:14+08:00 ] ERR: (ThinkException) 非法操作:l
[ 2015-09-19T13:07:15+08:00 ] ERR: (ThinkException) 非法操作:tz
[ 2015-09-19T13:07:16+08:00 ] ERR: (ThinkException) 非法操作:adminer
[ 2015-09-19T13:07:17+08:00 ] ERR: (ThinkException) 非法操作:bigdump
[ 2015-09-19T13:07:18+08:00 ] ERR: (ThinkException) 非法操作:${@print(md5(this_is_a_test_string))}
[ 2015-09-19T14:27:12+08:00 ] ERR: (ThinkException) 非法操作:shopadmin
[ 2015-09-19T14:27:58+08:00 ] ERR: (ThinkException) 非法操作:feed-proxy
[ 2015-09-19T14:28:00+08:00 ] ERR: (ThinkException) 模板不存在[./App/Tpl/Wxhd/check1.html]
[ 2015-09-19T14:28:01+08:00 ] ERR: (ThinkException) 非法操作:bbx
[ 2015-09-19T14:28:02+08:00 ] ERR: (ThinkException) 非法操作:tools
[ 2015-09-19T14:28:03+08:00 ] ERR: (ThinkException) 非法操作:yanfang
[ 2015-09-19T14:28:04+08:00 ] ERR: (ThinkException) 非法操作:upload
[ 2015-09-19T14:28:05+08:00 ] ERR: (ThinkException) 非法操作:db
[ 2015-09-19T14:28:06+08:00 ] ERR: (ThinkException) 非法操作:config
[ 2015-09-19T14:28:07+08:00 ] ERR: (ThinkException) 非法操作:logs
[ 2015-09-19T14:28:10+08:00 ] ERR: (ThinkException) 非法操作:log
[ 2015-09-19T14:28:12+08:00 ] ERR: (ThinkException) 模板不存在[./App/Tpl/Wxhd/check1.html]
[ 2015-09-19T14:28:14+08:00 ] ERR: (ThinkException) 非法操作:login
[ 2015-09-19T14:28:16+08:00 ] ERR: (ThinkException) 非法操作:admin
[ 2015-09-19T14:28:17+08:00 ] ERR: (ThinkException) 非法操作:uploads
[ 2015-09-19T14:28:18+08:00 ] ERR: (ThinkException) 非法操作:backup
[ 2015-09-19T14:28:19+08:00 ] ERR: (ThinkException) 模板不存在[./App/Tpl/Wxhd/check1.html]
[ 2015-09-19T14:28:20+08:00 ] ERR: (ThinkException) 非法操作:htdocs
[ 2015-09-19T14:28:23+08:00 ] ERR: (ThinkException) 非法操作:upfile
[ 2015-09-19T14:28:24+08:00 ] ERR: (ThinkException) 非法操作:upfiles
[ 2015-09-19T14:28:25+08:00 ] ERR: (ThinkException) 非法操作:uploadfile
[ 2015-09-19T14:28:26+08:00 ] ERR: (ThinkException) 非法操作:uploadfiles
[ 2015-09-19T14:28:27+08:00 ] ERR: (ThinkException) 非法操作:web
[ 2015-09-19T14:28:30+08:00 ] ERR: (ThinkException) 非法操作:data
[ 2015-09-19T14:28:33+08:00 ] ERR: (ThinkException) 非法操作:phpinfo
[ 2015-09-19T14:28:34+08:00 ] ERR: (ThinkException) 非法操作:info
[ 2015-09-19T14:28:36+08:00 ] ERR: (ThinkException) 模板不存在[./App/Tpl/Wxhd/check1.html]
[ 2015-09-19T14:28:38+08:00 ] ERR: (ThinkException) 非法操作:php
[ 2015-09-19T14:28:39+08:00 ] ERR: (ThinkException) 非法操作:test
[ 2015-09-19T14:28:40+08:00 ] ERR: (ThinkException) 非法操作:a
[ 2015-09-19T14:28:41+08:00 ] ERR: (ThinkException) 非法操作:1
[ 2015-09-19T14:28:42+08:00 ] ERR: (ThinkException) 非法操作:u
[ 2015-09-19T14:28:43+08:00 ] ERR: (ThinkException) 非法操作:l
[ 2015-09-19T14:28:44+08:00 ] ERR: (ThinkException) 非法操作:tz
[ 2015-09-19T14:28:45+08:00 ] ERR: (ThinkException) 非法操作:adminer
[ 2015-09-19T14:28:46+08:00 ] ERR: (ThinkException) 非法操作:bigdump
[ 2015-09-19T14:28:47+08:00 ] ERR: (ThinkException) 非法操作:${@print(md5(this_is_a_test_string))}
[ 2015-09-19T14:31:18+08:00 ] ERR: (ThinkException) 非法操作:shopadmin
[ 2015-09-19T14:31:40+08:00 ] ERR: (ThinkException) 非法操作:feed-proxy
[ 2015-09-19T14:31:43+08:00 ] ERR: (ThinkException) 模板不存在[./App/Tpl/Wxhd/check1.html]
[ 2015-09-19T14:31:44+08:00 ] ERR: (ThinkException) 非法操作:bbx
[ 2015-09-19T14:31:45+08:00 ] ERR: (ThinkException) 非法操作:tools
[ 2015-09-19T14:31:46+08:00 ] ERR: (ThinkException) 非法操作:yanfang
[ 2015-09-19T14:31:49+08:00 ] ERR: (ThinkException) 非法操作:upload
[ 2015-09-19T14:31:53+08:00 ] ERR: (ThinkException) 非法操作:db
[ 2015-09-19T14:31:54+08:00 ] ERR: (ThinkException) 非法操作:config
[ 2015-09-19T14:31:55+08:00 ] ERR: (ThinkException) 非法操作:logs
[ 2015-09-19T14:31:58+08:00 ] ERR: (ThinkException) 非法操作:log
[ 2015-09-19T14:31:59+08:00 ] ERR: (ThinkException) 模板不存在[./App/Tpl/Wxhd/check1.html]
[ 2015-09-19T14:32:01+08:00 ] ERR: (ThinkException) 非法操作:login
[ 2015-09-19T14:32:02+08:00 ] ERR: (ThinkException) 非法操作:admin
[ 2015-09-19T14:32:03+08:00 ] ERR: (ThinkException) 非法操作:uploads
[ 2015-09-19T14:32:04+08:00 ] ERR: (ThinkException) 非法操作:backup
[ 2015-09-19T14:32:05+08:00 ] ERR: (ThinkException) 模板不存在[./App/Tpl/Wxhd/check1.html]
[ 2015-09-19T14:32:06+08:00 ] ERR: (ThinkException) 非法操作:htdocs
[ 2015-09-19T14:32:07+08:00 ] ERR: (ThinkException) 非法操作:upfile
[ 2015-09-19T14:32:08+08:00 ] ERR: (ThinkException) 非法操作:upfiles
[ 2015-09-19T14:32:11+08:00 ] ERR: (ThinkException) 非法操作:uploadfile
[ 2015-09-19T14:32:12+08:00 ] ERR: (ThinkException) 非法操作:uploadfiles
[ 2015-09-19T14:32:13+08:00 ] ERR: (ThinkException) 非法操作:web
[ 2015-09-19T14:32:14+08:00 ] ERR: (ThinkException) 非法操作:data
[ 2015-09-19T14:32:17+08:00 ] ERR: (ThinkException) 非法操作:phpinfo
[ 2015-09-19T14:32:18+08:00 ] ERR: (ThinkException) 非法操作:info
[ 2015-09-19T14:32:21+08:00 ] ERR: (ThinkException) 模板不存在[./App/Tpl/Wxhd/check1.html]
[ 2015-09-19T14:32:22+08:00 ] ERR: (ThinkException) 非法操作:php
[ 2015-09-19T14:32:23+08:00 ] ERR: (ThinkException) 非法操作:test
[ 2015-09-19T14:32:24+08:00 ] ERR: (ThinkException) 非法操作:a
[ 2015-09-19T14:32:25+08:00 ] ERR: (ThinkException) 非法操作:1
[ 2015-09-19T14:32:26+08:00 ] ERR: (ThinkException) 非法操作:u
[ 2015-09-19T14:32:27+08:00 ] ERR: (ThinkException) 非法操作:l
[ 2015-09-19T14:32:30+08:00 ] ERR: (ThinkException) 非法操作:tz
[ 2015-09-19T14:32:31+08:00 ] ERR: (ThinkException) 非法操作:adminer
[ 2015-09-19T14:32:33+08:00 ] ERR: (ThinkException) 非法操作:bigdump
[ 2015-09-19T14:32:34+08:00 ] ERR: (ThinkException) 非法操作:${@print(md5(this_is_a_test_string))}
[ 2015-09-19T15:08:25+08:00 ] ERR: (ThinkException) 非法操作:shopadmin
[ 2015-09-19T15:08:32+08:00 ] ERR: (ThinkException) 非法操作:feed-proxy
[ 2015-09-19T15:09:00+08:00 ] 121.42.0.17 /dsapi/api.php/Index/.DS_Store
INFO: [ route_check ] --START--
INFO: Run CheckRoute Behavior [ RunTime:0.001147s ]
INFO: [ route_check ] --END-- [ RunTime:0.001569s ]
NOTIC: [8192] preg_replace(): The /e modifier is deprecated, use preg_replace_callback instead D:\wamp\www\dosochina.com\dsapi\ThinkPHP\Lib\Core\Dispatcher.class.php 第 120 行.
INFO: [ app_begin ] --START--
INFO: Run ReadHtmlCache Behavior [ RunTime:0.001558s ]
INFO: [ app_begin ] --END-- [ RunTime:0.001921s ]

[ 2015-09-19T15:09:01+08:00 ] ERR: (ThinkException) 非法操作:bbx
[ 2015-09-19T15:09:02+08:00 ] ERR: (ThinkException) 非法操作:tools
[ 2015-09-19T15:09:03+08:00 ] ERR: (ThinkException) 非法操作:yanfang
[ 2015-09-19T15:09:04+08:00 ] ERR: (ThinkException) 非法操作:upload
[ 2015-09-19T15:09:05+08:00 ] ERR: (ThinkException) 非法操作:db
[ 2015-09-19T15:09:06+08:00 ] ERR: (ThinkException) 非法操作:config
[ 2015-09-19T15:09:19+08:00 ] ERR: (ThinkException) 非法操作:logs
[ 2015-09-19T15:09:24+08:00 ] ERR: (ThinkException) 非法操作:log
[ 2015-09-19T15:09:25+08:00 ] 121.42.0.17 /dsapi/api.php/Index/index.action?redirect%3A%25%7Bnew+java.lang.String%28%27http%3A%2F%2Fxxxxxxxxxxxxx%27%29%7D
INFO: [ route_check ] --START--
INFO: Run CheckRoute Behavior [ RunTime:0.001086s ]
INFO: [ route_check ] --END-- [ RunTime:0.001559s ]
NOTIC: [8192] preg_replace(): The /e modifier is deprecated, use preg_replace_callback instead D:\wamp\www\dosochina.com\dsapi\ThinkPHP\Lib\Core\Dispatcher.class.php 第 120 行.
INFO: [ app_begin ] --START--
INFO: Run ReadHtmlCache Behavior [ RunTime:0.001029s ]
INFO: [ app_begin ] --END-- [ RunTime:0.001411s ]

[ 2015-09-19T15:09:27+08:00 ] ERR: (ThinkException) 非法操作:admin
[ 2015-09-19T15:09:28+08:00 ] ERR: (ThinkException) 非法操作:uploads
[ 2015-09-19T15:09:29+08:00 ] ERR: (ThinkException) 非法操作:backup
[ 2015-09-19T15:09:30+08:00 ] 121.42.0.17 /dsapi/api.php/Index//
INFO: [ route_check ] --START--
INFO: Run CheckRoute Behavior [ RunTime:0.001025s ]
INFO: [ route_check ] --END-- [ RunTime:0.001421s ]
NOTIC: [8192] preg_replace(): The /e modifier is deprecated, use preg_replace_callback instead D:\wamp\www\dosochina.com\dsapi\ThinkPHP\Lib\Core\Dispatcher.class.php 第 120 行.
INFO: [ app_begin ] --START--
INFO: Run ReadHtmlCache Behavior [ RunTime:0.000952s ]
INFO: [ app_begin ] --END-- [ RunTime:0.001305s ]

[ 2015-09-19T15:09:31+08:00 ] ERR: (ThinkException) 非法操作:htdocs
[ 2015-09-19T15:09:32+08:00 ] ERR: (ThinkException) 非法操作:upfile
[ 2015-09-19T15:09:34+08:00 ] ERR: (ThinkException) 非法操作:upfiles
[ 2015-09-19T15:09:35+08:00 ] ERR: (ThinkException) 非法操作:uploadfile
[ 2015-09-19T15:09:36+08:00 ] ERR: (ThinkException) 非法操作:uploadfiles
[ 2015-09-19T15:09:37+08:00 ] ERR: (ThinkException) 非法操作:web
[ 2015-09-19T15:09:38+08:00 ] ERR: (ThinkException) 非法操作:data
[ 2015-09-19T15:09:41+08:00 ] ERR: (ThinkException) 非法操作:phpinfo
[ 2015-09-19T15:09:42+08:00 ] ERR: (ThinkException) 非法操作:info
[ 2015-09-19T15:09:44+08:00 ] 121.42.0.17 /dsapi/api.php/Index/index.php
INFO: [ route_check ] --START--
INFO: Run CheckRoute Behavior [ RunTime:0.001094s ]
INFO: [ route_check ] --END-- [ RunTime:0.001518s ]
NOTIC: [8192] preg_replace(): The /e modifier is deprecated, use preg_replace_callback instead D:\wamp\www\dosochina.com\dsapi\ThinkPHP\Lib\Core\Dispatcher.class.php 第 120 行.
INFO: [ app_begin ] --START--
INFO: Run ReadHtmlCache Behavior [ RunTime:0.000993s ]
INFO: [ app_begin ] --END-- [ RunTime:0.001388s ]

[ 2015-09-19T15:09:45+08:00 ] ERR: (ThinkException) 非法操作:php
[ 2015-09-19T15:09:46+08:00 ] ERR: (ThinkException) 非法操作:test
[ 2015-09-19T15:09:47+08:00 ] ERR: (ThinkException) 非法操作:a
[ 2015-09-19T15:09:48+08:00 ] ERR: (ThinkException) 非法操作:1
[ 2015-09-19T15:09:49+08:00 ] ERR: (ThinkException) 非法操作:u
[ 2015-09-19T15:09:50+08:00 ] ERR: (ThinkException) 非法操作:l
[ 2015-09-19T15:09:51+08:00 ] ERR: (ThinkException) 非法操作:tz
[ 2015-09-19T15:09:52+08:00 ] ERR: (ThinkException) 非法操作:adminer
[ 2015-09-19T15:09:53+08:00 ] ERR: (ThinkException) 非法操作:bigdump
[ 2015-09-19T15:09:54+08:00 ] ERR: (ThinkException) 非法操作:${@print(md5(this_is_a_test_string))}
[ 2015-09-19T15:26:32+08:00 ] ERR: (ThinkException) 非法操作:shopadmin
[ 2015-09-19T15:26:35+08:00 ] ERR: (ThinkException) 非法操作:feed-proxy
[ 2015-09-19T15:26:37+08:00 ] 121.42.0.17 /dsapi/api.php/Index/.DS_Store
INFO: [ route_check ] --START--
INFO: Run CheckRoute Behavior [ RunTime:0.001585s ]
INFO: [ route_check ] --END-- [ RunTime:0.002016s ]
NOTIC: [8192] preg_replace(): The /e modifier is deprecated, use preg_replace_callback instead D:\wamp\www\dosochina.com\dsapi\ThinkPHP\Lib\Core\Dispatcher.class.php 第 120 行.
INFO: [ app_begin ] --START--
INFO: Run ReadHtmlCache Behavior [ RunTime:0.001346s ]
INFO: [ app_begin ] --END-- [ RunTime:0.001731s ]

[ 2015-09-19T15:26:39+08:00 ] ERR: (ThinkException) 非法操作:bbx
[ 2015-09-19T15:26:40+08:00 ] ERR: (ThinkException) 非法操作:tools
[ 2015-09-19T15:26:41+08:00 ] ERR: (ThinkException) 非法操作:yanfang
[ 2015-09-19T15:26:43+08:00 ] ERR: (ThinkException) 非法操作:upload
[ 2015-09-19T15:26:44+08:00 ] ERR: (ThinkException) 非法操作:db
[ 2015-09-19T15:26:45+08:00 ] ERR: (ThinkException) 非法操作:config
[ 2015-09-19T15:26:46+08:00 ] ERR: (ThinkException) 非法操作:logs
[ 2015-09-19T15:26:47+08:00 ] ERR: (ThinkException) 非法操作:log
[ 2015-09-19T15:26:48+08:00 ] 121.42.0.17 /dsapi/api.php/Index/index.action?redirect%3A%25%7Bnew+java.lang.String%28%27http%3A%2F%2Fxxxxxxxxxxxxx%27%29%7D
INFO: [ route_check ] --START--
INFO: Run CheckRoute Behavior [ RunTime:0.001358s ]
INFO: [ route_check ] --END-- [ RunTime:0.001785s ]
NOTIC: [8192] preg_replace(): The /e modifier is deprecated, use preg_replace_callback instead D:\wamp\www\dosochina.com\dsapi\ThinkPHP\Lib\Core\Dispatcher.class.php 第 120 行.
INFO: [ app_begin ] --START--
INFO: Run ReadHtmlCache Behavior [ RunTime:0.001513s ]
INFO: [ app_begin ] --END-- [ RunTime:0.001996s ]

[ 2015-09-19T15:26:50+08:00 ] ERR: (ThinkException) 非法操作:admin
[ 2015-09-19T15:26:51+08:00 ] ERR: (ThinkException) 非法操作:uploads
[ 2015-09-19T15:26:52+08:00 ] ERR: (ThinkException) 非法操作:backup
[ 2015-09-19T15:26:53+08:00 ] 121.42.0.17 /dsapi/api.php/Index//
INFO: [ route_check ] --START--
INFO: Run CheckRoute Behavior [ RunTime:0.001415s ]
INFO: [ route_check ] --END-- [ RunTime:0.001807s ]
NOTIC: [8192] preg_replace(): The /e modifier is deprecated, use preg_replace_callback instead D:\wamp\www\dosochina.com\dsapi\ThinkPHP\Lib\Core\Dispatcher.class.php 第 120 行.
INFO: [ app_begin ] --START--
INFO: Run ReadHtmlCache Behavior [ RunTime:0.001268s ]
INFO: [ app_begin ] --END-- [ RunTime:0.001627s ]

[ 2015-09-19T15:26:54+08:00 ] ERR: (ThinkException) 非法操作:htdocs
[ 2015-09-19T15:26:55+08:00 ] ERR: (ThinkException) 非法操作:upfile
[ 2015-09-19T15:26:56+08:00 ] ERR: (ThinkException) 非法操作:upfiles
[ 2015-09-19T15:26:57+08:00 ] ERR: (ThinkException) 非法操作:uploadfile
[ 2015-09-19T15:26:58+08:00 ] ERR: (ThinkException) 非法操作:uploadfiles
[ 2015-09-19T15:26:59+08:00 ] ERR: (ThinkException) 非法操作:web
[ 2015-09-19T15:27:00+08:00 ] ERR: (ThinkException) 非法操作:data
[ 2015-09-19T15:27:03+08:00 ] ERR: (ThinkException) 非法操作:phpinfo
[ 2015-09-19T15:27:04+08:00 ] ERR: (ThinkException) 非法操作:info
[ 2015-09-19T15:27:06+08:00 ] 121.42.0.17 /dsapi/api.php/Index/index.php
INFO: [ route_check ] --START--
INFO: Run CheckRoute Behavior [ RunTime:0.001475s ]
INFO: [ route_check ] --END-- [ RunTime:0.001897s ]
NOTIC: [8192] preg_replace(): The /e modifier is deprecated, use preg_replace_callback instead D:\wamp\www\dosochina.com\dsapi\ThinkPHP\Lib\Core\Dispatcher.class.php 第 120 行.
INFO: [ app_begin ] --START--
INFO: Run ReadHtmlCache Behavior [ RunTime:0.001591s ]
INFO: [ app_begin ] --END-- [ RunTime:0.002010s ]

[ 2015-09-19T15:27:07+08:00 ] ERR: (ThinkException) 非法操作:php
[ 2015-09-19T15:27:08+08:00 ] ERR: (ThinkException) 非法操作:test
[ 2015-09-19T15:27:09+08:00 ] ERR: (ThinkException) 非法操作:a
[ 2015-09-19T15:27:10+08:00 ] ERR: (ThinkException) 非法操作:1
[ 2015-09-19T15:27:24+08:00 ] ERR: (ThinkException) 非法操作:u
[ 2015-09-19T15:27:54+08:00 ] ERR: (ThinkException) 非法操作:l
[ 2015-09-19T15:27:56+08:00 ] ERR: (ThinkException) 非法操作:tz
[ 2015-09-19T15:27:56+08:00 ] ERR: (ThinkException) 非法操作:bigdump
[ 2015-09-19T15:27:57+08:00 ] ERR: (ThinkException) 非法操作:${@print(md5(this_is_a_test_string))}
