[ 2015-08-15T10:05:56+08:00 ] ERR: (ThinkException) 非法操作:shopadmin
[ 2015-08-15T10:06:57+08:00 ] ERR: (ThinkException) 非法操作:feed-proxy
[ 2015-08-15T10:07:57+08:00 ] ERR: (ThinkException) 非法操作:bbx
[ 2015-08-15T10:08:59+08:00 ] ERR: (ThinkException) 非法操作:tools
[ 2015-08-15T10:10:00+08:00 ] ERR: (ThinkException) 非法操作:yanfang
[ 2015-08-15T10:10:35+08:00 ] 121.42.0.30 /dsapi/api.php/Index/.DS_Store
INFO: [ route_check ] --START--
INFO: Run CheckRoute Behavior [ RunTime:0.001356s ]
INFO: [ route_check ] --END-- [ RunTime:0.001758s ]
NOTIC: [8192] preg_replace(): The /e modifier is deprecated, use preg_replace_callback instead D:\wamp\www\dosochina.com\dsapi\ThinkPHP\Lib\Core\Dispatcher.class.php 第 120 行.
INFO: [ app_begin ] --START--
INFO: Run ReadHtmlCache Behavior [ RunTime:0.001219s ]
INFO: [ app_begin ] --END-- [ RunTime:0.001606s ]

[ 2015-08-15T10:10:46+08:00 ] ERR: (ThinkException) 非法操作:db
[ 2015-08-15T10:11:01+08:00 ] ERR: (ThinkException) 非法操作:config
[ 2015-08-15T10:11:05+08:00 ] ERR: (ThinkException) 非法操作:logs
[ 2015-08-15T10:11:06+08:00 ] ERR: (ThinkException) 非法操作:log
[ 2015-08-15T10:12:08+08:00 ] ERR: (ThinkException) 非法操作:admin
[ 2015-08-15T10:12:28+08:00 ] 121.42.0.30 /dsapi/api.php/Index/index.action?debug=browser
INFO: [ route_check ] --START--
INFO: Run CheckRoute Behavior [ RunTime:0.001152s ]
INFO: [ route_check ] --END-- [ RunTime:0.001562s ]
NOTIC: [8192] preg_replace(): The /e modifier is deprecated, use preg_replace_callback instead D:\wamp\www\dosochina.com\dsapi\ThinkPHP\Lib\Core\Dispatcher.class.php 第 120 行.
INFO: [ app_begin ] --START--
INFO: Run ReadHtmlCache Behavior [ RunTime:0.001003s ]
INFO: [ app_begin ] --END-- [ RunTime:0.001361s ]

[ 2015-08-15T10:12:59+08:00 ] 121.42.0.30 /dsapi/api.php/Index/index.action?redirect%3A%25%7Bnew+java.lang.String%28%27http%3A%2F%2Fxxxxxxxxxxxxx%27%29%7D
INFO: [ route_check ] --START--
INFO: Run CheckRoute Behavior [ RunTime:0.001973s ]
INFO: [ route_check ] --END-- [ RunTime:0.002449s ]
NOTIC: [8192] preg_replace(): The /e modifier is deprecated, use preg_replace_callback instead D:\wamp\www\dosochina.com\dsapi\ThinkPHP\Lib\Core\Dispatcher.class.php 第 120 行.
INFO: [ app_begin ] --START--
INFO: Run ReadHtmlCache Behavior [ RunTime:0.001383s ]
INFO: [ app_begin ] --END-- [ RunTime:0.001763s ]

[ 2015-08-15T10:13:17+08:00 ] ERR: (ThinkException) 非法操作:admin
[ 2015-08-15T10:14:19+08:00 ] ERR: (ThinkException) 非法操作:upload
[ 2015-08-15T10:14:22+08:00 ] ERR: (ThinkException) 非法操作:uploads
[ 2015-08-15T10:14:43+08:00 ] 121.42.0.30 /dsapi/api.php/Index//
INFO: [ route_check ] --START--
INFO: Run CheckRoute Behavior [ RunTime:0.001068s ]
INFO: [ route_check ] --END-- [ RunTime:0.001469s ]
NOTIC: [8192] preg_replace(): The /e modifier is deprecated, use preg_replace_callback instead D:\wamp\www\dosochina.com\dsapi\ThinkPHP\Lib\Core\Dispatcher.class.php 第 120 行.
INFO: [ app_begin ] --START--
INFO: Run ReadHtmlCache Behavior [ RunTime:0.001034s ]
INFO: [ app_begin ] --END-- [ RunTime:0.001422s ]

[ 2015-08-15T10:14:53+08:00 ] ERR: (ThinkException) 非法操作:htdocs
[ 2015-08-15T10:14:57+08:00 ] ERR: (ThinkException) 非法操作:upfile
[ 2015-08-15T10:14:58+08:00 ] ERR: (ThinkException) 非法操作:upfiles
[ 2015-08-15T10:15:11+08:00 ] ERR: (ThinkException) 非法操作:uploadfile
[ 2015-08-15T10:15:13+08:00 ] ERR: (ThinkException) 非法操作:uploadfiles
[ 2015-08-15T10:15:15+08:00 ] ERR: (ThinkException) 非法操作:web
[ 2015-08-15T10:15:17+08:00 ] ERR: (ThinkException) 非法操作:data
[ 2015-08-15T10:16:18+08:00 ] ERR: (ThinkException) 非法操作:backup
[ 2015-08-15T10:18:19+08:00 ] ERR: (ThinkException) 非法操作:phpinfo
[ 2015-08-15T10:18:22+08:00 ] 121.42.0.30 /dsapi/api.php/Index/index.php
INFO: [ route_check ] --START--
INFO: Run CheckRoute Behavior [ RunTime:0.001020s ]
INFO: [ route_check ] --END-- [ RunTime:0.001387s ]
NOTIC: [8192] preg_replace(): The /e modifier is deprecated, use preg_replace_callback instead D:\wamp\www\dosochina.com\dsapi\ThinkPHP\Lib\Core\Dispatcher.class.php 第 120 行.
INFO: [ app_begin ] --START--
INFO: Run ReadHtmlCache Behavior [ RunTime:0.000935s ]
INFO: [ app_begin ] --END-- [ RunTime:0.001279s ]

[ 2015-08-15T10:18:23+08:00 ] ERR: (ThinkException) 非法操作:php
[ 2015-08-15T10:18:26+08:00 ] ERR: (ThinkException) 非法操作:info
[ 2015-08-15T10:18:29+08:00 ] ERR: (ThinkException) 非法操作:test
[ 2015-08-15T10:18:30+08:00 ] ERR: (ThinkException) 非法操作:a
[ 2015-08-15T10:18:32+08:00 ] ERR: (ThinkException) 非法操作:1
[ 2015-08-15T10:18:35+08:00 ] ERR: (ThinkException) 非法操作:u
[ 2015-08-15T10:18:37+08:00 ] ERR: (ThinkException) 非法操作:tz
[ 2015-08-15T10:18:38+08:00 ] ERR: (ThinkException) 非法操作:adminer
[ 2015-08-15T10:18:38+08:00 ] ERR: (ThinkException) 非法操作:bigdump
[ 2015-08-15T10:18:40+08:00 ] ERR: (ThinkException) 非法操作:${@print(md5(this_is_a_test_string))}
[ 2015-08-15T10:53:13+08:00 ] ERR: (ThinkException) 非法操作:shopadmin
[ 2015-08-15T10:54:14+08:00 ] ERR: (ThinkException) 非法操作:feed-proxy
[ 2015-08-15T10:54:48+08:00 ] ERR: (ThinkException) 非法操作:bbx
[ 2015-08-15T10:54:54+08:00 ] ERR: (ThinkException) 非法操作:tools
[ 2015-08-15T10:55:18+08:00 ] ERR: (ThinkException) 非法操作:yanfang
[ 2015-08-15T10:55:25+08:00 ] 121.42.0.30 /dsapi/api.php/Index/.DS_Store
INFO: [ route_check ] --START--
INFO: Run CheckRoute Behavior [ RunTime:0.001368s ]
INFO: [ route_check ] --END-- [ RunTime:0.001799s ]
NOTIC: [8192] preg_replace(): The /e modifier is deprecated, use preg_replace_callback instead D:\wamp\www\dosochina.com\dsapi\ThinkPHP\Lib\Core\Dispatcher.class.php 第 120 行.
INFO: [ app_begin ] --START--
INFO: Run ReadHtmlCache Behavior [ RunTime:0.001230s ]
INFO: [ app_begin ] --END-- [ RunTime:0.001590s ]

[ 2015-08-15T10:55:43+08:00 ] ERR: (ThinkException) 非法操作:db
[ 2015-08-15T10:55:44+08:00 ] ERR: (ThinkException) 非法操作:config
[ 2015-08-15T10:55:45+08:00 ] ERR: (ThinkException) 非法操作:logs
[ 2015-08-15T10:56:46+08:00 ] ERR: (ThinkException) 非法操作:log
[ 2015-08-15T10:57:02+08:00 ] ERR: (ThinkException) 非法操作:admin
[ 2015-08-15T10:57:09+08:00 ] 121.42.0.30 /dsapi/api.php/Index/index.action?debug=browser
INFO: [ route_check ] --START--
INFO: Run CheckRoute Behavior [ RunTime:0.001238s ]
INFO: [ route_check ] --END-- [ RunTime:0.001646s ]
NOTIC: [8192] preg_replace(): The /e modifier is deprecated, use preg_replace_callback instead D:\wamp\www\dosochina.com\dsapi\ThinkPHP\Lib\Core\Dispatcher.class.php 第 120 行.
INFO: [ app_begin ] --START--
INFO: Run ReadHtmlCache Behavior [ RunTime:0.001167s ]
INFO: [ app_begin ] --END-- [ RunTime:0.001537s ]

[ 2015-08-15T10:57:54+08:00 ] 121.42.0.30 /dsapi/api.php/Index/index.action?redirect%3A%25%7Bnew+java.lang.String%28%27http%3A%2F%2Fxxxxxxxxxxxxx%27%29%7D
INFO: [ route_check ] --START--
INFO: Run CheckRoute Behavior [ RunTime:0.001339s ]
INFO: [ route_check ] --END-- [ RunTime:0.001789s ]
NOTIC: [8192] preg_replace(): The /e modifier is deprecated, use preg_replace_callback instead D:\wamp\www\dosochina.com\dsapi\ThinkPHP\Lib\Core\Dispatcher.class.php 第 120 行.
INFO: [ app_begin ] --START--
INFO: Run ReadHtmlCache Behavior [ RunTime:0.001322s ]
INFO: [ app_begin ] --END-- [ RunTime:0.001686s ]

[ 2015-08-15T10:58:36+08:00 ] ERR: (ThinkException) 非法操作:admin
[ 2015-08-15T10:58:48+08:00 ] ERR: (ThinkException) 非法操作:upload
[ 2015-08-15T10:58:50+08:00 ] ERR: (ThinkException) 非法操作:uploads
[ 2015-08-15T10:58:52+08:00 ] 121.42.0.30 /dsapi/api.php/Index//
INFO: [ route_check ] --START--
INFO: Run CheckRoute Behavior [ RunTime:0.001222s ]
INFO: [ route_check ] --END-- [ RunTime:0.001632s ]
NOTIC: [8192] preg_replace(): The /e modifier is deprecated, use preg_replace_callback instead D:\wamp\www\dosochina.com\dsapi\ThinkPHP\Lib\Core\Dispatcher.class.php 第 120 行.
INFO: [ app_begin ] --START--
INFO: Run ReadHtmlCache Behavior [ RunTime:0.001165s ]
INFO: [ app_begin ] --END-- [ RunTime:0.001523s ]

[ 2015-08-15T10:58:53+08:00 ] ERR: (ThinkException) 非法操作:htdocs
[ 2015-08-15T10:58:59+08:00 ] ERR: (ThinkException) 非法操作:upfile
[ 2015-08-15T10:59:01+08:00 ] ERR: (ThinkException) 非法操作:upfiles
[ 2015-08-15T10:59:02+08:00 ] ERR: (ThinkException) 非法操作:uploadfile
[ 2015-08-15T10:59:03+08:00 ] ERR: (ThinkException) 非法操作:uploadfiles
[ 2015-08-15T10:59:04+08:00 ] ERR: (ThinkException) 非法操作:web
[ 2015-08-15T10:59:05+08:00 ] ERR: (ThinkException) 非法操作:data
[ 2015-08-15T10:59:07+08:00 ] ERR: (ThinkException) 非法操作:backup
[ 2015-08-15T10:59:18+08:00 ] ERR: (ThinkException) 非法操作:phpinfo
[ 2015-08-15T11:00:21+08:00 ] 121.42.0.30 /dsapi/api.php/Index/index.php
INFO: [ route_check ] --START--
INFO: Run CheckRoute Behavior [ RunTime:0.001357s ]
INFO: [ route_check ] --END-- [ RunTime:0.001817s ]
NOTIC: [8192] preg_replace(): The /e modifier is deprecated, use preg_replace_callback instead D:\wamp\www\dosochina.com\dsapi\ThinkPHP\Lib\Core\Dispatcher.class.php 第 120 行.
INFO: [ app_begin ] --START--
INFO: Run ReadHtmlCache Behavior [ RunTime:0.001402s ]
INFO: [ app_begin ] --END-- [ RunTime:0.001856s ]

[ 2015-08-15T11:01:23+08:00 ] ERR: (ThinkException) 非法操作:php
[ 2015-08-15T11:01:38+08:00 ] ERR: (ThinkException) 非法操作:info
[ 2015-08-15T11:01:39+08:00 ] ERR: (ThinkException) 非法操作:test
[ 2015-08-15T11:01:42+08:00 ] ERR: (ThinkException) 非法操作:a
[ 2015-08-15T11:01:44+08:00 ] ERR: (ThinkException) 非法操作:1
[ 2015-08-15T11:01:45+08:00 ] ERR: (ThinkException) 非法操作:u
[ 2015-08-15T11:01:48+08:00 ] ERR: (ThinkException) 非法操作:tz
[ 2015-08-15T11:01:51+08:00 ] ERR: (ThinkException) 非法操作:adminer
[ 2015-08-15T11:01:54+08:00 ] ERR: (ThinkException) 非法操作:bigdump
[ 2015-08-15T11:01:57+08:00 ] ERR: (ThinkException) 非法操作:${@print(md5(this_is_a_test_string))}
[ 2015-08-15T11:23:49+08:00 ] ERR: (ThinkException) 非法操作:shopadmin
[ 2015-08-15T11:24:51+08:00 ] ERR: (ThinkException) 非法操作:feed-proxy
[ 2015-08-15T11:25:53+08:00 ] ERR: (ThinkException) 非法操作:bbx
[ 2015-08-15T11:26:54+08:00 ] ERR: (ThinkException) 非法操作:tools
[ 2015-08-15T11:27:14+08:00 ] ERR: (ThinkException) 非法操作:yanfang
[ 2015-08-15T11:27:15+08:00 ] 121.42.0.30 /dsapi/api.php/Index/.DS_Store
INFO: [ route_check ] --START--
INFO: Run CheckRoute Behavior [ RunTime:0.001489s ]
INFO: [ route_check ] --END-- [ RunTime:0.001924s ]
NOTIC: [8192] preg_replace(): The /e modifier is deprecated, use preg_replace_callback instead D:\wamp\www\dosochina.com\dsapi\ThinkPHP\Lib\Core\Dispatcher.class.php 第 120 行.
INFO: [ app_begin ] --START--
INFO: Run ReadHtmlCache Behavior [ RunTime:0.001727s ]
INFO: [ app_begin ] --END-- [ RunTime:0.002092s ]

[ 2015-08-15T11:27:16+08:00 ] ERR: (ThinkException) 非法操作:db
[ 2015-08-15T11:27:17+08:00 ] ERR: (ThinkException) 非法操作:config
[ 2015-08-15T11:27:21+08:00 ] ERR: (ThinkException) 非法操作:logs
[ 2015-08-15T11:27:22+08:00 ] ERR: (ThinkException) 非法操作:log
[ 2015-08-15T11:27:26+08:00 ] ERR: (ThinkException) 非法操作:admin
[ 2015-08-15T11:27:28+08:00 ] 121.42.0.30 /dsapi/api.php/Index/index.action?debug=browser
INFO: [ route_check ] --START--
INFO: Run CheckRoute Behavior [ RunTime:0.002096s ]
INFO: [ route_check ] --END-- [ RunTime:0.002641s ]
NOTIC: [8192] preg_replace(): The /e modifier is deprecated, use preg_replace_callback instead D:\wamp\www\dosochina.com\dsapi\ThinkPHP\Lib\Core\Dispatcher.class.php 第 120 行.
INFO: [ app_begin ] --START--
INFO: Run ReadHtmlCache Behavior [ RunTime:0.001199s ]
INFO: [ app_begin ] --END-- [ RunTime:0.001572s ]

[ 2015-08-15T11:27:29+08:00 ] 121.42.0.30 /dsapi/api.php/Index/index.action?redirect%3A%25%7Bnew+java.lang.String%28%27http%3A%2F%2Fxxxxxxxxxxxxx%27%29%7D
INFO: [ route_check ] --START--
INFO: Run CheckRoute Behavior [ RunTime:0.001252s ]
INFO: [ route_check ] --END-- [ RunTime:0.001624s ]
NOTIC: [8192] preg_replace(): The /e modifier is deprecated, use preg_replace_callback instead D:\wamp\www\dosochina.com\dsapi\ThinkPHP\Lib\Core\Dispatcher.class.php 第 120 行.
INFO: [ app_begin ] --START--
INFO: Run ReadHtmlCache Behavior [ RunTime:0.001169s ]
INFO: [ app_begin ] --END-- [ RunTime:0.001522s ]

[ 2015-08-15T11:27:33+08:00 ] ERR: (ThinkException) 非法操作:admin
[ 2015-08-15T11:27:34+08:00 ] ERR: (ThinkException) 非法操作:upload
[ 2015-08-15T11:27:35+08:00 ] ERR: (ThinkException) 非法操作:uploads
[ 2015-08-15T11:27:36+08:00 ] 121.42.0.30 /dsapi/api.php/Index//
INFO: [ route_check ] --START--
INFO: Run CheckRoute Behavior [ RunTime:0.001230s ]
INFO: [ route_check ] --END-- [ RunTime:0.001622s ]
NOTIC: [8192] preg_replace(): The /e modifier is deprecated, use preg_replace_callback instead D:\wamp\www\dosochina.com\dsapi\ThinkPHP\Lib\Core\Dispatcher.class.php 第 120 行.
INFO: [ app_begin ] --START--
INFO: Run ReadHtmlCache Behavior [ RunTime:0.001134s ]
INFO: [ app_begin ] --END-- [ RunTime:0.001473s ]

[ 2015-08-15T11:27:37+08:00 ] ERR: (ThinkException) 非法操作:htdocs
[ 2015-08-15T11:27:38+08:00 ] ERR: (ThinkException) 非法操作:upfile
[ 2015-08-15T11:27:40+08:00 ] ERR: (ThinkException) 非法操作:upfiles
[ 2015-08-15T11:27:41+08:00 ] ERR: (ThinkException) 非法操作:uploadfile
[ 2015-08-15T11:27:43+08:00 ] ERR: (ThinkException) 非法操作:uploadfiles
[ 2015-08-15T11:27:46+08:00 ] ERR: (ThinkException) 非法操作:web
[ 2015-08-15T11:27:47+08:00 ] ERR: (ThinkException) 非法操作:data
[ 2015-08-15T11:27:48+08:00 ] ERR: (ThinkException) 非法操作:backup
[ 2015-08-15T11:27:54+08:00 ] ERR: (ThinkException) 非法操作:phpinfo
[ 2015-08-15T11:27:55+08:00 ] 121.42.0.30 /dsapi/api.php/Index/index.php
INFO: [ route_check ] --START--
INFO: Run CheckRoute Behavior [ RunTime:0.001239s ]
INFO: [ route_check ] --END-- [ RunTime:0.001625s ]
NOTIC: [8192] preg_replace(): The /e modifier is deprecated, use preg_replace_callback instead D:\wamp\www\dosochina.com\dsapi\ThinkPHP\Lib\Core\Dispatcher.class.php 第 120 行.
INFO: [ app_begin ] --START--
INFO: Run ReadHtmlCache Behavior [ RunTime:0.001172s ]
INFO: [ app_begin ] --END-- [ RunTime:0.001526s ]

[ 2015-08-15T11:27:56+08:00 ] ERR: (ThinkException) 非法操作:php
[ 2015-08-15T11:27:57+08:00 ] ERR: (ThinkException) 非法操作:info
[ 2015-08-15T11:27:59+08:00 ] ERR: (ThinkException) 非法操作:test
[ 2015-08-15T11:28:00+08:00 ] ERR: (ThinkException) 非法操作:a
[ 2015-08-15T11:28:01+08:00 ] ERR: (ThinkException) 非法操作:1
[ 2015-08-15T11:28:02+08:00 ] ERR: (ThinkException) 非法操作:u
[ 2015-08-15T11:28:03+08:00 ] ERR: (ThinkException) 非法操作:tz
[ 2015-08-15T11:28:04+08:00 ] ERR: (ThinkException) 非法操作:adminer
[ 2015-08-15T11:28:05+08:00 ] ERR: (ThinkException) 非法操作:bigdump
[ 2015-08-15T11:28:07+08:00 ] ERR: (ThinkException) 非法操作:${@print(md5(this_is_a_test_string))}
[ 2015-08-15T11:37:57+08:00 ] ERR: (ThinkException) 非法操作:shopadmin
[ 2015-08-15T11:38:03+08:00 ] ERR: (ThinkException) 非法操作:feed-proxy
[ 2015-08-15T11:39:52+08:00 ] ERR: (ThinkException) 非法操作:bbx
[ 2015-08-15T11:39:53+08:00 ] ERR: (ThinkException) 非法操作:tools
[ 2015-08-15T11:39:54+08:00 ] ERR: (ThinkException) 非法操作:yanfang
[ 2015-08-15T11:39:55+08:00 ] 121.42.0.30 /dsapi/api.php/Index/.DS_Store
INFO: [ route_check ] --START--
INFO: Run CheckRoute Behavior [ RunTime:0.001104s ]
INFO: [ route_check ] --END-- [ RunTime:0.001474s ]
NOTIC: [8192] preg_replace(): The /e modifier is deprecated, use preg_replace_callback instead D:\wamp\www\dosochina.com\dsapi\ThinkPHP\Lib\Core\Dispatcher.class.php 第 120 行.
INFO: [ app_begin ] --START--
INFO: Run ReadHtmlCache Behavior [ RunTime:0.001033s ]
INFO: [ app_begin ] --END-- [ RunTime:0.001705s ]

[ 2015-08-15T11:39:56+08:00 ] ERR: (ThinkException) 非法操作:db
[ 2015-08-15T11:39:58+08:00 ] ERR: (ThinkException) 非法操作:config
[ 2015-08-15T11:40:01+08:00 ] ERR: (ThinkException) 非法操作:logs
[ 2015-08-15T11:40:02+08:00 ] ERR: (ThinkException) 非法操作:log
[ 2015-08-15T11:40:04+08:00 ] ERR: (ThinkException) 非法操作:admin
[ 2015-08-15T11:40:05+08:00 ] 121.42.0.30 /dsapi/api.php/Index/index.action?debug=browser
INFO: [ route_check ] --START--
INFO: Run CheckRoute Behavior [ RunTime:0.001486s ]
INFO: [ route_check ] --END-- [ RunTime:0.001923s ]
NOTIC: [8192] preg_replace(): The /e modifier is deprecated, use preg_replace_callback instead D:\wamp\www\dosochina.com\dsapi\ThinkPHP\Lib\Core\Dispatcher.class.php 第 120 行.
INFO: [ app_begin ] --START--
INFO: Run ReadHtmlCache Behavior [ RunTime:0.001378s ]
INFO: [ app_begin ] --END-- [ RunTime:0.001722s ]

[ 2015-08-15T11:40:06+08:00 ] 121.42.0.30 /dsapi/api.php/Index/index.action?redirect%3A%25%7Bnew+java.lang.String%28%27http%3A%2F%2Fxxxxxxxxxxxxx%27%29%7D
INFO: [ route_check ] --START--
INFO: Run CheckRoute Behavior [ RunTime:0.001525s ]
INFO: [ route_check ] --END-- [ RunTime:0.001897s ]
NOTIC: [8192] preg_replace(): The /e modifier is deprecated, use preg_replace_callback instead D:\wamp\www\dosochina.com\dsapi\ThinkPHP\Lib\Core\Dispatcher.class.php 第 120 行.
INFO: [ app_begin ] --START--
INFO: Run ReadHtmlCache Behavior [ RunTime:0.001419s ]
INFO: [ app_begin ] --END-- [ RunTime:0.001763s ]

[ 2015-08-15T11:40:10+08:00 ] ERR: (ThinkException) 非法操作:admin
[ 2015-08-15T11:40:11+08:00 ] ERR: (ThinkException) 非法操作:upload
[ 2015-08-15T11:40:12+08:00 ] ERR: (ThinkException) 非法操作:uploads
[ 2015-08-15T11:40:14+08:00 ] 121.42.0.30 /dsapi/api.php/Index//
INFO: [ route_check ] --START--
INFO: Run CheckRoute Behavior [ RunTime:0.001475s ]
INFO: [ route_check ] --END-- [ RunTime:0.001842s ]
NOTIC: [8192] preg_replace(): The /e modifier is deprecated, use preg_replace_callback instead D:\wamp\www\dosochina.com\dsapi\ThinkPHP\Lib\Core\Dispatcher.class.php 第 120 行.
INFO: [ app_begin ] --START--
INFO: Run ReadHtmlCache Behavior [ RunTime:0.001372s ]
INFO: [ app_begin ] --END-- [ RunTime:0.001727s ]

[ 2015-08-15T11:40:16+08:00 ] ERR: (ThinkException) 非法操作:htdocs
[ 2015-08-15T11:40:17+08:00 ] ERR: (ThinkException) 非法操作:upfile
[ 2015-08-15T11:40:20+08:00 ] ERR: (ThinkException) 非法操作:upfiles
[ 2015-08-15T11:40:21+08:00 ] ERR: (ThinkException) 非法操作:uploadfile
[ 2015-08-15T11:40:24+08:00 ] ERR: (ThinkException) 非法操作:uploadfiles
[ 2015-08-15T11:40:25+08:00 ] ERR: (ThinkException) 非法操作:web
[ 2015-08-15T11:40:26+08:00 ] ERR: (ThinkException) 非法操作:data
[ 2015-08-15T11:40:27+08:00 ] ERR: (ThinkException) 非法操作:backup
[ 2015-08-15T11:40:35+08:00 ] ERR: (ThinkException) 非法操作:phpinfo
[ 2015-08-15T11:40:37+08:00 ] 121.42.0.30 /dsapi/api.php/Index/index.php
INFO: [ route_check ] --START--
INFO: Run CheckRoute Behavior [ RunTime:0.001274s ]
INFO: [ route_check ] --END-- [ RunTime:0.001639s ]
NOTIC: [8192] preg_replace(): The /e modifier is deprecated, use preg_replace_callback instead D:\wamp\www\dosochina.com\dsapi\ThinkPHP\Lib\Core\Dispatcher.class.php 第 120 行.
INFO: [ app_begin ] --START--
INFO: Run ReadHtmlCache Behavior [ RunTime:0.001142s ]
INFO: [ app_begin ] --END-- [ RunTime:0.001484s ]

[ 2015-08-15T11:40:40+08:00 ] ERR: (ThinkException) 非法操作:php
[ 2015-08-15T11:40:41+08:00 ] ERR: (ThinkException) 非法操作:info
[ 2015-08-15T11:40:42+08:00 ] ERR: (ThinkException) 非法操作:test
[ 2015-08-15T11:40:43+08:00 ] ERR: (ThinkException) 非法操作:a
[ 2015-08-15T11:40:44+08:00 ] ERR: (ThinkException) 非法操作:1
[ 2015-08-15T11:40:47+08:00 ] ERR: (ThinkException) 非法操作:u
[ 2015-08-15T11:40:48+08:00 ] ERR: (ThinkException) 非法操作:tz
[ 2015-08-15T11:40:49+08:00 ] ERR: (ThinkException) 非法操作:adminer
[ 2015-08-15T11:40:52+08:00 ] ERR: (ThinkException) 非法操作:bigdump
[ 2015-08-15T11:40:53+08:00 ] ERR: (ThinkException) 非法操作:${@print(md5(this_is_a_test_string))}
[ 2015-08-15T11:44:56+08:00 ] ERR: (ThinkException) 非法操作:shopadmin
[ 2015-08-15T11:46:24+08:00 ] ERR: (ThinkException) 非法操作:feed-proxy
[ 2015-08-15T11:47:36+08:00 ] ERR: (ThinkException) 非法操作:bbx
[ 2015-08-15T11:48:45+08:00 ] ERR: (ThinkException) 非法操作:tools
[ 2015-08-15T11:50:00+08:00 ] ERR: (ThinkException) 非法操作:yanfang
[ 2015-08-15T11:51:04+08:00 ] 121.42.0.30 /dsapi/api.php/Index/.DS_Store
INFO: [ route_check ] --START--
INFO: Run CheckRoute Behavior [ RunTime:0.001589s ]
INFO: [ route_check ] --END-- [ RunTime:0.001971s ]
NOTIC: [8192] preg_replace(): The /e modifier is deprecated, use preg_replace_callback instead D:\wamp\www\dosochina.com\dsapi\ThinkPHP\Lib\Core\Dispatcher.class.php 第 120 行.
INFO: [ app_begin ] --START--
INFO: Run ReadHtmlCache Behavior [ RunTime:0.001460s ]
INFO: [ app_begin ] --END-- [ RunTime:0.001858s ]

[ 2015-08-15T11:52:05+08:00 ] ERR: (ThinkException) 非法操作:db
[ 2015-08-15T11:53:06+08:00 ] ERR: (ThinkException) 非法操作:config
[ 2015-08-15T11:53:25+08:00 ] ERR: (ThinkException) 非法操作:logs
[ 2015-08-15T11:53:26+08:00 ] ERR: (ThinkException) 非法操作:log
[ 2015-08-15T11:53:28+08:00 ] ERR: (ThinkException) 非法操作:admin
[ 2015-08-15T11:53:29+08:00 ] 121.42.0.30 /dsapi/api.php/Index/index.action?debug=browser
INFO: [ route_check ] --START--
INFO: Run CheckRoute Behavior [ RunTime:0.001038s ]
INFO: [ route_check ] --END-- [ RunTime:0.001423s ]
NOTIC: [8192] preg_replace(): The /e modifier is deprecated, use preg_replace_callback instead D:\wamp\www\dosochina.com\dsapi\ThinkPHP\Lib\Core\Dispatcher.class.php 第 120 行.
INFO: [ app_begin ] --START--
INFO: Run ReadHtmlCache Behavior [ RunTime:0.000971s ]
INFO: [ app_begin ] --END-- [ RunTime:0.001349s ]

[ 2015-08-15T11:53:31+08:00 ] 121.42.0.30 /dsapi/api.php/Index/index.action?redirect%3A%25%7Bnew+java.lang.String%28%27http%3A%2F%2Fxxxxxxxxxxxxx%27%29%7D
INFO: [ route_check ] --START--
INFO: Run CheckRoute Behavior [ RunTime:0.001247s ]
INFO: [ route_check ] --END-- [ RunTime:0.001661s ]
NOTIC: [8192] preg_replace(): The /e modifier is deprecated, use preg_replace_callback instead D:\wamp\www\dosochina.com\dsapi\ThinkPHP\Lib\Core\Dispatcher.class.php 第 120 行.
INFO: [ app_begin ] --START--
INFO: Run ReadHtmlCache Behavior [ RunTime:0.000973s ]
INFO: [ app_begin ] --END-- [ RunTime:0.001376s ]

[ 2015-08-15T11:53:33+08:00 ] ERR: (ThinkException) 非法操作:admin
[ 2015-08-15T11:53:34+08:00 ] ERR: (ThinkException) 非法操作:upload
[ 2015-08-15T11:53:35+08:00 ] ERR: (ThinkException) 非法操作:uploads
[ 2015-08-15T11:53:59+08:00 ] 121.42.0.30 /dsapi/api.php/Index//
INFO: [ route_check ] --START--
INFO: Run CheckRoute Behavior [ RunTime:0.001360s ]
INFO: [ route_check ] --END-- [ RunTime:0.001754s ]
NOTIC: [8192] preg_replace(): The /e modifier is deprecated, use preg_replace_callback instead D:\wamp\www\dosochina.com\dsapi\ThinkPHP\Lib\Core\Dispatcher.class.php 第 120 行.
INFO: [ app_begin ] --START--
INFO: Run ReadHtmlCache Behavior [ RunTime:0.001028s ]
INFO: [ app_begin ] --END-- [ RunTime:0.001403s ]

[ 2015-08-15T11:54:01+08:00 ] ERR: (ThinkException) 非法操作:htdocs
[ 2015-08-15T11:54:02+08:00 ] ERR: (ThinkException) 非法操作:upfile
[ 2015-08-15T11:54:03+08:00 ] ERR: (ThinkException) 非法操作:upfiles
[ 2015-08-15T11:54:04+08:00 ] ERR: (ThinkException) 非法操作:uploadfile
[ 2015-08-15T11:54:05+08:00 ] ERR: (ThinkException) 非法操作:uploadfiles
[ 2015-08-15T11:54:06+08:00 ] ERR: (ThinkException) 非法操作:web
[ 2015-08-15T11:54:07+08:00 ] ERR: (ThinkException) 非法操作:data
[ 2015-08-15T11:54:09+08:00 ] ERR: (ThinkException) 非法操作:backup
[ 2015-08-15T11:54:15+08:00 ] ERR: (ThinkException) 非法操作:phpinfo
[ 2015-08-15T11:54:16+08:00 ] 121.42.0.30 /dsapi/api.php/Index/index.php
INFO: [ route_check ] --START--
INFO: Run CheckRoute Behavior [ RunTime:0.001034s ]
INFO: [ route_check ] --END-- [ RunTime:0.001414s ]
NOTIC: [8192] preg_replace(): The /e modifier is deprecated, use preg_replace_callback instead D:\wamp\www\dosochina.com\dsapi\ThinkPHP\Lib\Core\Dispatcher.class.php 第 120 行.
INFO: [ app_begin ] --START--
INFO: Run ReadHtmlCache Behavior [ RunTime:0.000967s ]
INFO: [ app_begin ] --END-- [ RunTime:0.001342s ]

[ 2015-08-15T11:54:17+08:00 ] ERR: (ThinkException) 非法操作:php
[ 2015-08-15T11:54:18+08:00 ] ERR: (ThinkException) 非法操作:info
[ 2015-08-15T11:54:19+08:00 ] ERR: (ThinkException) 非法操作:test
[ 2015-08-15T11:54:20+08:00 ] ERR: (ThinkException) 非法操作:a
[ 2015-08-15T11:54:21+08:00 ] ERR: (ThinkException) 非法操作:1
[ 2015-08-15T11:54:24+08:00 ] ERR: (ThinkException) 非法操作:u
[ 2015-08-15T11:54:25+08:00 ] ERR: (ThinkException) 非法操作:tz
[ 2015-08-15T11:54:28+08:00 ] ERR: (ThinkException) 非法操作:adminer
[ 2015-08-15T11:54:29+08:00 ] ERR: (ThinkException) 非法操作:bigdump
[ 2015-08-15T11:54:31+08:00 ] ERR: (ThinkException) 非法操作:${@print(md5(this_is_a_test_string))}
[ 2015-08-15T11:55:39+08:00 ] ERR: (ThinkException) 非法操作:shopadmin
[ 2015-08-15T11:56:41+08:00 ] ERR: (ThinkException) 非法操作:feed-proxy
[ 2015-08-15T11:57:42+08:00 ] ERR: (ThinkException) 非法操作:bbx
[ 2015-08-15T11:58:17+08:00 ] ERR: (ThinkException) 非法操作:tools
[ 2015-08-15T11:58:36+08:00 ] ERR: (ThinkException) 非法操作:yanfang
[ 2015-08-15T11:58:38+08:00 ] 121.42.0.30 /dsapi/api.php/Index/.DS_Store
INFO: [ route_check ] --START--
INFO: Run CheckRoute Behavior [ RunTime:0.001002s ]
INFO: [ route_check ] --END-- [ RunTime:0.001366s ]
NOTIC: [8192] preg_replace(): The /e modifier is deprecated, use preg_replace_callback instead D:\wamp\www\dosochina.com\dsapi\ThinkPHP\Lib\Core\Dispatcher.class.php 第 120 行.
INFO: [ app_begin ] --START--
INFO: Run ReadHtmlCache Behavior [ RunTime:0.000962s ]
INFO: [ app_begin ] --END-- [ RunTime:0.001306s ]

[ 2015-08-15T11:58:41+08:00 ] ERR: (ThinkException) 非法操作:db
[ 2015-08-15T11:58:44+08:00 ] ERR: (ThinkException) 非法操作:config
[ 2015-08-15T11:58:45+08:00 ] ERR: (ThinkException) 非法操作:logs
[ 2015-08-15T11:58:46+08:00 ] ERR: (ThinkException) 非法操作:log
[ 2015-08-15T11:58:48+08:00 ] ERR: (ThinkException) 非法操作:admin
[ 2015-08-15T11:58:49+08:00 ] 121.42.0.30 /dsapi/api.php/Index/index.action?debug=browser
INFO: [ route_check ] --START--
INFO: Run CheckRoute Behavior [ RunTime:0.001039s ]
INFO: [ route_check ] --END-- [ RunTime:0.001425s ]
NOTIC: [8192] preg_replace(): The /e modifier is deprecated, use preg_replace_callback instead D:\wamp\www\dosochina.com\dsapi\ThinkPHP\Lib\Core\Dispatcher.class.php 第 120 行.
INFO: [ app_begin ] --START--
INFO: Run ReadHtmlCache Behavior [ RunTime:0.000981s ]
INFO: [ app_begin ] --END-- [ RunTime:0.001368s ]

[ 2015-08-15T11:58:50+08:00 ] 121.42.0.30 /dsapi/api.php/Index/index.action?redirect%3A%25%7Bnew+java.lang.String%28%27http%3A%2F%2Fxxxxxxxxxxxxx%27%29%7D
INFO: [ route_check ] --START--
INFO: Run CheckRoute Behavior [ RunTime:0.001036s ]
INFO: [ route_check ] --END-- [ RunTime:0.001439s ]
NOTIC: [8192] preg_replace(): The /e modifier is deprecated, use preg_replace_callback instead D:\wamp\www\dosochina.com\dsapi\ThinkPHP\Lib\Core\Dispatcher.class.php 第 120 行.
INFO: [ app_begin ] --START--
INFO: Run ReadHtmlCache Behavior [ RunTime:0.000964s ]
INFO: [ app_begin ] --END-- [ RunTime:0.001361s ]

[ 2015-08-15T11:58:52+08:00 ] ERR: (ThinkException) 非法操作:admin
[ 2015-08-15T11:58:53+08:00 ] ERR: (ThinkException) 非法操作:upload
[ 2015-08-15T11:58:55+08:00 ] ERR: (ThinkException) 非法操作:uploads
[ 2015-08-15T11:58:56+08:00 ] 121.42.0.30 /dsapi/api.php/Index//
INFO: [ route_check ] --START--
INFO: Run CheckRoute Behavior [ RunTime:0.001059s ]
INFO: [ route_check ] --END-- [ RunTime:0.001437s ]
NOTIC: [8192] preg_replace(): The /e modifier is deprecated, use preg_replace_callback instead D:\wamp\www\dosochina.com\dsapi\ThinkPHP\Lib\Core\Dispatcher.class.php 第 120 行.
INFO: [ app_begin ] --START--
INFO: Run ReadHtmlCache Behavior [ RunTime:0.000999s ]
INFO: [ app_begin ] --END-- [ RunTime:0.001403s ]

[ 2015-08-15T11:58:57+08:00 ] ERR: (ThinkException) 非法操作:htdocs
[ 2015-08-15T11:58:58+08:00 ] ERR: (ThinkException) 非法操作:upfile
[ 2015-08-15T11:58:59+08:00 ] ERR: (ThinkException) 非法操作:upfiles
[ 2015-08-15T11:59:00+08:00 ] ERR: (ThinkException) 非法操作:uploadfile
[ 2015-08-15T11:59:01+08:00 ] ERR: (ThinkException) 非法操作:uploadfiles
[ 2015-08-15T11:59:02+08:00 ] ERR: (ThinkException) 非法操作:web
[ 2015-08-15T11:59:03+08:00 ] ERR: (ThinkException) 非法操作:data
[ 2015-08-15T11:59:04+08:00 ] ERR: (ThinkException) 非法操作:backup
[ 2015-08-15T11:59:09+08:00 ] ERR: (ThinkException) 非法操作:phpinfo
[ 2015-08-15T11:59:11+08:00 ] 121.42.0.30 /dsapi/api.php/Index/index.php
INFO: [ route_check ] --START--
INFO: Run CheckRoute Behavior [ RunTime:0.001541s ]
INFO: [ route_check ] --END-- [ RunTime:0.001933s ]
NOTIC: [8192] preg_replace(): The /e modifier is deprecated, use preg_replace_callback instead D:\wamp\www\dosochina.com\dsapi\ThinkPHP\Lib\Core\Dispatcher.class.php 第 120 行.
INFO: [ app_begin ] --START--
INFO: Run ReadHtmlCache Behavior [ RunTime:0.001032s ]
INFO: [ app_begin ] --END-- [ RunTime:0.001419s ]

[ 2015-08-15T11:59:12+08:00 ] ERR: (ThinkException) 非法操作:php
[ 2015-08-15T11:59:13+08:00 ] ERR: (ThinkException) 非法操作:info
[ 2015-08-15T11:59:14+08:00 ] ERR: (ThinkException) 非法操作:test
[ 2015-08-15T11:59:15+08:00 ] ERR: (ThinkException) 非法操作:a
[ 2015-08-15T11:59:16+08:00 ] ERR: (ThinkException) 非法操作:1
[ 2015-08-15T11:59:18+08:00 ] ERR: (ThinkException) 非法操作:u
[ 2015-08-15T11:59:19+08:00 ] ERR: (ThinkException) 非法操作:tz
[ 2015-08-15T11:59:22+08:00 ] ERR: (ThinkException) 非法操作:adminer
[ 2015-08-15T11:59:23+08:00 ] ERR: (ThinkException) 非法操作:bigdump
[ 2015-08-15T11:59:24+08:00 ] ERR: (ThinkException) 非法操作:${@print(md5(this_is_a_test_string))}
