[ 2015-08-08T11:11:42+08:00 ] ERR: (ThinkException) 非法操作:shopadmin
[ 2015-08-08T11:12:43+08:00 ] ERR: (ThinkException) 非法操作:feed-proxy
[ 2015-08-08T11:13:44+08:00 ] ERR: (ThinkException) 非法操作:bbx
[ 2015-08-08T11:14:45+08:00 ] ERR: (ThinkException) 非法操作:tools
[ 2015-08-08T11:15:46+08:00 ] ERR: (ThinkException) 非法操作:yanfang
[ 2015-08-08T11:16:04+08:00 ] ERR: (ThinkException) 模板不存在[./App/Tpl/Wxhd/check1.html]
[ 2015-08-08T11:16:49+08:00 ] ERR: (ThinkException) 非法操作:db
[ 2015-08-08T11:16:51+08:00 ] ERR: (ThinkException) 非法操作:config
[ 2015-08-08T11:17:51+08:00 ] ERR: (ThinkException) 非法操作:logs
[ 2015-08-08T11:18:14+08:00 ] ERR: (ThinkException) 非法操作:log
[ 2015-08-08T11:18:23+08:00 ] ERR: (ThinkException) 非法操作:login
[ 2015-08-08T11:19:01+08:00 ] ERR: (ThinkException) 非法操作:admin
[ 2015-08-08T11:20:02+08:00 ] ERR: (ThinkException) 模板不存在[./App/Tpl/Wxhd/check1.html]
[ 2015-08-08T11:21:01+08:00 ] ERR: (ThinkException) 模板不存在[./App/Tpl/Wxhd/check1.html]
[ 2015-08-08T11:21:51+08:00 ] ERR: (ThinkException) 非法操作:login
[ 2015-08-08T11:22:03+08:00 ] ERR: (ThinkException) 非法操作:admin
[ 2015-08-08T11:22:04+08:00 ] ERR: (ThinkException) 非法操作:upload
[ 2015-08-08T11:22:05+08:00 ] ERR: (ThinkException) 非法操作:uploads
[ 2015-08-08T11:22:06+08:00 ] ERR: (ThinkException) 模板不存在[./App/Tpl/Wxhd/check1.html]
[ 2015-08-08T11:22:08+08:00 ] ERR: (ThinkException) 非法操作:htdocs
[ 2015-08-08T11:22:09+08:00 ] ERR: (ThinkException) 非法操作:upfile
[ 2015-08-08T11:22:14+08:00 ] ERR: (ThinkException) 非法操作:upfiles
[ 2015-08-08T11:22:18+08:00 ] ERR: (ThinkException) 非法操作:uploadfile
[ 2015-08-08T11:23:19+08:00 ] ERR: (ThinkException) 非法操作:uploadfiles
[ 2015-08-08T11:24:20+08:00 ] ERR: (ThinkException) 非法操作:web
[ 2015-08-08T11:25:21+08:00 ] ERR: (ThinkException) 非法操作:data
[ 2015-08-08T11:25:48+08:00 ] ERR: (ThinkException) 非法操作:backup
[ 2015-08-08T11:25:52+08:00 ] ERR: (ThinkException) 非法操作:phpinfo
[ 2015-08-08T11:25:53+08:00 ] ERR: (ThinkException) 模板不存在[./App/Tpl/Wxhd/check1.html]
[ 2015-08-08T11:25:54+08:00 ] ERR: (ThinkException) 非法操作:php
[ 2015-08-08T11:25:55+08:00 ] ERR: (ThinkException) 非法操作:info
[ 2015-08-08T11:25:57+08:00 ] ERR: (ThinkException) 非法操作:test
[ 2015-08-08T11:25:58+08:00 ] ERR: (ThinkException) 非法操作:a
[ 2015-08-08T11:25:59+08:00 ] ERR: (ThinkException) 非法操作:1
[ 2015-08-08T11:26:00+08:00 ] ERR: (ThinkException) 非法操作:u
[ 2015-08-08T11:26:01+08:00 ] ERR: (ThinkException) 非法操作:tz
[ 2015-08-08T11:26:04+08:00 ] ERR: (ThinkException) 非法操作:adminer
[ 2015-08-08T11:26:06+08:00 ] ERR: (ThinkException) 非法操作:bigdump
[ 2015-08-08T11:26:07+08:00 ] ERR: (ThinkException) 非法操作:${@print(md5(this_is_a_test_string))}
