[ 2015-11-29T01:17:11+08:00 ] 120.135.24.80 /api/api.php/client/getOrderlist/userid/4
INFO: [ route_check ] --START--
INFO: Run CheckRoute Behavior [ RunTime:0.000923s ]
INFO: [ route_check ] --END-- [ RunTime:0.001237s ]
NOTIC: [8192] preg_replace(): The /e modifier is deprecated, use preg_replace_callback instead D:\wamp\www\tcbb88.com\api\ThinkPHP\Lib\Core\Dispatcher.class.php 第 120 行.
NOTIC: [8192] preg_replace(): The /e modifier is deprecated, use preg_replace_callback instead D:\wamp\www\tcbb88.com\api\ThinkPHP\Common\common.php 第 92 行.
INFO: [ app_begin ] --START--
INFO: Run ReadHtmlCache Behavior [ RunTime:0.000935s ]
INFO: [ app_begin ] --END-- [ RunTime:0.001258s ]
NOTIC: [8192] mysql_connect(): The mysql extension is deprecated and will be removed in the future: use mysqli or PDO instead D:\wamp\www\tcbb88.com\api\ThinkPHP\Lib\Driver\Db\DbMysql.class.php 第 55 行.
SQL: SHOW COLUMNS FROM `pa_order` [ RunTime:0.002032s ]
NOTIC: [8192] preg_replace(): The /e modifier is deprecated, use preg_replace_callback instead D:\wamp\www\tcbb88.com\api\ThinkPHP\Lib\Core\Db.class.php 第 568 行.
SQL: SELECT * FROM `pa_order` WHERE ( `userid` = 4 ) ORDER BY orderdate desc  [ RunTime:0.000505s ]

[ 2015-11-29T01:17:12+08:00 ] 120.135.24.80 /api/api.php/client/getUserInfo/userid/4
INFO: [ route_check ] --START--
INFO: Run CheckRoute Behavior [ RunTime:0.001473s ]
INFO: [ route_check ] --END-- [ RunTime:0.001829s ]
NOTIC: [8192] preg_replace(): The /e modifier is deprecated, use preg_replace_callback instead D:\wamp\www\tcbb88.com\api\ThinkPHP\Lib\Core\Dispatcher.class.php 第 120 行.
NOTIC: [8192] preg_replace(): The /e modifier is deprecated, use preg_replace_callback instead D:\wamp\www\tcbb88.com\api\ThinkPHP\Common\common.php 第 92 行.
INFO: [ app_begin ] --START--
INFO: Run ReadHtmlCache Behavior [ RunTime:0.001297s ]
INFO: [ app_begin ] --END-- [ RunTime:0.001627s ]
NOTIC: [8192] mysql_connect(): The mysql extension is deprecated and will be removed in the future: use mysqli or PDO instead D:\wamp\www\tcbb88.com\api\ThinkPHP\Lib\Driver\Db\DbMysql.class.php 第 55 行.
SQL: SHOW COLUMNS FROM `pa_user` [ RunTime:0.001662s ]
SQL: SHOW COLUMNS FROM `pa_shipaddr` [ RunTime:0.001511s ]
NOTIC: [8192] preg_replace(): The /e modifier is deprecated, use preg_replace_callback instead D:\wamp\www\tcbb88.com\api\ThinkPHP\Lib\Core\Db.class.php 第 568 行.
SQL: SELECT * FROM `pa_shipaddr` WHERE ( `userid` = 4 ) LIMIT 1   [ RunTime:0.000361s ]
NOTIC: [8192] preg_replace(): The /e modifier is deprecated, use preg_replace_callback instead D:\wamp\www\tcbb88.com\api\ThinkPHP\Lib\Core\Db.class.php 第 568 行.
SQL: SELECT `telephone` FROM `pa_user` WHERE ( `id` = 4 ) LIMIT 1   [ RunTime:0.000289s ]

[ 2015-11-29T01:27:09+08:00 ] 120.135.24.80 /api/api.php/client/getOrderlist/userid/4
INFO: [ route_check ] --START--
INFO: Run CheckRoute Behavior [ RunTime:0.001130s ]
INFO: [ route_check ] --END-- [ RunTime:0.001472s ]
NOTIC: [8192] preg_replace(): The /e modifier is deprecated, use preg_replace_callback instead D:\wamp\www\tcbb88.com\api\ThinkPHP\Lib\Core\Dispatcher.class.php 第 120 行.
NOTIC: [8192] preg_replace(): The /e modifier is deprecated, use preg_replace_callback instead D:\wamp\www\tcbb88.com\api\ThinkPHP\Common\common.php 第 92 行.
INFO: [ app_begin ] --START--
INFO: Run ReadHtmlCache Behavior [ RunTime:0.000928s ]
INFO: [ app_begin ] --END-- [ RunTime:0.001216s ]
NOTIC: [8192] mysql_connect(): The mysql extension is deprecated and will be removed in the future: use mysqli or PDO instead D:\wamp\www\tcbb88.com\api\ThinkPHP\Lib\Driver\Db\DbMysql.class.php 第 55 行.
SQL: SHOW COLUMNS FROM `pa_order` [ RunTime:0.001917s ]
NOTIC: [8192] preg_replace(): The /e modifier is deprecated, use preg_replace_callback instead D:\wamp\www\tcbb88.com\api\ThinkPHP\Lib\Core\Db.class.php 第 568 行.
SQL: SELECT * FROM `pa_order` WHERE ( `userid` = 4 ) ORDER BY orderdate desc  [ RunTime:0.000522s ]

[ 2015-11-29T01:27:10+08:00 ] 120.135.24.80 /api/api.php/client/getUserInfo/userid/4
INFO: [ route_check ] --START--
INFO: Run CheckRoute Behavior [ RunTime:0.000899s ]
INFO: [ route_check ] --END-- [ RunTime:0.001205s ]
NOTIC: [8192] preg_replace(): The /e modifier is deprecated, use preg_replace_callback instead D:\wamp\www\tcbb88.com\api\ThinkPHP\Lib\Core\Dispatcher.class.php 第 120 行.
NOTIC: [8192] preg_replace(): The /e modifier is deprecated, use preg_replace_callback instead D:\wamp\www\tcbb88.com\api\ThinkPHP\Common\common.php 第 92 行.
INFO: [ app_begin ] --START--
INFO: Run ReadHtmlCache Behavior [ RunTime:0.000894s ]
INFO: [ app_begin ] --END-- [ RunTime:0.001220s ]
NOTIC: [8192] mysql_connect(): The mysql extension is deprecated and will be removed in the future: use mysqli or PDO instead D:\wamp\www\tcbb88.com\api\ThinkPHP\Lib\Driver\Db\DbMysql.class.php 第 55 行.
SQL: SHOW COLUMNS FROM `pa_user` [ RunTime:0.001586s ]
SQL: SHOW COLUMNS FROM `pa_shipaddr` [ RunTime:0.001299s ]
NOTIC: [8192] preg_replace(): The /e modifier is deprecated, use preg_replace_callback instead D:\wamp\www\tcbb88.com\api\ThinkPHP\Lib\Core\Db.class.php 第 568 行.
SQL: SELECT * FROM `pa_shipaddr` WHERE ( `userid` = 4 ) LIMIT 1   [ RunTime:0.000359s ]
NOTIC: [8192] preg_replace(): The /e modifier is deprecated, use preg_replace_callback instead D:\wamp\www\tcbb88.com\api\ThinkPHP\Lib\Core\Db.class.php 第 568 行.
SQL: SELECT `telephone` FROM `pa_user` WHERE ( `id` = 4 ) LIMIT 1   [ RunTime:0.000263s ]

[ 2015-11-29T01:33:00+08:00 ] 120.135.24.80 /api/api.php/client/getOrderlist/userid/4
INFO: [ route_check ] --START--
INFO: Run CheckRoute Behavior [ RunTime:0.000944s ]
INFO: [ route_check ] --END-- [ RunTime:0.001253s ]
NOTIC: [8192] preg_replace(): The /e modifier is deprecated, use preg_replace_callback instead D:\wamp\www\tcbb88.com\api\ThinkPHP\Lib\Core\Dispatcher.class.php 第 120 行.
NOTIC: [8192] preg_replace(): The /e modifier is deprecated, use preg_replace_callback instead D:\wamp\www\tcbb88.com\api\ThinkPHP\Common\common.php 第 92 行.
INFO: [ app_begin ] --START--
INFO: Run ReadHtmlCache Behavior [ RunTime:0.000894s ]
INFO: [ app_begin ] --END-- [ RunTime:0.001179s ]
NOTIC: [8192] mysql_connect(): The mysql extension is deprecated and will be removed in the future: use mysqli or PDO instead D:\wamp\www\tcbb88.com\api\ThinkPHP\Lib\Driver\Db\DbMysql.class.php 第 55 行.
SQL: SHOW COLUMNS FROM `pa_order` [ RunTime:0.001858s ]
NOTIC: [8192] preg_replace(): The /e modifier is deprecated, use preg_replace_callback instead D:\wamp\www\tcbb88.com\api\ThinkPHP\Lib\Core\Db.class.php 第 568 行.
SQL: SELECT * FROM `pa_order` WHERE ( `userid` = 4 ) ORDER BY orderdate desc  [ RunTime:0.000540s ]

[ 2015-11-29T01:33:00+08:00 ] 120.135.24.80 /api/api.php/client/getUserInfo/userid/4
INFO: [ route_check ] --START--
INFO: Run CheckRoute Behavior [ RunTime:0.000980s ]
INFO: [ route_check ] --END-- [ RunTime:0.001314s ]
NOTIC: [8192] preg_replace(): The /e modifier is deprecated, use preg_replace_callback instead D:\wamp\www\tcbb88.com\api\ThinkPHP\Lib\Core\Dispatcher.class.php 第 120 行.
NOTIC: [8192] preg_replace(): The /e modifier is deprecated, use preg_replace_callback instead D:\wamp\www\tcbb88.com\api\ThinkPHP\Common\common.php 第 92 行.
INFO: [ app_begin ] --START--
INFO: Run ReadHtmlCache Behavior [ RunTime:0.001138s ]
INFO: [ app_begin ] --END-- [ RunTime:0.001508s ]
NOTIC: [8192] mysql_connect(): The mysql extension is deprecated and will be removed in the future: use mysqli or PDO instead D:\wamp\www\tcbb88.com\api\ThinkPHP\Lib\Driver\Db\DbMysql.class.php 第 55 行.
SQL: SHOW COLUMNS FROM `pa_user` [ RunTime:0.001521s ]
SQL: SHOW COLUMNS FROM `pa_shipaddr` [ RunTime:0.001330s ]
NOTIC: [8192] preg_replace(): The /e modifier is deprecated, use preg_replace_callback instead D:\wamp\www\tcbb88.com\api\ThinkPHP\Lib\Core\Db.class.php 第 568 行.
SQL: SELECT * FROM `pa_shipaddr` WHERE ( `userid` = 4 ) LIMIT 1   [ RunTime:0.000429s ]
NOTIC: [8192] preg_replace(): The /e modifier is deprecated, use preg_replace_callback instead D:\wamp\www\tcbb88.com\api\ThinkPHP\Lib\Core\Db.class.php 第 568 行.
SQL: SELECT `telephone` FROM `pa_user` WHERE ( `id` = 4 ) LIMIT 1   [ RunTime:0.000320s ]

[ 2015-11-29T03:27:45+08:00 ] 120.135.24.80 /api/api.php/client/getOrderlist/userid/4
INFO: [ route_check ] --START--
INFO: Run CheckRoute Behavior [ RunTime:0.000944s ]
INFO: [ route_check ] --END-- [ RunTime:0.001288s ]
NOTIC: [8192] preg_replace(): The /e modifier is deprecated, use preg_replace_callback instead D:\wamp\www\tcbb88.com\api\ThinkPHP\Lib\Core\Dispatcher.class.php 第 120 行.
NOTIC: [8192] preg_replace(): The /e modifier is deprecated, use preg_replace_callback instead D:\wamp\www\tcbb88.com\api\ThinkPHP\Common\common.php 第 92 行.
INFO: [ app_begin ] --START--
INFO: Run ReadHtmlCache Behavior [ RunTime:0.000969s ]
INFO: [ app_begin ] --END-- [ RunTime:0.001267s ]
NOTIC: [8192] mysql_connect(): The mysql extension is deprecated and will be removed in the future: use mysqli or PDO instead D:\wamp\www\tcbb88.com\api\ThinkPHP\Lib\Driver\Db\DbMysql.class.php 第 55 行.
SQL: SHOW COLUMNS FROM `pa_order` [ RunTime:0.002210s ]
NOTIC: [8192] preg_replace(): The /e modifier is deprecated, use preg_replace_callback instead D:\wamp\www\tcbb88.com\api\ThinkPHP\Lib\Core\Db.class.php 第 568 行.
SQL: SELECT * FROM `pa_order` WHERE ( `userid` = 4 ) ORDER BY orderdate desc  [ RunTime:0.000521s ]

[ 2015-11-29T03:27:45+08:00 ] 120.135.24.80 /api/api.php/client/getUserInfo/userid/4
INFO: [ route_check ] --START--
INFO: Run CheckRoute Behavior [ RunTime:0.001055s ]
INFO: [ route_check ] --END-- [ RunTime:0.001386s ]
NOTIC: [8192] preg_replace(): The /e modifier is deprecated, use preg_replace_callback instead D:\wamp\www\tcbb88.com\api\ThinkPHP\Lib\Core\Dispatcher.class.php 第 120 行.
NOTIC: [8192] preg_replace(): The /e modifier is deprecated, use preg_replace_callback instead D:\wamp\www\tcbb88.com\api\ThinkPHP\Common\common.php 第 92 行.
INFO: [ app_begin ] --START--
INFO: Run ReadHtmlCache Behavior [ RunTime:0.000975s ]
INFO: [ app_begin ] --END-- [ RunTime:0.001267s ]
NOTIC: [8192] mysql_connect(): The mysql extension is deprecated and will be removed in the future: use mysqli or PDO instead D:\wamp\www\tcbb88.com\api\ThinkPHP\Lib\Driver\Db\DbMysql.class.php 第 55 行.
SQL: SHOW COLUMNS FROM `pa_user` [ RunTime:0.001724s ]
SQL: SHOW COLUMNS FROM `pa_shipaddr` [ RunTime:0.001389s ]
NOTIC: [8192] preg_replace(): The /e modifier is deprecated, use preg_replace_callback instead D:\wamp\www\tcbb88.com\api\ThinkPHP\Lib\Core\Db.class.php 第 568 行.
SQL: SELECT * FROM `pa_shipaddr` WHERE ( `userid` = 4 ) LIMIT 1   [ RunTime:0.000422s ]
NOTIC: [8192] preg_replace(): The /e modifier is deprecated, use preg_replace_callback instead D:\wamp\www\tcbb88.com\api\ThinkPHP\Lib\Core\Db.class.php 第 568 行.
SQL: SELECT `telephone` FROM `pa_user` WHERE ( `id` = 4 ) LIMIT 1   [ RunTime:0.000325s ]

[ 2015-11-29T09:53:38+08:00 ] 120.135.24.80 /api/api.php/client/getOrderlist/userid/4
INFO: [ route_check ] --START--
INFO: Run CheckRoute Behavior [ RunTime:0.000954s ]
INFO: [ route_check ] --END-- [ RunTime:0.001258s ]
NOTIC: [8192] preg_replace(): The /e modifier is deprecated, use preg_replace_callback instead D:\wamp\www\tcbb88.com\api\ThinkPHP\Lib\Core\Dispatcher.class.php 第 120 行.
NOTIC: [8192] preg_replace(): The /e modifier is deprecated, use preg_replace_callback instead D:\wamp\www\tcbb88.com\api\ThinkPHP\Common\common.php 第 92 行.
INFO: [ app_begin ] --START--
INFO: Run ReadHtmlCache Behavior [ RunTime:0.000822s ]
INFO: [ app_begin ] --END-- [ RunTime:0.001121s ]
NOTIC: [8192] mysql_connect(): The mysql extension is deprecated and will be removed in the future: use mysqli or PDO instead D:\wamp\www\tcbb88.com\api\ThinkPHP\Lib\Driver\Db\DbMysql.class.php 第 55 行.
SQL: SHOW COLUMNS FROM `pa_order` [ RunTime:0.001977s ]
NOTIC: [8192] preg_replace(): The /e modifier is deprecated, use preg_replace_callback instead D:\wamp\www\tcbb88.com\api\ThinkPHP\Lib\Core\Db.class.php 第 568 行.
SQL: SELECT * FROM `pa_order` WHERE ( `userid` = 4 ) ORDER BY orderdate desc  [ RunTime:0.000505s ]

[ 2015-11-29T09:53:38+08:00 ] 120.135.24.80 /api/api.php/client/getUserInfo/userid/4
INFO: [ route_check ] --START--
INFO: Run CheckRoute Behavior [ RunTime:0.001003s ]
INFO: [ route_check ] --END-- [ RunTime:0.001309s ]
NOTIC: [8192] preg_replace(): The /e modifier is deprecated, use preg_replace_callback instead D:\wamp\www\tcbb88.com\api\ThinkPHP\Lib\Core\Dispatcher.class.php 第 120 行.
NOTIC: [8192] preg_replace(): The /e modifier is deprecated, use preg_replace_callback instead D:\wamp\www\tcbb88.com\api\ThinkPHP\Common\common.php 第 92 行.
INFO: [ app_begin ] --START--
INFO: Run ReadHtmlCache Behavior [ RunTime:0.000829s ]
INFO: [ app_begin ] --END-- [ RunTime:0.001115s ]
NOTIC: [8192] mysql_connect(): The mysql extension is deprecated and will be removed in the future: use mysqli or PDO instead D:\wamp\www\tcbb88.com\api\ThinkPHP\Lib\Driver\Db\DbMysql.class.php 第 55 行.
SQL: SHOW COLUMNS FROM `pa_user` [ RunTime:0.001678s ]
SQL: SHOW COLUMNS FROM `pa_shipaddr` [ RunTime:0.001388s ]
NOTIC: [8192] preg_replace(): The /e modifier is deprecated, use preg_replace_callback instead D:\wamp\www\tcbb88.com\api\ThinkPHP\Lib\Core\Db.class.php 第 568 行.
SQL: SELECT * FROM `pa_shipaddr` WHERE ( `userid` = 4 ) LIMIT 1   [ RunTime:0.000346s ]
NOTIC: [8192] preg_replace(): The /e modifier is deprecated, use preg_replace_callback instead D:\wamp\www\tcbb88.com\api\ThinkPHP\Lib\Core\Db.class.php 第 568 行.
SQL: SELECT `telephone` FROM `pa_user` WHERE ( `id` = 4 ) LIMIT 1   [ RunTime:0.000290s ]

[ 2015-11-29T15:26:04+08:00 ] 120.135.24.80 /api/api.php/client/getOrderlist/userid/4
INFO: [ route_check ] --START--
INFO: Run CheckRoute Behavior [ RunTime:0.001267s ]
INFO: [ route_check ] --END-- [ RunTime:0.001610s ]
NOTIC: [8192] preg_replace(): The /e modifier is deprecated, use preg_replace_callback instead D:\wamp\www\tcbb88.com\api\ThinkPHP\Lib\Core\Dispatcher.class.php 第 120 行.
NOTIC: [8192] preg_replace(): The /e modifier is deprecated, use preg_replace_callback instead D:\wamp\www\tcbb88.com\api\ThinkPHP\Common\common.php 第 92 行.
INFO: [ app_begin ] --START--
INFO: Run ReadHtmlCache Behavior [ RunTime:0.001011s ]
INFO: [ app_begin ] --END-- [ RunTime:0.001330s ]
NOTIC: [8192] mysql_connect(): The mysql extension is deprecated and will be removed in the future: use mysqli or PDO instead D:\wamp\www\tcbb88.com\api\ThinkPHP\Lib\Driver\Db\DbMysql.class.php 第 55 行.
SQL: SHOW COLUMNS FROM `pa_order` [ RunTime:0.001964s ]
NOTIC: [8192] preg_replace(): The /e modifier is deprecated, use preg_replace_callback instead D:\wamp\www\tcbb88.com\api\ThinkPHP\Lib\Core\Db.class.php 第 568 行.
SQL: SELECT * FROM `pa_order` WHERE ( `userid` = 4 ) ORDER BY orderdate desc  [ RunTime:0.000508s ]

[ 2015-11-29T15:26:05+08:00 ] 120.135.24.80 /api/api.php/client/getUserInfo/userid/4
INFO: [ route_check ] --START--
INFO: Run CheckRoute Behavior [ RunTime:0.000995s ]
INFO: [ route_check ] --END-- [ RunTime:0.001330s ]
NOTIC: [8192] preg_replace(): The /e modifier is deprecated, use preg_replace_callback instead D:\wamp\www\tcbb88.com\api\ThinkPHP\Lib\Core\Dispatcher.class.php 第 120 行.
NOTIC: [8192] preg_replace(): The /e modifier is deprecated, use preg_replace_callback instead D:\wamp\www\tcbb88.com\api\ThinkPHP\Common\common.php 第 92 行.
INFO: [ app_begin ] --START--
INFO: Run ReadHtmlCache Behavior [ RunTime:0.000923s ]
INFO: [ app_begin ] --END-- [ RunTime:0.001211s ]
NOTIC: [8192] mysql_connect(): The mysql extension is deprecated and will be removed in the future: use mysqli or PDO instead D:\wamp\www\tcbb88.com\api\ThinkPHP\Lib\Driver\Db\DbMysql.class.php 第 55 行.
SQL: SHOW COLUMNS FROM `pa_user` [ RunTime:0.001747s ]
SQL: SHOW COLUMNS FROM `pa_shipaddr` [ RunTime:0.001397s ]
NOTIC: [8192] preg_replace(): The /e modifier is deprecated, use preg_replace_callback instead D:\wamp\www\tcbb88.com\api\ThinkPHP\Lib\Core\Db.class.php 第 568 行.
SQL: SELECT * FROM `pa_shipaddr` WHERE ( `userid` = 4 ) LIMIT 1   [ RunTime:0.000413s ]
NOTIC: [8192] preg_replace(): The /e modifier is deprecated, use preg_replace_callback instead D:\wamp\www\tcbb88.com\api\ThinkPHP\Lib\Core\Db.class.php 第 568 行.
SQL: SELECT `telephone` FROM `pa_user` WHERE ( `id` = 4 ) LIMIT 1   [ RunTime:0.000260s ]

[ 2015-11-29T21:07:51+08:00 ] 120.135.24.80 /api/api.php/client/getOrderlist/userid/4
INFO: [ route_check ] --START--
INFO: Run CheckRoute Behavior [ RunTime:0.000981s ]
INFO: [ route_check ] --END-- [ RunTime:0.001294s ]
NOTIC: [8192] preg_replace(): The /e modifier is deprecated, use preg_replace_callback instead D:\wamp\www\tcbb88.com\api\ThinkPHP\Lib\Core\Dispatcher.class.php 第 120 行.
NOTIC: [8192] preg_replace(): The /e modifier is deprecated, use preg_replace_callback instead D:\wamp\www\tcbb88.com\api\ThinkPHP\Common\common.php 第 92 行.
INFO: [ app_begin ] --START--
INFO: Run ReadHtmlCache Behavior [ RunTime:0.000940s ]
INFO: [ app_begin ] --END-- [ RunTime:0.001253s ]
NOTIC: [8192] mysql_connect(): The mysql extension is deprecated and will be removed in the future: use mysqli or PDO instead D:\wamp\www\tcbb88.com\api\ThinkPHP\Lib\Driver\Db\DbMysql.class.php 第 55 行.
SQL: SHOW COLUMNS FROM `pa_order` [ RunTime:0.002560s ]
NOTIC: [8192] preg_replace(): The /e modifier is deprecated, use preg_replace_callback instead D:\wamp\www\tcbb88.com\api\ThinkPHP\Lib\Core\Db.class.php 第 568 行.
SQL: SELECT * FROM `pa_order` WHERE ( `userid` = 4 ) ORDER BY orderdate desc  [ RunTime:0.000564s ]

[ 2015-11-29T21:07:51+08:00 ] 120.135.24.80 /api/api.php/client/getUserInfo/userid/4
INFO: [ route_check ] --START--
INFO: Run CheckRoute Behavior [ RunTime:0.001201s ]
INFO: [ route_check ] --END-- [ RunTime:0.001553s ]
NOTIC: [8192] preg_replace(): The /e modifier is deprecated, use preg_replace_callback instead D:\wamp\www\tcbb88.com\api\ThinkPHP\Lib\Core\Dispatcher.class.php 第 120 行.
NOTIC: [8192] preg_replace(): The /e modifier is deprecated, use preg_replace_callback instead D:\wamp\www\tcbb88.com\api\ThinkPHP\Common\common.php 第 92 行.
INFO: [ app_begin ] --START--
INFO: Run ReadHtmlCache Behavior [ RunTime:0.001067s ]
INFO: [ app_begin ] --END-- [ RunTime:0.001360s ]
NOTIC: [8192] mysql_connect(): The mysql extension is deprecated and will be removed in the future: use mysqli or PDO instead D:\wamp\www\tcbb88.com\api\ThinkPHP\Lib\Driver\Db\DbMysql.class.php 第 55 行.
SQL: SHOW COLUMNS FROM `pa_user` [ RunTime:0.001559s ]
SQL: SHOW COLUMNS FROM `pa_shipaddr` [ RunTime:0.001340s ]
NOTIC: [8192] preg_replace(): The /e modifier is deprecated, use preg_replace_callback instead D:\wamp\www\tcbb88.com\api\ThinkPHP\Lib\Core\Db.class.php 第 568 行.
SQL: SELECT * FROM `pa_shipaddr` WHERE ( `userid` = 4 ) LIMIT 1   [ RunTime:0.000363s ]
NOTIC: [8192] preg_replace(): The /e modifier is deprecated, use preg_replace_callback instead D:\wamp\www\tcbb88.com\api\ThinkPHP\Lib\Core\Db.class.php 第 568 行.
SQL: SELECT `telephone` FROM `pa_user` WHERE ( `id` = 4 ) LIMIT 1   [ RunTime:0.000256s ]

