[ 2015-11-24T08:01:08+08:00 ] 223.104.9.7 /api/api.php/client/doorder
INFO: [ route_check ] --START--
INFO: Run CheckRoute Behavior [ RunTime:0.000911s ]
INFO: [ route_check ] --END-- [ RunTime:0.001219s ]
NOTIC: [8192] preg_replace(): The /e modifier is deprecated, use preg_replace_callback instead D:\wamp\www\tcbb88.com\api\ThinkPHP\Lib\Core\Dispatcher.class.php 第 120 行.
NOTIC: [8192] preg_replace(): The /e modifier is deprecated, use preg_replace_callback instead D:\wamp\www\tcbb88.com\api\ThinkPHP\Common\common.php 第 92 行.
INFO: [ app_begin ] --START--
INFO: Run ReadHtmlCache Behavior [ RunTime:0.000912s ]
INFO: [ app_begin ] --END-- [ RunTime:0.001219s ]
NOTIC: [8192] mysql_connect(): The mysql extension is deprecated and will be removed in the future: use mysqli or PDO instead D:\wamp\www\tcbb88.com\api\ThinkPHP\Lib\Driver\Db\DbMysql.class.php 第 55 行.
SQL: SHOW COLUMNS FROM `pa_order` [ RunTime:0.002184s ]
SQL: SHOW COLUMNS FROM `pa_shopcart` [ RunTime:0.001503s ]
SQL: INSERT INTO `pa_order` (`userid`,`code`,`orderdate`,`shipaddrid`,`shipaddr`,`receiver`,`telephone`,`goodsfee`,`totalfee`,`freight`,`paytype`,`sendtime`,`remark`) VALUES (2,'2015112452541024',1448323268,7,'反反复复','黄杨侣','18382307095',2600,2600,0,0,'2015-11-25 10:00','') [ RunTime:0.020207s ]
SQL: INSERT INTO `pa_shopcart` (`goodsid`,`orderid`,`num`,`price`,`title`,`imgid`,`createtime`) VALUES (550,28,2,1000,'烧烤产品20人套餐',1098,'2015-11-24 08:11:08') [ RunTime:0.003028s ]
SQL: INSERT INTO `pa_shopcart` (`goodsid`,`orderid`,`num`,`price`,`title`,`imgid`,`createtime`) VALUES (551,28,1,200,'烧烤产品4人套餐',1101,'2015-11-24 08:11:08') [ RunTime:0.003720s ]
SQL: INSERT INTO `pa_shopcart` (`goodsid`,`orderid`,`num`,`price`,`title`,`imgid`,`createtime`) VALUES (556,28,1,100,'烤虾',1122,'2015-11-24 08:11:08') [ RunTime:0.002756s ]
SQL: INSERT INTO `pa_shopcart` (`goodsid`,`orderid`,`num`,`price`,`title`,`imgid`,`createtime`) VALUES (555,28,1,200,'蒜烤生蚝',1027,'2015-11-24 08:11:08') [ RunTime:0.007191s ]
SQL: INSERT INTO `pa_shopcart` (`goodsid`,`orderid`,`num`,`price`,`title`,`imgid`,`createtime`) VALUES (560,28,1,100,'烤羊肉',1045,'2015-11-24 08:11:08') [ RunTime:0.003902s ]

[ 2015-11-24T20:50:00+08:00 ] 120.135.24.88 /api/api.php/client/getOrderlist/uid/2
INFO: [ route_check ] --START--
INFO: Run CheckRoute Behavior [ RunTime:0.001048s ]
INFO: [ route_check ] --END-- [ RunTime:0.001441s ]
NOTIC: [8192] preg_replace(): The /e modifier is deprecated, use preg_replace_callback instead D:\wamp\www\tcbb88.com\api\ThinkPHP\Lib\Core\Dispatcher.class.php 第 120 行.
NOTIC: [8192] preg_replace(): The /e modifier is deprecated, use preg_replace_callback instead D:\wamp\www\tcbb88.com\api\ThinkPHP\Common\common.php 第 92 行.
INFO: [ app_begin ] --START--
INFO: Run ReadHtmlCache Behavior [ RunTime:0.000961s ]
INFO: [ app_begin ] --END-- [ RunTime:0.001282s ]
NOTIC: [8] Undefined index: userid D:\wamp\www\tcbb88.com\api\App\Lib\Action\ClientAction.class.php 第 550 行.

[ 2015-11-24T20:51:14+08:00 ] 120.135.24.88 /api/api.php/client/getOrderlist/uid/2
INFO: [ route_check ] --START--
INFO: Run CheckRoute Behavior [ RunTime:0.000945s ]
INFO: [ route_check ] --END-- [ RunTime:0.001255s ]
NOTIC: [8192] preg_replace(): The /e modifier is deprecated, use preg_replace_callback instead D:\wamp\www\tcbb88.com\api\ThinkPHP\Lib\Core\Dispatcher.class.php 第 120 行.
NOTIC: [8192] preg_replace(): The /e modifier is deprecated, use preg_replace_callback instead D:\wamp\www\tcbb88.com\api\ThinkPHP\Common\common.php 第 92 行.
INFO: [ app_begin ] --START--
INFO: Run ReadHtmlCache Behavior [ RunTime:0.000915s ]
INFO: [ app_begin ] --END-- [ RunTime:0.001214s ]

[ 2015-11-24T20:51:30+08:00 ] 120.135.24.88 /api/api.php/client/getOrderlist/uid/2
INFO: [ route_check ] --START--
INFO: Run CheckRoute Behavior [ RunTime:0.000981s ]
INFO: [ route_check ] --END-- [ RunTime:0.001310s ]
NOTIC: [8192] preg_replace(): The /e modifier is deprecated, use preg_replace_callback instead D:\wamp\www\tcbb88.com\api\ThinkPHP\Lib\Core\Dispatcher.class.php 第 120 行.
NOTIC: [8192] preg_replace(): The /e modifier is deprecated, use preg_replace_callback instead D:\wamp\www\tcbb88.com\api\ThinkPHP\Common\common.php 第 92 行.
INFO: [ app_begin ] --START--
INFO: Run ReadHtmlCache Behavior [ RunTime:0.000924s ]
INFO: [ app_begin ] --END-- [ RunTime:0.001296s ]

[ 2015-11-24T20:52:21+08:00 ] 120.135.24.88 /api/api.php/client/getOrderlist/userid/2
INFO: [ route_check ] --START--
INFO: Run CheckRoute Behavior [ RunTime:0.001441s ]
INFO: [ route_check ] --END-- [ RunTime:0.001860s ]
NOTIC: [8192] preg_replace(): The /e modifier is deprecated, use preg_replace_callback instead D:\wamp\www\tcbb88.com\api\ThinkPHP\Lib\Core\Dispatcher.class.php 第 120 行.
NOTIC: [8192] preg_replace(): The /e modifier is deprecated, use preg_replace_callback instead D:\wamp\www\tcbb88.com\api\ThinkPHP\Common\common.php 第 92 行.
INFO: [ app_begin ] --START--
INFO: Run ReadHtmlCache Behavior [ RunTime:0.001161s ]
INFO: [ app_begin ] --END-- [ RunTime:0.001552s ]
NOTIC: [8192] mysql_connect(): The mysql extension is deprecated and will be removed in the future: use mysqli or PDO instead D:\wamp\www\tcbb88.com\api\ThinkPHP\Lib\Driver\Db\DbMysql.class.php 第 55 行.
SQL: SHOW COLUMNS FROM `pa_order` [ RunTime:0.001882s ]
NOTIC: [8192] preg_replace(): The /e modifier is deprecated, use preg_replace_callback instead D:\wamp\www\tcbb88.com\api\ThinkPHP\Lib\Core\Db.class.php 第 568 行.
SQL: SELECT * FROM `pa_order` WHERE ( `userid` = 2 )  [ RunTime:0.000648s ]

[ 2015-11-24T21:18:09+08:00 ] 120.135.24.88 /api/api.php/client/getOrderlist/userid/2
INFO: [ route_check ] --START--
INFO: Run CheckRoute Behavior [ RunTime:0.000966s ]
INFO: [ route_check ] --END-- [ RunTime:0.001277s ]
NOTIC: [8192] preg_replace(): The /e modifier is deprecated, use preg_replace_callback instead D:\wamp\www\tcbb88.com\api\ThinkPHP\Lib\Core\Dispatcher.class.php 第 120 行.
NOTIC: [8192] preg_replace(): The /e modifier is deprecated, use preg_replace_callback instead D:\wamp\www\tcbb88.com\api\ThinkPHP\Common\common.php 第 92 行.
INFO: [ app_begin ] --START--
INFO: Run ReadHtmlCache Behavior [ RunTime:0.000929s ]
INFO: [ app_begin ] --END-- [ RunTime:0.001226s ]
NOTIC: [8192] mysql_connect(): The mysql extension is deprecated and will be removed in the future: use mysqli or PDO instead D:\wamp\www\tcbb88.com\api\ThinkPHP\Lib\Driver\Db\DbMysql.class.php 第 55 行.
SQL: SHOW COLUMNS FROM `pa_order` [ RunTime:0.002157s ]
NOTIC: [8192] preg_replace(): The /e modifier is deprecated, use preg_replace_callback instead D:\wamp\www\tcbb88.com\api\ThinkPHP\Lib\Core\Db.class.php 第 568 行.
SQL: SELECT * FROM `pa_order` WHERE ( `userid` = 2 )  [ RunTime:0.000528s ]

[ 2015-11-24T21:18:45+08:00 ] 120.135.24.88 /api/api.php/client/getOrderlist/userid/2
INFO: [ route_check ] --START--
INFO: Run CheckRoute Behavior [ RunTime:0.001023s ]
INFO: [ route_check ] --END-- [ RunTime:0.001335s ]
NOTIC: [8192] preg_replace(): The /e modifier is deprecated, use preg_replace_callback instead D:\wamp\www\tcbb88.com\api\ThinkPHP\Lib\Core\Dispatcher.class.php 第 120 行.
NOTIC: [8192] preg_replace(): The /e modifier is deprecated, use preg_replace_callback instead D:\wamp\www\tcbb88.com\api\ThinkPHP\Common\common.php 第 92 行.
INFO: [ app_begin ] --START--
INFO: Run ReadHtmlCache Behavior [ RunTime:0.000923s ]
INFO: [ app_begin ] --END-- [ RunTime:0.001216s ]
NOTIC: [8192] mysql_connect(): The mysql extension is deprecated and will be removed in the future: use mysqli or PDO instead D:\wamp\www\tcbb88.com\api\ThinkPHP\Lib\Driver\Db\DbMysql.class.php 第 55 行.
SQL: SHOW COLUMNS FROM `pa_order` [ RunTime:0.001992s ]
NOTIC: [8192] preg_replace(): The /e modifier is deprecated, use preg_replace_callback instead D:\wamp\www\tcbb88.com\api\ThinkPHP\Lib\Core\Db.class.php 第 568 行.
SQL: SELECT * FROM `pa_order` WHERE ( `userid` = 2 )  [ RunTime:0.000527s ]

[ 2015-11-24T21:56:47+08:00 ] 120.135.24.88 /api/api.php/client/getOrderlist/userid/2
INFO: [ route_check ] --START--
INFO: Run CheckRoute Behavior [ RunTime:0.001161s ]
INFO: [ route_check ] --END-- [ RunTime:0.001520s ]
NOTIC: [8192] preg_replace(): The /e modifier is deprecated, use preg_replace_callback instead D:\wamp\www\tcbb88.com\api\ThinkPHP\Lib\Core\Dispatcher.class.php 第 120 行.
NOTIC: [8192] preg_replace(): The /e modifier is deprecated, use preg_replace_callback instead D:\wamp\www\tcbb88.com\api\ThinkPHP\Common\common.php 第 92 行.
INFO: [ app_begin ] --START--
INFO: Run ReadHtmlCache Behavior [ RunTime:0.000979s ]
INFO: [ app_begin ] --END-- [ RunTime:0.001277s ]
NOTIC: [8192] mysql_connect(): The mysql extension is deprecated and will be removed in the future: use mysqli or PDO instead D:\wamp\www\tcbb88.com\api\ThinkPHP\Lib\Driver\Db\DbMysql.class.php 第 55 行.
SQL: SHOW COLUMNS FROM `pa_order` [ RunTime:0.002012s ]
NOTIC: [8192] preg_replace(): The /e modifier is deprecated, use preg_replace_callback instead D:\wamp\www\tcbb88.com\api\ThinkPHP\Lib\Core\Db.class.php 第 568 行.
SQL: SELECT * FROM `pa_order` WHERE ( `userid` = 2 )  [ RunTime:0.000501s ]

[ 2015-11-24T22:02:40+08:00 ] 120.135.24.88 /api/api.php/client/getOrderlist/userid/2
INFO: [ route_check ] --START--
INFO: Run CheckRoute Behavior [ RunTime:0.000894s ]
INFO: [ route_check ] --END-- [ RunTime:0.001200s ]
NOTIC: [8192] preg_replace(): The /e modifier is deprecated, use preg_replace_callback instead D:\wamp\www\tcbb88.com\api\ThinkPHP\Lib\Core\Dispatcher.class.php 第 120 行.
NOTIC: [8192] preg_replace(): The /e modifier is deprecated, use preg_replace_callback instead D:\wamp\www\tcbb88.com\api\ThinkPHP\Common\common.php 第 92 行.
INFO: [ app_begin ] --START--
INFO: Run ReadHtmlCache Behavior [ RunTime:0.000991s ]
INFO: [ app_begin ] --END-- [ RunTime:0.001285s ]
NOTIC: [8192] mysql_connect(): The mysql extension is deprecated and will be removed in the future: use mysqli or PDO instead D:\wamp\www\tcbb88.com\api\ThinkPHP\Lib\Driver\Db\DbMysql.class.php 第 55 行.
SQL: SHOW COLUMNS FROM `pa_order` [ RunTime:0.001733s ]
NOTIC: [8192] preg_replace(): The /e modifier is deprecated, use preg_replace_callback instead D:\wamp\www\tcbb88.com\api\ThinkPHP\Lib\Core\Db.class.php 第 568 行.
SQL: SELECT * FROM `pa_order` WHERE ( `userid` = 2 )  [ RunTime:0.000502s ]

[ 2015-11-24T22:03:19+08:00 ] 120.135.24.88 /api/api.php/client/getOrderlist/userid/2
INFO: [ route_check ] --START--
INFO: Run CheckRoute Behavior [ RunTime:0.001876s ]
INFO: [ route_check ] --END-- [ RunTime:0.002380s ]
NOTIC: [8192] preg_replace(): The /e modifier is deprecated, use preg_replace_callback instead D:\wamp\www\tcbb88.com\api\ThinkPHP\Lib\Core\Dispatcher.class.php 第 120 行.
NOTIC: [8192] preg_replace(): The /e modifier is deprecated, use preg_replace_callback instead D:\wamp\www\tcbb88.com\api\ThinkPHP\Common\common.php 第 92 行.
INFO: [ app_begin ] --START--
INFO: Run ReadHtmlCache Behavior [ RunTime:0.000929s ]
INFO: [ app_begin ] --END-- [ RunTime:0.001227s ]
NOTIC: [8192] mysql_connect(): The mysql extension is deprecated and will be removed in the future: use mysqli or PDO instead D:\wamp\www\tcbb88.com\api\ThinkPHP\Lib\Driver\Db\DbMysql.class.php 第 55 行.
SQL: SHOW COLUMNS FROM `pa_order` [ RunTime:0.001786s ]
NOTIC: [8192] preg_replace(): The /e modifier is deprecated, use preg_replace_callback instead D:\wamp\www\tcbb88.com\api\ThinkPHP\Lib\Core\Db.class.php 第 568 行.
SQL: SELECT * FROM `pa_order` WHERE ( `userid` = 2 )  [ RunTime:0.000538s ]

[ 2015-11-24T22:05:25+08:00 ] 120.135.24.88 /api/api.php/client/getOrderlist/userid/2
INFO: [ route_check ] --START--
INFO: Run CheckRoute Behavior [ RunTime:0.000933s ]
INFO: [ route_check ] --END-- [ RunTime:0.001239s ]
NOTIC: [8192] preg_replace(): The /e modifier is deprecated, use preg_replace_callback instead D:\wamp\www\tcbb88.com\api\ThinkPHP\Lib\Core\Dispatcher.class.php 第 120 行.
NOTIC: [8192] preg_replace(): The /e modifier is deprecated, use preg_replace_callback instead D:\wamp\www\tcbb88.com\api\ThinkPHP\Common\common.php 第 92 行.
INFO: [ app_begin ] --START--
INFO: Run ReadHtmlCache Behavior [ RunTime:0.000974s ]
INFO: [ app_begin ] --END-- [ RunTime:0.001281s ]
NOTIC: [8192] mysql_connect(): The mysql extension is deprecated and will be removed in the future: use mysqli or PDO instead D:\wamp\www\tcbb88.com\api\ThinkPHP\Lib\Driver\Db\DbMysql.class.php 第 55 行.
SQL: SHOW COLUMNS FROM `pa_order` [ RunTime:0.001872s ]
NOTIC: [8192] preg_replace(): The /e modifier is deprecated, use preg_replace_callback instead D:\wamp\www\tcbb88.com\api\ThinkPHP\Lib\Core\Db.class.php 第 568 行.
SQL: SELECT * FROM `pa_order` WHERE ( `userid` = 2 )  [ RunTime:0.000520s ]

[ 2015-11-24T22:07:08+08:00 ] 120.135.24.88 /api/api.php/client/getOrderlist/userid/2
INFO: [ route_check ] --START--
INFO: Run CheckRoute Behavior [ RunTime:0.001006s ]
INFO: [ route_check ] --END-- [ RunTime:0.001332s ]
NOTIC: [8192] preg_replace(): The /e modifier is deprecated, use preg_replace_callback instead D:\wamp\www\tcbb88.com\api\ThinkPHP\Lib\Core\Dispatcher.class.php 第 120 行.
NOTIC: [8192] preg_replace(): The /e modifier is deprecated, use preg_replace_callback instead D:\wamp\www\tcbb88.com\api\ThinkPHP\Common\common.php 第 92 行.
INFO: [ app_begin ] --START--
INFO: Run ReadHtmlCache Behavior [ RunTime:0.000996s ]
INFO: [ app_begin ] --END-- [ RunTime:0.001294s ]
NOTIC: [8192] mysql_connect(): The mysql extension is deprecated and will be removed in the future: use mysqli or PDO instead D:\wamp\www\tcbb88.com\api\ThinkPHP\Lib\Driver\Db\DbMysql.class.php 第 55 行.
SQL: SHOW COLUMNS FROM `pa_order` [ RunTime:0.001840s ]
NOTIC: [8192] preg_replace(): The /e modifier is deprecated, use preg_replace_callback instead D:\wamp\www\tcbb88.com\api\ThinkPHP\Lib\Core\Db.class.php 第 568 行.
SQL: SELECT * FROM `pa_order` WHERE ( `userid` = 2 )  [ RunTime:0.000537s ]

[ 2015-11-24T22:22:45+08:00 ] 120.135.24.88 /api/api.php/client/getOrderlist/userid/2
INFO: [ route_check ] --START--
INFO: Run CheckRoute Behavior [ RunTime:0.000982s ]
INFO: [ route_check ] --END-- [ RunTime:0.001321s ]
NOTIC: [8192] preg_replace(): The /e modifier is deprecated, use preg_replace_callback instead D:\wamp\www\tcbb88.com\api\ThinkPHP\Lib\Core\Dispatcher.class.php 第 120 行.
NOTIC: [8192] preg_replace(): The /e modifier is deprecated, use preg_replace_callback instead D:\wamp\www\tcbb88.com\api\ThinkPHP\Common\common.php 第 92 行.
INFO: [ app_begin ] --START--
INFO: Run ReadHtmlCache Behavior [ RunTime:0.000949s ]
INFO: [ app_begin ] --END-- [ RunTime:0.001236s ]
NOTIC: [8192] mysql_connect(): The mysql extension is deprecated and will be removed in the future: use mysqli or PDO instead D:\wamp\www\tcbb88.com\api\ThinkPHP\Lib\Driver\Db\DbMysql.class.php 第 55 行.
SQL: SHOW COLUMNS FROM `pa_order` [ RunTime:0.002057s ]
NOTIC: [8192] preg_replace(): The /e modifier is deprecated, use preg_replace_callback instead D:\wamp\www\tcbb88.com\api\ThinkPHP\Lib\Core\Db.class.php 第 568 行.
SQL: SELECT * FROM `pa_order` WHERE ( `userid` = 2 )  [ RunTime:0.000489s ]

[ 2015-11-24T22:36:49+08:00 ] 120.135.24.88 /api/api.php/client/getOrderlist/userid/2
INFO: [ route_check ] --START--
INFO: Run CheckRoute Behavior [ RunTime:0.001059s ]
INFO: [ route_check ] --END-- [ RunTime:0.001375s ]
NOTIC: [8192] preg_replace(): The /e modifier is deprecated, use preg_replace_callback instead D:\wamp\www\tcbb88.com\api\ThinkPHP\Lib\Core\Dispatcher.class.php 第 120 行.
NOTIC: [8192] preg_replace(): The /e modifier is deprecated, use preg_replace_callback instead D:\wamp\www\tcbb88.com\api\ThinkPHP\Common\common.php 第 92 行.
INFO: [ app_begin ] --START--
INFO: Run ReadHtmlCache Behavior [ RunTime:0.001165s ]
INFO: [ app_begin ] --END-- [ RunTime:0.001698s ]
NOTIC: [8192] mysql_connect(): The mysql extension is deprecated and will be removed in the future: use mysqli or PDO instead D:\wamp\www\tcbb88.com\api\ThinkPHP\Lib\Driver\Db\DbMysql.class.php 第 55 行.
SQL: SHOW COLUMNS FROM `pa_order` [ RunTime:0.001999s ]
NOTIC: [8192] preg_replace(): The /e modifier is deprecated, use preg_replace_callback instead D:\wamp\www\tcbb88.com\api\ThinkPHP\Lib\Core\Db.class.php 第 568 行.
SQL: SELECT * FROM `pa_order` WHERE ( `userid` = 2 )  [ RunTime:0.000528s ]

[ 2015-11-24T22:37:53+08:00 ] 120.135.24.88 /api/api.php/client/getOrderlist/userid/2
INFO: [ route_check ] --START--
INFO: Run CheckRoute Behavior [ RunTime:0.000993s ]
INFO: [ route_check ] --END-- [ RunTime:0.001338s ]
NOTIC: [8192] preg_replace(): The /e modifier is deprecated, use preg_replace_callback instead D:\wamp\www\tcbb88.com\api\ThinkPHP\Lib\Core\Dispatcher.class.php 第 120 行.
NOTIC: [8192] preg_replace(): The /e modifier is deprecated, use preg_replace_callback instead D:\wamp\www\tcbb88.com\api\ThinkPHP\Common\common.php 第 92 行.
INFO: [ app_begin ] --START--
INFO: Run ReadHtmlCache Behavior [ RunTime:0.000920s ]
INFO: [ app_begin ] --END-- [ RunTime:0.001205s ]
NOTIC: [8192] mysql_connect(): The mysql extension is deprecated and will be removed in the future: use mysqli or PDO instead D:\wamp\www\tcbb88.com\api\ThinkPHP\Lib\Driver\Db\DbMysql.class.php 第 55 行.
SQL: SHOW COLUMNS FROM `pa_order` [ RunTime:0.001837s ]
NOTIC: [8192] preg_replace(): The /e modifier is deprecated, use preg_replace_callback instead D:\wamp\www\tcbb88.com\api\ThinkPHP\Lib\Core\Db.class.php 第 568 行.
SQL: SELECT * FROM `pa_order` WHERE ( `userid` = 2 ) ORDER BY orderdate desc  [ RunTime:0.000607s ]

[ 2015-11-24T22:42:54+08:00 ] 120.135.24.88 /api/api.php/client/getOrderlist/userid/2
INFO: [ route_check ] --START--
INFO: Run CheckRoute Behavior [ RunTime:0.000937s ]
INFO: [ route_check ] --END-- [ RunTime:0.001271s ]
NOTIC: [8192] preg_replace(): The /e modifier is deprecated, use preg_replace_callback instead D:\wamp\www\tcbb88.com\api\ThinkPHP\Lib\Core\Dispatcher.class.php 第 120 行.
NOTIC: [8192] preg_replace(): The /e modifier is deprecated, use preg_replace_callback instead D:\wamp\www\tcbb88.com\api\ThinkPHP\Common\common.php 第 92 行.
INFO: [ app_begin ] --START--
INFO: Run ReadHtmlCache Behavior [ RunTime:0.000928s ]
INFO: [ app_begin ] --END-- [ RunTime:0.001221s ]
NOTIC: [8192] mysql_connect(): The mysql extension is deprecated and will be removed in the future: use mysqli or PDO instead D:\wamp\www\tcbb88.com\api\ThinkPHP\Lib\Driver\Db\DbMysql.class.php 第 55 行.
SQL: SHOW COLUMNS FROM `pa_order` [ RunTime:0.002564s ]
NOTIC: [8192] preg_replace(): The /e modifier is deprecated, use preg_replace_callback instead D:\wamp\www\tcbb88.com\api\ThinkPHP\Lib\Core\Db.class.php 第 568 行.
SQL: SELECT * FROM `pa_order` WHERE ( `userid` = 2 ) ORDER BY orderdate desc  [ RunTime:0.000556s ]

[ 2015-11-24T22:55:16+08:00 ] 120.135.24.88 /api/api.php/client/getOrderlist/userid/2
INFO: [ route_check ] --START--
INFO: Run CheckRoute Behavior [ RunTime:0.000925s ]
INFO: [ route_check ] --END-- [ RunTime:0.001239s ]
NOTIC: [8192] preg_replace(): The /e modifier is deprecated, use preg_replace_callback instead D:\wamp\www\tcbb88.com\api\ThinkPHP\Lib\Core\Dispatcher.class.php 第 120 行.
NOTIC: [8192] preg_replace(): The /e modifier is deprecated, use preg_replace_callback instead D:\wamp\www\tcbb88.com\api\ThinkPHP\Common\common.php 第 92 行.
INFO: [ app_begin ] --START--
INFO: Run ReadHtmlCache Behavior [ RunTime:0.001853s ]
INFO: [ app_begin ] --END-- [ RunTime:0.002139s ]
NOTIC: [8192] mysql_connect(): The mysql extension is deprecated and will be removed in the future: use mysqli or PDO instead D:\wamp\www\tcbb88.com\api\ThinkPHP\Lib\Driver\Db\DbMysql.class.php 第 55 行.
SQL: SHOW COLUMNS FROM `pa_order` [ RunTime:0.001945s ]
NOTIC: [8192] preg_replace(): The /e modifier is deprecated, use preg_replace_callback instead D:\wamp\www\tcbb88.com\api\ThinkPHP\Lib\Core\Db.class.php 第 568 行.
SQL: SELECT * FROM `pa_order` WHERE ( `userid` = 2 ) ORDER BY orderdate desc  [ RunTime:0.000604s ]

[ 2015-11-24T22:56:23+08:00 ] 120.135.24.88 /api/api.php/client/getOrderlist/userid/2
INFO: [ route_check ] --START--
INFO: Run CheckRoute Behavior [ RunTime:0.000956s ]
INFO: [ route_check ] --END-- [ RunTime:0.001274s ]
NOTIC: [8192] preg_replace(): The /e modifier is deprecated, use preg_replace_callback instead D:\wamp\www\tcbb88.com\api\ThinkPHP\Lib\Core\Dispatcher.class.php 第 120 行.
NOTIC: [8192] preg_replace(): The /e modifier is deprecated, use preg_replace_callback instead D:\wamp\www\tcbb88.com\api\ThinkPHP\Common\common.php 第 92 行.
INFO: [ app_begin ] --START--
INFO: Run ReadHtmlCache Behavior [ RunTime:0.000895s ]
INFO: [ app_begin ] --END-- [ RunTime:0.001239s ]
NOTIC: [8192] mysql_connect(): The mysql extension is deprecated and will be removed in the future: use mysqli or PDO instead D:\wamp\www\tcbb88.com\api\ThinkPHP\Lib\Driver\Db\DbMysql.class.php 第 55 行.
SQL: SHOW COLUMNS FROM `pa_order` [ RunTime:0.001705s ]
NOTIC: [8192] preg_replace(): The /e modifier is deprecated, use preg_replace_callback instead D:\wamp\www\tcbb88.com\api\ThinkPHP\Lib\Core\Db.class.php 第 568 行.
SQL: SELECT * FROM `pa_order` WHERE ( `userid` = 2 ) ORDER BY orderdate desc  [ RunTime:0.000606s ]

[ 2015-11-24T22:57:16+08:00 ] 120.135.24.88 /api/api.php/client/getOrderlist/userid/2
INFO: [ route_check ] --START--
INFO: Run CheckRoute Behavior [ RunTime:0.001322s ]
INFO: [ route_check ] --END-- [ RunTime:0.001659s ]
NOTIC: [8192] preg_replace(): The /e modifier is deprecated, use preg_replace_callback instead D:\wamp\www\tcbb88.com\api\ThinkPHP\Lib\Core\Dispatcher.class.php 第 120 行.
NOTIC: [8192] preg_replace(): The /e modifier is deprecated, use preg_replace_callback instead D:\wamp\www\tcbb88.com\api\ThinkPHP\Common\common.php 第 92 行.
INFO: [ app_begin ] --START--
INFO: Run ReadHtmlCache Behavior [ RunTime:0.001014s ]
INFO: [ app_begin ] --END-- [ RunTime:0.001312s ]
NOTIC: [8192] mysql_connect(): The mysql extension is deprecated and will be removed in the future: use mysqli or PDO instead D:\wamp\www\tcbb88.com\api\ThinkPHP\Lib\Driver\Db\DbMysql.class.php 第 55 行.
SQL: SHOW COLUMNS FROM `pa_order` [ RunTime:0.001770s ]
NOTIC: [8192] preg_replace(): The /e modifier is deprecated, use preg_replace_callback instead D:\wamp\www\tcbb88.com\api\ThinkPHP\Lib\Core\Db.class.php 第 568 行.
SQL: SELECT * FROM `pa_order` WHERE ( `userid` = 2 ) ORDER BY orderdate desc  [ RunTime:0.000614s ]

