[ 2015-12-03T09:28:37+08:00 ] 120.135.24.94 /api/api.php/client/getOrderlist/userid/4
INFO: [ route_check ] --START--
INFO: Run CheckRoute Behavior [ RunTime:0.001044s ]
INFO: [ route_check ] --END-- [ RunTime:0.001397s ]
NOTIC: [8192] preg_replace(): The /e modifier is deprecated, use preg_replace_callback instead D:\wamp\www\tcbb88.com\api\ThinkPHP\Lib\Core\Dispatcher.class.php 第 120 行.
NOTIC: [8192] preg_replace(): The /e modifier is deprecated, use preg_replace_callback instead D:\wamp\www\tcbb88.com\api\ThinkPHP\Common\common.php 第 92 行.
INFO: [ app_begin ] --START--
INFO: Run ReadHtmlCache Behavior [ RunTime:0.000946s ]
INFO: [ app_begin ] --END-- [ RunTime:0.001234s ]
NOTIC: [8192] mysql_connect(): The mysql extension is deprecated and will be removed in the future: use mysqli or PDO instead D:\wamp\www\tcbb88.com\api\ThinkPHP\Lib\Driver\Db\DbMysql.class.php 第 55 行.
SQL: SHOW COLUMNS FROM `pa_order` [ RunTime:0.002375s ]
NOTIC: [8192] preg_replace(): The /e modifier is deprecated, use preg_replace_callback instead D:\wamp\www\tcbb88.com\api\ThinkPHP\Lib\Core\Db.class.php 第 568 行.
SQL: SELECT * FROM `pa_order` WHERE ( `userid` = 4 ) ORDER BY orderdate desc  [ RunTime:0.000576s ]

[ 2015-12-03T09:28:37+08:00 ] 120.135.24.94 /api/api.php/client/getUserInfo/userid/4
INFO: [ route_check ] --START--
INFO: Run CheckRoute Behavior [ RunTime:0.001320s ]
INFO: [ route_check ] --END-- [ RunTime:0.001767s ]
NOTIC: [8192] preg_replace(): The /e modifier is deprecated, use preg_replace_callback instead D:\wamp\www\tcbb88.com\api\ThinkPHP\Lib\Core\Dispatcher.class.php 第 120 行.
NOTIC: [8192] preg_replace(): The /e modifier is deprecated, use preg_replace_callback instead D:\wamp\www\tcbb88.com\api\ThinkPHP\Common\common.php 第 92 行.
INFO: [ app_begin ] --START--
INFO: Run ReadHtmlCache Behavior [ RunTime:0.000971s ]
INFO: [ app_begin ] --END-- [ RunTime:0.001800s ]
NOTIC: [8192] mysql_connect(): The mysql extension is deprecated and will be removed in the future: use mysqli or PDO instead D:\wamp\www\tcbb88.com\api\ThinkPHP\Lib\Driver\Db\DbMysql.class.php 第 55 行.
SQL: SHOW COLUMNS FROM `pa_user` [ RunTime:0.001387s ]
SQL: SHOW COLUMNS FROM `pa_shipaddr` [ RunTime:0.001401s ]
NOTIC: [8192] preg_replace(): The /e modifier is deprecated, use preg_replace_callback instead D:\wamp\www\tcbb88.com\api\ThinkPHP\Lib\Core\Db.class.php 第 568 行.
SQL: SELECT * FROM `pa_shipaddr` WHERE ( `userid` = 4 ) LIMIT 1   [ RunTime:0.000320s ]
NOTIC: [8192] preg_replace(): The /e modifier is deprecated, use preg_replace_callback instead D:\wamp\www\tcbb88.com\api\ThinkPHP\Lib\Core\Db.class.php 第 568 行.
SQL: SELECT `telephone` FROM `pa_user` WHERE ( `id` = 4 ) LIMIT 1   [ RunTime:0.000265s ]

[ 2015-12-03T09:29:08+08:00 ] 120.135.24.94 /api/api.php/client/doorder
INFO: [ route_check ] --START--
INFO: Run CheckRoute Behavior [ RunTime:0.001083s ]
INFO: [ route_check ] --END-- [ RunTime:0.001394s ]
NOTIC: [8192] preg_replace(): The /e modifier is deprecated, use preg_replace_callback instead D:\wamp\www\tcbb88.com\api\ThinkPHP\Lib\Core\Dispatcher.class.php 第 120 行.
NOTIC: [8192] preg_replace(): The /e modifier is deprecated, use preg_replace_callback instead D:\wamp\www\tcbb88.com\api\ThinkPHP\Common\common.php 第 92 行.
INFO: [ app_begin ] --START--
INFO: Run ReadHtmlCache Behavior [ RunTime:0.001014s ]
INFO: [ app_begin ] --END-- [ RunTime:0.001333s ]
NOTIC: [8192] mysql_connect(): The mysql extension is deprecated and will be removed in the future: use mysqli or PDO instead D:\wamp\www\tcbb88.com\api\ThinkPHP\Lib\Driver\Db\DbMysql.class.php 第 55 行.
SQL: SHOW COLUMNS FROM `pa_order` [ RunTime:0.002145s ]
SQL: SHOW COLUMNS FROM `pa_shopcart` [ RunTime:0.001519s ]
SQL: INSERT INTO `pa_order` (`userid`,`code`,`orderdate`,`shipaddrid`,`shipaddr`,`receiver`,`telephone`,`goodsfee`,`totalfee`,`freight`,`paytype`,`sendtime`,`remark`) VALUES (4,'2015120352549857',1449106148,9,'还好还好哈哈','黄杨侣','18382307095',1493,1493,0,1,'2015-12-03 11:28:57','') [ RunTime:0.006668s ]
SQL: INSERT INTO `pa_shopcart` (`goodsid`,`orderid`,`num`,`price`,`title`,`imgid`,`createtime`) VALUES (559,34,4,300,'烤牛排',1037,'2015-12-03 09:12:08') [ RunTime:0.002862s ]
SQL: INSERT INTO `pa_shopcart` (`goodsid`,`orderid`,`num`,`price`,`title`,`imgid`,`createtime`) VALUES (566,34,1,5,'烤韭菜',1060,'2015-12-03 09:12:08') [ RunTime:0.002682s ]
SQL: INSERT INTO `pa_shopcart` (`goodsid`,`orderid`,`num`,`price`,`title`,`imgid`,`createtime`) VALUES (561,34,1,88,'烤翅',1043,'2015-12-03 09:12:08') [ RunTime:0.002877s ]
SQL: INSERT INTO `pa_shopcart` (`goodsid`,`orderid`,`num`,`price`,`title`,`imgid`,`createtime`) VALUES (562,34,2,100,'烤猪蹄',1048,'2015-12-03 09:12:08') [ RunTime:0.002235s ]

[ 2015-12-03T09:29:08+08:00 ] 120.135.24.94 /api/api.php/client/getOrderlist/userid/4
INFO: [ route_check ] --START--
INFO: Run CheckRoute Behavior [ RunTime:0.001262s ]
INFO: [ route_check ] --END-- [ RunTime:0.001639s ]
NOTIC: [8192] preg_replace(): The /e modifier is deprecated, use preg_replace_callback instead D:\wamp\www\tcbb88.com\api\ThinkPHP\Lib\Core\Dispatcher.class.php 第 120 行.
NOTIC: [8192] preg_replace(): The /e modifier is deprecated, use preg_replace_callback instead D:\wamp\www\tcbb88.com\api\ThinkPHP\Common\common.php 第 92 行.
INFO: [ app_begin ] --START--
INFO: Run ReadHtmlCache Behavior [ RunTime:0.001002s ]
INFO: [ app_begin ] --END-- [ RunTime:0.001357s ]
NOTIC: [8192] mysql_connect(): The mysql extension is deprecated and will be removed in the future: use mysqli or PDO instead D:\wamp\www\tcbb88.com\api\ThinkPHP\Lib\Driver\Db\DbMysql.class.php 第 55 行.
SQL: SHOW COLUMNS FROM `pa_order` [ RunTime:0.001936s ]
NOTIC: [8192] preg_replace(): The /e modifier is deprecated, use preg_replace_callback instead D:\wamp\www\tcbb88.com\api\ThinkPHP\Lib\Core\Db.class.php 第 568 行.
SQL: SELECT * FROM `pa_order` WHERE ( `userid` = 4 ) ORDER BY orderdate desc  [ RunTime:0.000655s ]

