[ 2015-10-18T04:00:30+08:00 ] ERR: (ThinkException) 非法操作:shopadmin
[ 2015-10-18T04:00:33+08:00 ] ERR: (ThinkException) 非法操作:feed-proxy
[ 2015-10-18T04:00:36+08:00 ] 121.42.0.39 /dsapi/api.php/Index/.DS_Store
INFO: [ route_check ] --START--
INFO: Run CheckRoute Behavior [ RunTime:0.001328s ]
INFO: [ route_check ] --END-- [ RunTime:0.001713s ]
NOTIC: [8192] preg_replace(): The /e modifier is deprecated, use preg_replace_callback instead D:\wamp\www\dosochina.com\dsapi\ThinkPHP\Lib\Core\Dispatcher.class.php 第 120 行.
INFO: [ app_begin ] --START--
INFO: Run ReadHtmlCache Behavior [ RunTime:0.001225s ]
INFO: [ app_begin ] --END-- [ RunTime:0.001626s ]

[ 2015-10-18T04:00:36+08:00 ] ERR: (ThinkException) 非法操作:bbx
[ 2015-10-18T04:00:38+08:00 ] ERR: (ThinkException) 非法操作:tools
[ 2015-10-18T04:00:39+08:00 ] ERR: (ThinkException) 非法操作:yanfang
[ 2015-10-18T04:00:40+08:00 ] ERR: (ThinkException) 非法操作:upload
[ 2015-10-18T04:00:41+08:00 ] ERR: (ThinkException) 非法操作:db
[ 2015-10-18T04:00:41+08:00 ] ERR: (ThinkException) 非法操作:config
[ 2015-10-18T04:00:43+08:00 ] ERR: (ThinkException) 非法操作:logs
[ 2015-10-18T04:00:43+08:00 ] ERR: (ThinkException) 非法操作:log
[ 2015-10-18T04:00:47+08:00 ] 121.42.0.39 /dsapi/api.php/Index/index.action?redirect%3A%25%7Bnew+java.lang.String%28%27http%3A%2F%2Fxxxxxxxxxxxxx%27%29%7D
INFO: [ route_check ] --START--
INFO: Run CheckRoute Behavior [ RunTime:0.001349s ]
INFO: [ route_check ] --END-- [ RunTime:0.001725s ]
NOTIC: [8192] preg_replace(): The /e modifier is deprecated, use preg_replace_callback instead D:\wamp\www\dosochina.com\dsapi\ThinkPHP\Lib\Core\Dispatcher.class.php 第 120 行.
INFO: [ app_begin ] --START--
INFO: Run ReadHtmlCache Behavior [ RunTime:0.001221s ]
INFO: [ app_begin ] --END-- [ RunTime:0.001619s ]

[ 2015-10-18T04:00:51+08:00 ] ERR: (ThinkException) 非法操作:admin
[ 2015-10-18T04:00:53+08:00 ] ERR: (ThinkException) 非法操作:uploads
[ 2015-10-18T04:00:55+08:00 ] ERR: (ThinkException) 非法操作:backup
[ 2015-10-18T04:00:57+08:00 ] 121.42.0.39 /dsapi/api.php/Index//
INFO: [ route_check ] --START--
INFO: Run CheckRoute Behavior [ RunTime:0.001366s ]
INFO: [ route_check ] --END-- [ RunTime:0.001835s ]
NOTIC: [8192] preg_replace(): The /e modifier is deprecated, use preg_replace_callback instead D:\wamp\www\dosochina.com\dsapi\ThinkPHP\Lib\Core\Dispatcher.class.php 第 120 行.
INFO: [ app_begin ] --START--
INFO: Run ReadHtmlCache Behavior [ RunTime:0.001380s ]
INFO: [ app_begin ] --END-- [ RunTime:0.002042s ]

[ 2015-10-18T04:00:58+08:00 ] ERR: (ThinkException) 非法操作:htdocs
[ 2015-10-18T04:00:59+08:00 ] ERR: (ThinkException) 非法操作:upfile
[ 2015-10-18T04:01:00+08:00 ] ERR: (ThinkException) 非法操作:upfiles
[ 2015-10-18T04:01:02+08:00 ] ERR: (ThinkException) 非法操作:uploadfile
[ 2015-10-18T04:01:04+08:00 ] ERR: (ThinkException) 非法操作:uploadfiles
[ 2015-10-18T04:01:05+08:00 ] ERR: (ThinkException) 非法操作:web
[ 2015-10-18T04:01:06+08:00 ] ERR: (ThinkException) 非法操作:data
[ 2015-10-18T04:01:13+08:00 ] ERR: (ThinkException) 非法操作:phpinfo
[ 2015-10-18T04:01:13+08:00 ] ERR: (ThinkException) 非法操作:info
[ 2015-10-18T04:01:17+08:00 ] 121.42.0.39 /dsapi/api.php/Index/index.php
INFO: [ route_check ] --START--
INFO: Run CheckRoute Behavior [ RunTime:0.001529s ]
INFO: [ route_check ] --END-- [ RunTime:0.002100s ]
NOTIC: [8192] preg_replace(): The /e modifier is deprecated, use preg_replace_callback instead D:\wamp\www\dosochina.com\dsapi\ThinkPHP\Lib\Core\Dispatcher.class.php 第 120 行.
INFO: [ app_begin ] --START--
INFO: Run ReadHtmlCache Behavior [ RunTime:0.001228s ]
INFO: [ app_begin ] --END-- [ RunTime:0.001765s ]

[ 2015-10-18T04:01:19+08:00 ] ERR: (ThinkException) 非法操作:php
[ 2015-10-18T04:01:21+08:00 ] ERR: (ThinkException) 非法操作:test
[ 2015-10-18T04:01:21+08:00 ] ERR: (ThinkException) 非法操作:a
[ 2015-10-18T04:01:23+08:00 ] ERR: (ThinkException) 非法操作:1
[ 2015-10-18T04:01:25+08:00 ] ERR: (ThinkException) 非法操作:u
[ 2015-10-18T04:01:27+08:00 ] ERR: (ThinkException) 非法操作:l
[ 2015-10-18T04:01:29+08:00 ] ERR: (ThinkException) 非法操作:tz
[ 2015-10-18T04:01:31+08:00 ] ERR: (ThinkException) 非法操作:adminer
[ 2015-10-18T04:01:33+08:00 ] ERR: (ThinkException) 非法操作:bigdump
[ 2015-10-18T04:01:35+08:00 ] ERR: (ThinkException) 非法操作:${@print(md5(this_is_a_test_string))}
[ 2015-10-18T06:05:50+08:00 ] ERR: (ThinkException) 非法操作:shopadmin
[ 2015-10-18T06:06:08+08:00 ] ERR: (ThinkException) 非法操作:feed-proxy
[ 2015-10-18T06:06:12+08:00 ] ERR: (ThinkException) 模板不存在[./App/Tpl/Wxhd/check1.html]
[ 2015-10-18T06:06:14+08:00 ] ERR: (ThinkException) 非法操作:bbx
[ 2015-10-18T06:06:16+08:00 ] ERR: (ThinkException) 非法操作:tools
[ 2015-10-18T06:06:18+08:00 ] ERR: (ThinkException) 非法操作:yanfang
[ 2015-10-18T06:06:20+08:00 ] ERR: (ThinkException) 非法操作:upload
[ 2015-10-18T06:06:22+08:00 ] ERR: (ThinkException) 非法操作:db
[ 2015-10-18T06:06:24+08:00 ] ERR: (ThinkException) 非法操作:config
[ 2015-10-18T06:06:26+08:00 ] ERR: (ThinkException) 非法操作:logs
[ 2015-10-18T06:06:28+08:00 ] ERR: (ThinkException) 非法操作:log
[ 2015-10-18T06:06:30+08:00 ] ERR: (ThinkException) 模板不存在[./App/Tpl/Wxhd/check1.html]
[ 2015-10-18T06:06:32+08:00 ] ERR: (ThinkException) 非法操作:login
[ 2015-10-18T06:06:34+08:00 ] ERR: (ThinkException) 非法操作:admin
[ 2015-10-18T06:06:36+08:00 ] ERR: (ThinkException) 非法操作:uploads
[ 2015-10-18T06:06:38+08:00 ] ERR: (ThinkException) 非法操作:backup
[ 2015-10-18T06:06:40+08:00 ] ERR: (ThinkException) 模板不存在[./App/Tpl/Wxhd/check1.html]
[ 2015-10-18T06:06:42+08:00 ] ERR: (ThinkException) 非法操作:htdocs
[ 2015-10-18T06:06:44+08:00 ] ERR: (ThinkException) 非法操作:upfile
[ 2015-10-18T06:06:46+08:00 ] ERR: (ThinkException) 非法操作:upfiles
[ 2015-10-18T06:06:48+08:00 ] ERR: (ThinkException) 非法操作:uploadfile
[ 2015-10-18T06:06:50+08:00 ] ERR: (ThinkException) 非法操作:uploadfiles
[ 2015-10-18T06:06:52+08:00 ] ERR: (ThinkException) 非法操作:web
[ 2015-10-18T06:06:54+08:00 ] ERR: (ThinkException) 非法操作:data
[ 2015-10-18T06:07:04+08:00 ] ERR: (ThinkException) 非法操作:phpinfo
[ 2015-10-18T06:07:08+08:00 ] ERR: (ThinkException) 非法操作:info
[ 2015-10-18T06:07:12+08:00 ] ERR: (ThinkException) 模板不存在[./App/Tpl/Wxhd/check1.html]
[ 2015-10-18T06:07:14+08:00 ] ERR: (ThinkException) 非法操作:php
[ 2015-10-18T06:07:16+08:00 ] ERR: (ThinkException) 非法操作:test
[ 2015-10-18T06:07:18+08:00 ] ERR: (ThinkException) 非法操作:a
[ 2015-10-18T06:07:20+08:00 ] ERR: (ThinkException) 非法操作:1
[ 2015-10-18T06:07:22+08:00 ] ERR: (ThinkException) 非法操作:u
[ 2015-10-18T06:07:24+08:00 ] ERR: (ThinkException) 非法操作:l
[ 2015-10-18T06:07:26+08:00 ] ERR: (ThinkException) 非法操作:tz
[ 2015-10-18T06:07:28+08:00 ] ERR: (ThinkException) 非法操作:adminer
[ 2015-10-18T06:07:30+08:00 ] ERR: (ThinkException) 非法操作:bigdump
[ 2015-10-18T06:07:32+08:00 ] ERR: (ThinkException) 非法操作:${@print(md5(this_is_a_test_string))}
[ 2015-10-18T06:47:56+08:00 ] ERR: (ThinkException) 非法操作:shopadmin
[ 2015-10-18T06:48:28+08:00 ] ERR: (ThinkException) 非法操作:feed-proxy
[ 2015-10-18T06:48:39+08:00 ] 121.42.0.39 /dsapi/api.php/Index/.DS_Store
INFO: [ route_check ] --START--
INFO: Run CheckRoute Behavior [ RunTime:0.001432s ]
INFO: [ route_check ] --END-- [ RunTime:0.001854s ]
NOTIC: [8192] preg_replace(): The /e modifier is deprecated, use preg_replace_callback instead D:\wamp\www\dosochina.com\dsapi\ThinkPHP\Lib\Core\Dispatcher.class.php 第 120 行.
INFO: [ app_begin ] --START--
INFO: Run ReadHtmlCache Behavior [ RunTime:0.001295s ]
INFO: [ app_begin ] --END-- [ RunTime:0.001663s ]

[ 2015-10-18T06:48:43+08:00 ] ERR: (ThinkException) 非法操作:bbx
[ 2015-10-18T06:48:48+08:00 ] ERR: (ThinkException) 非法操作:tools
[ 2015-10-18T06:48:49+08:00 ] ERR: (ThinkException) 非法操作:yanfang
[ 2015-10-18T06:49:16+08:00 ] ERR: (ThinkException) 非法操作:upload
[ 2015-10-18T06:49:18+08:00 ] ERR: (ThinkException) 非法操作:db
[ 2015-10-18T06:49:42+08:00 ] ERR: (ThinkException) 非法操作:logs
[ 2015-10-18T06:49:44+08:00 ] ERR: (ThinkException) 非法操作:log
[ 2015-10-18T06:49:46+08:00 ] 121.42.0.39 /dsapi/api.php/Index/index.action?redirect%3A%25%7Bnew+java.lang.String%28%27http%3A%2F%2Fxxxxxxxxxxxxx%27%29%7D
INFO: [ route_check ] --START--
INFO: Run CheckRoute Behavior [ RunTime:0.001465s ]
INFO: [ route_check ] --END-- [ RunTime:0.001870s ]
NOTIC: [8192] preg_replace(): The /e modifier is deprecated, use preg_replace_callback instead D:\wamp\www\dosochina.com\dsapi\ThinkPHP\Lib\Core\Dispatcher.class.php 第 120 行.
INFO: [ app_begin ] --START--
INFO: Run ReadHtmlCache Behavior [ RunTime:0.001332s ]
INFO: [ app_begin ] --END-- [ RunTime:0.001733s ]

[ 2015-10-18T06:49:50+08:00 ] ERR: (ThinkException) 非法操作:admin
[ 2015-10-18T06:49:52+08:00 ] ERR: (ThinkException) 非法操作:uploads
[ 2015-10-18T06:49:54+08:00 ] ERR: (ThinkException) 非法操作:backup
[ 2015-10-18T06:49:56+08:00 ] 121.42.0.39 /dsapi/api.php/Index//
INFO: [ route_check ] --START--
INFO: Run CheckRoute Behavior [ RunTime:0.001310s ]
INFO: [ route_check ] --END-- [ RunTime:0.001691s ]
NOTIC: [8192] preg_replace(): The /e modifier is deprecated, use preg_replace_callback instead D:\wamp\www\dosochina.com\dsapi\ThinkPHP\Lib\Core\Dispatcher.class.php 第 120 行.
INFO: [ app_begin ] --START--
INFO: Run ReadHtmlCache Behavior [ RunTime:0.001291s ]
INFO: [ app_begin ] --END-- [ RunTime:0.001680s ]

[ 2015-10-18T06:49:58+08:00 ] ERR: (ThinkException) 非法操作:htdocs
[ 2015-10-18T06:50:12+08:00 ] ERR: (ThinkException) 非法操作:upfile
[ 2015-10-18T06:50:18+08:00 ] ERR: (ThinkException) 非法操作:upfiles
[ 2015-10-18T06:50:20+08:00 ] ERR: (ThinkException) 非法操作:uploadfile
[ 2015-10-18T06:50:22+08:00 ] ERR: (ThinkException) 非法操作:uploadfiles
[ 2015-10-18T06:50:26+08:00 ] ERR: (ThinkException) 非法操作:web
[ 2015-10-18T06:50:28+08:00 ] ERR: (ThinkException) 非法操作:data
[ 2015-10-18T06:50:42+08:00 ] ERR: (ThinkException) 非法操作:phpinfo
[ 2015-10-18T06:50:44+08:00 ] ERR: (ThinkException) 非法操作:info
[ 2015-10-18T06:50:48+08:00 ] 121.42.0.39 /dsapi/api.php/Index/index.php
INFO: [ route_check ] --START--
INFO: Run CheckRoute Behavior [ RunTime:0.001434s ]
INFO: [ route_check ] --END-- [ RunTime:0.001894s ]
NOTIC: [8192] preg_replace(): The /e modifier is deprecated, use preg_replace_callback instead D:\wamp\www\dosochina.com\dsapi\ThinkPHP\Lib\Core\Dispatcher.class.php 第 120 行.
INFO: [ app_begin ] --START--
INFO: Run ReadHtmlCache Behavior [ RunTime:0.001114s ]
INFO: [ app_begin ] --END-- [ RunTime:0.001491s ]

[ 2015-10-18T06:50:49+08:00 ] ERR: (ThinkException) 非法操作:php
[ 2015-10-18T06:50:50+08:00 ] ERR: (ThinkException) 非法操作:test
[ 2015-10-18T06:50:51+08:00 ] ERR: (ThinkException) 非法操作:a
[ 2015-10-18T06:50:51+08:00 ] ERR: (ThinkException) 非法操作:1
[ 2015-10-18T06:50:53+08:00 ] ERR: (ThinkException) 非法操作:u
[ 2015-10-18T06:50:53+08:00 ] ERR: (ThinkException) 非法操作:l
[ 2015-10-18T06:50:54+08:00 ] ERR: (ThinkException) 非法操作:tz
[ 2015-10-18T06:50:55+08:00 ] ERR: (ThinkException) 非法操作:adminer
[ 2015-10-18T06:50:56+08:00 ] ERR: (ThinkException) 非法操作:bigdump
[ 2015-10-18T06:50:58+08:00 ] ERR: (ThinkException) 非法操作:${@print(md5(this_is_a_test_string))}
[ 2015-10-18T07:03:09+08:00 ] ERR: (ThinkException) 非法操作:shopadmin
[ 2015-10-18T07:03:38+08:00 ] ERR: (ThinkException) 非法操作:feed-proxy
[ 2015-10-18T07:03:55+08:00 ] 121.42.0.39 /dsapi/api.php/Index/.DS_Store
INFO: [ route_check ] --START--
INFO: Run CheckRoute Behavior [ RunTime:0.001284s ]
INFO: [ route_check ] --END-- [ RunTime:0.001711s ]
NOTIC: [8192] preg_replace(): The /e modifier is deprecated, use preg_replace_callback instead D:\wamp\www\dosochina.com\dsapi\ThinkPHP\Lib\Core\Dispatcher.class.php 第 120 行.
INFO: [ app_begin ] --START--
INFO: Run ReadHtmlCache Behavior [ RunTime:0.001141s ]
INFO: [ app_begin ] --END-- [ RunTime:0.001579s ]

[ 2015-10-18T07:03:58+08:00 ] ERR: (ThinkException) 非法操作:bbx
[ 2015-10-18T07:04:10+08:00 ] ERR: (ThinkException) 非法操作:tools
[ 2015-10-18T07:04:33+08:00 ] ERR: (ThinkException) 非法操作:yanfang
[ 2015-10-18T07:04:53+08:00 ] ERR: (ThinkException) 非法操作:upload
[ 2015-10-18T07:04:56+08:00 ] ERR: (ThinkException) 非法操作:db
[ 2015-10-18T07:04:57+08:00 ] ERR: (ThinkException) 非法操作:config
[ 2015-10-18T07:04:58+08:00 ] ERR: (ThinkException) 非法操作:logs
[ 2015-10-18T07:04:59+08:00 ] ERR: (ThinkException) 非法操作:log
[ 2015-10-18T07:05:01+08:00 ] 121.42.0.39 /dsapi/api.php/Index/index.action?redirect%3A%25%7Bnew+java.lang.String%28%27http%3A%2F%2Fxxxxxxxxxxxxx%27%29%7D
INFO: [ route_check ] --START--
INFO: Run CheckRoute Behavior [ RunTime:0.001022s ]
INFO: [ route_check ] --END-- [ RunTime:0.001431s ]
NOTIC: [8192] preg_replace(): The /e modifier is deprecated, use preg_replace_callback instead D:\wamp\www\dosochina.com\dsapi\ThinkPHP\Lib\Core\Dispatcher.class.php 第 120 行.
INFO: [ app_begin ] --START--
INFO: Run ReadHtmlCache Behavior [ RunTime:0.001022s ]
INFO: [ app_begin ] --END-- [ RunTime:0.001439s ]

[ 2015-10-18T07:05:04+08:00 ] ERR: (ThinkException) 非法操作:admin
[ 2015-10-18T07:05:05+08:00 ] ERR: (ThinkException) 非法操作:uploads
[ 2015-10-18T07:05:06+08:00 ] ERR: (ThinkException) 非法操作:backup
[ 2015-10-18T07:05:07+08:00 ] 121.42.0.39 /dsapi/api.php/Index//
INFO: [ route_check ] --START--
INFO: Run CheckRoute Behavior [ RunTime:0.001202s ]
INFO: [ route_check ] --END-- [ RunTime:0.001618s ]
NOTIC: [8192] preg_replace(): The /e modifier is deprecated, use preg_replace_callback instead D:\wamp\www\dosochina.com\dsapi\ThinkPHP\Lib\Core\Dispatcher.class.php 第 120 行.
INFO: [ app_begin ] --START--
INFO: Run ReadHtmlCache Behavior [ RunTime:0.001864s ]
INFO: [ app_begin ] --END-- [ RunTime:0.002606s ]

[ 2015-10-18T07:05:08+08:00 ] ERR: (ThinkException) 非法操作:htdocs
[ 2015-10-18T07:05:09+08:00 ] ERR: (ThinkException) 非法操作:upfile
[ 2015-10-18T07:05:10+08:00 ] ERR: (ThinkException) 非法操作:upfiles
[ 2015-10-18T07:05:11+08:00 ] ERR: (ThinkException) 非法操作:uploadfile
[ 2015-10-18T07:05:12+08:00 ] ERR: (ThinkException) 非法操作:uploadfiles
[ 2015-10-18T07:05:13+08:00 ] ERR: (ThinkException) 非法操作:web
[ 2015-10-18T07:05:14+08:00 ] ERR: (ThinkException) 非法操作:data
[ 2015-10-18T07:05:21+08:00 ] ERR: (ThinkException) 非法操作:phpinfo
[ 2015-10-18T07:05:22+08:00 ] ERR: (ThinkException) 非法操作:info
[ 2015-10-18T07:05:24+08:00 ] 121.42.0.39 /dsapi/api.php/Index/index.php
INFO: [ route_check ] --START--
INFO: Run CheckRoute Behavior [ RunTime:0.001237s ]
INFO: [ route_check ] --END-- [ RunTime:0.001670s ]
NOTIC: [8192] preg_replace(): The /e modifier is deprecated, use preg_replace_callback instead D:\wamp\www\dosochina.com\dsapi\ThinkPHP\Lib\Core\Dispatcher.class.php 第 120 行.
INFO: [ app_begin ] --START--
INFO: Run ReadHtmlCache Behavior [ RunTime:0.001817s ]
INFO: [ app_begin ] --END-- [ RunTime:0.002293s ]

[ 2015-10-18T07:05:27+08:00 ] ERR: (ThinkException) 非法操作:php
[ 2015-10-18T07:05:28+08:00 ] ERR: (ThinkException) 非法操作:test
[ 2015-10-18T07:05:29+08:00 ] ERR: (ThinkException) 非法操作:a
[ 2015-10-18T07:05:31+08:00 ] ERR: (ThinkException) 非法操作:1
[ 2015-10-18T07:05:33+08:00 ] ERR: (ThinkException) 非法操作:u
[ 2015-10-18T07:05:36+08:00 ] ERR: (ThinkException) 非法操作:l
[ 2015-10-18T07:05:37+08:00 ] ERR: (ThinkException) 非法操作:tz
[ 2015-10-18T07:05:38+08:00 ] ERR: (ThinkException) 非法操作:adminer
[ 2015-10-18T07:05:41+08:00 ] ERR: (ThinkException) 非法操作:bigdump
[ 2015-10-18T07:05:43+08:00 ] ERR: (ThinkException) 非法操作:${@print(md5(this_is_a_test_string))}
