[ 2015-11-19T23:24:14+08:00 ] ERR: (ThinkException) 无法加载模块:client
[ 2015-11-19T23:24:23+08:00 ] ERR: (ThinkException) 无法加载模块:Client
[ 2015-11-19T23:24:49+08:00 ] ERR: (ThinkException) 无法加载模块:client
[ 2015-11-19T23:24:55+08:00 ] 120.135.24.69 /api/api.php/Client
INFO: [ route_check ] --START--
INFO: Run CheckRoute Behavior [ RunTime:0.001132s ]
INFO: [ route_check ] --END-- [ RunTime:0.001441s ]
NOTIC: [8192] preg_replace(): The /e modifier is deprecated, use preg_replace_callback instead D:\wamp\www\tcbb88.com\api\ThinkPHP\Lib\Core\Dispatcher.class.php 第 120 行.
INFO: [ app_begin ] --START--
INFO: Run ReadHtmlCache Behavior [ RunTime:0.000996s ]
INFO: [ app_begin ] --END-- [ RunTime:0.001319s ]

[ 2015-11-19T23:26:08+08:00 ] 120.135.24.69 /api/api.php/client
INFO: [ route_check ] --START--
INFO: Run CheckRoute Behavior [ RunTime:0.001176s ]
INFO: [ route_check ] --END-- [ RunTime:0.001505s ]
NOTIC: [8192] preg_replace(): The /e modifier is deprecated, use preg_replace_callback instead D:\wamp\www\tcbb88.com\api\ThinkPHP\Lib\Core\Dispatcher.class.php 第 120 行.
NOTIC: [8192] preg_replace(): The /e modifier is deprecated, use preg_replace_callback instead D:\wamp\www\tcbb88.com\api\ThinkPHP\Common\common.php 第 92 行.
INFO: [ app_begin ] --START--
INFO: Run ReadHtmlCache Behavior [ RunTime:0.001052s ]
INFO: [ app_begin ] --END-- [ RunTime:0.001344s ]

[ 2015-11-19T23:36:26+08:00 ] ERR: (ThinkException) Access denied for user 'root'@'localhost' (using password: YES)
[ 2015-11-19T23:37:26+08:00 ] ERR: (ThinkException) Access denied for user 'root'@'localhost' (using password: YES)
[ 2015-11-19T23:37:40+08:00 ] ERR: (ThinkException) Access denied for user 'root'@'localhost' (using password: YES)
