[ 2015-10-11T01:12:45+08:00 ] ERR: (ThinkException) 非法操作:shopadmin
[ 2015-10-11T01:12:47+08:00 ] ERR: (ThinkException) 非法操作:feed-proxy
[ 2015-10-11T01:12:51+08:00 ] 121.42.0.31 /dsapi/api.php/Index/.DS_Store
INFO: [ route_check ] --START--
INFO: Run CheckRoute Behavior [ RunTime:0.001465s ]
INFO: [ route_check ] --END-- [ RunTime:0.001881s ]
NOTIC: [8192] preg_replace(): The /e modifier is deprecated, use preg_replace_callback instead D:\wamp\www\dosochina.com\dsapi\ThinkPHP\Lib\Core\Dispatcher.class.php 第 120 行.
INFO: [ app_begin ] --START--
INFO: Run ReadHtmlCache Behavior [ RunTime:0.002114s ]
INFO: [ app_begin ] --END-- [ RunTime:0.002526s ]

[ 2015-10-11T01:14:23+08:00 ] ERR: (ThinkException) 非法操作:bbx
[ 2015-10-11T01:14:24+08:00 ] ERR: (ThinkException) 非法操作:tools
[ 2015-10-11T01:14:27+08:00 ] ERR: (ThinkException) 非法操作:yanfang
[ 2015-10-11T01:14:28+08:00 ] ERR: (ThinkException) 非法操作:upload
[ 2015-10-11T01:14:29+08:00 ] ERR: (ThinkException) 非法操作:db
[ 2015-10-11T01:14:30+08:00 ] ERR: (ThinkException) 非法操作:config
[ 2015-10-11T01:14:31+08:00 ] ERR: (ThinkException) 非法操作:logs
[ 2015-10-11T01:14:32+08:00 ] ERR: (ThinkException) 非法操作:log
[ 2015-10-11T01:14:33+08:00 ] 121.42.0.31 /dsapi/api.php/Index/index.action?redirect%3A%25%7Bnew+java.lang.String%28%27http%3A%2F%2Fxxxxxxxxxxxxx%27%29%7D
INFO: [ route_check ] --START--
INFO: Run CheckRoute Behavior [ RunTime:0.001266s ]
INFO: [ route_check ] --END-- [ RunTime:0.001661s ]
NOTIC: [8192] preg_replace(): The /e modifier is deprecated, use preg_replace_callback instead D:\wamp\www\dosochina.com\dsapi\ThinkPHP\Lib\Core\Dispatcher.class.php 第 120 行.
INFO: [ app_begin ] --START--
INFO: Run ReadHtmlCache Behavior [ RunTime:0.001223s ]
INFO: [ app_begin ] --END-- [ RunTime:0.001629s ]

[ 2015-10-11T01:14:35+08:00 ] ERR: (ThinkException) 非法操作:admin
[ 2015-10-11T01:14:38+08:00 ] ERR: (ThinkException) 非法操作:uploads
[ 2015-10-11T01:14:39+08:00 ] ERR: (ThinkException) 非法操作:backup
[ 2015-10-11T01:14:40+08:00 ] 121.42.0.31 /dsapi/api.php/Index//
INFO: [ route_check ] --START--
INFO: Run CheckRoute Behavior [ RunTime:0.001362s ]
INFO: [ route_check ] --END-- [ RunTime:0.001776s ]
NOTIC: [8192] preg_replace(): The /e modifier is deprecated, use preg_replace_callback instead D:\wamp\www\dosochina.com\dsapi\ThinkPHP\Lib\Core\Dispatcher.class.php 第 120 行.
INFO: [ app_begin ] --START--
INFO: Run ReadHtmlCache Behavior [ RunTime:0.001256s ]
INFO: [ app_begin ] --END-- [ RunTime:0.001614s ]

[ 2015-10-11T01:14:41+08:00 ] ERR: (ThinkException) 非法操作:htdocs
[ 2015-10-11T01:14:42+08:00 ] ERR: (ThinkException) 非法操作:upfile
[ 2015-10-11T01:14:43+08:00 ] ERR: (ThinkException) 非法操作:upfiles
[ 2015-10-11T01:14:44+08:00 ] ERR: (ThinkException) 非法操作:uploadfile
[ 2015-10-11T01:14:45+08:00 ] ERR: (ThinkException) 非法操作:uploadfiles
[ 2015-10-11T01:14:46+08:00 ] ERR: (ThinkException) 非法操作:web
[ 2015-10-11T01:14:47+08:00 ] ERR: (ThinkException) 非法操作:data
[ 2015-10-11T01:14:52+08:00 ] ERR: (ThinkException) 非法操作:phpinfo
[ 2015-10-11T01:14:53+08:00 ] ERR: (ThinkException) 非法操作:info
[ 2015-10-11T01:14:55+08:00 ] 121.42.0.31 /dsapi/api.php/Index/index.php
INFO: [ route_check ] --START--
INFO: Run CheckRoute Behavior [ RunTime:0.001368s ]
INFO: [ route_check ] --END-- [ RunTime:0.001798s ]
NOTIC: [8192] preg_replace(): The /e modifier is deprecated, use preg_replace_callback instead D:\wamp\www\dosochina.com\dsapi\ThinkPHP\Lib\Core\Dispatcher.class.php 第 120 行.
INFO: [ app_begin ] --START--
INFO: Run ReadHtmlCache Behavior [ RunTime:0.001464s ]
INFO: [ app_begin ] --END-- [ RunTime:0.001913s ]

[ 2015-10-11T01:14:56+08:00 ] ERR: (ThinkException) 非法操作:php
[ 2015-10-11T01:14:57+08:00 ] ERR: (ThinkException) 非法操作:test
[ 2015-10-11T01:15:00+08:00 ] ERR: (ThinkException) 非法操作:a
[ 2015-10-11T01:15:01+08:00 ] ERR: (ThinkException) 非法操作:1
[ 2015-10-11T01:15:02+08:00 ] ERR: (ThinkException) 非法操作:u
[ 2015-10-11T01:15:03+08:00 ] ERR: (ThinkException) 非法操作:l
[ 2015-10-11T01:15:04+08:00 ] ERR: (ThinkException) 非法操作:tz
[ 2015-10-11T01:15:06+08:00 ] ERR: (ThinkException) 非法操作:adminer
[ 2015-10-11T01:15:09+08:00 ] ERR: (ThinkException) 非法操作:bigdump
[ 2015-10-11T01:15:21+08:00 ] ERR: (ThinkException) 非法操作:${@print(md5(this_is_a_test_string))}
[ 2015-10-11T02:50:50+08:00 ] ERR: (ThinkException) 非法操作:shopadmin
[ 2015-10-11T02:51:04+08:00 ] ERR: (ThinkException) 非法操作:feed-proxy
[ 2015-10-11T02:51:33+08:00 ] ERR: (ThinkException) 模板不存在[./App/Tpl/Wxhd/check1.html]
[ 2015-10-11T02:51:34+08:00 ] ERR: (ThinkException) 非法操作:bbx
[ 2015-10-11T02:51:35+08:00 ] ERR: (ThinkException) 非法操作:tools
[ 2015-10-11T02:51:36+08:00 ] ERR: (ThinkException) 非法操作:yanfang
[ 2015-10-11T02:51:36+08:00 ] ERR: (ThinkException) 非法操作:upload
[ 2015-10-11T02:51:38+08:00 ] ERR: (ThinkException) 非法操作:db
[ 2015-10-11T02:51:39+08:00 ] ERR: (ThinkException) 非法操作:config
[ 2015-10-11T02:51:40+08:00 ] ERR: (ThinkException) 非法操作:logs
[ 2015-10-11T02:51:40+08:00 ] ERR: (ThinkException) 非法操作:log
[ 2015-10-11T02:51:42+08:00 ] ERR: (ThinkException) 模板不存在[./App/Tpl/Wxhd/check1.html]
[ 2015-10-11T02:51:42+08:00 ] ERR: (ThinkException) 非法操作:login
[ 2015-10-11T02:51:44+08:00 ] ERR: (ThinkException) 非法操作:admin
[ 2015-10-11T02:51:45+08:00 ] ERR: (ThinkException) 非法操作:uploads
[ 2015-10-11T02:51:46+08:00 ] ERR: (ThinkException) 非法操作:backup
[ 2015-10-11T02:51:47+08:00 ] ERR: (ThinkException) 模板不存在[./App/Tpl/Wxhd/check1.html]
[ 2015-10-11T02:51:48+08:00 ] ERR: (ThinkException) 非法操作:htdocs
[ 2015-10-11T02:51:49+08:00 ] ERR: (ThinkException) 非法操作:upfile
[ 2015-10-11T02:51:50+08:00 ] ERR: (ThinkException) 非法操作:upfiles
[ 2015-10-11T02:51:50+08:00 ] ERR: (ThinkException) 非法操作:uploadfile
[ 2015-10-11T02:51:52+08:00 ] ERR: (ThinkException) 非法操作:uploadfiles
[ 2015-10-11T02:51:53+08:00 ] ERR: (ThinkException) 非法操作:web
[ 2015-10-11T02:51:54+08:00 ] ERR: (ThinkException) 非法操作:data
[ 2015-10-11T02:51:59+08:00 ] ERR: (ThinkException) 非法操作:phpinfo
[ 2015-10-11T02:52:00+08:00 ] ERR: (ThinkException) 非法操作:info
[ 2015-10-11T02:52:02+08:00 ] ERR: (ThinkException) 模板不存在[./App/Tpl/Wxhd/check1.html]
[ 2015-10-11T02:52:02+08:00 ] ERR: (ThinkException) 非法操作:php
[ 2015-10-11T02:52:04+08:00 ] ERR: (ThinkException) 非法操作:test
[ 2015-10-11T02:52:05+08:00 ] ERR: (ThinkException) 非法操作:a
[ 2015-10-11T02:52:06+08:00 ] ERR: (ThinkException) 非法操作:1
[ 2015-10-11T02:52:07+08:00 ] ERR: (ThinkException) 非法操作:u
[ 2015-10-11T02:52:08+08:00 ] ERR: (ThinkException) 非法操作:l
[ 2015-10-11T02:52:09+08:00 ] ERR: (ThinkException) 非法操作:tz
[ 2015-10-11T02:52:10+08:00 ] ERR: (ThinkException) 非法操作:adminer
[ 2015-10-11T02:52:10+08:00 ] ERR: (ThinkException) 非法操作:bigdump
[ 2015-10-11T02:52:12+08:00 ] ERR: (ThinkException) 非法操作:${@print(md5(this_is_a_test_string))}
[ 2015-10-11T03:30:06+08:00 ] ERR: (ThinkException) 非法操作:shopadmin
[ 2015-10-11T03:30:59+08:00 ] ERR: (ThinkException) 非法操作:feed-proxy
[ 2015-10-11T03:31:05+08:00 ] 121.42.0.31 /dsapi/api.php/Index/.DS_Store
INFO: [ route_check ] --START--
INFO: Run CheckRoute Behavior [ RunTime:0.001600s ]
INFO: [ route_check ] --END-- [ RunTime:0.002039s ]
NOTIC: [8192] preg_replace(): The /e modifier is deprecated, use preg_replace_callback instead D:\wamp\www\dosochina.com\dsapi\ThinkPHP\Lib\Core\Dispatcher.class.php 第 120 行.
INFO: [ app_begin ] --START--
INFO: Run ReadHtmlCache Behavior [ RunTime:0.001477s ]
INFO: [ app_begin ] --END-- [ RunTime:0.001837s ]

[ 2015-10-11T03:31:07+08:00 ] ERR: (ThinkException) 非法操作:bbx
[ 2015-10-11T03:31:08+08:00 ] ERR: (ThinkException) 非法操作:tools
[ 2015-10-11T03:31:09+08:00 ] ERR: (ThinkException) 非法操作:yanfang
[ 2015-10-11T03:31:11+08:00 ] ERR: (ThinkException) 非法操作:upload
[ 2015-10-11T03:31:12+08:00 ] ERR: (ThinkException) 非法操作:db
[ 2015-10-11T03:31:22+08:00 ] ERR: (ThinkException) 非法操作:config
[ 2015-10-11T03:31:27+08:00 ] ERR: (ThinkException) 非法操作:logs
[ 2015-10-11T03:31:28+08:00 ] ERR: (ThinkException) 非法操作:log
[ 2015-10-11T03:31:31+08:00 ] 121.42.0.31 /dsapi/api.php/Index/index.action?redirect%3A%25%7Bnew+java.lang.String%28%27http%3A%2F%2Fxxxxxxxxxxxxx%27%29%7D
INFO: [ route_check ] --START--
INFO: Run CheckRoute Behavior [ RunTime:0.001479s ]
INFO: [ route_check ] --END-- [ RunTime:0.001872s ]
NOTIC: [8192] preg_replace(): The /e modifier is deprecated, use preg_replace_callback instead D:\wamp\www\dosochina.com\dsapi\ThinkPHP\Lib\Core\Dispatcher.class.php 第 120 行.
INFO: [ app_begin ] --START--
INFO: Run ReadHtmlCache Behavior [ RunTime:0.001347s ]
INFO: [ app_begin ] --END-- [ RunTime:0.001719s ]

[ 2015-10-11T03:31:35+08:00 ] ERR: (ThinkException) 非法操作:admin
[ 2015-10-11T03:31:36+08:00 ] ERR: (ThinkException) 非法操作:uploads
[ 2015-10-11T03:31:37+08:00 ] ERR: (ThinkException) 非法操作:backup
[ 2015-10-11T03:31:39+08:00 ] 121.42.0.31 /dsapi/api.php/Index//
INFO: [ route_check ] --START--
INFO: Run CheckRoute Behavior [ RunTime:0.001487s ]
INFO: [ route_check ] --END-- [ RunTime:0.001879s ]
NOTIC: [8192] preg_replace(): The /e modifier is deprecated, use preg_replace_callback instead D:\wamp\www\dosochina.com\dsapi\ThinkPHP\Lib\Core\Dispatcher.class.php 第 120 行.
INFO: [ app_begin ] --START--
INFO: Run ReadHtmlCache Behavior [ RunTime:0.001336s ]
INFO: [ app_begin ] --END-- [ RunTime:0.001717s ]

[ 2015-10-11T03:31:40+08:00 ] ERR: (ThinkException) 非法操作:htdocs
[ 2015-10-11T03:31:42+08:00 ] ERR: (ThinkException) 非法操作:upfile
[ 2015-10-11T03:31:43+08:00 ] ERR: (ThinkException) 非法操作:upfiles
[ 2015-10-11T03:31:45+08:00 ] ERR: (ThinkException) 非法操作:uploadfile
[ 2015-10-11T03:31:48+08:00 ] ERR: (ThinkException) 非法操作:uploadfiles
[ 2015-10-11T03:31:50+08:00 ] ERR: (ThinkException) 非法操作:web
[ 2015-10-11T03:31:51+08:00 ] ERR: (ThinkException) 非法操作:data
[ 2015-10-11T03:32:01+08:00 ] ERR: (ThinkException) 非法操作:phpinfo
[ 2015-10-11T03:32:04+08:00 ] ERR: (ThinkException) 非法操作:info
[ 2015-10-11T03:32:08+08:00 ] 121.42.0.31 /dsapi/api.php/Index/index.php
INFO: [ route_check ] --START--
INFO: Run CheckRoute Behavior [ RunTime:0.001279s ]
INFO: [ route_check ] --END-- [ RunTime:0.001669s ]
NOTIC: [8192] preg_replace(): The /e modifier is deprecated, use preg_replace_callback instead D:\wamp\www\dosochina.com\dsapi\ThinkPHP\Lib\Core\Dispatcher.class.php 第 120 行.
INFO: [ app_begin ] --START--
INFO: Run ReadHtmlCache Behavior [ RunTime:0.001167s ]
INFO: [ app_begin ] --END-- [ RunTime:0.001580s ]

[ 2015-10-11T03:32:10+08:00 ] ERR: (ThinkException) 非法操作:php
[ 2015-10-11T03:32:12+08:00 ] ERR: (ThinkException) 非法操作:test
[ 2015-10-11T03:32:13+08:00 ] ERR: (ThinkException) 非法操作:a
[ 2015-10-11T03:32:16+08:00 ] ERR: (ThinkException) 非法操作:1
[ 2015-10-11T03:32:18+08:00 ] ERR: (ThinkException) 非法操作:u
[ 2015-10-11T03:32:20+08:00 ] ERR: (ThinkException) 非法操作:l
[ 2015-10-11T03:32:22+08:00 ] ERR: (ThinkException) 非法操作:tz
[ 2015-10-11T03:32:23+08:00 ] ERR: (ThinkException) 非法操作:adminer
[ 2015-10-11T03:32:26+08:00 ] ERR: (ThinkException) 非法操作:bigdump
[ 2015-10-11T03:32:28+08:00 ] ERR: (ThinkException) 非法操作:${@print(md5(this_is_a_test_string))}
[ 2015-10-11T03:48:33+08:00 ] ERR: (ThinkException) 非法操作:shopadmin
[ 2015-10-11T03:48:35+08:00 ] ERR: (ThinkException) 非法操作:feed-proxy
[ 2015-10-11T03:48:37+08:00 ] 121.42.0.31 /dsapi/api.php/Index/.DS_Store
INFO: [ route_check ] --START--
INFO: Run CheckRoute Behavior [ RunTime:0.001349s ]
INFO: [ route_check ] --END-- [ RunTime:0.001811s ]
NOTIC: [8192] preg_replace(): The /e modifier is deprecated, use preg_replace_callback instead D:\wamp\www\dosochina.com\dsapi\ThinkPHP\Lib\Core\Dispatcher.class.php 第 120 行.
INFO: [ app_begin ] --START--
INFO: Run ReadHtmlCache Behavior [ RunTime:0.001384s ]
INFO: [ app_begin ] --END-- [ RunTime:0.001836s ]

[ 2015-10-11T03:48:38+08:00 ] ERR: (ThinkException) 非法操作:bbx
[ 2015-10-11T03:48:39+08:00 ] ERR: (ThinkException) 非法操作:tools
[ 2015-10-11T03:48:40+08:00 ] ERR: (ThinkException) 非法操作:yanfang
[ 2015-10-11T03:48:41+08:00 ] ERR: (ThinkException) 非法操作:upload
[ 2015-10-11T03:48:42+08:00 ] ERR: (ThinkException) 非法操作:db
[ 2015-10-11T03:48:43+08:00 ] ERR: (ThinkException) 非法操作:config
[ 2015-10-11T03:48:44+08:00 ] ERR: (ThinkException) 非法操作:logs
[ 2015-10-11T03:48:45+08:00 ] ERR: (ThinkException) 非法操作:log
[ 2015-10-11T03:48:46+08:00 ] 121.42.0.31 /dsapi/api.php/Index/index.action?redirect%3A%25%7Bnew+java.lang.String%28%27http%3A%2F%2Fxxxxxxxxxxxxx%27%29%7D
INFO: [ route_check ] --START--
INFO: Run CheckRoute Behavior [ RunTime:0.001216s ]
INFO: [ route_check ] --END-- [ RunTime:0.001596s ]
NOTIC: [8192] preg_replace(): The /e modifier is deprecated, use preg_replace_callback instead D:\wamp\www\dosochina.com\dsapi\ThinkPHP\Lib\Core\Dispatcher.class.php 第 120 行.
INFO: [ app_begin ] --START--
INFO: Run ReadHtmlCache Behavior [ RunTime:0.001136s ]
INFO: [ app_begin ] --END-- [ RunTime:0.001492s ]

[ 2015-10-11T03:48:48+08:00 ] ERR: (ThinkException) 非法操作:admin
[ 2015-10-11T03:48:49+08:00 ] ERR: (ThinkException) 非法操作:uploads
[ 2015-10-11T03:48:50+08:00 ] ERR: (ThinkException) 非法操作:backup
[ 2015-10-11T03:48:51+08:00 ] 121.42.0.31 /dsapi/api.php/Index//
INFO: [ route_check ] --START--
INFO: Run CheckRoute Behavior [ RunTime:0.001493s ]
INFO: [ route_check ] --END-- [ RunTime:0.001922s ]
NOTIC: [8192] preg_replace(): The /e modifier is deprecated, use preg_replace_callback instead D:\wamp\www\dosochina.com\dsapi\ThinkPHP\Lib\Core\Dispatcher.class.php 第 120 行.
INFO: [ app_begin ] --START--
INFO: Run ReadHtmlCache Behavior [ RunTime:0.001336s ]
INFO: [ app_begin ] --END-- [ RunTime:0.001788s ]

[ 2015-10-11T03:48:52+08:00 ] ERR: (ThinkException) 非法操作:htdocs
[ 2015-10-11T03:48:53+08:00 ] ERR: (ThinkException) 非法操作:upfile
[ 2015-10-11T03:48:54+08:00 ] ERR: (ThinkException) 非法操作:upfiles
[ 2015-10-11T03:49:16+08:00 ] ERR: (ThinkException) 非法操作:uploadfile
[ 2015-10-11T03:49:26+08:00 ] ERR: (ThinkException) 非法操作:uploadfiles
[ 2015-10-11T03:49:27+08:00 ] ERR: (ThinkException) 非法操作:web
[ 2015-10-11T03:49:29+08:00 ] ERR: (ThinkException) 非法操作:data
[ 2015-10-11T03:49:34+08:00 ] ERR: (ThinkException) 非法操作:phpinfo
[ 2015-10-11T03:49:35+08:00 ] ERR: (ThinkException) 非法操作:info
[ 2015-10-11T03:49:37+08:00 ] 121.42.0.31 /dsapi/api.php/Index/index.php
INFO: [ route_check ] --START--
INFO: Run CheckRoute Behavior [ RunTime:0.001076s ]
INFO: [ route_check ] --END-- [ RunTime:0.001459s ]
NOTIC: [8192] preg_replace(): The /e modifier is deprecated, use preg_replace_callback instead D:\wamp\www\dosochina.com\dsapi\ThinkPHP\Lib\Core\Dispatcher.class.php 第 120 行.
INFO: [ app_begin ] --START--
INFO: Run ReadHtmlCache Behavior [ RunTime:0.000999s ]
INFO: [ app_begin ] --END-- [ RunTime:0.001412s ]

[ 2015-10-11T03:49:38+08:00 ] ERR: (ThinkException) 非法操作:php
[ 2015-10-11T03:49:54+08:00 ] ERR: (ThinkException) 非法操作:test
[ 2015-10-11T03:49:55+08:00 ] ERR: (ThinkException) 非法操作:a
[ 2015-10-11T03:49:56+08:00 ] ERR: (ThinkException) 非法操作:1
[ 2015-10-11T03:49:57+08:00 ] ERR: (ThinkException) 非法操作:u
[ 2015-10-11T03:49:58+08:00 ] ERR: (ThinkException) 非法操作:l
[ 2015-10-11T03:50:00+08:00 ] ERR: (ThinkException) 非法操作:tz
[ 2015-10-11T03:50:03+08:00 ] ERR: (ThinkException) 非法操作:adminer
[ 2015-10-11T03:50:04+08:00 ] ERR: (ThinkException) 非法操作:bigdump
[ 2015-10-11T03:50:05+08:00 ] ERR: (ThinkException) 非法操作:${@print(md5(this_is_a_test_string))}
