[ 2015-11-30T20:44:17+08:00 ] 120.135.24.84 /api/api.php/client/getUserInfo/userid/4
INFO: [ route_check ] --START--
INFO: Run CheckRoute Behavior [ RunTime:0.001140s ]
INFO: [ route_check ] --END-- [ RunTime:0.001449s ]
NOTIC: [8192] preg_replace(): The /e modifier is deprecated, use preg_replace_callback instead D:\wamp\www\tcbb88.com\api\ThinkPHP\Lib\Core\Dispatcher.class.php 第 120 行.
NOTIC: [8192] preg_replace(): The /e modifier is deprecated, use preg_replace_callback instead D:\wamp\www\tcbb88.com\api\ThinkPHP\Common\common.php 第 92 行.
INFO: [ app_begin ] --START--
INFO: Run ReadHtmlCache Behavior [ RunTime:0.000974s ]
INFO: [ app_begin ] --END-- [ RunTime:0.001215s ]
NOTIC: [8192] mysql_connect(): The mysql extension is deprecated and will be removed in the future: use mysqli or PDO instead D:\wamp\www\tcbb88.com\api\ThinkPHP\Lib\Driver\Db\DbMysql.class.php 第 55 行.
SQL: SHOW COLUMNS FROM `pa_user` [ RunTime:0.001810s ]
SQL: SHOW COLUMNS FROM `pa_shipaddr` [ RunTime:0.001752s ]
NOTIC: [8192] preg_replace(): The /e modifier is deprecated, use preg_replace_callback instead D:\wamp\www\tcbb88.com\api\ThinkPHP\Lib\Core\Db.class.php 第 568 行.
SQL: SELECT * FROM `pa_shipaddr` WHERE ( `userid` = 4 ) LIMIT 1   [ RunTime:0.000418s ]
NOTIC: [8192] preg_replace(): The /e modifier is deprecated, use preg_replace_callback instead D:\wamp\www\tcbb88.com\api\ThinkPHP\Lib\Core\Db.class.php 第 568 行.
SQL: SELECT `telephone` FROM `pa_user` WHERE ( `id` = 4 ) LIMIT 1   [ RunTime:0.000281s ]

[ 2015-11-30T20:44:22+08:00 ] 120.135.24.84 /api/api.php/client/getUserInfo/userid/4
INFO: [ route_check ] --START--
INFO: Run CheckRoute Behavior [ RunTime:0.000988s ]
INFO: [ route_check ] --END-- [ RunTime:0.001331s ]
NOTIC: [8192] preg_replace(): The /e modifier is deprecated, use preg_replace_callback instead D:\wamp\www\tcbb88.com\api\ThinkPHP\Lib\Core\Dispatcher.class.php 第 120 行.
NOTIC: [8192] preg_replace(): The /e modifier is deprecated, use preg_replace_callback instead D:\wamp\www\tcbb88.com\api\ThinkPHP\Common\common.php 第 92 行.
INFO: [ app_begin ] --START--
INFO: Run ReadHtmlCache Behavior [ RunTime:0.001067s ]
INFO: [ app_begin ] --END-- [ RunTime:0.001381s ]
NOTIC: [8192] mysql_connect(): The mysql extension is deprecated and will be removed in the future: use mysqli or PDO instead D:\wamp\www\tcbb88.com\api\ThinkPHP\Lib\Driver\Db\DbMysql.class.php 第 55 行.
SQL: SHOW COLUMNS FROM `pa_user` [ RunTime:0.001513s ]
SQL: SHOW COLUMNS FROM `pa_shipaddr` [ RunTime:0.001350s ]
NOTIC: [8192] preg_replace(): The /e modifier is deprecated, use preg_replace_callback instead D:\wamp\www\tcbb88.com\api\ThinkPHP\Lib\Core\Db.class.php 第 568 行.
SQL: SELECT * FROM `pa_shipaddr` WHERE ( `userid` = 4 ) LIMIT 1   [ RunTime:0.000409s ]
NOTIC: [8192] preg_replace(): The /e modifier is deprecated, use preg_replace_callback instead D:\wamp\www\tcbb88.com\api\ThinkPHP\Lib\Core\Db.class.php 第 568 行.
SQL: SELECT `telephone` FROM `pa_user` WHERE ( `id` = 4 ) LIMIT 1   [ RunTime:0.000306s ]

[ 2015-11-30T20:44:24+08:00 ] 120.135.24.84 /api/api.php/client/getOrderlist/userid/4
INFO: [ route_check ] --START--
INFO: Run CheckRoute Behavior [ RunTime:0.000997s ]
INFO: [ route_check ] --END-- [ RunTime:0.001304s ]
NOTIC: [8192] preg_replace(): The /e modifier is deprecated, use preg_replace_callback instead D:\wamp\www\tcbb88.com\api\ThinkPHP\Lib\Core\Dispatcher.class.php 第 120 行.
NOTIC: [8192] preg_replace(): The /e modifier is deprecated, use preg_replace_callback instead D:\wamp\www\tcbb88.com\api\ThinkPHP\Common\common.php 第 92 行.
INFO: [ app_begin ] --START--
INFO: Run ReadHtmlCache Behavior [ RunTime:0.000945s ]
INFO: [ app_begin ] --END-- [ RunTime:0.001175s ]
NOTIC: [8192] mysql_connect(): The mysql extension is deprecated and will be removed in the future: use mysqli or PDO instead D:\wamp\www\tcbb88.com\api\ThinkPHP\Lib\Driver\Db\DbMysql.class.php 第 55 行.
SQL: SHOW COLUMNS FROM `pa_order` [ RunTime:0.001863s ]
NOTIC: [8192] preg_replace(): The /e modifier is deprecated, use preg_replace_callback instead D:\wamp\www\tcbb88.com\api\ThinkPHP\Lib\Core\Db.class.php 第 568 行.
SQL: SELECT * FROM `pa_order` WHERE ( `userid` = 4 ) ORDER BY orderdate desc  [ RunTime:0.000518s ]

[ 2015-11-30T20:44:49+08:00 ] 120.135.24.84 /api/api.php/client/getOrderlist/userid/4
INFO: [ route_check ] --START--
INFO: Run CheckRoute Behavior [ RunTime:0.000986s ]
INFO: [ route_check ] --END-- [ RunTime:0.001308s ]
NOTIC: [8192] preg_replace(): The /e modifier is deprecated, use preg_replace_callback instead D:\wamp\www\tcbb88.com\api\ThinkPHP\Lib\Core\Dispatcher.class.php 第 120 行.
NOTIC: [8192] preg_replace(): The /e modifier is deprecated, use preg_replace_callback instead D:\wamp\www\tcbb88.com\api\ThinkPHP\Common\common.php 第 92 行.
INFO: [ app_begin ] --START--
INFO: Run ReadHtmlCache Behavior [ RunTime:0.000937s ]
INFO: [ app_begin ] --END-- [ RunTime:0.001213s ]
NOTIC: [8192] mysql_connect(): The mysql extension is deprecated and will be removed in the future: use mysqli or PDO instead D:\wamp\www\tcbb88.com\api\ThinkPHP\Lib\Driver\Db\DbMysql.class.php 第 55 行.
SQL: SHOW COLUMNS FROM `pa_order` [ RunTime:0.001921s ]
NOTIC: [8192] preg_replace(): The /e modifier is deprecated, use preg_replace_callback instead D:\wamp\www\tcbb88.com\api\ThinkPHP\Lib\Core\Db.class.php 第 568 行.
SQL: SELECT * FROM `pa_order` WHERE ( `userid` = 4 ) ORDER BY orderdate desc  [ RunTime:0.000556s ]

[ 2015-11-30T20:45:55+08:00 ] 120.135.24.84 /api/api.php/client/getOrderlist/userid/4
INFO: [ route_check ] --START--
INFO: Run CheckRoute Behavior [ RunTime:0.001164s ]
INFO: [ route_check ] --END-- [ RunTime:0.001475s ]
NOTIC: [8192] preg_replace(): The /e modifier is deprecated, use preg_replace_callback instead D:\wamp\www\tcbb88.com\api\ThinkPHP\Lib\Core\Dispatcher.class.php 第 120 行.
NOTIC: [8192] preg_replace(): The /e modifier is deprecated, use preg_replace_callback instead D:\wamp\www\tcbb88.com\api\ThinkPHP\Common\common.php 第 92 行.
INFO: [ app_begin ] --START--
INFO: Run ReadHtmlCache Behavior [ RunTime:0.000913s ]
INFO: [ app_begin ] --END-- [ RunTime:0.001155s ]
NOTIC: [8192] mysql_connect(): The mysql extension is deprecated and will be removed in the future: use mysqli or PDO instead D:\wamp\www\tcbb88.com\api\ThinkPHP\Lib\Driver\Db\DbMysql.class.php 第 55 行.
SQL: SHOW COLUMNS FROM `pa_order` [ RunTime:0.001883s ]
NOTIC: [8192] preg_replace(): The /e modifier is deprecated, use preg_replace_callback instead D:\wamp\www\tcbb88.com\api\ThinkPHP\Lib\Core\Db.class.php 第 568 行.
SQL: SELECT * FROM `pa_order` WHERE ( `userid` = 4 ) ORDER BY orderdate desc  [ RunTime:0.000515s ]

[ 2015-11-30T22:04:38+08:00 ] 120.135.24.84 /api/api.php/client/getUserInfo/userid/4
INFO: [ route_check ] --START--
INFO: Run CheckRoute Behavior [ RunTime:0.001001s ]
INFO: [ route_check ] --END-- [ RunTime:0.001736s ]
NOTIC: [8192] preg_replace(): The /e modifier is deprecated, use preg_replace_callback instead D:\wamp\www\tcbb88.com\api\ThinkPHP\Lib\Core\Dispatcher.class.php 第 120 行.
NOTIC: [8192] preg_replace(): The /e modifier is deprecated, use preg_replace_callback instead D:\wamp\www\tcbb88.com\api\ThinkPHP\Common\common.php 第 92 行.
INFO: [ app_begin ] --START--
INFO: Run ReadHtmlCache Behavior [ RunTime:0.000965s ]
INFO: [ app_begin ] --END-- [ RunTime:0.001238s ]
NOTIC: [8192] mysql_connect(): The mysql extension is deprecated and will be removed in the future: use mysqli or PDO instead D:\wamp\www\tcbb88.com\api\ThinkPHP\Lib\Driver\Db\DbMysql.class.php 第 55 行.
SQL: SHOW COLUMNS FROM `pa_user` [ RunTime:0.001629s ]
SQL: SHOW COLUMNS FROM `pa_shipaddr` [ RunTime:0.001387s ]
NOTIC: [8192] preg_replace(): The /e modifier is deprecated, use preg_replace_callback instead D:\wamp\www\tcbb88.com\api\ThinkPHP\Lib\Core\Db.class.php 第 568 行.
SQL: SELECT * FROM `pa_shipaddr` WHERE ( `userid` = 4 ) LIMIT 1   [ RunTime:0.000357s ]
NOTIC: [8192] preg_replace(): The /e modifier is deprecated, use preg_replace_callback instead D:\wamp\www\tcbb88.com\api\ThinkPHP\Lib\Core\Db.class.php 第 568 行.
SQL: SELECT `telephone` FROM `pa_user` WHERE ( `id` = 4 ) LIMIT 1   [ RunTime:0.000268s ]

[ 2015-11-30T22:04:40+08:00 ] 120.135.24.84 /api/api.php/client/getOrderlist/userid/4
INFO: [ route_check ] --START--
INFO: Run CheckRoute Behavior [ RunTime:0.000948s ]
INFO: [ route_check ] --END-- [ RunTime:0.001255s ]
NOTIC: [8192] preg_replace(): The /e modifier is deprecated, use preg_replace_callback instead D:\wamp\www\tcbb88.com\api\ThinkPHP\Lib\Core\Dispatcher.class.php 第 120 行.
NOTIC: [8192] preg_replace(): The /e modifier is deprecated, use preg_replace_callback instead D:\wamp\www\tcbb88.com\api\ThinkPHP\Common\common.php 第 92 行.
INFO: [ app_begin ] --START--
INFO: Run ReadHtmlCache Behavior [ RunTime:0.000995s ]
INFO: [ app_begin ] --END-- [ RunTime:0.001270s ]
NOTIC: [8192] mysql_connect(): The mysql extension is deprecated and will be removed in the future: use mysqli or PDO instead D:\wamp\www\tcbb88.com\api\ThinkPHP\Lib\Driver\Db\DbMysql.class.php 第 55 行.
SQL: SHOW COLUMNS FROM `pa_order` [ RunTime:0.001994s ]
NOTIC: [8192] preg_replace(): The /e modifier is deprecated, use preg_replace_callback instead D:\wamp\www\tcbb88.com\api\ThinkPHP\Lib\Core\Db.class.php 第 568 行.
SQL: SELECT * FROM `pa_order` WHERE ( `userid` = 4 ) ORDER BY orderdate desc  [ RunTime:0.000479s ]

[ 2015-11-30T22:07:58+08:00 ] 120.135.24.84 /api/api.php/client/getOrderlist/userid/4
INFO: [ route_check ] --START--
INFO: Run CheckRoute Behavior [ RunTime:0.001157s ]
INFO: [ route_check ] --END-- [ RunTime:0.001482s ]
NOTIC: [8192] preg_replace(): The /e modifier is deprecated, use preg_replace_callback instead D:\wamp\www\tcbb88.com\api\ThinkPHP\Lib\Core\Dispatcher.class.php 第 120 行.
NOTIC: [8192] preg_replace(): The /e modifier is deprecated, use preg_replace_callback instead D:\wamp\www\tcbb88.com\api\ThinkPHP\Common\common.php 第 92 行.
INFO: [ app_begin ] --START--
INFO: Run ReadHtmlCache Behavior [ RunTime:0.000896s ]
INFO: [ app_begin ] --END-- [ RunTime:0.001129s ]
NOTIC: [8192] mysql_connect(): The mysql extension is deprecated and will be removed in the future: use mysqli or PDO instead D:\wamp\www\tcbb88.com\api\ThinkPHP\Lib\Driver\Db\DbMysql.class.php 第 55 行.
SQL: SHOW COLUMNS FROM `pa_order` [ RunTime:0.001904s ]
NOTIC: [8192] preg_replace(): The /e modifier is deprecated, use preg_replace_callback instead D:\wamp\www\tcbb88.com\api\ThinkPHP\Lib\Core\Db.class.php 第 568 行.
SQL: SELECT * FROM `pa_order` WHERE ( `userid` = 4 ) ORDER BY orderdate desc  [ RunTime:0.000546s ]

