[ 2015-10-03T17:14:14+08:00 ] ERR: (ThinkException) 非法操作:shopadmin
[ 2015-10-03T17:15:29+08:00 ] ERR: (ThinkException) 非法操作:feed-proxy
[ 2015-10-03T17:15:32+08:00 ] 121.42.0.16 /dsapi/api.php/Index/.DS_Store
INFO: [ route_check ] --START--
INFO: Run CheckRoute Behavior [ RunTime:0.001568s ]
INFO: [ route_check ] --END-- [ RunTime:0.001955s ]
NOTIC: [8192] preg_replace(): The /e modifier is deprecated, use preg_replace_callback instead D:\wamp\www\dosochina.com\dsapi\ThinkPHP\Lib\Core\Dispatcher.class.php 第 120 行.
INFO: [ app_begin ] --START--
INFO: Run ReadHtmlCache Behavior [ RunTime:0.001463s ]
INFO: [ app_begin ] --END-- [ RunTime:0.001939s ]

[ 2015-10-03T17:15:33+08:00 ] ERR: (ThinkException) 非法操作:bbx
[ 2015-10-03T17:15:35+08:00 ] ERR: (ThinkException) 非法操作:tools
[ 2015-10-03T17:15:38+08:00 ] ERR: (ThinkException) 非法操作:yanfang
[ 2015-10-03T17:15:39+08:00 ] ERR: (ThinkException) 非法操作:upload
[ 2015-10-03T17:15:40+08:00 ] ERR: (ThinkException) 非法操作:db
[ 2015-10-03T17:15:41+08:00 ] ERR: (ThinkException) 非法操作:config
[ 2015-10-03T17:15:44+08:00 ] ERR: (ThinkException) 非法操作:logs
[ 2015-10-03T17:15:45+08:00 ] ERR: (ThinkException) 非法操作:log
[ 2015-10-03T17:15:46+08:00 ] 121.42.0.16 /dsapi/api.php/Index/index.action?redirect%3A%25%7Bnew+java.lang.String%28%27http%3A%2F%2Fxxxxxxxxxxxxx%27%29%7D
INFO: [ route_check ] --START--
INFO: Run CheckRoute Behavior [ RunTime:0.001433s ]
INFO: [ route_check ] --END-- [ RunTime:0.001843s ]
NOTIC: [8192] preg_replace(): The /e modifier is deprecated, use preg_replace_callback instead D:\wamp\www\dosochina.com\dsapi\ThinkPHP\Lib\Core\Dispatcher.class.php 第 120 行.
INFO: [ app_begin ] --START--
INFO: Run ReadHtmlCache Behavior [ RunTime:0.001371s ]
INFO: [ app_begin ] --END-- [ RunTime:0.001773s ]

[ 2015-10-03T17:15:48+08:00 ] ERR: (ThinkException) 非法操作:admin
[ 2015-10-03T17:15:49+08:00 ] ERR: (ThinkException) 非法操作:uploads
[ 2015-10-03T17:15:50+08:00 ] ERR: (ThinkException) 非法操作:backup
[ 2015-10-03T17:15:52+08:00 ] 121.42.0.16 /dsapi/api.php/Index//
INFO: [ route_check ] --START--
INFO: Run CheckRoute Behavior [ RunTime:0.001443s ]
INFO: [ route_check ] --END-- [ RunTime:0.001856s ]
NOTIC: [8192] preg_replace(): The /e modifier is deprecated, use preg_replace_callback instead D:\wamp\www\dosochina.com\dsapi\ThinkPHP\Lib\Core\Dispatcher.class.php 第 120 行.
INFO: [ app_begin ] --START--
INFO: Run ReadHtmlCache Behavior [ RunTime:0.001317s ]
INFO: [ app_begin ] --END-- [ RunTime:0.001678s ]

[ 2015-10-03T17:15:55+08:00 ] ERR: (ThinkException) 非法操作:htdocs
[ 2015-10-03T17:15:57+08:00 ] ERR: (ThinkException) 非法操作:upfile
[ 2015-10-03T17:16:00+08:00 ] ERR: (ThinkException) 非法操作:upfiles
[ 2015-10-03T17:16:01+08:00 ] ERR: (ThinkException) 非法操作:uploadfile
[ 2015-10-03T17:16:03+08:00 ] ERR: (ThinkException) 非法操作:uploadfiles
[ 2015-10-03T17:16:04+08:00 ] ERR: (ThinkException) 非法操作:web
[ 2015-10-03T17:16:05+08:00 ] ERR: (ThinkException) 非法操作:data
[ 2015-10-03T17:16:15+08:00 ] ERR: (ThinkException) 非法操作:phpinfo
[ 2015-10-03T17:16:16+08:00 ] ERR: (ThinkException) 非法操作:info
[ 2015-10-03T17:16:19+08:00 ] 121.42.0.16 /dsapi/api.php/Index/index.php
INFO: [ route_check ] --START--
INFO: Run CheckRoute Behavior [ RunTime:0.001398s ]
INFO: [ route_check ] --END-- [ RunTime:0.001793s ]
NOTIC: [8192] preg_replace(): The /e modifier is deprecated, use preg_replace_callback instead D:\wamp\www\dosochina.com\dsapi\ThinkPHP\Lib\Core\Dispatcher.class.php 第 120 行.
INFO: [ app_begin ] --START--
INFO: Run ReadHtmlCache Behavior [ RunTime:0.001290s ]
INFO: [ app_begin ] --END-- [ RunTime:0.001648s ]

[ 2015-10-03T17:16:20+08:00 ] ERR: (ThinkException) 非法操作:php
[ 2015-10-03T17:16:21+08:00 ] ERR: (ThinkException) 非法操作:test
[ 2015-10-03T17:16:22+08:00 ] ERR: (ThinkException) 非法操作:a
[ 2015-10-03T17:16:23+08:00 ] ERR: (ThinkException) 非法操作:1
[ 2015-10-03T17:16:26+08:00 ] ERR: (ThinkException) 非法操作:u
[ 2015-10-03T17:16:27+08:00 ] ERR: (ThinkException) 非法操作:l
[ 2015-10-03T17:16:29+08:00 ] ERR: (ThinkException) 非法操作:tz
[ 2015-10-03T17:16:30+08:00 ] ERR: (ThinkException) 非法操作:adminer
[ 2015-10-03T17:16:31+08:00 ] ERR: (ThinkException) 非法操作:bigdump
[ 2015-10-03T17:16:34+08:00 ] ERR: (ThinkException) 非法操作:${@print(md5(this_is_a_test_string))}
[ 2015-10-03T18:38:42+08:00 ] ERR: (ThinkException) 非法操作:shopadmin
[ 2015-10-03T18:38:44+08:00 ] ERR: (ThinkException) 非法操作:feed-proxy
[ 2015-10-03T18:39:42+08:00 ] 121.42.0.16 /dsapi/api.php/Index/.DS_Store
INFO: [ route_check ] --START--
INFO: Run CheckRoute Behavior [ RunTime:0.001418s ]
INFO: [ route_check ] --END-- [ RunTime:0.001860s ]
NOTIC: [8192] preg_replace(): The /e modifier is deprecated, use preg_replace_callback instead D:\wamp\www\dosochina.com\dsapi\ThinkPHP\Lib\Core\Dispatcher.class.php 第 120 行.
INFO: [ app_begin ] --START--
INFO: Run ReadHtmlCache Behavior [ RunTime:0.001376s ]
INFO: [ app_begin ] --END-- [ RunTime:0.001780s ]

[ 2015-10-03T18:39:44+08:00 ] ERR: (ThinkException) 非法操作:bbx
[ 2015-10-03T18:40:45+08:00 ] ERR: (ThinkException) 非法操作:tools
[ 2015-10-03T18:40:55+08:00 ] ERR: (ThinkException) 非法操作:yanfang
[ 2015-10-03T18:41:02+08:00 ] ERR: (ThinkException) 非法操作:shopadmin
[ 2015-10-03T18:41:03+08:00 ] ERR: (ThinkException) 非法操作:upload
[ 2015-10-03T18:41:21+08:00 ] ERR: (ThinkException) 非法操作:db
[ 2015-10-03T18:41:22+08:00 ] ERR: (ThinkException) 非法操作:config
[ 2015-10-03T18:41:23+08:00 ] ERR: (ThinkException) 非法操作:logs
[ 2015-10-03T18:41:24+08:00 ] ERR: (ThinkException) 非法操作:log
[ 2015-10-03T18:41:26+08:00 ] 121.42.0.16 /dsapi/api.php/Index/index.action?redirect%3A%25%7Bnew+java.lang.String%28%27http%3A%2F%2Fxxxxxxxxxxxxx%27%29%7D
INFO: [ route_check ] --START--
INFO: Run CheckRoute Behavior [ RunTime:0.001240s ]
INFO: [ route_check ] --END-- [ RunTime:0.001624s ]
NOTIC: [8192] preg_replace(): The /e modifier is deprecated, use preg_replace_callback instead D:\wamp\www\dosochina.com\dsapi\ThinkPHP\Lib\Core\Dispatcher.class.php 第 120 行.
INFO: [ app_begin ] --START--
INFO: Run ReadHtmlCache Behavior [ RunTime:0.001195s ]
INFO: [ app_begin ] --END-- [ RunTime:0.001589s ]

[ 2015-10-03T18:41:28+08:00 ] ERR: (ThinkException) 非法操作:admin
[ 2015-10-03T18:41:31+08:00 ] ERR: (ThinkException) 非法操作:uploads
[ 2015-10-03T18:41:34+08:00 ] ERR: (ThinkException) 非法操作:backup
[ 2015-10-03T18:41:35+08:00 ] 121.42.0.16 /dsapi/api.php/Index//
INFO: [ route_check ] --START--
INFO: Run CheckRoute Behavior [ RunTime:0.001300s ]
INFO: [ route_check ] --END-- [ RunTime:0.001701s ]
NOTIC: [8192] preg_replace(): The /e modifier is deprecated, use preg_replace_callback instead D:\wamp\www\dosochina.com\dsapi\ThinkPHP\Lib\Core\Dispatcher.class.php 第 120 行.
INFO: [ app_begin ] --START--
INFO: Run ReadHtmlCache Behavior [ RunTime:0.001214s ]
INFO: [ app_begin ] --END-- [ RunTime:0.001598s ]

[ 2015-10-03T18:41:36+08:00 ] ERR: (ThinkException) 非法操作:htdocs
[ 2015-10-03T18:41:37+08:00 ] ERR: (ThinkException) 非法操作:upfile
[ 2015-10-03T18:41:38+08:00 ] ERR: (ThinkException) 非法操作:upfiles
[ 2015-10-03T18:41:41+08:00 ] ERR: (ThinkException) 非法操作:uploadfile
[ 2015-10-03T18:41:42+08:00 ] ERR: (ThinkException) 非法操作:uploadfiles
[ 2015-10-03T18:41:44+08:00 ] ERR: (ThinkException) 非法操作:web
[ 2015-10-03T18:41:45+08:00 ] ERR: (ThinkException) 非法操作:data
[ 2015-10-03T18:41:50+08:00 ] ERR: (ThinkException) 非法操作:phpinfo
[ 2015-10-03T18:41:51+08:00 ] ERR: (ThinkException) 非法操作:info
[ 2015-10-03T18:41:53+08:00 ] 121.42.0.16 /dsapi/api.php/Index/index.php
INFO: [ route_check ] --START--
INFO: Run CheckRoute Behavior [ RunTime:0.001592s ]
INFO: [ route_check ] --END-- [ RunTime:0.002037s ]
NOTIC: [8192] preg_replace(): The /e modifier is deprecated, use preg_replace_callback instead D:\wamp\www\dosochina.com\dsapi\ThinkPHP\Lib\Core\Dispatcher.class.php 第 120 行.
INFO: [ app_begin ] --START--
INFO: Run ReadHtmlCache Behavior [ RunTime:0.001395s ]
INFO: [ app_begin ] --END-- [ RunTime:0.001794s ]

[ 2015-10-03T18:41:54+08:00 ] ERR: (ThinkException) 非法操作:php
[ 2015-10-03T18:41:55+08:00 ] ERR: (ThinkException) 非法操作:test
[ 2015-10-03T18:41:57+08:00 ] ERR: (ThinkException) 非法操作:a
[ 2015-10-03T18:41:59+08:00 ] ERR: (ThinkException) 非法操作:1
[ 2015-10-03T18:42:00+08:00 ] ERR: (ThinkException) 非法操作:u
[ 2015-10-03T18:42:01+08:00 ] ERR: (ThinkException) 非法操作:l
[ 2015-10-03T18:42:02+08:00 ] ERR: (ThinkException) 非法操作:tz
[ 2015-10-03T18:42:05+08:00 ] ERR: (ThinkException) 非法操作:adminer
[ 2015-10-03T18:42:06+08:00 ] ERR: (ThinkException) 非法操作:bigdump
[ 2015-10-03T18:42:08+08:00 ] ERR: (ThinkException) 非法操作:${@print(md5(this_is_a_test_string))}
[ 2015-10-03T18:42:10+08:00 ] ERR: (ThinkException) 非法操作:feed-proxy
[ 2015-10-03T18:42:12+08:00 ] ERR: (ThinkException) 模板不存在[./App/Tpl/Wxhd/check1.html]
[ 2015-10-03T18:42:13+08:00 ] ERR: (ThinkException) 非法操作:bbx
[ 2015-10-03T18:42:15+08:00 ] ERR: (ThinkException) 非法操作:tools
[ 2015-10-03T18:42:16+08:00 ] ERR: (ThinkException) 非法操作:yanfang
[ 2015-10-03T18:42:17+08:00 ] ERR: (ThinkException) 非法操作:upload
[ 2015-10-03T18:42:20+08:00 ] ERR: (ThinkException) 非法操作:db
[ 2015-10-03T18:42:23+08:00 ] ERR: (ThinkException) 非法操作:config
[ 2015-10-03T18:42:24+08:00 ] ERR: (ThinkException) 非法操作:logs
[ 2015-10-03T18:42:27+08:00 ] ERR: (ThinkException) 非法操作:log
[ 2015-10-03T18:42:28+08:00 ] ERR: (ThinkException) 模板不存在[./App/Tpl/Wxhd/check1.html]
[ 2015-10-03T18:42:29+08:00 ] ERR: (ThinkException) 非法操作:login
[ 2015-10-03T18:42:31+08:00 ] ERR: (ThinkException) 非法操作:admin
[ 2015-10-03T18:42:32+08:00 ] ERR: (ThinkException) 非法操作:uploads
[ 2015-10-03T18:42:35+08:00 ] ERR: (ThinkException) 非法操作:backup
[ 2015-10-03T18:42:36+08:00 ] ERR: (ThinkException) 模板不存在[./App/Tpl/Wxhd/check1.html]
[ 2015-10-03T18:42:37+08:00 ] ERR: (ThinkException) 非法操作:htdocs
[ 2015-10-03T18:42:40+08:00 ] ERR: (ThinkException) 非法操作:upfile
[ 2015-10-03T18:42:41+08:00 ] ERR: (ThinkException) 非法操作:upfiles
[ 2015-10-03T18:42:42+08:00 ] ERR: (ThinkException) 非法操作:uploadfile
[ 2015-10-03T18:42:43+08:00 ] ERR: (ThinkException) 非法操作:uploadfiles
[ 2015-10-03T18:42:44+08:00 ] ERR: (ThinkException) 非法操作:web
[ 2015-10-03T18:42:47+08:00 ] ERR: (ThinkException) 非法操作:data
[ 2015-10-03T18:42:54+08:00 ] ERR: (ThinkException) 非法操作:phpinfo
[ 2015-10-03T18:42:55+08:00 ] ERR: (ThinkException) 非法操作:info
[ 2015-10-03T18:42:57+08:00 ] ERR: (ThinkException) 模板不存在[./App/Tpl/Wxhd/check1.html]
[ 2015-10-03T18:42:58+08:00 ] ERR: (ThinkException) 非法操作:php
[ 2015-10-03T18:42:59+08:00 ] ERR: (ThinkException) 非法操作:test
[ 2015-10-03T18:43:00+08:00 ] ERR: (ThinkException) 非法操作:a
[ 2015-10-03T18:43:01+08:00 ] ERR: (ThinkException) 非法操作:1
[ 2015-10-03T18:43:02+08:00 ] ERR: (ThinkException) 非法操作:u
[ 2015-10-03T18:43:03+08:00 ] ERR: (ThinkException) 非法操作:l
[ 2015-10-03T18:43:04+08:00 ] ERR: (ThinkException) 非法操作:tz
[ 2015-10-03T18:43:05+08:00 ] ERR: (ThinkException) 非法操作:adminer
[ 2015-10-03T18:43:06+08:00 ] ERR: (ThinkException) 非法操作:bigdump
[ 2015-10-03T18:43:07+08:00 ] ERR: (ThinkException) 非法操作:${@print(md5(this_is_a_test_string))}
[ 2015-10-03T18:43:10+08:00 ] ERR: (ThinkException) 非法操作:shopadmin
[ 2015-10-03T18:44:16+08:00 ] ERR: (ThinkException) 非法操作:feed-proxy
[ 2015-10-03T18:44:58+08:00 ] ERR: (ThinkException) 模板不存在[./App/Tpl/Wxhd/check1.html]
[ 2015-10-03T18:44:59+08:00 ] ERR: (ThinkException) 非法操作:bbx
[ 2015-10-03T18:45:00+08:00 ] ERR: (ThinkException) 非法操作:tools
[ 2015-10-03T18:45:01+08:00 ] ERR: (ThinkException) 非法操作:yanfang
[ 2015-10-03T18:45:02+08:00 ] ERR: (ThinkException) 非法操作:upload
[ 2015-10-03T18:45:03+08:00 ] ERR: (ThinkException) 非法操作:db
[ 2015-10-03T18:45:04+08:00 ] ERR: (ThinkException) 非法操作:config
[ 2015-10-03T18:45:05+08:00 ] ERR: (ThinkException) 非法操作:logs
[ 2015-10-03T18:45:06+08:00 ] ERR: (ThinkException) 非法操作:log
[ 2015-10-03T18:45:09+08:00 ] ERR: (ThinkException) 模板不存在[./App/Tpl/Wxhd/check1.html]
[ 2015-10-03T18:45:12+08:00 ] ERR: (ThinkException) 非法操作:login
[ 2015-10-03T18:45:13+08:00 ] ERR: (ThinkException) 非法操作:admin
[ 2015-10-03T18:45:14+08:00 ] ERR: (ThinkException) 非法操作:uploads
[ 2015-10-03T18:45:15+08:00 ] ERR: (ThinkException) 非法操作:backup
[ 2015-10-03T18:45:17+08:00 ] ERR: (ThinkException) 模板不存在[./App/Tpl/Wxhd/check1.html]
[ 2015-10-03T18:45:19+08:00 ] ERR: (ThinkException) 非法操作:htdocs
[ 2015-10-03T18:45:22+08:00 ] ERR: (ThinkException) 非法操作:upfile
[ 2015-10-03T18:45:25+08:00 ] ERR: (ThinkException) 非法操作:upfiles
[ 2015-10-03T18:45:27+08:00 ] ERR: (ThinkException) 非法操作:uploadfile
[ 2015-10-03T18:45:28+08:00 ] ERR: (ThinkException) 非法操作:uploadfiles
[ 2015-10-03T18:45:29+08:00 ] ERR: (ThinkException) 非法操作:web
[ 2015-10-03T18:45:30+08:00 ] ERR: (ThinkException) 非法操作:data
[ 2015-10-03T18:45:35+08:00 ] ERR: (ThinkException) 非法操作:phpinfo
[ 2015-10-03T18:45:36+08:00 ] ERR: (ThinkException) 非法操作:info
[ 2015-10-03T18:45:38+08:00 ] ERR: (ThinkException) 模板不存在[./App/Tpl/Wxhd/check1.html]
[ 2015-10-03T18:45:39+08:00 ] ERR: (ThinkException) 非法操作:php
[ 2015-10-03T18:45:42+08:00 ] ERR: (ThinkException) 非法操作:test
[ 2015-10-03T18:45:44+08:00 ] ERR: (ThinkException) 非法操作:a
[ 2015-10-03T18:45:47+08:00 ] ERR: (ThinkException) 非法操作:1
[ 2015-10-03T18:45:50+08:00 ] ERR: (ThinkException) 非法操作:u
[ 2015-10-03T18:45:51+08:00 ] ERR: (ThinkException) 非法操作:l
[ 2015-10-03T18:45:52+08:00 ] ERR: (ThinkException) 非法操作:tz
[ 2015-10-03T18:45:53+08:00 ] ERR: (ThinkException) 非法操作:adminer
[ 2015-10-03T18:45:56+08:00 ] ERR: (ThinkException) 非法操作:bigdump
[ 2015-10-03T18:45:58+08:00 ] ERR: (ThinkException) 非法操作:${@print(md5(this_is_a_test_string))}
[ 2015-10-03T19:18:34+08:00 ] ERR: (ThinkException) 非法操作:shopadmin
[ 2015-10-03T19:18:36+08:00 ] ERR: (ThinkException) 非法操作:feed-proxy
[ 2015-10-03T19:18:38+08:00 ] 121.42.0.16 /dsapi/api.php/Index/.DS_Store
INFO: [ route_check ] --START--
INFO: Run CheckRoute Behavior [ RunTime:0.001326s ]
INFO: [ route_check ] --END-- [ RunTime:0.001746s ]
NOTIC: [8192] preg_replace(): The /e modifier is deprecated, use preg_replace_callback instead D:\wamp\www\dosochina.com\dsapi\ThinkPHP\Lib\Core\Dispatcher.class.php 第 120 行.
INFO: [ app_begin ] --START--
INFO: Run ReadHtmlCache Behavior [ RunTime:0.001214s ]
INFO: [ app_begin ] --END-- [ RunTime:0.001604s ]

[ 2015-10-03T19:18:39+08:00 ] ERR: (ThinkException) 非法操作:bbx
[ 2015-10-03T19:18:40+08:00 ] ERR: (ThinkException) 非法操作:tools
[ 2015-10-03T19:18:41+08:00 ] ERR: (ThinkException) 非法操作:yanfang
[ 2015-10-03T19:18:42+08:00 ] ERR: (ThinkException) 非法操作:upload
[ 2015-10-03T19:18:43+08:00 ] ERR: (ThinkException) 非法操作:db
[ 2015-10-03T19:18:44+08:00 ] ERR: (ThinkException) 非法操作:config
[ 2015-10-03T19:18:45+08:00 ] ERR: (ThinkException) 非法操作:logs
[ 2015-10-03T19:18:46+08:00 ] ERR: (ThinkException) 非法操作:log
[ 2015-10-03T19:18:47+08:00 ] 121.42.0.16 /dsapi/api.php/Index/index.action?redirect%3A%25%7Bnew+java.lang.String%28%27http%3A%2F%2Fxxxxxxxxxxxxx%27%29%7D
INFO: [ route_check ] --START--
INFO: Run CheckRoute Behavior [ RunTime:0.001346s ]
INFO: [ route_check ] --END-- [ RunTime:0.001726s ]
NOTIC: [8192] preg_replace(): The /e modifier is deprecated, use preg_replace_callback instead D:\wamp\www\dosochina.com\dsapi\ThinkPHP\Lib\Core\Dispatcher.class.php 第 120 行.
INFO: [ app_begin ] --START--
INFO: Run ReadHtmlCache Behavior [ RunTime:0.001216s ]
INFO: [ app_begin ] --END-- [ RunTime:0.001590s ]

[ 2015-10-03T19:18:49+08:00 ] ERR: (ThinkException) 非法操作:admin
[ 2015-10-03T19:18:50+08:00 ] ERR: (ThinkException) 非法操作:uploads
[ 2015-10-03T19:18:51+08:00 ] ERR: (ThinkException) 非法操作:backup
[ 2015-10-03T19:18:52+08:00 ] 121.42.0.16 /dsapi/api.php/Index//
INFO: [ route_check ] --START--
INFO: Run CheckRoute Behavior [ RunTime:0.001327s ]
INFO: [ route_check ] --END-- [ RunTime:0.001746s ]
NOTIC: [8192] preg_replace(): The /e modifier is deprecated, use preg_replace_callback instead D:\wamp\www\dosochina.com\dsapi\ThinkPHP\Lib\Core\Dispatcher.class.php 第 120 行.
INFO: [ app_begin ] --START--
INFO: Run ReadHtmlCache Behavior [ RunTime:0.001241s ]
INFO: [ app_begin ] --END-- [ RunTime:0.001602s ]

[ 2015-10-03T19:18:53+08:00 ] ERR: (ThinkException) 非法操作:htdocs
[ 2015-10-03T19:18:54+08:00 ] ERR: (ThinkException) 非法操作:upfile
[ 2015-10-03T19:18:55+08:00 ] ERR: (ThinkException) 非法操作:upfiles
[ 2015-10-03T19:18:56+08:00 ] ERR: (ThinkException) 非法操作:uploadfile
[ 2015-10-03T19:18:57+08:00 ] ERR: (ThinkException) 非法操作:uploadfiles
[ 2015-10-03T19:18:58+08:00 ] ERR: (ThinkException) 非法操作:web
[ 2015-10-03T19:18:59+08:00 ] ERR: (ThinkException) 非法操作:data
[ 2015-10-03T19:19:04+08:00 ] ERR: (ThinkException) 非法操作:phpinfo
[ 2015-10-03T19:19:05+08:00 ] ERR: (ThinkException) 非法操作:info
[ 2015-10-03T19:19:07+08:00 ] 121.42.0.16 /dsapi/api.php/Index/index.php
INFO: [ route_check ] --START--
INFO: Run CheckRoute Behavior [ RunTime:0.001378s ]
INFO: [ route_check ] --END-- [ RunTime:0.001804s ]
NOTIC: [8192] preg_replace(): The /e modifier is deprecated, use preg_replace_callback instead D:\wamp\www\dosochina.com\dsapi\ThinkPHP\Lib\Core\Dispatcher.class.php 第 120 行.
INFO: [ app_begin ] --START--
INFO: Run ReadHtmlCache Behavior [ RunTime:0.001274s ]
INFO: [ app_begin ] --END-- [ RunTime:0.001656s ]

[ 2015-10-03T19:19:08+08:00 ] ERR: (ThinkException) 非法操作:php
[ 2015-10-03T19:19:09+08:00 ] ERR: (ThinkException) 非法操作:test
[ 2015-10-03T19:19:10+08:00 ] ERR: (ThinkException) 非法操作:a
[ 2015-10-03T19:19:11+08:00 ] ERR: (ThinkException) 非法操作:1
[ 2015-10-03T19:19:12+08:00 ] ERR: (ThinkException) 非法操作:u
[ 2015-10-03T19:19:13+08:00 ] ERR: (ThinkException) 非法操作:l
[ 2015-10-03T19:19:14+08:00 ] ERR: (ThinkException) 非法操作:tz
[ 2015-10-03T19:19:15+08:00 ] ERR: (ThinkException) 非法操作:adminer
[ 2015-10-03T19:19:16+08:00 ] ERR: (ThinkException) 非法操作:bigdump
[ 2015-10-03T19:19:17+08:00 ] ERR: (ThinkException) 非法操作:${@print(md5(this_is_a_test_string))}
[ 2015-10-03T19:40:29+08:00 ] ERR: (ThinkException) 非法操作:shopadmin
[ 2015-10-03T19:40:38+08:00 ] ERR: (ThinkException) 非法操作:feed-proxy
[ 2015-10-03T19:40:42+08:00 ] 121.42.0.16 /dsapi/api.php/Index/.DS_Store
INFO: [ route_check ] --START--
INFO: Run CheckRoute Behavior [ RunTime:0.001408s ]
INFO: [ route_check ] --END-- [ RunTime:0.001819s ]
NOTIC: [8192] preg_replace(): The /e modifier is deprecated, use preg_replace_callback instead D:\wamp\www\dosochina.com\dsapi\ThinkPHP\Lib\Core\Dispatcher.class.php 第 120 行.
INFO: [ app_begin ] --START--
INFO: Run ReadHtmlCache Behavior [ RunTime:0.001015s ]
INFO: [ app_begin ] --END-- [ RunTime:0.001383s ]

[ 2015-10-03T19:40:43+08:00 ] ERR: (ThinkException) 非法操作:bbx
[ 2015-10-03T19:40:44+08:00 ] ERR: (ThinkException) 非法操作:tools
[ 2015-10-03T19:40:45+08:00 ] ERR: (ThinkException) 非法操作:yanfang
[ 2015-10-03T19:40:46+08:00 ] ERR: (ThinkException) 非法操作:upload
[ 2015-10-03T19:40:47+08:00 ] ERR: (ThinkException) 非法操作:db
[ 2015-10-03T19:40:48+08:00 ] ERR: (ThinkException) 非法操作:config
[ 2015-10-03T19:40:49+08:00 ] ERR: (ThinkException) 非法操作:logs
[ 2015-10-03T19:40:50+08:00 ] ERR: (ThinkException) 非法操作:log
[ 2015-10-03T19:40:58+08:00 ] 121.42.0.16 /dsapi/api.php/Index/index.action?redirect%3A%25%7Bnew+java.lang.String%28%27http%3A%2F%2Fxxxxxxxxxxxxx%27%29%7D
INFO: [ route_check ] --START--
INFO: Run CheckRoute Behavior [ RunTime:0.001197s ]
INFO: [ route_check ] --END-- [ RunTime:0.001581s ]
NOTIC: [8192] preg_replace(): The /e modifier is deprecated, use preg_replace_callback instead D:\wamp\www\dosochina.com\dsapi\ThinkPHP\Lib\Core\Dispatcher.class.php 第 120 行.
INFO: [ app_begin ] --START--
INFO: Run ReadHtmlCache Behavior [ RunTime:0.000986s ]
INFO: [ app_begin ] --END-- [ RunTime:0.001339s ]

[ 2015-10-03T19:41:06+08:00 ] ERR: (ThinkException) 非法操作:admin
[ 2015-10-03T19:41:07+08:00 ] ERR: (ThinkException) 非法操作:uploads
[ 2015-10-03T19:41:08+08:00 ] ERR: (ThinkException) 非法操作:backup
[ 2015-10-03T19:41:09+08:00 ] 121.42.0.16 /dsapi/api.php/Index//
INFO: [ route_check ] --START--
INFO: Run CheckRoute Behavior [ RunTime:0.001208s ]
INFO: [ route_check ] --END-- [ RunTime:0.001594s ]
NOTIC: [8192] preg_replace(): The /e modifier is deprecated, use preg_replace_callback instead D:\wamp\www\dosochina.com\dsapi\ThinkPHP\Lib\Core\Dispatcher.class.php 第 120 行.
INFO: [ app_begin ] --START--
INFO: Run ReadHtmlCache Behavior [ RunTime:0.000984s ]
INFO: [ app_begin ] --END-- [ RunTime:0.001337s ]

[ 2015-10-03T19:41:10+08:00 ] ERR: (ThinkException) 非法操作:htdocs
[ 2015-10-03T19:41:11+08:00 ] ERR: (ThinkException) 非法操作:upfile
[ 2015-10-03T19:41:12+08:00 ] ERR: (ThinkException) 非法操作:upfiles
[ 2015-10-03T19:41:15+08:00 ] ERR: (ThinkException) 非法操作:uploadfile
[ 2015-10-03T19:41:16+08:00 ] ERR: (ThinkException) 非法操作:uploadfiles
[ 2015-10-03T19:41:17+08:00 ] ERR: (ThinkException) 非法操作:web
[ 2015-10-03T19:41:19+08:00 ] ERR: (ThinkException) 非法操作:data
[ 2015-10-03T19:41:27+08:00 ] ERR: (ThinkException) 非法操作:phpinfo
[ 2015-10-03T19:41:27+08:00 ] ERR: (ThinkException) 非法操作:info
[ 2015-10-03T19:41:29+08:00 ] 121.42.0.16 /dsapi/api.php/Index/index.php
INFO: [ route_check ] --START--
INFO: Run CheckRoute Behavior [ RunTime:0.001159s ]
INFO: [ route_check ] --END-- [ RunTime:0.001545s ]
NOTIC: [8192] preg_replace(): The /e modifier is deprecated, use preg_replace_callback instead D:\wamp\www\dosochina.com\dsapi\ThinkPHP\Lib\Core\Dispatcher.class.php 第 120 行.
INFO: [ app_begin ] --START--
INFO: Run ReadHtmlCache Behavior [ RunTime:0.001043s ]
INFO: [ app_begin ] --END-- [ RunTime:0.001456s ]

[ 2015-10-03T19:41:30+08:00 ] ERR: (ThinkException) 非法操作:php
[ 2015-10-03T19:41:32+08:00 ] ERR: (ThinkException) 非法操作:test
[ 2015-10-03T19:41:34+08:00 ] ERR: (ThinkException) 非法操作:a
[ 2015-10-03T19:41:37+08:00 ] ERR: (ThinkException) 非法操作:1
[ 2015-10-03T19:41:40+08:00 ] ERR: (ThinkException) 非法操作:u
[ 2015-10-03T19:41:41+08:00 ] ERR: (ThinkException) 非法操作:l
[ 2015-10-03T19:41:44+08:00 ] ERR: (ThinkException) 非法操作:tz
[ 2015-10-03T19:41:47+08:00 ] ERR: (ThinkException) 非法操作:adminer
[ 2015-10-03T19:41:48+08:00 ] ERR: (ThinkException) 非法操作:bigdump
[ 2015-10-03T19:41:49+08:00 ] ERR: (ThinkException) 非法操作:${@print(md5(this_is_a_test_string))}
