[ 2016-01-04T14:25:11+08:00 ] 117.174.26.92 /api/api.php/client/getOrderlist/userid/4
INFO: [ route_check ] --START--
INFO: Run CheckRoute Behavior [ RunTime:0.001102s ]
INFO: [ route_check ] --END-- [ RunTime:0.001434s ]
NOTIC: [8192] preg_replace(): The /e modifier is deprecated, use preg_replace_callback instead D:\wamp\www\tcbb88.com\api\ThinkPHP\Lib\Core\Dispatcher.class.php 第 120 行.
NOTIC: [8192] preg_replace(): The /e modifier is deprecated, use preg_replace_callback instead D:\wamp\www\tcbb88.com\api\ThinkPHP\Common\common.php 第 92 行.
INFO: [ app_begin ] --START--
INFO: Run ReadHtmlCache Behavior [ RunTime:0.001208s ]
INFO: [ app_begin ] --END-- [ RunTime:0.001502s ]
NOTIC: [8192] mysql_connect(): The mysql extension is deprecated and will be removed in the future: use mysqli or PDO instead D:\wamp\www\tcbb88.com\api\ThinkPHP\Lib\Driver\Db\DbMysql.class.php 第 55 行.
SQL: SHOW COLUMNS FROM `pa_order` [ RunTime:0.002210s ]
NOTIC: [8192] preg_replace(): The /e modifier is deprecated, use preg_replace_callback instead D:\wamp\www\tcbb88.com\api\ThinkPHP\Lib\Core\Db.class.php 第 568 行.
SQL: SELECT * FROM `pa_order` WHERE ( `userid` = 4 ) ORDER BY orderdate desc  [ RunTime:0.000611s ]

[ 2016-01-04T14:25:11+08:00 ] 117.174.26.92 /api/api.php/client/getUserInfo/userid/4
INFO: [ route_check ] --START--
INFO: Run CheckRoute Behavior [ RunTime:0.001226s ]
INFO: [ route_check ] --END-- [ RunTime:0.001621s ]
NOTIC: [8192] preg_replace(): The /e modifier is deprecated, use preg_replace_callback instead D:\wamp\www\tcbb88.com\api\ThinkPHP\Lib\Core\Dispatcher.class.php 第 120 行.
NOTIC: [8192] preg_replace(): The /e modifier is deprecated, use preg_replace_callback instead D:\wamp\www\tcbb88.com\api\ThinkPHP\Common\common.php 第 92 行.
INFO: [ app_begin ] --START--
INFO: Run ReadHtmlCache Behavior [ RunTime:0.001251s ]
INFO: [ app_begin ] --END-- [ RunTime:0.001575s ]
NOTIC: [8192] mysql_connect(): The mysql extension is deprecated and will be removed in the future: use mysqli or PDO instead D:\wamp\www\tcbb88.com\api\ThinkPHP\Lib\Driver\Db\DbMysql.class.php 第 55 行.
SQL: SHOW COLUMNS FROM `pa_user` [ RunTime:0.001594s ]
SQL: SHOW COLUMNS FROM `pa_shipaddr` [ RunTime:0.001411s ]
NOTIC: [8192] preg_replace(): The /e modifier is deprecated, use preg_replace_callback instead D:\wamp\www\tcbb88.com\api\ThinkPHP\Lib\Core\Db.class.php 第 568 行.
SQL: SELECT * FROM `pa_shipaddr` WHERE ( `userid` = 4 ) LIMIT 1   [ RunTime:0.000344s ]
NOTIC: [8192] preg_replace(): The /e modifier is deprecated, use preg_replace_callback instead D:\wamp\www\tcbb88.com\api\ThinkPHP\Lib\Core\Db.class.php 第 568 行.
SQL: SELECT `telephone` FROM `pa_user` WHERE ( `id` = 4 ) LIMIT 1   [ RunTime:0.000270s ]

[ 2016-01-04T14:29:56+08:00 ] 117.174.26.92 /api/api.php/client/getOrderlist/userid/4
INFO: [ route_check ] --START--
INFO: Run CheckRoute Behavior [ RunTime:0.001551s ]
INFO: [ route_check ] --END-- [ RunTime:0.001959s ]
NOTIC: [8192] preg_replace(): The /e modifier is deprecated, use preg_replace_callback instead D:\wamp\www\tcbb88.com\api\ThinkPHP\Lib\Core\Dispatcher.class.php 第 120 行.
NOTIC: [8192] preg_replace(): The /e modifier is deprecated, use preg_replace_callback instead D:\wamp\www\tcbb88.com\api\ThinkPHP\Common\common.php 第 92 行.
INFO: [ app_begin ] --START--
INFO: Run ReadHtmlCache Behavior [ RunTime:0.001198s ]
INFO: [ app_begin ] --END-- [ RunTime:0.001498s ]
NOTIC: [8192] mysql_connect(): The mysql extension is deprecated and will be removed in the future: use mysqli or PDO instead D:\wamp\www\tcbb88.com\api\ThinkPHP\Lib\Driver\Db\DbMysql.class.php 第 55 行.
SQL: SHOW COLUMNS FROM `pa_order` [ RunTime:0.002098s ]
NOTIC: [8192] preg_replace(): The /e modifier is deprecated, use preg_replace_callback instead D:\wamp\www\tcbb88.com\api\ThinkPHP\Lib\Core\Db.class.php 第 568 行.
SQL: SELECT * FROM `pa_order` WHERE ( `userid` = 4 ) ORDER BY orderdate desc  [ RunTime:0.000714s ]

[ 2016-01-04T14:29:56+08:00 ] 117.174.26.92 /api/api.php/client/getUserInfo/userid/4
INFO: [ route_check ] --START--
INFO: Run CheckRoute Behavior [ RunTime:0.001233s ]
INFO: [ route_check ] --END-- [ RunTime:0.001570s ]
NOTIC: [8192] preg_replace(): The /e modifier is deprecated, use preg_replace_callback instead D:\wamp\www\tcbb88.com\api\ThinkPHP\Lib\Core\Dispatcher.class.php 第 120 行.
NOTIC: [8192] preg_replace(): The /e modifier is deprecated, use preg_replace_callback instead D:\wamp\www\tcbb88.com\api\ThinkPHP\Common\common.php 第 92 行.
INFO: [ app_begin ] --START--
INFO: Run ReadHtmlCache Behavior [ RunTime:0.001267s ]
INFO: [ app_begin ] --END-- [ RunTime:0.001563s ]
NOTIC: [8192] mysql_connect(): The mysql extension is deprecated and will be removed in the future: use mysqli or PDO instead D:\wamp\www\tcbb88.com\api\ThinkPHP\Lib\Driver\Db\DbMysql.class.php 第 55 行.
SQL: SHOW COLUMNS FROM `pa_user` [ RunTime:0.001573s ]
SQL: SHOW COLUMNS FROM `pa_shipaddr` [ RunTime:0.001496s ]
NOTIC: [8192] preg_replace(): The /e modifier is deprecated, use preg_replace_callback instead D:\wamp\www\tcbb88.com\api\ThinkPHP\Lib\Core\Db.class.php 第 568 行.
SQL: SELECT * FROM `pa_shipaddr` WHERE ( `userid` = 4 ) LIMIT 1   [ RunTime:0.000481s ]
NOTIC: [8192] preg_replace(): The /e modifier is deprecated, use preg_replace_callback instead D:\wamp\www\tcbb88.com\api\ThinkPHP\Lib\Core\Db.class.php 第 568 行.
SQL: SELECT `telephone` FROM `pa_user` WHERE ( `id` = 4 ) LIMIT 1   [ RunTime:0.000266s ]

[ 2016-01-04T16:21:50+08:00 ] 117.174.26.92 /api/api.php/client/getOrderlist/userid/4
INFO: [ route_check ] --START--
INFO: Run CheckRoute Behavior [ RunTime:0.001117s ]
INFO: [ route_check ] --END-- [ RunTime:0.001446s ]
NOTIC: [8192] preg_replace(): The /e modifier is deprecated, use preg_replace_callback instead D:\wamp\www\tcbb88.com\api\ThinkPHP\Lib\Core\Dispatcher.class.php 第 120 行.
NOTIC: [8192] preg_replace(): The /e modifier is deprecated, use preg_replace_callback instead D:\wamp\www\tcbb88.com\api\ThinkPHP\Common\common.php 第 92 行.
INFO: [ app_begin ] --START--
INFO: Run ReadHtmlCache Behavior [ RunTime:0.001054s ]
INFO: [ app_begin ] --END-- [ RunTime:0.001371s ]
NOTIC: [8192] mysql_connect(): The mysql extension is deprecated and will be removed in the future: use mysqli or PDO instead D:\wamp\www\tcbb88.com\api\ThinkPHP\Lib\Driver\Db\DbMysql.class.php 第 55 行.
SQL: SHOW COLUMNS FROM `pa_order` [ RunTime:0.001969s ]
NOTIC: [8192] preg_replace(): The /e modifier is deprecated, use preg_replace_callback instead D:\wamp\www\tcbb88.com\api\ThinkPHP\Lib\Core\Db.class.php 第 568 行.
SQL: SELECT * FROM `pa_order` WHERE ( `userid` = 4 ) ORDER BY orderdate desc  [ RunTime:0.000846s ]

[ 2016-01-04T16:21:51+08:00 ] 117.174.26.92 /api/api.php/client/getUserInfo/userid/4
INFO: [ route_check ] --START--
INFO: Run CheckRoute Behavior [ RunTime:0.001113s ]
INFO: [ route_check ] --END-- [ RunTime:0.001442s ]
NOTIC: [8192] preg_replace(): The /e modifier is deprecated, use preg_replace_callback instead D:\wamp\www\tcbb88.com\api\ThinkPHP\Lib\Core\Dispatcher.class.php 第 120 行.
NOTIC: [8192] preg_replace(): The /e modifier is deprecated, use preg_replace_callback instead D:\wamp\www\tcbb88.com\api\ThinkPHP\Common\common.php 第 92 行.
INFO: [ app_begin ] --START--
INFO: Run ReadHtmlCache Behavior [ RunTime:0.001147s ]
INFO: [ app_begin ] --END-- [ RunTime:0.001553s ]
NOTIC: [8192] mysql_connect(): The mysql extension is deprecated and will be removed in the future: use mysqli or PDO instead D:\wamp\www\tcbb88.com\api\ThinkPHP\Lib\Driver\Db\DbMysql.class.php 第 55 行.
SQL: SHOW COLUMNS FROM `pa_user` [ RunTime:0.001833s ]
SQL: SHOW COLUMNS FROM `pa_shipaddr` [ RunTime:0.001749s ]
NOTIC: [8192] preg_replace(): The /e modifier is deprecated, use preg_replace_callback instead D:\wamp\www\tcbb88.com\api\ThinkPHP\Lib\Core\Db.class.php 第 568 行.
SQL: SELECT * FROM `pa_shipaddr` WHERE ( `userid` = 4 ) LIMIT 1   [ RunTime:0.000402s ]
NOTIC: [8192] preg_replace(): The /e modifier is deprecated, use preg_replace_callback instead D:\wamp\www\tcbb88.com\api\ThinkPHP\Lib\Core\Db.class.php 第 568 行.
SQL: SELECT `telephone` FROM `pa_user` WHERE ( `id` = 4 ) LIMIT 1   [ RunTime:0.000293s ]

