[ 2016-02-01T23:18:45+08:00 ] 218.108.135.114 /api/api.php/client/tcbb_register
INFO: [ route_check ] --START--
INFO: Run CheckRoute Behavior [ RunTime:0.001573s ]
INFO: [ route_check ] --END-- [ RunTime:0.002323s ]
NOTIC: [8192] preg_replace(): The /e modifier is deprecated, use preg_replace_callback instead C:\wamp\www\chinahzm.cn\api\ThinkPHP\Lib\Core\Dispatcher.class.php 第 120 行.
NOTIC: [8192] preg_replace(): The /e modifier is deprecated, use preg_replace_callback instead C:\wamp\www\chinahzm.cn\api\ThinkPHP\Common\common.php 第 92 行.
INFO: [ app_begin ] --START--
INFO: Run ReadHtmlCache Behavior [ RunTime:0.001542s ]
INFO: [ app_begin ] --END-- [ RunTime:0.001838s ]
NOTIC: [8192] mysql_connect(): The mysql extension is deprecated and will be removed in the future: use mysqli or PDO instead C:\wamp\www\chinahzm.cn\api\ThinkPHP\Lib\Driver\Db\DbMysql.class.php 第 55 行.
SQL: SHOW COLUMNS FROM `pa_user` [ RunTime:0.001920s ]
NOTIC: [8192] preg_replace(): The /e modifier is deprecated, use preg_replace_callback instead C:\wamp\www\chinahzm.cn\api\ThinkPHP\Lib\Core\Db.class.php 第 568 行.
SQL: SELECT * FROM `pa_user` WHERE ( `telephone` = '13777374660' ) LIMIT 1   [ RunTime:0.000936s ]
SQL: INSERT INTO `pa_user` (`telephone`,`password`,`createtime`,`ip`,`logintime`) VALUES ('13777374660','052546','2016-02-01 23:18:44','218.108.135.114','2016-02-01 23:18:44') [ RunTime:0.073370s ]

[ 2016-02-01T23:18:46+08:00 ] 218.108.135.114 /api/api.php/client/getOrderlist/userid/7
INFO: [ route_check ] --START--
INFO: Run CheckRoute Behavior [ RunTime:0.001520s ]
INFO: [ route_check ] --END-- [ RunTime:0.001898s ]
NOTIC: [8192] preg_replace(): The /e modifier is deprecated, use preg_replace_callback instead C:\wamp\www\chinahzm.cn\api\ThinkPHP\Lib\Core\Dispatcher.class.php 第 120 行.
NOTIC: [8192] preg_replace(): The /e modifier is deprecated, use preg_replace_callback instead C:\wamp\www\chinahzm.cn\api\ThinkPHP\Common\common.php 第 92 行.
INFO: [ app_begin ] --START--
INFO: Run ReadHtmlCache Behavior [ RunTime:0.001715s ]
INFO: [ app_begin ] --END-- [ RunTime:0.002203s ]
NOTIC: [8192] mysql_connect(): The mysql extension is deprecated and will be removed in the future: use mysqli or PDO instead C:\wamp\www\chinahzm.cn\api\ThinkPHP\Lib\Driver\Db\DbMysql.class.php 第 55 行.
SQL: SHOW COLUMNS FROM `pa_order` [ RunTime:0.082816s ]
NOTIC: [8192] preg_replace(): The /e modifier is deprecated, use preg_replace_callback instead C:\wamp\www\chinahzm.cn\api\ThinkPHP\Lib\Core\Db.class.php 第 568 行.
SQL: SELECT * FROM `pa_order` WHERE ( `userid` = 7 ) ORDER BY orderdate desc  [ RunTime:0.001156s ]

[ 2016-02-01T23:18:50+08:00 ] 218.108.135.114 /api/api.php/client/getUserInfo/userid/7
INFO: [ route_check ] --START--
INFO: Run CheckRoute Behavior [ RunTime:0.001543s ]
INFO: [ route_check ] --END-- [ RunTime:0.001919s ]
NOTIC: [8192] preg_replace(): The /e modifier is deprecated, use preg_replace_callback instead C:\wamp\www\chinahzm.cn\api\ThinkPHP\Lib\Core\Dispatcher.class.php 第 120 行.
NOTIC: [8192] preg_replace(): The /e modifier is deprecated, use preg_replace_callback instead C:\wamp\www\chinahzm.cn\api\ThinkPHP\Common\common.php 第 92 行.
INFO: [ app_begin ] --START--
INFO: Run ReadHtmlCache Behavior [ RunTime:0.001357s ]
INFO: [ app_begin ] --END-- [ RunTime:0.001638s ]
NOTIC: [8192] mysql_connect(): The mysql extension is deprecated and will be removed in the future: use mysqli or PDO instead C:\wamp\www\chinahzm.cn\api\ThinkPHP\Lib\Driver\Db\DbMysql.class.php 第 55 行.
SQL: SHOW COLUMNS FROM `pa_user` [ RunTime:0.001733s ]
SQL: SHOW COLUMNS FROM `pa_shipaddr` [ RunTime:0.002021s ]
NOTIC: [8192] preg_replace(): The /e modifier is deprecated, use preg_replace_callback instead C:\wamp\www\chinahzm.cn\api\ThinkPHP\Lib\Core\Db.class.php 第 568 行.
SQL: SELECT * FROM `pa_shipaddr` WHERE ( `userid` = 7 ) LIMIT 1   [ RunTime:0.000852s ]
NOTIC: [8192] preg_replace(): The /e modifier is deprecated, use preg_replace_callback instead C:\wamp\www\chinahzm.cn\api\ThinkPHP\Lib\Core\Db.class.php 第 568 行.
SQL: SELECT `telephone` FROM `pa_user` WHERE ( `id` = 7 ) LIMIT 1   [ RunTime:0.000318s ]

[ 2016-02-01T23:18:52+08:00 ] 218.108.135.114 /api/api.php/client/getOrderlist/userid/7
INFO: [ route_check ] --START--
INFO: Run CheckRoute Behavior [ RunTime:0.001569s ]
INFO: [ route_check ] --END-- [ RunTime:0.002239s ]
NOTIC: [8192] preg_replace(): The /e modifier is deprecated, use preg_replace_callback instead C:\wamp\www\chinahzm.cn\api\ThinkPHP\Lib\Core\Dispatcher.class.php 第 120 行.
NOTIC: [8192] preg_replace(): The /e modifier is deprecated, use preg_replace_callback instead C:\wamp\www\chinahzm.cn\api\ThinkPHP\Common\common.php 第 92 行.
INFO: [ app_begin ] --START--
INFO: Run ReadHtmlCache Behavior [ RunTime:0.001654s ]
INFO: [ app_begin ] --END-- [ RunTime:0.001999s ]
NOTIC: [8192] mysql_connect(): The mysql extension is deprecated and will be removed in the future: use mysqli or PDO instead C:\wamp\www\chinahzm.cn\api\ThinkPHP\Lib\Driver\Db\DbMysql.class.php 第 55 行.
SQL: SHOW COLUMNS FROM `pa_order` [ RunTime:0.002070s ]
NOTIC: [8192] preg_replace(): The /e modifier is deprecated, use preg_replace_callback instead C:\wamp\www\chinahzm.cn\api\ThinkPHP\Lib\Core\Db.class.php 第 568 行.
SQL: SELECT * FROM `pa_order` WHERE ( `userid` = 7 ) ORDER BY orderdate desc  [ RunTime:0.001240s ]

[ 2016-02-01T23:21:19+08:00 ] 218.108.135.114 /api/api.php/client/getUserInfo/userid/7
INFO: [ route_check ] --START--
INFO: Run CheckRoute Behavior [ RunTime:0.001247s ]
INFO: [ route_check ] --END-- [ RunTime:0.001634s ]
NOTIC: [8192] preg_replace(): The /e modifier is deprecated, use preg_replace_callback instead C:\wamp\www\chinahzm.cn\api\ThinkPHP\Lib\Core\Dispatcher.class.php 第 120 行.
NOTIC: [8192] preg_replace(): The /e modifier is deprecated, use preg_replace_callback instead C:\wamp\www\chinahzm.cn\api\ThinkPHP\Common\common.php 第 92 行.
INFO: [ app_begin ] --START--
INFO: Run ReadHtmlCache Behavior [ RunTime:0.001470s ]
INFO: [ app_begin ] --END-- [ RunTime:0.001910s ]
NOTIC: [8192] mysql_connect(): The mysql extension is deprecated and will be removed in the future: use mysqli or PDO instead C:\wamp\www\chinahzm.cn\api\ThinkPHP\Lib\Driver\Db\DbMysql.class.php 第 55 行.
SQL: SHOW COLUMNS FROM `pa_user` [ RunTime:0.002094s ]
SQL: SHOW COLUMNS FROM `pa_shipaddr` [ RunTime:0.001823s ]
NOTIC: [8192] preg_replace(): The /e modifier is deprecated, use preg_replace_callback instead C:\wamp\www\chinahzm.cn\api\ThinkPHP\Lib\Core\Db.class.php 第 568 行.
SQL: SELECT * FROM `pa_shipaddr` WHERE ( `userid` = 7 ) LIMIT 1   [ RunTime:0.000469s ]
NOTIC: [8192] preg_replace(): The /e modifier is deprecated, use preg_replace_callback instead C:\wamp\www\chinahzm.cn\api\ThinkPHP\Lib\Core\Db.class.php 第 568 行.
SQL: SELECT `telephone` FROM `pa_user` WHERE ( `id` = 7 ) LIMIT 1   [ RunTime:0.000304s ]

