[ 2016-01-16T00:40:54+08:00 ] 117.174.26.92 /api/api.php/client/tcbb_login
INFO: [ route_check ] --START--
INFO: Run CheckRoute Behavior [ RunTime:0.001121s ]
INFO: [ route_check ] --END-- [ RunTime:0.001435s ]
NOTIC: [8192] preg_replace(): The /e modifier is deprecated, use preg_replace_callback instead D:\wamp\www\tcbb88.com\api\ThinkPHP\Lib\Core\Dispatcher.class.php 第 120 行.
NOTIC: [8192] preg_replace(): The /e modifier is deprecated, use preg_replace_callback instead D:\wamp\www\tcbb88.com\api\ThinkPHP\Common\common.php 第 92 行.
INFO: [ app_begin ] --START--
INFO: Run ReadHtmlCache Behavior [ RunTime:0.001347s ]
INFO: [ app_begin ] --END-- [ RunTime:0.001656s ]
NOTIC: [8192] mysql_connect(): The mysql extension is deprecated and will be removed in the future: use mysqli or PDO instead D:\wamp\www\tcbb88.com\api\ThinkPHP\Lib\Driver\Db\DbMysql.class.php 第 55 行.
SQL: SHOW COLUMNS FROM `pa_user` [ RunTime:0.010658s ]
NOTIC: [8192] preg_replace(): The /e modifier is deprecated, use preg_replace_callback instead D:\wamp\www\tcbb88.com\api\ThinkPHP\Lib\Core\Db.class.php 第 568 行.
SQL: SELECT * FROM `pa_user` WHERE ( `telephone` = '18382307095' ) AND ( `password` = '123456' ) LIMIT 1   [ RunTime:0.000440s ]

[ 2016-01-16T02:11:06+08:00 ] 117.174.26.92 /api/api.php/client/tcbb_login
INFO: [ route_check ] --START--
INFO: Run CheckRoute Behavior [ RunTime:0.001118s ]
INFO: [ route_check ] --END-- [ RunTime:0.001476s ]
NOTIC: [8192] preg_replace(): The /e modifier is deprecated, use preg_replace_callback instead D:\wamp\www\tcbb88.com\api\ThinkPHP\Lib\Core\Dispatcher.class.php 第 120 行.
NOTIC: [8192] preg_replace(): The /e modifier is deprecated, use preg_replace_callback instead D:\wamp\www\tcbb88.com\api\ThinkPHP\Common\common.php 第 92 行.
INFO: [ app_begin ] --START--
INFO: Run ReadHtmlCache Behavior [ RunTime:0.001006s ]
INFO: [ app_begin ] --END-- [ RunTime:0.001306s ]
NOTIC: [8192] mysql_connect(): The mysql extension is deprecated and will be removed in the future: use mysqli or PDO instead D:\wamp\www\tcbb88.com\api\ThinkPHP\Lib\Driver\Db\DbMysql.class.php 第 55 行.
SQL: SHOW COLUMNS FROM `pa_user` [ RunTime:0.001938s ]
NOTIC: [8192] preg_replace(): The /e modifier is deprecated, use preg_replace_callback instead D:\wamp\www\tcbb88.com\api\ThinkPHP\Lib\Core\Db.class.php 第 568 行.
SQL: SELECT * FROM `pa_user` WHERE ( `telephone` = '18382307093' ) AND ( `password` = 'a123456' ) LIMIT 1   [ RunTime:0.000381s ]

[ 2016-01-16T02:11:16+08:00 ] 117.174.26.92 /api/api.php/client/tcbb_login
INFO: [ route_check ] --START--
INFO: Run CheckRoute Behavior [ RunTime:0.001069s ]
INFO: [ route_check ] --END-- [ RunTime:0.001378s ]
NOTIC: [8192] preg_replace(): The /e modifier is deprecated, use preg_replace_callback instead D:\wamp\www\tcbb88.com\api\ThinkPHP\Lib\Core\Dispatcher.class.php 第 120 行.
NOTIC: [8192] preg_replace(): The /e modifier is deprecated, use preg_replace_callback instead D:\wamp\www\tcbb88.com\api\ThinkPHP\Common\common.php 第 92 行.
INFO: [ app_begin ] --START--
INFO: Run ReadHtmlCache Behavior [ RunTime:0.000903s ]
INFO: [ app_begin ] --END-- [ RunTime:0.001192s ]
NOTIC: [8192] mysql_connect(): The mysql extension is deprecated and will be removed in the future: use mysqli or PDO instead D:\wamp\www\tcbb88.com\api\ThinkPHP\Lib\Driver\Db\DbMysql.class.php 第 55 行.
SQL: SHOW COLUMNS FROM `pa_user` [ RunTime:0.001683s ]
NOTIC: [8192] preg_replace(): The /e modifier is deprecated, use preg_replace_callback instead D:\wamp\www\tcbb88.com\api\ThinkPHP\Lib\Core\Db.class.php 第 568 行.
SQL: SELECT * FROM `pa_user` WHERE ( `telephone` = '18382307095' ) AND ( `password` = 'a123456' ) LIMIT 1   [ RunTime:0.000398s ]

[ 2016-01-16T02:11:26+08:00 ] 117.174.26.92 /api/api.php/client/tcbb_login
INFO: [ route_check ] --START--
INFO: Run CheckRoute Behavior [ RunTime:0.001051s ]
INFO: [ route_check ] --END-- [ RunTime:0.001359s ]
NOTIC: [8192] preg_replace(): The /e modifier is deprecated, use preg_replace_callback instead D:\wamp\www\tcbb88.com\api\ThinkPHP\Lib\Core\Dispatcher.class.php 第 120 行.
NOTIC: [8192] preg_replace(): The /e modifier is deprecated, use preg_replace_callback instead D:\wamp\www\tcbb88.com\api\ThinkPHP\Common\common.php 第 92 行.
INFO: [ app_begin ] --START--
INFO: Run ReadHtmlCache Behavior [ RunTime:0.000966s ]
INFO: [ app_begin ] --END-- [ RunTime:0.001262s ]
NOTIC: [8192] mysql_connect(): The mysql extension is deprecated and will be removed in the future: use mysqli or PDO instead D:\wamp\www\tcbb88.com\api\ThinkPHP\Lib\Driver\Db\DbMysql.class.php 第 55 行.
SQL: SHOW COLUMNS FROM `pa_user` [ RunTime:0.001551s ]
NOTIC: [8192] preg_replace(): The /e modifier is deprecated, use preg_replace_callback instead D:\wamp\www\tcbb88.com\api\ThinkPHP\Lib\Core\Db.class.php 第 568 行.
SQL: SELECT * FROM `pa_user` WHERE ( `telephone` = '18382307095' ) AND ( `password` = '123456' ) LIMIT 1   [ RunTime:0.000434s ]

