[2015-09-20 01:29:31][debug] æ·»åŠ åˆ°è´­ç‰©è½¦æˆåŠŸï¼:
[2015-09-20 01:29:33][debug] æ·»åŠ åˆ°è´­ç‰©è½¦æˆåŠŸï¼:
[2015-09-20 03:09:51][debug] --------------------------------------------------------------------
[2015-09-20 03:09:51][debug] æŽˆæƒæˆåŠŸï¼
[2015-09-20 03:09:51][debug] å¾®ä¿¡ç”¨æˆ·ä¿¡æ¯ï¼š{"openid":"oXU1ruNeWzrO92g-nP6ZXbSG0PL0","nickname":"David","sex":1,"language":"zh_CN","city":"å°å·ž","province":"æµ™æ±Ÿ","country":"ä¸­å›½","headimgurl":"http:\/\/wx.qlogo.cn\/mmopen\/3hsWdj2E9tukSnFcoI65914X24aSxl3FlcDJHVpInckruZOiamzg6SVWlib0u0Mf7GuXQxCsJTHSPEhbGxBRgcyCWyQGYTd17T\/0","privilege":[]}
[2015-09-20 03:09:51][debug] --------------------------------------------------------------------
[2015-09-20 03:13:42][debug] --------------------------------------------------------------------
[2015-09-20 03:13:42][debug] æŽˆæƒæˆåŠŸï¼
[2015-09-20 03:13:42][debug] å¾®ä¿¡ç”¨æˆ·ä¿¡æ¯ï¼š{"openid":"oXU1ruNeWzrO92g-nP6ZXbSG0PL0","nickname":"David","sex":1,"language":"zh_CN","city":"å°å·ž","province":"æµ™æ±Ÿ","country":"ä¸­å›½","headimgurl":"http:\/\/wx.qlogo.cn\/mmopen\/3hsWdj2E9tukSnFcoI65914X24aSxl3FlcDJHVpInckruZOiamzg6SVWlib0u0Mf7GuXQxCsJTHSPEhbGxBRgcyCWyQGYTd17T\/0","privilege":[]}
[2015-09-20 03:13:42][debug] --------------------------------------------------------------------
[2015-09-20 03:16:05][debug] --------------------------------------------------------------------
[2015-09-20 03:16:05][debug] æŽˆæƒæˆåŠŸï¼
[2015-09-20 03:16:05][debug] å¾®ä¿¡ç”¨æˆ·ä¿¡æ¯ï¼š{"openid":"oXU1ruIG_y53KQM_Ocrya00W95xo","nickname":"hyl","sex":2,"language":"zh_CN","city":"","province":"","country":"ä¸­å›½","headimgurl":"","privilege":[]}
[2015-09-20 03:16:05][debug] --------------------------------------------------------------------
[2015-09-20 03:41:53][debug] --------------------------------------------------------------------
[2015-09-20 03:41:53][debug] æŽˆæƒæˆåŠŸï¼
[2015-09-20 03:41:53][debug] å¾®ä¿¡ç”¨æˆ·ä¿¡æ¯ï¼š{"openid":"oXU1ruIG_y53KQM_Ocrya00W95xo","nickname":"hyl","sex":2,"language":"zh_CN","city":"","province":"","country":"ä¸­å›½","headimgurl":"","privilege":[]}
[2015-09-20 03:41:53][debug] --------------------------------------------------------------------
[2015-09-20 04:07:47][debug] --------------------------------------------------------------------
[2015-09-20 04:07:47][debug] æŽˆæƒæˆåŠŸï¼
[2015-09-20 04:07:47][debug] å¾®ä¿¡ç”¨æˆ·ä¿¡æ¯ï¼š{"openid":"oXU1ruNeWzrO92g-nP6ZXbSG0PL0","nickname":"David","sex":1,"language":"zh_CN","city":"å°å·ž","province":"æµ™æ±Ÿ","country":"ä¸­å›½","headimgurl":"http:\/\/wx.qlogo.cn\/mmopen\/3hsWdj2E9tukSnFcoI65914X24aSxl3FlcDJHVpInckruZOiamzg6SVWlib0u0Mf7GuXQxCsJTHSPEhbGxBRgcyCWyQGYTd17T\/0","privilege":[]}
[2015-09-20 04:07:47][debug] --------------------------------------------------------------------
[2015-09-20 04:10:08][debug] --------------------------------------------------------------------
[2015-09-20 04:10:08][debug] æŽˆæƒæˆåŠŸï¼
[2015-09-20 04:10:08][debug] å¾®ä¿¡ç”¨æˆ·ä¿¡æ¯ï¼š{"openid":"oXU1ruNeWzrO92g-nP6ZXbSG0PL0","nickname":"David","sex":1,"language":"zh_CN","city":"å°å·ž","province":"æµ™æ±Ÿ","country":"ä¸­å›½","headimgurl":"http:\/\/wx.qlogo.cn\/mmopen\/3hsWdj2E9tukSnFcoI65914X24aSxl3FlcDJHVpInckruZOiamzg6SVWlib0u0Mf7GuXQxCsJTHSPEhbGxBRgcyCWyQGYTd17T\/0","privilege":[]}
[2015-09-20 04:10:08][debug] --------------------------------------------------------------------
[2015-09-20 04:20:30][debug] æ·»åŠ åˆ°è´­ç‰©è½¦æˆåŠŸï¼:
[2015-09-20 04:23:29][debug] æ·»åŠ åˆ°è´­ç‰©è½¦æˆåŠŸï¼:
[2015-09-20 10:23:52][debug] openid1->oXU1ruIG_y53KQM_Ocrya00W95xo
[2015-09-20 10:23:52][debug] openid2->oXU1ruIG_y53KQM_Ocrya00W95xo
[2015-09-20 10:24:21][debug] openid1->oXU1ruIG_y53KQM_Ocrya00W95xo
[2015-09-20 10:24:21][debug] openid2->
[2015-09-20 04:27:51][debug] æ·»åŠ åˆ°è´­ç‰©è½¦æˆåŠŸï¼:
[2015-09-20 10:27:51][debug] openid1->oXU1ruIG_y53KQM_Ocrya00W95xo
[2015-09-20 10:27:51][debug] openid2->oXU1ruIG_y53KQM_Ocrya00W95xo
[2015-09-20 04:35:12][debug] --------------------------------------------------------------------
[2015-09-20 04:35:12][debug] æŽˆæƒæˆåŠŸï¼
[2015-09-20 04:35:12][debug] å¾®ä¿¡ç”¨æˆ·ä¿¡æ¯ï¼š{"openid":"oXU1ruD4JtCtS0IlUnDpdxVDQF7c","nickname":"APPæ‰‹æœºè½¯ä»¶å¼€å‘--èšå¡”å·¥ä½œå®¤","sex":1,"language":"zh_CN","city":"å°å·ž","province":"æµ™æ±Ÿ","country":"ä¸­å›½","headimgurl":"http:\/\/wx.qlogo.cn\/mmopen\/McYMgia19V0UqIoRlLtsic8Y31icTnPFYrQre8iagtKKiaAsXptZZPEu6ELiaIVC9x5WDHT008K4o7L93gsseGVrib6FQ\/0","privilege":[]}
[2015-09-20 04:35:12][debug] --------------------------------------------------------------------
[2015-09-20 04:35:31][debug] finalprice->78800
[2015-09-20 04:35:31][debug] 9->9
[2015-09-20 04:35:31][debug] joinid1->1
[2015-09-20 04:39:24][debug] --------------------------------------------------------------------
[2015-09-20 04:39:24][debug] æŽˆæƒæˆåŠŸï¼
[2015-09-20 04:39:24][debug] å¾®ä¿¡ç”¨æˆ·ä¿¡æ¯ï¼š{"openid":"oXU1ruIG_y53KQM_Ocrya00W95xo","nickname":"hyl","sex":2,"language":"zh_CN","city":"","province":"","country":"ä¸­å›½","headimgurl":"","privilege":[]}
[2015-09-20 04:39:24][debug] --------------------------------------------------------------------
[2015-09-20 04:43:29][debug] --------------------------------------------------------------------
[2015-09-20 04:43:29][debug] æŽˆæƒæˆåŠŸï¼
[2015-09-20 04:43:29][debug] å¾®ä¿¡ç”¨æˆ·ä¿¡æ¯ï¼š{"openid":"oXU1ruIG_y53KQM_Ocrya00W95xo","nickname":"hyl","sex":2,"language":"zh_CN","city":"","province":"","country":"ä¸­å›½","headimgurl":"","privilege":[]}
[2015-09-20 04:43:29][debug] --------------------------------------------------------------------
[2015-09-20 04:43:53][debug] æ·»åŠ åˆ°è´­ç‰©è½¦æˆåŠŸï¼:
[2015-09-20 10:43:54][debug] openid1->oXU1ruIG_y53KQM_Ocrya00W95xo
[2015-09-20 10:43:54][debug] openid2->oXU1ruIG_y53KQM_Ocrya00W95xo
[2015-09-20 10:44:24][debug] openid1->oXU1ruIG_y53KQM_Ocrya00W95xo
[2015-09-20 10:44:24][debug] openid2->
[2015-09-20 04:49:43][debug] --------------------------------------------------------------------
[2015-09-20 04:49:43][debug] æŽˆæƒæˆåŠŸï¼
[2015-09-20 04:49:43][debug] å¾®ä¿¡ç”¨æˆ·ä¿¡æ¯ï¼š{"openid":"oXU1ruIG_y53KQM_Ocrya00W95xo","nickname":"hyl","sex":2,"language":"zh_CN","city":"","province":"","country":"ä¸­å›½","headimgurl":"","privilege":[]}
[2015-09-20 04:49:43][debug] --------------------------------------------------------------------
[2015-09-20 04:58:15][debug] æ·»åŠ åˆ°è´­ç‰©è½¦æˆåŠŸï¼:
[2015-09-20 10:58:18][debug] openid1->oXU1ruIG_y53KQM_Ocrya00W95xo
[2015-09-20 10:58:18][debug] openid2->oXU1ruIG_y53KQM_Ocrya00W95xo
[2015-09-20 10:58:46][debug] openid1->oXU1ruIG_y53KQM_Ocrya00W95xo
[2015-09-20 10:58:46][debug] openid2->
[2015-09-20 05:06:09][debug] æ·»åŠ åˆ°è´­ç‰©è½¦æˆåŠŸï¼:
[2015-09-20 11:06:10][debug] openid1->oXU1ruIG_y53KQM_Ocrya00W95xo
[2015-09-20 11:06:10][debug] openid2->oXU1ruIG_y53KQM_Ocrya00W95xo
[2015-09-20 05:08:36][debug] å¼€å§‹-æŸ¥è¯¢ä»·æ ¼-----------------------------------å¼€å§‹
[2015-09-20 05:08:36][debug] openid->oXU1ruKrST1KKNNky4pIk130BrcY
[2015-09-20 05:08:36][debug] bargainid->0
[2015-09-20 05:08:36][debug] price->88800
[2015-09-20 05:08:36][debug] ç»“æŸ-æŸ¥è¯¢ä»·æ ¼-----------------------------------ç»“æŸ
[2015-09-20 05:08:36][debug] æŠ¥åæˆåŠŸï¼:
[2015-09-20 05:09:06][debug] æ·»åŠ åˆ°è´­ç‰©è½¦æˆåŠŸï¼:
[2015-09-20 11:09:07][debug] openid1->oXU1ruKrST1KKNNky4pIk130BrcY
[2015-09-20 11:09:07][debug] openid2->oXU1ruKrST1KKNNky4pIk130BrcY
[2015-09-20 05:31:36][debug] æ·»åŠ åˆ°è´­ç‰©è½¦æˆåŠŸï¼:
[2015-09-20 11:31:37][debug] openid1->oXU1ruKrST1KKNNky4pIk130BrcY
[2015-09-20 11:31:37][debug] openid2->oXU1ruKrST1KKNNky4pIk130BrcY
[2015-09-20 11:31:41][debug] jsApiParameters->{"appId":"wx7851b75090b42312","nonceStr":"ytkdz5bykhy3xzmzi1inyowfktgkvnop","package":"prepay_id=wx201509201131418ff67a3ed90286641912","signType":"MD5","timeStamp":"1442719901","paySign":"74CAF8BC2435320EBC445E483DA0D685"}
[2015-09-20 05:31:52][debug] æ·»åŠ åˆ°è´­ç‰©è½¦æˆåŠŸï¼:
[2015-09-20 11:31:53][debug] openid1->oXU1ruKrST1KKNNky4pIk130BrcY
[2015-09-20 11:31:53][debug] openid2->oXU1ruKrST1KKNNky4pIk130BrcY
[2015-09-20 11:31:53][debug] jsApiParameters->{"appId":"wx7851b75090b42312","nonceStr":"11g0b7pfhiiwymcw1jfh83ugbugfidgg","package":"prepay_id=wx201509201131531bee87f8a00872501829","signType":"MD5","timeStamp":"1442719913","paySign":"8380F2B4191266B6E2675DCFA0FF9889"}
[2015-09-20 05:39:02][debug] --------------------------------------------------------------------
[2015-09-20 05:39:02][debug] æŽˆæƒæˆåŠŸï¼
[2015-09-20 05:39:02][debug] å¾®ä¿¡ç”¨æˆ·ä¿¡æ¯ï¼š{"openid":"oXU1ruD4JtCtS0IlUnDpdxVDQF7c","nickname":"APPæ‰‹æœºè½¯ä»¶å¼€å‘--èšå¡”å·¥ä½œå®¤","sex":1,"language":"zh_CN","city":"å°å·ž","province":"æµ™æ±Ÿ","country":"ä¸­å›½","headimgurl":"http:\/\/wx.qlogo.cn\/mmopen\/McYMgia19V0UqIoRlLtsic8Y31icTnPFYrQre8iagtKKiaAsXptZZPEu6ELiaIVC9x5WDHT008K4o7L93gsseGVrib6FQ\/0","privilege":[]}
[2015-09-20 05:39:02][debug] --------------------------------------------------------------------
[2015-09-20 06:01:06][debug] --------------------------------------------------------------------
[2015-09-20 06:01:06][debug] æŽˆæƒæˆåŠŸï¼
[2015-09-20 06:01:06][debug] å¾®ä¿¡ç”¨æˆ·ä¿¡æ¯ï¼š{"openid":"oXU1ruIG_y53KQM_Ocrya00W95xo","nickname":"hyl","sex":2,"language":"zh_CN","city":"","province":"","country":"ä¸­å›½","headimgurl":"","privilege":[]}
[2015-09-20 06:01:06][debug] --------------------------------------------------------------------
[2015-09-20 06:01:06][debug] --------------------------------------------------------------------
[2015-09-20 06:01:06][debug] æŽˆæƒæˆåŠŸï¼
[2015-09-20 06:01:06][debug] å¾®ä¿¡ç”¨æˆ·ä¿¡æ¯ï¼š{"openid":"oXU1ruIG_y53KQM_Ocrya00W95xo","nickname":"hyl","sex":2,"language":"zh_CN","city":"","province":"","country":"ä¸­å›½","headimgurl":"","privilege":[]}
[2015-09-20 06:01:06][debug] --------------------------------------------------------------------
[2015-09-20 06:02:12][debug] æ·»åŠ åˆ°è´­ç‰©è½¦æˆåŠŸï¼:
[2015-09-20 12:02:13][debug] openid1->oXU1ruIG_y53KQM_Ocrya00W95xo
[2015-09-20 12:02:13][debug] openid2->oXU1ruIG_y53KQM_Ocrya00W95xo
[2015-09-20 12:02:18][debug] jsApiParameters->{"appId":"wx7851b75090b42312","nonceStr":"2lwy2j8v3nw1d5xycr1g408ec63ubkbf","package":"prepay_id=wx20150920120217207ff8786b0007675019","signType":"MD5","timeStamp":"1442721738","paySign":"973073342B9E129E540FE54228E22CF8"}
[2015-09-20 06:32:53][debug] æ·»åŠ åˆ°è´­ç‰©è½¦æˆåŠŸï¼:
[2015-09-20 07:02:04][debug] --------------------------------------------------------------------
[2015-09-20 07:02:04][debug] æŽˆæƒæˆåŠŸï¼
[2015-09-20 07:02:04][debug] å¾®ä¿¡ç”¨æˆ·ä¿¡æ¯ï¼š{"openid":"oXU1ruIG_y53KQM_Ocrya00W95xo","nickname":"hyl","sex":2,"language":"zh_CN","city":"","province":"","country":"ä¸­å›½","headimgurl":"","privilege":[]}
[2015-09-20 07:02:04][debug] --------------------------------------------------------------------
[2015-09-20 07:22:29][debug] --------------------------------------------------------------------
[2015-09-20 07:22:29][debug] æŽˆæƒæˆåŠŸï¼
[2015-09-20 07:22:29][debug] å¾®ä¿¡ç”¨æˆ·ä¿¡æ¯ï¼š{"openid":"oXU1ruIG_y53KQM_Ocrya00W95xo","nickname":"hyl","sex":2,"language":"zh_CN","city":"","province":"","country":"ä¸­å›½","headimgurl":"","privilege":[]}
[2015-09-20 07:22:29][debug] --------------------------------------------------------------------
[2015-09-20 07:33:22][debug] --------------------------------------------------------------------
[2015-09-20 07:33:22][debug] æŽˆæƒæˆåŠŸï¼
[2015-09-20 07:33:22][debug] å¾®ä¿¡ç”¨æˆ·ä¿¡æ¯ï¼š{"openid":"oXU1ruIG_y53KQM_Ocrya00W95xo","nickname":"hyl","sex":2,"language":"zh_CN","city":"","province":"","country":"ä¸­å›½","headimgurl":"","privilege":[]}
[2015-09-20 07:33:22][debug] --------------------------------------------------------------------
[2015-09-20 07:46:46][debug] --------------------------------------------------------------------
[2015-09-20 07:46:46][debug] æŽˆæƒæˆåŠŸï¼
[2015-09-20 07:46:46][debug] å¾®ä¿¡ç”¨æˆ·ä¿¡æ¯ï¼š{"openid":"oXU1ruJHgdAlGM8tmJmAXN1Qqj4Q","nickname":"yan.ðŸŽ‰","sex":2,"language":"zh_CN","city":"æ€€åŒ–","province":"æ¹–å—","country":"ä¸­å›½","headimgurl":"http:\/\/wx.qlogo.cn\/mmopen\/BcQRZIbPSiamFjMicGH9LkqdOhKMalk4gAiaM9DfzYXwiaRicet6nOD37RbiazT6Epibbx4OELtWVagrqjOO7BbOBj7NYUiaBI3ayDxt\/0","privilege":[]}
[2015-09-20 07:46:46][debug] --------------------------------------------------------------------
[2015-09-20 07:53:43][debug] --------------------------------------------------------------------
[2015-09-20 07:53:43][debug] æŽˆæƒæˆåŠŸï¼
[2015-09-20 07:53:43][debug] å¾®ä¿¡ç”¨æˆ·ä¿¡æ¯ï¼š{"openid":"oXU1ruIG_y53KQM_Ocrya00W95xo","nickname":"hyl","sex":2,"language":"zh_CN","city":"","province":"","country":"ä¸­å›½","headimgurl":"","privilege":[]}
[2015-09-20 07:53:43][debug] --------------------------------------------------------------------
[2015-09-20 08:34:55][debug] --------------------------------------------------------------------
[2015-09-20 08:34:55][debug] æŽˆæƒæˆåŠŸï¼
[2015-09-20 08:34:55][debug] å¾®ä¿¡ç”¨æˆ·ä¿¡æ¯ï¼š{"openid":"oXU1ruD4JtCtS0IlUnDpdxVDQF7c","nickname":"APPæ‰‹æœºè½¯ä»¶å¼€å‘--èšå¡”å·¥ä½œå®¤","sex":1,"language":"zh_CN","city":"å°å·ž","province":"æµ™æ±Ÿ","country":"ä¸­å›½","headimgurl":"http:\/\/wx.qlogo.cn\/mmopen\/McYMgia19V0UqIoRlLtsic8Y31icTnPFYrQre8iagtKKiaAsXptZZPEu6ELiaIVC9x5WDHT008K4o7L93gsseGVrib6FQ\/0","privilege":[]}
[2015-09-20 08:34:55][debug] --------------------------------------------------------------------
[2015-09-20 08:53:01][debug] å¼€å§‹-æŸ¥è¯¢ä»·æ ¼-----------------------------------å¼€å§‹
[2015-09-20 08:53:01][debug] openid->oXU1ruD4JtCtS0IlUnDpdxVDQF7c
[2015-09-20 08:53:01][debug] bargainid->0
[2015-09-20 08:53:01][debug] price->88800
[2015-09-20 08:53:01][debug] ç»“æŸ-æŸ¥è¯¢ä»·æ ¼-----------------------------------ç»“æŸ
[2015-09-20 08:53:01][debug] æŠ¥åæˆåŠŸï¼:
[2015-09-20 08:57:01][debug] --------------------------------------------------------------------
[2015-09-20 08:57:01][debug] æŽˆæƒæˆåŠŸï¼
[2015-09-20 08:57:01][debug] å¾®ä¿¡ç”¨æˆ·ä¿¡æ¯ï¼š{"openid":"oXU1ruE213ejSN72siQVNwud_Itk","nickname":"é—²èŒ¶è‰¯å‘³","sex":1,"language":"zh_CN","city":"å°å·ž","province":"æµ™æ±Ÿ","country":"ä¸­å›½","headimgurl":"http:\/\/wx.qlogo.cn\/mmopen\/4tpkVGWUO5ahcc9t3xAmmWtuGJLlLIsnqmY8Hb25XojWkaKS3OMIGicbMELR5f7Cp2HF8m9jsatR8HJ0PSQ9J9A\/0","privilege":[]}
[2015-09-20 08:57:01][debug] --------------------------------------------------------------------
[2015-09-20 08:57:15][debug] --------------------------------------------------------------------
[2015-09-20 08:57:15][debug] æŽˆæƒæˆåŠŸï¼
[2015-09-20 08:57:15][debug] å¾®ä¿¡ç”¨æˆ·ä¿¡æ¯ï¼š{"openid":"oXU1ruE213ejSN72siQVNwud_Itk","nickname":"é—²èŒ¶è‰¯å‘³","sex":1,"language":"zh_CN","city":"å°å·ž","province":"æµ™æ±Ÿ","country":"ä¸­å›½","headimgurl":"http:\/\/wx.qlogo.cn\/mmopen\/4tpkVGWUO5ahcc9t3xAmmWtuGJLlLIsnqmY8Hb25XojWkaKS3OMIGicbMELR5f7Cp2HF8m9jsatR8HJ0PSQ9J9A\/0","privilege":[]}
[2015-09-20 08:57:15][debug] --------------------------------------------------------------------
[2015-09-20 08:57:44][debug] --------------------------------------------------------------------
[2015-09-20 08:57:44][debug] æŽˆæƒæˆåŠŸï¼
[2015-09-20 08:57:44][debug] å¾®ä¿¡ç”¨æˆ·ä¿¡æ¯ï¼š{"openid":"oXU1ruDXm4vcHSOx3PDsPzjJvRdY","nickname":"ä¸æ—¶è¾¾","sex":1,"language":"zh_CN","city":"å°å·ž","province":"æµ™æ±Ÿ","country":"ä¸­å›½","headimgurl":"http:\/\/wx.qlogo.cn\/mmopen\/3hsWdj2E9tukSnFcoI659xotvdHlrnRV6icLUXXrJoZmarbnoYpaziavuP2tdibGm15DmibGjMGL9EPVCe78q1icFQf0WeTGb7UfV\/0","privilege":[]}
[2015-09-20 08:57:44][debug] --------------------------------------------------------------------
[2015-09-20 08:58:28][debug] finalprice->77800
[2015-09-20 08:58:28][debug] 9->9
[2015-09-20 08:58:28][debug] joinid1->1
[2015-09-20 08:58:38][debug] æ·»åŠ åˆ°è´­ç‰©è½¦æˆåŠŸï¼:
[2015-09-20 14:58:38][debug] openid1->oXU1ruE213ejSN72siQVNwud_Itk
[2015-09-20 14:58:38][debug] openid2->oXU1ruE213ejSN72siQVNwud_Itk
[2015-09-20 14:58:42][debug] jsApiParameters->{"appId":"wx7851b75090b42312","nonceStr":"i5olyug5uj9gnvdxim3yqg8qovd71lms","package":"prepay_id=wx2015092014584245a559f3f10398653505","signType":"MD5","timeStamp":"1442732322","paySign":"6001DBD2800041A38D289CC7BFF2E463"}
[2015-09-20 09:03:03][debug] --------------------------------------------------------------------
[2015-09-20 09:03:03][debug] æŽˆæƒæˆåŠŸï¼
[2015-09-20 09:03:03][debug] å¾®ä¿¡ç”¨æˆ·ä¿¡æ¯ï¼š{"openid":"oXU1ruDUA4_cLhcfHZQk7uW5cKPM","nickname":"æ¢¦é˜³","sex":1,"language":"zh_CN","city":"èŠœæ¹–","province":"å®‰å¾½","country":"ä¸­å›½","headimgurl":"http:\/\/wx.qlogo.cn\/mmopen\/4tpkVGWUO5bpQFN2Bw5WycXcAaTuGE5lagsVnlqVfsibcf56SFFducGj9DN4SjH17YgD5d3xj5pjEwxoXJ109LY5nHT2JFzsN\/0","privilege":[]}
[2015-09-20 09:03:03][debug] --------------------------------------------------------------------
[2015-09-20 09:03:10][debug] finalprice->77700
[2015-09-20 09:03:10][debug] 9->9
[2015-09-20 09:03:10][debug] joinid1->1
[2015-09-20 09:10:16][debug] --------------------------------------------------------------------
[2015-09-20 09:10:16][debug] æŽˆæƒæˆåŠŸï¼
[2015-09-20 09:10:16][debug] å¾®ä¿¡ç”¨æˆ·ä¿¡æ¯ï¼š{"openid":"oXU1ruNeWzrO92g-nP6ZXbSG0PL0","nickname":"David","sex":1,"language":"zh_CN","city":"å°å·ž","province":"æµ™æ±Ÿ","country":"ä¸­å›½","headimgurl":"http:\/\/wx.qlogo.cn\/mmopen\/3hsWdj2E9tukSnFcoI65914X24aSxl3FlcDJHVpInckruZOiamzg6SVWlib0u0Mf7GuXQxCsJTHSPEhbGxBRgcyCWyQGYTd17T\/0","privilege":[]}
[2015-09-20 09:10:16][debug] --------------------------------------------------------------------
[2015-09-20 09:13:42][debug] --------------------------------------------------------------------
[2015-09-20 09:13:42][debug] æŽˆæƒæˆåŠŸï¼
[2015-09-20 09:13:42][debug] å¾®ä¿¡ç”¨æˆ·ä¿¡æ¯ï¼š{"openid":"oXU1ruNeWzrO92g-nP6ZXbSG0PL0","nickname":"David","sex":1,"language":"zh_CN","city":"å°å·ž","province":"æµ™æ±Ÿ","country":"ä¸­å›½","headimgurl":"http:\/\/wx.qlogo.cn\/mmopen\/3hsWdj2E9tukSnFcoI65914X24aSxl3FlcDJHVpInckruZOiamzg6SVWlib0u0Mf7GuXQxCsJTHSPEhbGxBRgcyCWyQGYTd17T\/0","privilege":[]}
[2015-09-20 09:13:42][debug] --------------------------------------------------------------------
[2015-09-20 09:17:23][debug] --------------------------------------------------------------------
[2015-09-20 09:17:23][debug] æŽˆæƒæˆåŠŸï¼
[2015-09-20 09:17:23][debug] å¾®ä¿¡ç”¨æˆ·ä¿¡æ¯ï¼š{"openid":"oXU1ruNeWzrO92g-nP6ZXbSG0PL0","nickname":"David","sex":1,"language":"zh_CN","city":"å°å·ž","province":"æµ™æ±Ÿ","country":"ä¸­å›½","headimgurl":"http:\/\/wx.qlogo.cn\/mmopen\/3hsWdj2E9tukSnFcoI65914X24aSxl3FlcDJHVpInckruZOiamzg6SVWlib0u0Mf7GuXQxCsJTHSPEhbGxBRgcyCWyQGYTd17T\/0","privilege":[]}
[2015-09-20 09:17:23][debug] --------------------------------------------------------------------
[2015-09-20 09:17:44][debug] finalprice->77600
[2015-09-20 09:17:44][debug] 9->9
[2015-09-20 09:17:44][debug] joinid1->1
[2015-09-20 09:19:43][debug] --------------------------------------------------------------------
[2015-09-20 09:19:43][debug] æŽˆæƒæˆåŠŸï¼
[2015-09-20 09:19:43][debug] å¾®ä¿¡ç”¨æˆ·ä¿¡æ¯ï¼š{"openid":"oXU1ruI-mXUlncn-XO_MuQoh1_4c","nickname":"åŠ±å¿—äººç”Ÿ","sex":1,"language":"zh_CN","city":"","province":"","country":"ä¸­å›½","headimgurl":"http:\/\/wx.qlogo.cn\/mmopen\/tNvDKLVOkzfPyHuveyuzBScxfL7RLXmqZhBAFoGNUUHDTOWiaSpiaGVVajywlDBYzTdTQHaKGsxm0peLXRYaf6EYWvlnYcU7fS\/0","privilege":[]}
[2015-09-20 09:19:43][debug] --------------------------------------------------------------------
[2015-09-20 09:19:53][debug] --------------------------------------------------------------------
[2015-09-20 09:19:53][debug] æŽˆæƒæˆåŠŸï¼
[2015-09-20 09:19:53][debug] å¾®ä¿¡ç”¨æˆ·ä¿¡æ¯ï¼š{"openid":"oXU1ruCkFo-InZAA-tc-L513PUoQ","nickname":"A0000 å¤§æ£®ç¼çº«è®¾å¤‡--å°å½­","sex":1,"language":"zh_CN","city":"å°å·ž","province":"æµ™æ±Ÿ","country":"ä¸­å›½","headimgurl":"http:\/\/wx.qlogo.cn\/mmopen\/3hsWdj2E9tukSnFcoI659yfjJ6y94oNlTicQMNVxrktWl8o7pH4Qq0zTTPBqBWzKQLAZaHp19NpfHicvuqib1GtzQ7Fz5Q1z0jt\/0","privilege":[]}
[2015-09-20 09:19:53][debug] --------------------------------------------------------------------
[2015-09-20 09:20:12][debug] finalprice->77500
[2015-09-20 09:20:12][debug] 9->9
[2015-09-20 09:20:12][debug] joinid1->1
[2015-09-20 09:20:15][debug] finalprice->76500
[2015-09-20 09:20:15][debug] 9->9
[2015-09-20 09:20:15][debug] joinid1->1
[2015-09-20 09:21:19][debug] --------------------------------------------------------------------
[2015-09-20 09:21:19][debug] æŽˆæƒæˆåŠŸï¼
[2015-09-20 09:21:19][debug] å¾®ä¿¡ç”¨æˆ·ä¿¡æ¯ï¼š{"openid":"oXU1ruBhwCkDty6bxBGq5zbTPDZ0","nickname":"åŠæ”¯çƒŸ","sex":1,"language":"zh_CN","city":"å°å·ž","province":"æµ™æ±Ÿ","country":"ä¸­å›½","headimgurl":"http:\/\/wx.qlogo.cn\/mmopen\/3hsWdj2E9tukSnFcoI6598ic3aRLhHhwOgxcxNjic56zAd8pTl8burRGtOWBTX44ib4kzlRN8bUzfmEnxtGQmmGkOLia5BvIuYeo\/0","privilege":[]}
[2015-09-20 09:21:19][debug] --------------------------------------------------------------------
[2015-09-20 09:21:26][debug] --------------------------------------------------------------------
[2015-09-20 09:21:26][debug] æŽˆæƒæˆåŠŸï¼
[2015-09-20 09:21:26][debug] å¾®ä¿¡ç”¨æˆ·ä¿¡æ¯ï¼š{"openid":"oXU1ruPlMNyMwqTQcb0JdDBn1s0k","nickname":"å–µå¸•æ–¯","sex":1,"language":"zh_CN","city":"æ¸©å·ž","province":"æµ™æ±Ÿ","country":"ä¸­å›½","headimgurl":"http:\/\/wx.qlogo.cn\/mmopen\/3hsWdj2E9tukSnFcoI6593lbPIrxQRkA5iaVEY5AOpRXKVGoqqtp03pgCP1uFWvhHNpFqZ5ajOTFnbpGfIiaVD6rxgZCqT13jm\/0","privilege":[]}
[2015-09-20 09:21:26][debug] --------------------------------------------------------------------
[2015-09-20 09:21:30][debug] finalprice->76300
[2015-09-20 09:21:30][debug] 9->9
[2015-09-20 09:21:30][debug] joinid1->1
[2015-09-20 09:21:33][debug] finalprice->76200
[2015-09-20 09:21:33][debug] 9->9
[2015-09-20 09:21:33][debug] joinid1->1
[2015-09-20 09:22:17][debug] --------------------------------------------------------------------
[2015-09-20 09:22:17][debug] æŽˆæƒæˆåŠŸï¼
[2015-09-20 09:22:17][debug] å¾®ä¿¡ç”¨æˆ·ä¿¡æ¯ï¼š{"openid":"oXU1ruPlMNyMwqTQcb0JdDBn1s0k","nickname":"å–µå¸•æ–¯","sex":1,"language":"zh_CN","city":"æ¸©å·ž","province":"æµ™æ±Ÿ","country":"ä¸­å›½","headimgurl":"http:\/\/wx.qlogo.cn\/mmopen\/3hsWdj2E9tukSnFcoI6593lbPIrxQRkA5iaVEY5AOpRXKVGoqqtp03pgCP1uFWvhHNpFqZ5ajOTFnbpGfIiaVD6rxgZCqT13jm\/0","privilege":[]}
[2015-09-20 09:22:17][debug] --------------------------------------------------------------------
[2015-09-20 09:22:47][debug] --------------------------------------------------------------------
[2015-09-20 09:22:47][debug] æŽˆæƒæˆåŠŸï¼
[2015-09-20 09:22:47][debug] å¾®ä¿¡ç”¨æˆ·ä¿¡æ¯ï¼š{"openid":"oXU1ruGfMYICdPFnxuhxTed8zhGI","nickname":"ç‰Ÿæ–°èŠ¬","sex":2,"language":"zh_CN","city":"æ­å·ž","province":"æµ™æ±Ÿ","country":"ä¸­å›½","headimgurl":"http:\/\/wx.qlogo.cn\/mmopen\/4tpkVGWUO5bpQFN2Bw5WyR6K1ibl7iaQof7so7P0OnvkCOVxGZvl98hKZBaFkpENTvlX1khZxGeiccz5VlsiaDAHcNrdJPoo2jkI\/0","privilege":[]}
[2015-09-20 09:22:47][debug] --------------------------------------------------------------------
[2015-09-20 09:23:16][debug] finalprice->76100
[2015-09-20 09:23:16][debug] 9->9
[2015-09-20 09:23:16][debug] joinid1->1
[2015-09-20 09:23:30][debug] --------------------------------------------------------------------
[2015-09-20 09:23:30][debug] æŽˆæƒæˆåŠŸï¼
[2015-09-20 09:23:30][debug] å¾®ä¿¡ç”¨æˆ·ä¿¡æ¯ï¼š{"openid":"oXU1ruBhwCkDty6bxBGq5zbTPDZ0","nickname":"åŠæ”¯çƒŸ","sex":1,"language":"zh_CN","city":"å°å·ž","province":"æµ™æ±Ÿ","country":"ä¸­å›½","headimgurl":"http:\/\/wx.qlogo.cn\/mmopen\/3hsWdj2E9tukSnFcoI6598ic3aRLhHhwOgxcxNjic56zAd8pTl8burRGtOWBTX44ib4kzlRN8bUzfmEnxtGQmmGkOLia5BvIuYeo\/0","privilege":[]}
[2015-09-20 09:23:30][debug] --------------------------------------------------------------------
[2015-09-20 09:23:47][debug] --------------------------------------------------------------------
[2015-09-20 09:23:47][debug] æŽˆæƒæˆåŠŸï¼
[2015-09-20 09:23:47][debug] å¾®ä¿¡ç”¨æˆ·ä¿¡æ¯ï¼š{"openid":"oXU1ruBhwCkDty6bxBGq5zbTPDZ0","nickname":"åŠæ”¯çƒŸ","sex":1,"language":"zh_CN","city":"å°å·ž","province":"æµ™æ±Ÿ","country":"ä¸­å›½","headimgurl":"http:\/\/wx.qlogo.cn\/mmopen\/3hsWdj2E9tukSnFcoI6598ic3aRLhHhwOgxcxNjic56zAd8pTl8burRGtOWBTX44ib4kzlRN8bUzfmEnxtGQmmGkOLia5BvIuYeo\/0","privilege":[]}
[2015-09-20 09:23:47][debug] --------------------------------------------------------------------
[2015-09-20 09:24:51][debug] å¼€å§‹-æŸ¥è¯¢ä»·æ ¼-----------------------------------å¼€å§‹
[2015-09-20 09:24:51][debug] openid->oXU1ruBhwCkDty6bxBGq5zbTPDZ0
[2015-09-20 09:24:51][debug] bargainid->0
[2015-09-20 09:24:51][debug] price->88800
[2015-09-20 09:24:51][debug] ç»“æŸ-æŸ¥è¯¢ä»·æ ¼-----------------------------------ç»“æŸ
[2015-09-20 09:24:51][debug] æŠ¥åæˆåŠŸï¼:
[2015-09-20 09:26:06][debug] finalprice->88700
[2015-09-20 09:26:06][debug] 13->13
[2015-09-20 09:26:06][debug] joinid1->1
[2015-09-20 09:28:52][debug] --------------------------------------------------------------------
[2015-09-20 09:28:52][debug] æŽˆæƒæˆåŠŸï¼
[2015-09-20 09:28:52][debug] å¾®ä¿¡ç”¨æˆ·ä¿¡æ¯ï¼š{"openid":"oXU1ruDPUlA7_nBa4sr04Qiec-Ls","nickname":"é‡‘å¤©","sex":1,"language":"zh_CN","city":"å°å·ž","province":"æµ™æ±Ÿ","country":"ä¸­å›½","headimgurl":"http:\/\/wx.qlogo.cn\/mmopen\/3hsWdj2E9tukSnFcoI659ibNW4yKDGhcmYN3NO9m85NIEQ0ckuUQdBXRhjnEJjm0y9854PR4RVKx7fMOF9QO8x2icG0VRnqn2R\/0","privilege":[]}
[2015-09-20 09:28:52][debug] --------------------------------------------------------------------
[2015-09-20 09:28:57][debug] finalprice->76000
[2015-09-20 09:28:57][debug] 9->9
[2015-09-20 09:28:57][debug] joinid1->1
[2015-09-20 09:32:15][debug] --------------------------------------------------------------------
[2015-09-20 09:32:15][debug] æŽˆæƒæˆåŠŸï¼
[2015-09-20 09:32:15][debug] å¾®ä¿¡ç”¨æˆ·ä¿¡æ¯ï¼š{"openid":"oXU1ruDXm4vcHSOx3PDsPzjJvRdY","nickname":"ä¸æ—¶è¾¾","sex":1,"language":"zh_CN","city":"å°å·ž","province":"æµ™æ±Ÿ","country":"ä¸­å›½","headimgurl":"http:\/\/wx.qlogo.cn\/mmopen\/3hsWdj2E9tukSnFcoI659xotvdHlrnRV6icLUXXrJoZmarbnoYpaziavuP2tdibGm15DmibGjMGL9EPVCe78q1icFQf0WeTGb7UfV\/0","privilege":[]}
[2015-09-20 09:32:15][debug] --------------------------------------------------------------------
[2015-09-20 09:34:27][debug] --------------------------------------------------------------------
[2015-09-20 09:34:27][debug] æŽˆæƒæˆåŠŸï¼
[2015-09-20 09:34:27][debug] å¾®ä¿¡ç”¨æˆ·ä¿¡æ¯ï¼š{"openid":"oXU1ruIG_y53KQM_Ocrya00W95xo","nickname":"hyl","sex":2,"language":"zh_CN","city":"","province":"","country":"ä¸­å›½","headimgurl":"","privilege":[]}
[2015-09-20 09:34:27][debug] --------------------------------------------------------------------
[2015-09-20 09:45:36][debug] --------------------------------------------------------------------
[2015-09-20 09:45:36][debug] æŽˆæƒæˆåŠŸï¼
[2015-09-20 09:45:36][debug] å¾®ä¿¡ç”¨æˆ·ä¿¡æ¯ï¼š{"openid":"oXU1ruIG_y53KQM_Ocrya00W95xo","nickname":"hyl","sex":2,"language":"zh_CN","city":"","province":"","country":"ä¸­å›½","headimgurl":"","privilege":[]}
[2015-09-20 09:45:36][debug] --------------------------------------------------------------------
[2015-09-20 09:55:15][debug] --------------------------------------------------------------------
[2015-09-20 09:55:15][debug] æŽˆæƒæˆåŠŸï¼
[2015-09-20 09:55:15][debug] å¾®ä¿¡ç”¨æˆ·ä¿¡æ¯ï¼š{"openid":"oXU1ruIG_y53KQM_Ocrya00W95xo","nickname":"hyl","sex":2,"language":"zh_CN","city":"","province":"","country":"ä¸­å›½","headimgurl":"","privilege":[]}
[2015-09-20 09:55:15][debug] --------------------------------------------------------------------
[2015-09-20 16:12:31][debug] openid1->oXU1ruIG_y53KQM_Ocrya00W95xo
[2015-09-20 16:12:31][debug] openid2->oXU1ruIG_y53KQM_Ocrya00W95xo
[2015-09-20 16:12:33][debug] jsApiParameters->{"appId":"wx7851b75090b42312","nonceStr":"62skmvlpvmvn2ig30kewa1dgilgu2uwr","package":"prepay_id=wx201509201612330f222870100247810229","signType":"MD5","timeStamp":"1442736753","paySign":"F8596081AC4DB94712B05003C3B29174"}
[2015-09-20 16:13:07][debug] openid1->oXU1ruIG_y53KQM_Ocrya00W95xo
[2015-09-20 16:13:07][debug] openid2->oXU1ruIG_y53KQM_Ocrya00W95xo
[2015-09-20 16:13:08][debug] jsApiParameters->{"appId":"wx7851b75090b42312","nonceStr":"lvll6q1ifmu6r5bunxb16zrzirsp7a0u","package":"prepay_id=wx201509201613077065f631090364440792","signType":"MD5","timeStamp":"1442736788","paySign":"97C80C8BD633ABED7853652ABE64B8DB"}
[2015-09-20 16:14:45][debug] openid1->oXU1ruIG_y53KQM_Ocrya00W95xo
[2015-09-20 16:14:45][debug] openid2->oXU1ruIG_y53KQM_Ocrya00W95xo
[2015-09-20 16:14:48][debug] jsApiParameters->{"appId":"wx7851b75090b42312","nonceStr":"8jihskrt82dzhkju08curtt71u4ixq2h","package":"prepay_id=wx2015092016144771cced48280958233306","signType":"MD5","timeStamp":"1442736888","paySign":"131649F4595B207BC4D4164E2FD6330A"}
[2015-09-20 16:18:41][debug] openid1->oXU1ruIG_y53KQM_Ocrya00W95xo
[2015-09-20 16:18:41][debug] openid2->oXU1ruIG_y53KQM_Ocrya00W95xo
[2015-09-20 16:18:41][debug] jsApiParameters->{"appId":"wx7851b75090b42312","nonceStr":"skoqsphjb8pl3vmtwmea4uowtd9syln5","package":"prepay_id=wx20150920161841e74b84f13e0122743583","signType":"MD5","timeStamp":"1442737121","paySign":"D1788637DE26EA2BA29F37AD23A0C67A"}
[2015-09-20 10:19:44][debug] æ·»åŠ åˆ°è´­ç‰©è½¦æˆåŠŸï¼:
[2015-09-20 10:21:15][debug] æ·»åŠ åˆ°è´­ç‰©è½¦æˆåŠŸï¼:
[2015-09-20 16:21:15][debug] openid1->oXU1ruIG_y53KQM_Ocrya00W95xo
[2015-09-20 16:21:15][debug] openid2->oXU1ruIG_y53KQM_Ocrya00W95xo
[2015-09-20 16:21:16][debug] jsApiParameters->{"appId":"wx7851b75090b42312","nonceStr":"bp9b1uj65e9sk4s5wqmc47z7clpzylxl","package":"prepay_id=wx20150920162115b49d89389c0966834823","signType":"MD5","timeStamp":"1442737276","paySign":"57AD843DDDCCD8173A99F83928CEFB46"}
[2015-09-20 10:22:08][debug] --------------------------------------------------------------------
[2015-09-20 10:22:08][debug] æŽˆæƒæˆåŠŸï¼
[2015-09-20 10:22:08][debug] å¾®ä¿¡ç”¨æˆ·ä¿¡æ¯ï¼š{"openid":"oXU1ruKrST1KKNNky4pIk130BrcY","nickname":"HYL","sex":1,"language":"zh_CN","city":"æˆéƒ½","province":"å››å·","country":"ä¸­å›½","headimgurl":"http:\/\/wx.qlogo.cn\/mmopen\/4tpkVGWUO5YhjO4dC797ZOVAsibpln6rHgDpkSiaannl9HsZibnLaOZCXRJDO7OmAxje9XTia091DL8LtoQtdJbrgyhvnAoYoLhd\/0","privilege":[]}
[2015-09-20 10:22:08][debug] --------------------------------------------------------------------
[2015-09-20 16:22:50][debug] openid1->oXU1ruKrST1KKNNky4pIk130BrcY
[2015-09-20 16:22:50][debug] openid2->oXU1ruKrST1KKNNky4pIk130BrcY
[2015-09-20 16:22:52][debug] jsApiParameters->{"appId":"wx7851b75090b42312","nonceStr":"294v4t7zvjdk9mcnyh2pmdoo5ak4j03s","package":"prepay_id=wx20150920162252387a9ef8ba0122647179","signType":"MD5","timeStamp":"1442737372","paySign":"4405DC21EF0A4D54EB32A6B358EC47D7"}
[2015-09-20 10:24:20][debug] æ·»åŠ åˆ°è´­ç‰©è½¦æˆåŠŸï¼:
[2015-09-20 16:24:21][debug] openid1->oXU1ruKrST1KKNNky4pIk130BrcY
[2015-09-20 16:24:21][debug] openid2->oXU1ruKrST1KKNNky4pIk130BrcY
[2015-09-20 16:24:21][debug] jsApiParameters->{"appId":"wx7851b75090b42312","nonceStr":"vx7y3qw22w1efu2vy5uqlxc0rzvd4ol3","package":"prepay_id=wx2015092016242196cccd5d420922277035","signType":"MD5","timeStamp":"1442737461","paySign":"01322A336EA051368F685A060537CEF7"}
[2015-09-20 16:26:16][debug] openid1->oXU1ruKrST1KKNNky4pIk130BrcY
[2015-09-20 16:26:16][debug] openid2->oXU1ruKrST1KKNNky4pIk130BrcY
[2015-09-20 16:26:23][debug] jsApiParameters->{"appId":"wx7851b75090b42312","nonceStr":"u7eiz4e3lpvt5holct3gqo93j2xzap19","package":"prepay_id=wx201509201626231131199f210873198168","signType":"MD5","timeStamp":"1442737583","paySign":"765C63F379AF83D18939ED2C5303307E"}
[2015-09-20 16:28:22][debug] openid1->oXU1ruKrST1KKNNky4pIk130BrcY
[2015-09-20 16:28:22][debug] openid2->oXU1ruKrST1KKNNky4pIk130BrcY
[2015-09-20 16:28:27][debug] jsApiParameters->{"appId":"wx7851b75090b42312","nonceStr":"0zohk38olrsm8gyiaclxamq54v3o8t1x","package":"prepay_id=wx20150920162827e3185050330307779716","signType":"MD5","timeStamp":"1442737707","paySign":"18C2D00BC26A17DB907F0666D64679C6"}
[2015-09-20 10:29:19][debug] --------------------------------------------------------------------
[2015-09-20 10:29:19][debug] æŽˆæƒæˆåŠŸï¼
[2015-09-20 10:29:19][debug] å¾®ä¿¡ç”¨æˆ·ä¿¡æ¯ï¼š{"openid":"oXU1ruNeWzrO92g-nP6ZXbSG0PL0","nickname":"David","sex":1,"language":"zh_CN","city":"å°å·ž","province":"æµ™æ±Ÿ","country":"ä¸­å›½","headimgurl":"http:\/\/wx.qlogo.cn\/mmopen\/3hsWdj2E9tukSnFcoI65914X24aSxl3FlcDJHVpInckruZOiamzg6SVWlib0u0Mf7GuXQxCsJTHSPEhbGxBRgcyCWyQGYTd17T\/0","privilege":[]}
[2015-09-20 10:29:19][debug] --------------------------------------------------------------------
[2015-09-20 16:29:35][debug] openid1->oXU1ruKrST1KKNNky4pIk130BrcY
[2015-09-20 16:29:35][debug] openid2->oXU1ruKrST1KKNNky4pIk130BrcY
[2015-09-20 16:29:35][debug] jsApiParameters->{"appId":"wx7851b75090b42312","nonceStr":"8fjmhanhmsfazlvpj00hpjq3ua8lbxda","package":"prepay_id=wx20150920162935da7e5bcca70336495275","signType":"MD5","timeStamp":"1442737775","paySign":"9C307216AEC0C572EC1E4561FC55910A"}
[2015-09-20 10:29:44][debug] --------------------------------------------------------------------
[2015-09-20 10:29:44][debug] æŽˆæƒæˆåŠŸï¼
[2015-09-20 10:29:44][debug] å¾®ä¿¡ç”¨æˆ·ä¿¡æ¯ï¼š{"openid":"oXU1ruNeWzrO92g-nP6ZXbSG0PL0","nickname":"David","sex":1,"language":"zh_CN","city":"å°å·ž","province":"æµ™æ±Ÿ","country":"ä¸­å›½","headimgurl":"http:\/\/wx.qlogo.cn\/mmopen\/3hsWdj2E9tukSnFcoI65914X24aSxl3FlcDJHVpInckruZOiamzg6SVWlib0u0Mf7GuXQxCsJTHSPEhbGxBRgcyCWyQGYTd17T\/0","privilege":[]}
[2015-09-20 10:29:44][debug] --------------------------------------------------------------------
[2015-09-20 16:32:42][debug] openid1->oXU1ruKrST1KKNNky4pIk130BrcY
[2015-09-20 16:32:42][debug] openid2->oXU1ruKrST1KKNNky4pIk130BrcY
[2015-09-20 16:32:46][debug] jsApiParameters->{"appId":"wx7851b75090b42312","nonceStr":"2ksicgoxfenpmpxks9rj1oah3d077q1t","package":"prepay_id=wx201509201632462e0fc922e10094151563","signType":"MD5","timeStamp":"1442737966","paySign":"CF055F4A054FD5CF8D49A90D1E1184FD"}
[2015-09-20 16:36:18][debug] openid1->oXU1ruKrST1KKNNky4pIk130BrcY
[2015-09-20 16:36:18][debug] openid2->oXU1ruKrST1KKNNky4pIk130BrcY
[2015-09-20 16:36:22][debug] jsApiParameters->{"appId":"wx7851b75090b42312","nonceStr":"gur6yysj9v29toq39xuvkp1wjc5lgacq","package":"prepay_id=wx20150920163622d4db4800c20285914228","signType":"MD5","timeStamp":"1442738182","paySign":"DDAAD94C6DCEB9722D2E2B930951D323"}
[2015-09-20 16:37:48][debug] openid1->
[2015-09-20 16:37:48][debug] openid2->
[2015-09-20 10:38:06][debug] --------------------------------------------------------------------
[2015-09-20 10:38:06][debug] æŽˆæƒæˆåŠŸï¼
[2015-09-20 10:38:06][debug] å¾®ä¿¡ç”¨æˆ·ä¿¡æ¯ï¼š{"openid":"oXU1ruKrST1KKNNky4pIk130BrcY","nickname":"HYL","sex":1,"language":"zh_CN","city":"æˆéƒ½","province":"å››å·","country":"ä¸­å›½","headimgurl":"http:\/\/wx.qlogo.cn\/mmopen\/4tpkVGWUO5YhjO4dC797ZOVAsibpln6rHgDpkSiaannl9HsZibnLaOZCXRJDO7OmAxje9XTia091DL8LtoQtdJbrgyhvnAoYoLhd\/0","privilege":[]}
[2015-09-20 10:38:06][debug] --------------------------------------------------------------------
[2015-09-20 16:38:21][debug] openid1->oXU1ruKrST1KKNNky4pIk130BrcY
[2015-09-20 16:38:21][debug] openid2->oXU1ruKrST1KKNNky4pIk130BrcY
[2015-09-20 16:38:22][debug] jsApiParameters->{"appId":"wx7851b75090b42312","nonceStr":"r82t1k4uhvoumweft4qimci4s1lrb04p","package":"prepay_id=wx20150920163822af401e716c0725020003","signType":"MD5","timeStamp":"1442738302","paySign":"1241CDDAA9FAE49981F1287C5F46AED4"}
[2015-09-20 16:43:04][debug] openid1->oXU1ruKrST1KKNNky4pIk130BrcY
[2015-09-20 16:43:04][debug] openid2->oXU1ruKrST1KKNNky4pIk130BrcY
[2015-09-20 16:43:10][debug] jsApiParameters->{"appId":"wx7851b75090b42312","nonceStr":"4yt6szj1nld4o4i6r17we6b2uezqfi1j","package":"prepay_id=wx20150920164310818baac2900151124403","signType":"MD5","timeStamp":"1442738590","paySign":"90BC344A3C1EEFE03D77CFD9B2232270"}
[2015-09-20 10:50:13][debug] --------------------------------------------------------------------
[2015-09-20 10:50:13][debug] æŽˆæƒæˆåŠŸï¼
[2015-09-20 10:50:13][debug] å¾®ä¿¡ç”¨æˆ·ä¿¡æ¯ï¼š{"openid":"oXU1ruKrST1KKNNky4pIk130BrcY","nickname":"HYL","sex":1,"language":"zh_CN","city":"æˆéƒ½","province":"å››å·","country":"ä¸­å›½","headimgurl":"http:\/\/wx.qlogo.cn\/mmopen\/4tpkVGWUO5YhjO4dC797ZOVAsibpln6rHgDpkSiaannl9HsZibnLaOZCXRJDO7OmAxje9XTia091DL8LtoQtdJbrgyhvnAoYoLhd\/0","privilege":[]}
[2015-09-20 10:50:13][debug] --------------------------------------------------------------------
[2015-09-20 16:50:37][debug] openid1->oXU1ruKrST1KKNNky4pIk130BrcY
[2015-09-20 16:50:37][debug] openid2->oXU1ruKrST1KKNNky4pIk130BrcY
[2015-09-20 16:50:41][debug] jsApiParameters->{"appId":"wx7851b75090b42312","nonceStr":"e289l5eugwp1qf5xc05p4uj5usx2s04l","package":"prepay_id=wx20150920165041856b01d94d0113395594","signType":"MD5","timeStamp":"1442739041","paySign":"FAA3D4D4A2B98FE6A5E055DBDC2014A5"}
[2015-09-20 16:51:04][debug] begin notify
[2015-09-20 16:51:04][debug] call back test:{"appid":"wx7851b75090b42312","attach":"\u5927\u68ee\u6d3b\u52a8","bank_type":"CFT","cash_fee":"1","fee_type":"CNY","is_subscribe":"Y","mch_id":"1270609201","nonce_str":"t2v1dofwclo8y6jqc6bhs1noq7xh7sbl","openid":"oXU1ruKrST1KKNNky4pIk130BrcY","out_trade_no":"127060920120150920165037","result_code":"SUCCESS","return_code":"SUCCESS","sign":"4137E4B95B462B16B49EC27C0D9F1E4D","time_end":"20150920165104","total_fee":"1","trade_type":"JSAPI","transaction_id":"1008400255201509200937937206"}
[2015-09-20 16:51:05][debug] query:{"appid":"wx7851b75090b42312","attach":"\u5927\u68ee\u6d3b\u52a8","bank_type":"CFT","cash_fee":"1","fee_type":"CNY","is_subscribe":"Y","mch_id":"1270609201","nonce_str":"FkAHfXcjjXD7x42q","openid":"oXU1ruKrST1KKNNky4pIk130BrcY","out_trade_no":"127060920120150920165037","result_code":"SUCCESS","return_code":"SUCCESS","return_msg":"OK","sign":"1EAFC970311AA241D54F0943E374E6DC","time_end":"20150920165103","total_fee":"1","trade_state":"SUCCESS","trade_type":"JSAPI","transaction_id":"1008400255201509200937937206"}
[2015-09-20 16:51:05][debug] call back test:è®¢å•æŸ¥è¯¢æˆåŠŸ
[2015-09-20 16:51:05][debug] å›žè°ƒå‚æ•°--ã€‰{"appid":"wx7851b75090b42312","attach":"\u5927\u68ee\u6d3b\u52a8","bank_type":"CFT","cash_fee":"1","fee_type":"CNY","is_subscribe":"Y","mch_id":"1270609201","nonce_str":"t2v1dofwclo8y6jqc6bhs1noq7xh7sbl","openid":"oXU1ruKrST1KKNNky4pIk130BrcY","out_trade_no":"127060920120150920165037","result_code":"SUCCESS","return_code":"SUCCESS","sign":"4137E4B95B462B16B49EC27C0D9F1E4D","time_end":"20150920165104","total_fee":"1","trade_type":"JSAPI","transaction_id":"1008400255201509200937937206"}
[2015-09-20 11:14:01][debug] --------------------------------------------------------------------
[2015-09-20 11:14:01][debug] æŽˆæƒæˆåŠŸï¼
[2015-09-20 11:14:01][debug] å¾®ä¿¡ç”¨æˆ·ä¿¡æ¯ï¼š{"openid":"oXU1ruKrST1KKNNky4pIk130BrcY","nickname":"HYL","sex":1,"language":"zh_CN","city":"æˆéƒ½","province":"å››å·","country":"ä¸­å›½","headimgurl":"http:\/\/wx.qlogo.cn\/mmopen\/4tpkVGWUO5YhjO4dC797ZOVAsibpln6rHgDpkSiaannl9HsZibnLaOZCXRJDO7OmAxje9XTia091DL8LtoQtdJbrgyhvnAoYoLhd\/0","privilege":[]}
[2015-09-20 11:14:01][debug] --------------------------------------------------------------------
[2015-09-20 17:14:18][debug] openid1->oXU1ruKrST1KKNNky4pIk130BrcY
[2015-09-20 17:14:18][debug] openid2->oXU1ruKrST1KKNNky4pIk130BrcY
[2015-09-20 17:14:18][debug] jsApiParameters->{"appId":"wx7851b75090b42312","nonceStr":"inq3n6wugw6fe8zi474rewykczq318i4","package":"prepay_id=wx2015092017141820846fb3700781789218","signType":"MD5","timeStamp":"1442740458","paySign":"6F44AA446EE1BC29B24FFB40507F44F0"}
[2015-09-20 11:20:31][debug] --------------------------------------------------------------------
[2015-09-20 11:20:31][debug] æŽˆæƒæˆåŠŸï¼
[2015-09-20 11:20:31][debug] å¾®ä¿¡ç”¨æˆ·ä¿¡æ¯ï¼š{"openid":"oXU1ruKrST1KKNNky4pIk130BrcY","nickname":"HYL","sex":1,"language":"zh_CN","city":"æˆéƒ½","province":"å››å·","country":"ä¸­å›½","headimgurl":"http:\/\/wx.qlogo.cn\/mmopen\/4tpkVGWUO5YhjO4dC797ZOVAsibpln6rHgDpkSiaannl9HsZibnLaOZCXRJDO7OmAxje9XTia091DL8LtoQtdJbrgyhvnAoYoLhd\/0","privilege":[]}
[2015-09-20 11:20:31][debug] --------------------------------------------------------------------
[2015-09-20 17:20:39][debug] openid1->oXU1ruKrST1KKNNky4pIk130BrcY
[2015-09-20 17:20:39][debug] openid2->oXU1ruKrST1KKNNky4pIk130BrcY
[2015-09-20 17:20:41][debug] jsApiParameters->{"appId":"wx7851b75090b42312","nonceStr":"xvpweaqmhyghrw1ft4naudafjkm7dzmi","package":"prepay_id=wx20150920172041b545a559ec0908664058","signType":"MD5","timeStamp":"1442740841","paySign":"2D917E03BD08576C6715F63F686D6D5D"}
[2015-09-20 11:30:51][debug] --------------------------------------------------------------------
[2015-09-20 11:30:51][debug] æŽˆæƒæˆåŠŸï¼
[2015-09-20 11:30:51][debug] å¾®ä¿¡ç”¨æˆ·ä¿¡æ¯ï¼š{"openid":"oXU1ruKrST1KKNNky4pIk130BrcY","nickname":"HYL","sex":1,"language":"zh_CN","city":"æˆéƒ½","province":"å››å·","country":"ä¸­å›½","headimgurl":"http:\/\/wx.qlogo.cn\/mmopen\/4tpkVGWUO5YhjO4dC797ZOVAsibpln6rHgDpkSiaannl9HsZibnLaOZCXRJDO7OmAxje9XTia091DL8LtoQtdJbrgyhvnAoYoLhd\/0","privilege":[]}
[2015-09-20 11:30:51][debug] --------------------------------------------------------------------
[2015-09-20 17:31:01][debug] openid1->oXU1ruKrST1KKNNky4pIk130BrcY
[2015-09-20 17:31:01][debug] openid2->oXU1ruKrST1KKNNky4pIk130BrcY
[2015-09-20 17:31:03][debug] jsApiParameters->{"appId":"wx7851b75090b42312","nonceStr":"fc2sj8trke06lxvig6p0p9vtfh4oee1o","package":"prepay_id=wx20150920173103c87258a1610705158622","signType":"MD5","timeStamp":"1442741463","paySign":"E39ED9C47E946989E60FDA92A8DBF714"}
[2015-09-20 11:32:28][debug] --------------------------------------------------------------------
[2015-09-20 11:32:28][debug] æŽˆæƒæˆåŠŸï¼
[2015-09-20 11:32:28][debug] å¾®ä¿¡ç”¨æˆ·ä¿¡æ¯ï¼š{"openid":"oXU1ruHOiFLXJIrTBVJGMHsuq7bs","nickname":"å›","sex":2,"language":"zh_CN","city":"å°å·ž","province":"æµ™æ±Ÿ","country":"ä¸­å›½","headimgurl":"http:\/\/wx.qlogo.cn\/mmopen\/BcQRZIbPSiamFjMicGH9LkqUBibm24XV0yibJWkgOh0vkLHVR99oFfZrdR3reiaIFwicUJqX2E005oXZ87Nw43TqD8vSL1w7jlb07u\/0","privilege":[]}
[2015-09-20 11:32:28][debug] --------------------------------------------------------------------
[2015-09-20 11:33:05][debug] finalprice->75500
[2015-09-20 11:33:05][debug] 9->9
[2015-09-20 11:33:05][debug] joinid1->1
[2015-09-20 11:34:03][debug] --------------------------------------------------------------------
[2015-09-20 11:34:03][debug] æŽˆæƒæˆåŠŸï¼
[2015-09-20 11:34:03][debug] å¾®ä¿¡ç”¨æˆ·ä¿¡æ¯ï¼š{"openid":"oXU1ruKrST1KKNNky4pIk130BrcY","nickname":"HYL","sex":1,"language":"zh_CN","city":"æˆéƒ½","province":"å››å·","country":"ä¸­å›½","headimgurl":"http:\/\/wx.qlogo.cn\/mmopen\/4tpkVGWUO5YhjO4dC797ZOVAsibpln6rHgDpkSiaannl9HsZibnLaOZCXRJDO7OmAxje9XTia091DL8LtoQtdJbrgyhvnAoYoLhd\/0","privilege":[]}
[2015-09-20 11:34:03][debug] --------------------------------------------------------------------
[2015-09-20 17:34:32][debug] openid1->oXU1ruKrST1KKNNky4pIk130BrcY
[2015-09-20 17:34:32][debug] openid2->oXU1ruKrST1KKNNky4pIk130BrcY
[2015-09-20 17:34:35][debug] jsApiParameters->{"appId":"wx7851b75090b42312","nonceStr":"ckodqszqoy5a2mk2y270cwy8kzn910qm","package":"prepay_id=wx20150920173435f57e54d74f0994864915","signType":"MD5","timeStamp":"1442741675","paySign":"5B7C9679CEB5B67B07A22D5AD18C5C01"}
[2015-09-20 12:17:41][debug] --------------------------------------------------------------------
[2015-09-20 12:17:41][debug] æŽˆæƒæˆåŠŸï¼
[2015-09-20 12:17:41][debug] å¾®ä¿¡ç”¨æˆ·ä¿¡æ¯ï¼š{"openid":"oXU1ruIG_y53KQM_Ocrya00W95xo","nickname":"hyl","sex":2,"language":"zh_CN","city":"","province":"","country":"ä¸­å›½","headimgurl":"","privilege":[]}
[2015-09-20 12:17:41][debug] --------------------------------------------------------------------
[2015-09-20 18:18:32][debug] openid1->oXU1ruIG_y53KQM_Ocrya00W95xo
[2015-09-20 18:18:32][debug] openid2->oXU1ruIG_y53KQM_Ocrya00W95xo
[2015-09-20 18:18:37][debug] jsApiParameters->{"appId":"wx7851b75090b42312","nonceStr":"j422ysr4mnl5qt7vy7yao15t9zl9vtjb","package":"prepay_id=wx201509201818372f40bab9700510487396","signType":"MD5","timeStamp":"1442744317","paySign":"287A138EC9CF566852A04FD69EAA711B"}
[2015-09-20 12:44:24][debug] --------------------------------------------------------------------
[2015-09-20 12:44:24][debug] æŽˆæƒæˆåŠŸï¼
[2015-09-20 12:44:24][debug] å¾®ä¿¡ç”¨æˆ·ä¿¡æ¯ï¼š{"openid":"oXU1ruIG_y53KQM_Ocrya00W95xo","nickname":"hyl","sex":2,"language":"zh_CN","city":"","province":"","country":"ä¸­å›½","headimgurl":"","privilege":[]}
[2015-09-20 12:44:24][debug] --------------------------------------------------------------------
[2015-09-20 12:55:25][debug] --------------------------------------------------------------------
[2015-09-20 12:55:25][debug] æŽˆæƒæˆåŠŸï¼
[2015-09-20 12:55:25][debug] å¾®ä¿¡ç”¨æˆ·ä¿¡æ¯ï¼š{"openid":"oXU1ruIG_y53KQM_Ocrya00W95xo","nickname":"hyl","sex":2,"language":"zh_CN","city":"","province":"","country":"ä¸­å›½","headimgurl":"","privilege":[]}
[2015-09-20 12:55:25][debug] --------------------------------------------------------------------
[2015-09-20 12:56:20][debug] --------------------------------------------------------------------
[2015-09-20 12:56:20][debug] æŽˆæƒæˆåŠŸï¼
[2015-09-20 12:56:20][debug] å¾®ä¿¡ç”¨æˆ·ä¿¡æ¯ï¼š{"openid":"oXU1ruIG_y53KQM_Ocrya00W95xo","nickname":"hyl","sex":2,"language":"zh_CN","city":"","province":"","country":"ä¸­å›½","headimgurl":"","privilege":[]}
[2015-09-20 12:56:20][debug] --------------------------------------------------------------------
[2015-09-20 12:57:57][debug] --------------------------------------------------------------------
[2015-09-20 12:57:57][debug] æŽˆæƒæˆåŠŸï¼
[2015-09-20 12:57:57][debug] å¾®ä¿¡ç”¨æˆ·ä¿¡æ¯ï¼š{"openid":"oXU1ruIG_y53KQM_Ocrya00W95xo","nickname":"hyl","sex":2,"language":"zh_CN","city":"","province":"","country":"ä¸­å›½","headimgurl":"","privilege":[]}
[2015-09-20 12:57:57][debug] --------------------------------------------------------------------
[2015-09-20 12:58:25][debug] --------------------------------------------------------------------
[2015-09-20 12:58:25][debug] æŽˆæƒæˆåŠŸï¼
[2015-09-20 12:58:25][debug] å¾®ä¿¡ç”¨æˆ·ä¿¡æ¯ï¼š{"openid":"oXU1ruOOkT15VVIRwZyKqOdcPOS8","nickname":"âœ¨â›„ï¸KirsTenâœ¨","sex":2,"language":"zh_CN","city":"Edinburgh","province":"Scotland","country":"","headimgurl":"http:\/\/wx.qlogo.cn\/mmopen\/4tpkVGWUO5bpQFN2Bw5Wybuy8wHMdiaiaenqeNibLmdUXI98T3TEEK931QID4O0uOyzdLXuuVa53xjdqZSJmlx48MqzhBlibSK3D\/0","privilege":[]}
[2015-09-20 12:58:25][debug] --------------------------------------------------------------------
[2015-09-20 12:58:50][debug] --------------------------------------------------------------------
[2015-09-20 12:58:50][debug] æŽˆæƒæˆåŠŸï¼
[2015-09-20 12:58:50][debug] å¾®ä¿¡ç”¨æˆ·ä¿¡æ¯ï¼š{"openid":"oXU1ruOOkT15VVIRwZyKqOdcPOS8","nickname":"âœ¨â›„ï¸KirsTenâœ¨","sex":2,"language":"zh_CN","city":"Edinburgh","province":"Scotland","country":"","headimgurl":"http:\/\/wx.qlogo.cn\/mmopen\/4tpkVGWUO5bpQFN2Bw5Wybuy8wHMdiaiaenqeNibLmdUXI98T3TEEK931QID4O0uOyzdLXuuVa53xjdqZSJmlx48MqzhBlibSK3D\/0","privilege":[]}
[2015-09-20 12:58:50][debug] --------------------------------------------------------------------
[2015-09-20 13:37:58][debug] --------------------------------------------------------------------
[2015-09-20 13:37:58][debug] æŽˆæƒæˆåŠŸï¼
[2015-09-20 13:37:58][debug] å¾®ä¿¡ç”¨æˆ·ä¿¡æ¯ï¼š{"openid":"oXU1ruI3_RiIQrje8EoB-YG-0-YE","nickname":"biaoge","sex":1,"language":"zh_CN","city":"å°å·ž","province":"æµ™æ±Ÿ","country":"ä¸­å›½","headimgurl":"http:\/\/wx.qlogo.cn\/mmopen\/3hsWdj2E9tukSnFcoI65943tJkQZ2IK6y7szlgFgfFtSertdlZHKAb0KUUPiaF2ibWKUuO0aIm5mnhVe0KsI8fPC2PIHnmfLiaH\/0","privilege":[]}
[2015-09-20 13:37:58][debug] --------------------------------------------------------------------
[2015-09-20 13:38:09][debug] finalprice->75000
[2015-09-20 13:38:09][debug] 9->9
[2015-09-20 13:38:09][debug] joinid1->1
[2015-09-20 13:38:47][debug] --------------------------------------------------------------------
[2015-09-20 13:38:47][debug] æŽˆæƒæˆåŠŸï¼
[2015-09-20 13:38:47][debug] å¾®ä¿¡ç”¨æˆ·ä¿¡æ¯ï¼š{"openid":"oXU1ruI3_RiIQrje8EoB-YG-0-YE","nickname":"biaoge","sex":1,"language":"zh_CN","city":"å°å·ž","province":"æµ™æ±Ÿ","country":"ä¸­å›½","headimgurl":"http:\/\/wx.qlogo.cn\/mmopen\/3hsWdj2E9tukSnFcoI65943tJkQZ2IK6y7szlgFgfFtSertdlZHKAb0KUUPiaF2ibWKUuO0aIm5mnhVe0KsI8fPC2PIHnmfLiaH\/0","privilege":[]}
[2015-09-20 13:38:47][debug] --------------------------------------------------------------------
[2015-09-20 14:17:54][debug] --------------------------------------------------------------------
[2015-09-20 14:17:54][debug] æŽˆæƒæˆåŠŸï¼
[2015-09-20 14:17:54][debug] å¾®ä¿¡ç”¨æˆ·ä¿¡æ¯ï¼š{"openid":"oXU1ruKrST1KKNNky4pIk130BrcY","nickname":"HYL","sex":1,"language":"zh_CN","city":"æˆéƒ½","province":"å››å·","country":"ä¸­å›½","headimgurl":"http:\/\/wx.qlogo.cn\/mmopen\/4tpkVGWUO5YhjO4dC797ZOVAsibpln6rHgDpkSiaannl9HsZibnLaOZCXRJDO7OmAxje9XTia091DL8LtoQtdJbrgyhvnAoYoLhd\/0","privilege":[]}
[2015-09-20 14:17:54][debug] --------------------------------------------------------------------
[2015-09-20 20:18:04][debug] openid1->oXU1ruKrST1KKNNky4pIk130BrcY
[2015-09-20 20:18:04][debug] openid2->oXU1ruKrST1KKNNky4pIk130BrcY
[2015-09-20 20:18:04][debug] out_trade_no->127060920120150920201804
[2015-09-20 20:18:06][debug] jsApiParameters->{"appId":"wx7851b75090b42312","nonceStr":"naoht9dtdv2n9ztv2m0irl6wwl675kxu","package":"prepay_id=wx20150920201805835784e1650439507627","signType":"MD5","timeStamp":"1442751486","paySign":"A28F2B20807B1FC774FD5448DD44D45E"}
[2015-09-20 20:35:55][debug] openid1->oXU1ruKrST1KKNNky4pIk130BrcY
[2015-09-20 20:35:55][debug] openid2->oXU1ruKrST1KKNNky4pIk130BrcY
[2015-09-20 20:35:55][debug] out_trade_no->127060920120150920203555
[2015-09-20 20:36:00][debug] jsApiParameters->{"appId":"wx7851b75090b42312","nonceStr":"nw8a4jzdv585odk93lxrpxyeivzv1sbj","package":"prepay_id=wx2015092020360038fe83a5510001353348","signType":"MD5","timeStamp":"1442752560","paySign":"2A2C206094ED35B520835453B9CE24CE"}
[2015-09-20 20:40:51][debug] openid1->oXU1ruKrST1KKNNky4pIk130BrcY
[2015-09-20 20:40:51][debug] openid2->oXU1ruKrST1KKNNky4pIk130BrcY
[2015-09-20 20:40:51][debug] out_trade_no->127060920120150920204051
[2015-09-20 20:40:52][debug] jsApiParameters->{"appId":"wx7851b75090b42312","nonceStr":"aeo86ru7yus9ckhl9k6lgmv3xlucikhy","package":"prepay_id=wx201509202040525d4b811c560971715658","signType":"MD5","timeStamp":"1442752852","paySign":"96E1C66DDD9AE0A2300CA519E98639DD"}
[2015-09-20 14:58:28][debug] --------------------------------------------------------------------
[2015-09-20 14:58:28][debug] æŽˆæƒæˆåŠŸï¼
[2015-09-20 14:58:28][debug] å¾®ä¿¡ç”¨æˆ·ä¿¡æ¯ï¼š{"openid":"oXU1ruIG_y53KQM_Ocrya00W95xo","nickname":"hyl","sex":2,"language":"zh_CN","city":"","province":"","country":"ä¸­å›½","headimgurl":"","privilege":[]}
[2015-09-20 14:58:28][debug] --------------------------------------------------------------------
[2015-09-20 15:04:40][debug] --------------------------------------------------------------------
[2015-09-20 15:04:40][debug] æŽˆæƒæˆåŠŸï¼
[2015-09-20 15:04:40][debug] å¾®ä¿¡ç”¨æˆ·ä¿¡æ¯ï¼š{"openid":"oXU1ruIG_y53KQM_Ocrya00W95xo","nickname":"hyl","sex":2,"language":"zh_CN","city":"","province":"","country":"ä¸­å›½","headimgurl":"","privilege":[]}
[2015-09-20 15:04:40][debug] --------------------------------------------------------------------
[2015-09-20 16:23:33][debug] --------------------------------------------------------------------
[2015-09-20 16:23:33][debug] æŽˆæƒæˆåŠŸï¼
[2015-09-20 16:23:33][debug] å¾®ä¿¡ç”¨æˆ·ä¿¡æ¯ï¼š{"openid":"oXU1ruIG_y53KQM_Ocrya00W95xo","nickname":"hyl","sex":2,"language":"zh_CN","city":"","province":"","country":"ä¸­å›½","headimgurl":"","privilege":[]}
[2015-09-20 16:23:33][debug] --------------------------------------------------------------------
[2015-09-20 16:23:43][debug] --------------------------------------------------------------------
[2015-09-20 16:23:43][debug] æŽˆæƒæˆåŠŸï¼
[2015-09-20 16:23:43][debug] å¾®ä¿¡ç”¨æˆ·ä¿¡æ¯ï¼š{"openid":"oXU1ruIG_y53KQM_Ocrya00W95xo","nickname":"hyl","sex":2,"language":"zh_CN","city":"","province":"","country":"ä¸­å›½","headimgurl":"","privilege":[]}
[2015-09-20 16:23:43][debug] --------------------------------------------------------------------
[2015-09-20 16:29:47][debug] --------------------------------------------------------------------
[2015-09-20 16:29:47][debug] æŽˆæƒæˆåŠŸï¼
[2015-09-20 16:29:47][debug] å¾®ä¿¡ç”¨æˆ·ä¿¡æ¯ï¼š{"openid":"oXU1ruE213ejSN72siQVNwud_Itk","nickname":"é—²èŒ¶è‰¯å‘³","sex":1,"language":"zh_CN","city":"å°å·ž","province":"æµ™æ±Ÿ","country":"ä¸­å›½","headimgurl":"http:\/\/wx.qlogo.cn\/mmopen\/4tpkVGWUO5ahcc9t3xAmmWtuGJLlLIsnqmY8Hb25XojWkaKS3OMIGicbMELR5f7Cp2HF8m9jsatR8HJ0PSQ9J9A\/0","privilege":[]}
[2015-09-20 16:29:47][debug] --------------------------------------------------------------------
[2015-09-20 16:43:31][debug] --------------------------------------------------------------------
[2015-09-20 16:43:31][debug] æŽˆæƒæˆåŠŸï¼
[2015-09-20 16:43:31][debug] å¾®ä¿¡ç”¨æˆ·ä¿¡æ¯ï¼š{"openid":"oXU1ruNeWzrO92g-nP6ZXbSG0PL0","nickname":"David","sex":1,"language":"zh_CN","city":"å°å·ž","province":"æµ™æ±Ÿ","country":"ä¸­å›½","headimgurl":"http:\/\/wx.qlogo.cn\/mmopen\/3hsWdj2E9tukSnFcoI65914X24aSxl3FlcDJHVpInckruZOiamzg6SVWlib0u0Mf7GuXQxCsJTHSPEhbGxBRgcyCWyQGYTd17T\/0","privilege":[]}
[2015-09-20 16:43:31][debug] --------------------------------------------------------------------
[2015-09-20 17:52:36][debug] --------------------------------------------------------------------
[2015-09-20 17:52:36][debug] æŽˆæƒæˆåŠŸï¼
[2015-09-20 17:52:36][debug] å¾®ä¿¡ç”¨æˆ·ä¿¡æ¯ï¼š{"openid":"oXU1ruIG_y53KQM_Ocrya00W95xo","nickname":"hyl","sex":2,"language":"zh_CN","city":"","province":"","country":"ä¸­å›½","headimgurl":"","privilege":[]}
[2015-09-20 17:52:36][debug] --------------------------------------------------------------------
[2015-09-20 17:56:45][debug] --------------------------------------------------------------------
[2015-09-20 17:56:45][debug] æŽˆæƒæˆåŠŸï¼
[2015-09-20 17:56:45][debug] å¾®ä¿¡ç”¨æˆ·ä¿¡æ¯ï¼š{"openid":"oXU1ruIG_y53KQM_Ocrya00W95xo","nickname":"hyl","sex":2,"language":"zh_CN","city":"","province":"","country":"ä¸­å›½","headimgurl":"","privilege":[]}
[2015-09-20 17:56:45][debug] --------------------------------------------------------------------
[2015-09-20 18:07:46][debug] finalprice->88300
[2015-09-20 18:07:46][debug] 11->11
[2015-09-20 18:07:46][debug] joinid1->1
[2015-09-20 18:39:26][debug] --------------------------------------------------------------------
[2015-09-20 18:39:26][debug] æŽˆæƒæˆåŠŸï¼
[2015-09-20 18:39:26][debug] å¾®ä¿¡ç”¨æˆ·ä¿¡æ¯ï¼š{"openid":"oXU1ruKrST1KKNNky4pIk130BrcY","nickname":"HYL","sex":1,"language":"zh_CN","city":"æˆéƒ½","province":"å››å·","country":"ä¸­å›½","headimgurl":"http:\/\/wx.qlogo.cn\/mmopen\/4tpkVGWUO5YhjO4dC797ZOVAsibpln6rHgDpkSiaannl9HsZibnLaOZCXRJDO7OmAxje9XTia091DL8LtoQtdJbrgyhvnAoYoLhd\/0","privilege":[]}
[2015-09-20 18:39:26][debug] --------------------------------------------------------------------
[2015-09-20 18:40:32][debug] --------------------------------------------------------------------
[2015-09-20 18:40:32][debug] æŽˆæƒæˆåŠŸï¼
[2015-09-20 18:40:32][debug] å¾®ä¿¡ç”¨æˆ·ä¿¡æ¯ï¼š{"openid":"oXU1ruKrST1KKNNky4pIk130BrcY","nickname":"HYL","sex":1,"language":"zh_CN","city":"æˆéƒ½","province":"å››å·","country":"ä¸­å›½","headimgurl":"http:\/\/wx.qlogo.cn\/mmopen\/4tpkVGWUO5YhjO4dC797ZOVAsibpln6rHgDpkSiaannl9HsZibnLaOZCXRJDO7OmAxje9XTia091DL8LtoQtdJbrgyhvnAoYoLhd\/0","privilege":[]}
[2015-09-20 18:40:32][debug] --------------------------------------------------------------------
[2015-09-20 18:47:52][debug] --------------------------------------------------------------------
[2015-09-20 18:47:52][debug] æŽˆæƒæˆåŠŸï¼
[2015-09-20 18:47:52][debug] å¾®ä¿¡ç”¨æˆ·ä¿¡æ¯ï¼š{"openid":"oXU1ruKrST1KKNNky4pIk130BrcY","nickname":"HYL","sex":1,"language":"zh_CN","city":"æˆéƒ½","province":"å››å·","country":"ä¸­å›½","headimgurl":"http:\/\/wx.qlogo.cn\/mmopen\/4tpkVGWUO5YhjO4dC797ZOVAsibpln6rHgDpkSiaannl9HsZibnLaOZCXRJDO7OmAxje9XTia091DL8LtoQtdJbrgyhvnAoYoLhd\/0","privilege":[]}
[2015-09-20 18:47:52][debug] --------------------------------------------------------------------
[2015-09-20 18:48:33][debug] --------------------------------------------------------------------
[2015-09-20 18:48:33][debug] æŽˆæƒæˆåŠŸï¼
[2015-09-20 18:48:33][debug] å¾®ä¿¡ç”¨æˆ·ä¿¡æ¯ï¼š{"openid":"oXU1ruKrST1KKNNky4pIk130BrcY","nickname":"HYL","sex":1,"language":"zh_CN","city":"æˆéƒ½","province":"å››å·","country":"ä¸­å›½","headimgurl":"http:\/\/wx.qlogo.cn\/mmopen\/4tpkVGWUO5YhjO4dC797ZOVAsibpln6rHgDpkSiaannl9HsZibnLaOZCXRJDO7OmAxje9XTia091DL8LtoQtdJbrgyhvnAoYoLhd\/0","privilege":[]}
[2015-09-20 18:48:33][debug] --------------------------------------------------------------------
[2015-09-20 19:03:29][debug] --------------------------------------------------------------------
[2015-09-20 19:03:29][debug] æŽˆæƒæˆåŠŸï¼
[2015-09-20 19:03:29][debug] å¾®ä¿¡ç”¨æˆ·ä¿¡æ¯ï¼š{"openid":"oXU1ruIG_y53KQM_Ocrya00W95xo","nickname":"hyl","sex":2,"language":"zh_CN","city":"","province":"","country":"ä¸­å›½","headimgurl":"","privilege":[]}
[2015-09-20 19:03:29][debug] --------------------------------------------------------------------
