[2015-11-02 06:12:33][debug] forword：0
[2015-11-02 06:12:35][debug] forword：0
[2015-11-02 07:03:02][debug] forword：0
[2015-11-02 07:03:10][debug] forword：0
[2015-11-02 07:08:37][debug] forword：0
[2015-11-02 07:08:51][debug] --------------------------------------------------------------------
[2015-11-02 07:08:51][debug] 授权成功！
[2015-11-02 07:08:51][debug] 微信用户信息：{"openid":"oXU1ruNeWzrO92g-nP6ZXbSG0PL0","nickname":"David","sex":1,"language":"zh_CN","city":"台州","province":"浙江","country":"中国","headimgurl":"http:\/\/wx.qlogo.cn\/mmopen\/BcQRZIbPSiamFjMicGH9LkqfNoXeKJhibp86cM6ibjfTO5FB0ia8SOIrAHIoiaX7pFLiaH7OEHAj8nibgI5ptDGSic6zibtJeYATibw4frh\/0","privilege":[]}
[2015-11-02 07:08:51][debug] --------------------------------------------------------------------
[2015-11-02 07:08:51][debug] forword：
[2015-11-02 07:08:57][debug] --------------------------------------------------------------------
[2015-11-02 07:08:57][debug] 授权成功！
[2015-11-02 07:08:57][debug] 微信用户信息：{"openid":"oXU1ruNeWzrO92g-nP6ZXbSG0PL0","nickname":"David","sex":1,"language":"zh_CN","city":"台州","province":"浙江","country":"中国","headimgurl":"http:\/\/wx.qlogo.cn\/mmopen\/BcQRZIbPSiamFjMicGH9LkqfNoXeKJhibp86cM6ibjfTO5FB0ia8SOIrAHIoiaX7pFLiaH7OEHAj8nibgI5ptDGSic6zibtJeYATibw4frh\/0","privilege":[]}
[2015-11-02 07:08:57][debug] --------------------------------------------------------------------
[2015-11-02 07:08:57][debug] forword：
[2015-11-02 07:09:31][debug] forword：0
[2015-11-02 07:09:32][debug] forword：0
[2015-11-02 07:09:36][debug] --------------------------------------------------------------------
[2015-11-02 07:09:36][debug] 授权成功！
[2015-11-02 07:09:36][debug] 微信用户信息：{"openid":"oXU1ruNeWzrO92g-nP6ZXbSG0PL0","nickname":"David","sex":1,"language":"zh_CN","city":"台州","province":"浙江","country":"中国","headimgurl":"http:\/\/wx.qlogo.cn\/mmopen\/BcQRZIbPSiamFjMicGH9LkqfNoXeKJhibp86cM6ibjfTO5FB0ia8SOIrAHIoiaX7pFLiaH7OEHAj8nibgI5ptDGSic6zibtJeYATibw4frh\/0","privilege":[]}
[2015-11-02 07:09:36][debug] --------------------------------------------------------------------
[2015-11-02 07:09:36][debug] forword：
[2015-11-02 08:22:20][debug] forword：0
[2015-11-02 08:22:21][debug] forword：0
[2015-11-02 12:48:58][debug] forword：0
[2015-11-02 12:49:00][debug] --------------------------------------------------------------------
[2015-11-02 12:49:00][debug] 授权成功！
[2015-11-02 12:49:00][debug] 微信用户信息：{"openid":"oXU1ruLYb_Y1BBO4yO2GjqA2nP4w","nickname":"胡士科","sex":1,"language":"zh_CN","city":"宁波","province":"浙江","country":"中国","headimgurl":"http:\/\/wx.qlogo.cn\/mmopen\/4tpkVGWUO5bpQFN2Bw5WyarewaqI6X0DWgWtBDXrmUpqOMonuxGX5MahtGWIGhdibZ7HKjiclRdTmJuv5cFr6P8Wviah02UGU6G\/0","privilege":[]}
[2015-11-02 12:49:00][debug] --------------------------------------------------------------------
[2015-11-02 12:49:00][debug] forword：0
[2015-11-02 12:49:00][debug] forword1111：0
[2015-11-02 12:49:00][debug] forword：index.php?id=0&userfrom=oXU1ruLYb_Y1BBO4yO2GjqA2nP4w&param=xxx
[2015-11-02 12:49:01][debug] forword：0
[2015-11-02 12:49:02][debug] forword：0
[2015-11-02 12:49:02][debug] forword1111：0
[2015-11-02 12:49:02][debug] forword：index.php?id=0&userfrom=oXU1ruLYb_Y1BBO4yO2GjqA2nP4w&param=xxx
[2015-11-02 12:49:02][debug] forword：0
[2015-11-02 13:30:50][debug] forword：0
[2015-11-02 13:30:51][debug] forword：0
[2015-11-02 13:40:11][debug] forword：0
[2015-11-02 13:40:11][debug] forword：0
[2015-11-02 13:40:11][debug] forword：0
[2015-11-02 14:42:18][debug] bargain_id----->
[2015-11-02 14:42:18][debug] bargain_id----->
[2015-11-02 15:02:17][debug] forword：0
[2015-11-02 15:02:17][debug] forword：0
[2015-11-02 15:02:22][debug] --------------------------------------------------------------------
[2015-11-02 15:02:22][debug] 授权成功！
[2015-11-02 15:02:22][debug] 微信用户信息：{"openid":"oXU1ruBYThh6-JV_uDObJgiLSffM","nickname":"小黄球","sex":2,"language":"zh_CN","city":"","province":"","country":"中国","headimgurl":"http:\/\/wx.qlogo.cn\/mmopen\/4tpkVGWUO5YxwZ7mNicV0RxVxuxdN2BZCgfM4G3R9IBEZPkpHicMnRCxG1vLLMAT4ef3gWIgjSkfatKictreFkib7e2vjkBlbiaqh\/0","privilege":[]}
[2015-11-02 15:02:22][debug] --------------------------------------------------------------------
[2015-11-02 15:02:22][debug] forword：0
[2015-11-02 15:02:22][debug] forword：0
[2015-11-02 15:53:12][debug] forword：0
[2015-11-02 15:53:20][debug] --------------------------------------------------------------------
[2015-11-02 15:53:20][debug] 授权成功！
[2015-11-02 15:53:20][debug] 微信用户信息：{"openid":"oXU1ruBlUdvS55e911AWv2zgKrbE","nickname":"水清天蓝","sex":1,"language":"zh_CN","city":"唐山","province":"河北","country":"中国","headimgurl":"http:\/\/wx.qlogo.cn\/mmopen\/4tpkVGWUO5Ytm3g7A7X9Zib9p7GLI51Tw5mlgptypqawwSCSOkghXKQJHrsDOVAsv4icl1kEaR6M7icbXMIHbiayXA\/0","privilege":[]}
[2015-11-02 15:53:20][debug] --------------------------------------------------------------------
[2015-11-02 15:53:20][debug] forword：0
[2015-11-02 15:53:39][debug] --------------------------------------------------------------------
[2015-11-02 15:53:39][debug] 授权成功！
[2015-11-02 15:53:39][debug] 微信用户信息：{"openid":"oXU1ruBlUdvS55e911AWv2zgKrbE","nickname":"水清天蓝","sex":1,"language":"zh_CN","city":"唐山","province":"河北","country":"中国","headimgurl":"http:\/\/wx.qlogo.cn\/mmopen\/4tpkVGWUO5Ytm3g7A7X9Zib9p7GLI51Tw5mlgptypqawwSCSOkghXKQJHrsDOVAsv4icl1kEaR6M7icbXMIHbiayXA\/0","privilege":[]}
[2015-11-02 15:53:39][debug] --------------------------------------------------------------------
[2015-11-02 15:53:39][debug] forword：0
