[2015-10-30 01:09:10][debug] forword：0
[2015-10-30 01:09:13][debug] --------------------------------------------------------------------
[2015-10-30 01:09:13][debug] 授权成功！
[2015-10-30 01:09:13][debug] 微信用户信息：{"openid":"oXU1ruFe56OhCCAzFMmsPaqkHWvc","nickname":"爱哭的*乖乖女*","sex":2,"language":"zh_CN","city":"昌平","province":"北京","country":"中国","headimgurl":"http:\/\/wx.qlogo.cn\/mmopen\/BcQRZIbPSiamFjMicGH9LkqaozpkibGkPiaoOHk2dsmsPAS8lxKHzRUvqqibO2YdRCVs34Zl3XjVemZRxiaLRrykIIRzYyzwVBAL4B\/0","privilege":[]}
[2015-10-30 01:09:13][debug] --------------------------------------------------------------------
[2015-10-30 01:09:13][debug] forword：0
[2015-10-30 01:09:13][debug] forword：0
[2015-10-30 01:09:36][debug] --------------------------------------------------------------------
[2015-10-30 01:09:36][debug] 授权成功！
[2015-10-30 01:09:36][debug] 微信用户信息：{"openid":"oXU1ruFe56OhCCAzFMmsPaqkHWvc","nickname":"爱哭的*乖乖女*","sex":2,"language":"zh_CN","city":"昌平","province":"北京","country":"中国","headimgurl":"http:\/\/wx.qlogo.cn\/mmopen\/BcQRZIbPSiamFjMicGH9LkqaozpkibGkPiaoOHk2dsmsPAS8lxKHzRUvqqibO2YdRCVs34Zl3XjVemZRxiaLRrykIIRzYyzwVBAL4B\/0","privilege":[]}
[2015-10-30 01:09:36][debug] --------------------------------------------------------------------
[2015-10-30 01:10:08][debug] forword：0
[2015-10-30 01:10:17][debug] --------------------------------------------------------------------
[2015-10-30 01:10:17][debug] 授权成功！
[2015-10-30 01:10:17][debug] 微信用户信息：{"openid":"oXU1ruOzgMZw-unHoledYmOR8DFs","nickname":"精气神","sex":1,"language":"zh_CN","city":"唐山","province":"河北","country":"中国","headimgurl":"http:\/\/wx.qlogo.cn\/mmopen\/Q3auHgzwzM5OKjK7icUicL4Tfx9wiatXL35W8FJP3ia3iaFf8C9Hibtib3JFt1mjzoQMTHSiasZTAb5hWH9MVhKbKwsquQ\/0","privilege":[]}
[2015-10-30 01:10:17][debug] --------------------------------------------------------------------
[2015-10-30 01:10:17][debug] forword：0
[2015-10-30 01:10:17][debug] forword：0
[2015-10-30 01:10:57][debug] --------------------------------------------------------------------
[2015-10-30 01:10:57][debug] 授权成功！
[2015-10-30 01:10:57][debug] 微信用户信息：{"openid":"oXU1ruOzgMZw-unHoledYmOR8DFs","nickname":"精气神","sex":1,"language":"zh_CN","city":"唐山","province":"河北","country":"中国","headimgurl":"http:\/\/wx.qlogo.cn\/mmopen\/Q3auHgzwzM5OKjK7icUicL4Tfx9wiatXL35W8FJP3ia3iaFf8C9Hibtib3JFt1mjzoQMTHSiasZTAb5hWH9MVhKbKwsquQ\/0","privilege":[]}
[2015-10-30 01:10:57][debug] --------------------------------------------------------------------
[2015-10-30 01:10:58][debug] forword：0
[2015-10-30 01:12:15][debug] forword：0
[2015-10-30 01:17:42][debug] forword：0
[2015-10-30 01:17:45][debug] --------------------------------------------------------------------
[2015-10-30 01:17:45][debug] 授权成功！
[2015-10-30 01:17:45][debug] 微信用户信息：{"openid":"oXU1ruBFiAc-VH19E-MJWFFAeqBE","nickname":"洛可可","sex":2,"language":"zh_CN","city":"唐山","province":"河北","country":"中国","headimgurl":"http:\/\/wx.qlogo.cn\/mmopen\/PiajxSqBRaEKOeQiabhzsvRX4S4kTIK3ia795lmavRWMUdg99OcMLGhRszzibXan69jL3gDzlrP1DG1b9AIJYRX8VA\/0","privilege":[]}
[2015-10-30 01:17:45][debug] --------------------------------------------------------------------
[2015-10-30 01:17:45][debug] forword：0
[2015-10-30 01:18:18][debug] --------------------------------------------------------------------
[2015-10-30 01:18:18][debug] 授权成功！
[2015-10-30 01:18:18][debug] 微信用户信息：{"openid":"oXU1ruBFiAc-VH19E-MJWFFAeqBE","nickname":"洛可可","sex":2,"language":"zh_CN","city":"唐山","province":"河北","country":"中国","headimgurl":"http:\/\/wx.qlogo.cn\/mmopen\/McYMgia19V0X7SzBia7YTw7knwayGdZc3Hlu6UicNXsShnc53UPibIqictbTicicHzsWhdgw25wfSuA27gicqDIEUKLwiaw\/0","privilege":[]}
[2015-10-30 01:18:18][debug] --------------------------------------------------------------------
[2015-10-30 01:18:18][debug] forword：0
[2015-10-30 01:19:56][debug] forword：0
[2015-10-30 01:19:56][debug] forword：0
[2015-10-30 01:19:56][debug] forword：0
[2015-10-30 01:22:49][debug] forword：0
[2015-10-30 03:01:43][debug] forword：0
[2015-10-30 03:01:43][debug] forword：0
[2015-10-30 03:01:46][debug] --------------------------------------------------------------------
[2015-10-30 03:01:46][debug] 授权成功！
[2015-10-30 03:01:46][debug] 微信用户信息：{"openid":"oXU1ruNI1vU1ES0mS_1_HZs0bmMg","nickname":"↘挚爱°尐宝","sex":1,"language":"zh_CN","city":"唐山","province":"河北","country":"中国","headimgurl":"http:\/\/wx.qlogo.cn\/mmopen\/tNvDKLVOkzfPyHuveyuzBcb4DhRt1blHN7yENich7WDtnglZia9iaG9LkJqiakmAHcbpwxl0FhsGtpMp81HYbibCNrAib9icYn6bnibW\/0","privilege":[]}
[2015-10-30 03:01:46][debug] --------------------------------------------------------------------
[2015-10-30 03:01:47][debug] forword：0
[2015-10-30 03:01:47][debug] forword：0
[2015-10-30 03:01:55][debug] forword：0
[2015-10-30 03:01:58][debug] forword：0
[2015-10-30 03:01:58][debug] forword：0
[2015-10-30 03:01:58][debug] forword：0
[2015-10-30 03:02:05][debug] --------------------------------------------------------------------
[2015-10-30 03:02:05][debug] 授权成功！
[2015-10-30 03:02:05][debug] 微信用户信息：{"openid":"oXU1ruNI1vU1ES0mS_1_HZs0bmMg","nickname":"↘挚爱°尐宝","sex":1,"language":"zh_CN","city":"唐山","province":"河北","country":"中国","headimgurl":"http:\/\/wx.qlogo.cn\/mmopen\/tNvDKLVOkzfPyHuveyuzBcb4DhRt1blHN7yENich7WDtnglZia9iaG9LkJqiakmAHcbpwxl0FhsGtpMp81HYbibCNrAib9icYn6bnibW\/0","privilege":[]}
[2015-10-30 03:02:05][debug] --------------------------------------------------------------------
[2015-10-30 03:02:05][debug] forword：0
[2015-10-30 03:15:13][debug] forword：0
[2015-10-30 03:32:59][debug] forword：0
[2015-10-30 03:32:59][debug] forword：0
[2015-10-30 03:33:02][debug] --------------------------------------------------------------------
[2015-10-30 03:33:02][debug] 授权成功！
[2015-10-30 03:33:02][debug] 微信用户信息：{"openid":"oXU1ruE0UNzHev5pxpBePXJ6nvvE","nickname":"云兄","sex":1,"language":"zh_CN","city":"南京","province":"江苏","country":"中国","headimgurl":"http:\/\/wx.qlogo.cn\/mmopen\/McYMgia19V0Xpz5zbsPFfo5nickPeSmBm7ZhjOEZwIgRAjF520WaicZhSdNjicAuVuGhxP9PhkE85jpHbqxgzWbwZbUteyOyk9aH\/0","privilege":[]}
[2015-10-30 03:33:02][debug] --------------------------------------------------------------------
[2015-10-30 03:33:03][debug] forword：0
[2015-10-30 03:33:03][debug] forword：0
[2015-10-30 03:33:40][debug] --------------------------------------------------------------------
[2015-10-30 03:33:40][debug] 授权成功！
[2015-10-30 03:33:40][debug] 微信用户信息：{"openid":"oXU1ruE0UNzHev5pxpBePXJ6nvvE","nickname":"云兄","sex":1,"language":"zh_CN","city":"南京","province":"江苏","country":"中国","headimgurl":"http:\/\/wx.qlogo.cn\/mmopen\/McYMgia19V0Xpz5zbsPFfo5nickPeSmBm7ZhjOEZwIgRAjF520WaicZhSdNjicAuVuGhxP9PhkE85jpHbqxgzWbwZbUteyOyk9aH\/0","privilege":[]}
[2015-10-30 03:33:40][debug] --------------------------------------------------------------------
[2015-10-30 03:33:45][debug] --------------------------------------------------------------------
[2015-10-30 03:33:45][debug] 授权成功！
[2015-10-30 03:33:45][debug] 微信用户信息：{"openid":"oXU1ruE0UNzHev5pxpBePXJ6nvvE","nickname":"云兄","sex":1,"language":"zh_CN","city":"南京","province":"江苏","country":"中国","headimgurl":"http:\/\/wx.qlogo.cn\/mmopen\/McYMgia19V0Xpz5zbsPFfo5nickPeSmBm7ZhjOEZwIgRAjF520WaicZhSdNjicAuVuGhxP9PhkE85jpHbqxgzWbwZbUteyOyk9aH\/0","privilege":[]}
[2015-10-30 03:33:45][debug] --------------------------------------------------------------------
[2015-10-30 04:54:29][debug] forword：0
[2015-10-30 08:53:54][debug] forword：0
[2015-10-30 08:54:01][debug] --------------------------------------------------------------------
[2015-10-30 08:54:01][debug] 授权成功！
[2015-10-30 08:54:01][debug] 微信用户信息：{"openid":"oXU1ruLVYwenOdk27GB4_6p-0ySQ","nickname":"王嘉诚","sex":1,"language":"zh_CN","city":"保定","province":"河北","country":"中国","headimgurl":"http:\/\/wx.qlogo.cn\/mmopen\/9kXFsjUA12THJZXUVIicn2NTicVQ6N3tLNhjTxdc9FkpoM2RziaM8JvkZJzdLmoKommib5oW0Ipvf4JSMfZPH4t8ybWpvLAdO7rC\/0","privilege":[]}
[2015-10-30 08:54:01][debug] --------------------------------------------------------------------
[2015-10-30 08:54:01][debug] forword：0
[2015-10-30 08:54:03][debug] forword：0
[2015-10-30 08:54:16][debug] forword：0
[2015-10-30 08:54:16][debug] forword：0
[2015-10-30 08:54:20][debug] forword：0
[2015-10-30 08:54:20][debug] forword：0
[2015-10-30 08:54:20][debug] forword：0
[2015-10-30 09:07:28][debug] forword：0
[2015-10-30 09:07:42][debug] forword：0
[2015-10-30 09:30:54][debug] forword：0
[2015-10-30 09:30:57][debug] forword：0
[2015-10-30 09:30:58][debug] forword：0
[2015-10-30 09:30:58][debug] forword：0
[2015-10-30 09:42:48][debug] forword：0
[2015-10-30 09:42:52][debug] --------------------------------------------------------------------
[2015-10-30 09:42:52][debug] 授权成功！
[2015-10-30 09:42:52][debug] 微信用户信息：{"openid":"oXU1ruLXHV6FbNIfeGE4Iyfjo9Gc","nickname":"尔康","sex":1,"language":"zh_CN","city":"","province":"河北","country":"中国","headimgurl":"http:\/\/wx.qlogo.cn\/mmopen\/BcQRZIbPSiamFjMicGH9LkqfYLqqqwcylyZKsbicJXRGko98BkUMqaePqHdJu95sjlwHCnBngZlDzBq3r1EzQhg6m6iaNlAFVrOL\/0","privilege":[]}
[2015-10-30 09:42:52][debug] --------------------------------------------------------------------
[2015-10-30 09:42:53][debug] forword：0
[2015-10-30 09:42:53][debug] forword：0
[2015-10-30 10:33:08][debug] forword：0
[2015-10-30 12:00:06][debug] forword：0
[2015-10-30 12:00:07][debug] --------------------------------------------------------------------
[2015-10-30 12:00:07][debug] 授权成功！
[2015-10-30 12:00:07][debug] 微信用户信息：{"openid":"oXU1ruKL4cf2gh3rJfXqReauKSAk","nickname":"杜庆存","sex":1,"language":"zh_CN","city":"","province":"山东","country":"中国","headimgurl":"http:\/\/wx.qlogo.cn\/mmopen\/ajNVdqHZLLBcDB2n02TIAkUD0sg9bvpTHiaamCmicTByXT9srkgNIhplUp5wByURia4wREbOoXE0eicwt2RH3bceQQ\/0","privilege":[]}
[2015-10-30 12:00:07][debug] --------------------------------------------------------------------
[2015-10-30 12:00:07][debug] forword：0
[2015-10-30 12:00:07][debug] forword1111：0
[2015-10-30 12:00:08][debug] bargain_id----->0
[2015-10-30 12:00:26][debug] bargain_id----->0
[2015-10-30 13:17:05][debug] forword：0
[2015-10-30 13:17:11][debug] --------------------------------------------------------------------
[2015-10-30 13:17:11][debug] 授权成功！
[2015-10-30 13:17:11][debug] 微信用户信息：{"openid":"oXU1ruB_HEFRmba3nWc9J7mNlWbg","nickname":"李敏","sex":2,"language":"zh_CN","city":"保定","province":"河北","country":"中国","headimgurl":"http:\/\/wx.qlogo.cn\/mmopen\/4tpkVGWUO5bpQFN2Bw5WyTqqhhRD8UMhERHiamy7BD2Bpls2BxfG0u8icehvspBE6tK7oaAtnxp88XOYTbiaCY31XuHPs2KffNV\/0","privilege":[]}
[2015-10-30 13:17:11][debug] --------------------------------------------------------------------
[2015-10-30 13:17:11][debug] forword：0
[2015-10-30 13:17:32][debug] --------------------------------------------------------------------
[2015-10-30 13:17:32][debug] 授权成功！
[2015-10-30 13:17:32][debug] 微信用户信息：{"openid":"oXU1ruB_HEFRmba3nWc9J7mNlWbg","nickname":"李敏","sex":2,"language":"zh_CN","city":"保定","province":"河北","country":"中国","headimgurl":"http:\/\/wx.qlogo.cn\/mmopen\/4tpkVGWUO5bpQFN2Bw5WyTqqhhRD8UMhERHiamy7BD2Bpls2BxfG0u8icehvspBE6tK7oaAtnxp88XOYTbiaCY31XuHPs2KffNV\/0","privilege":[]}
[2015-10-30 13:17:32][debug] --------------------------------------------------------------------
[2015-10-30 13:17:33][debug] forword：0
[2015-10-30 13:17:40][debug] --------------------------------------------------------------------
[2015-10-30 13:17:40][debug] 授权成功！
[2015-10-30 13:17:40][debug] 微信用户信息：{"openid":"oXU1ruB_HEFRmba3nWc9J7mNlWbg","nickname":"李敏","sex":2,"language":"zh_CN","city":"保定","province":"河北","country":"中国","headimgurl":"http:\/\/wx.qlogo.cn\/mmopen\/4tpkVGWUO5bpQFN2Bw5WyTqqhhRD8UMhERHiamy7BD2Bpls2BxfG0u8icehvspBE6tK7oaAtnxp88XOYTbiaCY31XuHPs2KffNV\/0","privilege":[]}
[2015-10-30 13:17:40][debug] --------------------------------------------------------------------
[2015-10-30 13:17:41][debug] --------------------------------------------------------------------
[2015-10-30 13:17:41][debug] 授权成功！
[2015-10-30 13:17:41][debug] 微信用户信息：{"openid":"oXU1ruB_HEFRmba3nWc9J7mNlWbg","nickname":"李敏","sex":2,"language":"zh_CN","city":"保定","province":"河北","country":"中国","headimgurl":"http:\/\/wx.qlogo.cn\/mmopen\/4tpkVGWUO5bpQFN2Bw5WyTqqhhRD8UMhERHiamy7BD2Bpls2BxfG0u8icehvspBE6tK7oaAtnxp88XOYTbiaCY31XuHPs2KffNV\/0","privilege":[]}
[2015-10-30 13:17:41][debug] --------------------------------------------------------------------
[2015-10-30 13:17:42][debug] forword：0
[2015-10-30 13:19:34][debug] forword：0
[2015-10-30 13:20:03][debug] forword：0
[2015-10-30 13:20:36][debug] forword：0
[2015-10-30 13:21:22][debug] forword：0
[2015-10-30 13:21:28][debug] forword：0
[2015-10-30 14:02:27][debug] forword：0
[2015-10-30 14:02:28][debug] forword：0
[2015-10-30 16:04:27][debug] forword：0
[2015-10-30 16:04:27][debug] forword：0
[2015-10-30 16:04:38][debug] --------------------------------------------------------------------
[2015-10-30 16:04:38][debug] 授权成功！
[2015-10-30 16:04:38][debug] 微信用户信息：{"openid":"oXU1ruGpXd6sinG19urUmMaqDM0g","nickname":"唯一","sex":1,"language":"zh_CN","city":"丰台","province":"北京","country":"中国","headimgurl":"http:\/\/wx.qlogo.cn\/mmopen\/4tpkVGWUO5bpQFN2Bw5WyerQafMumTJHAibxT8RHMrOiaXImjMygw1wuGDSiaoGxHV4u3ujCtQVB9xsulKGYcBjbmkbaVJgXDibK\/0","privilege":[]}
[2015-10-30 16:04:38][debug] --------------------------------------------------------------------
[2015-10-30 16:04:38][debug] forword：0
[2015-10-30 16:04:38][debug] forword：0
[2015-10-30 16:04:39][debug] forword：0
[2015-10-30 16:05:28][debug] --------------------------------------------------------------------
[2015-10-30 16:05:28][debug] 授权成功！
[2015-10-30 16:05:28][debug] 微信用户信息：{"openid":"oXU1ruGpXd6sinG19urUmMaqDM0g","nickname":"唯一","sex":1,"language":"zh_CN","city":"丰台","province":"北京","country":"中国","headimgurl":"http:\/\/wx.qlogo.cn\/mmopen\/4tpkVGWUO5bpQFN2Bw5WyerQafMumTJHAibxT8RHMrOiaXImjMygw1wuGDSiaoGxHV4u3ujCtQVB9xsulKGYcBjbmkbaVJgXDibK\/0","privilege":[]}
[2015-10-30 16:05:28][debug] --------------------------------------------------------------------
[2015-10-30 16:05:28][debug] forword：0
[2015-10-30 17:03:00][debug] forword：0
[2015-10-30 19:27:34][debug] forword：0
[2015-10-30 19:27:34][debug] forword：0
[2015-10-30 19:27:43][debug] --------------------------------------------------------------------
[2015-10-30 19:27:43][debug] 授权成功！
[2015-10-30 19:27:43][debug] 微信用户信息：{"openid":"oXU1ruOctkQngvsWwWQAZPyEXzqY","nickname":"。記憶","sex":1,"language":"zh_CN","city":"龙岩","province":"福建","country":"中国","headimgurl":"http:\/\/wx.qlogo.cn\/mmopen\/4tpkVGWUO5bpQFN2Bw5WyUEoxia3EVibh9KGDMSbFhBNy3HvRibYz4WKzzbyPXgN1ib2dbt4ibUzjEIgZk9pWtIAgJpjjdrjAZy3J\/0","privilege":[]}
[2015-10-30 19:27:43][debug] --------------------------------------------------------------------
[2015-10-30 19:27:43][debug] forword：0
[2015-10-30 19:27:43][debug] forword：0
[2015-10-30 19:27:43][debug] forword：0
