[2015-10-08 00:24:43][debug] forword：0
[2015-10-08 00:24:49][debug] --------------------------------------------------------------------
[2015-10-08 00:24:49][debug] 授权成功！
[2015-10-08 00:24:49][debug] 微信用户信息：{"openid":"oXU1ruIkfpm1qFBAZYJy2AKWEq6o","nickname":"悠然","sex":2,"language":"zh_CN","city":"","province":"","country":"中国","headimgurl":"http:\/\/wx.qlogo.cn\/mmopen\/McYMgia19V0VHxjnuPh5w6LjE8vOibichw9RqrLiaPicgZGOW1DajxwCKxV2zRVvqZsWJt1JSCXl8OXSszAYwycUoSPzXNCIEyY7B\/0","privilege":[]}
[2015-10-08 00:24:49][debug] --------------------------------------------------------------------
[2015-10-08 00:24:49][debug] forword：0
[2015-10-08 00:24:49][debug] forword：0
[2015-10-08 00:25:00][debug] --------------------------------------------------------------------
[2015-10-08 00:25:00][debug] 授权成功！
[2015-10-08 00:25:00][debug] 微信用户信息：{"openid":"oXU1ruIkfpm1qFBAZYJy2AKWEq6o","nickname":"悠然","sex":2,"language":"zh_CN","city":"","province":"","country":"中国","headimgurl":"http:\/\/wx.qlogo.cn\/mmopen\/McYMgia19V0VHxjnuPh5w6LjE8vOibichw9RqrLiaPicgZGOW1DajxwCKxV2zRVvqZsWJt1JSCXl8OXSszAYwycUoSPzXNCIEyY7B\/0","privilege":[]}
[2015-10-08 00:25:00][debug] --------------------------------------------------------------------
[2015-10-08 00:47:04][debug] forword：0
[2015-10-08 00:47:16][debug] forword：0
[2015-10-08 00:47:58][debug] forword：0
[2015-10-08 00:48:01][debug] --------------------------------------------------------------------
[2015-10-08 00:48:01][debug] 授权成功！
[2015-10-08 00:48:01][debug] 微信用户信息：{"openid":"oXU1ruA5UEkXLhevdnPvonSdJSHY","nickname":"妈妈瑶瑶公主","sex":2,"language":"zh_CN","city":"","province":"","country":"中国","headimgurl":"http:\/\/wx.qlogo.cn\/mmopen\/4tpkVGWUO5bpQFN2Bw5WyVv2bMZOUp2Qnytcf4e7pwKlvzQGNwDgWRcv3CCPSwZCJZR8WofZojxeQtzibOE9wJv1iaUrDkpL6Q\/0","privilege":[]}
[2015-10-08 00:48:01][debug] --------------------------------------------------------------------
[2015-10-08 00:48:01][debug] forword：0
[2015-10-08 01:22:29][debug] forword：0
[2015-10-08 02:08:49][debug] forword：0
[2015-10-08 02:08:49][debug] forword：0
[2015-10-08 02:16:43][debug] forword：0
[2015-10-08 02:26:30][debug] forword：0
[2015-10-08 02:26:34][debug] --------------------------------------------------------------------
[2015-10-08 02:26:34][debug] 授权成功！
[2015-10-08 02:26:34][debug] 微信用户信息：{"openid":"oXU1ruAulTtEchJYm_ZBU9EpYwWQ","nickname":"段庄华宇缝纫设备","sex":1,"language":"zh_CN","city":"保定","province":"河北","country":"中国","headimgurl":"http:\/\/wx.qlogo.cn\/mmopen\/BcQRZIbPSiamFjMicGH9LkqbZ26Amd5osiaUYCIBHCkx5u0kmMHotGVByZmfrH2kibNLDlWAABTekLj3X2eib2CvSqmpHyZn9lWEo\/0","privilege":[]}
[2015-10-08 02:26:34][debug] --------------------------------------------------------------------
[2015-10-08 02:26:35][debug] forword：0
[2015-10-08 02:37:36][debug] forword：0
[2015-10-08 03:29:10][debug] forword：0
[2015-10-08 03:29:18][debug] --------------------------------------------------------------------
[2015-10-08 03:29:18][debug] 授权成功！
[2015-10-08 03:29:18][debug] 微信用户信息：{"openid":"oXU1ruP2Y3Ndccx81dvES4m8e7JI","nickname":"妍妮","sex":2,"language":"zh_CN","city":"唐山","province":"河北","country":"中国","headimgurl":"http:\/\/wx.qlogo.cn\/mmopen\/4tpkVGWUO5a9dwibfelgHHf5RQtQYY1pSoiaLdXnOzCc5VwXJUCIhEK9eGWPqwXibyIGRuP7lbNdNGS7iaRhD3fm5PpPErV5yxoy\/0","privilege":[]}
[2015-10-08 03:29:18][debug] --------------------------------------------------------------------
[2015-10-08 03:29:18][debug] forword：0
[2015-10-08 03:36:25][debug] finalprice->73100
[2015-10-08 03:36:25][debug] 330->330
[2015-10-08 03:36:25][debug] joinid1->1
[2015-10-08 03:36:27][debug] forword：0
[2015-10-08 03:36:42][debug] bargain_id----->0
[2015-10-08 03:37:04][debug] --------------------------------------------------------------------
[2015-10-08 03:37:04][debug] 授权成功！
[2015-10-08 03:37:04][debug] 微信用户信息：{"openid":"oXU1ruP2Y3Ndccx81dvES4m8e7JI","nickname":"妍妮","sex":2,"language":"zh_CN","city":"唐山","province":"河北","country":"中国","headimgurl":"http:\/\/wx.qlogo.cn\/mmopen\/4tpkVGWUO5a9dwibfelgHHf5RQtQYY1pSoiaLdXnOzCc5VwXJUCIhEK9eGWPqwXibyIGRuP7lbNdNGS7iaRhD3fm5PpPErV5yxoy\/0","privilege":[]}
[2015-10-08 03:37:04][debug] --------------------------------------------------------------------
[2015-10-08 03:37:09][debug] --------------------------------------------------------------------
[2015-10-08 03:37:09][debug] 授权成功！
[2015-10-08 03:37:09][debug] 微信用户信息：{"openid":"oXU1ruP2Y3Ndccx81dvES4m8e7JI","nickname":"妍妮","sex":2,"language":"zh_CN","city":"唐山","province":"河北","country":"中国","headimgurl":"http:\/\/wx.qlogo.cn\/mmopen\/4tpkVGWUO5a9dwibfelgHHf5RQtQYY1pSoiaLdXnOzCc5VwXJUCIhEK9eGWPqwXibyIGRuP7lbNdNGS7iaRhD3fm5PpPErV5yxoy\/0","privilege":[]}
[2015-10-08 03:37:09][debug] --------------------------------------------------------------------
[2015-10-08 03:37:11][debug] forword：0
[2015-10-08 04:18:39][debug] forword：0
[2015-10-08 04:18:45][debug] --------------------------------------------------------------------
[2015-10-08 04:18:45][debug] 授权成功！
[2015-10-08 04:18:45][debug] 微信用户信息：{"openid":"oXU1ruJtNV7Vw2enY355DgWVzrJM","nickname":"桅子花开","sex":2,"language":"zh_CN","city":"唐山","province":"河北","country":"中国","headimgurl":"http:\/\/wx.qlogo.cn\/mmopen\/tNvDKLVOkzfPyHuveyuzBVribjwxZPv2bBg7xbbecllT7CoibcCUpflMRZ1o1KOjWicREqyRPYsSnaqapOEQ7qO7zPCUuhQXU33\/0","privilege":[]}
[2015-10-08 04:18:45][debug] --------------------------------------------------------------------
[2015-10-08 04:18:45][debug] forword：0
[2015-10-08 04:19:27][debug] forword：0
[2015-10-08 05:13:22][debug] forword：0
[2015-10-08 05:13:22][debug] forword：0
[2015-10-08 05:13:32][debug] --------------------------------------------------------------------
[2015-10-08 05:13:32][debug] 授权成功！
[2015-10-08 05:13:32][debug] 微信用户信息：{"openid":"oXU1ruKsOmg379yuz7OX3kaTyeUc","nickname":"蔡百胜","sex":1,"language":"zh_CN","city":"丰台","province":"北京","country":"中国","headimgurl":"http:\/\/wx.qlogo.cn\/mmopen\/ajNVdqHZLLDlbxRjicUw4sxicUzwwTs2ia5IKjj6cOcsicqK7pbGh9U6N0w8wIq8Nk34PxUicTtcG5zRqmz7A5sVnAA\/0","privilege":[]}
[2015-10-08 05:13:32][debug] --------------------------------------------------------------------
[2015-10-08 05:13:32][debug] forword：0
[2015-10-08 05:14:32][debug] bargain_id----->0
[2015-10-08 06:38:00][debug] forword：0
[2015-10-08 06:38:04][debug] --------------------------------------------------------------------
[2015-10-08 06:38:04][debug] 授权成功！
[2015-10-08 06:38:04][debug] 微信用户信息：{"openid":"oXU1ruOvB5S67RvObHdpEAdT6cUw","nickname":"无言","sex":2,"language":"zh_CN","city":"","province":"内蒙古","country":"中国","headimgurl":"http:\/\/wx.qlogo.cn\/mmopen\/PiajxSqBRaEKuF6b4UUeiaJ2JKO7uuDiaqBCDM3mJgLAPRVPZic0aBxey0to0UjSwYWEc7AVkiayOGfzicd2iaDsOAq8A\/0","privilege":[]}
[2015-10-08 06:38:04][debug] --------------------------------------------------------------------
[2015-10-08 06:38:05][debug] forword：0
[2015-10-08 06:38:05][debug] forword：0
[2015-10-08 06:38:22][debug] forword：0
[2015-10-08 06:38:25][debug] forword：0
[2015-10-08 06:38:25][debug] forword：0
[2015-10-08 07:31:34][debug] forword：0
[2015-10-08 07:31:50][debug] --------------------------------------------------------------------
[2015-10-08 07:31:50][debug] 授权成功！
[2015-10-08 07:31:50][debug] 微信用户信息：{"openid":"oXU1ruNLyXx1FusdFgQp1o4P_Z_E","nickname":"A           正能量強","sex":1,"language":"zh_CN","city":"唐山","province":"河北","country":"中国","headimgurl":"http:\/\/wx.qlogo.cn\/mmopen\/ajNVdqHZLLDb2J0XX0RMR6upLS1ic5L1AQIrS3ZM125mrGVaa9T5fHBHh95WZMcwxTjyyMy7ntUyYBFYy9VQniag\/0","privilege":[]}
[2015-10-08 07:31:50][debug] --------------------------------------------------------------------
[2015-10-08 07:31:53][debug] forword：0
[2015-10-08 07:31:53][debug] forword：0
[2015-10-08 07:32:37][debug] forword：0
[2015-10-08 07:45:19][debug] forword：0
[2015-10-08 07:49:46][debug] forword：0
[2015-10-08 07:49:47][debug] forword：0
[2015-10-08 07:49:53][debug] forword：0
[2015-10-08 07:49:57][debug] forword：0
[2015-10-08 07:49:59][debug] forword：0
[2015-10-08 07:50:01][debug] forword：0
[2015-10-08 08:27:43][debug] forword：0
[2015-10-08 08:27:48][debug] --------------------------------------------------------------------
[2015-10-08 08:27:48][debug] 授权成功！
[2015-10-08 08:27:48][debug] 微信用户信息：{"openid":"oXU1ruHlTG6_WwYgyJh11M7HTkrA","nickname":"美好明天","sex":2,"language":"zh_CN","city":"台州","province":"浙江","country":"中国","headimgurl":"http:\/\/wx.qlogo.cn\/mmopen\/3hsWdj2E9tvicS2BMt4mWkiboCQjsibN47IEVX1ZxTxnqYmvcbhTbO7PcabQu347Sic7p3MaOViaUQ9Fwom4yJ09tLsD7uTAd8ApU\/0","privilege":[]}
[2015-10-08 08:27:48][debug] --------------------------------------------------------------------
[2015-10-08 08:27:48][debug] forword：0
[2015-10-08 08:27:51][debug] --------------------------------------------------------------------
[2015-10-08 08:27:51][debug] 授权成功！
[2015-10-08 08:27:51][debug] 微信用户信息：{"openid":"oXU1ruHlTG6_WwYgyJh11M7HTkrA","nickname":"美好明天","sex":2,"language":"zh_CN","city":"台州","province":"浙江","country":"中国","headimgurl":"http:\/\/wx.qlogo.cn\/mmopen\/3hsWdj2E9tvicS2BMt4mWkiboCQjsibN47IEVX1ZxTxnqYmvcbhTbO7PcabQu347Sic7p3MaOViaUQ9Fwom4yJ09tLsD7uTAd8ApU\/0","privilege":[]}
[2015-10-08 08:27:51][debug] --------------------------------------------------------------------
[2015-10-08 08:27:51][debug] forword：0
[2015-10-08 08:28:13][debug] forword：0
[2015-10-08 08:45:09][debug] forword：0
[2015-10-08 08:45:23][debug] --------------------------------------------------------------------
[2015-10-08 08:45:23][debug] 授权成功！
[2015-10-08 08:45:23][debug] 微信用户信息：{"openid":"oXU1ruNpuoe3EFXobWMs7pq-1bCc","nickname":"优雅依然","sex":2,"language":"zh_CN","city":"唐山","province":"河北","country":"中国","headimgurl":"http:\/\/wx.qlogo.cn\/mmopen\/McYMgia19V0VHxjnuPh5w6EHpvlj523zgibpHfk1EqZ9bVV6fxUzbdpucw4ht4nRKkzITHHEW5ibWvly78jq9Jz8JxY0DlOcPRD\/0","privilege":[]}
[2015-10-08 08:45:23][debug] --------------------------------------------------------------------
[2015-10-08 08:45:23][debug] forword：0
[2015-10-08 08:45:23][debug] forword：0
[2015-10-08 08:46:49][debug] forword：0
[2015-10-08 09:09:07][debug] forword：0
[2015-10-08 09:16:18][debug] forword：0
[2015-10-08 09:16:18][debug] forword：0
[2015-10-08 09:16:18][debug] forword：0
[2015-10-08 09:49:41][debug] forword：0
[2015-10-08 09:49:42][debug] forword：0
[2015-10-08 09:49:46][debug] --------------------------------------------------------------------
[2015-10-08 09:49:46][debug] 授权成功！
[2015-10-08 09:49:46][debug] 微信用户信息：{"openid":"oXU1ruNrQkWS4QHfzJ-KNLl3D9SI","nickname":"周希月","sex":1,"language":"zh_CN","city":"唐山","province":"河北","country":"中国","headimgurl":"http:\/\/wx.qlogo.cn\/mmopen\/tNvDKLVOkzfPyHuveyuzBbSqWGqsaXZjxENWshY2apn176eUrzUicdBVbyJTBZDM6BJJUibUUnBot8IOT84e9svtcvaBe1hicdZ\/0","privilege":[]}
[2015-10-08 09:49:46][debug] --------------------------------------------------------------------
[2015-10-08 09:50:26][debug] forword：0
[2015-10-08 09:50:47][debug] forword：0
[2015-10-08 09:50:48][debug] forword：0
[2015-10-08 10:06:23][debug] forword：0
[2015-10-08 10:06:23][debug] forword：0
[2015-10-08 10:06:27][debug] --------------------------------------------------------------------
[2015-10-08 10:06:27][debug] 授权成功！
[2015-10-08 10:06:27][debug] 微信用户信息：{"openid":"oXU1ruGWYTpTXAU2-cM-UY6NI6yQ","nickname":"春红倩硕","sex":2,"language":"zh_CN","city":"保定","province":"河北","country":"中国","headimgurl":"http:\/\/wx.qlogo.cn\/mmopen\/4tpkVGWUO5bpQFN2Bw5WyXU6DOrlZm24MG6vGo3gDM8Mricbnf2DeibrecCn60UKEOXbia9VkdHbslXqf6hpcaQDm7JoicKj0Keo\/0","privilege":[]}
[2015-10-08 10:06:27][debug] --------------------------------------------------------------------
[2015-10-08 10:06:28][debug] forword：0
[2015-10-08 10:06:42][debug] forword：0
[2015-10-08 10:06:42][debug] forword：0
[2015-10-08 10:06:49][debug] forword：0
[2015-10-08 10:06:56][debug] forword：0
[2015-10-08 10:06:56][debug] forword：0
[2015-10-08 10:07:08][debug] forword：0
[2015-10-08 10:07:08][debug] forword：0
[2015-10-08 10:07:14][debug] forword：0
[2015-10-08 10:07:22][debug] forword：0
[2015-10-08 10:07:22][debug] forword：0
[2015-10-08 10:07:43][debug] forword：0
[2015-10-08 10:07:43][debug] forword：0
[2015-10-08 11:23:25][debug] bargain_id----->
[2015-10-08 12:03:14][debug] forword：0
[2015-10-08 12:03:17][debug] forword：0
[2015-10-08 12:03:27][debug] forword：0
[2015-10-08 12:03:29][debug] forword：0
[2015-10-08 12:03:30][debug] forword：0
[2015-10-08 12:20:36][debug] forword：0
[2015-10-08 12:20:40][debug] --------------------------------------------------------------------
[2015-10-08 12:20:40][debug] 授权成功！
[2015-10-08 12:20:40][debug] 微信用户信息：{"openid":"oXU1ruHaruL-96K47V5Cu5CUr8iQ","nickname":"陈千斌","sex":1,"language":"zh_CN","city":"嘉兴","province":"浙江","country":"中国","headimgurl":"http:\/\/wx.qlogo.cn\/mmopen\/McYMgia19V0XaMI0KT7OWAXSfD34CLTKYzSCiaicPOflt22JFsibWamQHu5UE9GpQK2dRrXDhOc4JylhASiaxTkl5ah1QiaicN8D1Iib\/0","privilege":[]}
[2015-10-08 12:20:40][debug] --------------------------------------------------------------------
[2015-10-08 12:20:41][debug] forword：0
[2015-10-08 12:34:34][debug] forword：0
[2015-10-08 12:34:34][debug] forword：0
[2015-10-08 13:35:11][debug] forword：0
[2015-10-08 13:51:53][debug] forword：0
[2015-10-08 13:51:57][debug] --------------------------------------------------------------------
[2015-10-08 13:51:57][debug] 授权成功！
[2015-10-08 13:51:57][debug] 微信用户信息：{"openid":"oXU1ruKlOBr2lX6FAlAom4876zwA","nickname":"喜欢阴雨天","sex":1,"language":"zh_CN","city":"唐山","province":"河北","country":"中国","headimgurl":"http:\/\/wx.qlogo.cn\/mmopen\/4tpkVGWUO5ZuYic7pFtCja67u26gRSFiaXp2e0fbM9VCr2PtkVd9N5OKqtCVeG744M8ENibTJibkkiaVYLbSEZN6GZA\/0","privilege":[]}
[2015-10-08 13:51:57][debug] --------------------------------------------------------------------
[2015-10-08 13:51:58][debug] forword：0
[2015-10-08 13:51:58][debug] forword：0
[2015-10-08 13:52:25][debug] forword：0
[2015-10-08 13:52:26][debug] forword：0
[2015-10-08 14:04:52][debug] forword：0
[2015-10-08 14:07:44][debug] forword：0
[2015-10-08 14:07:44][debug] forword：0
[2015-10-08 14:15:42][debug] forword：0
[2015-10-08 14:24:46][debug] forword：0
[2015-10-08 14:24:51][debug] --------------------------------------------------------------------
[2015-10-08 14:24:51][debug] 授权成功！
[2015-10-08 14:24:51][debug] 微信用户信息：{"openid":"oXU1ruNwvoYUolGJDFYBFiH2MGWM","nickname":"暖暖的爱","sex":2,"language":"zh_CN","city":"唐山","province":"河北","country":"中国","headimgurl":"http:\/\/wx.qlogo.cn\/mmopen\/BcQRZIbPSiamFjMicGH9LkqbEAicLfO4Tr7qC05CwmGib4LwoTN3X92GZ0hqHicDLD7tiacXgAvK8Y3ccPguyKVTLUwa6pibDoUqWrN\/0","privilege":[]}
[2015-10-08 14:24:51][debug] --------------------------------------------------------------------
[2015-10-08 14:24:51][debug] forword：0
[2015-10-08 14:25:18][debug] forword：0
[2015-10-08 14:25:46][debug] forword：0
[2015-10-08 14:41:04][debug] forword：0
[2015-10-08 14:41:09][debug] --------------------------------------------------------------------
[2015-10-08 14:41:09][debug] 授权成功！
[2015-10-08 14:41:09][debug] 微信用户信息：{"openid":"oXU1ruBn6aRuCnTIlltDCLrJ7Jkc","nickname":"省略","sex":2,"language":"zh_CN","city":"唐山","province":"河北","country":"中国","headimgurl":"http:\/\/wx.qlogo.cn\/mmopen\/Q3auHgzwzM4QTUsldZuLiaKpkmynJo1wiaBick8WtDwaYeclD619tyFWSW2BicDGHicgibicEUibYOmburiatPgFl8AibwLicKJTzgeseAAb3AlVg6UJ3k\/0","privilege":[]}
[2015-10-08 14:41:09][debug] --------------------------------------------------------------------
[2015-10-08 14:41:10][debug] forword：0
[2015-10-08 14:41:10][debug] forword：0
[2015-10-08 14:43:38][debug] forword：0
[2015-10-08 14:43:45][debug] --------------------------------------------------------------------
[2015-10-08 14:43:45][debug] 授权成功！
[2015-10-08 14:43:45][debug] 微信用户信息：{"openid":"oXU1ruI2TkaPH6wFkjhsFYnUN9Hk","nickname":"小静","sex":2,"language":"zh_CN","city":"唐山","province":"河北","country":"中国","headimgurl":"http:\/\/wx.qlogo.cn\/mmopen\/McYMgia19V0VHxjnuPh5w6LNtPzZUQOw1PxbuiaooK5E5C9hlEz84U1vxVTIGKCjHTd7G9yVe8pFjNxm8PjUDnmM92Me2Vpk7t\/0","privilege":[]}
[2015-10-08 14:43:45][debug] --------------------------------------------------------------------
[2015-10-08 14:43:46][debug] forword：0
[2015-10-08 15:09:12][debug] forword：
[2015-10-08 15:09:31][debug] forword：
[2015-10-08 15:09:46][debug] forword：
[2015-10-08 15:20:53][debug] forword：0
[2015-10-08 15:20:53][debug] forword：0
[2015-10-08 15:40:53][debug] forword：0
[2015-10-08 15:40:53][debug] forword：0
[2015-10-08 15:41:00][debug] --------------------------------------------------------------------
[2015-10-08 15:41:00][debug] 授权成功！
[2015-10-08 15:41:00][debug] 微信用户信息：{"openid":"oXU1ruDiPLqcL_6rgSQR4Yu2etg4","nickname":"雪花","sex":2,"language":"zh_CN","city":"","province":"天津","country":"中国","headimgurl":"http:\/\/wx.qlogo.cn\/mmopen\/3hsWdj2E9tv9MXPGz2Zb9LXNr5ZicvSd6GNbTQok6y5icfMITVXLpT23aicSGYXTbsLJ0yEWYOdgVQ3Y8HPibiaiaRaQWT4gDuUttZ\/0","privilege":[]}
[2015-10-08 15:41:00][debug] --------------------------------------------------------------------
[2015-10-08 15:41:00][debug] forword：0
[2015-10-08 15:41:00][debug] forword：0
[2015-10-08 15:41:47][debug] --------------------------------------------------------------------
[2015-10-08 15:41:47][debug] 授权成功！
[2015-10-08 15:41:47][debug] 微信用户信息：{"openid":"oXU1ruDiPLqcL_6rgSQR4Yu2etg4","nickname":"雪花","sex":2,"language":"zh_CN","city":"","province":"天津","country":"中国","headimgurl":"http:\/\/wx.qlogo.cn\/mmopen\/3hsWdj2E9tv9MXPGz2Zb9LXNr5ZicvSd6GNbTQok6y5icfMITVXLpT23aicSGYXTbsLJ0yEWYOdgVQ3Y8HPibiaiaRaQWT4gDuUttZ\/0","privilege":[]}
[2015-10-08 15:41:47][debug] --------------------------------------------------------------------
[2015-10-08 15:44:02][debug] forword：0
[2015-10-08 15:44:03][debug] --------------------------------------------------------------------
[2015-10-08 15:44:03][debug] 授权成功！
[2015-10-08 15:44:03][debug] 微信用户信息：{"openid":"oXU1ruGw-hs2nQUYGNTBbQOyEiXM","nickname":"细雨游风","sex":1,"language":"zh_CN","city":"南京","province":"江苏","country":"中国","headimgurl":"http:\/\/wx.qlogo.cn\/mmopen\/3hsWdj2E9tssuEjrTjL6M6MyhCibhWj7V72rUcTJb5ul0ic8RFWpibF7pyRfWGKQKI6eLfHp0j8Dgzm6Ym0vwPUCk56mEqSqqkC\/0","privilege":[]}
[2015-10-08 15:44:03][debug] --------------------------------------------------------------------
[2015-10-08 15:44:03][debug] forword：0
[2015-10-08 15:44:03][debug] forword1111：0
[2015-10-08 15:44:03][debug] bargain_id----->0
[2015-10-08 15:49:16][debug] bargain_id----->0
[2015-10-08 15:59:55][debug] forword：0
[2015-10-08 15:59:59][debug] forword：0
[2015-10-08 16:00:00][debug] forword：0
[2015-10-08 16:41:41][debug] forword：0
[2015-10-08 16:41:41][debug] forword：0
[2015-10-08 16:41:45][debug] --------------------------------------------------------------------
[2015-10-08 16:41:45][debug] 授权成功！
[2015-10-08 16:41:45][debug] 微信用户信息：{"openid":"oXU1ruL72m6vZjO_bes61ct8IuP0","nickname":"得意的笑","sex":1,"language":"zh_CN","city":"唐山","province":"河北","country":"中国","headimgurl":"http:\/\/wx.qlogo.cn\/mmopen\/BcQRZIbPSiamFjMicGH9LkqePUGbELs6ardEgCMlMicDAu9pszbIb6Zu9sPJrvTAA3S8fNnUhiblt7mf9vCTd1YtEwMVpRTsaibXib\/0","privilege":[]}
[2015-10-08 16:41:45][debug] --------------------------------------------------------------------
[2015-10-08 16:41:45][debug] forword：0
[2015-10-08 16:43:21][debug] forword：0
[2015-10-08 16:43:25][debug] forword：0
[2015-10-08 16:43:42][debug] --------------------------------------------------------------------
[2015-10-08 16:43:42][debug] 授权成功！
[2015-10-08 16:43:42][debug] 微信用户信息：{"openid":"oXU1ruL72m6vZjO_bes61ct8IuP0","nickname":"得意的笑","sex":1,"language":"zh_CN","city":"唐山","province":"河北","country":"中国","headimgurl":"http:\/\/wx.qlogo.cn\/mmopen\/BcQRZIbPSiamFjMicGH9LkqePUGbELs6ardEgCMlMicDAu9pszbIb6Zu9sPJrvTAA3S8fNnUhiblt7mf9vCTd1YtEwMVpRTsaibXib\/0","privilege":[]}
[2015-10-08 16:43:42][debug] --------------------------------------------------------------------
[2015-10-08 16:51:02][debug] forword：0
[2015-10-08 16:51:06][debug] --------------------------------------------------------------------
[2015-10-08 16:51:06][debug] 授权成功！
[2015-10-08 16:51:06][debug] 微信用户信息：{"openid":"oXU1ruH6jpEehi12yTU7w83QBIbw","nickname":"那一刻的我","sex":2,"language":"zh_CN","city":"遵义","province":"贵州","country":"中国","headimgurl":"http:\/\/wx.qlogo.cn\/mmopen\/4tpkVGWUO5bXla7mT9nHcZ36OnFLrkwCYw0icsf0AJStCFJZibrTibGz0ynXItCjQLtF8IFdHZDUEtG5ZGOQxBfEcREEt279lmG\/0","privilege":[]}
[2015-10-08 16:51:06][debug] --------------------------------------------------------------------
[2015-10-08 16:51:06][debug] forword：0
[2015-10-08 16:52:57][debug] forword：0
[2015-10-08 16:59:25][debug] forword：0
[2015-10-08 16:59:28][debug] --------------------------------------------------------------------
[2015-10-08 16:59:28][debug] 授权成功！
[2015-10-08 16:59:28][debug] 微信用户信息：{"openid":"oXU1ruNj_h6WOe-Bsb3QzltCbeNw","nickname":"芝麻开花","sex":1,"language":"zh_CN","city":"","province":"","country":"中国","headimgurl":"http:\/\/wx.qlogo.cn\/mmopen\/ajNVdqHZLLACs25lkvGibrLE2Kgs6LrWTDrqMzThp7ycWhx63kS1sT6ZoCSN2tp6AVYSZRjD2pc2iaQ4SQOwdzlA\/0","privilege":[]}
[2015-10-08 16:59:28][debug] --------------------------------------------------------------------
[2015-10-08 16:59:28][debug] forword：0
[2015-10-08 16:59:48][debug] forword：0
[2015-10-08 17:06:12][debug] forword：0
[2015-10-08 17:13:14][debug] forword：0
[2015-10-08 19:49:32][debug] forword：0
[2015-10-08 19:49:34][debug] forword：0
[2015-10-08 19:49:48][debug] --------------------------------------------------------------------
[2015-10-08 19:49:48][debug] 授权成功！
[2015-10-08 19:49:48][debug] 微信用户信息：{"openid":"oXU1ruGTfWABZrCv-N193i9JTiwA","nickname":"吴荣华@北极牛户外","sex":1,"language":"zh_CN","city":"杭州","province":"浙江","country":"中国","headimgurl":"http:\/\/wx.qlogo.cn\/mmopen\/3hsWdj2E9tukSnFcoI6599FRmYhEFIPCn24HGjIgUFRLFoyLhmDo8zzK4EwuDFicn37AcwUibANbWwW9goCpUPmEUZM1Zic5Bp2\/0","privilege":[]}
[2015-10-08 19:49:48][debug] --------------------------------------------------------------------
[2015-10-08 19:49:49][debug] forword：0
[2015-10-08 19:49:49][debug] forword：0
[2015-10-08 19:52:18][debug] forword：0
[2015-10-08 19:57:23][debug] forword：0
[2015-10-08 20:00:33][debug] forword：0
