[2015-10-09 01:09:22][debug] forword：0
[2015-10-09 01:09:33][debug] --------------------------------------------------------------------
[2015-10-09 01:09:33][debug] 授权成功！
[2015-10-09 01:09:33][debug] 微信用户信息：{"openid":"oXU1ruGnfFpvEOpVyem__a12m5lM","nickname":"12345","sex":1,"language":"zh_CN","city":"唐山","province":"河北","country":"中国","headimgurl":"http:\/\/wx.qlogo.cn\/mmopen\/McYMgia19V0WRrU1WXgw1YiajyJYnuDCbUQtliaF94azOQnaeL1KsFMdFicEwWvDwyXib9ZDrkiaJhuMsNgWJbLEZDpQ\/0","privilege":[]}
[2015-10-09 01:09:33][debug] --------------------------------------------------------------------
[2015-10-09 01:09:34][debug] forword：0
[2015-10-09 01:09:48][debug] --------------------------------------------------------------------
[2015-10-09 01:09:48][debug] 授权成功！
[2015-10-09 01:09:48][debug] 微信用户信息：{"openid":"oXU1ruGnfFpvEOpVyem__a12m5lM","nickname":"12345","sex":1,"language":"zh_CN","city":"唐山","province":"河北","country":"中国","headimgurl":"http:\/\/wx.qlogo.cn\/mmopen\/McYMgia19V0WRrU1WXgw1YiajyJYnuDCbUQtliaF94azOQnaeL1KsFMdFicEwWvDwyXib9ZDrkiaJhuMsNgWJbLEZDpQ\/0","privilege":[]}
[2015-10-09 01:09:48][debug] --------------------------------------------------------------------
[2015-10-09 01:33:32][debug] forword：0
[2015-10-09 01:33:32][debug] forword：0
[2015-10-09 01:33:32][debug] forword：0
[2015-10-09 01:33:37][debug] --------------------------------------------------------------------
[2015-10-09 01:33:37][debug] 授权成功！
[2015-10-09 01:33:37][debug] 微信用户信息：{"openid":"oXU1ruDYy8AkezfOCwR5BYdy_8Xk","nickname":"         Emma","sex":2,"language":"zh_CN","city":"厦门","province":"福建","country":"中国","headimgurl":"http:\/\/wx.qlogo.cn\/mmopen\/4tpkVGWUO5bpQFN2Bw5WyemFXeZccKWtr4TKvE4f9dXkdiawVZ55UsX2NiaT6mPg7JbkibkImibUI0cPSVdoSllZ0EO5aUibsstws\/0","privilege":[]}
[2015-10-09 01:33:37][debug] --------------------------------------------------------------------
[2015-10-09 01:33:37][debug] forword：0
[2015-10-09 01:33:59][debug] --------------------------------------------------------------------
[2015-10-09 01:33:59][debug] 授权成功！
[2015-10-09 01:33:59][debug] 微信用户信息：{"openid":"oXU1ruDYy8AkezfOCwR5BYdy_8Xk","nickname":"         Emma","sex":2,"language":"zh_CN","city":"厦门","province":"福建","country":"中国","headimgurl":"http:\/\/wx.qlogo.cn\/mmopen\/4tpkVGWUO5bpQFN2Bw5WyemFXeZccKWtr4TKvE4f9dXkdiawVZ55UsX2NiaT6mPg7JbkibkImibUI0cPSVdoSllZ0EO5aUibsstws\/0","privilege":[]}
[2015-10-09 01:33:59][debug] --------------------------------------------------------------------
[2015-10-09 01:34:00][debug] forword：0
[2015-10-09 01:45:21][debug] forword：0
[2015-10-09 03:11:26][debug] forword：0
[2015-10-09 03:11:35][debug] --------------------------------------------------------------------
[2015-10-09 03:11:35][debug] 授权成功！
[2015-10-09 03:11:35][debug] 微信用户信息：{"openid":"oXU1ruOTlnBrTHqSABEgIJN-nYSc","nickname":"印记、","sex":1,"language":"zh_CN","city":"台州","province":"浙江","country":"中国","headimgurl":"http:\/\/wx.qlogo.cn\/mmopen\/9kXFsjUA12S2GG5sBicZ3Opt9aFicgAicFpnohvJy5RgDghiaUibSwy3icTJJuRfYEF21Gl7dgd1RClnstEhqr73piaqrcGg6fJSZMa\/0","privilege":[]}
[2015-10-09 03:11:35][debug] --------------------------------------------------------------------
[2015-10-09 03:11:35][debug] forword：0
[2015-10-09 03:30:24][debug] forword：0
[2015-10-09 03:31:25][debug] --------------------------------------------------------------------
[2015-10-09 03:31:25][debug] 授权成功！
[2015-10-09 03:31:25][debug] 微信用户信息：{"openid":"oXU1ruNKiH9kU92wLGILlZs6Yo0E","nickname":"平平淡淡","sex":2,"language":"zh_CN","city":"","province":"","country":"中国","headimgurl":"http:\/\/wx.qlogo.cn\/mmopen\/McYMgia19V0UbqRh77vvRfXcrmJRjJyRRHVLWZfNeaibaziaibRgCAKmibudBT6GK37gkhRgibs01DqBjnnH5TC8G2JWjCDHG1uJg0\/0","privilege":[]}
[2015-10-09 03:31:25][debug] --------------------------------------------------------------------
[2015-10-09 03:31:25][debug] forword：0
[2015-10-09 03:31:32][debug] --------------------------------------------------------------------
[2015-10-09 03:31:32][debug] 授权成功！
[2015-10-09 03:31:32][debug] 微信用户信息：{"openid":"oXU1ruNKiH9kU92wLGILlZs6Yo0E","nickname":"平平淡淡","sex":2,"language":"zh_CN","city":"","province":"","country":"中国","headimgurl":"http:\/\/wx.qlogo.cn\/mmopen\/McYMgia19V0UbqRh77vvRfXcrmJRjJyRRHVLWZfNeaibaziaibRgCAKmibudBT6GK37gkhRgibs01DqBjnnH5TC8G2JWjCDHG1uJg0\/0","privilege":[]}
[2015-10-09 03:31:32][debug] --------------------------------------------------------------------
[2015-10-09 03:31:32][debug] forword：0
[2015-10-09 03:31:49][debug] --------------------------------------------------------------------
[2015-10-09 03:31:49][debug] 授权成功！
[2015-10-09 03:31:49][debug] 微信用户信息：{"openid":"oXU1ruNKiH9kU92wLGILlZs6Yo0E","nickname":"平平淡淡","sex":2,"language":"zh_CN","city":"","province":"","country":"中国","headimgurl":"http:\/\/wx.qlogo.cn\/mmopen\/McYMgia19V0UbqRh77vvRfXcrmJRjJyRRHVLWZfNeaibaziaibRgCAKmibudBT6GK37gkhRgibs01DqBjnnH5TC8G2JWjCDHG1uJg0\/0","privilege":[]}
[2015-10-09 03:31:49][debug] --------------------------------------------------------------------
[2015-10-09 03:31:50][debug] forword：0
[2015-10-09 06:41:28][debug] forword：0
[2015-10-09 06:41:28][debug] forword：0
[2015-10-09 06:41:36][debug] --------------------------------------------------------------------
[2015-10-09 06:41:36][debug] 授权成功！
[2015-10-09 06:41:36][debug] 微信用户信息：{"openid":"oXU1ruGJwS22MSH_BbUYIjFIG0SI","nickname":"凤","sex":2,"language":"zh_CN","city":"呼伦贝尔","province":"内蒙古","country":"中国","headimgurl":"http:\/\/wx.qlogo.cn\/mmopen\/PiajxSqBRaEL37VgBaJwicCQMQa6s7xSibKNBoYsFMsmNe781qJWSChXicLcOrd2RRMF2Sk4UJY06jxAbiblmEYJ7Kw\/0","privilege":[]}
[2015-10-09 06:41:36][debug] --------------------------------------------------------------------
[2015-10-09 06:41:36][debug] forword：0
[2015-10-09 07:33:38][debug] forword：0
[2015-10-09 07:33:38][debug] forword：0
[2015-10-09 07:33:43][debug] --------------------------------------------------------------------
[2015-10-09 07:33:43][debug] 授权成功！
[2015-10-09 07:33:43][debug] 微信用户信息：{"openid":"oXU1ruH2jKdY-3XOpmPPlob4pge8","nickname":"许明伟","sex":1,"language":"zh_CN","city":"","province":"","country":"中国","headimgurl":"http:\/\/wx.qlogo.cn\/mmopen\/McYMgia19V0VHxjnuPh5w6E3g7QFxf4jbvVxvjubT47KXicO7f2gDENzlia9K3OLc3xkibH9AVDBTZFMv23yz1tzBpIff0sfInZa\/0","privilege":[]}
[2015-10-09 07:33:43][debug] --------------------------------------------------------------------
[2015-10-09 07:33:43][debug] forword：0
[2015-10-09 07:33:43][debug] forword：0
[2015-10-09 07:44:14][debug] forword：0
[2015-10-09 07:44:15][debug] forword：0
[2015-10-09 07:44:18][debug] forword：0
[2015-10-09 07:44:20][debug] forword：0
[2015-10-09 09:45:56][debug] forword：0
[2015-10-09 09:45:58][debug] --------------------------------------------------------------------
[2015-10-09 09:45:58][debug] 授权成功！
[2015-10-09 09:45:58][debug] 微信用户信息：{"openid":"oXU1ruCrZstObxyWN6lDfF9sBaMg","nickname":"超市","sex":1,"language":"zh_CN","city":"唐山","province":"河北","country":"中国","headimgurl":"http:\/\/wx.qlogo.cn\/mmopen\/4tpkVGWUO5bpQFN2Bw5WySibOMm6JA44NjbsibMNfc9Mb3qf2mv7Iz6GMLSzibg3Lk50CWyibCMEu74pPGoNPI1WawWHvsFU0Yzx\/0","privilege":[]}
[2015-10-09 09:45:58][debug] --------------------------------------------------------------------
[2015-10-09 09:45:58][debug] forword：0
[2015-10-09 09:45:58][debug] forword：0
[2015-10-09 09:58:37][debug] forword：0
[2015-10-09 09:58:43][debug] --------------------------------------------------------------------
[2015-10-09 09:58:43][debug] 授权成功！
[2015-10-09 09:58:43][debug] 微信用户信息：{"openid":"oXU1ruCrZstObxyWN6lDfF9sBaMg","nickname":"超市","sex":1,"language":"zh_CN","city":"唐山","province":"河北","country":"中国","headimgurl":"http:\/\/wx.qlogo.cn\/mmopen\/4tpkVGWUO5bpQFN2Bw5WySibOMm6JA44NjbsibMNfc9Mb3qf2mv7Iz6GMLSzibg3Lk50CWyibCMEu74pPGoNPI1WawWHvsFU0Yzx\/0","privilege":[]}
[2015-10-09 09:58:43][debug] --------------------------------------------------------------------
[2015-10-09 10:15:48][debug] forword：
[2015-10-09 10:15:50][debug] forword：
[2015-10-09 10:15:51][debug] forword：
[2015-10-09 10:57:37][debug] forword：0
[2015-10-09 10:57:38][debug] forword：0
[2015-10-09 11:11:04][debug] forword：0
[2015-10-09 11:25:47][debug] forword：0
[2015-10-09 11:25:47][debug] forword：0
[2015-10-09 11:25:53][debug] forword：0
[2015-10-09 11:25:55][debug] forword：0
[2015-10-09 11:25:56][debug] forword：0
[2015-10-09 11:25:57][debug] forword：0
[2015-10-09 11:25:58][debug] forword：0
[2015-10-09 12:59:51][debug] forword：0
[2015-10-09 12:59:58][debug] forword：0
[2015-10-09 13:00:00][debug] forword：0
[2015-10-09 13:00:07][debug] forword：0
[2015-10-09 13:00:09][debug] --------------------------------------------------------------------
[2015-10-09 13:00:09][debug] 授权成功！
[2015-10-09 13:00:09][debug] 微信用户信息：{"errcode":40001,"errmsg":"req id: wAW15a0409ns26, invalid credential, access_token is invalid or not latest"}
[2015-10-09 13:00:09][debug] --------------------------------------------------------------------
[2015-10-09 13:00:10][debug] --------------------------------------------------------------------
[2015-10-09 13:00:10][debug] 授权成功！
[2015-10-09 13:00:10][debug] 微信用户信息：{"openid":"oXU1ruIUa5TaBMkPBfl2QKsDLV9M","nickname":"wet tuition ","sex":2,"language":"zh_CN","city":"泉州","province":"福建","country":"中国","headimgurl":"http:\/\/wx.qlogo.cn\/mmopen\/ajNVdqHZLLApHvrSEkr6suzAxyTJpnQKQl9KJ42QnFTRLLPlejwkCmDDUvS32lB6cMclnGiaH4tKYJiavVyykZSA\/0","privilege":[]}
[2015-10-09 13:00:10][debug] --------------------------------------------------------------------
[2015-10-09 13:00:11][debug] forword：0
[2015-10-09 13:00:21][debug] forword：0
[2015-10-09 13:00:21][debug] --------------------------------------------------------------------
[2015-10-09 13:00:21][debug] 授权成功！
[2015-10-09 13:00:21][debug] 微信用户信息：{"openid":"oXU1ruIUa5TaBMkPBfl2QKsDLV9M","nickname":"wet tuition ","sex":2,"language":"zh_CN","city":"泉州","province":"福建","country":"中国","headimgurl":"http:\/\/wx.qlogo.cn\/mmopen\/ajNVdqHZLLApHvrSEkr6suzAxyTJpnQKQl9KJ42QnFTRLLPlejwkCmDDUvS32lB6cMclnGiaH4tKYJiavVyykZSA\/0","privilege":[]}
[2015-10-09 13:00:21][debug] --------------------------------------------------------------------
[2015-10-09 13:01:04][debug] forword：0
[2015-10-09 13:12:16][debug] forword：0
[2015-10-09 13:20:32][debug] forword：0
[2015-10-09 13:21:22][debug] --------------------------------------------------------------------
[2015-10-09 13:21:22][debug] 授权成功！
[2015-10-09 13:21:22][debug] 微信用户信息：{"openid":"oXU1ruKrST1KKNNky4pIk130BrcY","nickname":"HYL","sex":1,"language":"zh_CN","city":"成都","province":"四川","country":"中国","headimgurl":"http:\/\/wx.qlogo.cn\/mmopen\/4tpkVGWUO5YhjO4dC797ZOVAsibpln6rHgDpkSiaannl9HsZibnLaOZCXRJDO7OmAxje9XTia091DL8LtoQtdJbrgyhvnAoYoLhd\/0","privilege":[]}
[2015-10-09 13:21:22][debug] --------------------------------------------------------------------
[2015-10-09 13:22:07][debug] forword：0
[2015-10-09 13:22:12][debug] forword：0
[2015-10-09 13:22:25][debug] forword：0
[2015-10-09 13:22:25][debug] forword：0
[2015-10-09 13:22:26][debug] forword：0
[2015-10-09 13:22:26][debug] forword：0
[2015-10-09 13:22:34][debug] --------------------------------------------------------------------
[2015-10-09 13:22:34][debug] 授权成功！
[2015-10-09 13:22:34][debug] 微信用户信息：{"openid":"oXU1ruNYtwApLDNeO08Ia5Vxg05I","nickname":"う小坚强の","sex":2,"language":"zh_CN","city":"唐山","province":"河北","country":"中国","headimgurl":"http:\/\/wx.qlogo.cn\/mmopen\/4tpkVGWUO5Zpm3nu746mctYVPvpAKIOIjLgQxPtHrNHa1h0EBN0HKgvR3NTSqYWqafdwZegz6GsTITgfBpjsaa2WHVWDcMdP\/0","privilege":[]}
[2015-10-09 13:22:34][debug] --------------------------------------------------------------------
[2015-10-09 13:22:34][debug] forword：2
[2015-10-09 13:22:35][debug] forword1111：2
[2015-10-09 13:22:36][debug] bargain_id----->2
[2015-10-09 13:46:55][debug] forword：0
[2015-10-09 13:46:55][debug] forword：0
[2015-10-09 14:21:42][debug] forword：0
[2015-10-09 14:21:46][debug] --------------------------------------------------------------------
[2015-10-09 14:21:46][debug] 授权成功！
[2015-10-09 14:21:46][debug] 微信用户信息：{"openid":"oXU1ruP1AxXuIogA-Hsty5Tc5zB0","nickname":"狼行路","sex":1,"language":"zh_CN","city":"唐山","province":"河北","country":"中国","headimgurl":"http:\/\/wx.qlogo.cn\/mmopen\/3hsWdj2E9tuIicuguhibCzTZOkOqw3o6xaRhLhJ04RnmNhN1lEQOWqCsyXhPnJeruPCouiaUkd7FqL3AuBgGsoVf0TT3gBeb8br\/0","privilege":[]}
[2015-10-09 14:21:46][debug] --------------------------------------------------------------------
[2015-10-09 14:21:46][debug] forword：0
[2015-10-09 14:21:55][debug] forword：0
[2015-10-09 14:39:35][debug] forword：0
[2015-10-09 14:39:36][debug] forword：0
[2015-10-09 14:39:40][debug] forword：0
[2015-10-09 14:42:42][debug] forword：0
[2015-10-09 14:46:20][debug] forword：0
[2015-10-09 14:46:20][debug] forword：0
[2015-10-09 15:35:07][debug] forword：0
[2015-10-09 15:35:46][debug] --------------------------------------------------------------------
[2015-10-09 15:35:46][debug] 授权成功！
[2015-10-09 15:35:46][debug] 微信用户信息：{"openid":"oXU1ruOhh8MLjyGjpSOGwPsXws4s","nickname":"军全","sex":1,"language":"zh_CN","city":"上饶","province":"江西","country":"中国","headimgurl":"http:\/\/wx.qlogo.cn\/mmopen\/BcQRZIbPSiameb3YyEic3MKsy5ppM8tkp8JciaobUzicibWVupulk44wloIrHe6EfSibibiaq2cZlT1RPFWgb1As4kYu2N8suB0lu6vy\/0","privilege":[]}
[2015-10-09 15:35:46][debug] --------------------------------------------------------------------
[2015-10-09 15:35:48][debug] --------------------------------------------------------------------
[2015-10-09 15:35:48][debug] 授权成功！
[2015-10-09 15:35:48][debug] 微信用户信息：{"openid":"oXU1ruOhh8MLjyGjpSOGwPsXws4s","nickname":"军全","sex":1,"language":"zh_CN","city":"上饶","province":"江西","country":"中国","headimgurl":"http:\/\/wx.qlogo.cn\/mmopen\/BcQRZIbPSiameb3YyEic3MKsy5ppM8tkp8JciaobUzicibWVupulk44wloIrHe6EfSibibiaq2cZlT1RPFWgb1As4kYu2N8suB0lu6vy\/0","privilege":[]}
[2015-10-09 15:35:48][debug] --------------------------------------------------------------------
[2015-10-09 15:35:48][debug] forword：0
[2015-10-09 15:35:49][debug] forword：0
[2015-10-09 15:58:17][debug] forword：0
[2015-10-09 15:58:17][debug] forword：0
[2015-10-09 15:58:20][debug] --------------------------------------------------------------------
[2015-10-09 15:58:20][debug] 授权成功！
[2015-10-09 15:58:20][debug] 微信用户信息：{"openid":"oXU1ruL5q-UieShwgBofw9tX67S8","nickname":"海纳百川","sex":1,"language":"zh_CN","city":"唐山","province":"河北","country":"中国","headimgurl":"http:\/\/wx.qlogo.cn\/mmopen\/3hsWdj2E9tukSnFcoI65954uu3Th6bGibrOYx1Qqx9HtLAXbSLwmu2SnXhPB4UYUXRwV3A1bfgVTOje4cQzzV2f3wRrPEes6n\/0","privilege":[]}
[2015-10-09 15:58:20][debug] --------------------------------------------------------------------
[2015-10-09 15:58:20][debug] forword：0
[2015-10-09 16:02:51][debug] forword：0
[2015-10-09 16:02:52][debug] forword：0
[2015-10-09 16:02:52][debug] forword：0
[2015-10-09 16:02:57][debug] --------------------------------------------------------------------
[2015-10-09 16:02:57][debug] 授权成功！
[2015-10-09 16:02:57][debug] 微信用户信息：{"openid":"oXU1ruKYAekXw-BggB4ChxRmI1tY","nickname":"甜蜜","sex":2,"language":"zh_CN","city":"","province":"天津","country":"中国","headimgurl":"http:\/\/wx.qlogo.cn\/mmopen\/4tpkVGWUO5ZlzH7ZsC0UYbs3WTDyvhWJSeqicKUE9KjI3meSeXCNrIf5DD3OBXLRlQN7mMNoxQCxaRib2hUm9vxQ\/0","privilege":[]}
[2015-10-09 16:02:57][debug] --------------------------------------------------------------------
[2015-10-09 16:02:59][debug] forword：0
[2015-10-09 16:44:17][debug] forword：0
[2015-10-09 16:44:21][debug] --------------------------------------------------------------------
[2015-10-09 16:44:21][debug] 授权成功！
[2015-10-09 16:44:21][debug] 微信用户信息：{"openid":"oXU1ruH6jpEehi12yTU7w83QBIbw","nickname":"那一刻的我","sex":2,"language":"zh_CN","city":"遵义","province":"贵州","country":"中国","headimgurl":"http:\/\/wx.qlogo.cn\/mmopen\/4tpkVGWUO5bXla7mT9nHcZ36OnFLrkwCYw0icsf0AJStCFJZibrTibGz0ynXItCjQLtF8IFdHZDUEtG5ZGOQxBfEcREEt279lmG\/0","privilege":[]}
[2015-10-09 16:44:21][debug] --------------------------------------------------------------------
[2015-10-09 16:44:21][debug] forword：0
[2015-10-09 17:11:34][debug] forword：0
[2015-10-09 17:11:36][debug] forword：0
[2015-10-09 17:11:51][debug] forword：0
[2015-10-09 17:11:51][debug] forword：0
[2015-10-09 17:27:28][debug] forword：0
[2015-10-09 17:49:12][debug] forword：0
[2015-10-09 17:49:12][debug] forword：0
[2015-10-09 17:49:20][debug] --------------------------------------------------------------------
[2015-10-09 17:49:20][debug] 授权成功！
[2015-10-09 17:49:20][debug] 微信用户信息：{"openid":"oXU1ruKbrQh6DJFGoG4zI1QGc_1w","nickname":"刘朗","sex":1,"language":"zh_CN","city":"嘉兴","province":"浙江","country":"中国","headimgurl":"","privilege":[]}
[2015-10-09 17:49:20][debug] --------------------------------------------------------------------
[2015-10-09 17:49:21][debug] forword：0
[2015-10-09 17:49:43][debug] forword：0
[2015-10-09 17:49:43][debug] forword：0
[2015-10-09 17:49:49][debug] --------------------------------------------------------------------
[2015-10-09 17:49:49][debug] 授权成功！
[2015-10-09 17:49:49][debug] 微信用户信息：{"openid":"oXU1ruF0vx-Sd9tX9KDfwvrj6hdY","nickname":"阿曼","sex":1,"language":"zh_CN","city":"","province":"","country":"中国","headimgurl":"http:\/\/wx.qlogo.cn\/mmopen\/McYMgia19V0VHxjnuPh5w6IhdmOFpNLiaqTCmUUJTfrJJrVaITnqyYaU6FcmicQCTjh0LqfnXicGaBsRSsKpCxA5nqJDeIZhGPx0\/0","privilege":[]}
[2015-10-09 17:49:49][debug] --------------------------------------------------------------------
[2015-10-09 17:49:49][debug] forword：0
[2015-10-09 17:49:49][debug] forword：0
[2015-10-09 18:03:10][debug] forword：0
[2015-10-09 18:03:15][debug] forword：0
