[2015-10-25 00:46:42][debug] forword：0
[2015-10-25 00:46:43][debug] forword：0
[2015-10-25 00:46:58][debug] --------------------------------------------------------------------
[2015-10-25 00:46:58][debug] 授权成功！
[2015-10-25 00:46:58][debug] 微信用户信息：{"openid":"oXU1ruLaz_ta8Qs2mdPW6NUORxYA","nickname":"指着太阳说《日》","sex":1,"language":"zh_CN","city":"唐山","province":"河北","country":"中国","headimgurl":"http:\/\/wx.qlogo.cn\/mmopen\/PiajxSqBRaELfUvcYmsicP33HyGB5OncMicu2Mteznu27nROVlYFF7ZV0NGLOIPhQzk5YCexn8vnQxDYvFRxdHUMA\/0","privilege":[]}
[2015-10-25 00:46:58][debug] --------------------------------------------------------------------
[2015-10-25 00:46:58][debug] forword：0
[2015-10-25 01:18:46][debug] forword：0
[2015-10-25 03:05:08][debug] forword：0
[2015-10-25 03:05:08][debug] forword：0
[2015-10-25 03:18:34][debug] forword：0
[2015-10-25 06:28:57][debug] forword：0
[2015-10-25 06:28:57][debug] forword：0
[2015-10-25 06:28:58][debug] forword：0
[2015-10-25 06:29:01][debug] --------------------------------------------------------------------
[2015-10-25 06:29:01][debug] 授权成功！
[2015-10-25 06:29:01][debug] 微信用户信息：{"openid":"oXU1ruBlUdvS55e911AWv2zgKrbE","nickname":"水清天蓝","sex":1,"language":"zh_CN","city":"唐山","province":"河北","country":"中国","headimgurl":"http:\/\/wx.qlogo.cn\/mmopen\/4tpkVGWUO5Ytm3g7A7X9Zib9p7GLI51Tw5mlgptypqawwSCSOkghXKQJHrsDOVAsv4icl1kEaR6M7icbXMIHbiayXA\/0","privilege":[]}
[2015-10-25 06:29:01][debug] --------------------------------------------------------------------
[2015-10-25 06:29:01][debug] forword：0
[2015-10-25 06:32:36][debug] --------------------------------------------------------------------
[2015-10-25 06:32:36][debug] 授权成功！
[2015-10-25 06:32:36][debug] 微信用户信息：{"openid":"oXU1ruBlUdvS55e911AWv2zgKrbE","nickname":"水清天蓝","sex":1,"language":"zh_CN","city":"唐山","province":"河北","country":"中国","headimgurl":"http:\/\/wx.qlogo.cn\/mmopen\/4tpkVGWUO5Ytm3g7A7X9Zib9p7GLI51Tw5mlgptypqawwSCSOkghXKQJHrsDOVAsv4icl1kEaR6M7icbXMIHbiayXA\/0","privilege":[]}
[2015-10-25 06:32:36][debug] --------------------------------------------------------------------
[2015-10-25 10:20:23][debug] forword：0
[2015-10-25 10:20:26][debug] forword：0
[2015-10-25 11:17:50][debug] forword：0
[2015-10-25 11:17:50][debug] forword：0
[2015-10-25 11:17:51][debug] forword：0
[2015-10-25 11:18:32][debug] forword：0
[2015-10-25 11:18:35][debug] forword：0
[2015-10-25 11:18:39][debug] forword：0
[2015-10-25 11:18:41][debug] forword：0
[2015-10-25 13:03:19][debug] forword：0
[2015-10-25 13:53:19][debug] forword：0
[2015-10-25 13:53:19][debug] forword：0
[2015-10-25 13:53:36][debug] --------------------------------------------------------------------
[2015-10-25 13:53:36][debug] 授权成功！
[2015-10-25 13:53:36][debug] 微信用户信息：{"openid":"oXU1ruGa9nv9oSvYo12bEIAJHdw4","nickname":"王汝健","sex":1,"language":"zh_CN","city":"唐山","province":"河北","country":"中国","headimgurl":"http:\/\/wx.qlogo.cn\/mmopen\/3hsWdj2E9tukSnFcoI6591zUOrjQWa80sUQTmqZgR68X6K0mGh4Y5esvM8xYZeele99ib9qGydj6sWlpKwXs8aNXoDDyficjIib\/0","privilege":[]}
[2015-10-25 13:53:36][debug] --------------------------------------------------------------------
