[2015-09-20 17:15:41][debug] begin notify
[2015-09-20 17:15:41][debug] call back test:{"appid":"wx7851b75090b42312","attach":"\u5927\u68ee\u6d3b\u52a8","bank_type":"CFT","cash_fee":"1","fee_type":"CNY","is_subscribe":"Y","mch_id":"1270609201","nonce_str":"bn8ecw3nuuasjxxgwg076l45kl75f5wx","openid":"oXU1ruKrST1KKNNky4pIk130BrcY","out_trade_no":"127060920120150920171418","result_code":"SUCCESS","return_code":"SUCCESS","sign":"315335218294DA678B63A1D39F1D76BA","time_end":"20150920171539","total_fee":"1","trade_type":"JSAPI","transaction_id":"1008400255201509200938164300"}
[2015-09-20 17:15:44][debug] query:{"appid":"wx7851b75090b42312","attach":"\u5927\u68ee\u6d3b\u52a8","bank_type":"CFT","cash_fee":"1","fee_type":"CNY","is_subscribe":"Y","mch_id":"1270609201","nonce_str":"aEqjTTjsVuIvv8Kk","openid":"oXU1ruKrST1KKNNky4pIk130BrcY","out_trade_no":"127060920120150920171418","result_code":"SUCCESS","return_code":"SUCCESS","return_msg":"OK","sign":"D9CE3E97B38DD26DE5A7F7854BE7F8EC","time_end":"20150920171539","total_fee":"1","trade_state":"SUCCESS","trade_type":"JSAPI","transaction_id":"1008400255201509200938164300"}
[2015-09-20 17:15:44][debug] call back test:订单查询成功
[2015-09-20 17:15:44][debug] 回调参数--〉{"appid":"wx7851b75090b42312","attach":"\u5927\u68ee\u6d3b\u52a8","bank_type":"CFT","cash_fee":"1","fee_type":"CNY","is_subscribe":"Y","mch_id":"1270609201","nonce_str":"bn8ecw3nuuasjxxgwg076l45kl75f5wx","openid":"oXU1ruKrST1KKNNky4pIk130BrcY","out_trade_no":"127060920120150920171418","result_code":"SUCCESS","return_code":"SUCCESS","sign":"315335218294DA678B63A1D39F1D76BA","time_end":"20150920171539","total_fee":"1","trade_type":"JSAPI","transaction_id":"1008400255201509200938164300"}
[2015-09-20 17:15:54][debug] begin notify
[2015-09-20 17:15:54][debug] call back test:{"appid":"wx7851b75090b42312","attach":"\u5927\u68ee\u6d3b\u52a8","bank_type":"CFT","cash_fee":"1","fee_type":"CNY","is_subscribe":"Y","mch_id":"1270609201","nonce_str":"bn8ecw3nuuasjxxgwg076l45kl75f5wx","openid":"oXU1ruKrST1KKNNky4pIk130BrcY","out_trade_no":"127060920120150920171418","result_code":"SUCCESS","return_code":"SUCCESS","sign":"315335218294DA678B63A1D39F1D76BA","time_end":"20150920171539","total_fee":"1","trade_type":"JSAPI","transaction_id":"1008400255201509200938164300"}
[2015-09-20 17:15:54][debug] query:{"appid":"wx7851b75090b42312","attach":"\u5927\u68ee\u6d3b\u52a8","bank_type":"CFT","cash_fee":"1","fee_type":"CNY","is_subscribe":"Y","mch_id":"1270609201","nonce_str":"xp4NaFOFsuodDGV5","openid":"oXU1ruKrST1KKNNky4pIk130BrcY","out_trade_no":"127060920120150920171418","result_code":"SUCCESS","return_code":"SUCCESS","return_msg":"OK","sign":"86C082621B473F2D456E994CD3F87F36","time_end":"20150920171539","total_fee":"1","trade_state":"SUCCESS","trade_type":"JSAPI","transaction_id":"1008400255201509200938164300"}
[2015-09-20 17:15:54][debug] call back test:订单查询成功
[2015-09-20 17:15:54][debug] 回调参数--〉{"appid":"wx7851b75090b42312","attach":"\u5927\u68ee\u6d3b\u52a8","bank_type":"CFT","cash_fee":"1","fee_type":"CNY","is_subscribe":"Y","mch_id":"1270609201","nonce_str":"bn8ecw3nuuasjxxgwg076l45kl75f5wx","openid":"oXU1ruKrST1KKNNky4pIk130BrcY","out_trade_no":"127060920120150920171418","result_code":"SUCCESS","return_code":"SUCCESS","sign":"315335218294DA678B63A1D39F1D76BA","time_end":"20150920171539","total_fee":"1","trade_type":"JSAPI","transaction_id":"1008400255201509200938164300"}
[2015-09-20 17:20:53][debug] begin notify
[2015-09-20 17:20:53][debug] call back test:{"appid":"wx7851b75090b42312","attach":"\u5927\u68ee\u6d3b\u52a8","bank_type":"CFT","cash_fee":"1","fee_type":"CNY","is_subscribe":"Y","mch_id":"1270609201","nonce_str":"r6ahqg0su3a79yaadpxpg720i7fhg9jb","openid":"oXU1ruKrST1KKNNky4pIk130BrcY","out_trade_no":"127060920120150920172039","result_code":"SUCCESS","return_code":"SUCCESS","sign":"6C27DF1A35FFE95268904A28C6A1829F","time_end":"20150920172053","total_fee":"1","trade_type":"JSAPI","transaction_id":"1008400255201509200938220715"}
[2015-09-20 17:20:53][debug] query:{"appid":"wx7851b75090b42312","attach":"\u5927\u68ee\u6d3b\u52a8","bank_type":"CFT","cash_fee":"1","fee_type":"CNY","is_subscribe":"Y","mch_id":"1270609201","nonce_str":"pwr4wC9SHxRm0Fba","openid":"oXU1ruKrST1KKNNky4pIk130BrcY","out_trade_no":"127060920120150920172039","result_code":"SUCCESS","return_code":"SUCCESS","return_msg":"OK","sign":"BB64321DD66A9AE1BA3FCD1893BB5DE5","time_end":"20150920172052","total_fee":"1","trade_state":"SUCCESS","trade_type":"JSAPI","transaction_id":"1008400255201509200938220715"}
[2015-09-20 17:20:53][debug] call back test:订单查询成功
[2015-09-20 17:20:53][debug] 回调参数--〉{"appid":"wx7851b75090b42312","attach":"\u5927\u68ee\u6d3b\u52a8","bank_type":"CFT","cash_fee":"1","fee_type":"CNY","is_subscribe":"Y","mch_id":"1270609201","nonce_str":"r6ahqg0su3a79yaadpxpg720i7fhg9jb","openid":"oXU1ruKrST1KKNNky4pIk130BrcY","out_trade_no":"127060920120150920172039","result_code":"SUCCESS","return_code":"SUCCESS","sign":"6C27DF1A35FFE95268904A28C6A1829F","time_end":"20150920172053","total_fee":"1","trade_type":"JSAPI","transaction_id":"1008400255201509200938220715"}
[2015-09-20 17:34:51][debug] begin notify
[2015-09-20 17:34:51][debug] call back test:{"appid":"wx7851b75090b42312","attach":"\u5927\u68ee\u6d3b\u52a8","bank_type":"CFT","cash_fee":"1","fee_type":"CNY","is_subscribe":"Y","mch_id":"1270609201","nonce_str":"q2csb7qzfjy1a8rexzhd6ae3feg3uiuc","openid":"oXU1ruKrST1KKNNky4pIk130BrcY","out_trade_no":"127060920120150920173432","result_code":"SUCCESS","return_code":"SUCCESS","sign":"E0ACF912C56345F912F06F9531EBBD44","time_end":"20150920173451","total_fee":"1","trade_type":"JSAPI","transaction_id":"1008400255201509200938375872"}
[2015-09-20 17:34:52][debug] query:{"appid":"wx7851b75090b42312","attach":"\u5927\u68ee\u6d3b\u52a8","bank_type":"CFT","cash_fee":"1","fee_type":"CNY","is_subscribe":"Y","mch_id":"1270609201","nonce_str":"bERfl9nNmicNgEwf","openid":"oXU1ruKrST1KKNNky4pIk130BrcY","out_trade_no":"127060920120150920173432","result_code":"SUCCESS","return_code":"SUCCESS","return_msg":"OK","sign":"356544D5C0FF9624BC2513622E2EEF06","time_end":"20150920173450","total_fee":"1","trade_state":"SUCCESS","trade_type":"JSAPI","transaction_id":"1008400255201509200938375872"}
[2015-09-20 17:34:52][debug] call back test:订单查询成功
[2015-09-20 17:34:52][debug] 回调参数--〉{"appid":"wx7851b75090b42312","attach":"\u5927\u68ee\u6d3b\u52a8","bank_type":"CFT","cash_fee":"1","fee_type":"CNY","is_subscribe":"Y","mch_id":"1270609201","nonce_str":"q2csb7qzfjy1a8rexzhd6ae3feg3uiuc","openid":"oXU1ruKrST1KKNNky4pIk130BrcY","out_trade_no":"127060920120150920173432","result_code":"SUCCESS","return_code":"SUCCESS","sign":"E0ACF912C56345F912F06F9531EBBD44","time_end":"20150920173451","total_fee":"1","trade_type":"JSAPI","transaction_id":"1008400255201509200938375872"}
[2015-09-20 18:10:53][debug] begin notify
[2015-09-20 18:10:54][debug] query:{"appid":"wx7851b75090b42312","attach":"\u5927\u68ee\u6d3b\u52a8","bank_type":"CFT","cash_fee":"1","fee_type":"CNY","is_subscribe":"Y","mch_id":"1270609201","nonce_str":"ZbYwADFiwmIZQ9b2","openid":"oXU1ruKrST1KKNNky4pIk130BrcY","out_trade_no":"127060920120150920163618","result_code":"SUCCESS","return_code":"SUCCESS","return_msg":"OK","sign":"41B6B89D7FC1D8E76A1F2CB408DFD252","time_end":"20150920163639","total_fee":"1","trade_state":"SUCCESS","trade_type":"JSAPI","transaction_id":"1008400255201509200937790108"}
[2015-09-20 18:10:54][debug] call back test:订单查询成功
[2015-09-20 18:10:54][debug] {"appid":"wx7851b75090b42312","attach":"\u5927\u68ee\u6d3b\u52a8","bank_type":"CFT","cash_fee":"1","fee_type":"CNY","is_subscribe":"Y","mch_id":"1270609201","nonce_str":"uc8f2itghk0i0f6nd3gkudk26mgxlg28","openid":"oXU1ruKrST1KKNNky4pIk130BrcY","out_trade_no":"127060920120150920163618","result_code":"SUCCESS","return_code":"SUCCESS","sign":"AE2317F4D6A2B36728E78EDEE1C05A12","time_end":"20150920163640","total_fee":"1","trade_type":"JSAPI","transaction_id":"1008400255201509200937790108"}
[2015-09-20 18:10:54][debug] oXU1ruKrST1KKNNky4pIk130BrcY-->入库成功
[2015-09-20 20:18:24][debug] begin notify
[2015-09-20 20:18:25][debug] query:{"appid":"wx7851b75090b42312","attach":"\u5927\u68ee\u6d3b\u52a8","bank_type":"CFT","cash_fee":"1","fee_type":"CNY","is_subscribe":"Y","mch_id":"1270609201","nonce_str":"pvkcHcNZ7uXLPFiQ","openid":"oXU1ruKrST1KKNNky4pIk130BrcY","out_trade_no":"127060920120150920201804","result_code":"SUCCESS","return_code":"SUCCESS","return_msg":"OK","sign":"F6257B57B34ACAC15AAFE761E5DC4E9E","time_end":"20150920201823","total_fee":"1","trade_state":"SUCCESS","trade_type":"JSAPI","transaction_id":"1008400255201509200940097805"}
[2015-09-20 20:18:25][debug] call back test:订单查询成功
[2015-09-20 20:18:25][debug] {"appid":"wx7851b75090b42312","attach":"\u5927\u68ee\u6d3b\u52a8","bank_type":"CFT","cash_fee":"1","fee_type":"CNY","is_subscribe":"Y","mch_id":"1270609201","nonce_str":"066eezrz15bvjiuszm4m1wep631kzf4u","openid":"oXU1ruKrST1KKNNky4pIk130BrcY","out_trade_no":"127060920120150920201804","result_code":"SUCCESS","return_code":"SUCCESS","sign":"A326EB7066CF0A1181F8A79D803BDCC7","time_end":"20150920201824","total_fee":"1","trade_type":"JSAPI","transaction_id":"1008400255201509200940097805"}
[2015-09-20 20:18:25][debug] oXU1ruKrST1KKNNky4pIk130BrcY-->入库成功
[2015-09-20 20:36:46][debug] begin notify
[2015-09-20 20:36:47][debug] query:{"appid":"wx7851b75090b42312","attach":"\u5927\u68ee\u6d3b\u52a8","bank_type":"CFT","cash_fee":"1","fee_type":"CNY","is_subscribe":"Y","mch_id":"1270609201","nonce_str":"t3R4qByiyYadpcWh","openid":"oXU1ruKrST1KKNNky4pIk130BrcY","out_trade_no":"127060920120150920203555","result_code":"SUCCESS","return_code":"SUCCESS","return_msg":"OK","sign":"92D427A96EDE4CD1267171F82BDE0DE2","time_end":"20150920203645","total_fee":"1","trade_state":"SUCCESS","trade_type":"JSAPI","transaction_id":"1008400255201509200940271408"}
[2015-09-20 20:36:47][debug] call back test:订单查询成功
[2015-09-20 20:36:47][debug] {"appid":"wx7851b75090b42312","attach":"\u5927\u68ee\u6d3b\u52a8","bank_type":"CFT","cash_fee":"1","fee_type":"CNY","is_subscribe":"Y","mch_id":"1270609201","nonce_str":"fy58jc51n0qaty04gtevj6l7lkrpn6tc","openid":"oXU1ruKrST1KKNNky4pIk130BrcY","out_trade_no":"127060920120150920203555","result_code":"SUCCESS","return_code":"SUCCESS","sign":"8756C0C9B30A8514E286981B39A7F7D6","time_end":"20150920203646","total_fee":"1","trade_type":"JSAPI","transaction_id":"1008400255201509200940271408"}
[2015-09-20 20:36:47][debug] oXU1ruKrST1KKNNky4pIk130BrcY-->入库成功
[2015-09-20 20:41:04][debug] begin notify
[2015-09-20 20:41:05][debug] query:{"appid":"wx7851b75090b42312","attach":"\u5927\u68ee\u6d3b\u52a8","bank_type":"CFT","cash_fee":"1","fee_type":"CNY","is_subscribe":"Y","mch_id":"1270609201","nonce_str":"Sz7AM9xqDanvHxof","openid":"oXU1ruKrST1KKNNky4pIk130BrcY","out_trade_no":"127060920120150920204051","result_code":"SUCCESS","return_code":"SUCCESS","return_msg":"OK","sign":"6CCBC27178A4E582F70FBB4B24446BFF","time_end":"20150920204103","total_fee":"1","trade_state":"SUCCESS","trade_type":"JSAPI","transaction_id":"1008400255201509200940291784"}
[2015-09-20 20:41:05][debug] call back test:订单查询成功
[2015-09-20 20:41:05][debug] {"appid":"wx7851b75090b42312","attach":"\u5927\u68ee\u6d3b\u52a8","bank_type":"CFT","cash_fee":"1","fee_type":"CNY","is_subscribe":"Y","mch_id":"1270609201","nonce_str":"dtlrekmyqx72tsdjrppznji588tjnid6","openid":"oXU1ruKrST1KKNNky4pIk130BrcY","out_trade_no":"127060920120150920204051","result_code":"SUCCESS","return_code":"SUCCESS","sign":"BD242DDD7842AC8F3C29591DD31D77BD","time_end":"20150920204104","total_fee":"1","trade_type":"JSAPI","transaction_id":"1008400255201509200940291784"}
[2015-09-20 20:41:05][debug] oXU1ruKrST1KKNNky4pIk130BrcY-->入库成功
