[2015-09-17 12:13:19][debug] 授权成功！
[2015-09-17 12:13:19][debug] 0
[2015-09-17 12:14:26][debug] 授权成功！
[2015-09-17 12:14:26][debug] 0
[2015-09-17 16:24:13][debug] 授权成功！
[2015-09-17 16:24:13][debug] 0
[2015-09-17 16:25:57][debug] 授权成功！
[2015-09-17 16:25:57][debug] 1
[2015-09-17 16:27:08][debug] 授权成功！
[2015-09-17 16:27:08][debug] 微信用户信息：{"openid":"oXU1ruKrST1KKNNky4pIk130BrcY","nickname":"HYL","sex":1,"language":"zh_CN","city":"成都","province":"四川","country":"中国","headimgurl":"http:\/\/wx.qlogo.cn\/mmopen\/4tpkVGWUO5YhjO4dC797ZOVAsibpln6rHgDpkSiaannl9HsZibnLaOZCXRJDO7OmAxje9XTia091DL8LtoQtdJbrgyhvnAoYoLhd\/0","privilege":[]}
[2015-09-17 16:28:55][debug] --------------------------------------------------------------------
[2015-09-17 16:28:55][debug] 授权成功！
[2015-09-17 16:28:55][debug] 微信用户信息：{"openid":"oXU1ruKrST1KKNNky4pIk130BrcY","nickname":"HYL","sex":1,"language":"zh_CN","city":"成都","province":"四川","country":"中国","headimgurl":"http:\/\/wx.qlogo.cn\/mmopen\/4tpkVGWUO5YhjO4dC797ZOVAsibpln6rHgDpkSiaannl9HsZibnLaOZCXRJDO7OmAxje9XTia091DL8LtoQtdJbrgyhvnAoYoLhd\/0","privilege":[]}
[2015-09-17 16:28:55][debug] --------------------------------------------------------------------
[2015-09-17 16:33:17][debug] --------------------------------------------------------------------
[2015-09-17 16:33:17][debug] 授权成功！
[2015-09-17 16:33:17][debug] 微信用户信息：{"openid":"oXU1ruKrST1KKNNky4pIk130BrcY","nickname":"HYL","sex":1,"language":"zh_CN","city":"成都","province":"四川","country":"中国","headimgurl":"http:\/\/wx.qlogo.cn\/mmopen\/4tpkVGWUO5YhjO4dC797ZOVAsibpln6rHgDpkSiaannl9HsZibnLaOZCXRJDO7OmAxje9XTia091DL8LtoQtdJbrgyhvnAoYoLhd\/0","privilege":[]}
[2015-09-17 16:33:17][debug] --------------------------------------------------------------------
[2015-09-17 16:33:17][debug] openid-->oXU1ruKrST1KKNNky4pIk130BrcY
[2015-09-17 16:59:09][debug] --------------------------------------------------------------------
[2015-09-17 16:59:09][debug] 授权成功！
[2015-09-17 16:59:09][debug] 微信用户信息：{"openid":"oXU1ruKrST1KKNNky4pIk130BrcY","nickname":"HYL","sex":1,"language":"zh_CN","city":"成都","province":"四川","country":"中国","headimgurl":"http:\/\/wx.qlogo.cn\/mmopen\/4tpkVGWUO5YhjO4dC797ZOVAsibpln6rHgDpkSiaannl9HsZibnLaOZCXRJDO7OmAxje9XTia091DL8LtoQtdJbrgyhvnAoYoLhd\/0","privilege":[]}
[2015-09-17 16:59:09][debug] --------------------------------------------------------------------
[2015-09-17 17:03:27][debug] --------------------------------------------------------------------
[2015-09-17 17:03:27][debug] 授权成功！
[2015-09-17 17:03:27][debug] 微信用户信息：{"openid":"oXU1ruKrST1KKNNky4pIk130BrcY","nickname":"HYL","sex":1,"language":"zh_CN","city":"成都","province":"四川","country":"中国","headimgurl":"http:\/\/wx.qlogo.cn\/mmopen\/4tpkVGWUO5YhjO4dC797ZOVAsibpln6rHgDpkSiaannl9HsZibnLaOZCXRJDO7OmAxje9XTia091DL8LtoQtdJbrgyhvnAoYoLhd\/0","privilege":[]}
[2015-09-17 17:03:27][debug] --------------------------------------------------------------------
[2015-09-17 17:07:06][debug] --------------------------------------------------------------------
[2015-09-17 17:07:06][debug] 授权成功！
[2015-09-17 17:07:06][debug] 微信用户信息：{"openid":"oXU1ruKrST1KKNNky4pIk130BrcY","nickname":"HYL","sex":1,"language":"zh_CN","city":"成都","province":"四川","country":"中国","headimgurl":"http:\/\/wx.qlogo.cn\/mmopen\/4tpkVGWUO5YhjO4dC797ZOVAsibpln6rHgDpkSiaannl9HsZibnLaOZCXRJDO7OmAxje9XTia091DL8LtoQtdJbrgyhvnAoYoLhd\/0","privilege":[]}
[2015-09-17 17:07:06][debug] --------------------------------------------------------------------
