[2015-11-01 00:34:11][debug] forword：0
[2015-11-01 00:34:11][debug] forword：0
[2015-11-01 04:11:10][debug] forword：0
[2015-11-01 04:11:10][debug] forword：0
[2015-11-01 04:25:04][debug] forword：0
[2015-11-01 04:52:30][debug] forword：0
[2015-11-01 04:52:30][debug] forword：0
[2015-11-01 04:52:40][debug] forword：0
[2015-11-01 04:52:44][debug] --------------------------------------------------------------------
[2015-11-01 04:52:44][debug] 授权成功！
[2015-11-01 04:52:44][debug] 微信用户信息：{"openid":"oXU1ruAulTtEchJYm_ZBU9EpYwWQ","nickname":"段庄华宇缝纫设备","sex":1,"language":"zh_CN","city":"保定","province":"河北","country":"中国","headimgurl":"http:\/\/wx.qlogo.cn\/mmopen\/BcQRZIbPSiamFjMicGH9LkqbZ26Amd5osiaUYCIBHCkx5u0kmMHotGVByZmfrH2kibNLDlWAABTekLj3X2eib2CvSqmpHyZn9lWEo\/0","privilege":[]}
[2015-11-01 04:52:44][debug] --------------------------------------------------------------------
[2015-11-01 04:52:44][debug] forword：0
[2015-11-01 04:52:44][debug] forword：0
[2015-11-01 04:52:59][debug] forword：0
[2015-11-01 04:53:37][debug] forword：0
[2015-11-01 04:53:37][debug] forword：0
[2015-11-01 04:53:46][debug] forword：0
[2015-11-01 05:54:48][debug] forword：0
[2015-11-01 13:20:32][debug] forword：0
[2015-11-01 13:20:36][debug] forword：0
[2015-11-01 13:20:39][debug] forword：0
[2015-11-01 16:12:19][debug] forword：0
[2015-11-01 16:12:19][debug] forword：0
[2015-11-01 16:12:23][debug] --------------------------------------------------------------------
[2015-11-01 16:12:23][debug] 授权成功！
[2015-11-01 16:12:23][debug] 微信用户信息：{"openid":"oXU1ruFmBZ7DH3L_bJzJvwpz1_tY","nickname":"☜维他命☞","sex":1,"language":"zh_CN","city":"","province":"","country":"中国","headimgurl":"http:\/\/wx.qlogo.cn\/mmopen\/McYMgia19V0XOgo6rNic57xYCRk7CKWD4m4cUH0Zic820NzRnI2g4QIKwHg3iaW20XPXJiaaYh1OwCDGEHNytQDPASQ\/0","privilege":[]}
[2015-11-01 16:12:23][debug] --------------------------------------------------------------------
[2015-11-01 16:12:24][debug] forword：0
[2015-11-01 16:12:24][debug] forword：0
[2015-11-01 18:40:42][debug] forword：0
[2015-11-01 18:40:42][debug] forword：0
