[2015-10-28 01:01:25][debug] forword：0
[2015-10-28 01:01:25][debug] forword：0
[2015-10-28 01:01:29][debug] --------------------------------------------------------------------
[2015-10-28 01:01:29][debug] 授权成功！
[2015-10-28 01:01:29][debug] 微信用户信息：{"openid":"oXU1ruGglKnxhpxpnR-kwrWjeTwM","nickname":"微笑不代表快乐","sex":2,"language":"zh_CN","city":"","province":"","country":"中国","headimgurl":"http:\/\/wx.qlogo.cn\/mmopen\/BcQRZIbPSiamFjMicGH9LkqbZ5I5cgpiaDIJVc0vY4uySCqRwGlpasMYM9SvEbibjoSLdkeJCNTQPwA9B1zP6upBnsudlkiczRjrB\/0","privilege":[]}
[2015-10-28 01:01:29][debug] --------------------------------------------------------------------
[2015-10-28 01:01:29][debug] forword：0
[2015-10-28 01:01:29][debug] forword：0
[2015-10-28 01:01:39][debug] forword：0
[2015-10-28 01:14:51][debug] forword：0
[2015-10-28 04:36:09][debug] forword：0
[2015-10-28 04:36:09][debug] forword：0
[2015-10-28 04:38:01][debug] forword：0
[2015-10-28 04:38:01][debug] forword：0
[2015-10-28 10:59:05][debug] forword：0
[2015-10-28 11:39:20][debug] forword：0
[2015-10-28 11:39:23][debug] forword：0
[2015-10-28 11:39:26][debug] --------------------------------------------------------------------
[2015-10-28 11:39:26][debug] 授权成功！
[2015-10-28 11:39:26][debug] 微信用户信息：{"openid":"oXU1ruP_mQX2f1y-2-NQFv663cNY","nickname":"吉祥福禄","sex":2,"language":"zh_CN","city":"唐山","province":"河北","country":"中国","headimgurl":"http:\/\/wx.qlogo.cn\/mmopen\/3hsWdj2E9tukSnFcoI659yZCnEViaOHuheA5gHbbXI3JMJYQliaCCzvAGPXV3PEhHsWH0To7c68HibgQZVEmiaPhZQolrQ7tSJsB\/0","privilege":[]}
[2015-10-28 11:39:26][debug] --------------------------------------------------------------------
[2015-10-28 11:39:26][debug] forword：0
[2015-10-28 11:39:27][debug] forword：0
[2015-10-28 14:59:11][debug] forword：0
[2015-10-28 14:59:11][debug] forword：0
[2015-10-28 14:59:11][debug] forword：0
[2015-10-28 14:59:12][debug] forword：0
[2015-10-28 19:36:00][debug] forword：0
