[2015-09-29 10:16:39][debug] begin notify
[2015-09-29 10:16:39][debug] query:{"appid":"wx7851b75090b42312","attach":"\u5927\u68ee\u6d3b\u52a8","bank_type":"PSBC_DEBIT","cash_fee":"50000","fee_type":"CNY","is_subscribe":"N","mch_id":"1270609201","nonce_str":"BnamhNHgMeFNEF3U","openid":"oXU1ruBlUdvS55e911AWv2zgKrbE","out_trade_no":"127060920120150929101458","result_code":"SUCCESS","return_code":"SUCCESS","return_msg":"OK","sign":"2EF1047B3846813ED3AC197FE80146C9","time_end":"20150929101610","total_fee":"50000","trade_state":"SUCCESS","trade_type":"JSAPI","transaction_id":"1001700255201509291028757066"}
[2015-09-29 10:16:39][debug] call back test:订单查询成功
[2015-09-29 10:16:39][debug] {"appid":"wx7851b75090b42312","attach":"\u5927\u68ee\u6d3b\u52a8","bank_type":"PSBC_DEBIT","cash_fee":"50000","fee_type":"CNY","is_subscribe":"N","mch_id":"1270609201","nonce_str":"8ll15bn309x2ypqo90v81shd5s8up4wo","openid":"oXU1ruBlUdvS55e911AWv2zgKrbE","out_trade_no":"127060920120150929101458","result_code":"SUCCESS","return_code":"SUCCESS","sign":"00D2784912941EB63F385C8DD95BBC19","time_end":"20150929101638","total_fee":"50000","trade_type":"JSAPI","transaction_id":"1001700255201509291028757066"}
[2015-09-29 10:16:39][debug] oXU1ruBlUdvS55e911AWv2zgKrbE-->入库成功
[2015-09-29 11:31:45][debug] begin notify
[2015-09-29 11:31:45][debug] query:{"appid":"wx7851b75090b42312","attach":"\u5927\u68ee\u6d3b\u52a8","bank_type":"CFT","cash_fee":"50000","fee_type":"CNY","is_subscribe":"N","mch_id":"1270609201","nonce_str":"dbOHM3fIUpM0TzLd","openid":"oXU1ruKClYXI1od-MxO1KcNzYgsU","out_trade_no":"127060920120150929113124","result_code":"SUCCESS","return_code":"SUCCESS","return_msg":"OK","sign":"7F12CF5FD8FCA573E88094D99C1A10E1","time_end":"20150929113144","total_fee":"50000","trade_state":"SUCCESS","trade_type":"JSAPI","transaction_id":"1000950255201509291029793721"}
[2015-09-29 11:31:45][debug] call back test:订单查询成功
[2015-09-29 11:31:45][debug] {"appid":"wx7851b75090b42312","attach":"\u5927\u68ee\u6d3b\u52a8","bank_type":"CFT","cash_fee":"50000","fee_type":"CNY","is_subscribe":"N","mch_id":"1270609201","nonce_str":"c9qgmwve0bgmva1yjoibjof4njcmzxjh","openid":"oXU1ruKClYXI1od-MxO1KcNzYgsU","out_trade_no":"127060920120150929113124","result_code":"SUCCESS","return_code":"SUCCESS","sign":"AA0767BE07CBF722D8CAAF6B06F8743F","time_end":"20150929113144","total_fee":"50000","trade_type":"JSAPI","transaction_id":"1000950255201509291029793721"}
[2015-09-29 11:31:45][debug] oXU1ruKClYXI1od-MxO1KcNzYgsU-->入库成功
[2015-09-29 16:31:53][debug] begin notify
[2015-09-29 16:31:59][debug] query:{"appid":"wx7851b75090b42312","attach":"\u5927\u68ee\u6d3b\u52a8","bank_type":"CCB_CREDIT","cash_fee":"50000","fee_type":"CNY","is_subscribe":"Y","mch_id":"1270609201","nonce_str":"Frmj5mTXHsWdraRT","openid":"oXU1ruBtH70qtwnhmS6c4XaB0yUE","out_trade_no":"127060920120150929162925","result_code":"SUCCESS","return_code":"SUCCESS","return_msg":"OK","sign":"968AF1208C9A6A735752135029DFF78A","time_end":"20150929163125","total_fee":"50000","trade_state":"SUCCESS","trade_type":"JSAPI","transaction_id":"1002210255201509291033476933"}
[2015-09-29 16:31:59][debug] call back test:订单查询成功
[2015-09-29 16:31:59][debug] {"appid":"wx7851b75090b42312","attach":"\u5927\u68ee\u6d3b\u52a8","bank_type":"CCB_CREDIT","cash_fee":"50000","fee_type":"CNY","is_subscribe":"Y","mch_id":"1270609201","nonce_str":"vfzdizc5jlxogwomb3czdhyoopf20db8","openid":"oXU1ruBtH70qtwnhmS6c4XaB0yUE","out_trade_no":"127060920120150929162925","result_code":"SUCCESS","return_code":"SUCCESS","sign":"6FF648E2F0402E46EE3D81409E9217C8","time_end":"20150929163152","total_fee":"50000","trade_type":"JSAPI","transaction_id":"1002210255201509291033476933"}
[2015-09-29 16:31:59][debug] oXU1ruBtH70qtwnhmS6c4XaB0yUE-->入库成功
[2015-09-29 16:32:10][debug] begin notify
[2015-09-29 16:32:11][debug] query:{"appid":"wx7851b75090b42312","attach":"\u5927\u68ee\u6d3b\u52a8","bank_type":"CCB_CREDIT","cash_fee":"50000","fee_type":"CNY","is_subscribe":"Y","mch_id":"1270609201","nonce_str":"HgyaRwkfKZ7OpUMs","openid":"oXU1ruBtH70qtwnhmS6c4XaB0yUE","out_trade_no":"127060920120150929162925","result_code":"SUCCESS","return_code":"SUCCESS","return_msg":"OK","sign":"D3FDF573BDEF9DE0C85E4CA1BD97D154","time_end":"20150929163125","total_fee":"50000","trade_state":"SUCCESS","trade_type":"JSAPI","transaction_id":"1002210255201509291033476933"}
[2015-09-29 16:32:11][debug] call back test:订单查询成功
[2015-09-29 16:32:11][debug] {"appid":"wx7851b75090b42312","attach":"\u5927\u68ee\u6d3b\u52a8","bank_type":"CCB_CREDIT","cash_fee":"50000","fee_type":"CNY","is_subscribe":"Y","mch_id":"1270609201","nonce_str":"vfzdizc5jlxogwomb3czdhyoopf20db8","openid":"oXU1ruBtH70qtwnhmS6c4XaB0yUE","out_trade_no":"127060920120150929162925","result_code":"SUCCESS","return_code":"SUCCESS","sign":"6FF648E2F0402E46EE3D81409E9217C8","time_end":"20150929163152","total_fee":"50000","trade_type":"JSAPI","transaction_id":"1002210255201509291033476933"}
[2015-09-29 16:58:48][debug] begin notify
[2015-09-29 16:58:49][debug] query:{"appid":"wx7851b75090b42312","attach":"\u5927\u68ee\u6d3b\u52a8","bank_type":"CCB_DEBIT","cash_fee":"50000","fee_type":"CNY","is_subscribe":"N","mch_id":"1270609201","nonce_str":"bHKoYgz2KGmqINEA","openid":"oXU1ruOskTUskZli6N-15cM1OSvE","out_trade_no":"127060920120150929165831","result_code":"SUCCESS","return_code":"SUCCESS","return_msg":"OK","sign":"F05668B98CAD6851C17EF479B1875ABC","time_end":"20150929165846","total_fee":"50000","trade_state":"SUCCESS","trade_type":"JSAPI","transaction_id":"1007830255201509291033824688"}
[2015-09-29 16:58:49][debug] call back test:订单查询成功
[2015-09-29 16:58:49][debug] {"appid":"wx7851b75090b42312","attach":"\u5927\u68ee\u6d3b\u52a8","bank_type":"CCB_DEBIT","cash_fee":"50000","fee_type":"CNY","is_subscribe":"N","mch_id":"1270609201","nonce_str":"289i6l93y0rz1qftkpz6bw7pclweoe1u","openid":"oXU1ruOskTUskZli6N-15cM1OSvE","out_trade_no":"127060920120150929165831","result_code":"SUCCESS","return_code":"SUCCESS","sign":"E6A7750129C3E491DFE19D0ED8F2B670","time_end":"20150929165847","total_fee":"50000","trade_type":"JSAPI","transaction_id":"1007830255201509291033824688"}
[2015-09-29 16:58:49][debug] oXU1ruOskTUskZli6N-15cM1OSvE-->入库成功
