[2015-10-24 00:49:31][debug] forword：0
[2015-10-24 00:49:49][debug] --------------------------------------------------------------------
[2015-10-24 00:49:49][debug] 授权成功！
[2015-10-24 00:49:49][debug] 微信用户信息：{"openid":"oXU1ruEQdoX0n5ZLAHbo3xFsmVUw","nickname":"燕子","sex":2,"language":"zh_CN","city":"蓟县","province":"天津","country":"中国","headimgurl":"http:\/\/wx.qlogo.cn\/mmopen\/3hsWdj2E9tvy07ic2kibzx6iblKFJelmlmnnclergggzm7gQOkdczh76uYYFicdTt1ib7Jib1lEWvBxqicpySqeibIEfJzDQEo9Kfs7B\/0","privilege":[]}
[2015-10-24 00:49:49][debug] --------------------------------------------------------------------
[2015-10-24 00:49:51][debug] forword：0
[2015-10-24 00:49:52][debug] forword：0
[2015-10-24 00:49:52][debug] forword：0
[2015-10-24 00:52:25][debug] forword：0
[2015-10-24 05:02:24][debug] forword：2
[2015-10-24 05:02:24][debug] forword：2
[2015-10-24 05:02:25][debug] --------------------------------------------------------------------
[2015-10-24 05:02:25][debug] 授权成功！
[2015-10-24 05:02:25][debug] 微信用户信息：{"openid":"oXU1ruNG7a5egdfGOFLo-BIQCSvU","nickname":"大田缝纫机商行","sex":1,"language":"zh_CN","city":"台州","province":"浙江","country":"中国","headimgurl":"http:\/\/wx.qlogo.cn\/mmopen\/McYMgia19V0VHxjnuPh5w6OBMltHthgfyyUOXyhjK1aLfptzvyZMMALc6lb8lMHecL3iaXAwY3dj3RFJbU5F8G0AyUl1ZXDKHa\/0","privilege":[]}
[2015-10-24 05:02:25][debug] --------------------------------------------------------------------
[2015-10-24 05:02:26][debug] forword：2
[2015-10-24 05:02:26][debug] forword1111：2
[2015-10-24 05:02:36][debug] --------------------------------------------------------------------
[2015-10-24 05:02:36][debug] 授权成功！
[2015-10-24 05:02:36][debug] 微信用户信息：{"openid":"oXU1ruNG7a5egdfGOFLo-BIQCSvU","nickname":"大田缝纫机商行","sex":1,"language":"zh_CN","city":"台州","province":"浙江","country":"中国","headimgurl":"http:\/\/wx.qlogo.cn\/mmopen\/McYMgia19V0VHxjnuPh5w6OBMltHthgfyyUOXyhjK1aLfptzvyZMMALc6lb8lMHecL3iaXAwY3dj3RFJbU5F8G0AyUl1ZXDKHa\/0","privilege":[]}
[2015-10-24 05:02:36][debug] --------------------------------------------------------------------
[2015-10-24 05:02:42][debug] --------------------------------------------------------------------
[2015-10-24 05:02:42][debug] 授权成功！
[2015-10-24 05:02:42][debug] 微信用户信息：{"openid":"oXU1ruNG7a5egdfGOFLo-BIQCSvU","nickname":"大田缝纫机商行","sex":1,"language":"zh_CN","city":"台州","province":"浙江","country":"中国","headimgurl":"http:\/\/wx.qlogo.cn\/mmopen\/McYMgia19V0VHxjnuPh5w6OBMltHthgfyyUOXyhjK1aLfptzvyZMMALc6lb8lMHecL3iaXAwY3dj3RFJbU5F8G0AyUl1ZXDKHa\/0","privilege":[]}
[2015-10-24 05:02:42][debug] --------------------------------------------------------------------
[2015-10-24 05:02:46][debug] --------------------------------------------------------------------
[2015-10-24 05:02:46][debug] 授权成功！
[2015-10-24 05:02:46][debug] 微信用户信息：{"openid":"oXU1ruNG7a5egdfGOFLo-BIQCSvU","nickname":"大田缝纫机商行","sex":1,"language":"zh_CN","city":"台州","province":"浙江","country":"中国","headimgurl":"http:\/\/wx.qlogo.cn\/mmopen\/McYMgia19V0VHxjnuPh5w6OBMltHthgfyyUOXyhjK1aLfptzvyZMMALc6lb8lMHecL3iaXAwY3dj3RFJbU5F8G0AyUl1ZXDKHa\/0","privilege":[]}
[2015-10-24 05:02:46][debug] --------------------------------------------------------------------
[2015-10-24 05:07:37][debug] forword：
[2015-10-24 05:07:41][debug] forword：
[2015-10-24 05:07:41][debug] forword：
[2015-10-24 05:07:56][debug] --------------------------------------------------------------------
[2015-10-24 05:07:56][debug] 授权成功！
[2015-10-24 05:07:56][debug] 微信用户信息：{"openid":"oXU1ruIq9aewVwCXYnQSjTanwrnQ","nickname":"张亚","sex":1,"language":"zh_CN","city":"徐州","province":"江苏","country":"中国","headimgurl":"http:\/\/wx.qlogo.cn\/mmopen\/3hsWdj2E9tvZt3kusyJHpcibnzn1MnibC9LohtULvIlMK6Y46zDc0ZOQGUy3YiahNyFzFba3iaAQ72Wnt3syeCBJIhWI1pG57nzE\/0","privilege":[]}
[2015-10-24 05:07:56][debug] --------------------------------------------------------------------
[2015-10-24 05:07:57][debug] forword：
[2015-10-24 05:07:57][debug] forword：
[2015-10-24 07:25:40][debug] forword：0
[2015-10-24 07:25:40][debug] forword：0
[2015-10-24 07:25:45][debug] --------------------------------------------------------------------
[2015-10-24 07:25:45][debug] 授权成功！
[2015-10-24 07:25:45][debug] 微信用户信息：{"openid":"oXU1ruGDrvpsvL5UtmfZWcmKLFag","nickname":"海兴制衣","sex":1,"language":"zh_CN","city":"保定","province":"河北","country":"中国","headimgurl":"http:\/\/wx.qlogo.cn\/mmopen\/3hsWdj2E9tukSnFcoI659wz92HlJyu3xxuFNe0tejBZqyiaqr3OFeuicSBJk0mpIJicN02QDVzAXBQN9ngt6icgXyBccm6nFcib9g\/0","privilege":[]}
[2015-10-24 07:25:45][debug] --------------------------------------------------------------------
[2015-10-24 07:38:47][debug] forword：0
[2015-10-24 07:38:48][debug] forword：0
[2015-10-24 07:52:12][debug] forword：0
[2015-10-24 08:42:42][debug] forword：0
[2015-10-24 08:42:42][debug] forword：0
[2015-10-24 08:42:42][debug] forword：0
[2015-10-24 08:43:17][debug] forword：0
[2015-10-24 08:43:17][debug] forword：0
[2015-10-24 08:46:33][debug] forword：0
[2015-10-24 08:56:44][debug] forword：0
[2015-10-24 08:56:53][debug] forword：0
[2015-10-24 08:56:53][debug] forword：0
[2015-10-24 11:56:41][debug] forword：0
[2015-10-24 11:56:41][debug] forword：0
[2015-10-24 17:36:33][debug] forword：0
[2015-10-24 17:36:33][debug] forword：0
[2015-10-24 17:36:39][debug] --------------------------------------------------------------------
[2015-10-24 17:36:39][debug] 授权成功！
[2015-10-24 17:36:39][debug] 微信用户信息：{"openid":"oXU1ruA2vIcLX6QWJWnkaRgFJICM","nickname":"A九","sex":1,"language":"zh_CN","city":"唐山","province":"河北","country":"中国","headimgurl":"http:\/\/wx.qlogo.cn\/mmopen\/4tpkVGWUO5Zjub5WrJhPCJxYSzwwFVr3ZxmrXKcWOrF2fOCUsxYvoBRKu7obq3hPGPa8N2crMBF02gjwvsjNrQ\/0","privilege":[]}
[2015-10-24 17:36:39][debug] --------------------------------------------------------------------
[2015-10-24 17:36:39][debug] forword：0
[2015-10-24 17:36:39][debug] forword：0
[2015-10-24 17:36:50][debug] forword：0
[2015-10-24 17:36:51][debug] forword：0
[2015-10-24 17:36:57][debug] forword：0
[2015-10-24 17:36:57][debug] forword：0
[2015-10-24 17:37:02][debug] forword：0
[2015-10-24 17:37:02][debug] forword：0
[2015-10-24 17:37:03][debug] forword：0
[2015-10-24 17:37:10][debug] forword：0
[2015-10-24 17:37:10][debug] forword：0
[2015-10-24 17:37:10][debug] forword：0
[2015-10-24 17:37:25][debug] forword：0
[2015-10-24 17:37:25][debug] forword：0
[2015-10-24 17:37:36][debug] forword：0
[2015-10-24 17:37:45][debug] forword：0
[2015-10-24 17:37:45][debug] forword：0
[2015-10-24 17:37:52][debug] forword：0
[2015-10-24 17:37:52][debug] forword：0
[2015-10-24 17:38:03][debug] forword：0
[2015-10-24 17:38:03][debug] forword：0
[2015-10-24 17:38:03][debug] forword：0
[2015-10-24 17:38:04][debug] forword：0
[2015-10-24 17:38:04][debug] forword：0
[2015-10-24 17:38:09][debug] forword：0
[2015-10-24 17:38:15][debug] forword：0
[2015-10-24 17:38:15][debug] forword：0
[2015-10-24 17:38:20][debug] forword：0
[2015-10-24 17:38:20][debug] forword：0
[2015-10-24 17:38:21][debug] forword：0
[2015-10-24 17:38:24][debug] forword：0
[2015-10-24 17:38:25][debug] forword：0
[2015-10-24 17:51:13][debug] forword：0
[2015-10-24 17:51:47][debug] forword：0
[2015-10-24 17:51:52][debug] forword：0
[2015-10-24 17:52:01][debug] forword：0
[2015-10-24 23:36:54][debug] forword：0
[2015-10-24 23:36:54][debug] forword：0
