[2015-09-21 03:41:32][debug] --------------------------------------------------------------------
[2015-09-21 03:41:32][debug] 授权成功！
[2015-09-21 03:41:32][debug] 微信用户信息：{"openid":"oXU1ruNezDJqXyrXB-nZD8A6_ans","nickname":"深山虎啸　　　","sex":1,"language":"zh_CN","city":"镇江","province":"江苏","country":"中国","headimgurl":"http:\/\/wx.qlogo.cn\/mmopen\/tNvDKLVOkzfPyHuveyuzBQdp9Nlen4dVtb7rm886gfKx60wzCBZM5NAtxVfGp3yHKMosOJ6a1WVgvhKpHzEsiaV0J7Q4kzJ8s\/0","privilege":[]}
[2015-09-21 03:41:32][debug] --------------------------------------------------------------------
[2015-09-21 05:35:23][debug] --------------------------------------------------------------------
[2015-09-21 05:35:23][debug] 授权成功！
[2015-09-21 05:35:23][debug] 微信用户信息：{"openid":"oXU1ruIG_y53KQM_Ocrya00W95xo","nickname":"hyl","sex":2,"language":"zh_CN","city":"","province":"","country":"中国","headimgurl":"","privilege":[]}
[2015-09-21 05:35:23][debug] --------------------------------------------------------------------
[2015-09-21 08:19:13][debug] --------------------------------------------------------------------
[2015-09-21 08:19:13][debug] 授权成功！
[2015-09-21 08:19:13][debug] 微信用户信息：{"openid":"oXU1ruKrST1KKNNky4pIk130BrcY","nickname":"HYL","sex":1,"language":"zh_CN","city":"成都","province":"四川","country":"中国","headimgurl":"http:\/\/wx.qlogo.cn\/mmopen\/4tpkVGWUO5YhjO4dC797ZOVAsibpln6rHgDpkSiaannl9HsZibnLaOZCXRJDO7OmAxje9XTia091DL8LtoQtdJbrgyhvnAoYoLhd\/0","privilege":[]}
[2015-09-21 08:19:13][debug] --------------------------------------------------------------------
[2015-09-21 08:19:39][debug] --------------------------------------------------------------------
[2015-09-21 08:19:39][debug] 授权成功！
[2015-09-21 08:19:39][debug] 微信用户信息：{"openid":"oXU1ruKrST1KKNNky4pIk130BrcY","nickname":"HYL","sex":1,"language":"zh_CN","city":"成都","province":"四川","country":"中国","headimgurl":"http:\/\/wx.qlogo.cn\/mmopen\/4tpkVGWUO5YhjO4dC797ZOVAsibpln6rHgDpkSiaannl9HsZibnLaOZCXRJDO7OmAxje9XTia091DL8LtoQtdJbrgyhvnAoYoLhd\/0","privilege":[]}
[2015-09-21 08:19:39][debug] --------------------------------------------------------------------
[2015-09-21 09:44:13][debug] finalprice->88200
[2015-09-21 09:44:13][debug] 11->11
[2015-09-21 09:44:13][debug] joinid1->1
[2015-09-21 11:21:46][debug] --------------------------------------------------------------------
[2015-09-21 11:21:46][debug] 授权成功！
[2015-09-21 11:21:46][debug] 微信用户信息：{"openid":"oXU1ruIG_y53KQM_Ocrya00W95xo","nickname":"hyl","sex":2,"language":"zh_CN","city":"","province":"","country":"中国","headimgurl":"","privilege":[]}
[2015-09-21 11:21:46][debug] --------------------------------------------------------------------
[2015-09-21 11:55:40][debug] --------------------------------------------------------------------
[2015-09-21 11:55:40][debug] 授权成功！
[2015-09-21 11:55:40][debug] 微信用户信息：{"openid":"oXU1ruIG_y53KQM_Ocrya00W95xo","nickname":"hyl","sex":2,"language":"zh_CN","city":"","province":"","country":"中国","headimgurl":"","privilege":[]}
[2015-09-21 11:55:40][debug] --------------------------------------------------------------------
[2015-09-21 12:00:58][debug] --------------------------------------------------------------------
[2015-09-21 12:00:58][debug] 授权成功！
[2015-09-21 12:00:58][debug] 微信用户信息：{"openid":"oXU1ruIG_y53KQM_Ocrya00W95xo","nickname":"hyl","sex":2,"language":"zh_CN","city":"","province":"","country":"中国","headimgurl":"","privilege":[]}
[2015-09-21 12:00:58][debug] --------------------------------------------------------------------
[2015-09-21 12:07:03][debug] --------------------------------------------------------------------
[2015-09-21 12:07:03][debug] 授权成功！
[2015-09-21 12:07:03][debug] 微信用户信息：{"openid":"oXU1ruIG_y53KQM_Ocrya00W95xo","nickname":"hyl","sex":2,"language":"zh_CN","city":"","province":"","country":"中国","headimgurl":"","privilege":[]}
[2015-09-21 12:07:03][debug] --------------------------------------------------------------------
[2015-09-21 12:09:45][debug] 开始-查询价格-----------------------------------开始
[2015-09-21 12:09:45][debug] openid->oXU1ruIG_y53KQM_Ocrya00W95xo
[2015-09-21 12:09:45][debug] bargainid->0
[2015-09-21 12:09:45][debug] price->88800
[2015-09-21 12:09:45][debug] 结束-查询价格-----------------------------------结束
[2015-09-21 12:09:45][debug] 报名成功！:
[2015-09-21 12:10:36][debug] --------------------------------------------------------------------
[2015-09-21 12:10:36][debug] 授权成功！
[2015-09-21 12:10:36][debug] 微信用户信息：{"openid":"oXU1ruKrST1KKNNky4pIk130BrcY","nickname":"HYL","sex":1,"language":"zh_CN","city":"成都","province":"四川","country":"中国","headimgurl":"http:\/\/wx.qlogo.cn\/mmopen\/4tpkVGWUO5YhjO4dC797ZOVAsibpln6rHgDpkSiaannl9HsZibnLaOZCXRJDO7OmAxje9XTia091DL8LtoQtdJbrgyhvnAoYoLhd\/0","privilege":[]}
[2015-09-21 12:10:36][debug] --------------------------------------------------------------------
[2015-09-21 12:11:00][debug] --------------------------------------------------------------------
[2015-09-21 12:11:00][debug] 授权成功！
[2015-09-21 12:11:00][debug] 微信用户信息：{"openid":"oXU1ruKrST1KKNNky4pIk130BrcY","nickname":"HYL","sex":1,"language":"zh_CN","city":"成都","province":"四川","country":"中国","headimgurl":"http:\/\/wx.qlogo.cn\/mmopen\/4tpkVGWUO5YhjO4dC797ZOVAsibpln6rHgDpkSiaannl9HsZibnLaOZCXRJDO7OmAxje9XTia091DL8LtoQtdJbrgyhvnAoYoLhd\/0","privilege":[]}
[2015-09-21 12:11:00][debug] --------------------------------------------------------------------
[2015-09-21 12:18:36][debug] --------------------------------------------------------------------
[2015-09-21 12:18:36][debug] 授权成功！
[2015-09-21 12:18:36][debug] 微信用户信息：{"openid":"oXU1ruIG_y53KQM_Ocrya00W95xo","nickname":"hyl","sex":2,"language":"zh_CN","city":"","province":"","country":"中国","headimgurl":"","privilege":[]}
[2015-09-21 12:18:36][debug] --------------------------------------------------------------------
[2015-09-21 12:18:37][debug] --------------------------------------------------------------------
[2015-09-21 12:18:37][debug] 授权成功！
[2015-09-21 12:18:37][debug] 微信用户信息：{"openid":"oXU1ruIG_y53KQM_Ocrya00W95xo","nickname":"hyl","sex":2,"language":"zh_CN","city":"","province":"","country":"中国","headimgurl":"","privilege":[]}
[2015-09-21 12:18:37][debug] --------------------------------------------------------------------
[2015-09-21 12:28:07][debug] --------------------------------------------------------------------
[2015-09-21 12:28:07][debug] 授权成功！
[2015-09-21 12:28:07][debug] 微信用户信息：{"openid":"oXU1ruE213ejSN72siQVNwud_Itk","nickname":"闲茶良味","sex":1,"language":"zh_CN","city":"台州","province":"浙江","country":"中国","headimgurl":"http:\/\/wx.qlogo.cn\/mmopen\/4tpkVGWUO5ahcc9t3xAmmWtuGJLlLIsnqmY8Hb25XojWkaKS3OMIGicbMELR5f7Cp2HF8m9jsatR8HJ0PSQ9J9A\/0","privilege":[]}
[2015-09-21 12:28:07][debug] --------------------------------------------------------------------
[2015-09-21 13:38:55][debug] --------------------------------------------------------------------
[2015-09-21 13:38:55][debug] 授权成功！
[2015-09-21 13:38:55][debug] 微信用户信息：{"openid":"oXU1ruIG_y53KQM_Ocrya00W95xo","nickname":"hyl","sex":2,"language":"zh_CN","city":"","province":"","country":"中国","headimgurl":"","privilege":[]}
[2015-09-21 13:38:55][debug] --------------------------------------------------------------------
[2015-09-21 13:42:23][debug] --------------------------------------------------------------------
[2015-09-21 13:42:23][debug] 授权成功！
[2015-09-21 13:42:23][debug] 微信用户信息：{"openid":"oXU1ruKrST1KKNNky4pIk130BrcY","nickname":"HYL","sex":1,"language":"zh_CN","city":"成都","province":"四川","country":"中国","headimgurl":"http:\/\/wx.qlogo.cn\/mmopen\/4tpkVGWUO5YhjO4dC797ZOVAsibpln6rHgDpkSiaannl9HsZibnLaOZCXRJDO7OmAxje9XTia091DL8LtoQtdJbrgyhvnAoYoLhd\/0","privilege":[]}
[2015-09-21 13:42:23][debug] --------------------------------------------------------------------
[2015-09-21 13:43:10][debug] --------------------------------------------------------------------
[2015-09-21 13:43:10][debug] 授权成功！
[2015-09-21 13:43:10][debug] 微信用户信息：{"openid":"oXU1ruKrST1KKNNky4pIk130BrcY","nickname":"HYL","sex":1,"language":"zh_CN","city":"成都","province":"四川","country":"中国","headimgurl":"http:\/\/wx.qlogo.cn\/mmopen\/4tpkVGWUO5YhjO4dC797ZOVAsibpln6rHgDpkSiaannl9HsZibnLaOZCXRJDO7OmAxje9XTia091DL8LtoQtdJbrgyhvnAoYoLhd\/0","privilege":[]}
[2015-09-21 13:43:10][debug] --------------------------------------------------------------------
[2015-09-21 13:43:21][debug] --------------------------------------------------------------------
[2015-09-21 13:43:21][debug] 授权成功！
[2015-09-21 13:43:21][debug] 微信用户信息：{"openid":"oXU1ruKrST1KKNNky4pIk130BrcY","nickname":"HYL","sex":1,"language":"zh_CN","city":"成都","province":"四川","country":"中国","headimgurl":"http:\/\/wx.qlogo.cn\/mmopen\/4tpkVGWUO5YhjO4dC797ZOVAsibpln6rHgDpkSiaannl9HsZibnLaOZCXRJDO7OmAxje9XTia091DL8LtoQtdJbrgyhvnAoYoLhd\/0","privilege":[]}
[2015-09-21 13:43:21][debug] --------------------------------------------------------------------
[2015-09-21 13:44:00][debug] --------------------------------------------------------------------
[2015-09-21 13:44:00][debug] 授权成功！
[2015-09-21 13:44:00][debug] 微信用户信息：{"openid":"oXU1ruKrST1KKNNky4pIk130BrcY","nickname":"HYL","sex":1,"language":"zh_CN","city":"成都","province":"四川","country":"中国","headimgurl":"http:\/\/wx.qlogo.cn\/mmopen\/4tpkVGWUO5YhjO4dC797ZOVAsibpln6rHgDpkSiaannl9HsZibnLaOZCXRJDO7OmAxje9XTia091DL8LtoQtdJbrgyhvnAoYoLhd\/0","privilege":[]}
[2015-09-21 13:44:00][debug] --------------------------------------------------------------------
[2015-09-21 14:04:37][debug] --------------------------------------------------------------------
[2015-09-21 14:04:37][debug] 授权成功！
[2015-09-21 14:04:37][debug] 微信用户信息：{"openid":"oXU1ruIG_y53KQM_Ocrya00W95xo","nickname":"hyl","sex":2,"language":"zh_CN","city":"","province":"","country":"中国","headimgurl":"","privilege":[]}
[2015-09-21 14:04:37][debug] --------------------------------------------------------------------
[2015-09-21 14:08:11][debug] --------------------------------------------------------------------
[2015-09-21 14:08:11][debug] 授权成功！
[2015-09-21 14:08:11][debug] 微信用户信息：{"openid":"oXU1ruIG_y53KQM_Ocrya00W95xo","nickname":"hyl","sex":2,"language":"zh_CN","city":"","province":"","country":"中国","headimgurl":"","privilege":[]}
[2015-09-21 14:08:11][debug] --------------------------------------------------------------------
[2015-09-21 14:09:46][debug] --------------------------------------------------------------------
[2015-09-21 14:09:46][debug] 授权成功！
[2015-09-21 14:09:46][debug] 微信用户信息：{"openid":"oXU1ruKrST1KKNNky4pIk130BrcY","nickname":"HYL","sex":1,"language":"zh_CN","city":"成都","province":"四川","country":"中国","headimgurl":"http:\/\/wx.qlogo.cn\/mmopen\/4tpkVGWUO5YhjO4dC797ZOVAsibpln6rHgDpkSiaannl9HsZibnLaOZCXRJDO7OmAxje9XTia091DL8LtoQtdJbrgyhvnAoYoLhd\/0","privilege":[]}
[2015-09-21 14:09:46][debug] --------------------------------------------------------------------
[2015-09-21 14:09:57][debug] finalprice->88600
[2015-09-21 14:09:57][debug] 14->14
[2015-09-21 14:09:57][debug] joinid1->1
[2015-09-21 14:12:18][debug] --------------------------------------------------------------------
[2015-09-21 14:12:18][debug] 授权成功！
[2015-09-21 14:12:18][debug] 微信用户信息：{"openid":"oXU1ruIG_y53KQM_Ocrya00W95xo","nickname":"hyl","sex":2,"language":"zh_CN","city":"","province":"","country":"中国","headimgurl":"","privilege":[]}
[2015-09-21 14:12:18][debug] --------------------------------------------------------------------
[2015-09-21 14:25:24][debug] --------------------------------------------------------------------
[2015-09-21 14:25:24][debug] 授权成功！
[2015-09-21 14:25:24][debug] 微信用户信息：{"openid":"oXU1ruKrST1KKNNky4pIk130BrcY","nickname":"HYL","sex":1,"language":"zh_CN","city":"成都","province":"四川","country":"中国","headimgurl":"http:\/\/wx.qlogo.cn\/mmopen\/4tpkVGWUO5YhjO4dC797ZOVAsibpln6rHgDpkSiaannl9HsZibnLaOZCXRJDO7OmAxje9XTia091DL8LtoQtdJbrgyhvnAoYoLhd\/0","privilege":[]}
[2015-09-21 14:25:24][debug] --------------------------------------------------------------------
[2015-09-21 14:26:25][debug] --------------------------------------------------------------------
[2015-09-21 14:26:25][debug] 授权成功！
[2015-09-21 14:26:25][debug] 微信用户信息：{"openid":"oXU1ruIG_y53KQM_Ocrya00W95xo","nickname":"hyl","sex":2,"language":"zh_CN","city":"","province":"","country":"中国","headimgurl":"","privilege":[]}
[2015-09-21 14:26:25][debug] --------------------------------------------------------------------
[2015-09-21 14:35:31][debug] --------------------------------------------------------------------
[2015-09-21 14:35:31][debug] 授权成功！
[2015-09-21 14:35:31][debug] 微信用户信息：{"openid":"oXU1ruIG_y53KQM_Ocrya00W95xo","nickname":"hyl","sex":2,"language":"zh_CN","city":"","province":"","country":"中国","headimgurl":"","privilege":[]}
[2015-09-21 14:35:31][debug] --------------------------------------------------------------------
[2015-09-21 14:39:45][debug] --------------------------------------------------------------------
[2015-09-21 14:39:45][debug] 授权成功！
[2015-09-21 14:39:45][debug] 微信用户信息：{"openid":"oXU1ruE213ejSN72siQVNwud_Itk","nickname":"闲茶良味","sex":1,"language":"zh_CN","city":"台州","province":"浙江","country":"中国","headimgurl":"http:\/\/wx.qlogo.cn\/mmopen\/4tpkVGWUO5ahcc9t3xAmmWtuGJLlLIsnqmY8Hb25XojWkaKS3OMIGicbMELR5f7Cp2HF8m9jsatR8HJ0PSQ9J9A\/0","privilege":[]}
[2015-09-21 14:39:45][debug] --------------------------------------------------------------------
[2015-09-21 14:39:52][debug] finalprice->88400
[2015-09-21 14:39:52][debug] 14->14
[2015-09-21 14:39:52][debug] joinid1->1
[2015-09-21 14:40:25][debug] --------------------------------------------------------------------
[2015-09-21 14:40:25][debug] 授权成功！
[2015-09-21 14:40:25][debug] 微信用户信息：{"openid":"oXU1ruIG_y53KQM_Ocrya00W95xo","nickname":"hyl","sex":2,"language":"zh_CN","city":"","province":"","country":"中国","headimgurl":"","privilege":[]}
[2015-09-21 14:40:25][debug] --------------------------------------------------------------------
[2015-09-21 14:42:16][debug] finalprice->88500
[2015-09-21 14:42:16][debug] 13->13
[2015-09-21 14:42:16][debug] joinid1->1
[2015-09-21 20:45:53][debug] openid1->oXU1ruE213ejSN72siQVNwud_Itk
[2015-09-21 20:45:53][debug] openid2->oXU1ruE213ejSN72siQVNwud_Itk
[2015-09-21 20:45:53][debug] out_trade_no->127060920120150921204553
[2015-09-21 20:45:57][debug] jsApiParameters->{"appId":"wx7851b75090b42312","nonceStr":"y92n7uupd0ppo2hqlb4fcokrdkvzopw7","package":"prepay_id=wx201509212045579c015633690975147735","signType":"MD5","timeStamp":"1442839557","paySign":"B093F36748C5053C4130A9E5142FDAB0"}
[2015-09-21 20:46:06][debug] openid1->oXU1ruE213ejSN72siQVNwud_Itk
[2015-09-21 20:46:06][debug] openid2->oXU1ruE213ejSN72siQVNwud_Itk
[2015-09-21 20:46:06][debug] out_trade_no->127060920120150921204606
[2015-09-21 20:46:06][debug] jsApiParameters->{"appId":"wx7851b75090b42312","nonceStr":"5n8ufobc8fifetzscl28d8u15wzu959r","package":"prepay_id=wx201509212046061803d581de0746722329","signType":"MD5","timeStamp":"1442839566","paySign":"BB21314C47626033F70DA9F96245CB4C"}
[2015-09-21 20:46:26][debug] openid1->oXU1ruE213ejSN72siQVNwud_Itk
[2015-09-21 20:46:26][debug] openid2->oXU1ruE213ejSN72siQVNwud_Itk
[2015-09-21 20:46:26][debug] out_trade_no->127060920120150921204626
[2015-09-21 20:46:27][debug] jsApiParameters->{"appId":"wx7851b75090b42312","nonceStr":"6lsghbf6prrga31wftannvj9pslr2we3","package":"prepay_id=wx201509212046279f49ffdd390078917886","signType":"MD5","timeStamp":"1442839587","paySign":"4CEEAF33F4F9A8420480BE7CA0F3E56C"}
[2015-09-21 15:56:19][debug] --------------------------------------------------------------------
[2015-09-21 15:56:19][debug] 授权成功！
[2015-09-21 15:56:19][debug] 微信用户信息：{"openid":"oXU1ruIG_y53KQM_Ocrya00W95xo","nickname":"hyl","sex":2,"language":"zh_CN","city":"","province":"","country":"中国","headimgurl":"","privilege":[]}
[2015-09-21 15:56:19][debug] --------------------------------------------------------------------
[2015-09-21 15:58:13][debug] --------------------------------------------------------------------
[2015-09-21 15:58:13][debug] 授权成功！
[2015-09-21 15:58:13][debug] 微信用户信息：{"openid":"oXU1ruIG_y53KQM_Ocrya00W95xo","nickname":"hyl","sex":2,"language":"zh_CN","city":"","province":"","country":"中国","headimgurl":"","privilege":[]}
[2015-09-21 15:58:13][debug] --------------------------------------------------------------------
[2015-09-21 15:59:09][debug] 开始-查询价格-----------------------------------开始
[2015-09-21 15:59:09][debug] openid->oXU1ruIG_y53KQM_Ocrya00W95xo
[2015-09-21 15:59:09][debug] bargainid->0
[2015-09-21 15:59:09][debug] price->88800
[2015-09-21 15:59:09][debug] 结束-查询价格-----------------------------------结束
[2015-09-21 15:59:09][debug] 报名成功！:
[2015-09-21 16:00:54][debug] --------------------------------------------------------------------
[2015-09-21 16:00:54][debug] 授权成功！
[2015-09-21 16:00:54][debug] 微信用户信息：{"openid":"oXU1ruIG_y53KQM_Ocrya00W95xo","nickname":"hyl","sex":2,"language":"zh_CN","city":"","province":"","country":"中国","headimgurl":"","privilege":[]}
[2015-09-21 16:00:54][debug] --------------------------------------------------------------------
[2015-09-21 16:12:22][debug] --------------------------------------------------------------------
[2015-09-21 16:12:22][debug] 授权成功！
[2015-09-21 16:12:22][debug] 微信用户信息：{"openid":"oXU1ruKrST1KKNNky4pIk130BrcY","nickname":"HYL","sex":1,"language":"zh_CN","city":"成都","province":"四川","country":"中国","headimgurl":"http:\/\/wx.qlogo.cn\/mmopen\/4tpkVGWUO5YhjO4dC797ZOVAsibpln6rHgDpkSiaannl9HsZibnLaOZCXRJDO7OmAxje9XTia091DL8LtoQtdJbrgyhvnAoYoLhd\/0","privilege":[]}
[2015-09-21 16:12:22][debug] --------------------------------------------------------------------
[2015-09-21 16:13:01][debug] finalprice->88700
[2015-09-21 16:13:01][debug] 15->15
[2015-09-21 16:13:01][debug] joinid1->1
[2015-09-21 16:18:16][debug] --------------------------------------------------------------------
[2015-09-21 16:18:16][debug] 授权成功！
[2015-09-21 16:18:16][debug] 微信用户信息：{"openid":"oXU1ruIG_y53KQM_Ocrya00W95xo","nickname":"hyl","sex":2,"language":"zh_CN","city":"","province":"","country":"中国","headimgurl":"","privilege":[]}
[2015-09-21 16:18:16][debug] --------------------------------------------------------------------
[2015-09-21 16:18:53][debug] --------------------------------------------------------------------
[2015-09-21 16:18:53][debug] 授权成功！
[2015-09-21 16:18:53][debug] 微信用户信息：{"openid":"oXU1ruIG_y53KQM_Ocrya00W95xo","nickname":"hyl","sex":2,"language":"zh_CN","city":"","province":"","country":"中国","headimgurl":"","privilege":[]}
[2015-09-21 16:18:53][debug] --------------------------------------------------------------------
[2015-09-21 16:19:20][debug] finalprice->88500
[2015-09-21 16:19:20][debug] 15->15
[2015-09-21 16:19:20][debug] joinid1->1
[2015-09-21 16:27:14][debug] --------------------------------------------------------------------
[2015-09-21 16:27:14][debug] 授权成功！
[2015-09-21 16:27:14][debug] 微信用户信息：{"openid":"oXU1ruIG_y53KQM_Ocrya00W95xo","nickname":"hyl","sex":2,"language":"zh_CN","city":"","province":"","country":"中国","headimgurl":"","privilege":[]}
[2015-09-21 16:27:14][debug] --------------------------------------------------------------------
[2015-09-21 16:31:01][debug] --------------------------------------------------------------------
[2015-09-21 16:31:01][debug] 授权成功！
[2015-09-21 16:31:01][debug] 微信用户信息：{"openid":"oXU1ruIG_y53KQM_Ocrya00W95xo","nickname":"hyl","sex":2,"language":"zh_CN","city":"","province":"","country":"中国","headimgurl":"","privilege":[]}
[2015-09-21 16:31:01][debug] --------------------------------------------------------------------
[2015-09-21 16:35:59][debug] --------------------------------------------------------------------
[2015-09-21 16:35:59][debug] 授权成功！
[2015-09-21 16:35:59][debug] 微信用户信息：{"openid":"oXU1ruIG_y53KQM_Ocrya00W95xo","nickname":"hyl","sex":2,"language":"zh_CN","city":"","province":"","country":"中国","headimgurl":"","privilege":[]}
[2015-09-21 16:35:59][debug] --------------------------------------------------------------------
[2015-09-21 16:37:48][debug] 添加到购物车成功！:
[2015-09-21 22:37:49][debug] openid1->oXU1ruIG_y53KQM_Ocrya00W95xo
[2015-09-21 22:37:49][debug] openid2->oXU1ruIG_y53KQM_Ocrya00W95xo
[2015-09-21 22:37:49][debug] out_trade_no->127060920120150921223749
[2015-09-21 22:37:53][debug] jsApiParameters->{"appId":"wx7851b75090b42312","nonceStr":"ziwi59bwrb9a34btuzgo0usznac9mufd","package":"prepay_id=wx20150921223753406cc8d2e60075563948","signType":"MD5","timeStamp":"1442846273","paySign":"459BA9B13C530A8F41CF8269A9A785B4"}
[2015-09-21 22:38:20][debug] openid1->oXU1ruIG_y53KQM_Ocrya00W95xo
[2015-09-21 22:38:20][debug] openid2->oXU1ruIG_y53KQM_Ocrya00W95xo
[2015-09-21 22:38:20][debug] out_trade_no->127060920120150921223820
[2015-09-21 22:38:20][debug] jsApiParameters->{"appId":"wx7851b75090b42312","nonceStr":"e7w286chrx1onlcuewncdgx1de1djktd","package":"prepay_id=wx201509212238207d296180ed0902216669","signType":"MD5","timeStamp":"1442846300","paySign":"7E88024DA632D611B5E88D414425847B"}
[2015-09-21 22:39:35][debug] openid1->oXU1ruIG_y53KQM_Ocrya00W95xo
[2015-09-21 22:39:35][debug] openid2->oXU1ruIG_y53KQM_Ocrya00W95xo
[2015-09-21 22:39:35][debug] out_trade_no->127060920120150921223935
[2015-09-21 22:39:35][debug] jsApiParameters->{"appId":"wx7851b75090b42312","nonceStr":"8f6lz6hy5xeot4j3xc62axjx5fl6eoq3","package":"prepay_id=wx20150921223935114f578a030773941913","signType":"MD5","timeStamp":"1442846375","paySign":"9FB30FEF17E1EF0DD2D9C722CD48C16D"}
[2015-09-21 22:40:05][debug] openid1->oXU1ruIG_y53KQM_Ocrya00W95xo
[2015-09-21 22:40:05][debug] openid2->oXU1ruIG_y53KQM_Ocrya00W95xo
[2015-09-21 22:40:05][debug] out_trade_no->127060920120150921224005
[2015-09-21 22:40:09][debug] jsApiParameters->{"appId":"wx7851b75090b42312","nonceStr":"9vkuxyg0doh7fb2h5c7g0gmghe7fvkcf","package":"prepay_id=wx201509212240092a5905fbb70439429012","signType":"MD5","timeStamp":"1442846409","paySign":"0BCBFC935C89108BEC67AD3B69306887"}
[2015-09-21 22:42:57][debug] openid1->oXU1ruIG_y53KQM_Ocrya00W95xo
[2015-09-21 22:42:57][debug] openid2->oXU1ruIG_y53KQM_Ocrya00W95xo
[2015-09-21 22:42:57][debug] out_trade_no->127060920120150921224257
[2015-09-21 22:43:02][debug] jsApiParameters->{"appId":"wx7851b75090b42312","nonceStr":"f4zn4kf6xt86z9qcxs51jt9axhjdi8su","package":"prepay_id=wx2015092122430222795b718b0927682383","signType":"MD5","timeStamp":"1442846582","paySign":"97A4ED1CBA284CB8A4468BF3C2ABF9D0"}
[2015-09-21 16:44:21][debug] 开始-查询价格-----------------------------------开始
[2015-09-21 16:44:21][debug] openid->oXU1ruKrST1KKNNky4pIk130BrcY
[2015-09-21 16:44:21][debug] bargainid->0
[2015-09-21 16:44:21][debug] price->88800
[2015-09-21 16:44:21][debug] 结束-查询价格-----------------------------------结束
[2015-09-21 16:44:22][debug] 报名成功！:
[2015-09-21 16:45:02][debug] --------------------------------------------------------------------
[2015-09-21 16:45:02][debug] 授权成功！
[2015-09-21 16:45:02][debug] 微信用户信息：{"openid":"oXU1ruIG_y53KQM_Ocrya00W95xo","nickname":"hyl","sex":2,"language":"zh_CN","city":"","province":"","country":"中国","headimgurl":"","privilege":[]}
[2015-09-21 16:45:02][debug] --------------------------------------------------------------------
[2015-09-21 16:45:16][debug] 添加到购物车成功！:
[2015-09-21 22:45:16][debug] openid1->oXU1ruKrST1KKNNky4pIk130BrcY
[2015-09-21 22:45:16][debug] openid2->oXU1ruKrST1KKNNky4pIk130BrcY
[2015-09-21 22:45:16][debug] out_trade_no->127060920120150921224516
[2015-09-21 22:45:19][debug] jsApiParameters->{"appId":"wx7851b75090b42312","nonceStr":"xre2giiarb3khcb92km398te6lrp4d0t","package":"prepay_id=wx20150921224519d5c979a13e0708608719","signType":"MD5","timeStamp":"1442846719","paySign":"F4EAD8D4991AFED5B7AFFF1C8524DCF4"}
[2015-09-21 16:53:49][debug] --------------------------------------------------------------------
[2015-09-21 16:53:49][debug] 授权成功！
[2015-09-21 16:53:49][debug] 微信用户信息：{"openid":"oXU1ruKrST1KKNNky4pIk130BrcY","nickname":"HYL","sex":1,"language":"zh_CN","city":"成都","province":"四川","country":"中国","headimgurl":"http:\/\/wx.qlogo.cn\/mmopen\/4tpkVGWUO5YhjO4dC797ZOVAsibpln6rHgDpkSiaannl9HsZibnLaOZCXRJDO7OmAxje9XTia091DL8LtoQtdJbrgyhvnAoYoLhd\/0","privilege":[]}
[2015-09-21 16:53:49][debug] --------------------------------------------------------------------
[2015-09-21 22:54:05][debug] openid1->oXU1ruKrST1KKNNky4pIk130BrcY
[2015-09-21 22:54:05][debug] openid2->oXU1ruKrST1KKNNky4pIk130BrcY
[2015-09-21 22:54:05][debug] out_trade_no->127060920120150921225405
[2015-09-21 22:54:05][debug] jsApiParameters->{"appId":"wx7851b75090b42312","nonceStr":"hcs5ony4d5hoafhaknq5c8f56epve4h3","package":"prepay_id=wx201509212254058f11682fe40808358882","signType":"MD5","timeStamp":"1442847245","paySign":"D32398AD347CE6AE0B12402D34C7CE29"}
[2015-09-21 23:01:48][debug] openid1->
[2015-09-21 23:01:48][debug] openid2->
[2015-09-21 23:01:48][debug] out_trade_no->127060920120150921230148
[2015-09-21 23:03:28][debug] openid1->
[2015-09-21 23:03:28][debug] openid2->
[2015-09-21 23:03:28][debug] out_trade_no->127060920120150921230328
[2015-09-21 23:04:22][debug] openid1->oXU1ruKrST1KKNNky4pIk130BrcY
[2015-09-21 23:04:22][debug] openid2->oXU1ruKrST1KKNNky4pIk130BrcY
[2015-09-21 23:04:22][debug] out_trade_no->127060920120150921230422
[2015-09-21 23:04:25][debug] jsApiParameters->{"appId":"wx7851b75090b42312","nonceStr":"639pkwawqgapab0tvwsm68g9o194806u","package":"prepay_id=wx20150921230425f409d758170439076600","signType":"MD5","timeStamp":"1442847865","paySign":"2D9B6E1FFE596D7B7A14270871364BA4"}
[2015-09-21 17:05:01][debug] --------------------------------------------------------------------
[2015-09-21 17:05:01][debug] 授权成功！
[2015-09-21 17:05:01][debug] 微信用户信息：{"openid":"oXU1ruKrST1KKNNky4pIk130BrcY","nickname":"HYL","sex":1,"language":"zh_CN","city":"成都","province":"四川","country":"中国","headimgurl":"http:\/\/wx.qlogo.cn\/mmopen\/4tpkVGWUO5YhjO4dC797ZOVAsibpln6rHgDpkSiaannl9HsZibnLaOZCXRJDO7OmAxje9XTia091DL8LtoQtdJbrgyhvnAoYoLhd\/0","privilege":[]}
[2015-09-21 17:05:01][debug] --------------------------------------------------------------------
[2015-09-21 23:05:40][debug] openid1->oXU1ruKrST1KKNNky4pIk130BrcY
[2015-09-21 23:05:40][debug] openid2->oXU1ruKrST1KKNNky4pIk130BrcY
[2015-09-21 23:05:40][debug] out_trade_no->127060920120150921230540
[2015-09-21 23:05:40][debug] jsApiParameters->{"appId":"wx7851b75090b42312","nonceStr":"7od5ahvjjmtujjp7laen64tuop1d3jg7","package":"prepay_id=wx201509212305406e1dc18ce40006983638","signType":"MD5","timeStamp":"1442847940","paySign":"4D82633CFA84D64177C6155B0FA2BC2B"}
[2015-09-21 23:05:47][debug] openid1->oXU1ruKrST1KKNNky4pIk130BrcY
[2015-09-21 23:05:47][debug] openid2->oXU1ruKrST1KKNNky4pIk130BrcY
[2015-09-21 23:05:47][debug] out_trade_no->127060920120150921230547
[2015-09-21 23:05:47][debug] jsApiParameters->{"appId":"wx7851b75090b42312","nonceStr":"tcn6d0roaniak25smwuw1yuakd5lp95w","package":"prepay_id=wx201509212305475a48e04aac0072254303","signType":"MD5","timeStamp":"1442847947","paySign":"6F312EF23C9A976AA2063D13922C2B21"}
[2015-09-21 23:05:52][debug] openid1->oXU1ruKrST1KKNNky4pIk130BrcY
[2015-09-21 23:05:52][debug] openid2->oXU1ruKrST1KKNNky4pIk130BrcY
[2015-09-21 23:05:52][debug] out_trade_no->127060920120150921230552
[2015-09-21 23:05:52][debug] jsApiParameters->{"appId":"wx7851b75090b42312","nonceStr":"uur79y1jtkaikagv4grtvyxstubwgydg","package":"prepay_id=wx2015092123055206700ce5d60277894791","signType":"MD5","timeStamp":"1442847952","paySign":"9BD4B30386636F0D4D5125915382C618"}
[2015-09-21 23:08:13][debug] openid1->oXU1ruKrST1KKNNky4pIk130BrcY
[2015-09-21 23:08:13][debug] openid2->oXU1ruKrST1KKNNky4pIk130BrcY
[2015-09-21 23:08:13][debug] out_trade_no->127060920120150921230813
[2015-09-21 23:08:17][debug] jsApiParameters->{"appId":"wx7851b75090b42312","nonceStr":"knciifq2c83f2c1d8e8g6p3hxf7qv45f","package":"prepay_id=wx201509212308172b0e02b0e70977222295","signType":"MD5","timeStamp":"1442848097","paySign":"17F0BCB8E5C7F7199F8F6CF8CA6B6FFE"}
[2015-09-21 17:12:08][debug] --------------------------------------------------------------------
[2015-09-21 17:12:08][debug] 授权成功！
[2015-09-21 17:12:08][debug] 微信用户信息：{"openid":"oXU1ruIG_y53KQM_Ocrya00W95xo","nickname":"hyl","sex":2,"language":"zh_CN","city":"","province":"","country":"中国","headimgurl":"","privilege":[]}
[2015-09-21 17:12:08][debug] --------------------------------------------------------------------
[2015-09-21 17:12:24][debug] --------------------------------------------------------------------
[2015-09-21 17:12:24][debug] 授权成功！
[2015-09-21 17:12:24][debug] 微信用户信息：{"openid":"oXU1ruIG_y53KQM_Ocrya00W95xo","nickname":"hyl","sex":2,"language":"zh_CN","city":"","province":"","country":"中国","headimgurl":"","privilege":[]}
[2015-09-21 17:12:24][debug] --------------------------------------------------------------------
[2015-09-21 17:13:08][debug] --------------------------------------------------------------------
[2015-09-21 17:13:08][debug] 授权成功！
[2015-09-21 17:13:08][debug] 微信用户信息：{"openid":"oXU1ruIG_y53KQM_Ocrya00W95xo","nickname":"hyl","sex":2,"language":"zh_CN","city":"","province":"","country":"中国","headimgurl":"","privilege":[]}
[2015-09-21 17:13:08][debug] --------------------------------------------------------------------
[2015-09-21 17:13:30][debug] --------------------------------------------------------------------
[2015-09-21 17:13:30][debug] 授权成功！
[2015-09-21 17:13:30][debug] 微信用户信息：{"openid":"oXU1ruIG_y53KQM_Ocrya00W95xo","nickname":"hyl","sex":2,"language":"zh_CN","city":"","province":"","country":"中国","headimgurl":"","privilege":[]}
[2015-09-21 17:13:30][debug] --------------------------------------------------------------------
[2015-09-21 23:13:37][debug] openid1->oXU1ruIG_y53KQM_Ocrya00W95xo
[2015-09-21 23:13:37][debug] openid2->oXU1ruIG_y53KQM_Ocrya00W95xo
[2015-09-21 23:13:37][debug] out_trade_no->127060920120150921231337
[2015-09-21 23:13:40][debug] jsApiParameters->{"appId":"wx7851b75090b42312","nonceStr":"7hv2dpv7dc15g1hdff5qnkfm0nyin7z4","package":"prepay_id=wx201509212313392ff67db8f30537485551","signType":"MD5","timeStamp":"1442848420","paySign":"08691177781D036C8A99E93D93DA651A"}
[2015-09-21 23:15:45][debug] openid1->oXU1ruIG_y53KQM_Ocrya00W95xo
[2015-09-21 23:15:45][debug] openid2->oXU1ruIG_y53KQM_Ocrya00W95xo
[2015-09-21 23:15:45][debug] out_trade_no->127060920120150921231545
[2015-09-21 23:15:47][debug] jsApiParameters->{"appId":"wx7851b75090b42312","nonceStr":"l2jp7c49danntx6tu4xu40qxkibb9w25","package":"prepay_id=wx2015092123154666ff9846790531738729","signType":"MD5","timeStamp":"1442848547","paySign":"6803F1CACA12677AF5EC91060C2FF0FC"}
[2015-09-21 17:15:48][debug] updateOrder_transaction_id->
[2015-09-21 23:16:12][debug] openid1->
[2015-09-21 23:16:12][debug] openid2->
[2015-09-21 23:16:12][debug] out_trade_no->127060920120150921231612
[2015-09-21 23:16:52][debug] openid1->oXU1ruIG_y53KQM_Ocrya00W95xo
[2015-09-21 23:16:52][debug] openid2->oXU1ruIG_y53KQM_Ocrya00W95xo
[2015-09-21 23:16:52][debug] out_trade_no->127060920120150921231652
[2015-09-21 23:16:52][debug] jsApiParameters->{"appId":"wx7851b75090b42312","nonceStr":"k0sqlj9bk3g0wag7pz2pcjc12nubudaz","package":"prepay_id=wx20150921231652e1a7e0995b0924432023","signType":"MD5","timeStamp":"1442848612","paySign":"498FCE48A03A887F410C744B5BDE2576"}
[2015-09-21 17:16:53][debug] updateOrder_transaction_id->
[2015-09-21 23:18:05][debug] openid1->oXU1ruKrST1KKNNky4pIk130BrcY
[2015-09-21 23:18:05][debug] openid2->oXU1ruKrST1KKNNky4pIk130BrcY
[2015-09-21 23:18:05][debug] out_trade_no->127060920120150921231805
[2015-09-21 23:18:05][debug] jsApiParameters->{"appId":"wx7851b75090b42312","nonceStr":"0g8zatbjtfjpphygf1o34p1sfhuo79ti","package":"prepay_id=wx20150921231805c2352c934d0336949845","signType":"MD5","timeStamp":"1442848685","paySign":"9164C18AEE362353C401AC2CC601B806"}
[2015-09-21 17:19:00][debug] --------------------------------------------------------------------
[2015-09-21 17:19:00][debug] 授权成功！
[2015-09-21 17:19:00][debug] 微信用户信息：{"openid":"oXU1ruKrST1KKNNky4pIk130BrcY","nickname":"HYL","sex":1,"language":"zh_CN","city":"成都","province":"四川","country":"中国","headimgurl":"http:\/\/wx.qlogo.cn\/mmopen\/4tpkVGWUO5YhjO4dC797ZOVAsibpln6rHgDpkSiaannl9HsZibnLaOZCXRJDO7OmAxje9XTia091DL8LtoQtdJbrgyhvnAoYoLhd\/0","privilege":[]}
[2015-09-21 17:19:00][debug] --------------------------------------------------------------------
[2015-09-21 17:23:22][debug] --------------------------------------------------------------------
[2015-09-21 17:23:22][debug] 授权成功！
[2015-09-21 17:23:22][debug] 微信用户信息：{"openid":"oXU1ruKrST1KKNNky4pIk130BrcY","nickname":"HYL","sex":1,"language":"zh_CN","city":"成都","province":"四川","country":"中国","headimgurl":"http:\/\/wx.qlogo.cn\/mmopen\/4tpkVGWUO5YhjO4dC797ZOVAsibpln6rHgDpkSiaannl9HsZibnLaOZCXRJDO7OmAxje9XTia091DL8LtoQtdJbrgyhvnAoYoLhd\/0","privilege":[]}
[2015-09-21 17:23:22][debug] --------------------------------------------------------------------
[2015-09-21 17:25:33][debug] --------------------------------------------------------------------
[2015-09-21 17:25:33][debug] 授权成功！
[2015-09-21 17:25:33][debug] 微信用户信息：{"openid":"oXU1ruIG_y53KQM_Ocrya00W95xo","nickname":"hyl","sex":2,"language":"zh_CN","city":"","province":"","country":"中国","headimgurl":"","privilege":[]}
[2015-09-21 17:25:33][debug] --------------------------------------------------------------------
[2015-09-21 23:26:30][debug] openid1->
[2015-09-21 23:26:30][debug] openid2->
[2015-09-21 23:26:30][debug] out_trade_no->127060920120150921232630
[2015-09-21 17:26:45][debug] --------------------------------------------------------------------
[2015-09-21 17:26:45][debug] 授权成功！
[2015-09-21 17:26:45][debug] 微信用户信息：{"openid":"oXU1ruIG_y53KQM_Ocrya00W95xo","nickname":"hyl","sex":2,"language":"zh_CN","city":"","province":"","country":"中国","headimgurl":"","privilege":[]}
[2015-09-21 17:26:45][debug] --------------------------------------------------------------------
[2015-09-21 23:30:40][debug] openid1->
[2015-09-21 23:30:40][debug] openid2->
[2015-09-21 23:30:40][debug] out_trade_no->127060920120150921233040
[2015-09-21 17:31:32][debug] --------------------------------------------------------------------
[2015-09-21 17:31:32][debug] 授权成功！
[2015-09-21 17:31:32][debug] 微信用户信息：{"openid":"oXU1ruIG_y53KQM_Ocrya00W95xo","nickname":"hyl","sex":2,"language":"zh_CN","city":"","province":"","country":"中国","headimgurl":"","privilege":[]}
[2015-09-21 17:31:32][debug] --------------------------------------------------------------------
[2015-09-21 17:34:57][debug] --------------------------------------------------------------------
[2015-09-21 17:34:57][debug] 授权成功！
[2015-09-21 17:34:57][debug] 微信用户信息：{"openid":"oXU1ruIG_y53KQM_Ocrya00W95xo","nickname":"hyl","sex":2,"language":"zh_CN","city":"","province":"","country":"中国","headimgurl":"","privilege":[]}
[2015-09-21 17:34:57][debug] --------------------------------------------------------------------
[2015-09-21 17:43:11][debug] --------------------------------------------------------------------
[2015-09-21 17:43:11][debug] 授权成功！
[2015-09-21 17:43:11][debug] 微信用户信息：{"openid":"oXU1ruIG_y53KQM_Ocrya00W95xo","nickname":"hyl","sex":2,"language":"zh_CN","city":"","province":"","country":"中国","headimgurl":"","privilege":[]}
[2015-09-21 17:43:11][debug] --------------------------------------------------------------------
[2015-09-21 17:46:05][debug] finalprice->88700
[2015-09-21 17:46:05][debug] 16->16
[2015-09-21 17:46:05][debug] joinid1->1
[2015-09-21 17:47:47][debug] --------------------------------------------------------------------
[2015-09-21 17:47:47][debug] 授权成功！
[2015-09-21 17:47:47][debug] 微信用户信息：{"openid":"oXU1ruIG_y53KQM_Ocrya00W95xo","nickname":"hyl","sex":2,"language":"zh_CN","city":"","province":"","country":"中国","headimgurl":"","privilege":[]}
[2015-09-21 17:47:47][debug] --------------------------------------------------------------------
[2015-09-21 17:55:26][debug] --------------------------------------------------------------------
[2015-09-21 17:55:26][debug] 授权成功！
[2015-09-21 17:55:26][debug] 微信用户信息：{"openid":"oXU1ruIG_y53KQM_Ocrya00W95xo","nickname":"hyl","sex":2,"language":"zh_CN","city":"","province":"","country":"中国","headimgurl":"","privilege":[]}
[2015-09-21 17:55:26][debug] --------------------------------------------------------------------
[2015-09-21 17:55:27][debug] --------------------------------------------------------------------
[2015-09-21 17:55:27][debug] 授权成功！
[2015-09-21 17:55:27][debug] 微信用户信息：{"openid":"oXU1ruIG_y53KQM_Ocrya00W95xo","nickname":"hyl","sex":2,"language":"zh_CN","city":"","province":"","country":"中国","headimgurl":"","privilege":[]}
[2015-09-21 17:55:27][debug] --------------------------------------------------------------------
[2015-09-21 17:57:24][debug] finalprice->88300
[2015-09-21 17:57:24][debug] 15->15
[2015-09-21 17:57:24][debug] joinid1->1
[2015-09-21 23:59:08][debug] openid1->oXU1ruIG_y53KQM_Ocrya00W95xo
[2015-09-21 23:59:08][debug] openid2->oXU1ruIG_y53KQM_Ocrya00W95xo
[2015-09-21 23:59:08][debug] out_trade_no->127060920120150921235908
[2015-09-21 23:59:11][debug] jsApiParameters->{"appId":"wx7851b75090b42312","nonceStr":"7i6js5qqhocmrc01q9xblxeelr1xfimr","package":"prepay_id=wx201509212359117e5d1a191f0310226674","signType":"MD5","timeStamp":"1442851151","paySign":"8DF633AAFD7B8562FEF93B808A5926BC"}
[2015-09-21 17:59:20][debug] updateOrder_transaction_id->
[2015-09-21 18:04:39][debug] --------------------------------------------------------------------
[2015-09-21 18:04:39][debug] 授权成功！
[2015-09-21 18:04:39][debug] 微信用户信息：{"openid":"oXU1ruL3rByc2E-vRe77CkIrUPC8","nickname":"夏天","sex":2,"language":"zh_CN","city":"成都","province":"四川","country":"中国","headimgurl":"http:\/\/wx.qlogo.cn\/mmopen\/3hsWdj2E9tu8l4xVH8HicQd48Giboh422wj56rk7ibib8yJFpDjMxB9lINdVnmuOtZwKrIQf7fvdsOBBKxSe1QzTs6j17J2PGTJe\/0","privilege":[]}
[2015-09-21 18:04:39][debug] --------------------------------------------------------------------
[2015-09-21 18:05:01][debug] finalprice->88600
[2015-09-21 18:05:01][debug] 16->16
[2015-09-21 18:05:01][debug] joinid1->1
[2015-09-21 23:46:29][debug] --------------------------------------------------------------------
[2015-09-21 23:46:29][debug] 授权成功！
[2015-09-21 23:46:29][debug] 微信用户信息：{"openid":"oXU1ruE213ejSN72siQVNwud_Itk","nickname":"闲茶良味","sex":1,"language":"zh_CN","city":"台州","province":"浙江","country":"中国","headimgurl":"http:\/\/wx.qlogo.cn\/mmopen\/4tpkVGWUO5ahcc9t3xAmmWtuGJLlLIsnqmY8Hb25XojWkaKS3OMIGicbMELR5f7Cp2HF8m9jsatR8HJ0PSQ9J9A\/0","privilege":[]}
[2015-09-21 23:46:29][debug] --------------------------------------------------------------------
[2015-09-21 23:46:35][debug] finalprice->88500
[2015-09-21 23:46:35][debug] 16->16
[2015-09-21 23:46:35][debug] joinid1->1
[2015-09-21 23:48:21][debug] 开始-查询价格-----------------------------------开始
[2015-09-21 23:48:21][debug] openid->oXU1ruE213ejSN72siQVNwud_Itk
[2015-09-21 23:48:21][debug] bargainid->0
[2015-09-21 23:48:21][debug] price->88800
[2015-09-21 23:48:21][debug] 结束-查询价格-----------------------------------结束
[2015-09-21 23:48:21][debug] 报名成功！:
[2015-09-21 23:49:58][debug] 添加到购物车成功！:
[2015-09-21 23:51:16][debug] updateOrder_transaction_id->
