[2015-10-26 04:03:11][debug] forword：0
[2015-10-26 04:03:16][debug] --------------------------------------------------------------------
[2015-10-26 04:03:16][debug] 授权成功！
[2015-10-26 04:03:16][debug] 微信用户信息：{"openid":"oXU1ruBlUdvS55e911AWv2zgKrbE","nickname":"水清天蓝","sex":1,"language":"zh_CN","city":"唐山","province":"河北","country":"中国","headimgurl":"http:\/\/wx.qlogo.cn\/mmopen\/4tpkVGWUO5Ytm3g7A7X9Zib9p7GLI51Tw5mlgptypqawwSCSOkghXKQJHrsDOVAsv4icl1kEaR6M7icbXMIHbiayXA\/0","privilege":[]}
[2015-10-26 04:03:16][debug] --------------------------------------------------------------------
[2015-10-26 04:03:16][debug] forword：0
[2015-10-26 04:06:49][debug] forword：0
[2015-10-26 04:59:03][debug] forword：0
[2015-10-26 04:59:03][debug] forword：0
[2015-10-26 04:59:03][debug] forword：0
[2015-10-26 05:52:16][debug] forword：0
[2015-10-26 07:12:06][debug] bargain_id----->
[2015-10-26 07:12:06][debug] bargain_id----->
[2015-10-26 12:30:03][debug] forword：0
[2015-10-26 14:47:28][debug] forword：0
[2015-10-26 14:47:47][debug] forword：0
[2015-10-26 14:47:50][debug] --------------------------------------------------------------------
[2015-10-26 14:47:50][debug] 授权成功！
[2015-10-26 14:47:50][debug] 微信用户信息：{"openid":"oXU1ruO_ho5xunfhuWff9ndVbcvk","nickname":"简爱","sex":2,"language":"zh_CN","city":"唐山","province":"河北","country":"中国","headimgurl":"http:\/\/wx.qlogo.cn\/mmopen\/3hsWdj2E9tukSnFcoI6597ictpZIYgxI6PxyBApTp3FGsFSH7lBURGvruo0YFDYPLay5uqFpNVFdLCeaoDSD81ib5N2mLic7gy6\/0","privilege":[]}
[2015-10-26 14:47:50][debug] --------------------------------------------------------------------
[2015-10-26 14:47:51][debug] forword：0
[2015-10-26 14:48:04][debug] forword：0
[2015-10-26 14:48:10][debug] forword：0
[2015-10-26 14:48:10][debug] forword：0
[2015-10-26 14:48:16][debug] forword：0
[2015-10-26 14:48:45][debug] forword：0
[2015-10-26 14:48:47][debug] forword：0
[2015-10-26 14:48:53][debug] forword：0
[2015-10-26 14:48:55][debug] forword：0
[2015-10-26 14:48:55][debug] forword：0
[2015-10-26 15:01:36][debug] forword：0
[2015-10-26 19:23:26][debug] forword：0
[2015-10-26 19:23:26][debug] forword：0
[2015-10-26 19:27:45][debug] forword：0
[2015-10-26 19:27:51][debug] --------------------------------------------------------------------
[2015-10-26 19:27:51][debug] 授权成功！
[2015-10-26 19:27:51][debug] 微信用户信息：{"openid":"oXU1ruICYpstAZQ1GAXmtZrWilXs","nickname":"日日鲜果园","sex":1,"language":"zh_CN","city":"池州","province":"安徽","country":"中国","headimgurl":"http:\/\/wx.qlogo.cn\/mmopen\/BcQRZIbPSialXtgxpt8zrSA5lNibfPDDPxcz4RmZMIw99iabLpZzlXNM10MMEYS2J6Dib1pUJJxJNrf4oKkRB83ceicjgQfjlOPoy\/0","privilege":[]}
[2015-10-26 19:27:51][debug] --------------------------------------------------------------------
[2015-10-26 19:27:52][debug] forword：0
[2015-10-26 19:27:52][debug] forword：0
[2015-10-26 19:27:52][debug] forword：0
