[2015-10-21 00:03:58][debug] forword：0
[2015-10-21 00:03:58][debug] forword：0
[2015-10-21 00:04:01][debug] forword：0
[2015-10-21 06:45:04][debug] forword：0
[2015-10-21 06:45:11][debug] --------------------------------------------------------------------
[2015-10-21 06:45:11][debug] 授权成功！
[2015-10-21 06:45:11][debug] 微信用户信息：{"openid":"oXU1ruCboFnRR4MWoBqMbOn3jo58","nickname":"huangsm","sex":1,"language":"zh_CN","city":"宁德","province":"福建","country":"中国","headimgurl":"http:\/\/wx.qlogo.cn\/mmopen\/4tpkVGWUO5bpQFN2Bw5WyWCpYRIqFAveJvAaoAa7cOXicxKKBwNk2bCE5aXibRiaZBJPjrTpqEnjPwR3l93SI09LnCAhaibWMvRJ\/0","privilege":[]}
[2015-10-21 06:45:11][debug] --------------------------------------------------------------------
[2015-10-21 06:45:11][debug] forword：0
[2015-10-21 06:45:27][debug] forword：0
[2015-10-21 06:45:27][debug] forword：0
[2015-10-21 06:45:27][debug] forword：0
[2015-10-21 06:45:30][debug] forword：0
[2015-10-21 06:45:33][debug] --------------------------------------------------------------------
[2015-10-21 06:45:33][debug] 授权成功！
[2015-10-21 06:45:33][debug] 微信用户信息：{"openid":"oXU1ruCboFnRR4MWoBqMbOn3jo58","nickname":"huangsm","sex":1,"language":"zh_CN","city":"宁德","province":"福建","country":"中国","headimgurl":"http:\/\/wx.qlogo.cn\/mmopen\/4tpkVGWUO5bpQFN2Bw5WyWCpYRIqFAveJvAaoAa7cOXicxKKBwNk2bCE5aXibRiaZBJPjrTpqEnjPwR3l93SI09LnCAhaibWMvRJ\/0","privilege":[]}
[2015-10-21 06:45:33][debug] --------------------------------------------------------------------
[2015-10-21 06:45:33][debug] forword：0
[2015-10-21 07:48:27][debug] forword：2
[2015-10-21 07:48:27][debug] --------------------------------------------------------------------
[2015-10-21 07:48:27][debug] 授权成功！
[2015-10-21 07:48:27][debug] 微信用户信息：{"openid":"oXU1ruHYguoQ04hk3ywf8bnaYwLQ","nickname":"蒋伍佰","sex":1,"language":"zh_CN","city":"厦门","province":"福建","country":"中国","headimgurl":"http:\/\/wx.qlogo.cn\/mmopen\/3hsWdj2E9tukSnFcoI6597k2qVoNxpQibibdUulcu0mZnTOUVzkiajW1f3zFQm85pnswqJibX6tVX4BAh8TuL56ZXVwDtMxgpzrC\/0","privilege":[]}
[2015-10-21 07:48:27][debug] --------------------------------------------------------------------
[2015-10-21 07:48:28][debug] forword：2
[2015-10-21 07:48:28][debug] forword1111：2
[2015-10-21 07:48:28][debug] bargain_id----->2
[2015-10-21 07:48:50][debug] forword：2
[2015-10-21 07:48:50][debug] forword1111：2
[2015-10-21 07:48:50][debug] bargain_id----->2
[2015-10-21 07:59:50][debug] forword：0
[2015-10-21 08:45:25][debug] forword：0
[2015-10-21 08:45:25][debug] forword：0
[2015-10-21 09:02:39][debug] forword：0
[2015-10-21 09:02:39][debug] forword：0
[2015-10-21 09:02:41][debug] forword：0
[2015-10-21 09:16:16][debug] forword：0
[2015-10-21 09:22:10][debug] forword：0
[2015-10-21 09:22:11][debug] --------------------------------------------------------------------
[2015-10-21 09:22:11][debug] 授权成功！
[2015-10-21 09:22:11][debug] 微信用户信息：{"openid":"oXU1ruA3WJTHFueHU5RA9MYGuPis","nickname":"杨盛林卖百佳缝车吸风切线","sex":1,"language":"zh_CN","city":"揭阳","province":"广东","country":"中国","headimgurl":"http:\/\/wx.qlogo.cn\/mmopen\/3hsWdj2E9tt2yAGGGeKSzgesOarMQQ6E8r96n4HwXnqBa7ZVEzEmSV6PbicmcANPhGu3Le6B5gM0QXFAt84c767uDRrT9LbwZ\/0","privilege":[]}
[2015-10-21 09:22:11][debug] --------------------------------------------------------------------
[2015-10-21 09:22:11][debug] forword：0
[2015-10-21 09:22:11][debug] forword1111：0
[2015-10-21 09:22:12][debug] bargain_id----->0
[2015-10-21 09:22:13][debug] bargain_id----->
[2015-10-21 09:23:18][debug] forword：2
[2015-10-21 09:23:19][debug] --------------------------------------------------------------------
[2015-10-21 09:23:19][debug] 授权成功！
[2015-10-21 09:23:19][debug] 微信用户信息：{"openid":"oXU1ruA3WJTHFueHU5RA9MYGuPis","nickname":"杨盛林卖百佳缝车吸风切线","sex":1,"language":"zh_CN","city":"揭阳","province":"广东","country":"中国","headimgurl":"http:\/\/wx.qlogo.cn\/mmopen\/3hsWdj2E9tt2yAGGGeKSzgesOarMQQ6E8r96n4HwXnqBa7ZVEzEmSV6PbicmcANPhGu3Le6B5gM0QXFAt84c767uDRrT9LbwZ\/0","privilege":[]}
[2015-10-21 09:23:19][debug] --------------------------------------------------------------------
[2015-10-21 09:23:19][debug] forword：2
[2015-10-21 09:23:19][debug] forword1111：2
[2015-10-21 09:23:21][debug] bargain_id----->2
[2015-10-21 09:35:39][debug] bargain_id----->
[2015-10-21 10:41:48][debug] forword：2
[2015-10-21 10:41:50][debug] --------------------------------------------------------------------
[2015-10-21 10:41:50][debug] 授权成功！
[2015-10-21 10:41:50][debug] 微信用户信息：{"openid":"oXU1ruONTo4EiqCgNl_5WLgUWGL4","nickname":"永诚缝纫设备（程林宝）","sex":1,"language":"zh_CN","city":"黄山","province":"安徽","country":"中国","headimgurl":"http:\/\/wx.qlogo.cn\/mmopen\/4tpkVGWUO5bpQFN2Bw5WyTVcicSdiaxYwoU5MXBlpAgc8bOic8fQPRUvoNwA26LApQxQaRU2WskeHoyQ6EOprqJIia4nZJtgXRbo\/0","privilege":[]}
[2015-10-21 10:41:50][debug] --------------------------------------------------------------------
[2015-10-21 10:41:50][debug] forword：2
[2015-10-21 10:41:50][debug] forword1111：2
[2015-10-21 10:41:51][debug] bargain_id----->2
[2015-10-21 10:44:25][debug] bargain_id----->2
[2015-10-21 10:47:09][debug] forword：0
[2015-10-21 10:47:13][debug] --------------------------------------------------------------------
[2015-10-21 10:47:13][debug] 授权成功！
[2015-10-21 10:47:13][debug] 微信用户信息：{"openid":"oXU1ruLeI8lNwtrQQye1sEdz7SlA","nickname":"坂田—中通快递","sex":1,"language":"zh_CN","city":"台州","province":"浙江","country":"中国","headimgurl":"http:\/\/wx.qlogo.cn\/mmopen\/4tpkVGWUO5bpQFN2Bw5Wyb4u22XVZGm8ibYUMwaYvVrgicO4qkA4yaJAic8dHM1WXgEx4pys3ia4DUOKLxtFKvxicibDmOfVtLuTwic\/0","privilege":[]}
[2015-10-21 10:47:13][debug] --------------------------------------------------------------------
[2015-10-21 10:47:13][debug] forword：0
[2015-10-21 10:47:13][debug] forword1111：0
[2015-10-21 10:47:14][debug] bargain_id----->0
[2015-10-21 12:11:52][debug] forword：0
[2015-10-21 12:11:53][debug] forword：0
[2015-10-21 12:11:53][debug] forword：0
[2015-10-21 12:12:00][debug] --------------------------------------------------------------------
[2015-10-21 12:12:00][debug] 授权成功！
[2015-10-21 12:12:00][debug] 微信用户信息：{"openid":"oXU1ruGS7yLS2osD79PetGWwc4Pw","nickname":"绿叶义工","sex":1,"language":"zh_CN","city":"固原","province":"宁夏","country":"中国","headimgurl":"http:\/\/wx.qlogo.cn\/mmopen\/3hsWdj2E9tukSnFcoI6599XGsEgWzpGx8O7fzIxhFhC15kNyu9sO6LgxAHDkh3BIFKakmcno8OK3dSUoLLLJg5YQqibo3y9Kh\/0","privilege":[]}
[2015-10-21 12:12:00][debug] --------------------------------------------------------------------
[2015-10-21 12:12:00][debug] forword：0
[2015-10-21 12:12:00][debug] forword1111：0
[2015-10-21 12:12:10][debug] bargain_id----->0
[2015-10-21 12:14:29][debug] bargain_id----->0
[2015-10-21 14:04:29][debug] forword：0
[2015-10-21 14:06:47][debug] bargain_id----->
[2015-10-21 14:07:25][debug] forword：0
[2015-10-21 14:44:21][debug] forword：0
[2015-10-21 14:44:33][debug] --------------------------------------------------------------------
[2015-10-21 14:44:33][debug] 授权成功！
[2015-10-21 14:44:33][debug] 微信用户信息：{"openid":"oXU1ruCepqDhNk77EK8945lITVNg","nickname":"★一景私厨★","sex":2,"language":"zh_CN","city":"","province":"","country":"中国","headimgurl":"http:\/\/wx.qlogo.cn\/mmopen\/Q3auHgzwzM5C8Y5X4DWhmKkAIYMO2AaSqjmvRjWibiaSmlCwTLsicn5AGDUdtpkVibRSw1EZEF34rrO0V2pbY8Wy9Q\/0","privilege":[]}
[2015-10-21 14:44:33][debug] --------------------------------------------------------------------
[2015-10-21 14:44:33][debug] forword：0
[2015-10-21 14:44:59][debug] forword：0
[2015-10-21 14:45:35][debug] forword：0
[2015-10-21 15:07:03][debug] forword：0
[2015-10-21 16:25:03][debug] forword：2
[2015-10-21 16:25:05][debug] --------------------------------------------------------------------
[2015-10-21 16:25:05][debug] 授权成功！
[2015-10-21 16:25:05][debug] 微信用户信息：{"openid":"oXU1ruGO50ca9jekDZlWqJRtXnZw","nickname":"莫失良机","sex":1,"language":"zh_CN","city":"镇江","province":"江苏","country":"中国","headimgurl":"http:\/\/wx.qlogo.cn\/mmopen\/McYMgia19V0Xf7vAJ5sEzqeqIkV9icZ7Y1k7CkcrGDgxv3xEia6VaGblgHGfH7BHqofkvCDlQ4CEXVkCh8eozEcgrpTiaVRKWLKZ\/0","privilege":[]}
[2015-10-21 16:25:05][debug] --------------------------------------------------------------------
[2015-10-21 16:25:05][debug] forword：2
[2015-10-21 16:25:05][debug] forword1111：2
[2015-10-21 16:25:05][debug] bargain_id----->2
[2015-10-21 16:33:53][debug] forword：0
[2015-10-21 16:33:53][debug] forword1111：0
[2015-10-21 16:33:53][debug] bargain_id----->0
[2015-10-21 16:49:23][debug] forword：0
[2015-10-21 16:49:23][debug] forword：0
