[2015-10-22 02:34:50][debug] forword：0
[2015-10-22 02:34:50][debug] forword：0
[2015-10-22 07:03:30][debug] forword：0
[2015-10-22 07:03:30][debug] forword：0
[2015-10-22 07:03:31][debug] forword：0
[2015-10-22 07:03:34][debug] --------------------------------------------------------------------
[2015-10-22 07:03:34][debug] 授权成功！
[2015-10-22 07:03:34][debug] 微信用户信息：{"openid":"oXU1ruDhoWlnhGicdMRiBkMoECSA","nickname":"程鹏","sex":1,"language":"zh_CN","city":"南京","province":"江苏","country":"中国","headimgurl":"http:\/\/wx.qlogo.cn\/mmopen\/4tpkVGWUO5bpQFN2Bw5WyUWXoSworyf0r053O9N7Pqia9j1L2aahETnw6AM74aLRzQY3VVyXkuZr9oS8466f0eVFRYlrgqvVo\/0","privilege":[]}
[2015-10-22 07:03:34][debug] --------------------------------------------------------------------
[2015-10-22 07:03:35][debug] forword：0
[2015-10-22 07:03:35][debug] forword：0
[2015-10-22 07:16:57][debug] forword：0
[2015-10-22 08:18:07][debug] forword：0
[2015-10-22 08:18:07][debug] forword：0
[2015-10-22 08:18:11][debug] forword：0
[2015-10-22 08:18:12][debug] forword：0
[2015-10-22 08:18:12][debug] forword：0
[2015-10-22 08:33:25][debug] forword：0
[2015-10-22 08:33:25][debug] forword：0
[2015-10-22 08:33:28][debug] forword：0
[2015-10-22 08:33:36][debug] forword：0
[2015-10-22 08:33:38][debug] forword：0
[2015-10-22 11:38:14][debug] forword：2
[2015-10-22 11:38:14][debug] forword：2
[2015-10-22 11:38:19][debug] --------------------------------------------------------------------
[2015-10-22 11:38:19][debug] 授权成功！
[2015-10-22 11:38:19][debug] 微信用户信息：{"openid":"oXU1ruGQG28xl_8jthFtxdRlQI0w","nickname":"想念","sex":1,"language":"zh_CN","city":"南通","province":"江苏","country":"中国","headimgurl":"http:\/\/wx.qlogo.cn\/mmopen\/PiajxSqBRaEITKRdAHPjIg51o2uMvESua92VEGOE7AxqZQnnyKXddLs0ibMtOZuCa26NRdF8N8N2HqUPKkibE9mfQ\/0","privilege":[]}
[2015-10-22 11:38:19][debug] --------------------------------------------------------------------
[2015-10-22 11:38:19][debug] --------------------------------------------------------------------
[2015-10-22 11:38:19][debug] 授权成功！
[2015-10-22 11:38:19][debug] 微信用户信息：{"openid":"oXU1ruGQG28xl_8jthFtxdRlQI0w","nickname":"想念","sex":1,"language":"zh_CN","city":"南通","province":"江苏","country":"中国","headimgurl":"http:\/\/wx.qlogo.cn\/mmopen\/PiajxSqBRaEITKRdAHPjIg51o2uMvESua92VEGOE7AxqZQnnyKXddLs0ibMtOZuCa26NRdF8N8N2HqUPKkibE9mfQ\/0","privilege":[]}
[2015-10-22 11:38:19][debug] --------------------------------------------------------------------
[2015-10-22 11:38:19][debug] forword：2
[2015-10-22 11:38:19][debug] forword1111：2
[2015-10-22 11:38:20][debug] bargain_id----->2
[2015-10-22 11:38:20][debug] bargain_id----->
[2015-10-22 11:38:21][debug] --------------------------------------------------------------------
[2015-10-22 11:38:21][debug] 授权成功！
[2015-10-22 11:38:21][debug] 微信用户信息：{"openid":"oXU1ruGQG28xl_8jthFtxdRlQI0w","nickname":"想念","sex":1,"language":"zh_CN","city":"南通","province":"江苏","country":"中国","headimgurl":"http:\/\/wx.qlogo.cn\/mmopen\/PiajxSqBRaEITKRdAHPjIg51o2uMvESua92VEGOE7AxqZQnnyKXddLs0ibMtOZuCa26NRdF8N8N2HqUPKkibE9mfQ\/0","privilege":[]}
[2015-10-22 11:38:21][debug] --------------------------------------------------------------------
[2015-10-22 11:40:04][debug] bargain_id----->2
[2015-10-22 11:56:33][debug] forword：0
[2015-10-22 11:56:33][debug] forword：0
[2015-10-22 11:56:37][debug] --------------------------------------------------------------------
[2015-10-22 11:56:37][debug] 授权成功！
[2015-10-22 11:56:37][debug] 微信用户信息：{"openid":"oXU1ruHa3iIBVMgyGn07pKUj5Xqg","nickname":"微笑的含泪","sex":1,"language":"zh_CN","city":"唐山","province":"河北","country":"中国","headimgurl":"http:\/\/wx.qlogo.cn\/mmopen\/4tpkVGWUO5YhjO4dC797ZNicbRrricSQ0f2DtspicpzjyJicia5NPb4cbicWjoR6CaiaDMVS1ndZT07lz0FVBmMhdsoHYklick5znlbc\/0","privilege":[]}
[2015-10-22 11:56:37][debug] --------------------------------------------------------------------
[2015-10-22 11:56:37][debug] forword：0
[2015-10-22 11:56:38][debug] forword：0
[2015-10-22 11:56:38][debug] forword：0
[2015-10-22 13:48:02][debug] forword：0
[2015-10-22 13:48:44][debug] --------------------------------------------------------------------
[2015-10-22 13:48:44][debug] 授权成功！
[2015-10-22 13:48:44][debug] 微信用户信息：{"errcode":40001,"errmsg":"req id: FTvlUa0524ns57, invalid credential, access_token is invalid or not latest"}
[2015-10-22 13:48:44][debug] --------------------------------------------------------------------
[2015-10-22 13:48:46][debug] --------------------------------------------------------------------
[2015-10-22 13:48:46][debug] 授权成功！
[2015-10-22 13:48:46][debug] 微信用户信息：{"openid":"oXU1ruFDYvN5sXuxf2tMwd19a_m0","nickname":"悠然十月","sex":2,"language":"zh_CN","city":"","province":"江苏","country":"中国","headimgurl":"http:\/\/wx.qlogo.cn\/mmopen\/BcQRZIbPSiamFjMicGH9LkqQLWqfamQ9Ribm1phpR0dT24rsYb8iaDhRpyBnJicXEtj2B3GMN6wRTwU5fgS9sScuV8ybVEYiciasN0J\/0","privilege":[]}
[2015-10-22 13:48:46][debug] --------------------------------------------------------------------
[2015-10-22 13:48:46][debug] forword：0
[2015-10-22 13:49:29][debug] forword：0
[2015-10-22 15:18:27][debug] forword：0
[2015-10-22 15:30:25][debug] forword：0
[2015-10-22 15:30:25][debug] forword：0
[2015-10-22 15:30:38][debug] --------------------------------------------------------------------
[2015-10-22 15:30:38][debug] 授权成功！
[2015-10-22 15:30:38][debug] 微信用户信息：{"openid":"oXU1ruNCRvsdtiyrS09kATaSlQlU","nickname":"看清了，看轻了","sex":2,"language":"zh_CN","city":"秦皇岛","province":"河北","country":"中国","headimgurl":"http:\/\/wx.qlogo.cn\/mmopen\/ajNVdqHZLLBVm4heAxwSyszfk1gIo7bjfjlS4qAF59VJN0M1d3YMqJJticXdwmiauaJaxzsEOyPtgiamSBGMqABAg\/0","privilege":[]}
[2015-10-22 15:30:38][debug] --------------------------------------------------------------------
[2015-10-22 15:30:38][debug] forword：0
[2015-10-22 15:30:38][debug] forword：0
[2015-10-22 15:30:47][debug] --------------------------------------------------------------------
[2015-10-22 15:30:47][debug] 授权成功！
[2015-10-22 15:30:47][debug] 微信用户信息：{"openid":"oXU1ruNCRvsdtiyrS09kATaSlQlU","nickname":"看清了，看轻了","sex":2,"language":"zh_CN","city":"秦皇岛","province":"河北","country":"中国","headimgurl":"http:\/\/wx.qlogo.cn\/mmopen\/ajNVdqHZLLBVm4heAxwSyszfk1gIo7bjfjlS4qAF59VJN0M1d3YMqJJticXdwmiauaJaxzsEOyPtgiamSBGMqABAg\/0","privilege":[]}
[2015-10-22 15:30:47][debug] --------------------------------------------------------------------
[2015-10-22 15:30:47][debug] forword：0
[2015-10-22 15:41:41][debug] forword：0
[2015-10-22 15:41:45][debug] --------------------------------------------------------------------
[2015-10-22 15:41:45][debug] 授权成功！
[2015-10-22 15:41:45][debug] 微信用户信息：{"openid":"oXU1ruFs8WJekng6OUXpTd8DMJIg","nickname":"日久见人心","sex":2,"language":"zh_CN","city":"","province":"","country":"中国","headimgurl":"http:\/\/wx.qlogo.cn\/mmopen\/ajNVdqHZLLDWF4Gpb2RD4QHShJZndLwDRapP5JOhSScJTEJXa32iaQ11iakIGicd90Xiapa1Jghk7zUBBZ8DzpQksKbnicGKvspYQiafIDkicFl2Ho\/0","privilege":[]}
[2015-10-22 15:41:45][debug] --------------------------------------------------------------------
[2015-10-22 15:41:45][debug] forword：0
[2015-10-22 15:41:45][debug] forword：0
[2015-10-22 17:31:40][debug] forword：0
[2015-10-22 17:47:55][debug] forword：0
[2015-10-22 17:47:55][debug] forword：0
[2015-10-22 17:47:56][debug] forword：0
[2015-10-22 17:48:00][debug] forword：0
[2015-10-22 17:48:00][debug] forword：0
[2015-10-22 17:48:02][debug] forword：0
[2015-10-22 19:55:52][debug] forword：0
[2015-10-22 19:55:57][debug] --------------------------------------------------------------------
[2015-10-22 19:55:57][debug] 授权成功！
[2015-10-22 19:55:57][debug] 微信用户信息：{"openid":"oXU1ruGTfWABZrCv-N193i9JTiwA","nickname":"吴荣华@北极牛户外","sex":1,"language":"zh_CN","city":"杭州","province":"浙江","country":"中国","headimgurl":"http:\/\/wx.qlogo.cn\/mmopen\/3hsWdj2E9tukSnFcoI6599FRmYhEFIPCn24HGjIgUFRLFoyLhmDo8zzK4EwuDFicn37AcwUibANbWwW9goCpUPmEUZM1Zic5Bp2\/0","privilege":[]}
[2015-10-22 19:55:57][debug] --------------------------------------------------------------------
[2015-10-22 19:55:57][debug] forword：0
[2015-10-22 19:55:57][debug] forword：0
[2015-10-22 19:55:57][debug] forword：0
[2015-10-22 20:00:27][debug] forword：0
[2015-10-22 20:00:37][debug] forword：0
[2015-10-22 21:49:17][debug] forword：0
[2015-10-22 21:49:19][debug] forword：0
