[2015-11-03 04:46:46][debug] forword：0
[2015-11-03 04:46:46][debug] --------------------------------------------------------------------
[2015-11-03 04:46:46][debug] 授权成功！
[2015-11-03 04:46:46][debug] 微信用户信息：{"openid":"oXU1ruAjnMJdTGjJsygsV4lKkZm4","nickname":"爱车坊梁汝斌","sex":1,"language":"zh_CN","city":"台州","province":"浙江","country":"中国","headimgurl":"http:\/\/wx.qlogo.cn\/mmopen\/Q3auHgzwzM604DBELst7dFng6dc3HGB5x40Ad2YAicCe6xQATqb99kTvmXyqiaibtgtNPjDAxEH9OATAkibTGRszAA\/0","privilege":[]}
[2015-11-03 04:46:46][debug] --------------------------------------------------------------------
[2015-11-03 04:46:47][debug] forword：0
[2015-11-03 04:46:47][debug] forword1111：0
[2015-11-03 04:46:47][debug] bargain_id----->0
[2015-11-03 04:46:58][debug] forword：0
[2015-11-03 04:46:58][debug] forword1111：0
[2015-11-03 04:46:58][debug] bargain_id----->0
[2015-11-03 08:37:05][debug] forword：0
[2015-11-03 08:37:05][debug] forword：0
[2015-11-03 08:37:11][debug] --------------------------------------------------------------------
[2015-11-03 08:37:11][debug] 授权成功！
[2015-11-03 08:37:11][debug] 微信用户信息：{"openid":"oXU1ruDeoEkAfvKf0q-A7rhbPgks","nickname":"V0gue爱民","sex":1,"language":"zh_CN","city":"淮安","province":"江苏","country":"中国","headimgurl":"http:\/\/wx.qlogo.cn\/mmopen\/3hsWdj2E9ttgQEhU7ib8uRsd46nzI4auZHictib8MX5ibibtRDgLaoQp5YBw79gMvSWzQUBWdlWzeSGc3GGZicNC1kqCKyiaF76t0G0\/0","privilege":[]}
[2015-11-03 08:37:11][debug] --------------------------------------------------------------------
[2015-11-03 08:37:11][debug] forword：0
[2015-11-03 08:37:11][debug] forword：0
[2015-11-03 08:37:11][debug] forword：0
[2015-11-03 12:39:57][debug] forword：0
[2015-11-03 12:40:00][debug] forword：0
[2015-11-03 12:40:01][debug] --------------------------------------------------------------------
[2015-11-03 12:40:01][debug] 授权成功！
[2015-11-03 12:40:01][debug] 微信用户信息：{"openid":"oXU1ruOj1MnqVLfIZjQXRwW7pg4s","nickname":"李刚","sex":1,"language":"zh_CN","city":"湖州","province":"浙江","country":"中国","headimgurl":"http:\/\/wx.qlogo.cn\/mmopen\/ajNVdqHZLLDAvjDatTE0Tib1235QvOMcGbaNPZsDTXJNiaRiacpIWckC4Da6TfJ99BLk7ib7CuWzEbWNaicNNdxzO2w\/0","privilege":[]}
[2015-11-03 12:40:01][debug] --------------------------------------------------------------------
[2015-11-03 12:40:02][debug] forword：0
[2015-11-03 12:40:06][debug] forword：0
[2015-11-03 12:40:49][debug] --------------------------------------------------------------------
[2015-11-03 12:40:49][debug] 授权成功！
[2015-11-03 12:40:49][debug] 微信用户信息：{"openid":"oXU1ruOj1MnqVLfIZjQXRwW7pg4s","nickname":"李刚","sex":1,"language":"zh_CN","city":"湖州","province":"浙江","country":"中国","headimgurl":"http:\/\/wx.qlogo.cn\/mmopen\/ajNVdqHZLLDAvjDatTE0Tib1235QvOMcGbaNPZsDTXJNiaRiacpIWckC4Da6TfJ99BLk7ib7CuWzEbWNaicNNdxzO2w\/0","privilege":[]}
[2015-11-03 12:40:49][debug] --------------------------------------------------------------------
[2015-11-03 12:40:49][debug] forword：0
[2015-11-03 13:48:24][debug] forword：0
[2015-11-03 13:48:28][debug] forword：0
[2015-11-03 13:48:28][debug] forword：0
[2015-11-03 14:01:59][debug] forword：0
[2015-11-03 14:46:59][debug] forword：0
[2015-11-03 14:47:00][debug] forword：0
[2015-11-03 14:47:00][debug] forword：0
[2015-11-03 15:00:05][debug] forword：0
[2015-11-03 15:00:06][debug] forword：0
[2015-11-03 15:00:47][debug] --------------------------------------------------------------------
[2015-11-03 15:00:47][debug] 授权成功！
[2015-11-03 15:00:47][debug] 微信用户信息：{"openid":"oXU1ruG1NkIvOALo3zpX-YmImTvk","nickname":"河北鑫鑫服装厂","sex":2,"language":"zh_CN","city":"保定","province":"河北","country":"中国","headimgurl":"http:\/\/wx.qlogo.cn\/mmopen\/4tpkVGWUO5bpQFN2Bw5WyQOvONGVmLPlINg9diaYRZSqzEIiapicuRQzPWdBeicSicTFW4pJ0bxUicUefsHnraEhtFm71T5MWRol2A\/0","privilege":[]}
[2015-11-03 15:00:47][debug] --------------------------------------------------------------------
[2015-11-03 15:00:47][debug] forword：0
[2015-11-03 15:02:50][debug] forword：0
[2015-11-03 15:02:59][debug] forword：0
[2015-11-03 15:03:02][debug] forword：0
[2015-11-03 15:03:03][debug] forword：0
[2015-11-03 19:30:16][debug] forword：0
[2015-11-03 19:30:16][debug] forword：0
[2015-11-03 19:30:17][debug] forword：0
[2015-11-03 19:30:23][debug] --------------------------------------------------------------------
[2015-11-03 19:30:23][debug] 授权成功！
[2015-11-03 19:30:23][debug] 微信用户信息：{"openid":"oXU1ruMW9ipw_Ql3Si55UM8RipkA","nickname":"呵呵","sex":1,"language":"zh_CN","city":"","province":"","country":"中国","headimgurl":"http:\/\/wx.qlogo.cn\/mmopen\/ajNVdqHZLLDPElukgM6wbL6um1tK4ztaiaWbZdTBjqeOO8Vsu75LdYKrNdx6aJlib2aiaYuEOqGrKGqwY1lDxG6pMia86V2mhM5B47lZynpUloI\/0","privilege":[]}
[2015-11-03 19:30:23][debug] --------------------------------------------------------------------
[2015-11-03 19:30:23][debug] forword：0
[2015-11-03 19:30:23][debug] forword：0
[2015-11-03 19:30:25][debug] forword：0
[2015-11-03 19:30:27][debug] forword：0
[2015-11-03 19:30:39][debug] forword：0
[2015-11-03 19:30:39][debug] forword：0
[2015-11-03 19:30:39][debug] forword：0
[2015-11-03 19:30:39][debug] forword：0
[2015-11-03 19:30:45][debug] forword：0
[2015-11-03 19:30:45][debug] forword：0
[2015-11-03 19:30:45][debug] forword：0
[2015-11-03 19:31:17][debug] forword：0
[2015-11-03 19:31:17][debug] forword：0
[2015-11-03 19:32:14][debug] --------------------------------------------------------------------
[2015-11-03 19:32:14][debug] 授权成功！
[2015-11-03 19:32:14][debug] 微信用户信息：{"openid":"oXU1ruMW9ipw_Ql3Si55UM8RipkA","nickname":"呵呵","sex":1,"language":"zh_CN","city":"","province":"","country":"中国","headimgurl":"http:\/\/wx.qlogo.cn\/mmopen\/ajNVdqHZLLDPElukgM6wbL6um1tK4ztaiaWbZdTBjqeOO8Vsu75LdYKrNdx6aJlib2aiaYuEOqGrKGqwY1lDxG6pMia86V2mhM5B47lZynpUloI\/0","privilege":[]}
[2015-11-03 19:32:14][debug] --------------------------------------------------------------------
[2015-11-03 19:32:15][debug] forword：0
[2015-11-03 23:19:58][debug] forword：0
[2015-11-03 23:19:58][debug] forword：0
[2015-11-03 23:19:58][debug] forword：0
[2015-11-03 23:19:58][debug] forword：0
[2015-11-03 23:19:58][debug] forword：0
[2015-11-03 23:19:58][debug] forword：0
[2015-11-03 23:19:58][debug] forword：0
[2015-11-03 23:19:58][debug] forword：0
[2015-11-03 23:19:58][debug] forword：0
[2015-11-03 23:20:00][debug] forword：0
[2015-11-03 23:20:00][debug] forword：0
[2015-11-03 23:20:00][debug] forword：0
[2015-11-03 23:20:01][debug] forword：0
