[2015-10-15 03:21:19][debug] forword：0
[2015-10-15 03:21:25][debug] forword：0
[2015-10-15 03:21:27][debug] forword：0
[2015-10-15 06:04:35][debug] forword：0
[2015-10-15 06:04:35][debug] forword：0
[2015-10-15 06:04:35][debug] forword：0
[2015-10-15 06:48:45][debug] forword：0
[2015-10-15 06:49:02][debug] --------------------------------------------------------------------
[2015-10-15 06:49:02][debug] 授权成功！
[2015-10-15 06:49:02][debug] 微信用户信息：{"openid":"oXU1ruBlUdvS55e911AWv2zgKrbE","nickname":"水清天蓝","sex":1,"language":"zh_CN","city":"唐山","province":"河北","country":"中国","headimgurl":"http:\/\/wx.qlogo.cn\/mmopen\/4tpkVGWUO5Ytm3g7A7X9Zib9p7GLI51Tw5mlgptypqawwSCSOkghXKQJHrsDOVAsv4icl1kEaR6M7icbXMIHbiayXA\/0","privilege":[]}
[2015-10-15 06:49:02][debug] --------------------------------------------------------------------
[2015-10-15 06:49:05][debug] forword：0
[2015-10-15 07:01:35][debug] forword：0
[2015-10-15 07:01:39][debug] --------------------------------------------------------------------
[2015-10-15 07:01:39][debug] 授权成功！
[2015-10-15 07:01:39][debug] 微信用户信息：{"openid":"oXU1ruKAcmtWwCMe6qSnDBIb503U","nickname":"强颜欢笑 ","sex":2,"language":"zh_CN","city":"","province":"","country":"中国","headimgurl":"http:\/\/wx.qlogo.cn\/mmopen\/Yl0c0yCQicRUjTibsuDLKUCCBSzrFdDT2jQ4mjsOVicOGqyyPezWMaJ5BTwSAjMarXwZbKXkdmgxfzjwvJYj6XiaHWfR98iaLgKbib\/0","privilege":[]}
[2015-10-15 07:01:39][debug] --------------------------------------------------------------------
[2015-10-15 07:01:39][debug] forword：0
[2015-10-15 07:15:25][debug] forword：0
[2015-10-15 07:15:25][debug] forword：0
[2015-10-15 08:58:09][debug] forword：0
[2015-10-15 08:58:10][debug] forword：0
[2015-10-15 08:58:13][debug] forword：0
[2015-10-15 08:58:14][debug] --------------------------------------------------------------------
[2015-10-15 08:58:14][debug] 授权成功！
[2015-10-15 08:58:14][debug] 微信用户信息：{"openid":"oXU1ruCgi52Lg8BKcqem0Y5q80xY","nickname":"汉川中屹缝纫商行","sex":1,"language":"zh_CN","city":"武汉","province":"湖北","country":"中国","headimgurl":"http:\/\/wx.qlogo.cn\/mmopen\/BcQRZIbPSiamFjMicGH9LkqZBWRCA9tqlGiaK9QjiaLU52ME83oiap0G2u1cG7icibhiaHGLGjAVbK6VXRxPLmwwMDfR2phe0GiazeJ4K\/0","privilege":[]}
[2015-10-15 08:58:14][debug] --------------------------------------------------------------------
[2015-10-15 08:58:19][debug] --------------------------------------------------------------------
[2015-10-15 08:58:19][debug] 授权成功！
[2015-10-15 08:58:19][debug] 微信用户信息：{"openid":"oXU1ruCgi52Lg8BKcqem0Y5q80xY","nickname":"汉川中屹缝纫商行","sex":1,"language":"zh_CN","city":"武汉","province":"湖北","country":"中国","headimgurl":"http:\/\/wx.qlogo.cn\/mmopen\/BcQRZIbPSiamFjMicGH9LkqZBWRCA9tqlGiaK9QjiaLU52ME83oiap0G2u1cG7icibhiaHGLGjAVbK6VXRxPLmwwMDfR2phe0GiazeJ4K\/0","privilege":[]}
[2015-10-15 08:58:19][debug] --------------------------------------------------------------------
[2015-10-15 08:58:19][debug] forword：0
[2015-10-15 08:58:19][debug] forword：0
[2015-10-15 08:58:20][debug] forword：0
[2015-10-15 09:00:43][debug] forword：0
[2015-10-15 09:00:44][debug] forword：0
[2015-10-15 09:11:35][debug] forword：0
[2015-10-15 09:30:35][debug] forword：0
[2015-10-15 09:30:38][debug] --------------------------------------------------------------------
[2015-10-15 09:30:38][debug] 授权成功！
[2015-10-15 09:30:38][debug] 微信用户信息：{"openid":"oXU1ruGeluLtv43KkxBHZg_8bvaA","nickname":"laonanhai","sex":1,"language":"zh_CN","city":"","province":"","country":"中国","headimgurl":"http:\/\/wx.qlogo.cn\/mmopen\/BcQRZIbPSiantJiboFibunpMWB3df53ibBBB0yQ3J9KLTeib5ZE7BW9Vu1My8Kk2emxoaDpHzf9wbXk9s58Kvq8thPKLGWcibWRZ3Y\/0","privilege":[]}
[2015-10-15 09:30:38][debug] --------------------------------------------------------------------
[2015-10-15 09:30:38][debug] forword：0
[2015-10-15 09:30:50][debug] forword：0
[2015-10-15 10:27:25][debug] forword：0
[2015-10-15 10:27:25][debug] forword：0
[2015-10-15 10:27:28][debug] forword：0
[2015-10-15 10:42:42][debug] forword：0
[2015-10-15 11:57:09][debug] forword：0
[2015-10-15 11:57:14][debug] forword：0
[2015-10-15 14:30:39][debug] forword：0
[2015-10-15 14:30:44][debug] --------------------------------------------------------------------
[2015-10-15 14:30:44][debug] 授权成功！
[2015-10-15 14:30:44][debug] 微信用户信息：{"openid":"oXU1ruN_q0-Ovp2ySdlp6EDn2W8M","nickname":"快乐","sex":1,"language":"zh_CN","city":"唐山","province":"河北","country":"中国","headimgurl":"http:\/\/wx.qlogo.cn\/mmopen\/McYMgia19V0VcfmztRNibWf0vgchWK18fskAiahr6mjI66jRjfoqfaS6l5s9mm9au6FHGjuLRiaWnHV7M8vIuyME91ia9o4KwI8sN\/0","privilege":[]}
[2015-10-15 14:30:44][debug] --------------------------------------------------------------------
[2015-10-15 14:30:44][debug] forword：0
[2015-10-15 14:31:05][debug] forword：0
[2015-10-15 14:31:42][debug] forword：0
[2015-10-15 14:31:45][debug] forword：0
[2015-10-15 14:31:49][debug] --------------------------------------------------------------------
[2015-10-15 14:31:49][debug] 授权成功！
[2015-10-15 14:31:49][debug] 微信用户信息：{"openid":"oXU1ruKy40vfZa_iERKKkvSAmOe0","nickname":"小燕子","sex":2,"language":"zh_CN","city":"南京","province":"江苏","country":"中国","headimgurl":"http:\/\/wx.qlogo.cn\/mmopen\/BcQRZIbPSiamFjMicGH9LkqdliajKH3xy2SEf0xaRDQBlKnRoVuOl47wr1wlOqgTmKSboymlOeqIKMWBLClRNcFUd7YwQONiaxYn\/0","privilege":[]}
[2015-10-15 14:31:49][debug] --------------------------------------------------------------------
[2015-10-15 14:31:50][debug] forword：0
[2015-10-15 14:31:58][debug] --------------------------------------------------------------------
[2015-10-15 14:31:58][debug] 授权成功！
[2015-10-15 14:31:58][debug] 微信用户信息：{"openid":"oXU1ruOY7S6ms5odMfb9l0fwtH1s","nickname":"赵五军","sex":1,"language":"zh_CN","city":"唐山","province":"河北","country":"中国","headimgurl":"http:\/\/wx.qlogo.cn\/mmopen\/ajNVdqHZLLC1PuF3J8faKndiaYKQq9KwIVI02aNglAppKtMp3S6ribkjg1oySwuBntct41iabqlalcU5P3PZiaUwdw\/0","privilege":[]}
[2015-10-15 14:31:58][debug] --------------------------------------------------------------------
[2015-10-15 14:31:59][debug] forword：0
[2015-10-15 14:31:59][debug] forword：0
[2015-10-15 14:32:54][debug] --------------------------------------------------------------------
[2015-10-15 14:32:54][debug] 授权成功！
[2015-10-15 14:32:54][debug] 微信用户信息：{"openid":"oXU1ruOY7S6ms5odMfb9l0fwtH1s","nickname":"赵五军","sex":1,"language":"zh_CN","city":"唐山","province":"河北","country":"中国","headimgurl":"http:\/\/wx.qlogo.cn\/mmopen\/ajNVdqHZLLC1PuF3J8faKndiaYKQq9KwIVI02aNglAppKtMp3S6ribkjg1oySwuBntct41iabqlalcU5P3PZiaUwdw\/0","privilege":[]}
[2015-10-15 14:32:54][debug] --------------------------------------------------------------------
[2015-10-15 14:33:23][debug] --------------------------------------------------------------------
[2015-10-15 14:33:23][debug] 授权成功！
[2015-10-15 14:33:23][debug] 微信用户信息：{"openid":"oXU1ruKy40vfZa_iERKKkvSAmOe0","nickname":"小燕子","sex":2,"language":"zh_CN","city":"南京","province":"江苏","country":"中国","headimgurl":"http:\/\/wx.qlogo.cn\/mmopen\/BcQRZIbPSiamFjMicGH9LkqdliajKH3xy2SEf0xaRDQBlKnRoVuOl47wr1wlOqgTmKSboymlOeqIKMWBLClRNcFUd7YwQONiaxYn\/0","privilege":[]}
[2015-10-15 14:33:23][debug] --------------------------------------------------------------------
[2015-10-15 14:33:23][debug] forword：0
[2015-10-15 14:34:16][debug] forword：0
[2015-10-15 14:45:17][debug] forword：0
[2015-10-15 14:45:34][debug] forword：0
[2015-10-15 15:20:02][debug] forword：0
[2015-10-15 16:56:46][debug] forword：0
[2015-10-15 16:56:46][debug] forword：0
[2015-10-15 16:56:46][debug] forword：0
[2015-10-15 17:05:12][debug] forword：0
[2015-10-15 17:10:13][debug] forword：0
