[2015-10-16 01:43:27][debug] forword：0
[2015-10-16 02:13:11][debug] forword：0
[2015-10-16 02:13:11][debug] forword：0
[2015-10-16 02:13:16][debug] forword：0
[2015-10-16 02:13:16][debug] forword1111：0
[2015-10-16 02:13:17][debug] forword：0
[2015-10-16 02:26:36][debug] forword：0
[2015-10-16 03:45:26][debug] forword：0
[2015-10-16 03:58:52][debug] forword：0
[2015-10-16 06:46:01][debug] forword：0
[2015-10-16 06:46:01][debug] forword：0
[2015-10-16 08:27:46][debug] forword：0
[2015-10-16 08:28:02][debug] forword：0
[2015-10-16 09:39:55][debug] forword：0
[2015-10-16 09:40:16][debug] forword：0
[2015-10-16 09:40:17][debug] forword：0
[2015-10-16 09:40:44][debug] forword：0
[2015-10-16 10:03:36][debug] forword：0
[2015-10-16 10:03:43][debug] --------------------------------------------------------------------
[2015-10-16 10:03:43][debug] 授权成功！
[2015-10-16 10:03:43][debug] 微信用户信息：{"openid":"oXU1ruKTQVcFXmtmsW8q5kBrbTKE","nickname":"应海阳  泰州应龙服装机械公司","sex":2,"language":"zh_CN","city":"","province":"","country":"中国","headimgurl":"http:\/\/wx.qlogo.cn\/mmopen\/3hsWdj2E9tvW6Xaniaic3CeqDPkHuPhLWLW10YKNW9HnXDg8Z135icbDsjWb9Tib6sPiaMpjGl3X5DiawjvlvViaeW5icaiaibWbicWvsHN\/0","privilege":[]}
[2015-10-16 10:03:43][debug] --------------------------------------------------------------------
[2015-10-16 10:03:43][debug] forword：0
[2015-10-16 10:04:16][debug] forword：0
[2015-10-16 10:17:10][debug] forword：0
[2015-10-16 10:47:40][debug] forword：0
[2015-10-16 10:47:41][debug] --------------------------------------------------------------------
[2015-10-16 10:47:41][debug] 授权成功！
[2015-10-16 10:47:41][debug] 微信用户信息：{"openid":"oXU1ruE213ejSN72siQVNwud_Itk","nickname":"闲茶良味","sex":1,"language":"zh_CN","city":"台州","province":"浙江","country":"中国","headimgurl":"http:\/\/wx.qlogo.cn\/mmopen\/4tpkVGWUO5ahcc9t3xAmmWtuGJLlLIsnqmY8Hb25XojWkaKS3OMIGicbMELR5f7Cp2HF8m9jsatR8HJ0PSQ9J9A\/0","privilege":[]}
[2015-10-16 10:47:41][debug] --------------------------------------------------------------------
[2015-10-16 10:47:41][debug] forword：0
[2015-10-16 10:47:41][debug] forword1111：0
[2015-10-16 10:47:41][debug] forword：index.php?id=0&userfrom=oXU1ruE213ejSN72siQVNwud_Itk&param=xxx
[2015-10-16 10:47:41][debug] forword：0
[2015-10-16 10:47:43][debug] forword：0
[2015-10-16 10:47:43][debug] forword1111：0
[2015-10-16 10:47:43][debug] forword：index.php?id=0&userfrom=oXU1ruE213ejSN72siQVNwud_Itk&param=xxx
[2015-10-16 10:47:43][debug] forword：0
[2015-10-16 10:47:46][debug] forword：2
[2015-10-16 10:47:46][debug] forword1111：2
[2015-10-16 10:47:46][debug] bargain_id----->2
[2015-10-16 10:47:50][debug] forword：0
[2015-10-16 10:47:50][debug] forword1111：0
[2015-10-16 10:47:50][debug] forword：index.php?id=0&userfrom=oXU1ruE213ejSN72siQVNwud_Itk&param=xxx
[2015-10-16 10:47:50][debug] forword：0
[2015-10-16 10:49:08][debug] forword：0
[2015-10-16 11:16:50][debug] forword：0
[2015-10-16 11:16:54][debug] --------------------------------------------------------------------
[2015-10-16 11:16:54][debug] 授权成功！
[2015-10-16 11:16:54][debug] 微信用户信息：{"openid":"oXU1ruE0i3dzpUm7RJn2mq8j_rI8","nickname":"LS纺织","sex":1,"language":"zh_CN","city":"佛山","province":"广东","country":"中国","headimgurl":"http:\/\/wx.qlogo.cn\/mmopen\/4tpkVGWUO5YhjO4dC797ZJve5IWRVicAynUKns3O4I1TIsrdGQ80bCoUicR2NNojgzrmpWrpDR2sDeJKIfPfmyubpvSQ0nkywt\/0","privilege":[]}
[2015-10-16 11:16:54][debug] --------------------------------------------------------------------
[2015-10-16 11:16:55][debug] forword：0
[2015-10-16 11:17:14][debug] forword：0
[2015-10-16 11:17:15][debug] forword：0
[2015-10-16 11:17:17][debug] forword：0
[2015-10-16 11:17:24][debug] forword：0
[2015-10-16 11:17:30][debug] forword：0
[2015-10-16 11:17:35][debug] forword：0
[2015-10-16 11:17:36][debug] forword：0
[2015-10-16 11:17:41][debug] forword：0
[2015-10-16 11:17:42][debug] forword：0
[2015-10-16 14:04:51][debug] forword：0
[2015-10-16 14:22:12][debug] forword：0
[2015-10-16 14:22:23][debug] forword：0
[2015-10-16 14:22:42][debug] --------------------------------------------------------------------
[2015-10-16 14:22:42][debug] 授权成功！
[2015-10-16 14:22:42][debug] 微信用户信息：{"openid":"oXU1ruN_q0-Ovp2ySdlp6EDn2W8M","nickname":"快乐","sex":1,"language":"zh_CN","city":"唐山","province":"河北","country":"中国","headimgurl":"http:\/\/wx.qlogo.cn\/mmopen\/McYMgia19V0VcfmztRNibWf0vgchWK18fskAiahr6mjI66jRjfoqfaS6l5s9mm9au6FHGjuLRiaWnHV7M8vIuyME91ia9o4KwI8sN\/0","privilege":[]}
[2015-10-16 14:22:42][debug] --------------------------------------------------------------------
[2015-10-16 14:55:12][debug] forword：0
[2015-10-16 14:55:12][debug] forword：0
[2015-10-16 14:57:59][debug] forword：0
[2015-10-16 14:58:04][debug] forword：0
[2015-10-16 15:08:47][debug] forword：0
[2015-10-16 15:09:45][debug] forword：0
[2015-10-16 15:09:45][debug] forword：0
[2015-10-16 15:09:51][debug] --------------------------------------------------------------------
[2015-10-16 15:09:51][debug] 授权成功！
[2015-10-16 15:09:51][debug] 微信用户信息：{"openid":"oXU1ruOuPpv4pHb6k6VPj12y8C64","nickname":"海纳百川","sex":1,"language":"zh_CN","city":"唐山","province":"河北","country":"中国","headimgurl":"http:\/\/wx.qlogo.cn\/mmopen\/4tpkVGWUO5bpQFN2Bw5WyeDViaiaK72juSfjibmUJSRiaPkNmqYiaohf4txIYuoibZq3fvazS2bWAsa5K66Sn50JCUpHkXkUwJAsSX\/0","privilege":[]}
[2015-10-16 15:09:51][debug] --------------------------------------------------------------------
[2015-10-16 15:09:51][debug] forword：0
[2015-10-16 15:09:51][debug] forword：0
[2015-10-16 15:10:09][debug] forword：0
[2015-10-16 15:10:10][debug] forword：0
[2015-10-16 15:10:22][debug] forword：0
[2015-10-16 15:10:22][debug] forword：0
[2015-10-16 15:11:44][debug] forword：0
[2015-10-16 15:11:46][debug] forword：0
[2015-10-16 15:14:15][debug] forword：0
[2015-10-16 15:23:27][debug] forword：0
[2015-10-16 15:25:11][debug] forword：0
[2015-10-16 15:28:14][debug] forword：0
[2015-10-16 15:28:20][debug] --------------------------------------------------------------------
[2015-10-16 15:28:20][debug] 授权成功！
[2015-10-16 15:28:20][debug] 微信用户信息：{"openid":"oXU1ruBTxUiH_jOocatyP_5SkZ-Q","nickname":"老维","sex":1,"language":"zh_CN","city":"唐山","province":"河北","country":"中国","headimgurl":"","privilege":[]}
[2015-10-16 15:28:20][debug] --------------------------------------------------------------------
[2015-10-16 15:28:21][debug] forword：0
[2015-10-16 15:28:37][debug] --------------------------------------------------------------------
[2015-10-16 15:28:37][debug] 授权成功！
[2015-10-16 15:28:37][debug] 微信用户信息：{"openid":"oXU1ruBTxUiH_jOocatyP_5SkZ-Q","nickname":"老维","sex":1,"language":"zh_CN","city":"唐山","province":"河北","country":"中国","headimgurl":"","privilege":[]}
[2015-10-16 15:28:37][debug] --------------------------------------------------------------------
[2015-10-16 15:41:51][debug] forword：0
[2015-10-16 15:41:56][debug] forword：0
[2015-10-16 15:41:57][debug] forword：0
[2015-10-16 15:41:58][debug] forword：0
[2015-10-16 15:50:44][debug] forword：0
[2015-10-16 15:50:47][debug] --------------------------------------------------------------------
[2015-10-16 15:50:47][debug] 授权成功！
[2015-10-16 15:50:47][debug] 微信用户信息：{"openid":"oXU1ruMopFGQpUz1j0Nq10pUC1JM","nickname":"小冯","sex":1,"language":"zh_CN","city":"宝坻","province":"天津","country":"中国","headimgurl":"http:\/\/wx.qlogo.cn\/mmopen\/3hsWdj2E9tukSnFcoI6595NTbmSPvNkGaegNrXJpEEvicqFKKhgkvwgDz4s9SwPib861NyZbcf9crurp8oNznOnmUz3rkYXqyk\/0","privilege":[]}
[2015-10-16 15:50:47][debug] --------------------------------------------------------------------
[2015-10-16 15:50:47][debug] forword：0
[2015-10-16 15:50:47][debug] forword1111：0
[2015-10-16 15:50:47][debug] bargain_id----->0
[2015-10-16 15:50:47][debug] bargain_id----->
[2015-10-16 15:51:22][debug] bargain_id----->0
