[2015-09-19 18:40:10][debug] 开始-判断是否报名-----------------------------------开始
[2015-09-19 18:40:10][debug] openid->oXU1ruKrST1KKNNky4pIk130BrcY
[2015-09-19 18:40:10][debug] bargainid->0
[2015-09-19 18:40:10][debug] checkjoin->false
[2015-09-19 18:40:10][debug] 结束-判断是否报名-----------------------------------结束
[2015-09-19 18:40:10][debug] 微信签名：{"appId":"wx7851b75090b42312","nonceStr":"TPiiQQlNaki61yNO","timestamp":1442680810,"url":"http:\/\/www.dosochina.com\/wxhd\/bargain\/test\/index.php?id=0&userfrom=oXU1ruIG_y53KQM_Ocrya00W95xo&from=singlemessage&isappinstalled=0","signature":"094b91ea360ca3ceca92c3e25a0474eff7ab646d","rawString":"jsapi_ticket=sM4AOVdWfPE4DxkXGEs8VKRjsuKcxYEBp0Ilj25oTH6WRKfbwZz2YLRssF57xkcDnA-TVMkq0weK3KuVlasiKw&noncestr=TPiiQQlNaki61yNO&timestamp=1442680810&url=http:\/\/www.dosochina.com\/wxhd\/bargain\/test\/index.php?id=0&userfrom=oXU1ruIG_y53KQM_Ocrya00W95xo&from=singlemessage&isappinstalled=0"}
[2015-09-19 18:40:10][debug] joinid-->
[2015-09-19 18:43:16][debug] 开始-判断是否报名-----------------------------------开始
[2015-09-19 18:43:16][debug] openid->oXU1ruKrST1KKNNky4pIk130BrcY
[2015-09-19 18:43:16][debug] bargainid->0
[2015-09-19 18:43:16][debug] checkjoin->false
[2015-09-19 18:43:16][debug] 结束-判断是否报名-----------------------------------结束
[2015-09-19 18:43:16][debug] 微信签名：{"appId":"wx7851b75090b42312","nonceStr":"qJdrYuyDmBHvrFuI","timestamp":1442680996,"url":"http:\/\/www.dosochina.com\/wxhd\/bargain\/test\/index.php?id=0&userfrom=oXU1ruIG_y53KQM_Ocrya00W95xo&from=singlemessage&isappinstalled=0","signature":"1677557eb911e74a08b8efa74c864890a8ba3243","rawString":"jsapi_ticket=sM4AOVdWfPE4DxkXGEs8VKRjsuKcxYEBp0Ilj25oTH6WRKfbwZz2YLRssF57xkcDnA-TVMkq0weK3KuVlasiKw&noncestr=qJdrYuyDmBHvrFuI&timestamp=1442680996&url=http:\/\/www.dosochina.com\/wxhd\/bargain\/test\/index.php?id=0&userfrom=oXU1ruIG_y53KQM_Ocrya00W95xo&from=singlemessage&isappinstalled=0"}
[2015-09-19 18:43:16][debug] joinidssssssssssss-->
[2015-09-19 18:46:53][debug] --------------------------------------------------------------------
[2015-09-19 18:46:53][debug] 授权成功！
[2015-09-19 18:46:53][debug] 微信用户信息：{"openid":"oXU1ruIG_y53KQM_Ocrya00W95xo","nickname":"hyl","sex":2,"language":"zh_CN","city":"","province":"","country":"中国","headimgurl":"","privilege":[]}
[2015-09-19 18:46:53][debug] --------------------------------------------------------------------
[2015-09-19 18:46:53][debug] 开始-判断是否报名-----------------------------------开始
[2015-09-19 18:46:53][debug] openid->oXU1ruIG_y53KQM_Ocrya00W95xo
[2015-09-19 18:46:53][debug] bargainid->0
[2015-09-19 18:46:53][debug] checkjoin->{"id":"7","bargainid":"0","openid":"oXU1ruIG_y53KQM_Ocrya00W95xo","name":"\u9ec4\u6768\u4fa3","company":null,"phone":"18382307095","creattime":"2015-09-19 11:09:21","price":"78900"}
[2015-09-19 18:46:53][debug] 结束-判断是否报名-----------------------------------结束
[2015-09-19 18:46:53][debug] 微信签名：{"appId":"wx7851b75090b42312","nonceStr":"jLUNwsOVu6ABHOnr","timestamp":1442681213,"url":"http:\/\/www.dosochina.com\/wxhd\/bargain\/test\/index.php?id=0&userfrom=oXU1ruIG_y53KQM_Ocrya00W95xo","signature":"612c184433144cb9b1f0f77b9aee2b92f1992464","rawString":"jsapi_ticket=sM4AOVdWfPE4DxkXGEs8VKRjsuKcxYEBp0Ilj25oTH6WRKfbwZz2YLRssF57xkcDnA-TVMkq0weK3KuVlasiKw&noncestr=jLUNwsOVu6ABHOnr&timestamp=1442681213&url=http:\/\/www.dosochina.com\/wxhd\/bargain\/test\/index.php?id=0&userfrom=oXU1ruIG_y53KQM_Ocrya00W95xo"}
[2015-09-19 18:46:53][debug] joinidssssssssssss-->7
[2015-09-19 18:50:16][debug] --------------------------------------------------------------------
[2015-09-19 18:50:16][debug] 授权成功！
[2015-09-19 18:50:16][debug] 微信用户信息：{"openid":"oXU1ruKrST1KKNNky4pIk130BrcY","nickname":"HYL","sex":1,"language":"zh_CN","city":"成都","province":"四川","country":"中国","headimgurl":"http:\/\/wx.qlogo.cn\/mmopen\/4tpkVGWUO5YhjO4dC797ZOVAsibpln6rHgDpkSiaannl9HsZibnLaOZCXRJDO7OmAxje9XTia091DL8LtoQtdJbrgyhvnAoYoLhd\/0","privilege":[]}
[2015-09-19 18:50:16][debug] --------------------------------------------------------------------
[2015-09-19 18:50:16][debug] 开始-判断是否报名-----------------------------------开始
[2015-09-19 18:50:16][debug] openid->oXU1ruKrST1KKNNky4pIk130BrcY
[2015-09-19 18:50:16][debug] bargainid->0
[2015-09-19 18:50:16][debug] checkjoin->false
[2015-09-19 18:50:16][debug] 结束-判断是否报名-----------------------------------结束
[2015-09-19 18:50:16][debug] 微信签名：{"appId":"wx7851b75090b42312","nonceStr":"xQcuXmyWl7fqu02D","timestamp":1442681416,"url":"http:\/\/www.dosochina.com\/wxhd\/bargain\/test\/index.php?id=0&userfrom=oXU1ruIG_y53KQM_Ocrya00W95xo","signature":"cdea6862d0944dc5cb3668247e286799e8ca180d","rawString":"jsapi_ticket=sM4AOVdWfPE4DxkXGEs8VKRjsuKcxYEBp0Ilj25oTH6WRKfbwZz2YLRssF57xkcDnA-TVMkq0weK3KuVlasiKw&noncestr=xQcuXmyWl7fqu02D&timestamp=1442681416&url=http:\/\/www.dosochina.com\/wxhd\/bargain\/test\/index.php?id=0&userfrom=oXU1ruIG_y53KQM_Ocrya00W95xo"}
[2015-09-19 18:50:16][debug] joinidssssssssssss-->
[2015-09-19 18:53:24][debug] --------------------------------------------------------------------
[2015-09-19 18:53:24][debug] 授权成功！
[2015-09-19 18:53:24][debug] 微信用户信息：{"openid":"oXU1ruKrST1KKNNky4pIk130BrcY","nickname":"HYL","sex":1,"language":"zh_CN","city":"成都","province":"四川","country":"中国","headimgurl":"http:\/\/wx.qlogo.cn\/mmopen\/4tpkVGWUO5YhjO4dC797ZOVAsibpln6rHgDpkSiaannl9HsZibnLaOZCXRJDO7OmAxje9XTia091DL8LtoQtdJbrgyhvnAoYoLhd\/0","privilege":[]}
[2015-09-19 18:53:24][debug] --------------------------------------------------------------------
[2015-09-19 18:53:41][debug] 开始-判断是否报名-----------------------------------开始
[2015-09-19 18:53:41][debug] openid->oXU1ruKrST1KKNNky4pIk130BrcY
[2015-09-19 18:53:41][debug] bargainid->0
[2015-09-19 18:53:41][debug] checkjoin->false
[2015-09-19 18:53:41][debug] 结束-判断是否报名-----------------------------------结束
[2015-09-19 18:53:41][debug] 微信签名：{"appId":"wx7851b75090b42312","nonceStr":"l9CCJYxJQCitjdky","timestamp":1442681621,"url":"http:\/\/www.dosochina.com\/wxhd\/bargain\/test\/index.php?id=0&userfrom=oXU1ruIG_y53KQM_Ocrya00W95xo&from=singlemessage&isappinstalled=0","signature":"0187b785f986a245c346ce3ee0f1eddabc7baa8f","rawString":"jsapi_ticket=sM4AOVdWfPE4DxkXGEs8VKRjsuKcxYEBp0Ilj25oTH6WRKfbwZz2YLRssF57xkcDnA-TVMkq0weK3KuVlasiKw&noncestr=l9CCJYxJQCitjdky&timestamp=1442681621&url=http:\/\/www.dosochina.com\/wxhd\/bargain\/test\/index.php?id=0&userfrom=oXU1ruIG_y53KQM_Ocrya00W95xo&from=singlemessage&isappinstalled=0"}
[2015-09-19 18:53:41][debug] joinidssssssssssss-->7
[2015-09-19 18:55:14][debug] 开始-判断是否报名-----------------------------------开始
[2015-09-19 18:55:14][debug] openid->oXU1ruKrST1KKNNky4pIk130BrcY
[2015-09-19 18:55:14][debug] bargainid->0
[2015-09-19 18:55:14][debug] checkjoin->false
[2015-09-19 18:55:14][debug] 结束-判断是否报名-----------------------------------结束
[2015-09-19 18:55:14][debug] 微信签名：{"appId":"wx7851b75090b42312","nonceStr":"TH4RojrVxvtBfjYs","timestamp":1442681714,"url":"http:\/\/www.dosochina.com\/wxhd\/bargain\/test\/index.php?id=0&userfrom=oXU1ruIG_y53KQM_Ocrya00W95xo&from=singlemessage&isappinstalled=0","signature":"762b17b36a48dbe7a9dd0f23fefc2b95fecd8e77","rawString":"jsapi_ticket=sM4AOVdWfPE4DxkXGEs8VKRjsuKcxYEBp0Ilj25oTH6WRKfbwZz2YLRssF57xkcDnA-TVMkq0weK3KuVlasiKw&noncestr=TH4RojrVxvtBfjYs&timestamp=1442681714&url=http:\/\/www.dosochina.com\/wxhd\/bargain\/test\/index.php?id=0&userfrom=oXU1ruIG_y53KQM_Ocrya00W95xo&from=singlemessage&isappinstalled=0"}
[2015-09-19 18:57:23][debug] 开始-判断是否报名-----------------------------------开始
[2015-09-19 18:57:23][debug] openid->oXU1ruKrST1KKNNky4pIk130BrcY
[2015-09-19 18:57:23][debug] bargainid->0
[2015-09-19 18:57:23][debug] checkjoin->false
[2015-09-19 18:57:23][debug] 结束-判断是否报名-----------------------------------结束
[2015-09-19 18:57:23][debug] 微信签名：{"appId":"wx7851b75090b42312","nonceStr":"dIwfedrwfEAbt6UK","timestamp":1442681843,"url":"http:\/\/www.dosochina.com\/wxhd\/bargain\/test\/index.php?id=0&userfrom=oXU1ruIG_y53KQM_Ocrya00W95xo&from=singlemessage&isappinstalled=0","signature":"6f6096a9ea568524f1db5f6f0097c60962a44ac5","rawString":"jsapi_ticket=sM4AOVdWfPE4DxkXGEs8VKRjsuKcxYEBp0Ilj25oTH6WRKfbwZz2YLRssF57xkcDnA-TVMkq0weK3KuVlasiKw&noncestr=dIwfedrwfEAbt6UK&timestamp=1442681843&url=http:\/\/www.dosochina.com\/wxhd\/bargain\/test\/index.php?id=0&userfrom=oXU1ruIG_y53KQM_Ocrya00W95xo&from=singlemessage&isappinstalled=0"}
[2015-09-19 18:58:39][debug] 微信签名：{"appId":"wx7851b75090b42312","nonceStr":"0RwwzXl3r0m9b6l0","timestamp":1442681919,"url":"http:\/\/www.dosochina.com\/wxhd\/bargain\/test\/index.php?id=0&userfrom=oXU1ruIG_y53KQM_Ocrya00W95xo&from=singlemessage&isappinstalled=0","signature":"f5e399c66b167e18b92d9f512bff360b4ca26e85","rawString":"jsapi_ticket=sM4AOVdWfPE4DxkXGEs8VKRjsuKcxYEBp0Ilj25oTH6WRKfbwZz2YLRssF57xkcDnA-TVMkq0weK3KuVlasiKw&noncestr=0RwwzXl3r0m9b6l0&timestamp=1442681919&url=http:\/\/www.dosochina.com\/wxhd\/bargain\/test\/index.php?id=0&userfrom=oXU1ruIG_y53KQM_Ocrya00W95xo&from=singlemessage&isappinstalled=0"}
[2015-09-19 18:59:08][debug] 微信签名：{"appId":"wx7851b75090b42312","nonceStr":"bAaB0nfGRmiQ7ss0","timestamp":1442681948,"url":"http:\/\/www.dosochina.com\/wxhd\/bargain\/test\/index.php?id=0&userfrom=oXU1ruIG_y53KQM_Ocrya00W95xo&from=singlemessage&isappinstalled=0","signature":"390356b95295cc785164f7ef6cb9b353ad2d585c","rawString":"jsapi_ticket=sM4AOVdWfPE4DxkXGEs8VKRjsuKcxYEBp0Ilj25oTH6WRKfbwZz2YLRssF57xkcDnA-TVMkq0weK3KuVlasiKw&noncestr=bAaB0nfGRmiQ7ss0&timestamp=1442681948&url=http:\/\/www.dosochina.com\/wxhd\/bargain\/test\/index.php?id=0&userfrom=oXU1ruIG_y53KQM_Ocrya00W95xo&from=singlemessage&isappinstalled=0"}
[2015-09-19 18:59:39][debug] 微信签名：{"appId":"wx7851b75090b42312","nonceStr":"KQ0UgkIfdKkWedNT","timestamp":1442681979,"url":"http:\/\/www.dosochina.com\/wxhd\/bargain\/test\/index.php?id=0&userfrom=oXU1ruIG_y53KQM_Ocrya00W95xo&from=singlemessage&isappinstalled=0","signature":"c165d0757564e5a6a9d51b0a00f4572c7755fb23","rawString":"jsapi_ticket=sM4AOVdWfPE4DxkXGEs8VKRjsuKcxYEBp0Ilj25oTH6WRKfbwZz2YLRssF57xkcDnA-TVMkq0weK3KuVlasiKw&noncestr=KQ0UgkIfdKkWedNT&timestamp=1442681979&url=http:\/\/www.dosochina.com\/wxhd\/bargain\/test\/index.php?id=0&userfrom=oXU1ruIG_y53KQM_Ocrya00W95xo&from=singlemessage&isappinstalled=0"}
[2015-09-19 19:00:41][debug] 微信签名：{"appId":"wx7851b75090b42312","nonceStr":"59zwa4bqbVBBwgzO","timestamp":1442682041,"url":"http:\/\/www.dosochina.com\/wxhd\/bargain\/test\/index.php?id=0&userfrom=oXU1ruIG_y53KQM_Ocrya00W95xo&from=singlemessage&isappinstalled=0","signature":"0ef64a624c1b585f7fc09886813e2e469785b2d6","rawString":"jsapi_ticket=sM4AOVdWfPE4DxkXGEs8VKRjsuKcxYEBp0Ilj25oTH6WRKfbwZz2YLRssF57xkcDnA-TVMkq0weK3KuVlasiKw&noncestr=59zwa4bqbVBBwgzO&timestamp=1442682041&url=http:\/\/www.dosochina.com\/wxhd\/bargain\/test\/index.php?id=0&userfrom=oXU1ruIG_y53KQM_Ocrya00W95xo&from=singlemessage&isappinstalled=0"}
[2015-09-19 19:01:57][debug] 微信签名：{"appId":"wx7851b75090b42312","nonceStr":"Yn8YpfafAqEFZYQx","timestamp":1442682117,"url":"http:\/\/www.dosochina.com\/wxhd\/bargain\/test\/index.php?id=0&userfrom=oXU1ruIG_y53KQM_Ocrya00W95xo&from=singlemessage&isappinstalled=0","signature":"598aee1cd82c34c8e83e01ed94e13e05d3eaee35","rawString":"jsapi_ticket=sM4AOVdWfPE4DxkXGEs8VKRjsuKcxYEBp0Ilj25oTH6WRKfbwZz2YLRssF57xkcDnA-TVMkq0weK3KuVlasiKw&noncestr=Yn8YpfafAqEFZYQx&timestamp=1442682117&url=http:\/\/www.dosochina.com\/wxhd\/bargain\/test\/index.php?id=0&userfrom=oXU1ruIG_y53KQM_Ocrya00W95xo&from=singlemessage&isappinstalled=0"}
[2015-09-19 19:03:34][debug] 微信签名：{"appId":"wx7851b75090b42312","nonceStr":"eCmfry8L3Dp61wxS","timestamp":1442682214,"url":"http:\/\/www.dosochina.com\/wxhd\/bargain\/test\/index.php?id=0&userfrom=oXU1ruIG_y53KQM_Ocrya00W95xo&from=singlemessage&isappinstalled=0","signature":"158b730ce6c05531b275532870b61de59fe1508e","rawString":"jsapi_ticket=sM4AOVdWfPE4DxkXGEs8VKRjsuKcxYEBp0Ilj25oTH6WRKfbwZz2YLRssF57xkcDnA-TVMkq0weK3KuVlasiKw&noncestr=eCmfry8L3Dp61wxS&timestamp=1442682214&url=http:\/\/www.dosochina.com\/wxhd\/bargain\/test\/index.php?id=0&userfrom=oXU1ruIG_y53KQM_Ocrya00W95xo&from=singlemessage&isappinstalled=0"}
[2015-09-19 19:04:10][debug] 微信签名：{"appId":"wx7851b75090b42312","nonceStr":"f0uPzeydcUFBgIfe","timestamp":1442682250,"url":"http:\/\/www.dosochina.com\/wxhd\/bargain\/test\/index.php?id=0&userfrom=oXU1ruIG_y53KQM_Ocrya00W95xo&from=singlemessage&isappinstalled=0","signature":"c1aba1ac8e2bf293f92962335538761ccecd4cbe","rawString":"jsapi_ticket=sM4AOVdWfPE4DxkXGEs8VKRjsuKcxYEBp0Ilj25oTH6WRKfbwZz2YLRssF57xkcDnA-TVMkq0weK3KuVlasiKw&noncestr=f0uPzeydcUFBgIfe&timestamp=1442682250&url=http:\/\/www.dosochina.com\/wxhd\/bargain\/test\/index.php?id=0&userfrom=oXU1ruIG_y53KQM_Ocrya00W95xo&from=singlemessage&isappinstalled=0"}
[2015-09-19 19:04:57][debug] 微信签名：{"appId":"wx7851b75090b42312","nonceStr":"P3L1u0PHXfFDKQlf","timestamp":1442682297,"url":"http:\/\/www.dosochina.com\/wxhd\/bargain\/test\/index.php?id=0&userfrom=oXU1ruIG_y53KQM_Ocrya00W95xo&from=singlemessage&isappinstalled=0","signature":"90169426ec5fece07663dace95e250d676c04bef","rawString":"jsapi_ticket=sM4AOVdWfPE4DxkXGEs8VKRjsuKcxYEBp0Ilj25oTH6WRKfbwZz2YLRssF57xkcDnA-TVMkq0weK3KuVlasiKw&noncestr=P3L1u0PHXfFDKQlf&timestamp=1442682297&url=http:\/\/www.dosochina.com\/wxhd\/bargain\/test\/index.php?id=0&userfrom=oXU1ruIG_y53KQM_Ocrya00W95xo&from=singlemessage&isappinstalled=0"}
[2015-09-19 19:05:10][debug] finalprice->78800
[2015-09-19 19:05:10][debug] 7->7
[2015-09-19 19:05:10][debug] joinid1->1
[2015-09-19 19:08:18][debug] 微信签名：{"appId":"wx7851b75090b42312","nonceStr":"4cehyxnYt3sf9l67","timestamp":1442682498,"url":"http:\/\/www.dosochina.com\/wxhd\/bargain\/test\/index.php?id=0&userfrom=oXU1ruIG_y53KQM_Ocrya00W95xo&from=singlemessage&isappinstalled=0","signature":"1b60017f60315f086109ac123fd8280ba89c123a","rawString":"jsapi_ticket=sM4AOVdWfPE4DxkXGEs8VKRjsuKcxYEBp0Ilj25oTH6WRKfbwZz2YLRssF57xkcDnA-TVMkq0weK3KuVlasiKw&noncestr=4cehyxnYt3sf9l67&timestamp=1442682498&url=http:\/\/www.dosochina.com\/wxhd\/bargain\/test\/index.php?id=0&userfrom=oXU1ruIG_y53KQM_Ocrya00W95xo&from=singlemessage&isappinstalled=0"}
[2015-09-19 19:08:54][debug] finalprice->78300
[2015-09-19 19:08:54][debug] 7->7
[2015-09-19 19:08:54][debug] joinid1->1
[2015-09-19 19:08:55][debug] 微信签名：{"appId":"wx7851b75090b42312","nonceStr":"rlSkAuf14RDiVgVQ","timestamp":1442682535,"url":"http:\/\/www.dosochina.com\/wxhd\/bargain\/test\/index.php?id=0&userfrom=oXU1ruIG_y53KQM_Ocrya00W95xo","signature":"d13ce5bfd9d929782607588e7000a614ae9b71b1","rawString":"jsapi_ticket=sM4AOVdWfPE4DxkXGEs8VKRjsuKcxYEBp0Ilj25oTH6WRKfbwZz2YLRssF57xkcDnA-TVMkq0weK3KuVlasiKw&noncestr=rlSkAuf14RDiVgVQ&timestamp=1442682535&url=http:\/\/www.dosochina.com\/wxhd\/bargain\/test\/index.php?id=0&userfrom=oXU1ruIG_y53KQM_Ocrya00W95xo"}
[2015-09-19 19:09:44][debug] 微信签名：{"appId":"wx7851b75090b42312","nonceStr":"uj9OmnG3upSOOGnv","timestamp":1442682584,"url":"http:\/\/www.dosochina.com\/wxhd\/bargain\/test\/index.php?id=0&userfrom=oXU1ruIG_y53KQM_Ocrya00W95xo&from=singlemessage&isappinstalled=0","signature":"f9c637b0f58f853c2a94f5a7765f5a9af12d4df6","rawString":"jsapi_ticket=sM4AOVdWfPE4DxkXGEs8VKRjsuKcxYEBp0Ilj25oTH6WRKfbwZz2YLRssF57xkcDnA-TVMkq0weK3KuVlasiKw&noncestr=uj9OmnG3upSOOGnv&timestamp=1442682584&url=http:\/\/www.dosochina.com\/wxhd\/bargain\/test\/index.php?id=0&userfrom=oXU1ruIG_y53KQM_Ocrya00W95xo&from=singlemessage&isappinstalled=0"}
[2015-09-19 19:09:59][debug] 微信签名：{"appId":"wx7851b75090b42312","nonceStr":"NIUSLctMre6kjiwR","timestamp":1442682599,"url":"http:\/\/www.dosochina.com\/wxhd\/bargain\/test\/index.php?id=0&userfrom=oXU1ruIG_y53KQM_Ocrya00W95xo&from=singlemessage&isappinstalled=0","signature":"5f2c057fed12b3bba3b6b50eb20fed9e311b4a82","rawString":"jsapi_ticket=sM4AOVdWfPE4DxkXGEs8VKRjsuKcxYEBp0Ilj25oTH6WRKfbwZz2YLRssF57xkcDnA-TVMkq0weK3KuVlasiKw&noncestr=NIUSLctMre6kjiwR&timestamp=1442682599&url=http:\/\/www.dosochina.com\/wxhd\/bargain\/test\/index.php?id=0&userfrom=oXU1ruIG_y53KQM_Ocrya00W95xo&from=singlemessage&isappinstalled=0"}
[2015-09-19 19:10:07][debug] 微信签名：{"appId":"wx7851b75090b42312","nonceStr":"FKOI3y49bGjlLuey","timestamp":1442682607,"url":"http:\/\/www.dosochina.com\/wxhd\/bargain\/test\/index.php?id=0&userfrom=oXU1ruIG_y53KQM_Ocrya00W95xo&from=singlemessage&isappinstalled=0","signature":"5b041386a0cf5d769f1b72d7668c4c4e377cb7b3","rawString":"jsapi_ticket=sM4AOVdWfPE4DxkXGEs8VKRjsuKcxYEBp0Ilj25oTH6WRKfbwZz2YLRssF57xkcDnA-TVMkq0weK3KuVlasiKw&noncestr=FKOI3y49bGjlLuey&timestamp=1442682607&url=http:\/\/www.dosochina.com\/wxhd\/bargain\/test\/index.php?id=0&userfrom=oXU1ruIG_y53KQM_Ocrya00W95xo&from=singlemessage&isappinstalled=0"}
[2015-09-19 19:11:28][debug] 微信签名：{"appId":"wx7851b75090b42312","nonceStr":"uk3VW5IArNfX9Bvp","timestamp":1442682688,"url":"http:\/\/www.dosochina.com\/wxhd\/bargain\/test\/index.php?id=0&userfrom=oXU1ruIG_y53KQM_Ocrya00W95xo&from=singlemessage&isappinstalled=0","signature":"cc07c76b7be220d2b268f9764ee5da8e4eabee99","rawString":"jsapi_ticket=sM4AOVdWfPE4DxkXGEs8VKRjsuKcxYEBp0Ilj25oTH6WRKfbwZz2YLRssF57xkcDnA-TVMkq0weK3KuVlasiKw&noncestr=uk3VW5IArNfX9Bvp&timestamp=1442682688&url=http:\/\/www.dosochina.com\/wxhd\/bargain\/test\/index.php?id=0&userfrom=oXU1ruIG_y53KQM_Ocrya00W95xo&from=singlemessage&isappinstalled=0"}
[2015-09-19 19:11:49][debug] --------------------------------------------------------------------
[2015-09-19 19:11:49][debug] 授权成功！
[2015-09-19 19:11:49][debug] 微信用户信息：{"openid":"oXU1ruIG_y53KQM_Ocrya00W95xo","nickname":"hyl","sex":2,"language":"zh_CN","city":"","province":"","country":"中国","headimgurl":"","privilege":[]}
[2015-09-19 19:11:49][debug] --------------------------------------------------------------------
[2015-09-19 19:12:30][debug] --------------------------------------------------------------------
[2015-09-19 19:12:30][debug] 授权成功！
[2015-09-19 19:12:30][debug] 微信用户信息：{"openid":"oXU1ruIG_y53KQM_Ocrya00W95xo","nickname":"hyl","sex":2,"language":"zh_CN","city":"","province":"","country":"中国","headimgurl":"","privilege":[]}
[2015-09-19 19:12:30][debug] --------------------------------------------------------------------
[2015-09-19 19:12:30][debug] 微信签名：{"appId":"wx7851b75090b42312","nonceStr":"tPvaqTisrnexH4v4","timestamp":1442682750,"url":"http:\/\/www.dosochina.com\/wxhd\/bargain\/test\/index.php?id=0&userfrom=oXU1ruIG_y53KQM_Ocrya00W95xo","signature":"d2368819ab8d9c5c1b427a1aca978f917355628f","rawString":"jsapi_ticket=sM4AOVdWfPE4DxkXGEs8VKRjsuKcxYEBp0Ilj25oTH6WRKfbwZz2YLRssF57xkcDnA-TVMkq0weK3KuVlasiKw&noncestr=tPvaqTisrnexH4v4&timestamp=1442682750&url=http:\/\/www.dosochina.com\/wxhd\/bargain\/test\/index.php?id=0&userfrom=oXU1ruIG_y53KQM_Ocrya00W95xo"}
[2015-09-19 19:12:44][debug] 微信签名：{"appId":"wx7851b75090b42312","nonceStr":"Leuq9Bl7ofTS8anI","timestamp":1442682764,"url":"http:\/\/www.dosochina.com\/wxhd\/bargain\/test\/index.php?id=0&userfrom=oXU1ruIG_y53KQM_Ocrya00W95xo&from=singlemessage&isappinstalled=0","signature":"a8e054b5a8a1b56e801d6ecc4ec5168a3261c744","rawString":"jsapi_ticket=sM4AOVdWfPE4DxkXGEs8VKRjsuKcxYEBp0Ilj25oTH6WRKfbwZz2YLRssF57xkcDnA-TVMkq0weK3KuVlasiKw&noncestr=Leuq9Bl7ofTS8anI&timestamp=1442682764&url=http:\/\/www.dosochina.com\/wxhd\/bargain\/test\/index.php?id=0&userfrom=oXU1ruIG_y53KQM_Ocrya00W95xo&from=singlemessage&isappinstalled=0"}
[2015-09-19 19:13:40][debug] --------------------------------------------------------------------
[2015-09-19 19:13:40][debug] 授权成功！
[2015-09-19 19:13:40][debug] 微信用户信息：{"openid":"oXU1ruIG_y53KQM_Ocrya00W95xo","nickname":"hyl","sex":2,"language":"zh_CN","city":"","province":"","country":"中国","headimgurl":"","privilege":[]}
[2015-09-19 19:13:40][debug] --------------------------------------------------------------------
[2015-09-19 19:13:40][debug] 微信签名：{"appId":"wx7851b75090b42312","nonceStr":"H6HivPlt1lFa31sc","timestamp":1442682820,"url":"http:\/\/www.dosochina.com\/wxhd\/bargain\/test\/index.php?id=0&userfrom=oXU1ruIG_y53KQM_Ocrya00W95xo","signature":"10395b4a9f970a2100b86ef35f5d26000d79696a","rawString":"jsapi_ticket=sM4AOVdWfPE4DxkXGEs8VKRjsuKcxYEBp0Ilj25oTH6WRKfbwZz2YLRssF57xkcDnA-TVMkq0weK3KuVlasiKw&noncestr=H6HivPlt1lFa31sc&timestamp=1442682820&url=http:\/\/www.dosochina.com\/wxhd\/bargain\/test\/index.php?id=0&userfrom=oXU1ruIG_y53KQM_Ocrya00W95xo"}
[2015-09-19 19:14:13][debug] 开始-查询价格-----------------------------------开始
[2015-09-19 19:14:13][debug] openid->oXU1ruIG_y53KQM_Ocrya00W95xo
[2015-09-19 19:14:13][debug] bargainid->0
[2015-09-19 19:14:13][debug] price->80000
[2015-09-19 19:14:13][debug] 结束-查询价格-----------------------------------结束
[2015-09-19 19:14:13][debug] 报名成功！:
[2015-09-19 19:14:13][debug] 微信签名：{"appId":"wx7851b75090b42312","nonceStr":"MjvJ0rO1lMj5EyVi","timestamp":1442682853,"url":"http:\/\/www.dosochina.com\/wxhd\/bargain\/test\/index.php?id=0&userfrom=oXU1ruIG_y53KQM_Ocrya00W95xo","signature":"660208c41cc78415d8cfa6bd43ba700da142bd31","rawString":"jsapi_ticket=sM4AOVdWfPE4DxkXGEs8VKRjsuKcxYEBp0Ilj25oTH6WRKfbwZz2YLRssF57xkcDnA-TVMkq0weK3KuVlasiKw&noncestr=MjvJ0rO1lMj5EyVi&timestamp=1442682853&url=http:\/\/www.dosochina.com\/wxhd\/bargain\/test\/index.php?id=0&userfrom=oXU1ruIG_y53KQM_Ocrya00W95xo"}
[2015-09-19 19:14:52][debug] 微信签名：{"appId":"wx7851b75090b42312","nonceStr":"eQ8DWuc5xNIXGI62","timestamp":1442682892,"url":"http:\/\/www.dosochina.com\/wxhd\/bargain\/test\/index.php?id=0&userfrom=oXU1ruIG_y53KQM_Ocrya00W95xo&from=singlemessage&isappinstalled=0","signature":"23e0246466880af051461f938b3d2a73a660ac47","rawString":"jsapi_ticket=sM4AOVdWfPE4DxkXGEs8VKRjsuKcxYEBp0Ilj25oTH6WRKfbwZz2YLRssF57xkcDnA-TVMkq0weK3KuVlasiKw&noncestr=eQ8DWuc5xNIXGI62&timestamp=1442682892&url=http:\/\/www.dosochina.com\/wxhd\/bargain\/test\/index.php?id=0&userfrom=oXU1ruIG_y53KQM_Ocrya00W95xo&from=singlemessage&isappinstalled=0"}
[2015-09-19 19:15:12][debug] finalprice->79800
[2015-09-19 19:15:12][debug] 8->8
[2015-09-19 19:15:12][debug] joinid1->1
[2015-09-19 19:15:14][debug] 微信签名：{"appId":"wx7851b75090b42312","nonceStr":"AazBZkIjBaMFBWE9","timestamp":1442682914,"url":"http:\/\/www.dosochina.com\/wxhd\/bargain\/test\/index.php?id=0&userfrom=oXU1ruIG_y53KQM_Ocrya00W95xo","signature":"54c1008198264515129428b0fc9615dc4f4183c0","rawString":"jsapi_ticket=sM4AOVdWfPE4DxkXGEs8VKRjsuKcxYEBp0Ilj25oTH6WRKfbwZz2YLRssF57xkcDnA-TVMkq0weK3KuVlasiKw&noncestr=AazBZkIjBaMFBWE9&timestamp=1442682914&url=http:\/\/www.dosochina.com\/wxhd\/bargain\/test\/index.php?id=0&userfrom=oXU1ruIG_y53KQM_Ocrya00W95xo"}
[2015-09-19 19:16:09][debug] 微信签名：{"appId":"wx7851b75090b42312","nonceStr":"nLRLyqQAghJLF6xA","timestamp":1442682969,"url":"http:\/\/www.dosochina.com\/wxhd\/bargain\/test\/index.php?id=0&userfrom=oXU1ruIG_y53KQM_Ocrya00W95xo&from=singlemessage&isappinstalled=0","signature":"9ae7f44564e0d444208b157d9ecccdac3f50d2f7","rawString":"jsapi_ticket=sM4AOVdWfPE4DxkXGEs8VKRjsuKcxYEBp0Ilj25oTH6WRKfbwZz2YLRssF57xkcDnA-TVMkq0weK3KuVlasiKw&noncestr=nLRLyqQAghJLF6xA&timestamp=1442682969&url=http:\/\/www.dosochina.com\/wxhd\/bargain\/test\/index.php?id=0&userfrom=oXU1ruIG_y53KQM_Ocrya00W95xo&from=singlemessage&isappinstalled=0"}
[2015-09-19 19:17:03][debug] --------------------------------------------------------------------
[2015-09-19 19:17:03][debug] 授权成功！
[2015-09-19 19:17:03][debug] 微信用户信息：{"openid":"oXU1ruL3rByc2E-vRe77CkIrUPC8","nickname":"夏天","sex":2,"language":"zh_CN","city":"成都","province":"四川","country":"中国","headimgurl":"http:\/\/wx.qlogo.cn\/mmopen\/3hsWdj2E9tu8l4xVH8HicQd48Giboh422wj56rk7ibib8yJFpDjMxB9lINdVnmuOtZwKrIQf7fvdsOBBKxSe1QzTs6j17J2PGTJe\/0","privilege":[]}
[2015-09-19 19:17:03][debug] --------------------------------------------------------------------
[2015-09-19 19:17:04][debug] 微信签名：{"appId":"wx7851b75090b42312","nonceStr":"h766gKgRGNqI8oAD","timestamp":1442683024,"url":"http:\/\/www.dosochina.com\/wxhd\/bargain\/test\/index.php?id=0&userfrom=oXU1ruIG_y53KQM_Ocrya00W95xo","signature":"cf36b09666b17787d6f65de6b1f3210a12e5263a","rawString":"jsapi_ticket=sM4AOVdWfPE4DxkXGEs8VKRjsuKcxYEBp0Ilj25oTH6WRKfbwZz2YLRssF57xkcDnA-TVMkq0weK3KuVlasiKw&noncestr=h766gKgRGNqI8oAD&timestamp=1442683024&url=http:\/\/www.dosochina.com\/wxhd\/bargain\/test\/index.php?id=0&userfrom=oXU1ruIG_y53KQM_Ocrya00W95xo"}
[2015-09-19 19:17:24][debug] finalprice->79700
[2015-09-19 19:17:24][debug] 8->8
[2015-09-19 19:17:24][debug] joinid1->1
[2015-09-19 19:17:26][debug] 微信签名：{"appId":"wx7851b75090b42312","nonceStr":"FrV3ejIr7k0aAOSC","timestamp":1442683046,"url":"http:\/\/www.dosochina.com\/wxhd\/bargain\/test\/index.php?id=0&userfrom=oXU1ruIG_y53KQM_Ocrya00W95xo","signature":"b71747b44f7e0c0a3d70445d376a1f9f647f063a","rawString":"jsapi_ticket=sM4AOVdWfPE4DxkXGEs8VKRjsuKcxYEBp0Ilj25oTH6WRKfbwZz2YLRssF57xkcDnA-TVMkq0weK3KuVlasiKw&noncestr=FrV3ejIr7k0aAOSC&timestamp=1442683046&url=http:\/\/www.dosochina.com\/wxhd\/bargain\/test\/index.php?id=0&userfrom=oXU1ruIG_y53KQM_Ocrya00W95xo"}
[2015-09-19 19:20:10][debug] 微信签名：{"appId":"wx7851b75090b42312","nonceStr":"K3ZkDtgmP7oH2zUj","timestamp":1442683210,"url":"http:\/\/www.dosochina.com\/wxhd\/bargain\/test\/index.php?id=0&userfrom=oXU1ruIG_y53KQM_Ocrya00W95xo&from=singlemessage&isappinstalled=0","signature":"844aa1490321d5ef81facf940a650824e0acb4e1","rawString":"jsapi_ticket=sM4AOVdWfPE4DxkXGEs8VKRjsuKcxYEBp0Ilj25oTH6WRKfbwZz2YLRssF57xkcDnA-TVMkq0weK3KuVlasiKw&noncestr=K3ZkDtgmP7oH2zUj&timestamp=1442683210&url=http:\/\/www.dosochina.com\/wxhd\/bargain\/test\/index.php?id=0&userfrom=oXU1ruIG_y53KQM_Ocrya00W95xo&from=singlemessage&isappinstalled=0"}
[2015-09-19 19:25:53][debug] 微信签名：{"appId":"wx7851b75090b42312","nonceStr":"zqEP7lPLTkk4xOXy","timestamp":1442683553,"url":"http:\/\/www.dosochina.com\/wxhd\/bargain\/test\/index.php?id=0&userfrom=oXU1ruIG_y53KQM_Ocrya00W95xo&from=singlemessage&isappinstalled=0","signature":"a93563f13d790b3aae34be5ea83e12a0ca639dfa","rawString":"jsapi_ticket=sM4AOVdWfPE4DxkXGEs8VKRjsuKcxYEBp0Ilj25oTH6WRKfbwZz2YLRssF57xkcDnA-TVMkq0weK3KuVlasiKw&noncestr=zqEP7lPLTkk4xOXy&timestamp=1442683553&url=http:\/\/www.dosochina.com\/wxhd\/bargain\/test\/index.php?id=0&userfrom=oXU1ruIG_y53KQM_Ocrya00W95xo&from=singlemessage&isappinstalled=0"}
[2015-09-19 19:26:42][debug] 微信签名：{"appId":"wx7851b75090b42312","nonceStr":"8OYnatdPwvRT3Zlh","timestamp":1442683602,"url":"http:\/\/www.dosochina.com\/wxhd\/bargain\/test\/index.php?id=0&userfrom=oXU1ruIG_y53KQM_Ocrya00W95xo&from=singlemessage&isappinstalled=0","signature":"630d949f472b7a1de370400f4f206f9c8fbea856","rawString":"jsapi_ticket=sM4AOVdWfPE4DxkXGEs8VKRjsuKcxYEBp0Ilj25oTH6WRKfbwZz2YLRssF57xkcDnA-TVMkq0weK3KuVlasiKw&noncestr=8OYnatdPwvRT3Zlh&timestamp=1442683602&url=http:\/\/www.dosochina.com\/wxhd\/bargain\/test\/index.php?id=0&userfrom=oXU1ruIG_y53KQM_Ocrya00W95xo&from=singlemessage&isappinstalled=0"}
[2015-09-19 19:29:11][debug] --------------------------------------------------------------------
[2015-09-19 19:29:11][debug] 授权成功！
[2015-09-19 19:29:11][debug] 微信用户信息：{"openid":"oXU1ruIG_y53KQM_Ocrya00W95xo","nickname":"hyl","sex":2,"language":"zh_CN","city":"","province":"","country":"中国","headimgurl":"","privilege":[]}
[2015-09-19 19:29:11][debug] --------------------------------------------------------------------
[2015-09-19 19:33:13][debug] --------------------------------------------------------------------
[2015-09-19 19:33:13][debug] 授权成功！
[2015-09-19 19:33:13][debug] 微信用户信息：{"openid":"oXU1ruIG_y53KQM_Ocrya00W95xo","nickname":"hyl","sex":2,"language":"zh_CN","city":"","province":"","country":"中国","headimgurl":"","privilege":[]}
[2015-09-19 19:33:13][debug] --------------------------------------------------------------------
[2015-09-19 19:35:59][debug] 开始-查询价格-----------------------------------开始
[2015-09-19 19:35:59][debug] openid->oXU1ruL3rByc2E-vRe77CkIrUPC8
[2015-09-19 19:35:59][debug] bargainid->0
[2015-09-19 19:35:59][debug] price->80000
[2015-09-19 19:35:59][debug] 结束-查询价格-----------------------------------结束
[2015-09-19 19:35:59][debug] 报名成功！:
[2015-09-19 19:37:03][debug] finalprice->79900
[2015-09-19 19:37:03][debug] 9->9
[2015-09-19 19:37:03][debug] joinid1->1
[2015-09-19 22:51:26][debug] --------------------------------------------------------------------
[2015-09-19 22:51:26][debug] 授权成功！
[2015-09-19 22:51:26][debug] 微信用户信息：{"openid":"oXU1ruE213ejSN72siQVNwud_Itk","nickname":"闲茶良味","sex":1,"language":"zh_CN","city":"台州","province":"浙江","country":"中国","headimgurl":"http:\/\/wx.qlogo.cn\/mmopen\/4tpkVGWUO5ahcc9t3xAmmWtuGJLlLIsnqmY8Hb25XojWkaKS3OMIGicbMELR5f7Cp2HF8m9jsatR8HJ0PSQ9J9A\/0","privilege":[]}
[2015-09-19 22:51:26][debug] --------------------------------------------------------------------
[2015-09-19 22:52:14][debug] finalprice->79800
[2015-09-19 22:52:14][debug] 9->9
[2015-09-19 22:52:14][debug] joinid1->1
[2015-09-19 22:56:37][debug] 开始-查询价格-----------------------------------开始
[2015-09-19 22:56:37][debug] openid->oXU1ruE213ejSN72siQVNwud_Itk
[2015-09-19 22:56:37][debug] bargainid->0
[2015-09-19 22:56:37][debug] price->80000
[2015-09-19 22:56:37][debug] 结束-查询价格-----------------------------------结束
[2015-09-19 22:56:37][debug] 报名成功！:
[2015-09-19 22:56:59][debug] 添加到购物车成功！:
[2015-09-19 22:57:04][debug] 添加到购物车成功！:
