[2015-11-04 04:06:24][debug] forword：0
[2015-11-04 04:06:25][debug] forword：0
[2015-11-04 04:06:33][debug] --------------------------------------------------------------------
[2015-11-04 04:06:33][debug] 授权成功！
[2015-11-04 04:06:33][debug] 微信用户信息：{"openid":"oXU1ruBlJHMgLA7br5rT1WVy-56c","nickname":"付瑞钢","sex":1,"language":"zh_CN","city":"","province":"","country":"中国","headimgurl":"http:\/\/wx.qlogo.cn\/mmopen\/4tpkVGWUO5YtzWkgSFibXCdNicN6wRz1mKibaTgyWEh6op0ZKicRdS7ZyVRpAattxTRwBaiatTr9ghWDadybqvPtxxFItVJwicuoV8\/0","privilege":[]}
[2015-11-04 04:06:33][debug] --------------------------------------------------------------------
[2015-11-04 04:06:34][debug] forword：0
[2015-11-04 04:06:34][debug] forword：0
[2015-11-04 04:06:46][debug] --------------------------------------------------------------------
[2015-11-04 04:06:46][debug] 授权成功！
[2015-11-04 04:06:46][debug] 微信用户信息：{"openid":"oXU1ruBlJHMgLA7br5rT1WVy-56c","nickname":"付瑞钢","sex":1,"language":"zh_CN","city":"","province":"","country":"中国","headimgurl":"http:\/\/wx.qlogo.cn\/mmopen\/4tpkVGWUO5YtzWkgSFibXCdNicN6wRz1mKibaTgyWEh6op0ZKicRdS7ZyVRpAattxTRwBaiatTr9ghWDadybqvPtxxFItVJwicuoV8\/0","privilege":[]}
[2015-11-04 04:06:46][debug] --------------------------------------------------------------------
[2015-11-04 04:06:46][debug] forword：0
[2015-11-04 05:07:14][debug] forword：0
[2015-11-04 05:07:14][debug] forword：0
[2015-11-04 05:07:18][debug] --------------------------------------------------------------------
[2015-11-04 05:07:18][debug] 授权成功！
[2015-11-04 05:07:18][debug] 微信用户信息：{"openid":"oXU1ruC89k4U07OqVXNSXHPSQCxQ","nickname":"伤心的城市","sex":2,"language":"zh_CN","city":"宁河","province":"天津","country":"中国","headimgurl":"http:\/\/wx.qlogo.cn\/mmopen\/3hsWdj2E9tvKHpyeI5nnL28cJvxL52vpU5SRrV5QWzQTXMtWtVz1bnCejhc8BVHicAlbAMib2XJG1uB8nGZNZleRfDx6z1khHk\/0","privilege":[]}
[2015-11-04 05:07:18][debug] --------------------------------------------------------------------
[2015-11-04 05:07:18][debug] forword：0
[2015-11-04 05:09:47][debug] --------------------------------------------------------------------
[2015-11-04 05:09:47][debug] 授权成功！
[2015-11-04 05:09:47][debug] 微信用户信息：{"openid":"oXU1ruC89k4U07OqVXNSXHPSQCxQ","nickname":"伤心的城市","sex":2,"language":"zh_CN","city":"宁河","province":"天津","country":"中国","headimgurl":"http:\/\/wx.qlogo.cn\/mmopen\/3hsWdj2E9tvKHpyeI5nnL28cJvxL52vpU5SRrV5QWzQTXMtWtVz1bnCejhc8BVHicAlbAMib2XJG1uB8nGZNZleRfDx6z1khHk\/0","privilege":[]}
[2015-11-04 05:09:47][debug] --------------------------------------------------------------------
[2015-11-04 05:09:47][debug] forword：0
[2015-11-04 05:09:47][debug] forword：0
[2015-11-04 13:27:56][debug] forword：0
[2015-11-04 13:28:15][debug] --------------------------------------------------------------------
[2015-11-04 13:28:15][debug] 授权成功！
[2015-11-04 13:28:15][debug] 微信用户信息：{"openid":"oXU1ruMR_GnnDsc-mUR0v6PSQJOU","nickname":"苗姐","sex":1,"language":"zh_CN","city":"襄阳","province":"湖北","country":"中国","headimgurl":"http:\/\/wx.qlogo.cn\/mmopen\/3hsWdj2E9tukSnFcoI659z1vhHIu504mT99WnykCDOh36muhRmlybvDjbG3D0OXu0HXdowsYfOsjUbVLWhZufMMhuLJ6jtGB\/0","privilege":[]}
[2015-11-04 13:28:15][debug] --------------------------------------------------------------------
[2015-11-04 13:28:15][debug] forword：0
[2015-11-04 13:28:41][debug] forword：0
[2015-11-04 13:28:41][debug] forword：0
[2015-11-04 13:28:42][debug] forword：0
[2015-11-04 13:28:47][debug] forword：0
[2015-11-04 13:28:54][debug] forword：0
[2015-11-04 13:28:54][debug] forword：0
[2015-11-04 13:29:44][debug] forword：0
[2015-11-04 13:29:44][debug] forword1111：0
[2015-11-04 13:29:44][debug] bargain_id----->0
[2015-11-04 13:29:44][debug] forword：0
[2015-11-04 13:29:44][debug] forword：0
[2015-11-04 13:29:55][debug] forword：0
[2015-11-04 13:42:30][debug] forword：0
[2015-11-04 14:08:10][debug] forword：0
[2015-11-04 14:08:17][debug] forword：0
[2015-11-04 16:13:07][debug] forword：0
[2015-11-04 16:13:07][debug] forword：0
[2015-11-04 22:46:00][debug] forword：0
[2015-11-04 22:48:27][debug] --------------------------------------------------------------------
[2015-11-04 22:48:27][debug] 授权成功！
[2015-11-04 22:48:27][debug] 微信用户信息：{"openid":"oXU1ruAkwP1bm02bVVrLBbY1hdAQ","nickname":"马曉茜","sex":2,"language":"zh_CN","city":"","province":"","country":"中国","headimgurl":"http:\/\/wx.qlogo.cn\/mmopen\/4tpkVGWUO5bpQFN2Bw5WyfICGelJwwdfY0Y7VSRBTkice1F6cjX7MzKrgYiaO3dpNu2TorImHoz8BpnTjicsAVzweOrkicK4NMs7\/0","privilege":[]}
[2015-11-04 22:48:27][debug] --------------------------------------------------------------------
[2015-11-04 22:48:27][debug] forword：0
[2015-11-04 22:48:27][debug] forword：0
[2015-11-04 22:48:45][debug] forword：0
[2015-11-04 22:48:59][debug] --------------------------------------------------------------------
[2015-11-04 22:48:59][debug] 授权成功！
[2015-11-04 22:48:59][debug] 微信用户信息：{"openid":"oXU1ruAkwP1bm02bVVrLBbY1hdAQ","nickname":"马曉茜","sex":2,"language":"zh_CN","city":"","province":"","country":"中国","headimgurl":"http:\/\/wx.qlogo.cn\/mmopen\/4tpkVGWUO5bpQFN2Bw5WyfICGelJwwdfY0Y7VSRBTkice1F6cjX7MzKrgYiaO3dpNu2TorImHoz8BpnTjicsAVzweOrkicK4NMs7\/0","privilege":[]}
[2015-11-04 22:48:59][debug] --------------------------------------------------------------------
[2015-11-04 22:49:05][debug] --------------------------------------------------------------------
[2015-11-04 22:49:05][debug] 授权成功！
[2015-11-04 22:49:05][debug] 微信用户信息：{"openid":"oXU1ruAkwP1bm02bVVrLBbY1hdAQ","nickname":"马曉茜","sex":2,"language":"zh_CN","city":"","province":"","country":"中国","headimgurl":"http:\/\/wx.qlogo.cn\/mmopen\/4tpkVGWUO5bpQFN2Bw5WyfICGelJwwdfY0Y7VSRBTkice1F6cjX7MzKrgYiaO3dpNu2TorImHoz8BpnTjicsAVzweOrkicK4NMs7\/0","privilege":[]}
[2015-11-04 22:49:05][debug] --------------------------------------------------------------------
[2015-11-04 22:49:06][debug] forword：0
