[2015-10-29 02:11:58][debug] forword：0
[2015-10-29 02:11:58][debug] forword：0
[2015-10-29 02:12:05][debug] --------------------------------------------------------------------
[2015-10-29 02:12:05][debug] 授权成功！
[2015-10-29 02:12:05][debug] 微信用户信息：{"openid":"oXU1ruONYLMHd-AcfLlXW8KCeyXM","nickname":"专业生产销售各种电脑缝纫机（尹）","sex":1,"language":"zh_CN","city":"台州","province":"浙江","country":"中国","headimgurl":"http:\/\/wx.qlogo.cn\/mmopen\/3hsWdj2E9tv9MXPGz2Zb9IMgeJiaRgCqSibOJfgB8YmRfLjib0VibUlKTL1RiapP9JMkuMCUgXdmehASHicQ5fyW4VJXVP0j6v7VIS\/0","privilege":[]}
[2015-10-29 02:12:05][debug] --------------------------------------------------------------------
[2015-10-29 02:12:08][debug] forword：0
[2015-10-29 02:14:06][debug] forword：0
[2015-10-29 02:14:06][debug] forword：0
[2015-10-29 03:38:03][debug] forword：0
[2015-10-29 03:38:03][debug] forword：0
[2015-10-29 06:57:16][debug] forword：0
[2015-10-29 06:57:16][debug] forword：0
[2015-10-29 06:57:22][debug] --------------------------------------------------------------------
[2015-10-29 06:57:22][debug] 授权成功！
[2015-10-29 06:57:22][debug] 微信用户信息：{"openid":"oXU1ruErkJr9q3o4EoPcTMO9UHis","nickname":"长江长江我是黄河听到请回答","sex":1,"language":"zh_CN","city":"新乡","province":"河南","country":"中国","headimgurl":"http:\/\/wx.qlogo.cn\/mmopen\/4tpkVGWUO5bpQFN2Bw5Wyeqficuoukd3cqoHR8YXvGcMBI01R2xibp9pZfdG6fl7YS3ClnXummQu6ALksb91aoCQSKWrC8vlEE\/0","privilege":[]}
[2015-10-29 06:57:22][debug] --------------------------------------------------------------------
[2015-10-29 07:04:32][debug] forword：0
[2015-10-29 07:04:32][debug] forword：0
[2015-10-29 07:04:34][debug] --------------------------------------------------------------------
[2015-10-29 07:04:34][debug] 授权成功！
[2015-10-29 07:04:34][debug] 微信用户信息：{"openid":"oXU1ruDu2h46bMjVufBN83Gi90I8","nickname":"鑫盛缝配","sex":1,"language":"zh_CN","city":"济宁","province":"山东","country":"中国","headimgurl":"http:\/\/wx.qlogo.cn\/mmopen\/56BPyJpDiakDFzPMKeDVvdiabHISYu8PnA2lZnciacvWT1rglQ8XfsFa8S08NpddUt0ECicaaNKj1et9dBQfDlvbXbrPXq3VdvAX\/0","privilege":[]}
[2015-10-29 07:04:34][debug] --------------------------------------------------------------------
[2015-10-29 07:04:34][debug] forword：0
[2015-10-29 07:04:34][debug] forword1111：0
[2015-10-29 07:04:35][debug] bargain_id----->0
[2015-10-29 07:04:35][debug] bargain_id----->
[2015-10-29 07:06:14][debug] bargain_id----->0
[2015-10-29 07:06:27][debug] forword：2
[2015-10-29 07:06:27][debug] forword1111：2
[2015-10-29 07:06:27][debug] bargain_id----->2
[2015-10-29 07:11:47][debug] forword：0
[2015-10-29 07:32:44][debug] forword：0
[2015-10-29 07:32:44][debug] forword：0
[2015-10-29 08:23:41][debug] forword：0
[2015-10-29 08:23:41][debug] forword：0
[2015-10-29 08:37:17][debug] forword：0
[2015-10-29 09:19:20][debug] forword：0
[2015-10-29 09:19:40][debug] --------------------------------------------------------------------
[2015-10-29 09:19:40][debug] 授权成功！
[2015-10-29 09:19:40][debug] 微信用户信息：{"openid":"oXU1ruKx7O8MBgjBJaEApwdRl8u4","nickname":"回忆过去","sex":1,"language":"zh_CN","city":"保定","province":"河北","country":"中国","headimgurl":"","privilege":[]}
[2015-10-29 09:19:40][debug] --------------------------------------------------------------------
[2015-10-29 09:19:40][debug] forword：0
[2015-10-29 09:22:10][debug] forword：0
[2015-10-29 13:14:19][debug] forword：0
[2015-10-29 13:14:51][debug] forword：0
[2015-10-29 15:17:14][debug] forword：0
[2015-10-29 15:17:14][debug] forword：0
[2015-10-29 15:18:54][debug] forword：0
[2015-10-29 15:18:54][debug] forword：0
[2015-10-29 15:18:55][debug] forword：0
[2015-10-29 23:42:47][debug] forword：0
[2015-10-29 23:42:47][debug] forword：0
