[2015-10-20 01:10:56][debug] forword：0
[2015-10-20 01:10:56][debug] forword：0
[2015-10-20 01:10:57][debug] forword：0
[2015-10-20 04:06:55][debug] forword：0
[2015-10-20 04:07:09][debug] forword：0
[2015-10-20 04:20:15][debug] forword：0
[2015-10-20 04:20:19][debug] --------------------------------------------------------------------
[2015-10-20 04:20:19][debug] 授权成功！
[2015-10-20 04:20:19][debug] 微信用户信息：{"openid":"oXU1ruIG_y53KQM_Ocrya00W95xo","nickname":"hyl","sex":2,"language":"zh_CN","city":"","province":"","country":"中国","headimgurl":"","privilege":[]}
[2015-10-20 04:20:19][debug] --------------------------------------------------------------------
[2015-10-20 04:20:19][debug] forword：0
[2015-10-20 04:29:55][debug] forword：0
[2015-10-20 04:29:55][debug] forword：0
[2015-10-20 04:30:51][debug] forword：0
[2015-10-20 06:31:23][debug] forword：0
[2015-10-20 06:31:27][debug] --------------------------------------------------------------------
[2015-10-20 06:31:27][debug] 授权成功！
[2015-10-20 06:31:27][debug] 微信用户信息：{"openid":"oXU1ruDaURZlR0mtE9jkkDc88LYw","nickname":"星空","sex":1,"language":"zh_CN","city":"唐山","province":"河北","country":"中国","headimgurl":"http:\/\/wx.qlogo.cn\/mmopen\/McYMgia19V0U32tqOLLdltD8W8PyfLcpp5h19Bpe9aoxzfuH7yqnWLIpfU9iaRvsLffOk6bAGzh5MRSexE90YbQA\/0","privilege":[]}
[2015-10-20 06:31:27][debug] --------------------------------------------------------------------
[2015-10-20 06:31:27][debug] forword：0
[2015-10-20 06:31:27][debug] forword：0
[2015-10-20 06:34:10][debug] forword：0
[2015-10-20 06:34:10][debug] forword：0
[2015-10-20 07:31:14][debug] forword：0
[2015-10-20 10:52:53][debug] forword：0
[2015-10-20 10:53:03][debug] forword：0
[2015-10-20 10:53:05][debug] forword：0
[2015-10-20 14:04:30][debug] forword：0
[2015-10-20 14:04:30][debug] forword：0
[2015-10-20 14:17:12][debug] forword：0
[2015-10-20 14:17:57][debug] forword：0
[2015-10-20 16:08:01][debug] forword：0
[2015-10-20 16:08:01][debug] forword：0
[2015-10-20 16:08:07][debug] --------------------------------------------------------------------
[2015-10-20 16:08:07][debug] 授权成功！
[2015-10-20 16:08:07][debug] 微信用户信息：{"openid":"oXU1ruGZtmtAHX1sr33WPnvYUrXg","nickname":"王坚","sex":1,"language":"zh_CN","city":"盐城","province":"江苏","country":"中国","headimgurl":"http:\/\/wx.qlogo.cn\/mmopen\/BcQRZIbPSiamFjMicGH9LkqcgBvOicplMRrEbcoOhquiaFwnWwPeyxibicVf8F1WevtMTG2GATFO5G2ibpYP1HziaUMqCGiacqKYwh59j\/0","privilege":[]}
[2015-10-20 16:08:07][debug] --------------------------------------------------------------------
[2015-10-20 16:08:07][debug] forword：0
[2015-10-20 16:08:07][debug] forword1111：0
[2015-10-20 16:08:08][debug] bargain_id----->0
[2015-10-20 16:08:08][debug] bargain_id----->
[2015-10-20 16:08:20][debug] bargain_id----->0
[2015-10-20 16:08:25][debug] forword：2
[2015-10-20 16:08:25][debug] forword1111：2
[2015-10-20 16:08:25][debug] forword：2
[2015-10-20 16:08:25][debug] bargain_id----->2
[2015-10-20 16:09:59][debug] bargain_id----->2
