[2015-10-07 01:19:46][debug] openid1->oXU1ruHYguoQ04hk3ywf8bnaYwLQ
[2015-10-07 01:19:46][debug] openid2->oXU1ruHYguoQ04hk3ywf8bnaYwLQ
[2015-10-07 01:19:46][debug] out_trade_no->127060920120151007011946
[2015-10-07 01:19:50][debug] jsApiParameters->{"appId":"wx7851b75090b42312","nonceStr":"0atfufcfbe12bc6mel5yebvz3w97b1lg","package":"prepay_id=wx201510070119509e96da1ffd0950151041","signType":"MD5","timeStamp":"1444151990","paySign":"F8E3A3A7368E1BE032D5DB51650D17EF"}
[2015-10-07 01:27:19][debug] openid1->oXU1ruHYguoQ04hk3ywf8bnaYwLQ
[2015-10-07 01:27:19][debug] openid2->oXU1ruHYguoQ04hk3ywf8bnaYwLQ
[2015-10-07 01:27:19][debug] out_trade_no->127060920120151007012719
[2015-10-07 01:27:19][debug] openid1->
[2015-10-07 01:27:19][debug] openid2->
[2015-10-07 01:27:19][debug] out_trade_no->127060920120151007012719
[2015-10-07 01:27:27][debug] jsApiParameters->{"appId":"wx7851b75090b42312","nonceStr":"z3tgvgjsx9zrnuhzjnkasq23e6o0ftij","package":"prepay_id=wx201510070127274047cbe9e00166020548","signType":"MD5","timeStamp":"1444152447","paySign":"8ED1A1BE9FF98ACDCAC8A051B32E57A9"}
[2015-10-07 01:40:45][debug] openid1->
[2015-10-07 01:40:45][debug] openid2->
[2015-10-07 01:40:45][debug] out_trade_no->127060920120151007014045
[2015-10-07 00:33:31][debug] forword：0
[2015-10-07 00:33:57][debug] forword：0
[2015-10-07 00:47:42][debug] forword：0
[2015-10-07 00:47:49][debug] --------------------------------------------------------------------
[2015-10-07 00:47:49][debug] 授权成功！
[2015-10-07 00:47:49][debug] 微信用户信息：{"openid":"oXU1ruLgq2yFj5KF9GP4BX4yyDx0","nickname":"小许","sex":1,"language":"zh_CN","city":"唐山","province":"河北","country":"中国","headimgurl":"http:\/\/wx.qlogo.cn\/mmopen\/BcQRZIbPSiamFjMicGH9LkqaGWERQ4ibEEVDusmPp6ZRNyVLk8TJavQWjgZafPiadic0QVvH7b5ShLa6tU7aMHrjyJJcok83XXA2H\/0","privilege":[]}
[2015-10-07 00:47:49][debug] --------------------------------------------------------------------
[2015-10-07 00:47:50][debug] forword：0
[2015-10-07 01:18:09][debug] forword：0
[2015-10-07 01:18:23][debug] --------------------------------------------------------------------
[2015-10-07 01:18:23][debug] 授权成功！
[2015-10-07 01:18:23][debug] 微信用户信息：{"openid":"oXU1ruGTfWABZrCv-N193i9JTiwA","nickname":"吴荣华@北极牛户外","sex":1,"language":"zh_CN","city":"杭州","province":"浙江","country":"中国","headimgurl":"http:\/\/wx.qlogo.cn\/mmopen\/3hsWdj2E9tukSnFcoI6599FRmYhEFIPCn24HGjIgUFRLFoyLhmDo8zzK4EwuDFicn37AcwUibANbWwW9goCpUPmEUZM1Zic5Bp2\/0","privilege":[]}
[2015-10-07 01:18:23][debug] --------------------------------------------------------------------
[2015-10-07 01:18:24][debug] forword：0
[2015-10-07 01:18:24][debug] forword：0
[2015-10-07 01:37:45][debug] forword：0
[2015-10-07 01:37:46][debug] forword：0
[2015-10-07 01:37:50][debug] --------------------------------------------------------------------
[2015-10-07 01:37:50][debug] 授权成功！
[2015-10-07 01:37:50][debug] 微信用户信息：{"openid":"oXU1ruIkfpm1qFBAZYJy2AKWEq6o","nickname":"悠然","sex":2,"language":"zh_CN","city":"","province":"","country":"中国","headimgurl":"http:\/\/wx.qlogo.cn\/mmopen\/McYMgia19V0VHxjnuPh5w6LjE8vOibichw9RqrLiaPicgZGOW1DajxwCKxV2zRVvqZsWJt1JSCXl8OXSszAYwycUoSPzXNCIEyY7B\/0","privilege":[]}
[2015-10-07 01:37:50][debug] --------------------------------------------------------------------
[2015-10-07 01:37:51][debug] forword：0
[2015-10-07 01:51:12][debug] forword：0
[2015-10-07 01:56:35][debug] forword：0
[2015-10-07 01:56:36][debug] forword：0
[2015-10-07 02:10:03][debug] forword：0
[2015-10-07 02:38:11][debug] forword：0
[2015-10-07 02:38:11][debug] forword：0
[2015-10-07 02:38:11][debug] forword：0
[2015-10-07 02:38:17][debug] --------------------------------------------------------------------
[2015-10-07 02:38:17][debug] 授权成功！
[2015-10-07 02:38:17][debug] 微信用户信息：{"openid":"oXU1ruEQhmZ85LA7hBBa6xKbMEaU","nickname":"陆晨宽","sex":1,"language":"zh_CN","city":"","province":"","country":"中国","headimgurl":"http:\/\/wx.qlogo.cn\/mmopen\/4tpkVGWUO5bpQFN2Bw5WySjFgG6BX0orescRricU9yq8BicDibCia2sMxV9ODRBBGP0prayQI2kKchVKIVKrfslgR5Q9XTrRzHxY\/0","privilege":[]}
[2015-10-07 02:38:17][debug] --------------------------------------------------------------------
[2015-10-07 02:38:17][debug] forword：0
[2015-10-07 02:38:17][debug] forword：0
[2015-10-07 02:38:21][debug] forword：0
[2015-10-07 02:38:21][debug] forword：0
[2015-10-07 02:51:54][debug] forword：0
[2015-10-07 04:00:41][debug] forword：0
[2015-10-07 04:00:41][debug] forword：0
[2015-10-07 04:00:48][debug] --------------------------------------------------------------------
[2015-10-07 04:00:48][debug] 授权成功！
[2015-10-07 04:00:48][debug] 微信用户信息：{"openid":"oXU1ruND0g3mzvf0LpnzY4I1sHdk","nickname":"SJZ","sex":1,"language":"zh_CN","city":"嘉兴","province":"浙江","country":"中国","headimgurl":"http:\/\/wx.qlogo.cn\/mmopen\/McYMgia19V0UGyTcMquNM4CUaCJnJ1TkR4kvU0Dy2okib8K9da3Lia0oMDZKmsoaKy1HyeX3b25FdY95TwOPALEnw\/0","privilege":[]}
[2015-10-07 04:00:48][debug] --------------------------------------------------------------------
[2015-10-07 04:00:48][debug] forword：0
[2015-10-07 04:15:34][debug] forword：0
[2015-10-07 04:15:55][debug] --------------------------------------------------------------------
[2015-10-07 04:15:55][debug] 授权成功！
[2015-10-07 04:15:55][debug] 微信用户信息：{"openid":"oXU1ruMttEgA2Vm4xj_Epqo64SIA","nickname":"海燕","sex":2,"language":"zh_CN","city":"闵行","province":"上海","country":"中国","headimgurl":"http:\/\/wx.qlogo.cn\/mmopen\/3hsWdj2E9tujOdtWbztlibJ7HpC9ic78yztb3aHMlcGiaDw85eqZpBsepp57xayTfyia0JhqqEyPID2wzegMEZMMP03FjHNYyFwt\/0","privilege":[]}
[2015-10-07 04:15:55][debug] --------------------------------------------------------------------
[2015-10-07 04:15:55][debug] forword：0
[2015-10-07 04:16:46][debug] --------------------------------------------------------------------
[2015-10-07 04:16:46][debug] 授权成功！
[2015-10-07 04:16:46][debug] 微信用户信息：{"openid":"oXU1ruMttEgA2Vm4xj_Epqo64SIA","nickname":"海燕","sex":2,"language":"zh_CN","city":"闵行","province":"上海","country":"中国","headimgurl":"http:\/\/wx.qlogo.cn\/mmopen\/3hsWdj2E9tujOdtWbztlibJ7HpC9ic78yztb3aHMlcGiaDw85eqZpBsepp57xayTfyia0JhqqEyPID2wzegMEZMMP03FjHNYyFwt\/0","privilege":[]}
[2015-10-07 04:16:46][debug] --------------------------------------------------------------------
[2015-10-07 04:18:07][debug] forword：0
[2015-10-07 04:18:10][debug] forword：0
[2015-10-07 04:29:53][debug] forword：0
[2015-10-07 04:29:53][debug] forword：0
[2015-10-07 04:30:00][debug] --------------------------------------------------------------------
[2015-10-07 04:30:00][debug] 授权成功！
[2015-10-07 04:30:00][debug] 微信用户信息：{"openid":"oXU1ruAulTtEchJYm_ZBU9EpYwWQ","nickname":"段庄华宇缝纫设备","sex":1,"language":"zh_CN","city":"保定","province":"河北","country":"中国","headimgurl":"http:\/\/wx.qlogo.cn\/mmopen\/BcQRZIbPSiamFjMicGH9LkqbZ26Amd5osiaUYCIBHCkx5u0kmMHotGVByZmfrH2kibNLDlWAABTekLj3X2eib2CvSqmpHyZn9lWEo\/0","privilege":[]}
[2015-10-07 04:30:00][debug] --------------------------------------------------------------------
[2015-10-07 04:30:01][debug] forword：0
[2015-10-07 04:30:01][debug] forword：0
[2015-10-07 04:31:52][debug] --------------------------------------------------------------------
[2015-10-07 04:31:52][debug] 授权成功！
[2015-10-07 04:31:52][debug] 微信用户信息：{"openid":"oXU1ruAulTtEchJYm_ZBU9EpYwWQ","nickname":"段庄华宇缝纫设备","sex":1,"language":"zh_CN","city":"保定","province":"河北","country":"中国","headimgurl":"http:\/\/wx.qlogo.cn\/mmopen\/BcQRZIbPSiamFjMicGH9LkqbZ26Amd5osiaUYCIBHCkx5u0kmMHotGVByZmfrH2kibNLDlWAABTekLj3X2eib2CvSqmpHyZn9lWEo\/0","privilege":[]}
[2015-10-07 04:31:52][debug] --------------------------------------------------------------------
[2015-10-07 04:31:53][debug] forword：0
[2015-10-07 04:32:04][debug] --------------------------------------------------------------------
[2015-10-07 04:32:04][debug] 授权成功！
[2015-10-07 04:32:04][debug] 微信用户信息：{"openid":"oXU1ruAulTtEchJYm_ZBU9EpYwWQ","nickname":"段庄华宇缝纫设备","sex":1,"language":"zh_CN","city":"保定","province":"河北","country":"中国","headimgurl":"http:\/\/wx.qlogo.cn\/mmopen\/BcQRZIbPSiamFjMicGH9LkqbZ26Amd5osiaUYCIBHCkx5u0kmMHotGVByZmfrH2kibNLDlWAABTekLj3X2eib2CvSqmpHyZn9lWEo\/0","privilege":[]}
[2015-10-07 04:32:04][debug] --------------------------------------------------------------------
[2015-10-07 04:32:04][debug] forword：0
[2015-10-07 04:40:23][debug] forword：0
[2015-10-07 04:46:51][debug] forword：0
[2015-10-07 04:46:52][debug] forword：0
[2015-10-07 04:46:57][debug] --------------------------------------------------------------------
[2015-10-07 04:46:57][debug] 授权成功！
[2015-10-07 04:46:57][debug] 微信用户信息：{"openid":"oXU1ruEaOt_Wy1d76qFt3AHebeBw","nickname":"qiutangjun","sex":1,"language":"zh_CN","city":"","province":"四川","country":"中国","headimgurl":"http:\/\/wx.qlogo.cn\/mmopen\/4tpkVGWUO5YUOjEEibpnotMicawGtFzCVVGjp8TnctP9ZWRNz2amdicgRj9GeabaribbCu4z8ibPmxvicZK8JqOfn8mbbtHJs53KH8\/0","privilege":[]}
[2015-10-07 04:46:57][debug] --------------------------------------------------------------------
[2015-10-07 04:46:57][debug] forword：0
[2015-10-07 04:47:26][debug] forword：0
[2015-10-07 04:47:33][debug] --------------------------------------------------------------------
[2015-10-07 04:47:33][debug] 授权成功！
[2015-10-07 04:47:33][debug] 微信用户信息：{"openid":"oXU1ruAulTtEchJYm_ZBU9EpYwWQ","nickname":"段庄华宇缝纫设备","sex":1,"language":"zh_CN","city":"保定","province":"河北","country":"中国","headimgurl":"http:\/\/wx.qlogo.cn\/mmopen\/BcQRZIbPSiamFjMicGH9LkqbZ26Amd5osiaUYCIBHCkx5u0kmMHotGVByZmfrH2kibNLDlWAABTekLj3X2eib2CvSqmpHyZn9lWEo\/0","privilege":[]}
[2015-10-07 04:47:33][debug] --------------------------------------------------------------------
[2015-10-07 04:47:34][debug] forword：0
[2015-10-07 04:47:41][debug] forword：0
[2015-10-07 04:47:58][debug] forword：0
[2015-10-07 04:47:58][debug] forword：0
[2015-10-07 04:48:15][debug] forword：0
[2015-10-07 04:48:17][debug] --------------------------------------------------------------------
[2015-10-07 04:48:17][debug] 授权成功！
[2015-10-07 04:48:17][debug] 微信用户信息：{"openid":"oXU1ruEaOt_Wy1d76qFt3AHebeBw","nickname":"qiutangjun","sex":1,"language":"zh_CN","city":"","province":"四川","country":"中国","headimgurl":"http:\/\/wx.qlogo.cn\/mmopen\/4tpkVGWUO5YUOjEEibpnotMicawGtFzCVVGjp8TnctP9ZWRNz2amdicgRj9GeabaribbCu4z8ibPmxvicZK8JqOfn8mbbtHJs53KH8\/0","privilege":[]}
[2015-10-07 04:48:17][debug] --------------------------------------------------------------------
[2015-10-07 04:48:18][debug] forword：0
[2015-10-07 04:48:23][debug] forword：0
[2015-10-07 04:48:23][debug] forword：0
[2015-10-07 04:48:25][debug] --------------------------------------------------------------------
[2015-10-07 04:48:25][debug] 授权成功！
[2015-10-07 04:48:25][debug] 微信用户信息：{"openid":"oXU1ruCkFo-InZAA-tc-L513PUoQ","nickname":"A0000 大森缝纫设备--小彭","sex":1,"language":"zh_CN","city":"台州","province":"浙江","country":"中国","headimgurl":"http:\/\/wx.qlogo.cn\/mmopen\/3hsWdj2E9tukSnFcoI659yfjJ6y94oNlTicQMNVxrktWl8o7pH4Qq0zTTPBqBWzKQLAZaHp19NpfHicvuqib1GtzQ7Fz5Q1z0jt\/0","privilege":[]}
[2015-10-07 04:48:25][debug] --------------------------------------------------------------------
[2015-10-07 04:48:25][debug] forword：0
[2015-10-07 04:48:32][debug] forword：0
[2015-10-07 04:48:32][debug] forword：0
[2015-10-07 04:48:35][debug] forword：0
[2015-10-07 04:48:35][debug] forword：0
[2015-10-07 04:48:41][debug] forword：0
[2015-10-07 04:48:44][debug] forword：0
[2015-10-07 04:48:44][debug] forword：0
[2015-10-07 04:48:46][debug] forword：0
[2015-10-07 04:48:47][debug] forword：0
[2015-10-07 04:48:52][debug] forword：0
[2015-10-07 04:48:52][debug] forword：0
[2015-10-07 04:48:54][debug] forword：0
[2015-10-07 04:48:54][debug] forword：0
[2015-10-07 04:48:57][debug] forword：0
[2015-10-07 04:48:57][debug] forword：0
[2015-10-07 04:49:00][debug] bargain_id----->0
[2015-10-07 04:49:00][debug] bargain_id----->
[2015-10-07 04:49:07][debug] forword：0
[2015-10-07 04:49:07][debug] forword：0
[2015-10-07 04:49:16][debug] forword：0
[2015-10-07 04:49:16][debug] forword：0
[2015-10-07 04:49:19][debug] forword：0
[2015-10-07 04:49:19][debug] forword：0
[2015-10-07 04:49:21][debug] forword：0
[2015-10-07 04:49:21][debug] forword：0
[2015-10-07 04:49:23][debug] forword：0
[2015-10-07 04:49:23][debug] forword：0
[2015-10-07 04:49:31][debug] forword：0
[2015-10-07 04:49:31][debug] forword：0
[2015-10-07 04:49:32][debug] forword：0
[2015-10-07 04:49:33][debug] forword：0
[2015-10-07 04:49:33][debug] forword：0
[2015-10-07 04:49:41][debug] forword：0
[2015-10-07 04:49:41][debug] forword：0
[2015-10-07 04:49:44][debug] forword：0
[2015-10-07 04:49:44][debug] forword：0
[2015-10-07 04:49:47][debug] forword：0
[2015-10-07 04:49:53][debug] forword：0
[2015-10-07 04:49:53][debug] forword：0
[2015-10-07 04:49:56][debug] forword：0
[2015-10-07 04:49:56][debug] forword：0
[2015-10-07 04:49:59][debug] forword：0
[2015-10-07 04:50:06][debug] forword：0
[2015-10-07 04:50:07][debug] forword：0
[2015-10-07 05:03:43][debug] forword：0
[2015-10-07 05:08:29][debug] forword：0
[2015-10-07 05:15:09][debug] forword：0
[2015-10-07 05:15:18][debug] --------------------------------------------------------------------
[2015-10-07 05:15:18][debug] 授权成功！
[2015-10-07 05:15:18][debug] 微信用户信息：{"openid":"oXU1ruBd97gCR0HXsQLlCJX5KMdg","nickname":"刘小硕","sex":2,"language":"zh_CN","city":"","province":"","country":"中国","headimgurl":"","privilege":[]}
[2015-10-07 05:15:18][debug] --------------------------------------------------------------------
[2015-10-07 05:15:19][debug] forword：0
[2015-10-07 05:15:48][debug] forword：0
[2015-10-07 05:22:52][debug] forword：0
[2015-10-07 05:22:53][debug] forword：0
[2015-10-07 05:23:10][debug] --------------------------------------------------------------------
[2015-10-07 05:23:10][debug] 授权成功！
[2015-10-07 05:23:10][debug] 微信用户信息：{"openid":"oXU1ruJNGZUE1Vs3cs1WRW-xwjsU","nickname":"大宝","sex":1,"language":"zh_CN","city":"唐山","province":"河北","country":"中国","headimgurl":"http:\/\/wx.qlogo.cn\/mmopen\/Q3auHgzwzM62RialsgiajPNYjO3OZrM80vZvADeLYADMOIsqw4KdEQft8IFJnWDPKuR1gwZLqkPSSKN86Diak9DrJOeTOawCkmwPT7l6ANs3JI\/0","privilege":[]}
[2015-10-07 05:23:10][debug] --------------------------------------------------------------------
[2015-10-07 05:23:11][debug] forword：0
[2015-10-07 05:24:13][debug] bargain_id----->0
[2015-10-07 05:58:12][debug] forword：0
[2015-10-07 05:58:13][debug] forword：0
[2015-10-07 05:58:19][debug] --------------------------------------------------------------------
[2015-10-07 05:58:19][debug] 授权成功！
[2015-10-07 05:58:19][debug] 微信用户信息：{"openid":"oXU1ruKQUz-e6CEUxaFtFVCUxKOM","nickname":"张志叶","sex":2,"language":"zh_CN","city":"","province":"天津","country":"中国","headimgurl":"http:\/\/wx.qlogo.cn\/mmopen\/BcQRZIbPSiamFjMicGH9Lkqbzu7SIsF0T7O89Du3c3ZWRVLeIibo03iat1ngkm7dP5eqQrmkHI4w0dKbnRWibkHLViclq3rBBf8PGT\/0","privilege":[]}
[2015-10-07 05:58:19][debug] --------------------------------------------------------------------
[2015-10-07 05:58:20][debug] forword：0
[2015-10-07 06:01:02][debug] forword：0
[2015-10-07 06:04:12][debug] forword：0
[2015-10-07 06:04:16][debug] --------------------------------------------------------------------
[2015-10-07 06:04:16][debug] 授权成功！
[2015-10-07 06:04:16][debug] 微信用户信息：{"openid":"oXU1ruPCeZ1HIbHvJt2yIe07HTTE","nickname":"平常心","sex":1,"language":"zh_CN","city":"宝坻","province":"天津","country":"中国","headimgurl":"http:\/\/wx.qlogo.cn\/mmopen\/4tpkVGWUO5bpQFN2Bw5WyY5GgWFibj9FZwBJfv5gt239qePichndKRXFibk1nOkVckiaxY6tyPzHWsp3d1iajMdOjQEMU9CMx5zcF\/0","privilege":[]}
[2015-10-07 06:04:16][debug] --------------------------------------------------------------------
[2015-10-07 06:04:16][debug] forword：0
[2015-10-07 06:04:16][debug] forword：0
[2015-10-07 06:04:52][debug] forword：0
[2015-10-07 06:04:58][debug] forword：0
[2015-10-07 06:05:03][debug] forword：0
[2015-10-07 06:05:03][debug] forword：0
[2015-10-07 06:05:06][debug] forword：0
[2015-10-07 06:05:17][debug] forword：0
[2015-10-07 06:05:17][debug] forword：0
[2015-10-07 06:05:23][debug] forword：0
[2015-10-07 06:05:30][debug] forword：0
[2015-10-07 06:08:12][debug] forword：0
[2015-10-07 06:09:33][debug] forword：0
[2015-10-07 06:18:29][debug] forword：0
[2015-10-07 06:20:23][debug] forword：0
[2015-10-07 06:20:51][debug] forword：0
[2015-10-07 06:22:59][debug] forword：0
[2015-10-07 06:35:53][debug] forword：0
[2015-10-07 06:35:58][debug] --------------------------------------------------------------------
[2015-10-07 06:35:58][debug] 授权成功！
[2015-10-07 06:35:58][debug] 微信用户信息：{"openid":"oXU1ruAulTtEchJYm_ZBU9EpYwWQ","nickname":"段庄华宇缝纫设备","sex":1,"language":"zh_CN","city":"保定","province":"河北","country":"中国","headimgurl":"http:\/\/wx.qlogo.cn\/mmopen\/BcQRZIbPSiamFjMicGH9LkqbZ26Amd5osiaUYCIBHCkx5u0kmMHotGVByZmfrH2kibNLDlWAABTekLj3X2eib2CvSqmpHyZn9lWEo\/0","privilege":[]}
[2015-10-07 06:35:58][debug] --------------------------------------------------------------------
[2015-10-07 06:35:59][debug] forword：0
[2015-10-07 06:36:33][debug] forword：0
[2015-10-07 06:36:42][debug] forword：0
[2015-10-07 06:36:54][debug] forword：0
[2015-10-07 06:36:58][debug] forword：0
[2015-10-07 06:37:16][debug] forword：0
[2015-10-07 06:42:00][debug] forword：0
[2015-10-07 06:46:18][debug] forword：0
[2015-10-07 06:46:22][debug] --------------------------------------------------------------------
[2015-10-07 06:46:22][debug] 授权成功！
[2015-10-07 06:46:22][debug] 微信用户信息：{"openid":"oXU1ruHYguoQ04hk3ywf8bnaYwLQ","nickname":"蒋伍佰","sex":1,"language":"zh_CN","city":"厦门","province":"福建","country":"中国","headimgurl":"http:\/\/wx.qlogo.cn\/mmopen\/3hsWdj2E9tukSnFcoI6597k2qVoNxpQibibdUulcu0mZnTOUVzkiajW1f3zFQm85pnswqJibX6tVX4BAh8TuL56ZXVwDtMxgpzrC\/0","privilege":[]}
[2015-10-07 06:46:22][debug] --------------------------------------------------------------------
[2015-10-07 06:46:22][debug] forword：0
[2015-10-07 06:46:51][debug] --------------------------------------------------------------------
[2015-10-07 06:46:51][debug] 授权成功！
[2015-10-07 06:46:51][debug] 微信用户信息：{"openid":"oXU1ruHYguoQ04hk3ywf8bnaYwLQ","nickname":"蒋伍佰","sex":1,"language":"zh_CN","city":"厦门","province":"福建","country":"中国","headimgurl":"http:\/\/wx.qlogo.cn\/mmopen\/3hsWdj2E9tukSnFcoI6597k2qVoNxpQibibdUulcu0mZnTOUVzkiajW1f3zFQm85pnswqJibX6tVX4BAh8TuL56ZXVwDtMxgpzrC\/0","privilege":[]}
[2015-10-07 06:46:51][debug] --------------------------------------------------------------------
[2015-10-07 06:46:52][debug] forword：0
[2015-10-07 06:46:52][debug] forword：0
[2015-10-07 12:47:05][debug] openid1->oXU1ruHYguoQ04hk3ywf8bnaYwLQ
[2015-10-07 12:47:05][debug] openid2->oXU1ruHYguoQ04hk3ywf8bnaYwLQ
[2015-10-07 12:47:05][debug] out_trade_no->127060920120151007124705
[2015-10-07 12:47:10][debug] jsApiParameters->{"appId":"wx7851b75090b42312","nonceStr":"t9cyou8li79hfxa659sppiyfwup8ax2s","package":"prepay_id=wx2015100712471009f324b00a0694762717","signType":"MD5","timeStamp":"1444193230","paySign":"6479F9932041E43ED5B72C6712033AAF"}
[2015-10-07 06:47:12][debug] updateOrder_transaction_id->
[2015-10-07 06:47:36][debug] forword：0
[2015-10-07 06:47:47][debug] forword：0
[2015-10-07 06:48:05][debug] forword：0
[2015-10-07 06:48:05][debug] forword1111：0
[2015-10-07 06:48:05][debug] forword：index.php?id=0&userfrom=oXU1ruHYguoQ04hk3ywf8bnaYwLQ&param=xxx
[2015-10-07 06:48:05][debug] forword：0
[2015-10-07 06:53:27][debug] forword：0
[2015-10-07 06:53:31][debug] --------------------------------------------------------------------
[2015-10-07 06:53:31][debug] 授权成功！
[2015-10-07 06:53:31][debug] 微信用户信息：{"openid":"oXU1ruCkFo-InZAA-tc-L513PUoQ","nickname":"A0000 大森缝纫设备--小彭","sex":1,"language":"zh_CN","city":"台州","province":"浙江","country":"中国","headimgurl":"http:\/\/wx.qlogo.cn\/mmopen\/3hsWdj2E9tukSnFcoI659yfjJ6y94oNlTicQMNVxrktWl8o7pH4Qq0zTTPBqBWzKQLAZaHp19NpfHicvuqib1GtzQ7Fz5Q1z0jt\/0","privilege":[]}
[2015-10-07 06:53:31][debug] --------------------------------------------------------------------
[2015-10-07 06:53:31][debug] forword：0
[2015-10-07 06:55:30][debug] forword：0
[2015-10-07 06:55:30][debug] forword：0
[2015-10-07 07:28:48][debug] forword：0
[2015-10-07 07:28:48][debug] forword：0
[2015-10-07 07:28:48][debug] forword：0
[2015-10-07 07:28:57][debug] --------------------------------------------------------------------
[2015-10-07 07:28:57][debug] 授权成功！
[2015-10-07 07:28:57][debug] 微信用户信息：{"openid":"oXU1ruK42fws5b4YZnEATBNyzRdI","nickname":"燕子","sex":2,"language":"zh_CN","city":"新乡","province":"河南","country":"中国","headimgurl":"http:\/\/wx.qlogo.cn\/mmopen\/McYMgia19V0VHxjnuPh5w6IlSG9FmvmtKFqxLGXyGIgYp7ovia4lPNnrdwSDicUq7tNadaxhicpwjU0M3hqJ8Ooicrzic9rKibIusxK\/0","privilege":[]}
[2015-10-07 07:28:57][debug] --------------------------------------------------------------------
[2015-10-07 07:28:57][debug] forword：0
[2015-10-07 07:28:57][debug] forword：0
[2015-10-07 07:29:03][debug] forword：0
[2015-10-07 07:29:03][debug] forword：0
[2015-10-07 07:29:14][debug] forword：0
[2015-10-07 07:29:14][debug] forword：0
[2015-10-07 07:38:21][debug] forword：0
[2015-10-07 07:42:13][debug] forword：0
[2015-10-07 07:51:57][debug] forword：0
[2015-10-07 07:58:44][debug] forword：0
[2015-10-07 07:58:45][debug] forword：0
[2015-10-07 07:58:46][debug] forword：0
[2015-10-07 07:58:49][debug] --------------------------------------------------------------------
[2015-10-07 07:58:49][debug] 授权成功！
[2015-10-07 07:58:49][debug] 微信用户信息：{"errcode":40001,"errmsg":"req id: CnbIMa0529ns28, invalid credential, access_token is invalid or not latest"}
[2015-10-07 07:58:49][debug] --------------------------------------------------------------------
[2015-10-07 07:58:49][debug] --------------------------------------------------------------------
[2015-10-07 07:58:49][debug] 授权成功！
[2015-10-07 07:58:49][debug] 微信用户信息：{"openid":"oXU1ruHTFk6S05OYJG_uWEvxrC5w","nickname":"唐山京城皮肤病医院董春苍","sex":1,"language":"zh_CN","city":"唐山","province":"河北","country":"中国","headimgurl":"http:\/\/wx.qlogo.cn\/mmopen\/tNvDKLVOkzfPyHuveyuzBejrDtVRBHiabMMx3TiaQnmsVeJLGT0CAo1W9DpBELWhk4Xtib0B1xuicC18Vt6uvopqWh4Y81Oiaot64\/0","privilege":[]}
[2015-10-07 07:58:49][debug] --------------------------------------------------------------------
[2015-10-07 07:58:49][debug] forword：0
[2015-10-07 07:58:49][debug] forword：0
[2015-10-07 07:58:50][debug] forword：0
[2015-10-07 07:59:11][debug] forword：0
[2015-10-07 08:06:57][debug] forword：0
[2015-10-07 08:07:04][debug] --------------------------------------------------------------------
[2015-10-07 08:07:04][debug] 授权成功！
[2015-10-07 08:07:04][debug] 微信用户信息：{"openid":"oXU1ruC8yGUqWtSgQQeGg7v3dNz4","nickname":" 隔壁老王","sex":1,"language":"zh_CN","city":"保定","province":"河北","country":"中国","headimgurl":"http:\/\/wx.qlogo.cn\/mmopen\/ajNVdqHZLLAreZlnBEXSIiaaBPtP7rYkIVyPahwbrYIwFZjibP93Z443XMl4ylojjH1mtNQxMLicbRbODdXrkVmBQ\/0","privilege":[]}
[2015-10-07 08:07:04][debug] --------------------------------------------------------------------
[2015-10-07 08:07:04][debug] forword：0
[2015-10-07 08:45:08][debug] forword：0
[2015-10-07 08:45:14][debug] --------------------------------------------------------------------
[2015-10-07 08:45:14][debug] 授权成功！
[2015-10-07 08:45:14][debug] 微信用户信息：{"openid":"oXU1ruJrMWMPfavQNFc1DKUcpbCM","nickname":"茱","sex":2,"language":"zh_CN","city":"","province":"重庆","country":"中国","headimgurl":"http:\/\/wx.qlogo.cn\/mmopen\/4tpkVGWUO5YAc7V2a8zWjibEicpmImGPuzbFHEbZmIpic8mdBN4xWGV2ejVmPs0qCjh8oo2eicbwWMtyaSKhRpOqwOibNmeARJZ5L\/0","privilege":[]}
[2015-10-07 08:45:14][debug] --------------------------------------------------------------------
[2015-10-07 08:45:14][debug] forword：0
[2015-10-07 08:46:05][debug] forword：0
[2015-10-07 08:46:06][debug] forword：0
[2015-10-07 08:46:37][debug] forword：0
[2015-10-07 08:46:44][debug] forword：0
[2015-10-07 08:46:48][debug] forword：0
[2015-10-07 08:46:49][debug] forword：0
[2015-10-07 08:46:52][debug] forword：0
[2015-10-07 08:46:56][debug] forword：0
[2015-10-07 08:46:56][debug] forword：0
[2015-10-07 08:47:00][debug] forword：0
[2015-10-07 08:47:05][debug] forword：0
[2015-10-07 08:47:14][debug] forword：0
[2015-10-07 08:47:18][debug] forword：0
[2015-10-07 08:47:18][debug] forword：0
[2015-10-07 08:47:22][debug] forword：0
[2015-10-07 08:47:22][debug] forword：0
[2015-10-07 08:47:27][debug] forword：0
[2015-10-07 08:47:34][debug] forword：0
[2015-10-07 08:47:34][debug] forword：0
[2015-10-07 08:59:42][debug] forword：0
[2015-10-07 09:00:00][debug] forword：0
[2015-10-07 09:00:20][debug] forword：0
[2015-10-07 09:00:22][debug] forword：0
[2015-10-07 09:00:58][debug] forword：0
[2015-10-07 09:01:09][debug] --------------------------------------------------------------------
[2015-10-07 09:01:09][debug] 授权成功！
[2015-10-07 09:01:09][debug] 微信用户信息：{"openid":"oXU1ruNYgbMBKQY10U0BPrKpibyk","nickname":"汕头忠诚针车行","sex":1,"language":"zh_CN","city":"汕头","province":"广东","country":"中国","headimgurl":"http:\/\/wx.qlogo.cn\/mmopen\/Q3auHgzwzM79EH76Wwo2siaSRmmlsqSM4fnyfLlf8lyrhDffRxiaS5OvWKKIbdgMJ14LUZVeygTaJeQ6vscsyfynH2hEhHmHlib5rrjmbBH0ho\/0","privilege":[]}
[2015-10-07 09:01:09][debug] --------------------------------------------------------------------
[2015-10-07 09:01:32][debug] --------------------------------------------------------------------
[2015-10-07 09:01:32][debug] 授权成功！
[2015-10-07 09:01:32][debug] 微信用户信息：
[2015-10-07 09:01:32][debug] --------------------------------------------------------------------
[2015-10-07 10:06:25][debug] forword：0
[2015-10-07 10:06:25][debug] forword：0
[2015-10-07 10:06:30][debug] --------------------------------------------------------------------
[2015-10-07 10:06:30][debug] 授权成功！
[2015-10-07 10:06:30][debug] 微信用户信息：{"openid":"oXU1ruI3_RiIQrje8EoB-YG-0-YE","nickname":"biaoge","sex":1,"language":"zh_CN","city":"台州","province":"浙江","country":"中国","headimgurl":"http:\/\/wx.qlogo.cn\/mmopen\/3hsWdj2E9tukSnFcoI65943tJkQZ2IK6y7szlgFgfFtSertdlZHKAb0KUUPiaF2ibWKUuO0aIm5mnhVe0KsI8fPC2PIHnmfLiaH\/0","privilege":[]}
[2015-10-07 10:06:30][debug] --------------------------------------------------------------------
[2015-10-07 10:06:31][debug] forword：0
[2015-10-07 10:06:31][debug] forword：0
[2015-10-07 10:06:45][debug] finalprice->84550
[2015-10-07 10:06:45][debug] 35->35
[2015-10-07 10:06:45][debug] joinid1->1
[2015-10-07 10:06:48][debug] forword：0
[2015-10-07 10:07:14][debug] forword：0
[2015-10-07 10:11:40][debug] forword：0
[2015-10-07 10:11:50][debug] forword：0
[2015-10-07 10:12:04][debug] forword：0
[2015-10-07 10:17:42][debug] forword：0
[2015-10-07 10:17:48][debug] --------------------------------------------------------------------
[2015-10-07 10:17:48][debug] 授权成功！
[2015-10-07 10:17:48][debug] 微信用户信息：{"openid":"oXU1ruEQ67DrzX2r8LeQ78Y9l2vs","nickname":"朱","sex":1,"language":"zh_CN","city":"深圳","province":"广东","country":"中国","headimgurl":"http:\/\/wx.qlogo.cn\/mmopen\/BcQRZIbPSiamBwEJ56bDbt30HhbIt3moDtSkIvicdWSDt56dne5ayXNKibpp9OTW2Dh0Qfrzow1FA8Hicyn3kx8laddEcZ1SduBq\/0","privilege":[]}
[2015-10-07 10:17:48][debug] --------------------------------------------------------------------
[2015-10-07 10:17:49][debug] forword：0
[2015-10-07 10:18:10][debug] forword：0
[2015-10-07 10:18:27][debug] finalprice->84500
[2015-10-07 10:18:27][debug] 35->35
[2015-10-07 10:18:27][debug] joinid1->1
[2015-10-07 10:18:30][debug] forword：0
[2015-10-07 10:18:53][debug] forword：0
[2015-10-07 10:18:54][debug] forword：0
[2015-10-07 10:18:59][debug] forword：0
[2015-10-07 10:19:08][debug] --------------------------------------------------------------------
[2015-10-07 10:19:08][debug] 授权成功！
[2015-10-07 10:19:08][debug] 微信用户信息：{"openid":"oXU1ruEQ67DrzX2r8LeQ78Y9l2vs","nickname":"朱","sex":1,"language":"zh_CN","city":"深圳","province":"广东","country":"中国","headimgurl":"http:\/\/wx.qlogo.cn\/mmopen\/BcQRZIbPSiamBwEJ56bDbt30HhbIt3moDtSkIvicdWSDt56dne5ayXNKibpp9OTW2Dh0Qfrzow1FA8Hicyn3kx8laddEcZ1SduBq\/0","privilege":[]}
[2015-10-07 10:19:08][debug] --------------------------------------------------------------------
[2015-10-07 10:19:41][debug] forword：0
[2015-10-07 10:19:41][debug] forword：0
[2015-10-07 10:19:50][debug] forword：0
[2015-10-07 10:25:57][debug] forword：0
[2015-10-07 10:26:06][debug] --------------------------------------------------------------------
[2015-10-07 10:26:06][debug] 授权成功！
[2015-10-07 10:26:06][debug] 微信用户信息：{"openid":"oXU1ruCnX3935NsJXm17b846QBuo","nickname":"田洪涛","sex":1,"language":"zh_CN","city":"唐山","province":"河北","country":"中国","headimgurl":"http:\/\/wx.qlogo.cn\/mmopen\/4tpkVGWUO5bpQFN2Bw5WybaZNbGtGjWQWKVhyTxvfwrKXqguHRibXdiaHHSMN1icegq6ia0aibDRW7ia7l4MSg1zFUFJCJRNlCMo2z\/0","privilege":[]}
[2015-10-07 10:26:06][debug] --------------------------------------------------------------------
[2015-10-07 10:26:07][debug] forword：0
[2015-10-07 10:26:45][debug] forword：0
[2015-10-07 10:28:56][debug] forword：2
[2015-10-07 10:28:56][debug] forword1111：2
[2015-10-07 10:28:57][debug] bargain_id----->2
[2015-10-07 10:29:17][debug] forword：2
[2015-10-07 10:29:17][debug] forword1111：2
[2015-10-07 10:29:18][debug] bargain_id----->2
[2015-10-07 10:33:08][debug] forword：0
[2015-10-07 10:40:49][debug] forword：0
[2015-10-07 10:41:02][debug] --------------------------------------------------------------------
[2015-10-07 10:41:02][debug] 授权成功！
[2015-10-07 10:41:02][debug] 微信用户信息：{"openid":"oXU1ruJai8EvUUv_KwvoeSsyqpD8","nickname":"缝纫设备","sex":1,"language":"zh_CN","city":"厦门","province":"福建","country":"中国","headimgurl":"http:\/\/wx.qlogo.cn\/mmopen\/BcQRZIbPSiamFjMicGH9LkqdpYkn8z6fiauyqrmxugQe1AhUxia1N2f0PkonbaVH9hsH5PFGKddqicKEcuBTicoBIZN6PFBcia1eX4j\/0","privilege":[]}
[2015-10-07 10:41:02][debug] --------------------------------------------------------------------
[2015-10-07 10:41:02][debug] forword：0
[2015-10-07 10:41:12][debug] --------------------------------------------------------------------
[2015-10-07 10:41:12][debug] 授权成功！
[2015-10-07 10:41:12][debug] 微信用户信息：{"openid":"oXU1ruJai8EvUUv_KwvoeSsyqpD8","nickname":"缝纫设备","sex":1,"language":"zh_CN","city":"厦门","province":"福建","country":"中国","headimgurl":"http:\/\/wx.qlogo.cn\/mmopen\/BcQRZIbPSiamFjMicGH9LkqdpYkn8z6fiauyqrmxugQe1AhUxia1N2f0PkonbaVH9hsH5PFGKddqicKEcuBTicoBIZN6PFBcia1eX4j\/0","privilege":[]}
[2015-10-07 10:41:12][debug] --------------------------------------------------------------------
[2015-10-07 10:41:15][debug] forword：0
[2015-10-07 10:51:05][debug] forword：0
[2015-10-07 10:52:33][debug] forword：0
[2015-10-07 12:23:02][debug] forword：0
[2015-10-07 12:23:09][debug] --------------------------------------------------------------------
[2015-10-07 12:23:09][debug] 授权成功！
[2015-10-07 12:23:09][debug] 微信用户信息：{"openid":"oXU1ruCMnpl5f_K_9zQSvl7Mirco","nickname":"单刀赴会","sex":2,"language":"zh_CN","city":"唐山","province":"河北","country":"中国","headimgurl":"http:\/\/wx.qlogo.cn\/mmopen\/4tpkVGWUO5bbpiaibDc0T21j6fYpD881Arje0hsGuFwuJ7ECQAD3SW0Kyiau5n9lWGPhunCAvxoMGnO2E1GvGOPaoibG5GPzohVO\/0","privilege":[]}
[2015-10-07 12:23:09][debug] --------------------------------------------------------------------
[2015-10-07 12:23:09][debug] forword：0
[2015-10-07 12:24:20][debug] forword：0
[2015-10-07 12:24:20][debug] forword：0
[2015-10-07 12:24:32][debug] forword：0
[2015-10-07 12:24:33][debug] forword：0
[2015-10-07 12:25:07][debug] --------------------------------------------------------------------
[2015-10-07 12:25:07][debug] 授权成功！
[2015-10-07 12:25:07][debug] 微信用户信息：{"openid":"oXU1ruCMnpl5f_K_9zQSvl7Mirco","nickname":"单刀赴会","sex":2,"language":"zh_CN","city":"唐山","province":"河北","country":"中国","headimgurl":"http:\/\/wx.qlogo.cn\/mmopen\/4tpkVGWUO5bbpiaibDc0T21j6fYpD881Arje0hsGuFwuJ7ECQAD3SW0Kyiau5n9lWGPhunCAvxoMGnO2E1GvGOPaoibG5GPzohVO\/0","privilege":[]}
[2015-10-07 12:25:07][debug] --------------------------------------------------------------------
[2015-10-07 12:25:08][debug] forword：0
[2015-10-07 12:26:51][debug] forword：0
[2015-10-07 12:27:09][debug] --------------------------------------------------------------------
[2015-10-07 12:27:09][debug] 授权成功！
[2015-10-07 12:27:09][debug] 微信用户信息：{"openid":"oXU1ruEQdoX0n5ZLAHbo3xFsmVUw","nickname":"燕子","sex":2,"language":"zh_CN","city":"蓟县","province":"天津","country":"中国","headimgurl":"http:\/\/wx.qlogo.cn\/mmopen\/3hsWdj2E9tvy07ic2kibzx6iblKFJelmlmnnclergggzm7gQOkdczh76uYYFicdTt1ib7Jib1lEWvBxqicpySqeibIEfJzDQEo9Kfs7B\/0","privilege":[]}
[2015-10-07 12:27:09][debug] --------------------------------------------------------------------
[2015-10-07 12:27:10][debug] forword：0
[2015-10-07 12:40:14][debug] forword：0
[2015-10-07 13:02:44][debug] forword：0
[2015-10-07 13:08:34][debug] forword：0
[2015-10-07 13:08:42][debug] --------------------------------------------------------------------
[2015-10-07 13:08:42][debug] 授权成功！
[2015-10-07 13:08:42][debug] 微信用户信息：{"openid":"oXU1ruPFEoiSGdGXGmCEgts39u3A","nickname":"鑫磊","sex":1,"language":"zh_CN","city":"唐山","province":"河北","country":"中国","headimgurl":"http:\/\/wx.qlogo.cn\/mmopen\/McYMgia19V0VHxjnuPh5w6IoPj6Fz5bCI2Q97fLVYnronL8gy9s64ia0txt7I951t47T7V2f0MtcyJvjW946MNosibQEWCmqazH\/0","privilege":[]}
[2015-10-07 13:08:42][debug] --------------------------------------------------------------------
[2015-10-07 13:08:42][debug] forword：0
[2015-10-07 13:08:42][debug] forword：0
[2015-10-07 13:09:03][debug] forword：0
[2015-10-07 13:09:14][debug] forword：0
[2015-10-07 13:09:14][debug] forword：0
[2015-10-07 13:09:47][debug] forword：0
[2015-10-07 13:10:02][debug] forword：0
[2015-10-07 13:10:03][debug] bargain_id----->0
[2015-10-07 13:56:01][debug] forword：0
[2015-10-07 13:56:04][debug] forword：0
[2015-10-07 13:56:04][debug] forword：0
[2015-10-07 13:56:05][debug] forword：0
[2015-10-07 13:56:07][debug] forword：0
[2015-10-07 14:19:31][debug] forword：0
[2015-10-07 14:19:32][debug] forword：0
[2015-10-07 16:03:41][debug] forword：0
[2015-10-07 16:03:41][debug] forword：0
[2015-10-07 16:13:14][debug] forword：0
[2015-10-07 16:13:15][debug] forword：0
[2015-10-07 16:56:21][debug] forword：0
[2015-10-07 16:56:29][debug] --------------------------------------------------------------------
[2015-10-07 16:56:29][debug] 授权成功！
[2015-10-07 16:56:29][debug] 微信用户信息：{"openid":"oXU1ruLTQRbTjRHEUtbma5N-j2P0","nickname":"冇妳的快乐℡","sex":2,"language":"zh_CN","city":"宝坻","province":"天津","country":"中国","headimgurl":"http:\/\/wx.qlogo.cn\/mmopen\/BcQRZIbPSiamFjMicGH9LkqVUAzKa0bibdSfavsiaJraRExrQiaExtvpwQRwsqmkYvRyEBZjecsicUoqm02JXEHHdd0EL3TmF42Liby\/0","privilege":[]}
[2015-10-07 16:56:29][debug] --------------------------------------------------------------------
[2015-10-07 16:56:29][debug] forword：0
[2015-10-07 17:05:18][debug] forword：0
[2015-10-07 17:05:18][debug] forword：0
[2015-10-07 17:05:24][debug] --------------------------------------------------------------------
[2015-10-07 17:05:24][debug] 授权成功！
[2015-10-07 17:05:24][debug] 微信用户信息：{"openid":"oXU1ruGarL4Qj8ckmCrTIPXVaapU","nickname":"落花的声音","sex":2,"language":"zh_CN","city":"","province":"","country":"中国","headimgurl":"http:\/\/wx.qlogo.cn\/mmopen\/4tpkVGWUO5YhjO4dC797ZHR3Csq1ZmS7YKGmlkqMgmT7uhIWQqOGzoKBSNSa5fB63d68RlnTVueq2H1mSrSh02IyWwQTutCu\/0","privilege":[]}
[2015-10-07 17:05:24][debug] --------------------------------------------------------------------
[2015-10-07 17:05:24][debug] forword：0
[2015-10-07 17:50:18][debug] forword：0
[2015-10-07 17:50:18][debug] forword：0
[2015-10-07 17:50:18][debug] forword：0
[2015-10-07 18:03:18][debug] forword：0
[2015-10-07 18:54:47][debug] forword：0
[2015-10-07 18:54:47][debug] forword：0
[2015-10-07 18:54:55][debug] --------------------------------------------------------------------
[2015-10-07 18:54:55][debug] 授权成功！
[2015-10-07 18:54:55][debug] 微信用户信息：{"openid":"oXU1ruAo8OgPWDvLJl2UiDfdma2g","nickname":"A+Sunny童装","sex":2,"language":"zh_CN","city":"","province":"","country":"中国","headimgurl":"http:\/\/wx.qlogo.cn\/mmopen\/BcQRZIbPSiamFjMicGH9Lkqd9HWDeJx46QJADicYYoMuYUHOgjILRMy3DNxwCAb1m2p4IQPSp9icQ2QWZeN25eI5B8DALMlwagAl\/0","privilege":[]}
[2015-10-07 18:54:55][debug] --------------------------------------------------------------------
[2015-10-07 18:54:56][debug] forword：0
[2015-10-07 18:56:04][debug] forword：2
[2015-10-07 18:56:04][debug] forword：2
[2015-10-07 18:56:04][debug] forword1111：2
[2015-10-07 18:56:04][debug] bargain_id----->2
[2015-10-07 18:56:04][debug] bargain_id----->
[2015-10-07 19:09:30][debug] forword：2
[2015-10-07 20:32:30][debug] forword：0
[2015-10-07 20:32:30][debug] forword：0
[2015-10-07 20:32:31][debug] forword：0
[2015-10-07 21:39:56][debug] forword：0
