[2015-10-31 04:25:42][debug] bargain_id----->
[2015-10-31 04:25:43][debug] bargain_id----->
[2015-10-31 04:25:43][debug] bargain_id----->
[2015-10-31 04:25:43][debug] bargain_id----->
[2015-10-31 04:25:43][debug] bargain_id----->
[2015-10-31 04:25:43][debug] bargain_id----->
[2015-10-31 04:25:44][debug] bargain_id----->
[2015-10-31 04:25:44][debug] bargain_id----->
[2015-10-31 04:25:45][debug] bargain_id----->
[2015-10-31 04:25:45][debug] bargain_id----->
[2015-10-31 04:25:45][debug] bargain_id----->
[2015-10-31 04:25:46][debug] bargain_id----->
[2015-10-31 04:25:46][debug] bargain_id----->
[2015-10-31 04:25:47][debug] bargain_id----->
[2015-10-31 04:25:47][debug] bargain_id----->
[2015-10-31 04:25:47][debug] bargain_id----->
[2015-10-31 04:25:48][debug] bargain_id----->
[2015-10-31 04:25:48][debug] bargain_id----->
[2015-10-31 04:25:48][debug] bargain_id----->
[2015-10-31 04:25:49][debug] bargain_id----->
[2015-10-31 04:25:49][debug] bargain_id----->
[2015-10-31 04:25:50][debug] bargain_id----->
[2015-10-31 04:25:50][debug] bargain_id----->
[2015-10-31 04:25:50][debug] bargain_id----->
[2015-10-31 04:25:51][debug] bargain_id----->
[2015-10-31 04:25:51][debug] bargain_id----->
[2015-10-31 04:25:51][debug] bargain_id----->
[2015-10-31 04:25:52][debug] bargain_id----->
[2015-10-31 04:25:52][debug] bargain_id----->
[2015-10-31 04:25:52][debug] bargain_id----->
[2015-10-31 04:25:53][debug] bargain_id----->
[2015-10-31 04:25:53][debug] bargain_id----->
[2015-10-31 04:25:53][debug] bargain_id----->
[2015-10-31 04:25:54][debug] bargain_id----->
[2015-10-31 04:25:54][debug] bargain_id----->
[2015-10-31 04:25:55][debug] bargain_id----->
[2015-10-31 04:25:55][debug] bargain_id----->
[2015-10-31 04:25:55][debug] bargain_id----->
[2015-10-31 04:25:55][debug] bargain_id----->
[2015-10-31 04:25:56][debug] bargain_id----->
[2015-10-31 04:25:56][debug] bargain_id----->
[2015-10-31 04:25:56][debug] bargain_id----->
[2015-10-31 04:25:57][debug] bargain_id----->
[2015-10-31 04:25:57][debug] bargain_id----->
[2015-10-31 04:25:58][debug] bargain_id----->
[2015-10-31 04:25:58][debug] bargain_id----->
[2015-10-31 04:25:58][debug] bargain_id----->
[2015-10-31 04:25:59][debug] bargain_id----->
[2015-10-31 04:25:59][debug] bargain_id----->
[2015-10-31 04:25:59][debug] bargain_id----->
[2015-10-31 04:26:00][debug] bargain_id----->
[2015-10-31 04:26:00][debug] bargain_id----->
[2015-10-31 04:26:01][debug] bargain_id----->
[2015-10-31 04:26:01][debug] bargain_id----->
[2015-10-31 04:26:01][debug] bargain_id----->
[2015-10-31 04:26:02][debug] bargain_id----->
[2015-10-31 04:26:02][debug] bargain_id----->
[2015-10-31 04:26:02][debug] bargain_id----->
[2015-10-31 04:26:03][debug] bargain_id----->
[2015-10-31 04:26:03][debug] bargain_id----->
[2015-10-31 04:26:04][debug] bargain_id----->
[2015-10-31 04:26:04][debug] bargain_id----->
[2015-10-31 04:26:04][debug] bargain_id----->
[2015-10-31 04:26:05][debug] bargain_id----->
[2015-10-31 04:26:05][debug] bargain_id----->
[2015-10-31 04:26:06][debug] bargain_id----->
[2015-10-31 04:26:06][debug] bargain_id----->
[2015-10-31 04:26:06][debug] bargain_id----->
[2015-10-31 04:26:07][debug] bargain_id----->
[2015-10-31 04:26:07][debug] bargain_id----->
[2015-10-31 04:26:07][debug] bargain_id----->
[2015-10-31 04:26:08][debug] bargain_id----->
[2015-10-31 04:26:08][debug] bargain_id----->
[2015-10-31 04:26:09][debug] bargain_id----->
[2015-10-31 04:26:09][debug] bargain_id----->
[2015-10-31 04:26:09][debug] bargain_id----->
[2015-10-31 04:26:10][debug] bargain_id----->
[2015-10-31 04:26:10][debug] bargain_id----->
[2015-10-31 04:26:10][debug] bargain_id----->
[2015-10-31 04:26:11][debug] bargain_id----->
[2015-10-31 04:26:11][debug] bargain_id----->
[2015-10-31 04:26:12][debug] bargain_id----->
[2015-10-31 04:26:12][debug] bargain_id----->
[2015-10-31 04:26:12][debug] bargain_id----->
[2015-10-31 04:26:13][debug] bargain_id----->
[2015-10-31 04:26:13][debug] bargain_id----->
[2015-10-31 04:26:13][debug] bargain_id----->
[2015-10-31 04:26:14][debug] bargain_id----->
[2015-10-31 04:26:14][debug] bargain_id----->
[2015-10-31 04:26:15][debug] bargain_id----->
[2015-10-31 04:26:15][debug] bargain_id----->
[2015-10-31 04:26:15][debug] bargain_id----->
[2015-10-31 04:26:16][debug] bargain_id----->
[2015-10-31 04:26:16][debug] bargain_id----->
[2015-10-31 04:26:17][debug] bargain_id----->
[2015-10-31 04:26:17][debug] bargain_id----->
[2015-10-31 04:26:17][debug] bargain_id----->
[2015-10-31 04:26:18][debug] bargain_id----->
[2015-10-31 04:26:18][debug] bargain_id----->
[2015-10-31 04:26:18][debug] bargain_id----->
[2015-10-31 04:26:19][debug] bargain_id----->
[2015-10-31 04:26:19][debug] bargain_id----->
[2015-10-31 04:26:20][debug] bargain_id----->
[2015-10-31 04:26:20][debug] bargain_id----->
[2015-10-31 04:26:20][debug] bargain_id----->
[2015-10-31 04:26:21][debug] bargain_id----->
[2015-10-31 04:26:21][debug] bargain_id----->
[2015-10-31 04:26:22][debug] bargain_id----->
[2015-10-31 04:26:22][debug] bargain_id----->
[2015-10-31 04:26:22][debug] bargain_id----->
[2015-10-31 04:26:23][debug] bargain_id----->
[2015-10-31 04:26:23][debug] bargain_id----->
[2015-10-31 04:26:24][debug] bargain_id----->
[2015-10-31 04:26:24][debug] bargain_id----->
[2015-10-31 04:26:24][debug] bargain_id----->
[2015-10-31 04:26:25][debug] bargain_id----->
[2015-10-31 04:26:25][debug] bargain_id----->
[2015-10-31 04:26:25][debug] bargain_id----->
[2015-10-31 04:26:26][debug] bargain_id----->
[2015-10-31 04:26:26][debug] bargain_id----->
[2015-10-31 04:26:27][debug] bargain_id----->
[2015-10-31 04:26:27][debug] bargain_id----->
[2015-10-31 04:26:27][debug] bargain_id----->
[2015-10-31 04:26:28][debug] bargain_id----->
[2015-10-31 04:26:28][debug] bargain_id----->
[2015-10-31 04:26:28][debug] forword：
[2015-10-31 04:26:29][debug] bargain_id----->
[2015-10-31 04:26:29][debug] bargain_id----->
[2015-10-31 04:26:29][debug] bargain_id----->
[2015-10-31 04:26:30][debug] bargain_id----->
[2015-10-31 04:26:30][debug] bargain_id----->
[2015-10-31 04:26:30][debug] bargain_id----->
[2015-10-31 04:26:31][debug] bargain_id----->
[2015-10-31 04:26:31][debug] bargain_id----->
[2015-10-31 04:26:32][debug] bargain_id----->
[2015-10-31 04:26:32][debug] bargain_id----->
[2015-10-31 04:26:32][debug] bargain_id----->
[2015-10-31 04:26:33][debug] bargain_id----->
[2015-10-31 04:26:33][debug] bargain_id----->
[2015-10-31 04:26:34][debug] bargain_id----->
[2015-10-31 04:26:34][debug] bargain_id----->
[2015-10-31 04:26:34][debug] bargain_id----->
[2015-10-31 04:26:35][debug] bargain_id----->
[2015-10-31 04:26:35][debug] bargain_id----->
[2015-10-31 04:26:36][debug] bargain_id----->
[2015-10-31 04:26:36][debug] bargain_id----->
[2015-10-31 04:26:36][debug] bargain_id----->
[2015-10-31 04:26:37][debug] bargain_id----->
[2015-10-31 04:26:37][debug] bargain_id----->
[2015-10-31 04:26:37][debug] bargain_id----->
[2015-10-31 04:26:38][debug] bargain_id----->
[2015-10-31 04:26:38][debug] bargain_id----->
[2015-10-31 04:26:39][debug] bargain_id----->
[2015-10-31 04:26:39][debug] bargain_id----->
[2015-10-31 04:26:39][debug] bargain_id----->
[2015-10-31 04:26:40][debug] bargain_id----->
[2015-10-31 04:26:40][debug] bargain_id----->
[2015-10-31 04:26:41][debug] bargain_id----->
[2015-10-31 04:26:41][debug] bargain_id----->
[2015-10-31 04:26:41][debug] bargain_id----->
[2015-10-31 04:26:42][debug] bargain_id----->
[2015-10-31 04:26:42][debug] bargain_id----->
[2015-10-31 04:26:42][debug] bargain_id----->
[2015-10-31 04:26:43][debug] bargain_id----->
[2015-10-31 04:26:43][debug] bargain_id----->
[2015-10-31 04:26:44][debug] bargain_id----->
[2015-10-31 04:26:44][debug] bargain_id----->
[2015-10-31 04:26:44][debug] bargain_id----->
[2015-10-31 04:26:45][debug] bargain_id----->
[2015-10-31 04:26:45][debug] bargain_id----->
[2015-10-31 04:26:45][debug] bargain_id----->
[2015-10-31 04:26:46][debug] bargain_id----->
[2015-10-31 04:26:46][debug] bargain_id----->
[2015-10-31 04:26:46][debug] bargain_id----->
[2015-10-31 04:26:47][debug] bargain_id----->
[2015-10-31 04:26:47][debug] bargain_id----->
[2015-10-31 04:26:47][debug] bargain_id----->
[2015-10-31 04:26:48][debug] bargain_id----->
[2015-10-31 04:26:48][debug] bargain_id----->
[2015-10-31 04:26:49][debug] bargain_id----->
[2015-10-31 04:26:49][debug] bargain_id----->
[2015-10-31 04:26:49][debug] bargain_id----->
[2015-10-31 04:26:50][debug] bargain_id----->
[2015-10-31 04:26:50][debug] bargain_id----->
[2015-10-31 04:26:50][debug] bargain_id----->
[2015-10-31 04:26:51][debug] bargain_id----->
[2015-10-31 04:26:51][debug] bargain_id----->
[2015-10-31 04:26:52][debug] bargain_id----->
[2015-10-31 04:26:52][debug] bargain_id----->
[2015-10-31 04:26:52][debug] bargain_id----->
[2015-10-31 04:26:53][debug] bargain_id----->
[2015-10-31 04:26:53][debug] bargain_id----->
[2015-10-31 04:26:54][debug] bargain_id----->
[2015-10-31 04:26:54][debug] bargain_id----->
[2015-10-31 04:26:54][debug] bargain_id----->
[2015-10-31 04:26:55][debug] bargain_id----->
[2015-10-31 04:26:55][debug] bargain_id----->
[2015-10-31 04:26:55][debug] bargain_id----->
[2015-10-31 04:26:56][debug] bargain_id----->
[2015-10-31 04:26:56][debug] bargain_id----->
[2015-10-31 04:26:56][debug] bargain_id----->
[2015-10-31 04:26:57][debug] bargain_id----->
[2015-10-31 04:26:57][debug] bargain_id----->
[2015-10-31 04:26:57][debug] bargain_id----->
[2015-10-31 04:26:58][debug] bargain_id----->
[2015-10-31 04:26:58][debug] bargain_id----->
[2015-10-31 04:26:58][debug] bargain_id----->
[2015-10-31 04:26:59][debug] bargain_id----->
[2015-10-31 04:26:59][debug] bargain_id----->
[2015-10-31 04:27:00][debug] bargain_id----->
[2015-10-31 04:27:00][debug] bargain_id----->
[2015-10-31 04:27:00][debug] bargain_id----->
[2015-10-31 04:27:01][debug] bargain_id----->
[2015-10-31 04:27:01][debug] bargain_id----->
[2015-10-31 04:27:02][debug] bargain_id----->
[2015-10-31 04:27:02][debug] bargain_id----->
[2015-10-31 04:27:02][debug] bargain_id----->
[2015-10-31 04:27:03][debug] bargain_id----->
[2015-10-31 04:27:03][debug] bargain_id----->
[2015-10-31 04:27:03][debug] bargain_id----->
[2015-10-31 04:27:04][debug] bargain_id----->
[2015-10-31 04:27:04][debug] bargain_id----->
[2015-10-31 04:27:04][debug] bargain_id----->
[2015-10-31 04:27:05][debug] bargain_id----->
[2015-10-31 04:27:05][debug] bargain_id----->
[2015-10-31 04:27:05][debug] bargain_id----->
[2015-10-31 04:27:05][debug] forword：
[2015-10-31 04:27:06][debug] bargain_id----->
[2015-10-31 04:27:06][debug] bargain_id----->
[2015-10-31 04:27:07][debug] bargain_id----->
[2015-10-31 04:27:07][debug] bargain_id----->
[2015-10-31 04:27:07][debug] bargain_id----->
[2015-10-31 04:27:08][debug] bargain_id----->
[2015-10-31 04:27:08][debug] bargain_id----->
[2015-10-31 04:27:08][debug] bargain_id----->
[2015-10-31 04:27:09][debug] bargain_id----->
[2015-10-31 04:27:09][debug] bargain_id----->
[2015-10-31 04:27:10][debug] bargain_id----->
[2015-10-31 04:27:10][debug] bargain_id----->
[2015-10-31 04:27:10][debug] bargain_id----->
[2015-10-31 04:27:11][debug] bargain_id----->
[2015-10-31 04:27:11][debug] bargain_id----->
[2015-10-31 04:27:11][debug] bargain_id----->
[2015-10-31 04:27:12][debug] bargain_id----->
[2015-10-31 04:27:12][debug] bargain_id----->
[2015-10-31 04:27:13][debug] bargain_id----->
[2015-10-31 04:27:13][debug] bargain_id----->
[2015-10-31 04:27:13][debug] bargain_id----->
[2015-10-31 04:27:14][debug] bargain_id----->
[2015-10-31 04:27:14][debug] bargain_id----->
[2015-10-31 04:27:14][debug] bargain_id----->
[2015-10-31 04:27:15][debug] bargain_id----->
[2015-10-31 04:27:15][debug] bargain_id----->
[2015-10-31 04:27:16][debug] bargain_id----->
[2015-10-31 04:27:16][debug] bargain_id----->
[2015-10-31 04:27:16][debug] bargain_id----->
[2015-10-31 04:27:17][debug] bargain_id----->
[2015-10-31 04:27:17][debug] bargain_id----->
[2015-10-31 04:27:18][debug] bargain_id----->
[2015-10-31 04:27:18][debug] bargain_id----->
[2015-10-31 04:27:18][debug] bargain_id----->
[2015-10-31 04:27:19][debug] bargain_id----->
[2015-10-31 04:27:19][debug] bargain_id----->
[2015-10-31 04:27:19][debug] bargain_id----->
[2015-10-31 04:27:20][debug] bargain_id----->
[2015-10-31 04:27:20][debug] bargain_id----->
[2015-10-31 04:27:21][debug] bargain_id----->
[2015-10-31 04:27:21][debug] bargain_id----->
[2015-10-31 04:27:21][debug] bargain_id----->
[2015-10-31 04:27:22][debug] bargain_id----->
[2015-10-31 04:27:22][debug] bargain_id----->
[2015-10-31 04:27:22][debug] bargain_id----->
[2015-10-31 04:27:23][debug] bargain_id----->
[2015-10-31 04:27:23][debug] bargain_id----->
[2015-10-31 04:27:23][debug] bargain_id----->
[2015-10-31 04:27:24][debug] bargain_id----->
[2015-10-31 04:27:24][debug] bargain_id----->
[2015-10-31 04:27:25][debug] bargain_id----->
[2015-10-31 04:27:25][debug] bargain_id----->
[2015-10-31 04:27:25][debug] bargain_id----->
[2015-10-31 04:27:26][debug] bargain_id----->
[2015-10-31 04:27:26][debug] bargain_id----->
[2015-10-31 04:27:26][debug] bargain_id----->
[2015-10-31 04:27:27][debug] bargain_id----->
[2015-10-31 04:27:27][debug] bargain_id----->
[2015-10-31 04:27:28][debug] bargain_id----->
[2015-10-31 04:27:28][debug] bargain_id----->
[2015-10-31 04:27:28][debug] bargain_id----->
[2015-10-31 04:27:29][debug] bargain_id----->
[2015-10-31 04:27:29][debug] bargain_id----->
[2015-10-31 04:27:29][debug] bargain_id----->
[2015-10-31 04:27:30][debug] bargain_id----->
[2015-10-31 04:27:30][debug] bargain_id----->
[2015-10-31 04:27:31][debug] bargain_id----->
[2015-10-31 04:27:31][debug] bargain_id----->
[2015-10-31 04:27:31][debug] bargain_id----->
[2015-10-31 04:27:32][debug] bargain_id----->
[2015-10-31 04:27:32][debug] bargain_id----->
[2015-10-31 04:27:33][debug] bargain_id----->
[2015-10-31 04:27:33][debug] bargain_id----->
[2015-10-31 06:32:54][debug] forword：0
[2015-10-31 06:32:57][debug] --------------------------------------------------------------------
[2015-10-31 06:32:57][debug] 授权成功！
[2015-10-31 06:32:57][debug] 微信用户信息：{"openid":"oXU1ruCXZ74KcBXuSBc2uR8qWgTE","nickname":"姐的幸福很简单","sex":2,"language":"zh_CN","city":"","province":"","country":"中国","headimgurl":"http:\/\/wx.qlogo.cn\/mmopen\/4tpkVGWUO5bpQFN2Bw5WyZxgqF6SHUXldBNwnYS8zMbVDM4DscCAKjibfzgENACW2xrwmZlkqYuZMwfRT8qPdKEsSIAgM6aZia\/0","privilege":[]}
[2015-10-31 06:32:57][debug] --------------------------------------------------------------------
[2015-10-31 06:32:58][debug] forword：0
[2015-10-31 06:34:37][debug] forword：0
[2015-10-31 07:05:24][debug] forword：0
[2015-10-31 11:35:50][debug] forword：2
[2015-10-31 11:35:52][debug] --------------------------------------------------------------------
[2015-10-31 11:35:52][debug] 授权成功！
[2015-10-31 11:35:52][debug] 微信用户信息：{"openid":"oXU1ruJTNIFpuT17Wg8CjU02RfCw","nickname":"小小的太阳","sex":1,"language":"zh_CN","city":"泰安","province":"山东","country":"中国","headimgurl":"http:\/\/wx.qlogo.cn\/mmopen\/3hsWdj2E9tukSnFcoI659ibicrg3Ik4IUkeO6X8uicud1muhXxEnueoq9mt2ZvazIMp8CdBuoqeRibftScKVVS5N90VJLzgLCu8Q\/0","privilege":[]}
[2015-10-31 11:35:52][debug] --------------------------------------------------------------------
[2015-10-31 11:35:52][debug] forword：2
[2015-10-31 11:35:52][debug] forword1111：2
[2015-10-31 11:35:53][debug] bargain_id----->2
[2015-10-31 11:35:53][debug] bargain_id----->
[2015-10-31 11:36:22][debug] bargain_id----->2
[2015-10-31 11:36:26][debug] forword：0
[2015-10-31 11:36:26][debug] forword1111：0
[2015-10-31 11:36:26][debug] bargain_id----->0
[2015-10-31 12:21:25][debug] forword：0
[2015-10-31 13:24:55][debug] forword：0
[2015-10-31 13:24:59][debug] forword：0
[2015-10-31 13:25:01][debug] forword：0
[2015-10-31 13:25:45][debug] forword：0
[2015-10-31 13:25:51][debug] forword：0
[2015-10-31 15:07:50][debug] forword：0
[2015-10-31 15:07:50][debug] forword：0
[2015-10-31 16:29:45][debug] forword：0
[2015-10-31 16:29:47][debug] forword：0
[2015-10-31 16:29:47][debug] forword：0
[2015-10-31 16:29:48][debug] forword：0
