[2015-10-12 00:32:40][debug] forword：0
[2015-10-12 00:32:42][debug] forword：0
[2015-10-12 00:32:43][debug] forword：0
[2015-10-12 02:02:01][debug] forword：0
[2015-10-12 05:01:12][debug] forword：0
[2015-10-12 06:15:43][debug] forword：0
[2015-10-12 06:15:43][debug] forword：0
[2015-10-12 06:15:53][debug] --------------------------------------------------------------------
[2015-10-12 06:15:53][debug] 授权成功！
[2015-10-12 06:15:53][debug] 微信用户信息：{"openid":"oXU1ruMW9ipw_Ql3Si55UM8RipkA","nickname":"呵呵","sex":1,"language":"zh_CN","city":"","province":"","country":"中国","headimgurl":"http:\/\/wx.qlogo.cn\/mmopen\/ajNVdqHZLLDPElukgM6wbL6um1tK4ztaiaWbZdTBjqeOO8Vsu75LdYKrNdx6aJlib2aiaYuEOqGrKGqwY1lDxG6pMia86V2mhM5B47lZynpUloI\/0","privilege":[]}
[2015-10-12 06:15:53][debug] --------------------------------------------------------------------
[2015-10-12 06:15:53][debug] forword：0
[2015-10-12 06:16:33][debug] --------------------------------------------------------------------
[2015-10-12 06:16:33][debug] 授权成功！
[2015-10-12 06:16:33][debug] 微信用户信息：{"openid":"oXU1ruMW9ipw_Ql3Si55UM8RipkA","nickname":"呵呵","sex":1,"language":"zh_CN","city":"","province":"","country":"中国","headimgurl":"http:\/\/wx.qlogo.cn\/mmopen\/ajNVdqHZLLDPElukgM6wbL6um1tK4ztaiaWbZdTBjqeOO8Vsu75LdYKrNdx6aJlib2aiaYuEOqGrKGqwY1lDxG6pMia86V2mhM5B47lZynpUloI\/0","privilege":[]}
[2015-10-12 06:16:33][debug] --------------------------------------------------------------------
[2015-10-12 07:54:47][debug] forword：0
[2015-10-12 08:04:04][debug] forword：0
[2015-10-12 08:13:53][debug] forword：0
[2015-10-12 08:13:56][debug] forword：0
[2015-10-12 08:13:57][debug] --------------------------------------------------------------------
[2015-10-12 08:13:57][debug] 授权成功！
[2015-10-12 08:13:57][debug] 微信用户信息：{"openid":"oXU1ruIkZOyD-3hAK08XZmJjfzGk","nickname":"中缝国联服装设备蒋振华","sex":1,"language":"zh_CN","city":"宝坻","province":"天津","country":"中国","headimgurl":"http:\/\/wx.qlogo.cn\/mmopen\/BcQRZIbPSiamFjMicGH9LkqcCrytu9mOpmgDkY4bHq3FSDase7LqLMRibDX57eicJKuLyM88Fibiaw7krWn3L8C3q7VExA6BCr4eMa\/0","privilege":[]}
[2015-10-12 08:13:57][debug] --------------------------------------------------------------------
[2015-10-12 08:13:58][debug] forword：0
[2015-10-12 08:14:01][debug] forword：0
[2015-10-12 08:26:08][debug] forword：0
[2015-10-12 08:26:09][debug] forword：0
[2015-10-12 12:12:22][debug] forword：0
[2015-10-12 12:13:40][debug] forword：0
[2015-10-12 12:38:42][debug] forword：0
[2015-10-12 12:38:50][debug] --------------------------------------------------------------------
[2015-10-12 12:38:50][debug] 授权成功！
[2015-10-12 12:38:50][debug] 微信用户信息：{"openid":"oXU1ruBULBlqF3OvHehTPqlsllv4","nickname":"蒙古人","sex":1,"language":"zh_CN","city":"赤峰","province":"内蒙古","country":"中国","headimgurl":"http:\/\/wx.qlogo.cn\/mmopen\/4tpkVGWUO5bpQFN2Bw5WyQZ336zo82GMhZ7GDTrYGytHOvhtUNrQicndBovWYvJUVFSPIia0L88CDkhmyr2jJA3BvSsmR3UibIia\/0","privilege":[]}
[2015-10-12 12:38:50][debug] --------------------------------------------------------------------
[2015-10-12 12:38:51][debug] forword：0
[2015-10-12 12:38:51][debug] forword：0
[2015-10-12 12:57:59][debug] forword：0
[2015-10-12 12:57:59][debug] forword：0
[2015-10-12 12:57:59][debug] forword：0
[2015-10-12 13:14:10][debug] forword：0
[2015-10-12 13:41:51][debug] forword：0
[2015-10-12 13:41:51][debug] forword：0
[2015-10-12 13:41:55][debug] --------------------------------------------------------------------
[2015-10-12 13:41:55][debug] 授权成功！
[2015-10-12 13:41:55][debug] 微信用户信息：{"openid":"oXU1ruMhXJZ75GH-QaAl9UWC7Y8g","nickname":"华宇缝纫","sex":2,"language":"zh_CN","city":"保定","province":"河北","country":"中国","headimgurl":"http:\/\/wx.qlogo.cn\/mmopen\/3hsWdj2E9tukSnFcoI659wkS91dxnySfCYt9Vv4xcp2fS9pWZccrngK74Cl2tKadAlKiaxu94aQg9qQIcsKDe3lFQLCPFaNlq\/0","privilege":[]}
[2015-10-12 13:41:55][debug] --------------------------------------------------------------------
[2015-10-12 13:41:55][debug] forword：0
[2015-10-12 13:42:05][debug] --------------------------------------------------------------------
[2015-10-12 13:42:05][debug] 授权成功！
[2015-10-12 13:42:05][debug] 微信用户信息：{"openid":"oXU1ruMhXJZ75GH-QaAl9UWC7Y8g","nickname":"华宇缝纫","sex":2,"language":"zh_CN","city":"保定","province":"河北","country":"中国","headimgurl":"http:\/\/wx.qlogo.cn\/mmopen\/3hsWdj2E9tukSnFcoI659wkS91dxnySfCYt9Vv4xcp2fS9pWZccrngK74Cl2tKadAlKiaxu94aQg9qQIcsKDe3lFQLCPFaNlq\/0","privilege":[]}
[2015-10-12 13:42:05][debug] --------------------------------------------------------------------
[2015-10-12 13:42:08][debug] forword：0
[2015-10-12 13:42:26][debug] forword：0
[2015-10-12 13:42:51][debug] forword：0
[2015-10-12 13:42:51][debug] forword：0
[2015-10-12 13:42:52][debug] forword：0
[2015-10-12 13:42:52][debug] forword：0
[2015-10-12 13:43:06][debug] forword：0
[2015-10-12 13:51:32][debug] forword：0
[2015-10-12 13:51:34][debug] forword：0
[2015-10-12 13:51:34][debug] forword：0
[2015-10-12 13:51:35][debug] forword：0
[2015-10-12 14:34:52][debug] forword：0
[2015-10-12 14:34:52][debug] forword：0
[2015-10-12 14:35:03][debug] --------------------------------------------------------------------
[2015-10-12 14:35:03][debug] 授权成功！
[2015-10-12 14:35:03][debug] 微信用户信息：{"openid":"oXU1ruEoLj2r_gozp87hTvhjEEeQ","nickname":"知心爱人","sex":2,"language":"zh_CN","city":"宝坻","province":"天津","country":"中国","headimgurl":"http:\/\/wx.qlogo.cn\/mmopen\/3hsWdj2E9tv5Wqs2HPBjpYmwvmz6PpEzrqucn2KMBE22JTR1qibr9AHy9H5iaiagniccd8ZKVIX75h02lgXmuLXOkg\/0","privilege":[]}
[2015-10-12 14:35:03][debug] --------------------------------------------------------------------
[2015-10-12 14:35:03][debug] forword：0
[2015-10-12 14:35:04][debug] forword：0
[2015-10-12 14:35:25][debug] forword：0
[2015-10-12 14:35:26][debug] forword：0
[2015-10-12 15:07:02][debug] forword：0
[2015-10-12 15:46:11][debug] forword：0
[2015-10-12 15:46:29][debug] --------------------------------------------------------------------
[2015-10-12 15:46:29][debug] 授权成功！
[2015-10-12 15:46:29][debug] 微信用户信息：{"openid":"oXU1ruFERIaxTqUuPHkBPocFwVAA","nickname":"鑫诚不锈钢","sex":1,"language":"zh_CN","city":"宁波","province":"浙江","country":"中国","headimgurl":"","privilege":[]}
[2015-10-12 15:46:29][debug] --------------------------------------------------------------------
[2015-10-12 15:46:32][debug] --------------------------------------------------------------------
[2015-10-12 15:46:32][debug] 授权成功！
[2015-10-12 15:46:32][debug] 微信用户信息：{"openid":"oXU1ruFERIaxTqUuPHkBPocFwVAA","nickname":"鑫诚不锈钢","sex":1,"language":"zh_CN","city":"宁波","province":"浙江","country":"中国","headimgurl":"","privilege":[]}
[2015-10-12 15:46:32][debug] --------------------------------------------------------------------
[2015-10-12 15:46:32][debug] forword：0
[2015-10-12 15:46:35][debug] --------------------------------------------------------------------
[2015-10-12 15:46:35][debug] 授权成功！
[2015-10-12 15:46:35][debug] 微信用户信息：{"openid":"oXU1ruFERIaxTqUuPHkBPocFwVAA","nickname":"鑫诚不锈钢","sex":1,"language":"zh_CN","city":"宁波","province":"浙江","country":"中国","headimgurl":"","privilege":[]}
[2015-10-12 15:46:35][debug] --------------------------------------------------------------------
[2015-10-12 15:46:35][debug] forword：0
[2015-10-12 16:00:09][debug] forword：0
[2015-10-12 16:24:34][debug] forword：0
[2015-10-12 16:27:15][debug] forword：0
[2015-10-12 16:50:31][debug] forword：0
[2015-10-12 16:50:37][debug] --------------------------------------------------------------------
[2015-10-12 16:50:37][debug] 授权成功！
[2015-10-12 16:50:37][debug] 微信用户信息：{"openid":"oXU1ruNC9lecwsFtoyyJ8TPqZHQA","nickname":"中南海保镖","sex":1,"language":"zh_CN","city":"达州","province":"四川","country":"中国","headimgurl":"http:\/\/wx.qlogo.cn\/mmopen\/BcQRZIbPSianNbV5P7DXHW8d0lbo1Ql18YBCStX7eaHib2xmOksleBalGAryia0ziaMMNaKk6BTKmXwFZmonrZZDTib4icl5qJqHo8\/0","privilege":[]}
[2015-10-12 16:50:37][debug] --------------------------------------------------------------------
[2015-10-12 16:50:37][debug] forword：0
[2015-10-12 16:50:38][debug] forword：0
[2015-10-12 16:50:53][debug] forword：0
[2015-10-12 16:50:53][debug] forword：0
[2015-10-12 16:51:48][debug] forword：0
[2015-10-12 17:04:19][debug] forword：0
[2015-10-12 21:07:16][debug] forword：0
[2015-10-12 21:07:16][debug] forword：0
[2015-10-12 21:07:17][debug] forword：0
