[2015-09-22 05:49:58][debug] openid1->oXU1ruE213ejSN72siQVNwud_Itk
[2015-09-22 05:49:58][debug] openid2->oXU1ruE213ejSN72siQVNwud_Itk
[2015-09-22 05:49:58][debug] out_trade_no->127060920120150922054958
[2015-09-22 05:50:01][debug] jsApiParameters->{"appId":"wx7851b75090b42312","nonceStr":"eh2j0ixivls81st1xy02glncqt7g0s7n","package":"prepay_id=wx20150922055000459d8501d60245155139","signType":"MD5","timeStamp":"1442872201","paySign":"357EF4EC24F77EAFD7CA5A140B256F7C"}
[2015-09-22 05:51:11][debug] openid1->oXU1ruE213ejSN72siQVNwud_Itk
[2015-09-22 05:51:11][debug] openid2->oXU1ruE213ejSN72siQVNwud_Itk
[2015-09-22 05:51:11][debug] out_trade_no->127060920120150922055111
[2015-09-22 05:51:12][debug] jsApiParameters->{"appId":"wx7851b75090b42312","nonceStr":"zr3hen901m0kpygajg9bkw3t5cu5ddd1","package":"prepay_id=wx20150922055111c0cfa01b060599169838","signType":"MD5","timeStamp":"1442872272","paySign":"35EA5B48E4E83F8CD11FBC0CDE519D92"}
[2015-09-22 05:51:47][debug] openid1->oXU1ruE213ejSN72siQVNwud_Itk
[2015-09-22 05:51:47][debug] openid2->oXU1ruE213ejSN72siQVNwud_Itk
[2015-09-22 05:51:47][debug] out_trade_no->127060920120150922055147
[2015-09-22 05:51:48][debug] jsApiParameters->{"appId":"wx7851b75090b42312","nonceStr":"d6als8c1r1r59usjkr2o2wgvp96wmnzx","package":"prepay_id=wx201509220551486359b6b2b10385324592","signType":"MD5","timeStamp":"1442872308","paySign":"C1E37D3A2627167B6FAEE0A31CDEFE8E"}
[2015-09-22 00:42:40][debug] --------------------------------------------------------------------
[2015-09-22 00:42:40][debug] 授权成功！
[2015-09-22 00:42:40][debug] 微信用户信息：{"openid":"oXU1ruNeWzrO92g-nP6ZXbSG0PL0","nickname":"David","sex":1,"language":"zh_CN","city":"台州","province":"浙江","country":"中国","headimgurl":"http:\/\/wx.qlogo.cn\/mmopen\/3hsWdj2E9tukSnFcoI65914X24aSxl3FlcDJHVpInckruZOiamzg6SVWlib0u0Mf7GuXQxCsJTHSPEhbGxBRgcyCWyQGYTd17T\/0","privilege":[]}
[2015-09-22 00:42:40][debug] --------------------------------------------------------------------
[2015-09-22 00:43:43][debug] finalprice->88700
[2015-09-22 00:43:43][debug] 17->17
[2015-09-22 00:43:43][debug] joinid1->1
[2015-09-22 00:52:26][debug] --------------------------------------------------------------------
[2015-09-22 00:52:26][debug] 授权成功！
[2015-09-22 00:52:26][debug] 微信用户信息：{"openid":"oXU1ruDXm4vcHSOx3PDsPzjJvRdY","nickname":"丁时达","sex":1,"language":"zh_CN","city":"台州","province":"浙江","country":"中国","headimgurl":"http:\/\/wx.qlogo.cn\/mmopen\/3hsWdj2E9tukSnFcoI659xotvdHlrnRV6icLUXXrJoZmarbnoYpaziavuP2tdibGm15DmibGjMGL9EPVCe78q1icFQf0WeTGb7UfV\/0","privilege":[]}
[2015-09-22 00:52:26][debug] --------------------------------------------------------------------
[2015-09-22 00:52:36][debug] finalprice->88600
[2015-09-22 00:52:36][debug] 17->17
[2015-09-22 00:52:36][debug] joinid1->1
[2015-09-22 01:15:30][debug] --------------------------------------------------------------------
[2015-09-22 01:15:30][debug] 授权成功！
[2015-09-22 01:15:30][debug] 微信用户信息：{"openid":"oXU1ruIG_y53KQM_Ocrya00W95xo","nickname":"hyl","sex":2,"language":"zh_CN","city":"","province":"","country":"中国","headimgurl":"","privilege":[]}
[2015-09-22 01:15:30][debug] --------------------------------------------------------------------
[2015-09-22 07:15:50][debug] openid1->oXU1ruIG_y53KQM_Ocrya00W95xo
[2015-09-22 07:15:50][debug] openid2->oXU1ruIG_y53KQM_Ocrya00W95xo
[2015-09-22 07:15:50][debug] out_trade_no->127060920120150922071550
[2015-09-22 07:15:50][debug] jsApiParameters->{"appId":"wx7851b75090b42312","nonceStr":"noww5txmvyevvmpqmakuxj9ufcivzk9l","package":"prepay_id=wx20150922071550ea591959cf0175232909","signType":"MD5","timeStamp":"1442877350","paySign":"BDD458C7228751293EAC1215D44B77B2"}
[2015-09-22 01:15:53][debug] updateOrder_transaction_id->
[2015-09-22 01:16:34][debug] finalprice->88100
[2015-09-22 01:16:34][debug] 15->15
[2015-09-22 01:16:34][debug] joinid1->1
[2015-09-22 01:20:19][debug] --------------------------------------------------------------------
[2015-09-22 01:20:19][debug] 授权成功！
[2015-09-22 01:20:19][debug] 微信用户信息：{"openid":"oXU1ruIG_y53KQM_Ocrya00W95xo","nickname":"hyl","sex":2,"language":"zh_CN","city":"","province":"","country":"中国","headimgurl":"","privilege":[]}
[2015-09-22 01:20:19][debug] --------------------------------------------------------------------
[2015-09-22 01:21:07][debug] --------------------------------------------------------------------
[2015-09-22 01:21:07][debug] 授权成功！
[2015-09-22 01:21:07][debug] 微信用户信息：{"openid":"oXU1ruIG_y53KQM_Ocrya00W95xo","nickname":"hyl","sex":2,"language":"zh_CN","city":"","province":"","country":"中国","headimgurl":"","privilege":[]}
[2015-09-22 01:21:07][debug] --------------------------------------------------------------------
[2015-09-22 01:22:30][debug] --------------------------------------------------------------------
[2015-09-22 01:22:30][debug] 授权成功！
[2015-09-22 01:22:30][debug] 微信用户信息：{"openid":"oXU1ruIG_y53KQM_Ocrya00W95xo","nickname":"hyl","sex":2,"language":"zh_CN","city":"","province":"","country":"中国","headimgurl":"","privilege":[]}
[2015-09-22 01:22:30][debug] --------------------------------------------------------------------
[2015-09-22 01:36:09][debug] --------------------------------------------------------------------
[2015-09-22 01:36:09][debug] 授权成功！
[2015-09-22 01:36:09][debug] 微信用户信息：{"openid":"oXU1ruNeWzrO92g-nP6ZXbSG0PL0","nickname":"David","sex":1,"language":"zh_CN","city":"台州","province":"浙江","country":"中国","headimgurl":"http:\/\/wx.qlogo.cn\/mmopen\/3hsWdj2E9tukSnFcoI65914X24aSxl3FlcDJHVpInckruZOiamzg6SVWlib0u0Mf7GuXQxCsJTHSPEhbGxBRgcyCWyQGYTd17T\/0","privilege":[]}
[2015-09-22 01:36:09][debug] --------------------------------------------------------------------
[2015-09-22 01:43:18][debug] --------------------------------------------------------------------
[2015-09-22 01:43:18][debug] 授权成功！
[2015-09-22 01:43:18][debug] 微信用户信息：{"openid":"oXU1ruIG_y53KQM_Ocrya00W95xo","nickname":"hyl","sex":2,"language":"zh_CN","city":"","province":"","country":"中国","headimgurl":"","privilege":[]}
[2015-09-22 01:43:18][debug] --------------------------------------------------------------------
[2015-09-22 02:39:20][debug] --------------------------------------------------------------------
[2015-09-22 02:39:20][debug] 授权成功！
[2015-09-22 02:39:20][debug] 微信用户信息：{"openid":"oXU1ruCkFo-InZAA-tc-L513PUoQ","nickname":"A0000 大森缝纫设备--小彭","sex":1,"language":"zh_CN","city":"台州","province":"浙江","country":"中国","headimgurl":"http:\/\/wx.qlogo.cn\/mmopen\/3hsWdj2E9tukSnFcoI659yfjJ6y94oNlTicQMNVxrktWl8o7pH4Qq0zTTPBqBWzKQLAZaHp19NpfHicvuqib1GtzQ7Fz5Q1z0jt\/0","privilege":[]}
[2015-09-22 02:39:20][debug] --------------------------------------------------------------------
[2015-09-22 02:39:59][debug] finalprice->88400
[2015-09-22 02:39:59][debug] 17->17
[2015-09-22 02:39:59][debug] joinid1->1
[2015-09-22 03:26:47][debug] --------------------------------------------------------------------
[2015-09-22 03:26:47][debug] 授权成功！
[2015-09-22 03:26:47][debug] 微信用户信息：{"openid":"oXU1ruKrST1KKNNky4pIk130BrcY","nickname":"HYL","sex":1,"language":"zh_CN","city":"成都","province":"四川","country":"中国","headimgurl":"http:\/\/wx.qlogo.cn\/mmopen\/4tpkVGWUO5YhjO4dC797ZOVAsibpln6rHgDpkSiaannl9HsZibnLaOZCXRJDO7OmAxje9XTia091DL8LtoQtdJbrgyhvnAoYoLhd\/0","privilege":[]}
[2015-09-22 03:26:47][debug] --------------------------------------------------------------------
[2015-09-22 03:27:39][debug] --------------------------------------------------------------------
[2015-09-22 03:27:39][debug] 授权成功！
[2015-09-22 03:27:39][debug] 微信用户信息：{"openid":"oXU1ruIG_y53KQM_Ocrya00W95xo","nickname":"hyl","sex":2,"language":"zh_CN","city":"","province":"","country":"中国","headimgurl":"","privilege":[]}
[2015-09-22 03:27:39][debug] --------------------------------------------------------------------
[2015-09-22 09:44:05][debug] openid1->oXU1ruIG_y53KQM_Ocrya00W95xo
[2015-09-22 09:44:05][debug] openid2->oXU1ruIG_y53KQM_Ocrya00W95xo
[2015-09-22 09:44:05][debug] out_trade_no->127060920120150922094405
[2015-09-22 09:44:05][debug] jsApiParameters->{"appId":"wx7851b75090b42312","nonceStr":"0ed0bi71n9tov5530fi20evxo5jjppa7","package":"prepay_id=wx201509220944051c49c9b39c0220102322","signType":"MD5","timeStamp":"1442886245","paySign":"7AE067BCB485B23F2360506738AAE825"}
[2015-09-22 03:44:08][debug] updateOrder_transaction_id->
[2015-09-22 09:48:51][debug] openid1->oXU1ruIG_y53KQM_Ocrya00W95xo
[2015-09-22 09:48:51][debug] openid2->oXU1ruIG_y53KQM_Ocrya00W95xo
[2015-09-22 09:48:51][debug] out_trade_no->127060920120150922094851
[2015-09-22 09:48:54][debug] jsApiParameters->{"appId":"wx7851b75090b42312","nonceStr":"ebmvl75wclmwnqlps0baxm79i32rsl2s","package":"prepay_id=wx20150922094854b57af2a6810621623035","signType":"MD5","timeStamp":"1442886534","paySign":"864D279D9173110F21CA110E8E070C21"}
[2015-09-22 04:01:11][debug] --------------------------------------------------------------------
[2015-09-22 04:01:11][debug] 授权成功！
[2015-09-22 04:01:11][debug] 微信用户信息：{"openid":"oXU1ruLpBroP1YckLsaki4ESd1Uw","nickname":"川田","sex":1,"language":"zh_CN","city":"","province":"","country":"中国","headimgurl":"http:\/\/wx.qlogo.cn\/mmopen\/BcQRZIbPSianMGk2RYuHuiaOHJBDicMpicJLSMnns7kTJf74TAgNNTNg3mExcpYdmJqzPHE4r8jlkpUPicianVibJvgJnlPaH3czA8v\/0","privilege":[]}
[2015-09-22 04:01:11][debug] --------------------------------------------------------------------
[2015-09-22 04:56:03][debug] --------------------------------------------------------------------
[2015-09-22 04:56:03][debug] 授权成功！
[2015-09-22 04:56:03][debug] 微信用户信息：{"openid":"oXU1ruE213ejSN72siQVNwud_Itk","nickname":"闲茶良味","sex":1,"language":"zh_CN","city":"台州","province":"浙江","country":"中国","headimgurl":"http:\/\/wx.qlogo.cn\/mmopen\/4tpkVGWUO5ahcc9t3xAmmWtuGJLlLIsnqmY8Hb25XojWkaKS3OMIGicbMELR5f7Cp2HF8m9jsatR8HJ0PSQ9J9A\/0","privilege":[]}
[2015-09-22 04:56:03][debug] --------------------------------------------------------------------
[2015-09-22 04:57:28][debug] --------------------------------------------------------------------
[2015-09-22 04:57:28][debug] 授权成功！
[2015-09-22 04:57:28][debug] 微信用户信息：{"openid":"oXU1ruIG_y53KQM_Ocrya00W95xo","nickname":"hyl","sex":2,"language":"zh_CN","city":"","province":"","country":"中国","headimgurl":"","privilege":[]}
[2015-09-22 04:57:28][debug] --------------------------------------------------------------------
[2015-09-22 11:00:11][debug] openid1->oXU1ruIG_y53KQM_Ocrya00W95xo
[2015-09-22 11:00:11][debug] openid2->oXU1ruIG_y53KQM_Ocrya00W95xo
[2015-09-22 11:00:11][debug] out_trade_no->127060920120150922110011
[2015-09-22 11:00:16][debug] jsApiParameters->{"appId":"wx7851b75090b42312","nonceStr":"ptsxh5i0btdlmj8sii9qtft2bpuwxmfj","package":"prepay_id=wx201509221100168f1d7033970075542024","signType":"MD5","timeStamp":"1442890816","paySign":"1E0ACE05CD400A0B734AF7385B6CBF0B"}
[2015-09-22 05:00:18][debug] updateOrder_transaction_id->
[2015-09-22 05:12:02][debug] --------------------------------------------------------------------
[2015-09-22 05:12:02][debug] 授权成功！
[2015-09-22 05:12:02][debug] 微信用户信息：{"openid":"oXU1ruIG_y53KQM_Ocrya00W95xo","nickname":"hyl","sex":2,"language":"zh_CN","city":"","province":"","country":"中国","headimgurl":"","privilege":[]}
[2015-09-22 05:12:02][debug] --------------------------------------------------------------------
[2015-09-22 05:21:11][debug] --------------------------------------------------------------------
[2015-09-22 05:21:11][debug] 授权成功！
[2015-09-22 05:21:11][debug] 微信用户信息：{"openid":"oXU1ruIG_y53KQM_Ocrya00W95xo","nickname":"hyl","sex":2,"language":"zh_CN","city":"","province":"","country":"中国","headimgurl":"","privilege":[]}
[2015-09-22 05:21:11][debug] --------------------------------------------------------------------
[2015-09-22 07:19:51][debug] --------------------------------------------------------------------
[2015-09-22 07:19:51][debug] 授权成功！
[2015-09-22 07:19:51][debug] 微信用户信息：{"openid":"oXU1ruIG_y53KQM_Ocrya00W95xo","nickname":"hyl","sex":2,"language":"zh_CN","city":"","province":"","country":"中国","headimgurl":"","privilege":[]}
[2015-09-22 07:19:51][debug] --------------------------------------------------------------------
[2015-09-22 11:57:05][debug] --------------------------------------------------------------------
[2015-09-22 11:57:05][debug] 授权成功！
[2015-09-22 11:57:05][debug] 微信用户信息：{"openid":"oXU1ruD4JtCtS0IlUnDpdxVDQF7c","nickname":"APP手机软件开发--聚塔工作室","sex":1,"language":"zh_CN","city":"台州","province":"浙江","country":"中国","headimgurl":"http:\/\/wx.qlogo.cn\/mmopen\/McYMgia19V0UqIoRlLtsic8Y31icTnPFYrQre8iagtKKiaAsXptZZPEu6ELiaIVC9x5WDHT008K4o7L93gsseGVrib6FQ\/0","privilege":[]}
[2015-09-22 11:57:05][debug] --------------------------------------------------------------------
[2015-09-22 11:57:45][debug] 开始-查询价格-----------------------------------开始
[2015-09-22 11:57:45][debug] openid->oXU1ruD4JtCtS0IlUnDpdxVDQF7c
[2015-09-22 11:57:45][debug] bargainid->0
[2015-09-22 11:57:45][debug] price->88800
[2015-09-22 11:57:45][debug] 结束-查询价格-----------------------------------结束
[2015-09-22 11:57:45][debug] 报名成功！:
[2015-09-22 11:58:05][debug] 添加到购物车成功！:
[2015-09-22 17:58:06][debug] openid1->oXU1ruD4JtCtS0IlUnDpdxVDQF7c
[2015-09-22 17:58:06][debug] openid2->oXU1ruD4JtCtS0IlUnDpdxVDQF7c
[2015-09-22 17:58:06][debug] out_trade_no->127060920120150922175806
[2015-09-22 17:58:14][debug] jsApiParameters->{"appId":"wx7851b75090b42312","nonceStr":"fq70h93br3c2xo1iruh2lfbp4ua6s1du","package":"prepay_id=wx201509221758145e1cc377f60558251323","signType":"MD5","timeStamp":"1442915894","paySign":"230A8D607556AEA9EB718256BAC23C16"}
[2015-09-22 11:58:20][debug] updateOrder_transaction_id->
[2015-09-22 17:59:39][debug] openid1->oXU1ruD4JtCtS0IlUnDpdxVDQF7c
[2015-09-22 17:59:39][debug] openid2->oXU1ruD4JtCtS0IlUnDpdxVDQF7c
[2015-09-22 17:59:39][debug] out_trade_no->127060920120150922175939
[2015-09-22 17:59:39][debug] jsApiParameters->{"appId":"wx7851b75090b42312","nonceStr":"e1g6vyesc8nbap235mqsod9o3u0gjlcx","package":"prepay_id=wx201509221759398f05276e500587177544","signType":"MD5","timeStamp":"1442915979","paySign":"142DE4B27B166F506A1155222C7B9871"}
[2015-09-22 12:04:48][debug] --------------------------------------------------------------------
[2015-09-22 12:04:48][debug] 授权成功！
[2015-09-22 12:04:48][debug] 微信用户信息：{"openid":"oXU1ruIG_y53KQM_Ocrya00W95xo","nickname":"hyl","sex":2,"language":"zh_CN","city":"","province":"","country":"中国","headimgurl":"","privilege":[]}
[2015-09-22 12:04:48][debug] --------------------------------------------------------------------
[2015-09-22 18:04:54][debug] openid1->oXU1ruIG_y53KQM_Ocrya00W95xo
[2015-09-22 18:04:54][debug] openid2->oXU1ruIG_y53KQM_Ocrya00W95xo
[2015-09-22 18:04:54][debug] out_trade_no->127060920120150922180454
[2015-09-22 18:04:55][debug] jsApiParameters->{"appId":"wx7851b75090b42312","nonceStr":"ytnm7how1mnva09qxfjsv1onw7vghd9s","package":"prepay_id=wx201509221804549a3f392e8b0166913420","signType":"MD5","timeStamp":"1442916295","paySign":"E7A550D43253130F69113EA8AA4F5816"}
[2015-09-22 12:04:57][debug] updateOrder_transaction_id->
[2015-09-22 18:05:23][debug] openid1->oXU1ruIG_y53KQM_Ocrya00W95xo
[2015-09-22 18:05:23][debug] openid2->oXU1ruIG_y53KQM_Ocrya00W95xo
[2015-09-22 18:05:23][debug] out_trade_no->127060920120150922180523
[2015-09-22 18:05:24][debug] jsApiParameters->{"appId":"wx7851b75090b42312","nonceStr":"9gf31a7gqir02kz7b0p1od11ipxw8rlj","package":"prepay_id=wx201509221805241256c3de1c0648604475","signType":"MD5","timeStamp":"1442916324","paySign":"FAB6EE0656E87E99EEE3FD3D3A7BE2FE"}
[2015-09-22 12:05:27][debug] updateOrder_transaction_id->
[2015-09-22 12:07:18][debug] --------------------------------------------------------------------
[2015-09-22 12:07:18][debug] 授权成功！
[2015-09-22 12:07:18][debug] 微信用户信息：{"openid":"oXU1ruKrST1KKNNky4pIk130BrcY","nickname":"HYL","sex":1,"language":"zh_CN","city":"成都","province":"四川","country":"中国","headimgurl":"http:\/\/wx.qlogo.cn\/mmopen\/4tpkVGWUO5YhjO4dC797ZOVAsibpln6rHgDpkSiaannl9HsZibnLaOZCXRJDO7OmAxje9XTia091DL8LtoQtdJbrgyhvnAoYoLhd\/0","privilege":[]}
[2015-09-22 12:07:18][debug] --------------------------------------------------------------------
[2015-09-22 12:41:04][debug] --------------------------------------------------------------------
[2015-09-22 12:41:04][debug] 授权成功！
[2015-09-22 12:41:04][debug] 微信用户信息：{"openid":"oXU1ruFASvr_YatcQZpi4ZJyEr4E","nickname":"天道酬勤","sex":1,"language":"zh_CN","city":"","province":"","country":"中国","headimgurl":"http:\/\/wx.qlogo.cn\/mmopen\/PiajxSqBRaELQYIwosoHxibq2IMmCQp6NhibhPaicRMWg9XJguTFP3ia7WN0LhkykCzLs5Oic0Cnl8dJ5chtAvWyk6OQ\/0","privilege":[]}
[2015-09-22 12:41:04][debug] --------------------------------------------------------------------
[2015-09-22 13:49:01][debug] --------------------------------------------------------------------
[2015-09-22 13:49:01][debug] 授权成功！
[2015-09-22 13:49:01][debug] 微信用户信息：{"openid":"oXU1ruNeWzrO92g-nP6ZXbSG0PL0","nickname":"David","sex":1,"language":"zh_CN","city":"台州","province":"浙江","country":"中国","headimgurl":"http:\/\/wx.qlogo.cn\/mmopen\/3hsWdj2E9tukSnFcoI65914X24aSxl3FlcDJHVpInckruZOiamzg6SVWlib0u0Mf7GuXQxCsJTHSPEhbGxBRgcyCWyQGYTd17T\/0","privilege":[]}
[2015-09-22 13:49:01][debug] --------------------------------------------------------------------
[2015-09-22 13:49:20][debug] --------------------------------------------------------------------
[2015-09-22 13:49:20][debug] 授权成功！
[2015-09-22 13:49:20][debug] 微信用户信息：{"openid":"oXU1ruNeWzrO92g-nP6ZXbSG0PL0","nickname":"David","sex":1,"language":"zh_CN","city":"台州","province":"浙江","country":"中国","headimgurl":"http:\/\/wx.qlogo.cn\/mmopen\/3hsWdj2E9tukSnFcoI65914X24aSxl3FlcDJHVpInckruZOiamzg6SVWlib0u0Mf7GuXQxCsJTHSPEhbGxBRgcyCWyQGYTd17T\/0","privilege":[]}
[2015-09-22 13:49:20][debug] --------------------------------------------------------------------
[2015-09-22 13:49:34][debug] --------------------------------------------------------------------
[2015-09-22 13:49:34][debug] 授权成功！
[2015-09-22 13:49:34][debug] 微信用户信息：{"openid":"oXU1ruNeWzrO92g-nP6ZXbSG0PL0","nickname":"David","sex":1,"language":"zh_CN","city":"台州","province":"浙江","country":"中国","headimgurl":"http:\/\/wx.qlogo.cn\/mmopen\/3hsWdj2E9tukSnFcoI65914X24aSxl3FlcDJHVpInckruZOiamzg6SVWlib0u0Mf7GuXQxCsJTHSPEhbGxBRgcyCWyQGYTd17T\/0","privilege":[]}
[2015-09-22 13:49:34][debug] --------------------------------------------------------------------
[2015-09-22 13:50:55][debug] --------------------------------------------------------------------
[2015-09-22 13:50:55][debug] 授权成功！
[2015-09-22 13:50:55][debug] 微信用户信息：{"openid":"oXU1ruNeWzrO92g-nP6ZXbSG0PL0","nickname":"David","sex":1,"language":"zh_CN","city":"台州","province":"浙江","country":"中国","headimgurl":"http:\/\/wx.qlogo.cn\/mmopen\/3hsWdj2E9tukSnFcoI65914X24aSxl3FlcDJHVpInckruZOiamzg6SVWlib0u0Mf7GuXQxCsJTHSPEhbGxBRgcyCWyQGYTd17T\/0","privilege":[]}
[2015-09-22 13:50:55][debug] --------------------------------------------------------------------
[2015-09-22 14:10:12][debug] --------------------------------------------------------------------
[2015-09-22 14:10:12][debug] 授权成功！
[2015-09-22 14:10:12][debug] 微信用户信息：{"openid":"oXU1ruIG_y53KQM_Ocrya00W95xo","nickname":"hyl","sex":2,"language":"zh_CN","city":"","province":"","country":"中国","headimgurl":"","privilege":[]}
[2015-09-22 14:10:12][debug] --------------------------------------------------------------------
[2015-09-22 14:20:40][debug] --------------------------------------------------------------------
[2015-09-22 14:20:40][debug] 授权成功！
[2015-09-22 14:20:40][debug] 微信用户信息：{"openid":"oXU1ruE213ejSN72siQVNwud_Itk","nickname":"闲茶良味","sex":1,"language":"zh_CN","city":"台州","province":"浙江","country":"中国","headimgurl":"http:\/\/wx.qlogo.cn\/mmopen\/4tpkVGWUO5ahcc9t3xAmmWtuGJLlLIsnqmY8Hb25XojWkaKS3OMIGicbMELR5f7Cp2HF8m9jsatR8HJ0PSQ9J9A\/0","privilege":[]}
[2015-09-22 14:20:40][debug] --------------------------------------------------------------------
[2015-09-22 14:21:08][debug] --------------------------------------------------------------------
[2015-09-22 14:21:08][debug] 授权成功！
[2015-09-22 14:21:08][debug] 微信用户信息：{"openid":"oXU1ruE213ejSN72siQVNwud_Itk","nickname":"闲茶良味","sex":1,"language":"zh_CN","city":"台州","province":"浙江","country":"中国","headimgurl":"http:\/\/wx.qlogo.cn\/mmopen\/4tpkVGWUO5ahcc9t3xAmmWtuGJLlLIsnqmY8Hb25XojWkaKS3OMIGicbMELR5f7Cp2HF8m9jsatR8HJ0PSQ9J9A\/0","privilege":[]}
[2015-09-22 14:21:08][debug] --------------------------------------------------------------------
[2015-09-22 14:21:38][debug] --------------------------------------------------------------------
[2015-09-22 14:21:38][debug] 授权成功！
[2015-09-22 14:21:38][debug] 微信用户信息：{"openid":"oXU1ruE213ejSN72siQVNwud_Itk","nickname":"闲茶良味","sex":1,"language":"zh_CN","city":"台州","province":"浙江","country":"中国","headimgurl":"http:\/\/wx.qlogo.cn\/mmopen\/4tpkVGWUO5ahcc9t3xAmmWtuGJLlLIsnqmY8Hb25XojWkaKS3OMIGicbMELR5f7Cp2HF8m9jsatR8HJ0PSQ9J9A\/0","privilege":[]}
[2015-09-22 14:21:38][debug] --------------------------------------------------------------------
[2015-09-22 14:24:54][debug] --------------------------------------------------------------------
[2015-09-22 14:24:54][debug] 授权成功！
[2015-09-22 14:24:54][debug] 微信用户信息：{"openid":"oXU1ruD4JtCtS0IlUnDpdxVDQF7c","nickname":"APP手机软件开发--聚塔工作室","sex":1,"language":"zh_CN","city":"台州","province":"浙江","country":"中国","headimgurl":"http:\/\/wx.qlogo.cn\/mmopen\/McYMgia19V0UqIoRlLtsic8Y31icTnPFYrQre8iagtKKiaAsXptZZPEu6ELiaIVC9x5WDHT008K4o7L93gsseGVrib6FQ\/0","privilege":[]}
[2015-09-22 14:24:54][debug] --------------------------------------------------------------------
[2015-09-22 14:25:18][debug] --------------------------------------------------------------------
[2015-09-22 14:25:18][debug] 授权成功！
[2015-09-22 14:25:18][debug] 微信用户信息：{"openid":"oXU1ruD4JtCtS0IlUnDpdxVDQF7c","nickname":"APP手机软件开发--聚塔工作室","sex":1,"language":"zh_CN","city":"台州","province":"浙江","country":"中国","headimgurl":"http:\/\/wx.qlogo.cn\/mmopen\/McYMgia19V0UqIoRlLtsic8Y31icTnPFYrQre8iagtKKiaAsXptZZPEu6ELiaIVC9x5WDHT008K4o7L93gsseGVrib6FQ\/0","privilege":[]}
[2015-09-22 14:25:18][debug] --------------------------------------------------------------------
[2015-09-22 14:27:47][debug] --------------------------------------------------------------------
[2015-09-22 14:27:47][debug] 授权成功！
[2015-09-22 14:27:47][debug] 微信用户信息：{"openid":"oXU1ruKrST1KKNNky4pIk130BrcY","nickname":"HYL","sex":1,"language":"zh_CN","city":"成都","province":"四川","country":"中国","headimgurl":"http:\/\/wx.qlogo.cn\/mmopen\/4tpkVGWUO5YhjO4dC797ZOVAsibpln6rHgDpkSiaannl9HsZibnLaOZCXRJDO7OmAxje9XTia091DL8LtoQtdJbrgyhvnAoYoLhd\/0","privilege":[]}
[2015-09-22 14:27:47][debug] --------------------------------------------------------------------
[2015-09-22 14:28:10][debug] --------------------------------------------------------------------
[2015-09-22 14:28:10][debug] 授权成功！
[2015-09-22 14:28:10][debug] 微信用户信息：{"openid":"oXU1ruKrST1KKNNky4pIk130BrcY","nickname":"HYL","sex":1,"language":"zh_CN","city":"成都","province":"四川","country":"中国","headimgurl":"http:\/\/wx.qlogo.cn\/mmopen\/4tpkVGWUO5YhjO4dC797ZOVAsibpln6rHgDpkSiaannl9HsZibnLaOZCXRJDO7OmAxje9XTia091DL8LtoQtdJbrgyhvnAoYoLhd\/0","privilege":[]}
[2015-09-22 14:28:10][debug] --------------------------------------------------------------------
[2015-09-22 15:27:54][debug] --------------------------------------------------------------------
[2015-09-22 15:27:54][debug] 授权成功！
[2015-09-22 15:27:54][debug] 微信用户信息：{"openid":"oXU1ruIG_y53KQM_Ocrya00W95xo","nickname":"hyl","sex":2,"language":"zh_CN","city":"","province":"","country":"中国","headimgurl":"","privilege":[]}
[2015-09-22 15:27:54][debug] --------------------------------------------------------------------
[2015-09-22 16:06:12][debug] --------------------------------------------------------------------
[2015-09-22 16:06:12][debug] 授权成功！
[2015-09-22 16:06:12][debug] 微信用户信息：{"openid":"oXU1ruIG_y53KQM_Ocrya00W95xo","nickname":"hyl","sex":2,"language":"zh_CN","city":"","province":"","country":"中国","headimgurl":"","privilege":[]}
[2015-09-22 16:06:12][debug] --------------------------------------------------------------------
[2015-09-22 22:13:57][debug] openid1->oXU1ruIG_y53KQM_Ocrya00W95xo
[2015-09-22 22:13:57][debug] openid2->oXU1ruIG_y53KQM_Ocrya00W95xo
[2015-09-22 22:13:57][debug] out_trade_no->127060920120150922221357
[2015-09-22 22:14:01][debug] jsApiParameters->{"appId":"wx7851b75090b42312","nonceStr":"9iva6l1p4gg11g1bdepp3iqe31y9wlyy","package":"prepay_id=wx20150922221401a68d182cd90415327451","signType":"MD5","timeStamp":"1442931241","paySign":"5D29E6BE8BC7E7142D636406D4DA7608"}
[2015-09-22 22:14:28][debug] openid1->oXU1ruIG_y53KQM_Ocrya00W95xo
[2015-09-22 22:14:28][debug] openid2->oXU1ruIG_y53KQM_Ocrya00W95xo
[2015-09-22 22:14:28][debug] out_trade_no->127060920120150922221428
[2015-09-22 22:14:28][debug] jsApiParameters->{"appId":"wx7851b75090b42312","nonceStr":"0aciqoliy1wsuqfkmq3ee26mww14gk19","package":"prepay_id=wx201509222214281dccbe2a790550067566","signType":"MD5","timeStamp":"1442931268","paySign":"1A98B98F1DD222F1A07FE0CED9FB8C25"}
[2015-09-22 16:14:57][debug] updateOrder_transaction_id->
