[2015-10-18 00:13:10][debug] forword：
[2015-10-18 00:13:40][debug] forword：
[2015-10-18 00:42:02][debug] forword：0
[2015-10-18 00:42:02][debug] forword：0
[2015-10-18 00:42:03][debug] forword：0))['.(.),]
[2015-10-18 00:42:03][debug] forword：0
[2015-10-18 00:42:04][debug] forword：0' UNION ALL SELECT CONCAT(0x716b756a71,0x4b5163596666574b5461,0x7170656b71)#
[2015-10-18 00:42:04][debug] forword：0') UNION ALL SELECT NULL,CONCAT(0x716b756a71,0x4b5163596666574b5461,0x7170656b71)#
[2015-10-18 00:42:05][debug] forword：0' UNION ALL SELECT CONCAT(0x716b756a71,0x4b5163596666574b5461,0x7170656b71),NULL#
[2015-10-18 00:42:05][debug] forword：0' UNION ALL SELECT NULL,CONCAT(0x716b756a71,0x4b5163596666574b5461,0x7170656b71)#
[2015-10-18 00:42:06][debug] forword：0') UNION ALL SELECT NULL,NULL,CONCAT(0x716b756a71,0x4b5163596666574b5461,0x7170656b71)#
[2015-10-18 00:42:06][debug] forword：0') UNION ALL SELECT NULL,NULL,NULL,CONCAT(0x716b756a71,0x4b5163596666574b5461,0x7170656b71)#
[2015-10-18 00:42:07][debug] forword：0' UNION ALL SELECT CONCAT(0x716b756a71,0x4b5163596666574b5461,0x7170656b71),NULL,NULL#
[2015-10-18 00:42:07][debug] forword：0' UNION ALL SELECT NULL,CONCAT(0x716b756a71,0x4b5163596666574b5461,0x7170656b71),NULL#
[2015-10-18 00:42:08][debug] forword：0' UNION ALL SELECT NULL,NULL,CONCAT(0x716b756a71,0x4b5163596666574b5461,0x7170656b71)#
[2015-10-18 00:42:08][debug] forword：0') UNION ALL SELECT NULL,NULL,NULL,CONCAT(0x716b756a71,0x4b5163596666574b5461,0x7170656b71)#
[2015-10-18 00:42:09][debug] forword：0') UNION ALL SELECT NULL,NULL,NULL,NULL,CONCAT(0x716b756a71,0x4b5163596666574b5461,0x7170656b71)#
[2015-10-18 00:42:09][debug] forword：0') UNION ALL SELECT NULL,NULL,NULL,NULL,NULL,CONCAT(0x716b756a71,0x4b5163596666574b5461,0x7170656b71)#
[2015-10-18 00:42:10][debug] forword：0' UNION ALL SELECT CONCAT(0x716b756a71,0x4b5163596666574b5461,0x7170656b71),NULL,NULL,NULL#
[2015-10-18 00:42:10][debug] forword：0' UNION ALL SELECT NULL,CONCAT(0x716b756a71,0x4b5163596666574b5461,0x7170656b71),NULL,NULL#
[2015-10-18 00:42:11][debug] forword：0' UNION ALL SELECT NULL,NULL,CONCAT(0x716b756a71,0x4b5163596666574b5461,0x7170656b71),NULL#
[2015-10-18 00:42:11][debug] forword：0' UNION ALL SELECT NULL,NULL,NULL,CONCAT(0x716b756a71,0x4b5163596666574b5461,0x7170656b71)#
[2015-10-18 00:42:12][debug] forword：0') UNION ALL SELECT NULL,NULL,NULL,NULL,CONCAT(0x716b756a71,0x4b5163596666574b5461,0x7170656b71)#
[2015-10-18 00:42:12][debug] forword：0') UNION ALL SELECT NULL,NULL,NULL,NULL,NULL,CONCAT(0x716b756a71,0x4b5163596666574b5461,0x7170656b71)#
[2015-10-18 00:42:13][debug] forword：0') UNION ALL SELECT NULL,NULL,NULL,NULL,NULL,NULL,CONCAT(0x716b756a71,0x4b5163596666574b5461,0x7170656b71)#
[2015-10-18 00:42:13][debug] forword：0') UNION ALL SELECT NULL,NULL,NULL,NULL,NULL,NULL,NULL,CONCAT(0x716b756a71,0x4b5163596666574b5461,0x7170656b71)#
[2015-10-18 00:42:14][debug] forword：0' UNION ALL SELECT CONCAT(0x716b756a71,0x4b5163596666574b5461,0x7170656b71),NULL,NULL,NULL,NULL#
[2015-10-18 00:42:14][debug] forword：0' UNION ALL SELECT NULL,CONCAT(0x716b756a71,0x4b5163596666574b5461,0x7170656b71),NULL,NULL,NULL#
[2015-10-18 00:42:15][debug] forword：0' UNION ALL SELECT NULL,NULL,CONCAT(0x716b756a71,0x4b5163596666574b5461,0x7170656b71),NULL,NULL#
[2015-10-18 00:42:16][debug] forword：0' UNION ALL SELECT NULL,NULL,NULL,CONCAT(0x716b756a71,0x4b5163596666574b5461,0x7170656b71),NULL#
[2015-10-18 00:42:16][debug] forword：0' UNION ALL SELECT NULL,NULL,NULL,NULL,CONCAT(0x716b756a71,0x4b5163596666574b5461,0x7170656b71)#
[2015-10-18 00:42:17][debug] forword：0') UNION ALL SELECT NULL,NULL,NULL,NULL,NULL,CONCAT(0x716b756a71,0x4b5163596666574b5461,0x7170656b71)#
[2015-10-18 00:42:17][debug] forword：0') UNION ALL SELECT NULL,NULL,NULL,NULL,NULL,NULL,CONCAT(0x716b756a71,0x4b5163596666574b5461,0x7170656b71)#
[2015-10-18 00:42:18][debug] forword：0') UNION ALL SELECT NULL,NULL,NULL,NULL,NULL,NULL,NULL,CONCAT(0x716b756a71,0x4b5163596666574b5461,0x7170656b71)#
[2015-10-18 00:42:18][debug] forword：0') UNION ALL SELECT NULL,NULL,NULL,NULL,NULL,NULL,NULL,NULL,CONCAT(0x716b756a71,0x4b5163596666574b5461,0x7170656b71)#
[2015-10-18 00:42:19][debug] forword：0') UNION ALL SELECT NULL,NULL,NULL,NULL,NULL,NULL,NULL,NULL,NULL,CONCAT(0x716b756a71,0x4b5163596666574b5461,0x7170656b71)#
[2015-10-18 00:42:19][debug] forword：0' UNION ALL SELECT CONCAT(0x716b756a71,0x4b5163596666574b5461,0x7170656b71),NULL,NULL,NULL,NULL,NULL#
[2015-10-18 00:42:20][debug] forword：0' UNION ALL SELECT NULL,CONCAT(0x716b756a71,0x4b5163596666574b5461,0x7170656b71),NULL,NULL,NULL,NULL#
[2015-10-18 00:42:20][debug] forword：0
[2015-10-18 00:42:20][debug] forword：0' UNION ALL SELECT NULL,NULL,CONCAT(0x716b756a71,0x4b5163596666574b5461,0x7170656b71),NULL,NULL,NULL#
[2015-10-18 00:42:21][debug] forword：0' UNION ALL SELECT NULL,NULL,NULL,CONCAT(0x716b756a71,0x4b5163596666574b5461,0x7170656b71),NULL,NULL#
[2015-10-18 00:42:21][debug] forword：0' UNION ALL SELECT NULL,NULL,NULL,NULL,CONCAT(0x716b756a71,0x4b5163596666574b5461,0x7170656b71),NULL#
[2015-10-18 00:42:22][debug] forword：0' UNION ALL SELECT NULL,NULL,NULL,NULL,NULL,CONCAT(0x716b756a71,0x4b5163596666574b5461,0x7170656b71)#
[2015-10-18 00:42:22][debug] forword：0') UNION ALL SELECT NULL,NULL,NULL,NULL,NULL,NULL,CONCAT(0x716b756a71,0x4b5163596666574b5461,0x7170656b71)#
[2015-10-18 00:42:23][debug] forword：0') UNION ALL SELECT NULL,NULL,NULL,NULL,NULL,NULL,NULL,CONCAT(0x716b756a71,0x4b5163596666574b5461,0x7170656b71)#
[2015-10-18 00:42:23][debug] forword：0') UNION ALL SELECT NULL,NULL,NULL,NULL,NULL,NULL,NULL,NULL,CONCAT(0x716b756a71,0x4b5163596666574b5461,0x7170656b71)#
[2015-10-18 00:42:24][debug] forword：0') UNION ALL SELECT NULL,NULL,NULL,NULL,NULL,NULL,NULL,NULL,NULL,CONCAT(0x716b756a71,0x4b5163596666574b5461,0x7170656b71)#
[2015-10-18 00:42:24][debug] forword：0') UNION ALL SELECT NULL,NULL,NULL,NULL,NULL,NULL,NULL,NULL,NULL,NULL,CONCAT(0x716b756a71,0x4b5163596666574b5461,0x7170656b71)#
[2015-10-18 00:42:25][debug] forword：0') UNION ALL SELECT NULL,NULL,NULL,NULL,NULL,NULL,NULL,NULL,NULL,NULL,NULL,CONCAT(0x716b756a71,0x4b5163596666574b5461,0x7170656b71)#
[2015-10-18 00:42:25][debug] forword：0' UNION ALL SELECT CONCAT(0x716b756a71,0x4b5163596666574b5461,0x7170656b71),NULL,NULL,NULL,NULL,NULL,NULL#
[2015-10-18 00:42:26][debug] forword：0' UNION ALL SELECT NULL,CONCAT(0x716b756a71,0x4b5163596666574b5461,0x7170656b71),NULL,NULL,NULL,NULL,NULL#
[2015-10-18 00:42:26][debug] forword：0' UNION ALL SELECT NULL,NULL,CONCAT(0x716b756a71,0x4b5163596666574b5461,0x7170656b71),NULL,NULL,NULL,NULL#
[2015-10-18 00:42:27][debug] forword：0' UNION ALL SELECT NULL,NULL,NULL,CONCAT(0x716b756a71,0x4b5163596666574b5461,0x7170656b71),NULL,NULL,NULL#
[2015-10-18 00:42:27][debug] forword：0' UNION ALL SELECT NULL,NULL,NULL,NULL,CONCAT(0x716b756a71,0x4b5163596666574b5461,0x7170656b71),NULL,NULL#
[2015-10-18 00:42:28][debug] forword：0' UNION ALL SELECT NULL,NULL,NULL,NULL,NULL,CONCAT(0x716b756a71,0x4b5163596666574b5461,0x7170656b71),NULL#
[2015-10-18 00:42:28][debug] forword：0' UNION ALL SELECT NULL,NULL,NULL,NULL,NULL,NULL,CONCAT(0x716b756a71,0x4b5163596666574b5461,0x7170656b71)#
[2015-10-18 00:42:29][debug] forword：0') UNION ALL SELECT NULL,NULL,NULL,NULL,NULL,NULL,NULL,CONCAT(0x716b756a71,0x4b5163596666574b5461,0x7170656b71)#
[2015-10-18 00:42:29][debug] forword：0') UNION ALL SELECT NULL,NULL,NULL,NULL,NULL,NULL,NULL,NULL,CONCAT(0x716b756a71,0x4b5163596666574b5461,0x7170656b71)#
[2015-10-18 00:42:30][debug] forword：0') UNION ALL SELECT NULL,NULL,NULL,NULL,NULL,NULL,NULL,NULL,NULL,CONCAT(0x716b756a71,0x4b5163596666574b5461,0x7170656b71)#
[2015-10-18 00:42:30][debug] forword：0') UNION ALL SELECT NULL,NULL,NULL,NULL,NULL,NULL,NULL,NULL,NULL,NULL,CONCAT(0x716b756a71,0x4b5163596666574b5461,0x7170656b71)#
[2015-10-18 00:42:31][debug] forword：0') UNION ALL SELECT NULL,NULL,NULL,NULL,NULL,NULL,NULL,NULL,NULL,NULL,NULL,CONCAT(0x716b756a71,0x4b5163596666574b5461,0x7170656b71)#
[2015-10-18 00:42:31][debug] forword：0') UNION ALL SELECT NULL,NULL,NULL,NULL,NULL,NULL,NULL,NULL,NULL,NULL,NULL,NULL,CONCAT(0x716b756a71,0x4b5163596666574b5461,0x7170656b71)#
[2015-10-18 00:42:32][debug] forword：0') UNION ALL SELECT NULL,NULL,NULL,NULL,NULL,NULL,NULL,NULL,NULL,NULL,NULL,NULL,NULL,CONCAT(0x716b756a71,0x4b5163596666574b5461,0x7170656b71)#
[2015-10-18 00:42:32][debug] forword：0' UNION ALL SELECT CONCAT(0x716b756a71,0x4b5163596666574b5461,0x7170656b71),NULL,NULL,NULL,NULL,NULL,NULL,NULL#
[2015-10-18 00:42:33][debug] forword：0' UNION ALL SELECT NULL,CONCAT(0x716b756a71,0x4b5163596666574b5461,0x7170656b71),NULL,NULL,NULL,NULL,NULL,NULL#
[2015-10-18 00:42:33][debug] forword：0' UNION ALL SELECT NULL,NULL,CONCAT(0x716b756a71,0x4b5163596666574b5461,0x7170656b71),NULL,NULL,NULL,NULL,NULL#
[2015-10-18 00:42:34][debug] forword：0' UNION ALL SELECT NULL,NULL,NULL,CONCAT(0x716b756a71,0x4b5163596666574b5461,0x7170656b71),NULL,NULL,NULL,NULL#
[2015-10-18 00:42:34][debug] forword：0' UNION ALL SELECT NULL,NULL,NULL,NULL,CONCAT(0x716b756a71,0x4b5163596666574b5461,0x7170656b71),NULL,NULL,NULL#
[2015-10-18 00:42:35][debug] forword：0' UNION ALL SELECT NULL,NULL,NULL,NULL,NULL,CONCAT(0x716b756a71,0x4b5163596666574b5461,0x7170656b71),NULL,NULL#
[2015-10-18 00:42:35][debug] forword：0' UNION ALL SELECT NULL,NULL,NULL,NULL,NULL,NULL,CONCAT(0x716b756a71,0x4b5163596666574b5461,0x7170656b71),NULL#
[2015-10-18 00:42:36][debug] forword：0' UNION ALL SELECT NULL,NULL,NULL,NULL,NULL,NULL,NULL,CONCAT(0x716b756a71,0x4b5163596666574b5461,0x7170656b71)#
[2015-10-18 00:42:36][debug] forword：0') UNION ALL SELECT NULL,NULL,NULL,NULL,NULL,NULL,NULL,NULL,CONCAT(0x716b756a71,0x4b5163596666574b5461,0x7170656b71)#
[2015-10-18 00:42:37][debug] forword：0') UNION ALL SELECT NULL,NULL,NULL,NULL,NULL,NULL,NULL,NULL,NULL,CONCAT(0x716b756a71,0x4b5163596666574b5461,0x7170656b71)#
[2015-10-18 00:42:37][debug] forword：0') UNION ALL SELECT NULL,NULL,NULL,NULL,NULL,NULL,NULL,NULL,NULL,NULL,CONCAT(0x716b756a71,0x4b5163596666574b5461,0x7170656b71)#
[2015-10-18 00:42:38][debug] forword：0') UNION ALL SELECT NULL,NULL,NULL,NULL,NULL,NULL,NULL,NULL,NULL,NULL,NULL,CONCAT(0x716b756a71,0x4b5163596666574b5461,0x7170656b71)#
[2015-10-18 00:42:38][debug] forword：0') UNION ALL SELECT NULL,NULL,NULL,NULL,NULL,NULL,NULL,NULL,NULL,NULL,NULL,NULL,CONCAT(0x716b756a71,0x4b5163596666574b5461,0x7170656b71)#
[2015-10-18 00:42:39][debug] forword：0') UNION ALL SELECT NULL,NULL,NULL,NULL,NULL,NULL,NULL,NULL,NULL,NULL,NULL,NULL,NULL,CONCAT(0x716b756a71,0x4b5163596666574b5461,0x7170656b71)#
[2015-10-18 00:42:39][debug] forword：0') UNION ALL SELECT NULL,NULL,NULL,NULL,NULL,NULL,NULL,NULL,NULL,NULL,NULL,NULL,NULL,NULL,CONCAT(0x716b756a71,0x4b5163596666574b5461,0x7170656b71)#
[2015-10-18 00:42:40][debug] forword：0') UNION ALL SELECT NULL,NULL,NULL,NULL,NULL,NULL,NULL,NULL,NULL,NULL,NULL,NULL,NULL,NULL,NULL,CONCAT(0x716b756a71,0x4b5163596666574b5461,0x7170656b71)#
[2015-10-18 00:42:40][debug] forword：0' UNION ALL SELECT CONCAT(0x716b756a71,0x4b5163596666574b5461,0x7170656b71),NULL,NULL,NULL,NULL,NULL,NULL,NULL,NULL#
[2015-10-18 00:42:41][debug] forword：0' UNION ALL SELECT NULL,CONCAT(0x716b756a71,0x4b5163596666574b5461,0x7170656b71),NULL,NULL,NULL,NULL,NULL,NULL,NULL#
[2015-10-18 00:42:41][debug] forword：0' UNION ALL SELECT NULL,NULL,CONCAT(0x716b756a71,0x4b5163596666574b5461,0x7170656b71),NULL,NULL,NULL,NULL,NULL,NULL#
[2015-10-18 00:42:42][debug] forword：0' UNION ALL SELECT NULL,NULL,NULL,CONCAT(0x716b756a71,0x4b5163596666574b5461,0x7170656b71),NULL,NULL,NULL,NULL,NULL#
[2015-10-18 00:42:42][debug] forword：0' UNION ALL SELECT NULL,NULL,NULL,NULL,CONCAT(0x716b756a71,0x4b5163596666574b5461,0x7170656b71),NULL,NULL,NULL,NULL#
[2015-10-18 00:42:43][debug] forword：0' UNION ALL SELECT NULL,NULL,NULL,NULL,NULL,CONCAT(0x716b756a71,0x4b5163596666574b5461,0x7170656b71),NULL,NULL,NULL#
[2015-10-18 00:42:43][debug] forword：0' UNION ALL SELECT NULL,NULL,NULL,NULL,NULL,NULL,CONCAT(0x716b756a71,0x4b5163596666574b5461,0x7170656b71),NULL,NULL#
[2015-10-18 00:42:44][debug] forword：0' UNION ALL SELECT NULL,NULL,NULL,NULL,NULL,NULL,NULL,CONCAT(0x716b756a71,0x4b5163596666574b5461,0x7170656b71),NULL#
[2015-10-18 00:42:44][debug] forword：0' UNION ALL SELECT NULL,NULL,NULL,NULL,NULL,NULL,NULL,NULL,CONCAT(0x716b756a71,0x4b5163596666574b5461,0x7170656b71)#
[2015-10-18 00:42:45][debug] forword：0') UNION ALL SELECT NULL,NULL,NULL,NULL,NULL,NULL,NULL,NULL,NULL,CONCAT(0x716b756a71,0x4b5163596666574b5461,0x7170656b71)#
[2015-10-18 00:42:45][debug] forword：0') UNION ALL SELECT NULL,NULL,NULL,NULL,NULL,NULL,NULL,NULL,NULL,NULL,CONCAT(0x716b756a71,0x4b5163596666574b5461,0x7170656b71)#
[2015-10-18 00:42:46][debug] forword：0') UNION ALL SELECT NULL,NULL,NULL,NULL,NULL,NULL,NULL,NULL,NULL,NULL,NULL,CONCAT(0x716b756a71,0x4b5163596666574b5461,0x7170656b71)#
[2015-10-18 00:42:46][debug] forword：0') UNION ALL SELECT NULL,NULL,NULL,NULL,NULL,NULL,NULL,NULL,NULL,NULL,NULL,NULL,CONCAT(0x716b756a71,0x4b5163596666574b5461,0x7170656b71)#
[2015-10-18 00:42:47][debug] forword：0') UNION ALL SELECT NULL,NULL,NULL,NULL,NULL,NULL,NULL,NULL,NULL,NULL,NULL,NULL,NULL,CONCAT(0x716b756a71,0x4b5163596666574b5461,0x7170656b71)#
[2015-10-18 00:42:47][debug] forword：0') UNION ALL SELECT NULL,NULL,NULL,NULL,NULL,NULL,NULL,NULL,NULL,NULL,NULL,NULL,NULL,NULL,CONCAT(0x716b756a71,0x4b5163596666574b5461,0x7170656b71)#
[2015-10-18 00:42:48][debug] forword：0') UNION ALL SELECT NULL,NULL,NULL,NULL,NULL,NULL,NULL,NULL,NULL,NULL,NULL,NULL,NULL,NULL,NULL,CONCAT(0x716b756a71,0x4b5163596666574b5461,0x7170656b71)#
[2015-10-18 00:42:48][debug] forword：0') UNION ALL SELECT NULL,NULL,NULL,NULL,NULL,NULL,NULL,NULL,NULL,NULL,NULL,NULL,NULL,NULL,NULL,NULL,CONCAT(0x716b756a71,0x4b5163596666574b5461,0x7170656b71)#
[2015-10-18 00:42:49][debug] forword：0') UNION ALL SELECT NULL,NULL,NULL,NULL,NULL,NULL,NULL,NULL,NULL,NULL,NULL,NULL,NULL,NULL,NULL,NULL,NULL,CONCAT(0x716b756a71,0x4b5163596666574b5461,0x7170656b71)#
[2015-10-18 00:42:49][debug] forword：0' UNION ALL SELECT CONCAT(0x716b756a71,0x4b5163596666574b5461,0x7170656b71),NULL,NULL,NULL,NULL,NULL,NULL,NULL,NULL,NULL#
[2015-10-18 00:42:50][debug] forword：0' UNION ALL SELECT NULL,CONCAT(0x716b756a71,0x4b5163596666574b5461,0x7170656b71),NULL,NULL,NULL,NULL,NULL,NULL,NULL,NULL#
[2015-10-18 00:42:50][debug] forword：0' UNION ALL SELECT NULL,NULL,CONCAT(0x716b756a71,0x4b5163596666574b5461,0x7170656b71),NULL,NULL,NULL,NULL,NULL,NULL,NULL#
[2015-10-18 00:42:51][debug] forword：0' UNION ALL SELECT NULL,NULL,NULL,CONCAT(0x716b756a71,0x4b5163596666574b5461,0x7170656b71),NULL,NULL,NULL,NULL,NULL,NULL#
[2015-10-18 00:42:51][debug] forword：0' UNION ALL SELECT NULL,NULL,NULL,NULL,CONCAT(0x716b756a71,0x4b5163596666574b5461,0x7170656b71),NULL,NULL,NULL,NULL,NULL#
[2015-10-18 00:42:52][debug] forword：0' UNION ALL SELECT NULL,NULL,NULL,NULL,NULL,CONCAT(0x716b756a71,0x4b5163596666574b5461,0x7170656b71),NULL,NULL,NULL,NULL#
[2015-10-18 00:42:53][debug] forword：0' UNION ALL SELECT NULL,NULL,NULL,NULL,NULL,NULL,CONCAT(0x716b756a71,0x4b5163596666574b5461,0x7170656b71),NULL,NULL,NULL#
[2015-10-18 00:42:53][debug] forword：0' UNION ALL SELECT NULL,NULL,NULL,NULL,NULL,NULL,NULL,CONCAT(0x716b756a71,0x4b5163596666574b5461,0x7170656b71),NULL,NULL#
[2015-10-18 00:42:54][debug] forword：0' UNION ALL SELECT NULL,NULL,NULL,NULL,NULL,NULL,NULL,NULL,CONCAT(0x716b756a71,0x4b5163596666574b5461,0x7170656b71),NULL#
[2015-10-18 00:42:54][debug] forword：0' UNION ALL SELECT NULL,NULL,NULL,NULL,NULL,NULL,NULL,NULL,NULL,CONCAT(0x716b756a71,0x4b5163596666574b5461,0x7170656b71)#
[2015-10-18 00:42:55][debug] forword：0') UNION ALL SELECT NULL,NULL,NULL,NULL,NULL,NULL,NULL,NULL,NULL,NULL,CONCAT(0x716b756a71,0x4b5163596666574b5461,0x7170656b71)#
[2015-10-18 00:42:55][debug] forword：0') UNION ALL SELECT NULL,NULL,NULL,NULL,NULL,NULL,NULL,NULL,NULL,NULL,NULL,CONCAT(0x716b756a71,0x4b5163596666574b5461,0x7170656b71)#
[2015-10-18 00:42:56][debug] forword：0') UNION ALL SELECT NULL,NULL,NULL,NULL,NULL,NULL,NULL,NULL,NULL,NULL,NULL,NULL,CONCAT(0x716b756a71,0x4b5163596666574b5461,0x7170656b71)#
[2015-10-18 00:42:56][debug] forword：0') UNION ALL SELECT NULL,NULL,NULL,NULL,NULL,NULL,NULL,NULL,NULL,NULL,NULL,NULL,NULL,CONCAT(0x716b756a71,0x4b5163596666574b5461,0x7170656b71)#
[2015-10-18 00:42:57][debug] forword：0') UNION ALL SELECT NULL,NULL,NULL,NULL,NULL,NULL,NULL,NULL,NULL,NULL,NULL,NULL,NULL,NULL,CONCAT(0x716b756a71,0x4b5163596666574b5461,0x7170656b71)#
[2015-10-18 00:42:57][debug] forword：0') UNION ALL SELECT NULL,NULL,NULL,NULL,NULL,NULL,NULL,NULL,NULL,NULL,NULL,NULL,NULL,NULL,NULL,CONCAT(0x716b756a71,0x4b5163596666574b5461,0x7170656b71)#
[2015-10-18 00:42:58][debug] forword：0') UNION ALL SELECT NULL,NULL,NULL,NULL,NULL,NULL,NULL,NULL,NULL,NULL,NULL,NULL,NULL,NULL,NULL,NULL,CONCAT(0x716b756a71,0x4b5163596666574b5461,0x7170656b71)#
[2015-10-18 00:42:58][debug] forword：0') UNION ALL SELECT NULL,NULL,NULL,NULL,NULL,NULL,NULL,NULL,NULL,NULL,NULL,NULL,NULL,NULL,NULL,NULL,NULL,CONCAT(0x716b756a71,0x4b5163596666574b5461,0x7170656b71)#
[2015-10-18 00:42:59][debug] forword：0') UNION ALL SELECT NULL,NULL,NULL,NULL,NULL,NULL,NULL,NULL,NULL,NULL,NULL,NULL,NULL,NULL,NULL,NULL,NULL,NULL,CONCAT(0x716b756a71,0x4b5163596666574b5461,0x7170656b71)#
[2015-10-18 00:42:59][debug] forword：0') UNION ALL SELECT NULL,NULL,NULL,NULL,NULL,NULL,NULL,NULL,NULL,NULL,NULL,NULL,NULL,NULL,NULL,NULL,NULL,NULL,NULL,CONCAT(0x716b756a71,0x4b5163596666574b5461,0x7170656b71)#
[2015-10-18 00:43:00][debug] forword：0 UNION ALL SELECT CONCAT(0x716b756a71,0x4b5163596666574b5461,0x7170656b71)#
[2015-10-18 00:43:00][debug] forword：0) UNION ALL SELECT NULL,CONCAT(0x716b756a71,0x4b5163596666574b5461,0x7170656b71)#
[2015-10-18 00:43:01][debug] forword：0 UNION ALL SELECT CONCAT(0x716b756a71,0x4b5163596666574b5461,0x7170656b71),NULL#
[2015-10-18 00:43:01][debug] forword：0 UNION ALL SELECT NULL,CONCAT(0x716b756a71,0x4b5163596666574b5461,0x7170656b71)#
[2015-10-18 00:43:02][debug] forword：0) UNION ALL SELECT NULL,NULL,CONCAT(0x716b756a71,0x4b5163596666574b5461,0x7170656b71)#
[2015-10-18 00:43:02][debug] forword：0) UNION ALL SELECT NULL,NULL,NULL,CONCAT(0x716b756a71,0x4b5163596666574b5461,0x7170656b71)#
[2015-10-18 00:43:03][debug] forword：0 UNION ALL SELECT CONCAT(0x716b756a71,0x4b5163596666574b5461,0x7170656b71),NULL,NULL#
[2015-10-18 00:43:03][debug] forword：0 UNION ALL SELECT NULL,CONCAT(0x716b756a71,0x4b5163596666574b5461,0x7170656b71),NULL#
[2015-10-18 00:43:04][debug] forword：0 UNION ALL SELECT NULL,NULL,CONCAT(0x716b756a71,0x4b5163596666574b5461,0x7170656b71)#
[2015-10-18 00:43:04][debug] forword：0) UNION ALL SELECT NULL,NULL,NULL,CONCAT(0x716b756a71,0x4b5163596666574b5461,0x7170656b71)#
[2015-10-18 00:43:05][debug] forword：0) UNION ALL SELECT NULL,NULL,NULL,NULL,CONCAT(0x716b756a71,0x4b5163596666574b5461,0x7170656b71)#
[2015-10-18 00:43:05][debug] forword：0) UNION ALL SELECT NULL,NULL,NULL,NULL,NULL,CONCAT(0x716b756a71,0x4b5163596666574b5461,0x7170656b71)#
[2015-10-18 00:43:06][debug] forword：0 UNION ALL SELECT CONCAT(0x716b756a71,0x4b5163596666574b5461,0x7170656b71),NULL,NULL,NULL#
[2015-10-18 00:43:06][debug] forword：0 UNION ALL SELECT NULL,CONCAT(0x716b756a71,0x4b5163596666574b5461,0x7170656b71),NULL,NULL#
[2015-10-18 00:43:07][debug] forword：0 UNION ALL SELECT NULL,NULL,CONCAT(0x716b756a71,0x4b5163596666574b5461,0x7170656b71),NULL#
[2015-10-18 00:43:07][debug] forword：0 UNION ALL SELECT NULL,NULL,NULL,CONCAT(0x716b756a71,0x4b5163596666574b5461,0x7170656b71)#
[2015-10-18 00:43:08][debug] forword：0) UNION ALL SELECT NULL,NULL,NULL,NULL,CONCAT(0x716b756a71,0x4b5163596666574b5461,0x7170656b71)#
[2015-10-18 00:43:08][debug] forword：0) UNION ALL SELECT NULL,NULL,NULL,NULL,NULL,CONCAT(0x716b756a71,0x4b5163596666574b5461,0x7170656b71)#
[2015-10-18 00:43:09][debug] forword：0) UNION ALL SELECT NULL,NULL,NULL,NULL,NULL,NULL,CONCAT(0x716b756a71,0x4b5163596666574b5461,0x7170656b71)#
[2015-10-18 00:43:09][debug] forword：0) UNION ALL SELECT NULL,NULL,NULL,NULL,NULL,NULL,NULL,CONCAT(0x716b756a71,0x4b5163596666574b5461,0x7170656b71)#
[2015-10-18 00:43:10][debug] forword：0 UNION ALL SELECT CONCAT(0x716b756a71,0x4b5163596666574b5461,0x7170656b71),NULL,NULL,NULL,NULL#
[2015-10-18 00:43:10][debug] forword：0 UNION ALL SELECT NULL,CONCAT(0x716b756a71,0x4b5163596666574b5461,0x7170656b71),NULL,NULL,NULL#
[2015-10-18 00:43:11][debug] forword：0 UNION ALL SELECT NULL,NULL,CONCAT(0x716b756a71,0x4b5163596666574b5461,0x7170656b71),NULL,NULL#
[2015-10-18 00:43:11][debug] forword：0 UNION ALL SELECT NULL,NULL,NULL,CONCAT(0x716b756a71,0x4b5163596666574b5461,0x7170656b71),NULL#
[2015-10-18 00:43:12][debug] forword：0 UNION ALL SELECT NULL,NULL,NULL,NULL,CONCAT(0x716b756a71,0x4b5163596666574b5461,0x7170656b71)#
[2015-10-18 00:43:12][debug] forword：0) UNION ALL SELECT NULL,NULL,NULL,NULL,NULL,CONCAT(0x716b756a71,0x4b5163596666574b5461,0x7170656b71)#
[2015-10-18 00:43:13][debug] forword：0) UNION ALL SELECT NULL,NULL,NULL,NULL,NULL,NULL,CONCAT(0x716b756a71,0x4b5163596666574b5461,0x7170656b71)#
[2015-10-18 00:43:13][debug] forword：0) UNION ALL SELECT NULL,NULL,NULL,NULL,NULL,NULL,NULL,CONCAT(0x716b756a71,0x4b5163596666574b5461,0x7170656b71)#
[2015-10-18 00:43:14][debug] forword：0) UNION ALL SELECT NULL,NULL,NULL,NULL,NULL,NULL,NULL,NULL,CONCAT(0x716b756a71,0x4b5163596666574b5461,0x7170656b71)#
[2015-10-18 00:43:14][debug] forword：0) UNION ALL SELECT NULL,NULL,NULL,NULL,NULL,NULL,NULL,NULL,NULL,CONCAT(0x716b756a71,0x4b5163596666574b5461,0x7170656b71)#
[2015-10-18 00:43:15][debug] forword：0 UNION ALL SELECT CONCAT(0x716b756a71,0x4b5163596666574b5461,0x7170656b71),NULL,NULL,NULL,NULL,NULL#
[2015-10-18 00:43:15][debug] forword：0 UNION ALL SELECT NULL,CONCAT(0x716b756a71,0x4b5163596666574b5461,0x7170656b71),NULL,NULL,NULL,NULL#
[2015-10-18 00:43:16][debug] forword：0 UNION ALL SELECT NULL,NULL,CONCAT(0x716b756a71,0x4b5163596666574b5461,0x7170656b71),NULL,NULL,NULL#
[2015-10-18 00:43:16][debug] forword：0 UNION ALL SELECT NULL,NULL,NULL,CONCAT(0x716b756a71,0x4b5163596666574b5461,0x7170656b71),NULL,NULL#
[2015-10-18 00:43:17][debug] forword：0 UNION ALL SELECT NULL,NULL,NULL,NULL,CONCAT(0x716b756a71,0x4b5163596666574b5461,0x7170656b71),NULL#
[2015-10-18 00:43:17][debug] forword：0 UNION ALL SELECT NULL,NULL,NULL,NULL,NULL,CONCAT(0x716b756a71,0x4b5163596666574b5461,0x7170656b71)#
[2015-10-18 00:43:18][debug] forword：0) UNION ALL SELECT NULL,NULL,NULL,NULL,NULL,NULL,CONCAT(0x716b756a71,0x4b5163596666574b5461,0x7170656b71)#
[2015-10-18 00:43:18][debug] forword：0) UNION ALL SELECT NULL,NULL,NULL,NULL,NULL,NULL,NULL,CONCAT(0x716b756a71,0x4b5163596666574b5461,0x7170656b71)#
[2015-10-18 00:43:19][debug] forword：0) UNION ALL SELECT NULL,NULL,NULL,NULL,NULL,NULL,NULL,NULL,CONCAT(0x716b756a71,0x4b5163596666574b5461,0x7170656b71)#
[2015-10-18 00:43:19][debug] forword：0) UNION ALL SELECT NULL,NULL,NULL,NULL,NULL,NULL,NULL,NULL,NULL,CONCAT(0x716b756a71,0x4b5163596666574b5461,0x7170656b71)#
[2015-10-18 00:43:20][debug] forword：0) UNION ALL SELECT NULL,NULL,NULL,NULL,NULL,NULL,NULL,NULL,NULL,NULL,CONCAT(0x716b756a71,0x4b5163596666574b5461,0x7170656b71)#
[2015-10-18 00:43:20][debug] forword：0) UNION ALL SELECT NULL,NULL,NULL,NULL,NULL,NULL,NULL,NULL,NULL,NULL,NULL,CONCAT(0x716b756a71,0x4b5163596666574b5461,0x7170656b71)#
[2015-10-18 00:43:21][debug] forword：0 UNION ALL SELECT CONCAT(0x716b756a71,0x4b5163596666574b5461,0x7170656b71),NULL,NULL,NULL,NULL,NULL,NULL#
[2015-10-18 00:43:21][debug] forword：0 UNION ALL SELECT NULL,CONCAT(0x716b756a71,0x4b5163596666574b5461,0x7170656b71),NULL,NULL,NULL,NULL,NULL#
[2015-10-18 00:43:22][debug] forword：0 UNION ALL SELECT NULL,NULL,CONCAT(0x716b756a71,0x4b5163596666574b5461,0x7170656b71),NULL,NULL,NULL,NULL#
[2015-10-18 00:43:22][debug] forword：0 UNION ALL SELECT NULL,NULL,NULL,CONCAT(0x716b756a71,0x4b5163596666574b5461,0x7170656b71),NULL,NULL,NULL#
[2015-10-18 00:43:23][debug] forword：0 UNION ALL SELECT NULL,NULL,NULL,NULL,CONCAT(0x716b756a71,0x4b5163596666574b5461,0x7170656b71),NULL,NULL#
[2015-10-18 00:43:23][debug] forword：0 UNION ALL SELECT NULL,NULL,NULL,NULL,NULL,CONCAT(0x716b756a71,0x4b5163596666574b5461,0x7170656b71),NULL#
[2015-10-18 00:43:24][debug] forword：0 UNION ALL SELECT NULL,NULL,NULL,NULL,NULL,NULL,CONCAT(0x716b756a71,0x4b5163596666574b5461,0x7170656b71)#
[2015-10-18 00:43:24][debug] forword：0) UNION ALL SELECT NULL,NULL,NULL,NULL,NULL,NULL,NULL,CONCAT(0x716b756a71,0x4b5163596666574b5461,0x7170656b71)#
[2015-10-18 00:43:25][debug] forword：0) UNION ALL SELECT NULL,NULL,NULL,NULL,NULL,NULL,NULL,NULL,CONCAT(0x716b756a71,0x4b5163596666574b5461,0x7170656b71)#
[2015-10-18 00:43:26][debug] forword：0) UNION ALL SELECT NULL,NULL,NULL,NULL,NULL,NULL,NULL,NULL,NULL,CONCAT(0x716b756a71,0x4b5163596666574b5461,0x7170656b71)#
[2015-10-18 00:43:26][debug] forword：0) UNION ALL SELECT NULL,NULL,NULL,NULL,NULL,NULL,NULL,NULL,NULL,NULL,CONCAT(0x716b756a71,0x4b5163596666574b5461,0x7170656b71)#
[2015-10-18 00:43:27][debug] forword：0) UNION ALL SELECT NULL,NULL,NULL,NULL,NULL,NULL,NULL,NULL,NULL,NULL,NULL,CONCAT(0x716b756a71,0x4b5163596666574b5461,0x7170656b71)#
[2015-10-18 00:43:27][debug] forword：0) UNION ALL SELECT NULL,NULL,NULL,NULL,NULL,NULL,NULL,NULL,NULL,NULL,NULL,NULL,CONCAT(0x716b756a71,0x4b5163596666574b5461,0x7170656b71)#
[2015-10-18 00:43:28][debug] forword：0) UNION ALL SELECT NULL,NULL,NULL,NULL,NULL,NULL,NULL,NULL,NULL,NULL,NULL,NULL,NULL,CONCAT(0x716b756a71,0x4b5163596666574b5461,0x7170656b71)#
[2015-10-18 00:43:28][debug] forword：0 UNION ALL SELECT CONCAT(0x716b756a71,0x4b5163596666574b5461,0x7170656b71),NULL,NULL,NULL,NULL,NULL,NULL,NULL#
[2015-10-18 00:43:29][debug] forword：0 UNION ALL SELECT NULL,CONCAT(0x716b756a71,0x4b5163596666574b5461,0x7170656b71),NULL,NULL,NULL,NULL,NULL,NULL#
[2015-10-18 00:43:29][debug] forword：0 UNION ALL SELECT NULL,NULL,CONCAT(0x716b756a71,0x4b5163596666574b5461,0x7170656b71),NULL,NULL,NULL,NULL,NULL#
[2015-10-18 00:43:30][debug] forword：0 UNION ALL SELECT NULL,NULL,NULL,CONCAT(0x716b756a71,0x4b5163596666574b5461,0x7170656b71),NULL,NULL,NULL,NULL#
[2015-10-18 00:43:30][debug] forword：0 UNION ALL SELECT NULL,NULL,NULL,NULL,CONCAT(0x716b756a71,0x4b5163596666574b5461,0x7170656b71),NULL,NULL,NULL#
[2015-10-18 00:43:31][debug] forword：0 UNION ALL SELECT NULL,NULL,NULL,NULL,NULL,CONCAT(0x716b756a71,0x4b5163596666574b5461,0x7170656b71),NULL,NULL#
[2015-10-18 00:43:31][debug] forword：0 UNION ALL SELECT NULL,NULL,NULL,NULL,NULL,NULL,CONCAT(0x716b756a71,0x4b5163596666574b5461,0x7170656b71),NULL#
[2015-10-18 00:43:32][debug] forword：0 UNION ALL SELECT NULL,NULL,NULL,NULL,NULL,NULL,NULL,CONCAT(0x716b756a71,0x4b5163596666574b5461,0x7170656b71)#
[2015-10-18 00:43:32][debug] forword：0) UNION ALL SELECT NULL,NULL,NULL,NULL,NULL,NULL,NULL,NULL,CONCAT(0x716b756a71,0x4b5163596666574b5461,0x7170656b71)#
[2015-10-18 00:43:33][debug] forword：0) UNION ALL SELECT NULL,NULL,NULL,NULL,NULL,NULL,NULL,NULL,NULL,CONCAT(0x716b756a71,0x4b5163596666574b5461,0x7170656b71)#
[2015-10-18 00:43:33][debug] forword：0) UNION ALL SELECT NULL,NULL,NULL,NULL,NULL,NULL,NULL,NULL,NULL,NULL,CONCAT(0x716b756a71,0x4b5163596666574b5461,0x7170656b71)#
[2015-10-18 00:43:34][debug] forword：0) UNION ALL SELECT NULL,NULL,NULL,NULL,NULL,NULL,NULL,NULL,NULL,NULL,NULL,CONCAT(0x716b756a71,0x4b5163596666574b5461,0x7170656b71)#
[2015-10-18 00:43:34][debug] forword：0) UNION ALL SELECT NULL,NULL,NULL,NULL,NULL,NULL,NULL,NULL,NULL,NULL,NULL,NULL,CONCAT(0x716b756a71,0x4b5163596666574b5461,0x7170656b71)#
[2015-10-18 00:43:35][debug] forword：0) UNION ALL SELECT NULL,NULL,NULL,NULL,NULL,NULL,NULL,NULL,NULL,NULL,NULL,NULL,NULL,CONCAT(0x716b756a71,0x4b5163596666574b5461,0x7170656b71)#
[2015-10-18 00:43:35][debug] forword：0) UNION ALL SELECT NULL,NULL,NULL,NULL,NULL,NULL,NULL,NULL,NULL,NULL,NULL,NULL,NULL,NULL,CONCAT(0x716b756a71,0x4b5163596666574b5461,0x7170656b71)#
[2015-10-18 00:43:36][debug] forword：0) UNION ALL SELECT NULL,NULL,NULL,NULL,NULL,NULL,NULL,NULL,NULL,NULL,NULL,NULL,NULL,NULL,NULL,CONCAT(0x716b756a71,0x4b5163596666574b5461,0x7170656b71)#
[2015-10-18 00:43:36][debug] forword：0 UNION ALL SELECT CONCAT(0x716b756a71,0x4b5163596666574b5461,0x7170656b71),NULL,NULL,NULL,NULL,NULL,NULL,NULL,NULL#
[2015-10-18 00:43:37][debug] forword：0 UNION ALL SELECT NULL,CONCAT(0x716b756a71,0x4b5163596666574b5461,0x7170656b71),NULL,NULL,NULL,NULL,NULL,NULL,NULL#
[2015-10-18 00:43:37][debug] forword：0 UNION ALL SELECT NULL,NULL,CONCAT(0x716b756a71,0x4b5163596666574b5461,0x7170656b71),NULL,NULL,NULL,NULL,NULL,NULL#
[2015-10-18 00:43:38][debug] forword：0 UNION ALL SELECT NULL,NULL,NULL,CONCAT(0x716b756a71,0x4b5163596666574b5461,0x7170656b71),NULL,NULL,NULL,NULL,NULL#
[2015-10-18 00:43:38][debug] forword：0 UNION ALL SELECT NULL,NULL,NULL,NULL,CONCAT(0x716b756a71,0x4b5163596666574b5461,0x7170656b71),NULL,NULL,NULL,NULL#
[2015-10-18 00:43:39][debug] forword：0 UNION ALL SELECT NULL,NULL,NULL,NULL,NULL,CONCAT(0x716b756a71,0x4b5163596666574b5461,0x7170656b71),NULL,NULL,NULL#
[2015-10-18 00:43:39][debug] forword：0 UNION ALL SELECT NULL,NULL,NULL,NULL,NULL,NULL,CONCAT(0x716b756a71,0x4b5163596666574b5461,0x7170656b71),NULL,NULL#
[2015-10-18 00:43:40][debug] forword：0 UNION ALL SELECT NULL,NULL,NULL,NULL,NULL,NULL,NULL,CONCAT(0x716b756a71,0x4b5163596666574b5461,0x7170656b71),NULL#
[2015-10-18 00:43:40][debug] forword：0 UNION ALL SELECT NULL,NULL,NULL,NULL,NULL,NULL,NULL,NULL,CONCAT(0x716b756a71,0x4b5163596666574b5461,0x7170656b71)#
[2015-10-18 00:43:41][debug] forword：0) UNION ALL SELECT NULL,NULL,NULL,NULL,NULL,NULL,NULL,NULL,NULL,CONCAT(0x716b756a71,0x4b5163596666574b5461,0x7170656b71)#
[2015-10-18 00:43:41][debug] forword：0) UNION ALL SELECT NULL,NULL,NULL,NULL,NULL,NULL,NULL,NULL,NULL,NULL,CONCAT(0x716b756a71,0x4b5163596666574b5461,0x7170656b71)#
[2015-10-18 00:43:42][debug] forword：0) UNION ALL SELECT NULL,NULL,NULL,NULL,NULL,NULL,NULL,NULL,NULL,NULL,NULL,CONCAT(0x716b756a71,0x4b5163596666574b5461,0x7170656b71)#
[2015-10-18 00:43:42][debug] forword：0) UNION ALL SELECT NULL,NULL,NULL,NULL,NULL,NULL,NULL,NULL,NULL,NULL,NULL,NULL,CONCAT(0x716b756a71,0x4b5163596666574b5461,0x7170656b71)#
[2015-10-18 00:43:43][debug] forword：0) UNION ALL SELECT NULL,NULL,NULL,NULL,NULL,NULL,NULL,NULL,NULL,NULL,NULL,NULL,NULL,CONCAT(0x716b756a71,0x4b5163596666574b5461,0x7170656b71)#
[2015-10-18 00:43:43][debug] forword：0) UNION ALL SELECT NULL,NULL,NULL,NULL,NULL,NULL,NULL,NULL,NULL,NULL,NULL,NULL,NULL,NULL,CONCAT(0x716b756a71,0x4b5163596666574b5461,0x7170656b71)#
[2015-10-18 00:43:44][debug] forword：0) UNION ALL SELECT NULL,NULL,NULL,NULL,NULL,NULL,NULL,NULL,NULL,NULL,NULL,NULL,NULL,NULL,NULL,CONCAT(0x716b756a71,0x4b5163596666574b5461,0x7170656b71)#
[2015-10-18 00:43:44][debug] forword：0) UNION ALL SELECT NULL,NULL,NULL,NULL,NULL,NULL,NULL,NULL,NULL,NULL,NULL,NULL,NULL,NULL,NULL,NULL,CONCAT(0x716b756a71,0x4b5163596666574b5461,0x7170656b71)#
[2015-10-18 00:43:45][debug] forword：0) UNION ALL SELECT NULL,NULL,NULL,NULL,NULL,NULL,NULL,NULL,NULL,NULL,NULL,NULL,NULL,NULL,NULL,NULL,NULL,CONCAT(0x716b756a71,0x4b5163596666574b5461,0x7170656b71)#
[2015-10-18 00:43:45][debug] forword：0 UNION ALL SELECT CONCAT(0x716b756a71,0x4b5163596666574b5461,0x7170656b71),NULL,NULL,NULL,NULL,NULL,NULL,NULL,NULL,NULL#
[2015-10-18 00:43:46][debug] forword：0 UNION ALL SELECT NULL,CONCAT(0x716b756a71,0x4b5163596666574b5461,0x7170656b71),NULL,NULL,NULL,NULL,NULL,NULL,NULL,NULL#
[2015-10-18 00:43:46][debug] forword：0 UNION ALL SELECT NULL,NULL,CONCAT(0x716b756a71,0x4b5163596666574b5461,0x7170656b71),NULL,NULL,NULL,NULL,NULL,NULL,NULL#
[2015-10-18 00:43:47][debug] forword：0 UNION ALL SELECT NULL,NULL,NULL,CONCAT(0x716b756a71,0x4b5163596666574b5461,0x7170656b71),NULL,NULL,NULL,NULL,NULL,NULL#
[2015-10-18 00:43:47][debug] forword：0 UNION ALL SELECT NULL,NULL,NULL,NULL,CONCAT(0x716b756a71,0x4b5163596666574b5461,0x7170656b71),NULL,NULL,NULL,NULL,NULL#
[2015-10-18 00:43:48][debug] forword：0 UNION ALL SELECT NULL,NULL,NULL,NULL,NULL,CONCAT(0x716b756a71,0x4b5163596666574b5461,0x7170656b71),NULL,NULL,NULL,NULL#
[2015-10-18 00:43:48][debug] forword：0 UNION ALL SELECT NULL,NULL,NULL,NULL,NULL,NULL,CONCAT(0x716b756a71,0x4b5163596666574b5461,0x7170656b71),NULL,NULL,NULL#
[2015-10-18 00:43:49][debug] forword：0 UNION ALL SELECT NULL,NULL,NULL,NULL,NULL,NULL,NULL,CONCAT(0x716b756a71,0x4b5163596666574b5461,0x7170656b71),NULL,NULL#
[2015-10-18 00:43:49][debug] forword：0 UNION ALL SELECT NULL,NULL,NULL,NULL,NULL,NULL,NULL,NULL,CONCAT(0x716b756a71,0x4b5163596666574b5461,0x7170656b71),NULL#
[2015-10-18 00:43:50][debug] forword：0 UNION ALL SELECT NULL,NULL,NULL,NULL,NULL,NULL,NULL,NULL,NULL,CONCAT(0x716b756a71,0x4b5163596666574b5461,0x7170656b71)#
[2015-10-18 00:43:50][debug] forword：0) UNION ALL SELECT NULL,NULL,NULL,NULL,NULL,NULL,NULL,NULL,NULL,NULL,CONCAT(0x716b756a71,0x4b5163596666574b5461,0x7170656b71)#
[2015-10-18 00:43:51][debug] forword：0) UNION ALL SELECT NULL,NULL,NULL,NULL,NULL,NULL,NULL,NULL,NULL,NULL,NULL,CONCAT(0x716b756a71,0x4b5163596666574b5461,0x7170656b71)#
[2015-10-18 00:43:51][debug] forword：0) UNION ALL SELECT NULL,NULL,NULL,NULL,NULL,NULL,NULL,NULL,NULL,NULL,NULL,NULL,CONCAT(0x716b756a71,0x4b5163596666574b5461,0x7170656b71)#
[2015-10-18 00:43:52][debug] forword：0) UNION ALL SELECT NULL,NULL,NULL,NULL,NULL,NULL,NULL,NULL,NULL,NULL,NULL,NULL,NULL,CONCAT(0x716b756a71,0x4b5163596666574b5461,0x7170656b71)#
[2015-10-18 00:43:52][debug] forword：0) UNION ALL SELECT NULL,NULL,NULL,NULL,NULL,NULL,NULL,NULL,NULL,NULL,NULL,NULL,NULL,NULL,CONCAT(0x716b756a71,0x4b5163596666574b5461,0x7170656b71)#
[2015-10-18 00:43:53][debug] forword：0) UNION ALL SELECT NULL,NULL,NULL,NULL,NULL,NULL,NULL,NULL,NULL,NULL,NULL,NULL,NULL,NULL,NULL,CONCAT(0x716b756a71,0x4b5163596666574b5461,0x7170656b71)#
[2015-10-18 00:43:53][debug] forword：0) UNION ALL SELECT NULL,NULL,NULL,NULL,NULL,NULL,NULL,NULL,NULL,NULL,NULL,NULL,NULL,NULL,NULL,NULL,CONCAT(0x716b756a71,0x4b5163596666574b5461,0x7170656b71)#
[2015-10-18 00:43:54][debug] forword：0) UNION ALL SELECT NULL,NULL,NULL,NULL,NULL,NULL,NULL,NULL,NULL,NULL,NULL,NULL,NULL,NULL,NULL,NULL,NULL,CONCAT(0x716b756a71,0x4b5163596666574b5461,0x7170656b71)#
[2015-10-18 00:43:54][debug] forword：0) UNION ALL SELECT NULL,NULL,NULL,NULL,NULL,NULL,NULL,NULL,NULL,NULL,NULL,NULL,NULL,NULL,NULL,NULL,NULL,NULL,CONCAT(0x716b756a71,0x4b5163596666574b5461,0x7170656b71)#
[2015-10-18 00:43:55][debug] forword：0) UNION ALL SELECT NULL,NULL,NULL,NULL,NULL,NULL,NULL,NULL,NULL,NULL,NULL,NULL,NULL,NULL,NULL,NULL,NULL,NULL,NULL,CONCAT(0x716b756a71,0x4b5163596666574b5461,0x7170656b71)#
[2015-10-18 00:43:55][debug] forword：0 AND SLEEP(5)
[2015-10-18 00:43:56][debug] forword：0 AND SLEEP(5) #
[2015-10-18 00:43:56][debug] forword：0; SELECT PG_SLEEP(5)--
[2015-10-18 00:43:57][debug] forword：0; SELECT SLEEP(5)-- 
[2015-10-18 00:43:57][debug] forword：0'; SELECT SLEEP(5)-- 
[2015-10-18 00:43:58][debug] forword：0) AND SLEEP(5) #
[2015-10-18 00:43:58][debug] forword：0'; SELECT SLEEP(5)--
[2015-10-18 00:43:59][debug] forword：0 WAITFOR DELAY '0:0:5'--
[2015-10-18 00:43:59][debug] forword：0
[2015-10-18 00:44:00][debug] forword：0
[2015-10-18 00:44:00][debug] forword：0
[2015-10-18 00:44:01][debug] forword：0
[2015-10-18 00:44:01][debug] forword：0
[2015-10-18 00:44:02][debug] forword：0
[2015-10-18 00:44:02][debug] forword：0
[2015-10-18 00:44:03][debug] forword：0
[2015-10-18 00:44:03][debug] forword：0
[2015-10-18 00:44:04][debug] forword：0
[2015-10-18 00:44:04][debug] forword：0
[2015-10-18 00:44:05][debug] forword：0
[2015-10-18 00:44:05][debug] forword：0
[2015-10-18 00:44:06][debug] forword：0
[2015-10-18 00:44:06][debug] forword：0
[2015-10-18 00:44:07][debug] forword：0
[2015-10-18 00:44:07][debug] forword：0
[2015-10-18 00:44:08][debug] forword：0
[2015-10-18 00:44:08][debug] forword：0
[2015-10-18 00:44:09][debug] forword：0
[2015-10-18 00:44:09][debug] forword：0
[2015-10-18 00:44:10][debug] forword：0
[2015-10-18 00:44:10][debug] forword：0
[2015-10-18 00:44:11][debug] forword：0
[2015-10-18 00:44:11][debug] forword：0
[2015-10-18 00:44:12][debug] forword：0
[2015-10-18 00:44:12][debug] forword：0
[2015-10-18 00:44:13][debug] forword：0
[2015-10-18 00:44:14][debug] forword：0
[2015-10-18 00:44:14][debug] forword：0
[2015-10-18 00:44:15][debug] forword：0
[2015-10-18 00:44:15][debug] forword：0
[2015-10-18 00:44:16][debug] forword：0
[2015-10-18 00:44:16][debug] forword：0
[2015-10-18 00:44:17][debug] forword：0
[2015-10-18 00:44:17][debug] forword：0
[2015-10-18 00:44:18][debug] forword：0
[2015-10-18 00:44:18][debug] forword：0
[2015-10-18 00:44:19][debug] forword：0
[2015-10-18 00:44:19][debug] forword：0
[2015-10-18 00:44:20][debug] forword：0
[2015-10-18 00:44:20][debug] forword：0
[2015-10-18 00:44:21][debug] forword：0
[2015-10-18 00:44:21][debug] forword：0
[2015-10-18 00:44:21][debug] forword：0
[2015-10-18 00:44:22][debug] forword：0
[2015-10-18 00:44:22][debug] forword：0
[2015-10-18 00:44:23][debug] forword：0
[2015-10-18 00:44:23][debug] forword：0
[2015-10-18 00:44:24][debug] forword：0
[2015-10-18 00:44:24][debug] forword：0
[2015-10-18 00:44:25][debug] forword：0
[2015-10-18 00:44:25][debug] forword：0
[2015-10-18 00:44:26][debug] forword：0
[2015-10-18 00:44:26][debug] forword：0
[2015-10-18 00:44:27][debug] forword：0
[2015-10-18 00:44:27][debug] forword：0
[2015-10-18 00:44:28][debug] forword：0
[2015-10-18 00:44:28][debug] forword：0
[2015-10-18 00:44:29][debug] forword：0
[2015-10-18 00:44:29][debug] forword：0
[2015-10-18 00:44:30][debug] forword：0
[2015-10-18 00:44:30][debug] forword：0
[2015-10-18 00:44:31][debug] forword：0
[2015-10-18 00:44:31][debug] forword：0
[2015-10-18 00:44:32][debug] forword：0
[2015-10-18 00:44:32][debug] forword：0
[2015-10-18 00:44:33][debug] forword：0
[2015-10-18 00:44:33][debug] forword：0
[2015-10-18 00:44:34][debug] forword：0
[2015-10-18 00:44:34][debug] forword：0
[2015-10-18 00:44:35][debug] forword：0
[2015-10-18 00:44:35][debug] forword：0
[2015-10-18 00:44:36][debug] forword：0
[2015-10-18 00:44:36][debug] forword：0
[2015-10-18 00:44:37][debug] forword：0
[2015-10-18 00:44:37][debug] forword：0
[2015-10-18 00:44:38][debug] forword：0
[2015-10-18 00:44:38][debug] forword：0
[2015-10-18 00:44:39][debug] forword：0
[2015-10-18 00:44:39][debug] forword：0
[2015-10-18 00:44:40][debug] forword：0
[2015-10-18 00:44:40][debug] forword：0
[2015-10-18 00:44:41][debug] forword：0
[2015-10-18 00:44:41][debug] forword：0
[2015-10-18 00:44:42][debug] forword：0
[2015-10-18 00:44:42][debug] forword：0
[2015-10-18 00:44:43][debug] forword：0
[2015-10-18 00:44:43][debug] forword：0
[2015-10-18 00:44:44][debug] forword：0
[2015-10-18 00:44:44][debug] forword：0
[2015-10-18 00:44:45][debug] forword：0
[2015-10-18 00:44:45][debug] forword：0
[2015-10-18 00:44:46][debug] forword：0
[2015-10-18 00:44:46][debug] forword：0
[2015-10-18 00:44:47][debug] forword：0
[2015-10-18 00:44:48][debug] forword：0
[2015-10-18 00:44:48][debug] forword：0
[2015-10-18 00:44:49][debug] forword：0
[2015-10-18 00:44:49][debug] forword：0
[2015-10-18 00:44:50][debug] forword：0
[2015-10-18 00:44:50][debug] forword：0
[2015-10-18 00:44:51][debug] forword：0
[2015-10-18 00:44:51][debug] forword：0
[2015-10-18 00:44:52][debug] forword：0
[2015-10-18 00:44:52][debug] forword：0
[2015-10-18 00:44:53][debug] forword：0
[2015-10-18 00:44:53][debug] forword：0
[2015-10-18 00:44:54][debug] forword：0
[2015-10-18 00:44:54][debug] forword：0
[2015-10-18 00:44:55][debug] forword：0
[2015-10-18 00:44:55][debug] forword：0
[2015-10-18 00:44:56][debug] forword：0
[2015-10-18 00:44:56][debug] forword：0
[2015-10-18 00:44:57][debug] forword：0
[2015-10-18 00:44:57][debug] forword：0
[2015-10-18 00:44:58][debug] forword：0
[2015-10-18 00:44:58][debug] forword：0
[2015-10-18 00:44:59][debug] forword：0
[2015-10-18 00:44:59][debug] forword：0
[2015-10-18 00:45:00][debug] forword：0
[2015-10-18 00:45:00][debug] forword：0
[2015-10-18 00:45:01][debug] forword：0
[2015-10-18 00:45:01][debug] forword：0
[2015-10-18 00:45:02][debug] forword：0
[2015-10-18 00:45:02][debug] forword：0
[2015-10-18 00:45:03][debug] forword：0
[2015-10-18 00:45:03][debug] forword：0
[2015-10-18 00:45:04][debug] forword：0
[2015-10-18 00:45:04][debug] forword：0
[2015-10-18 00:45:05][debug] forword：0
[2015-10-18 00:45:05][debug] forword：0
[2015-10-18 00:45:06][debug] forword：0
[2015-10-18 00:45:06][debug] forword：0
[2015-10-18 00:45:07][debug] forword：0
[2015-10-18 00:45:07][debug] forword：0
[2015-10-18 00:45:08][debug] forword：0
[2015-10-18 00:45:08][debug] forword：0
[2015-10-18 00:45:09][debug] forword：0
[2015-10-18 00:45:09][debug] forword：0
[2015-10-18 00:45:09][debug] forword：0
[2015-10-18 00:45:10][debug] forword：0
[2015-10-18 00:45:10][debug] forword：0
[2015-10-18 00:45:11][debug] forword：0
[2015-10-18 00:45:11][debug] forword：0
[2015-10-18 00:45:12][debug] forword：0
[2015-10-18 00:45:12][debug] forword：0
[2015-10-18 00:45:13][debug] forword：0
[2015-10-18 00:45:13][debug] forword：0
[2015-10-18 00:45:14][debug] forword：0
[2015-10-18 00:45:14][debug] forword：0
[2015-10-18 00:45:15][debug] forword：0
[2015-10-18 00:45:15][debug] forword：0
[2015-10-18 00:45:16][debug] forword：0
[2015-10-18 00:45:16][debug] forword：0
[2015-10-18 00:45:17][debug] forword：0
[2015-10-18 00:45:17][debug] forword：0
[2015-10-18 00:45:18][debug] forword：0
[2015-10-18 00:45:18][debug] forword：0
[2015-10-18 00:45:19][debug] forword：0
[2015-10-18 00:45:19][debug] forword：0
[2015-10-18 00:45:20][debug] forword：0
[2015-10-18 00:45:20][debug] forword：0
[2015-10-18 00:45:21][debug] forword：0
[2015-10-18 00:45:21][debug] forword：0
[2015-10-18 00:45:22][debug] forword：0
[2015-10-18 00:45:22][debug] forword：0
[2015-10-18 00:45:23][debug] forword：0
[2015-10-18 00:45:23][debug] forword：0
[2015-10-18 00:45:24][debug] forword：0
[2015-10-18 00:45:24][debug] forword：0
[2015-10-18 00:45:25][debug] forword：0
[2015-10-18 00:45:25][debug] forword：0
[2015-10-18 00:45:26][debug] forword：0
[2015-10-18 00:45:26][debug] forword：0
[2015-10-18 00:45:27][debug] forword：0
[2015-10-18 00:45:27][debug] forword：0
[2015-10-18 00:45:28][debug] forword：0
[2015-10-18 00:45:28][debug] forword：0
[2015-10-18 00:45:29][debug] forword：0
[2015-10-18 00:45:29][debug] forword：0
[2015-10-18 00:45:30][debug] forword：0
[2015-10-18 00:45:30][debug] forword：0
[2015-10-18 00:45:31][debug] forword：0
[2015-10-18 00:45:31][debug] forword：0
[2015-10-18 00:45:32][debug] forword：0
[2015-10-18 00:45:32][debug] forword：0
[2015-10-18 00:45:33][debug] forword：0
[2015-10-18 00:45:33][debug] forword：0
[2015-10-18 00:45:34][debug] forword：0
[2015-10-18 00:45:35][debug] forword：0
[2015-10-18 00:45:35][debug] forword：0
[2015-10-18 00:45:36][debug] forword：0
[2015-10-18 00:45:36][debug] forword：0
[2015-10-18 00:45:37][debug] forword：0
[2015-10-18 00:45:37][debug] forword：0
[2015-10-18 00:45:38][debug] forword：0
[2015-10-18 00:45:38][debug] forword：0
[2015-10-18 00:45:39][debug] forword：0
[2015-10-18 00:45:39][debug] forword：0
[2015-10-18 00:45:40][debug] forword：0
[2015-10-18 00:45:40][debug] forword：0
[2015-10-18 00:45:41][debug] forword：0
[2015-10-18 00:45:41][debug] forword：0
[2015-10-18 00:45:42][debug] forword：0
[2015-10-18 00:45:42][debug] forword：0
[2015-10-18 00:45:43][debug] forword：0
[2015-10-18 00:45:43][debug] forword：0
[2015-10-18 00:45:44][debug] forword：0
[2015-10-18 00:45:44][debug] forword：0
[2015-10-18 00:45:45][debug] forword：0
[2015-10-18 00:45:45][debug] forword：0
[2015-10-18 00:45:46][debug] forword：0
[2015-10-18 00:45:46][debug] forword：0
[2015-10-18 00:45:47][debug] forword：0
[2015-10-18 00:45:47][debug] forword：0
[2015-10-18 00:45:48][debug] forword：0
[2015-10-18 00:45:48][debug] forword：0
[2015-10-18 00:45:49][debug] forword：0
[2015-10-18 00:45:49][debug] forword：0
[2015-10-18 00:45:50][debug] forword：0
[2015-10-18 00:45:50][debug] forword：0
[2015-10-18 00:45:51][debug] forword：0
[2015-10-18 00:45:51][debug] forword：0
[2015-10-18 00:45:52][debug] forword：0
[2015-10-18 00:45:52][debug] forword：0
[2015-10-18 00:45:53][debug] forword：0
[2015-10-18 00:45:53][debug] forword：0
[2015-10-18 00:45:54][debug] forword：0
[2015-10-18 00:45:54][debug] forword：0
[2015-10-18 00:46:32][debug] forword：
[2015-10-18 00:46:49][debug] forword：0
[2015-10-18 00:46:51][debug] forword：/etc/passwd
[2015-10-18 00:46:53][debug] forword：0
[2015-10-18 00:46:55][debug] forword：../../../../../../../../etc/passwd
[2015-10-18 00:46:57][debug] forword：0
[2015-10-18 00:46:58][debug] forword：../../../../../../../../etc/passwd .jpg
[2015-10-18 00:47:00][debug] forword：0
[2015-10-18 00:47:02][debug] forword：../../../../../../../../../../etc/passwd%00
[2015-10-18 00:47:04][debug] forword：0
[2015-10-18 00:47:06][debug] forword：../../../../../../../../windows/win.ini
[2015-10-18 00:47:08][debug] forword：0
[2015-10-18 00:47:12][debug] forword：../../../../../../../../windows/win.ini .jpg
[2015-10-18 00:47:14][debug] forword：0
[2015-10-18 00:47:21][debug] forword：http://120.26.55.211/s.txt
[2015-10-18 00:47:23][debug] forword：0
[2015-10-18 00:47:25][debug] forword：http://120.26.55.211/s.txt
[2015-10-18 00:47:27][debug] forword：0
[2015-10-18 00:47:29][debug] forword：a_long_name_file_not_exist
[2015-10-18 00:47:31][debug] forword：0
[2015-10-18 00:47:33][debug] forword：0
[2015-10-18 00:47:40][debug] forword：0
[2015-10-18 00:48:04][debug] forword：${@print(md5(this_is_a_test_string))}
[2015-10-18 00:48:06][debug] forword：0
[2015-10-18 00:48:10][debug] forword：${@print(md5(this_is_a_test_string))}\
[2015-10-18 00:48:12][debug] forword：0
[2015-10-18 00:48:14][debug] forword：print(md5(this_is_a_test_string));die();/*
[2015-10-18 00:48:16][debug] forword：0
[2015-10-18 00:48:20][debug] forword：'"><scRipt>alert(98733)</sCript>
[2015-10-18 00:48:22][debug] forword：0
[2015-10-18 00:48:24][debug] forword：
[2015-10-18 00:49:40][debug] forword：
[2015-10-18 01:21:21][debug] forword：0
[2015-10-18 01:21:24][debug] --------------------------------------------------------------------
[2015-10-18 01:21:24][debug] 授权成功！
[2015-10-18 01:21:24][debug] 微信用户信息：{"openid":"oXU1ruNeGojmGHX1cG-0CjHMd8ro","nickname":"强哥","sex":1,"language":"zh_CN","city":"唐山","province":"河北","country":"中国","headimgurl":"http:\/\/wx.qlogo.cn\/mmopen\/Q3auHgzwzM4ib2EB3BBmJnXqLLbPl0OzlqBF3icWTrncdr1icAupiaF5rpvAyIMFXSQvibbkVErw0UDcCO7u3LnQI8g\/0","privilege":[]}
[2015-10-18 01:21:24][debug] --------------------------------------------------------------------
[2015-10-18 01:21:24][debug] forword：0
[2015-10-18 01:21:24][debug] forword：0
[2015-10-18 01:21:24][debug] forword：0
[2015-10-18 01:21:28][debug] forword：0
[2015-10-18 03:00:04][debug] forword：0
[2015-10-18 03:00:04][debug] forword：0
[2015-10-18 03:00:04][debug] forword：0
[2015-10-18 03:00:19][debug] --------------------------------------------------------------------
[2015-10-18 03:00:19][debug] 授权成功！
[2015-10-18 03:00:19][debug] 微信用户信息：{"openid":"oXU1ruL5q-UieShwgBofw9tX67S8","nickname":"海纳百川","sex":1,"language":"zh_CN","city":"唐山","province":"河北","country":"中国","headimgurl":"http:\/\/wx.qlogo.cn\/mmopen\/3hsWdj2E9tukSnFcoI65954uu3Th6bGibrOYx1Qqx9HtLAXbSLwmu2SnXhPB4UYUXRwV3A1bfgVTOje4cQzzV2f3wRrPEes6n\/0","privilege":[]}
[2015-10-18 03:00:19][debug] --------------------------------------------------------------------
[2015-10-18 03:21:58][debug] forword：0
[2015-10-18 03:22:04][debug] --------------------------------------------------------------------
[2015-10-18 03:22:04][debug] 授权成功！
[2015-10-18 03:22:04][debug] 微信用户信息：{"openid":"oXU1ruNj_h6WOe-Bsb3QzltCbeNw","nickname":"芝麻开花","sex":1,"language":"zh_CN","city":"","province":"","country":"中国","headimgurl":"http:\/\/wx.qlogo.cn\/mmopen\/ajNVdqHZLLACs25lkvGibrLE2Kgs6LrWTDrqMzThp7ycWhx63kS1sT6ZoCSN2tp6AVYSZRjD2pc2iaQ4SQOwdzlA\/0","privilege":[]}
[2015-10-18 03:22:04][debug] --------------------------------------------------------------------
[2015-10-18 03:22:05][debug] forword：0
[2015-10-18 06:41:05][debug] forword：0
[2015-10-18 06:41:06][debug] forword：0
[2015-10-18 06:45:13][debug] forword：0
[2015-10-18 06:45:13][debug] forword：0
[2015-10-18 09:47:10][debug] forword：0
[2015-10-18 09:47:10][debug] forword：0
[2015-10-18 09:47:10][debug] forword：0
[2015-10-18 09:47:22][debug] forword：0
[2015-10-18 12:18:32][debug] forword：0
[2015-10-18 12:18:36][debug] forword：0
[2015-10-18 12:18:38][debug] forword：0
[2015-10-18 12:18:39][debug] forword：0
[2015-10-18 13:00:00][debug] forword：0
[2015-10-18 13:00:00][debug] forword：0
[2015-10-18 13:00:05][debug] --------------------------------------------------------------------
[2015-10-18 13:00:05][debug] 授权成功！
[2015-10-18 13:00:05][debug] 微信用户信息：{"openid":"oXU1ruKbrQh6DJFGoG4zI1QGc_1w","nickname":"刘朗","sex":1,"language":"zh_CN","city":"嘉兴","province":"浙江","country":"中国","headimgurl":"","privilege":[]}
[2015-10-18 13:00:05][debug] --------------------------------------------------------------------
[2015-10-18 13:00:05][debug] forword：0
[2015-10-18 13:00:05][debug] forword：0
[2015-10-18 13:00:45][debug] forword：0
[2015-10-18 16:08:58][debug] forword：0
[2015-10-18 16:08:58][debug] forword：0
[2015-10-18 17:19:57][debug] forword：0
[2015-10-18 17:19:58][debug] forword：0
[2015-10-18 17:20:15][debug] --------------------------------------------------------------------
[2015-10-18 17:20:15][debug] 授权成功！
[2015-10-18 17:20:15][debug] 微信用户信息：{"openid":"oXU1ruN3x-UDHDHQh0dcepUzeV2M","nickname":"宝丰缝纫设备—广森缝纫机","sex":1,"language":"zh_CN","city":"仙桃","province":"湖北","country":"中国","headimgurl":"http:\/\/wx.qlogo.cn\/mmopen\/3hsWdj2E9tuYq0onTwJFsaeF2pibZY9VWH9ZRaD97N3OfbicBr6U76k0ibY0KR4dWwZMbM52c7vQ8hYAdqdp0mhDJQhDIyAGHah\/0","privilege":[]}
[2015-10-18 17:20:15][debug] --------------------------------------------------------------------
[2015-10-18 17:20:16][debug] forword：0
[2015-10-18 17:20:16][debug] forword：0
[2015-10-18 17:20:37][debug] forword：0
[2015-10-18 17:20:37][debug] forword：0
[2015-10-18 17:50:13][debug] forword：0
[2015-10-18 17:50:13][debug] forword：0
[2015-10-18 17:50:17][debug] --------------------------------------------------------------------
[2015-10-18 17:50:17][debug] 授权成功！
[2015-10-18 17:50:17][debug] 微信用户信息：{"openid":"oXU1ruPRNd0pbp3IZhADAFujtlWk","nickname":"玲玲","sex":2,"language":"zh_CN","city":"唐山","province":"河北","country":"中国","headimgurl":"http:\/\/wx.qlogo.cn\/mmopen\/4tpkVGWUO5bpQFN2Bw5WySTnpdicRlSW13iakNrciaQr5fU1c6NZwK0ouuUcALAAlThgYn4tqyzYXlKic5Jea9ict1O0eqE1TUnnu\/0","privilege":[]}
[2015-10-18 17:50:17][debug] --------------------------------------------------------------------
[2015-10-18 17:50:17][debug] forword：0
[2015-10-18 17:50:17][debug] forword：0
[2015-10-18 17:50:40][debug] forword：0
[2015-10-18 17:50:40][debug] forword：0
[2015-10-18 17:50:52][debug] forword：0
[2015-10-18 17:50:52][debug] forword：0
[2015-10-18 23:09:38][debug] forword：0
[2015-10-18 23:09:38][debug] forword：0
[2015-10-18 23:57:39][debug] forword：0
[2015-10-18 23:57:39][debug] forword：0
[2015-10-18 23:57:40][debug] forword：0
[2015-10-18 23:58:01][debug] --------------------------------------------------------------------
[2015-10-18 23:58:01][debug] 授权成功！
[2015-10-18 23:58:01][debug] 微信用户信息：{"openid":"oXU1ruCsYeHRTE7EL_pikL_IHa5g","nickname":"重机丰硕缝纫机商行","sex":1,"language":"zh_CN","city":"菏泽","province":"山东","country":"中国","headimgurl":"http:\/\/wx.qlogo.cn\/mmopen\/BcQRZIbPSiamFjMicGH9LkqfibjR6XGanHXbjXUTHUbsPDaF35AichIFDMribX8qLL6lEQlywFsxugvep728TSicUeaibO7HlO4MXCR\/0","privilege":[]}
[2015-10-18 23:58:01][debug] --------------------------------------------------------------------
[2015-10-18 23:58:02][debug] forword：0
[2015-10-18 23:58:02][debug] forword：0
