[2015-10-23 01:50:24][debug] forword：0
[2015-10-23 01:50:24][debug] forword：0
[2015-10-23 05:34:20][debug] forword：2
[2015-10-23 05:34:22][debug] --------------------------------------------------------------------
[2015-10-23 05:34:22][debug] 授权成功！
[2015-10-23 05:34:22][debug] 微信用户信息：{"openid":"oXU1ruOskTUskZli6N-15cM1OSvE","nickname":"服装贸易集团","sex":1,"language":"zh_CN","city":"唐山","province":"河北","country":"中国","headimgurl":"http:\/\/wx.qlogo.cn\/mmopen\/McYMgia19V0Xf7vAJ5sEzqSQPBiaDBXQxFuSkY2e7BxMvYPKgcytI4ibqZdhaWeibbpLftE3mRKA3Xfo5HMkNuH6GzWickvfMNnTv\/0","privilege":[]}
[2015-10-23 05:34:22][debug] --------------------------------------------------------------------
[2015-10-23 05:34:23][debug] forword：2
[2015-10-23 05:34:23][debug] forword1111：2
[2015-10-23 05:34:24][debug] bargain_id----->2
[2015-10-23 05:36:03][debug] forword：2
[2015-10-23 05:36:03][debug] forword1111：2
[2015-10-23 05:36:05][debug] bargain_id----->2
[2015-10-23 05:57:22][debug] forword：0
[2015-10-23 05:57:23][debug] --------------------------------------------------------------------
[2015-10-23 05:57:23][debug] 授权成功！
[2015-10-23 05:57:23][debug] 微信用户信息：{"openid":"oXU1ruJ4zYNWIObAJH2gZQvF9QNU","nickname":"Summer","sex":1,"language":"zh_CN","city":"","province":"Firenze","country":"","headimgurl":"http:\/\/wx.qlogo.cn\/mmopen\/McYMgia19V0VHxjnuPh5w6Lv0P9QwwUkAdXpIz2m1FYG10DdJHxMfrM6LXWHUictkQ002O3Sj3XTRic9icydiaiahlQXOfviaUhTUlA\/0","privilege":[]}
[2015-10-23 05:57:23][debug] --------------------------------------------------------------------
[2015-10-23 05:57:24][debug] forword：0
[2015-10-23 05:57:24][debug] forword1111：0
[2015-10-23 05:57:24][debug] bargain_id----->0
[2015-10-23 05:57:24][debug] bargain_id----->
[2015-10-23 05:57:26][debug] bargain_id----->0
[2015-10-23 06:10:52][debug] bargain_id----->
[2015-10-23 06:31:20][debug] forword：0
[2015-10-23 06:31:24][debug] forword：0
[2015-10-23 06:31:28][debug] forword：0
[2015-10-23 06:31:29][debug] forword：0
[2015-10-23 06:44:47][debug] forword：0
[2015-10-23 09:06:46][debug] forword：0
[2015-10-23 09:06:47][debug] --------------------------------------------------------------------
[2015-10-23 09:06:47][debug] 授权成功！
[2015-10-23 09:06:47][debug] 微信用户信息：{"openid":"oXU1ruMYDIqCKD4pGumhiQmswwFw","nickname":"l林","sex":1,"language":"zh_CN","city":"台州","province":"浙江","country":"中国","headimgurl":"","privilege":[]}
[2015-10-23 09:06:47][debug] --------------------------------------------------------------------
[2015-10-23 09:06:47][debug] forword：0
[2015-10-23 09:06:47][debug] forword1111：0
[2015-10-23 09:06:47][debug] bargain_id----->0
[2015-10-23 11:50:17][debug] forword：0
[2015-10-23 11:50:21][debug] --------------------------------------------------------------------
[2015-10-23 11:50:21][debug] 授权成功！
[2015-10-23 11:50:21][debug] 微信用户信息：{"openid":"oXU1ruBN2tWodkekbwmiRZy9o5K8","nickname":"Dingle、","sex":1,"language":"zh_CN","city":"","province":"","country":"","headimgurl":"http:\/\/wx.qlogo.cn\/mmopen\/4tpkVGWUO5aQux3qh7yvIicsj1BVVDmgoaOvFhYBIGt44rGdvib2icYP22tU4A6mULtZ42MbQBJhhzItiaA2jOHrDwD2twcH9pve\/0","privilege":[]}
[2015-10-23 11:50:21][debug] --------------------------------------------------------------------
[2015-10-23 11:50:22][debug] forword：0
[2015-10-23 11:51:05][debug] forword：0
[2015-10-23 14:32:13][debug] forword：0
[2015-10-23 14:49:24][debug] forword：0
[2015-10-23 14:49:28][debug] --------------------------------------------------------------------
[2015-10-23 14:49:28][debug] 授权成功！
[2015-10-23 14:49:28][debug] 微信用户信息：{"openid":"oXU1ruD8pErqYqf3fpVKu7h-GJmw","nickname":"多啦梦","sex":1,"language":"zh_CN","city":"唐山","province":"河北","country":"中国","headimgurl":"http:\/\/wx.qlogo.cn\/mmopen\/BcQRZIbPSiamBwEJ56bDbtibT7LZjfz0zqcEZKtr0zVSgqnyVoRy6QF7mLndf467xevQ6ibyLMykYOR0931JPsmZngN4HEhX1ZZ\/0","privilege":[]}
[2015-10-23 14:49:28][debug] --------------------------------------------------------------------
[2015-10-23 14:49:28][debug] forword：0
[2015-10-23 14:49:58][debug] forword：0
[2015-10-23 14:50:05][debug] forword：0
[2015-10-23 14:50:09][debug] forword：0
[2015-10-23 14:50:11][debug] forword：0
[2015-10-23 14:50:14][debug] forword：0
[2015-10-23 14:50:19][debug] forword：0
[2015-10-23 14:50:34][debug] forword：0
[2015-10-23 14:50:46][debug] forword：0
[2015-10-23 14:50:47][debug] forword：0
[2015-10-23 17:41:31][debug] bargain_id----->
[2015-10-23 17:41:31][debug] bargain_id----->
[2015-10-23 17:44:22][debug] forword：0
[2015-10-23 17:44:22][debug] forword：0
[2015-10-23 17:44:45][debug] bargain_id----->0
[2015-10-23 17:45:44][debug] bargain_id----->0
