[2015-10-19 00:01:22][debug] --------------------------------------------------------------------
[2015-10-19 00:01:22][debug] 授权成功！
[2015-10-19 00:01:22][debug] 微信用户信息：{"openid":"oXU1ruCsYeHRTE7EL_pikL_IHa5g","nickname":"重机丰硕缝纫机商行","sex":1,"language":"zh_CN","city":"菏泽","province":"山东","country":"中国","headimgurl":"http:\/\/wx.qlogo.cn\/mmopen\/BcQRZIbPSiamFjMicGH9LkqfibjR6XGanHXbjXUTHUbsPDaF35AichIFDMribX8qLL6lEQlywFsxugvep728TSicUeaibO7HlO4MXCR\/0","privilege":[]}
[2015-10-19 00:01:22][debug] --------------------------------------------------------------------
[2015-10-19 00:01:23][debug] forword：0
[2015-10-19 00:05:26][debug] forword：0
[2015-10-19 02:24:45][debug] forword：0
[2015-10-19 02:24:46][debug] forword：0
[2015-10-19 02:24:53][debug] forword：0
[2015-10-19 02:29:06][debug] forword：0
[2015-10-19 02:29:11][debug] --------------------------------------------------------------------
[2015-10-19 02:29:11][debug] 授权成功！
[2015-10-19 02:29:11][debug] 微信用户信息：{"openid":"oXU1ruAZkEzGsGqEIBoYS3RUdRA8","nickname":"黄金绳","sex":1,"language":"zh_CN","city":"宝坻","province":"天津","country":"中国","headimgurl":"http:\/\/wx.qlogo.cn\/mmopen\/4tpkVGWUO5bpQFN2Bw5WyXMmwBL29HpVb8o4f18uPSoJ29g17vV15J2wO9jOlYTkanZXickePXMfUblIsHP4CpevqO4JeL28N\/0","privilege":[]}
[2015-10-19 02:29:11][debug] --------------------------------------------------------------------
[2015-10-19 02:29:11][debug] forword：0
[2015-10-19 02:29:11][debug] forword：0
[2015-10-19 02:29:59][debug] forword：0
[2015-10-19 02:29:59][debug] forword：0
[2015-10-19 02:30:03][debug] forword：0
[2015-10-19 02:30:03][debug] forword：0
[2015-10-19 02:38:22][debug] forword：0
[2015-10-19 02:39:15][debug] forword：0
[2015-10-19 02:39:15][debug] forword：0
[2015-10-19 02:39:26][debug] --------------------------------------------------------------------
[2015-10-19 02:39:26][debug] 授权成功！
[2015-10-19 02:39:26][debug] 微信用户信息：{"openid":"oXU1ruCdA-nKve2iPRBfbJY3Bm5s","nickname":"心想是成","sex":1,"language":"zh_CN","city":"保定","province":"河北","country":"中国","headimgurl":"http:\/\/wx.qlogo.cn\/mmopen\/ajNVdqHZLLDPElukgM6wbL6um1tK4ztaofuG4vY33sFq79iaBGOjSaLicicpFdCFa9GoicibqI6Jp3wggF7KTc8XkJ41Y0QaGg5t8gxOyQzxt1X4\/0","privilege":[]}
[2015-10-19 02:39:26][debug] --------------------------------------------------------------------
[2015-10-19 02:39:42][debug] forword：0
[2015-10-19 02:39:42][debug] forword：0
[2015-10-19 02:40:10][debug] forword：0
[2015-10-19 02:41:15][debug] forword：0
[2015-10-19 02:41:15][debug] forword：0
[2015-10-19 02:41:37][debug] forword：0
[2015-10-19 02:41:57][debug] forword：0
[2015-10-19 02:41:57][debug] forword：0
[2015-10-19 02:48:45][debug] forword：0
[2015-10-19 02:52:41][debug] forword：0
[2015-10-19 05:56:13][debug] forword：0
[2015-10-19 05:56:38][debug] --------------------------------------------------------------------
[2015-10-19 05:56:38][debug] 授权成功！
[2015-10-19 05:56:38][debug] 微信用户信息：{"openid":"oXU1ruLXHV6FbNIfeGE4Iyfjo9Gc","nickname":"尔康","sex":1,"language":"zh_CN","city":"","province":"河北","country":"中国","headimgurl":"http:\/\/wx.qlogo.cn\/mmopen\/BcQRZIbPSiamFjMicGH9LkqfYLqqqwcylyZKsbicJXRGko98BkUMqaePqHdJu95sjlwHCnBngZlDzBq3r1EzQhg6m6iaNlAFVrOL\/0","privilege":[]}
[2015-10-19 05:56:38][debug] --------------------------------------------------------------------
[2015-10-19 05:58:15][debug] forword：0
[2015-10-19 05:58:15][debug] forword：0
[2015-10-19 05:58:15][debug] forword：0
[2015-10-19 06:20:37][debug] forword：0
[2015-10-19 06:20:38][debug] forword：0
[2015-10-19 06:20:46][debug] --------------------------------------------------------------------
[2015-10-19 06:20:46][debug] 授权成功！
[2015-10-19 06:20:46][debug] 微信用户信息：{"openid":"oXU1ruPNYzeosNhnjhdz5CuzU40g","nickname":"宝贝","sex":2,"language":"zh_CN","city":"唐山","province":"河北","country":"中国","headimgurl":"http:\/\/wx.qlogo.cn\/mmopen\/3hsWdj2E9tsPNv2sL9FZicy2IiclT0Nib2yUklN2Y3GdzWpRXQv0e2BbBvLllpwGWUqr4YuN39Sib3hsbUlib15J0ygdft8ADgHfm\/0","privilege":[]}
[2015-10-19 06:20:46][debug] --------------------------------------------------------------------
[2015-10-19 06:20:46][debug] forword：0
[2015-10-19 06:20:47][debug] forword：0
[2015-10-19 06:21:09][debug] --------------------------------------------------------------------
[2015-10-19 06:21:09][debug] 授权成功！
[2015-10-19 06:21:09][debug] 微信用户信息：{"openid":"oXU1ruPNYzeosNhnjhdz5CuzU40g","nickname":"宝贝","sex":2,"language":"zh_CN","city":"唐山","province":"河北","country":"中国","headimgurl":"http:\/\/wx.qlogo.cn\/mmopen\/3hsWdj2E9tsPNv2sL9FZicy2IiclT0Nib2yUklN2Y3GdzWpRXQv0e2BbBvLllpwGWUqr4YuN39Sib3hsbUlib15J0ygdft8ADgHfm\/0","privilege":[]}
[2015-10-19 06:21:09][debug] --------------------------------------------------------------------
[2015-10-19 06:21:10][debug] forword：0
[2015-10-19 06:21:19][debug] --------------------------------------------------------------------
[2015-10-19 06:21:19][debug] 授权成功！
[2015-10-19 06:21:19][debug] 微信用户信息：{"openid":"oXU1ruPNYzeosNhnjhdz5CuzU40g","nickname":"宝贝","sex":2,"language":"zh_CN","city":"唐山","province":"河北","country":"中国","headimgurl":"http:\/\/wx.qlogo.cn\/mmopen\/3hsWdj2E9tsPNv2sL9FZicy2IiclT0Nib2yUklN2Y3GdzWpRXQv0e2BbBvLllpwGWUqr4YuN39Sib3hsbUlib15J0ygdft8ADgHfm\/0","privilege":[]}
[2015-10-19 06:21:19][debug] --------------------------------------------------------------------
[2015-10-19 06:21:19][debug] forword：0
[2015-10-19 06:21:33][debug] forword：0
[2015-10-19 06:21:45][debug] forword：0
[2015-10-19 06:22:16][debug] --------------------------------------------------------------------
[2015-10-19 06:22:16][debug] 授权成功！
[2015-10-19 06:22:16][debug] 微信用户信息：{"openid":"oXU1ruPNYzeosNhnjhdz5CuzU40g","nickname":"宝贝","sex":2,"language":"zh_CN","city":"唐山","province":"河北","country":"中国","headimgurl":"http:\/\/wx.qlogo.cn\/mmopen\/3hsWdj2E9tsPNv2sL9FZicy2IiclT0Nib2yUklN2Y3GdzWpRXQv0e2BbBvLllpwGWUqr4YuN39Sib3hsbUlib15J0ygdft8ADgHfm\/0","privilege":[]}
[2015-10-19 06:22:16][debug] --------------------------------------------------------------------
[2015-10-19 06:22:16][debug] forword：0
[2015-10-19 06:32:10][debug] forword：0
[2015-10-19 06:32:10][debug] forword：0
[2015-10-19 06:34:13][debug] forword：0
[2015-10-19 07:43:22][debug] forword：0
[2015-10-19 07:43:22][debug] forword：0
[2015-10-19 07:43:30][debug] forword：0
[2015-10-19 07:43:34][debug] forword：0
[2015-10-19 07:43:35][debug] --------------------------------------------------------------------
[2015-10-19 07:43:35][debug] 授权成功！
[2015-10-19 07:43:35][debug] 微信用户信息：{"openid":"oXU1ruI3_RiIQrje8EoB-YG-0-YE","nickname":"biaoge","sex":1,"language":"zh_CN","city":"台州","province":"浙江","country":"中国","headimgurl":"http:\/\/wx.qlogo.cn\/mmopen\/3hsWdj2E9tukSnFcoI65943tJkQZ2IK6y7szlgFgfFtSertdlZHKAb0KUUPiaF2ibWKUuO0aIm5mnhVe0KsI8fPC2PIHnmfLiaH\/0","privilege":[]}
[2015-10-19 07:43:35][debug] --------------------------------------------------------------------
[2015-10-19 08:50:15][debug] forword：0
[2015-10-19 08:50:23][debug] --------------------------------------------------------------------
[2015-10-19 08:50:23][debug] 授权成功！
[2015-10-19 08:50:23][debug] 微信用户信息：{"openid":"oXU1ruBlUdvS55e911AWv2zgKrbE","nickname":"水清天蓝","sex":1,"language":"zh_CN","city":"唐山","province":"河北","country":"中国","headimgurl":"http:\/\/wx.qlogo.cn\/mmopen\/4tpkVGWUO5Ytm3g7A7X9Zib9p7GLI51Tw5mlgptypqawwSCSOkghXKQJHrsDOVAsv4icl1kEaR6M7icbXMIHbiayXA\/0","privilege":[]}
[2015-10-19 08:50:23][debug] --------------------------------------------------------------------
[2015-10-19 08:50:23][debug] forword：0
[2015-10-19 08:53:34][debug] forword：0
[2015-10-19 08:53:34][debug] forword：0
[2015-10-19 08:53:50][debug] --------------------------------------------------------------------
[2015-10-19 08:53:50][debug] 授权成功！
[2015-10-19 08:53:50][debug] 微信用户信息：{"openid":"oXU1ruCEduU5piJRhMuytXQH9zVE","nickname":"欢欢","sex":1,"language":"zh_CN","city":"唐山","province":"河北","country":"中国","headimgurl":"http:\/\/wx.qlogo.cn\/mmopen\/McYMgia19V0VHxjnuPh5w6BK2OeP1CHGJL5zyiahvcGOJMG1ecCw3krFUIjnIZLG8FB6P7oHsdHGjkzgr6FLrGM9oVjftXVV2p\/0","privilege":[]}
[2015-10-19 08:53:50][debug] --------------------------------------------------------------------
[2015-10-19 08:53:50][debug] forword：0
[2015-10-19 08:53:51][debug] forword：0
[2015-10-19 08:54:25][debug] forword：0
[2015-10-19 08:56:02][debug] forword：0
[2015-10-19 08:56:02][debug] forword：0
[2015-10-19 09:07:19][debug] forword：0
[2015-10-19 13:20:45][debug] forword：0
[2015-10-19 13:20:46][debug] forword：0
[2015-10-19 13:20:46][debug] forword：0
[2015-10-19 13:20:57][debug] --------------------------------------------------------------------
[2015-10-19 13:20:57][debug] 授权成功！
[2015-10-19 13:20:57][debug] 微信用户信息：{"openid":"oXU1ruD6S2UcQ_NQ1UzH1mILjxzM","nickname":"等只有","sex":1,"language":"zh_CN","city":"巴中","province":"四川","country":"中国","headimgurl":"http:\/\/wx.qlogo.cn\/mmopen\/BcQRZIbPSiakUwYaGIy2U4R3zicLpdh1j4aMl0mbaIHYkgibicjeERfVHpwEC5FkTZYiaJNQO6a3x81HNJjS1vsF7mA60rVktWgpo\/0","privilege":[]}
[2015-10-19 13:20:57][debug] --------------------------------------------------------------------
[2015-10-19 13:20:58][debug] forword：0
[2015-10-19 13:21:15][debug] --------------------------------------------------------------------
[2015-10-19 13:21:15][debug] 授权成功！
[2015-10-19 13:21:15][debug] 微信用户信息：{"openid":"oXU1ruD6S2UcQ_NQ1UzH1mILjxzM","nickname":"等只有","sex":1,"language":"zh_CN","city":"巴中","province":"四川","country":"中国","headimgurl":"http:\/\/wx.qlogo.cn\/mmopen\/BcQRZIbPSiakUwYaGIy2U4R3zicLpdh1j4aMl0mbaIHYkgibicjeERfVHpwEC5FkTZYiaJNQO6a3x81HNJjS1vsF7mA60rVktWgpo\/0","privilege":[]}
[2015-10-19 13:21:15][debug] --------------------------------------------------------------------
[2015-10-19 13:21:16][debug] forword：0
[2015-10-19 13:22:16][debug] forword：0
[2015-10-19 13:56:18][debug] forword：0
[2015-10-19 13:56:30][debug] --------------------------------------------------------------------
[2015-10-19 13:56:30][debug] 授权成功！
[2015-10-19 13:56:30][debug] 微信用户信息：{"openid":"oXU1ruAnlZBfm0tvVYRZnBQmxGG4","nickname":"金博大制衣","sex":1,"language":"zh_CN","city":"保定","province":"河北","country":"中国","headimgurl":"http:\/\/wx.qlogo.cn\/mmopen\/Q3auHgzwzM6J2bzSPAibOe2MYR2PLgT01dUhy2d6dvAtV3icPUoibHy5hIoXQCznUWgpSibpu3VaGuN8o8rk2VHygQ\/0","privilege":[]}
[2015-10-19 13:56:30][debug] --------------------------------------------------------------------
[2015-10-19 14:49:55][debug] forword：0
[2015-10-19 14:49:55][debug] forword：0
[2015-10-19 14:50:10][debug] --------------------------------------------------------------------
[2015-10-19 14:50:10][debug] 授权成功！
[2015-10-19 14:50:10][debug] 微信用户信息：{"openid":"oXU1ruN_q0-Ovp2ySdlp6EDn2W8M","nickname":"快乐","sex":1,"language":"zh_CN","city":"唐山","province":"河北","country":"中国","headimgurl":"http:\/\/wx.qlogo.cn\/mmopen\/McYMgia19V0VcfmztRNibWf0vgchWK18fskAiahr6mjI66jRjfoqfaS6l5s9mm9au6FHGjuLRiaWnHV7M8vIuyME91ia9o4KwI8sN\/0","privilege":[]}
[2015-10-19 14:50:10][debug] --------------------------------------------------------------------
[2015-10-19 14:50:10][debug] forword：0
[2015-10-19 14:50:27][debug] forword：0
[2015-10-19 15:03:21][debug] forword：0
[2015-10-19 15:08:42][debug] forword：0
[2015-10-19 15:08:42][debug] forword：0
[2015-10-19 15:29:53][debug] forword：0
[2015-10-19 15:29:53][debug] forword：0
[2015-10-19 15:30:16][debug] --------------------------------------------------------------------
[2015-10-19 15:30:16][debug] 授权成功！
[2015-10-19 15:30:16][debug] 微信用户信息：{"openid":"oXU1ruPBM7Su2eOjIeKc0B2iUPEk","nickname":"沸羊羊","sex":1,"language":"zh_CN","city":"","province":"","country":"中国","headimgurl":"http:\/\/wx.qlogo.cn\/mmopen\/4tpkVGWUO5bpQFN2Bw5Wyd249Jo1ADdLXwY3mDDniaGcgIh2H4uXrfic0QH0IVYFibEFdCcF3udW0iblicoolb928Y9K1fRkibxyax\/0","privilege":[]}
[2015-10-19 15:30:16][debug] --------------------------------------------------------------------
[2015-10-19 15:30:19][debug] forword：0
[2015-10-19 15:30:20][debug] forword：0
[2015-10-19 15:33:37][debug] forword：0
[2015-10-19 15:34:42][debug] forword：0
[2015-10-19 16:24:58][debug] forword：0
[2015-10-19 16:25:01][debug] forword：0
[2015-10-19 16:25:16][debug] forword：0
[2015-10-19 16:25:21][debug] forword：0
