[2015-10-27 05:49:54][debug] forword：0
[2015-10-27 10:29:46][debug] forword：0
[2015-10-27 10:29:47][debug] forword：0
[2015-10-27 10:29:52][debug] --------------------------------------------------------------------
[2015-10-27 10:29:52][debug] 授权成功！
[2015-10-27 10:29:52][debug] 微信用户信息：{"openid":"oXU1ruEnUDjADcNd-Z5xnkrpO190","nickname":"独一无二","sex":1,"language":"zh_CN","city":"台州","province":"浙江","country":"中国","headimgurl":"http:\/\/wx.qlogo.cn\/mmopen\/McYMgia19V0VHxjnuPh5w6B3XGuDic5QlV6lmGgxAPdvK1b1AQVmH6pRUL7NnZfr6TFicICiaowj1icCicNByzRReSOcmOZOpBf9Yia\/0","privilege":[]}
[2015-10-27 10:29:52][debug] --------------------------------------------------------------------
[2015-10-27 10:29:53][debug] forword：0
[2015-10-27 10:29:53][debug] forword：0
[2015-10-27 10:30:27][debug] forword：0
[2015-10-27 10:30:27][debug] forword1111：0
[2015-10-27 10:30:27][debug] forword：0
[2015-10-27 10:30:27][debug] bargain_id----->0
[2015-10-27 10:30:27][debug] bargain_id----->
[2015-10-27 11:29:13][debug] forword：0
[2015-10-27 14:17:41][debug] forword：0
[2015-10-27 14:17:46][debug] --------------------------------------------------------------------
[2015-10-27 14:17:46][debug] 授权成功！
[2015-10-27 14:17:46][debug] 微信用户信息：{"openid":"oXU1ruDeoEkAfvKf0q-A7rhbPgks","nickname":"泗洲爱民","sex":1,"language":"zh_CN","city":"淮安","province":"江苏","country":"中国","headimgurl":"http:\/\/wx.qlogo.cn\/mmopen\/4tpkVGWUO5apianwQs5icZxDq8FokdsaAWbSSdFAQOo65ny9qnf9v047WGDDuWPRoIKNa4oCiaOdSwGh4RBxFhNx9JNVK0ZVpdy\/0","privilege":[]}
[2015-10-27 14:17:46][debug] --------------------------------------------------------------------
[2015-10-27 14:17:47][debug] forword：0
[2015-10-27 14:17:47][debug] forword：0
[2015-10-27 16:24:12][debug] forword：0
[2015-10-27 16:24:13][debug] forword：0
[2015-10-27 20:36:55][debug] forword：0
[2015-10-27 20:36:55][debug] forword：0
[2015-10-27 20:36:55][debug] forword：0
[2015-10-27 23:25:45][debug] forword：0
[2015-10-27 23:25:45][debug] forword：0
